info|2019-10-23 21:00:00.110842|[g:1][CONSENSUS]addRawPrepare,height=5,reqIdx=3,hash=e0b1bd26...
info|2019-10-23 21:00:00.111410|[g:1][CONSENSUS][PBFT]checkTimeout Succ,view=291,toView=292,nodeIdx=2,changeCycle=0,myNode=824ae14a...,timecost=0.388
info|2019-10-23 21:00:00.131335|[g:1][CONSENSUS][PBFT]checkAndChangeView: Reach consensus,org_view=291,org_changeCycle=0,cur_changeCycle=0,to_view=292
info|2019-10-23 21:00:01.190046|[g:1][CONSENSUS]addRawPrepare,height=5,reqIdx=0,hash=b1661b92...
info|2019-10-23 21:00:01.190440|[g:1][CONSENSUS][PBFT]checkTimeout Succ,view=292,toView=293,nodeIdx=2,changeCycle=0,myNode=824ae14a...,timecost=0.36
info|2019-10-23 21:00:01.193737|[g:1][CONSENSUS][PBFT]checkAndChangeView: Reach consensus,org_view=292,org_changeCycle=0,cur_changeCycle=0,to_view=293
info|2019-10-23 21:00:02.200303|[g:1][CONSENSUS]addRawPrepare,height=5,reqIdx=1,hash=c3e1675b...
info|2019-10-23 21:00:02.200623|[g:1][CONSENSUS][PBFT]checkTimeout Succ,view=293,toView=294,nodeIdx=2,changeCycle=0,myNode=824ae14a...,timecost=0.276
info|2019-10-23 21:00:02.205151|[g:1][CONSENSUS][PBFT]checkAndChangeView: Reach consensus,org_view=293,org_changeCycle=0,cur_changeCycle=0,to_view=294
info|2019-10-23 21:00:03.207958|[g:1][CONSENSUS][SEALER]++++++++++++++++ Generating seal on,blkNum=5,tx=0,nodeIdx=2,hash=8de45d39...
info|2019-10-23 21:00:03.229148|[g:1][CONSENSUS][PBFT]checkTimeout Succ,view=294,toView=295,nodeIdx=2,changeCycle=0,myNode=824ae14a...,timecost=0.724
info|2019-10-23 21:00:03.233236|[g:1][CONSENSUS][PBFT]checkAndChangeView: Reach consensus,org_view=294,org_changeCycle=0,cur_changeCycle=0,to_view=295
info|2019-10-23 21:00:04.244439|[g:1][CONSENSUS]addRawPrepare,height=5,reqIdx=3,hash=66d1783f...
info|2019-10-23 21:00:04.257539|[g:1][CONSENSUS][PBFT]checkTimeout Succ,view=295,toView=296,nodeIdx=2,changeCycle=0,myNode=824ae14a...,timecost=12.928
info|2019-10-23 21:00:04.265673|[g:1][CONSENSUS][PBFT]checkAndChangeView: Reach consensus,org_view=295,org_changeCycle=0,cur_changeCycle=0,to_view=296
info|2019-10-23 21:00:05.263305|[g:1][CONSENSUS]addRawPrepare,height=5,reqIdx=0,hash=5fd8f43d...
info|2019-10-23 21:00:05.263637|[g:1][CONSENSUS][PBFT]checkTimeout Succ,view=296,toView=297,nodeIdx=2,changeCycle=0,myNode=824ae14a...,timecost=0.303
info|2019-10-23 21:00:05.268771|[g:1][CONSENSUS][PBFT]checkAndChangeView: Reach consensus,org_view=296,org_changeCycle=0,cur_changeCycle=0,to_view=297
info|2019-10-23 21:00:06.274664|[g:1][CONSENSUS]addRawPrepare,height=5,reqIdx=1,hash=0d438a47...
info|2019-10-23 21:00:06.275358|[g:1][CONSENSUS][PBFT]checkTimeout Succ,view=297,toView=298,nodeIdx=2,changeCycle=0,myNode=824ae14a...,timecost=0.642
info|2019-10-23 21:00:06.278365|[g:1][CONSENSUS][PBFT]checkAndChangeView: Reach consensus,org_view=297,org_changeCycle=0,cur_changeCycle=0,to_view=298
info|2019-10-23 21:00:07.134097|[P2P][Service] heartBeat,connected count=3
info|2019-10-23 21:00:07.279543|[g:1][CONSENSUS][SEALER]++++++++++++++++ Generating seal on,blkNum=5,tx=0,nodeIdx=2,hash=1db56a36...
info|2019-10-23 21:00:07.299660|[g:1][CONSENSUS][PBFT]checkTimeout Succ,view=298,toView=299,nodeIdx=2,changeCycle=0,myNode=824ae14a...,timecost=0.687
info|2019-10-23 21:00:07.310611|[g:1][CONSENSUS][PBFT]checkAndChangeView: Reach consensus,org_view=298,org_changeCycle=0,cur_changeCycle=0,to_view=299
info|2019-10-23 21:00:08.308205|[g:1][CONSENSUS]addRawPrepare,height=5,reqIdx=3,hash=5a3906f6...
info|2019-10-23 21:00:08.308636|[g:1][CONSENSUS][PBFT]checkTimeout Succ,view=299,toView=300,nodeIdx=2,changeCycle=0,myNode=824ae14a...,timecost=0.26
info|2019-10-23 21:00:08.315202|[g:1][CONSENSUS][PBFT]checkAndChangeView: Reach consensus,org_view=299,org_changeCycle=0,cur_changeCycle=0,to_view=300
info|2019-10-23 21:00:09.324117|[g:1][CONSENSUS]addRawPrepare,height=5,reqIdx=0,hash=841cb2f6...
info|2019-10-23 21:00:09.328482|[g:1][CONSENSUS][PBFT]checkTimeout Succ,view=300,toView=301,nodeIdx=2,changeCycle=0,myNode=824ae14a...,timecost=3.395
info|2019-10-23 21:00:09.332063|[g:1][CONSENSUS][PBFT]checkAndChangeView: Reach consensus,org_view=300,org_changeCycle=0,cur_changeCycle=0,to_view=301
info|2019-10-23 21:00:10.347460|[g:1][CONSENSUS]addRawPrepare,height=5,reqIdx=1,hash=08e079c8...
info|2019-10-23 21:00:10.361514|[g:1][CONSENSUS][PBFT]checkTimeout Succ,view=301,toView=302,nodeIdx=2,changeCycle=0,myNode=824ae14a...,timecost=5.703
info|2019-10-23 21:00:10.367145|[g:1][CONSENSUS][PBFT]checkAndChangeView: Reach consensus,org_view=301,org_changeCycle=0,cur_changeCycle=0,to_view=302
info|2019-10-23 21:00:11.368364|[g:1][CONSENSUS][SEALER]++++++++++++++++ Generating seal on,blkNum=5,tx=0,nodeIdx=2,hash=a38b7a2e...
info|2019-10-23 21:00:11.378478|[g:1][CONSENSUS][PBFT]checkTimeout Succ,view=302,toView=303,nodeIdx=2,changeCycle=0,myNode=824ae14a...,timecost=0.45
info|2019-10-23 21:00:11.380328|[g:1][CONSENSUS][PBFT]checkAndChangeView: Reach consensus,org_view=302,org_changeCycle=0,cur_changeCycle=0,to_view=303
info|2019-10-23 21:00:12.380049|[g:1][CONSENSUS]addRawPrepare,height=5,reqIdx=3,hash=46825069...
info|2019-10-23 21:00:12.380720|[g:1][CONSENSUS][PBFT]checkTimeout Succ,view=303,toView=304,nodeIdx=2,changeCycle=0,myNode=824ae14a...,timecost=0.51
info|2019-10-23 21:00:12.395675|[g:1][CONSENSUS][PBFT]checkAndChangeView: Reach consensus,org_view=303,org_changeCycle=0,cur_changeCycle=0,to_view=304
info|2019-10-23 21:00:13.418932|[g:1][CONSENSUS]addRawPrepare,height=5,reqIdx=0,hash=2d42bbf1...
info|2019-10-23 21:00:13.423944|[g:1][CONSENSUS][PBFT]checkTimeout Succ,view=304,toView=305,nodeIdx=2,changeCycle=0,myNode=824ae14a...,timecost=4.891
info|2019-10-23 21:00:13.444766|[g:1][CONSENSUS][PBFT]checkAndChangeView: Reach consensus,org_view=304,org_changeCycle=0,cur_changeCycle=0,to_view=305
info|2019-10-23 21:00:14.461761|[g:1][CONSENSUS]addRawPrepare,height=5,reqIdx=1,hash=ca393750...
info|2019-10-23 21:00:14.468358|[g:1][CONSENSUS][PBFT]checkTimeout Succ,view=305,toView=306,nodeIdx=2,changeCycle=0,myNode=824ae14a...,timecost=5.814
info|2019-10-23 21:00:14.476171|[g:1][CONSENSUS][PBFT]checkAndChangeView: Reach consensus,org_view=305,org_changeCycle=0,cur_changeCycle=0,to_view=306
info|2019-10-23 21:00:15.477447|[g:1][CONSENSUS][SEALER]++++++++++++++++ Generating seal on,blkNum=5,tx=0,nodeIdx=2,hash=b4147dbe...
info|2019-10-23 21:00:15.490991|[g:1][CONSENSUS][PBFT]checkTimeout Succ,view=306,toView=307,nodeIdx=2,changeCycle=0,myNode=824ae14a...,timecost=0.25
info|2019-10-23 21:00:15.492226|[g:1][CONSENSUS][PBFT]checkAndChangeView: Reach consensus,org_view=306,org_changeCycle=0,cur_changeCycle=0,to_view=307
info|2019-10-23 21:00:16.492446|[g:1][CONSENSUS]addRawPrepare,height=5,reqIdx=3,hash=ae9abe8f...
info|2019-10-23 21:00:16.493161|[g:1][CONSENSUS][PBFT]checkTimeout Succ,view=307,toView=308,nodeIdx=2,changeCycle=0,myNode=824ae14a...,timecost=0.479
info|2019-10-23 21:00:16.502810|[g:1][CONSENSUS][PBFT]checkAndChangeView: Reach consensus,org_view=307,org_changeCycle=0,cur_changeCycle=0,to_view=308
info|2019-10-23 21:00:17.134296|[P2P][Service] heartBeat,connected count=3
info|2019-10-23 21:00:17.512408|[g:1][CONSENSUS]addRawPrepare,height=5,reqIdx=0,hash=8bc54b99...
info|2019-10-23 21:00:17.515346|[g:1][CONSENSUS][PBFT]checkTimeout Succ,view=308,toView=309,nodeIdx=2,changeCycle=0,myNode=824ae14a...,timecost=2.13
info|2019-10-23 21:00:17.516463|[g:1][CONSENSUS][PBFT]checkAndChangeView: Reach consensus,org_view=308,org_changeCycle=0,cur_changeCycle=0,to_view=309
info|2019-10-23 21:00:18.526289|[g:1][CONSENSUS]addRawPrepare,height=5,reqIdx=1,hash=845cd7d4...
info|2019-10-23 21:00:18.534218|[g:1][CONSENSUS][PBFT]checkTimeout Succ,view=309,toView=310,nodeIdx=2,changeCycle=0,myNode=824ae14a...,timecost=6.509
info|2019-10-23 21:00:18.536818|[g:1][CONSENSUS][PBFT]checkAndChangeView: Reach consensus,org_view=309,org_changeCycle=0,cur_changeCycle=0,to_view=310
info|2019-10-23 21:00:19.544427|[g:1][CONSENSUS][SEALER]++++++++++++++++ Generating seal on,blkNum=5,tx=0,nodeIdx=2,hash=11734dce...
info|2019-10-23 21:00:19.567581|[g:1][CONSENSUS][PBFT]checkTimeout Succ,view=310,toView=311,nodeIdx=2,changeCycle=0,myNode=824ae14a...,timecost=1.668
info|2019-10-23 21:00:19.576314|[g:1][CONSENSUS][PBFT]checkAndChangeView: Reach consensus,org_view=310,org_changeCycle=0,cur_changeCycle=0,to_view=311
info|2019-10-23 21:00:20.584932|[g:1][CONSENSUS]addRawPrepare,height=5,reqIdx=3,hash=45b9f7ba...
info|2019-10-23 21:00:20.595152|[g:1][CONSENSUS][PBFT]checkTimeout Succ,view=311,toView=312,nodeIdx=2,changeCycle=0,myNode=824ae14a...,timecost=5.201
info|2019-10-23 21:00:20.605938|[g:1][CONSENSUS][PBFT]checkAndChangeView: Reach consensus,org_view=311,org_changeCycle=0,cur_changeCycle=0,to_view=312
info|2019-10-23 21:00:21.622004|[g:1][CONSENSUS]addRawPrepare,height=5,reqIdx=0,hash=f2ebe390...
info|2019-10-23 21:00:21.664454|[g:1][CONSENSUS][PBFT]checkTimeout Succ,view=312,toView=313,nodeIdx=2,changeCycle=0,myNode=824ae14a...,timecost=36.093
info|2019-10-23 21:00:21.670771|[g:1][CONSENSUS][PBFT]checkAndChangeView: Reach consensus,org_view=312,org_changeCycle=0,cur_changeCycle=0,to_view=313
info|2019-10-23 21:00:22.687385|[g:1][CONSENSUS]addRawPrepare,height=5,reqIdx=1,hash=2cd713c7...
info|2019-10-23 21:00:22.696825|[g:1][CONSENSUS][PBFT]checkTimeout Succ,view=313,toView=314,nodeIdx=2,changeCycle=0,myNode=824ae14a...,timecost=9.295
info|2019-10-23 21:00:22.730954|[g:1][CONSENSUS][PBFT]checkAndChangeView: Reach consensus,org_view=313,org_changeCycle=0,cur_changeCycle=0,to_view=314
info|2019-10-23 21:00:23.734086|[g:1][CONSENSUS][SEALER]++++++++++++++++ Generating seal on,blkNum=5,tx=0,nodeIdx=2,hash=dd2212f9...
info|2019-10-23 21:00:23.755212|[g:1][CONSENSUS][PBFT]checkTimeout Succ,view=314,toView=315,nodeIdx=2,changeCycle=0,myNode=824ae14a...,timecost=0.629
info|2019-10-23 21:00:23.757709|[g:1][CONSENSUS][PBFT]checkAndChangeView: Reach consensus,org_view=314,org_changeCycle=0,cur_changeCycle=0,to_view=315
info|2019-10-23 21:00:24.783702|[g:1][CONSENSUS]addRawPrepare,height=5,reqIdx=3,hash=a38f4a1e...
info|2019-10-23 21:00:24.818961|[g:1][CONSENSUS][PBFT]checkTimeout Succ,view=315,toView=316,nodeIdx=2,changeCycle=0,myNode=824ae14a...,timecost=11.631
info|2019-10-23 21:00:24.885800|[g:1][CONSENSUS][PBFT]checkAndChangeView: Reach consensus,org_view=315,org_changeCycle=0,cur_changeCycle=0,to_view=316
info|2019-10-23 21:00:25.908451|[g:1][CONSENSUS]addRawPrepare,height=5,reqIdx=0,hash=1f4dd14b...
info|2019-10-23 21:00:25.956313|[g:1][CONSENSUS][PBFT]checkTimeout Succ,view=316,toView=317,nodeIdx=2,changeCycle=0,myNode=824ae14a...,timecost=30.748
info|2019-10-23 21:00:25.963022|[g:1][CONSENSUS][PBFT]checkAndChangeView: Reach consensus,org_view=316,org_changeCycle=0,cur_changeCycle=0,to_view=317
info|2019-10-23 21:00:26.958763|[g:1][CONSENSUS]addRawPrepare,height=5,reqIdx=1,hash=84174f12...
info|2019-10-23 21:00:26.962127|[g:1][CONSENSUS][PBFT]checkTimeout Succ,view=317,toView=318,nodeIdx=2,changeCycle=0,myNode=824ae14a...,timecost=3.308
info|2019-10-23 21:00:26.969009|[g:1][CONSENSUS][PBFT]checkAndChangeView: Reach consensus,org_view=317,org_changeCycle=0,cur_changeCycle=0,to_view=318
info|2019-10-23 21:00:27.134886|[P2P][Service] heartBeat,connected count=3
info|2019-10-23 21:00:27.977618|[g:1][CONSENSUS][SEALER]++++++++++++++++ Generating seal on,blkNum=5,tx=0,nodeIdx=2,hash=97dbe81a...
info|2019-10-23 21:00:27.989636|[g:1][CONSENSUS][PBFT]checkTimeout Succ,view=318,toView=319,nodeIdx=2,changeCycle=0,myNode=824ae14a...,timecost=0.322
info|2019-10-23 21:00:27.990865|[g:1][CONSENSUS][PBFT]checkAndChangeView: Reach consensus,org_view=318,org_changeCycle=0,cur_changeCycle=0,to_view=319
info|2019-10-23 21:00:28.994188|[g:1][CONSENSUS]addRawPrepare,height=5,reqIdx=3,hash=20d31b44...
info|2019-10-23 21:00:29.019387|[g:1][CONSENSUS][PBFT]checkTimeout Succ,view=319,toView=320,nodeIdx=2,changeCycle=0,myNode=824ae14a...,timecost=3.547
info|2019-10-23 21:00:29.037562|[g:1][CONSENSUS][PBFT]checkAndChangeView: Reach consensus,org_view=319,org_changeCycle=0,cur_changeCycle=0,to_view=320
info|2019-10-23 21:00:30.047997|[g:1][CONSENSUS]addRawPrepare,height=5,reqIdx=0,hash=3c2b3c8e...
info|2019-10-23 21:00:30.052021|[g:1][CONSENSUS][PBFT]checkTimeout Succ,view=320,toView=321,nodeIdx=2,changeCycle=0,myNode=824ae14a...,timecost=3.962
info|2019-10-23 21:00:30.068364|[g:1][CONSENSUS][PBFT]checkAndChangeView: Reach consensus,org_view=320,org_changeCycle=0,cur_changeCycle=0,to_view=321
info|2019-10-23 21:00:31.078835|[g:1][CONSENSUS]addRawPrepare,height=5,reqIdx=1,hash=d24244e8...
info|2019-10-23 21:00:31.084241|[g:1][CONSENSUS][PBFT]checkTimeout Succ,view=321,toView=322,nodeIdx=2,changeCycle=0,myNode=824ae14a...,timecost=5.344
info|2019-10-23 21:00:31.137993|[g:1][CONSENSUS][PBFT]checkAndChangeView: Reach consensus,org_view=321,org_changeCycle=0,cur_changeCycle=0,to_view=322
info|2019-10-23 21:00:32.140901|[g:1][CONSENSUS][SEALER]++++++++++++++++ Generating seal on,blkNum=5,tx=0,nodeIdx=2,hash=36972449...
info|2019-10-23 21:00:32.165760|[g:1][CONSENSUS][PBFT]checkTimeout Succ,view=322,toView=323,nodeIdx=2,changeCycle=0,myNode=824ae14a...,timecost=1.888
info|2019-10-23 21:00:32.169599|[g:1][CONSENSUS][PBFT]checkAndChangeView: Reach consensus,org_view=322,org_changeCycle=0,cur_changeCycle=0,to_view=323
info|2019-10-23 21:00:33.186476|[g:1][CONSENSUS]addRawPrepare,height=5,reqIdx=3,hash=684bcfa3...
info|2019-10-23 21:00:33.195486|[g:1][CONSENSUS][PBFT]checkTimeout Succ,view=323,toView=324,nodeIdx=2,changeCycle=0,myNode=824ae14a...,timecost=8.782
info|2019-10-23 21:00:33.210991|[g:1][CONSENSUS][PBFT]checkAndChangeView: Reach consensus,org_view=323,org_changeCycle=0,cur_changeCycle=0,to_view=324
info|2019-10-23 21:00:34.227562|[g:1][CONSENSUS]addRawPrepare,height=5,reqIdx=0,hash=2868e315...
info|2019-10-23 21:00:34.236028|[g:1][CONSENSUS][PBFT]checkTimeout Succ,view=324,toView=325,nodeIdx=2,changeCycle=0,myNode=824ae14a...,timecost=6.148
info|2019-10-23 21:00:34.263093|[g:1][CONSENSUS][PBFT]checkAndChangeView: Reach consensus,org_view=324,org_changeCycle=0,cur_changeCycle=0,to_view=325
info|2019-10-23 21:00:35.265815|[g:1][CONSENSUS]addRawPrepare,height=5,reqIdx=1,hash=4790bbd2...
info|2019-10-23 21:00:35.274019|[g:1][CONSENSUS][PBFT]checkTimeout Succ,view=325,toView=326,nodeIdx=2,changeCycle=0,myNode=824ae14a...,timecost=7.954
info|2019-10-23 21:00:35.292667|[g:1][CONSENSUS][PBFT]checkAndChangeView: Reach consensus,org_view=325,org_changeCycle=0,cur_changeCycle=0,to_view=326
info|2019-10-23 21:00:36.297059|[g:1][CONSENSUS][SEALER]++++++++++++++++ Generating seal on,blkNum=5,tx=0,nodeIdx=2,hash=50e9f4ec...
info|2019-10-23 21:00:36.321409|[g:1][CONSENSUS][PBFT]checkTimeout Succ,view=326,toView=327,nodeIdx=2,changeCycle=0,myNode=824ae14a...,timecost=0.646
info|2019-10-23 21:00:36.326984|[g:1][CONSENSUS][PBFT]checkAndChangeView: Reach consensus,org_view=326,org_changeCycle=0,cur_changeCycle=0,to_view=327
info|2019-10-23 21:00:37.135819|[P2P][Service] heartBeat,connected count=3
info|2019-10-23 21:00:37.344151|[g:1][CONSENSUS]addRawPrepare,height=5,reqIdx=3,hash=74087950...
info|2019-10-23 21:00:37.370336|[g:1][CONSENSUS][PBFT]checkTimeout Succ,view=327,toView=328,nodeIdx=2,changeCycle=0,myNode=824ae14a...,timecost=17.24
info|2019-10-23 21:00:37.391462|[g:1][CONSENSUS][PBFT]checkAndChangeView: Reach consensus,org_view=327,org_changeCycle=0,cur_changeCycle=0,to_view=328
info|2019-10-23 21:00:38.403678|[g:1][CONSENSUS]addRawPrepare,height=5,reqIdx=0,hash=f988e6dc...
info|2019-10-23 21:00:38.410430|[g:1][CONSENSUS][PBFT]checkTimeout Succ,view=328,toView=329,nodeIdx=2,changeCycle=0,myNode=824ae14a...,timecost=6.672
info|2019-10-23 21:00:38.434108|[g:1][CONSENSUS][PBFT]checkAndChangeView: Reach consensus,org_view=328,org_changeCycle=0,cur_changeCycle=0,to_view=329
info|2019-10-23 21:00:39.437615|[g:1][CONSENSUS]addRawPrepare,height=5,reqIdx=1,hash=76f3be7e...
info|2019-10-23 21:00:39.448760|[g:1][CONSENSUS][PBFT]checkTimeout Succ,view=329,toView=330,nodeIdx=2,changeCycle=0,myNode=824ae14a...,timecost=10.609
info|2019-10-23 21:00:39.471353|[g:1][CONSENSUS][PBFT]checkAndChangeView: Reach consensus,org_view=329,org_changeCycle=0,cur_changeCycle=0,to_view=330
info|2019-10-23 21:00:40.477503|[g:1][CONSENSUS][SEALER]++++++++++++++++ Generating seal on,blkNum=5,tx=0,nodeIdx=2,hash=3018cd12...
info|2019-10-23 21:00:40.506566|[g:1][CONSENSUS][PBFT]checkTimeout Succ,view=330,toView=331,nodeIdx=2,changeCycle=0,myNode=824ae14a...,timecost=0.748
info|2019-10-23 21:00:40.515664|[g:1][CONSENSUS][PBFT]checkAndChangeView: Reach consensus,org_view=330,org_changeCycle=0,cur_changeCycle=0,to_view=331
info|2019-10-23 21:00:41.527303|[g:1][CONSENSUS]addRawPrepare,height=5,reqIdx=3,hash=1877c693...
info|2019-10-23 21:00:41.527873|[g:1][CONSENSUS][PBFT]checkTimeout Succ,view=331,toView=332,nodeIdx=2,changeCycle=0,myNode=824ae14a...,timecost=0.43
info|2019-10-23 21:00:41.539840|[g:1][CONSENSUS][PBFT]checkAndChangeView: Reach consensus,org_view=331,org_changeCycle=0,cur_changeCycle=0,to_view=332
info|2019-10-23 21:00:42.549098|[g:1][CONSENSUS]addRawPrepare,height=5,reqIdx=0,hash=b9f0ced7...
info|2019-10-23 21:00:42.549431|[g:1][CONSENSUS][PBFT]checkTimeout Succ,view=332,toView=333,nodeIdx=2,changeCycle=0,myNode=824ae14a...,timecost=0.296
info|2019-10-23 21:00:42.556030|[g:1][CONSENSUS][PBFT]checkAndChangeView: Reach consensus,org_view=332,org_changeCycle=0,cur_changeCycle=0,to_view=333
info|2019-10-23 21:00:43.559877|[g:1][CONSENSUS]addRawPrepare,height=5,reqIdx=1,hash=94bc0a1d...
info|2019-10-23 21:00:43.560175|[g:1][CONSENSUS][PBFT]checkTimeout Succ,view=333,toView=334,nodeIdx=2,changeCycle=0,myNode=824ae14a...,timecost=0.256
info|2019-10-23 21:00:43.563414|[g:1][CONSENSUS][PBFT]checkAndChangeView: Reach consensus,org_view=333,org_changeCycle=0,cur_changeCycle=0,to_view=334
info|2019-10-23 21:00:44.564698|[g:1][CONSENSUS][SEALER]++++++++++++++++ Generating seal on,blkNum=5,tx=0,nodeIdx=2,hash=c0d253de...
info|2019-10-23 21:00:44.576673|[g:1][CONSENSUS][PBFT]checkTimeout Succ,view=334,toView=335,nodeIdx=2,changeCycle=0,myNode=824ae14a...,timecost=0.429
info|2019-10-23 21:00:44.578754|[g:1][CONSENSUS][PBFT]checkAndChangeView: Reach consensus,org_view=334,org_changeCycle=0,cur_changeCycle=0,to_view=335
info|2019-10-23 21:00:45.577136|[g:1][CONSENSUS]addRawPrepare,height=5,reqIdx=3,hash=01fe4ef8...
info|2019-10-23 21:00:45.577877|[g:1][CONSENSUS][PBFT]checkTimeout Succ,view=335,toView=336,nodeIdx=2,changeCycle=0,myNode=824ae14a...,timecost=0.564
info|2019-10-23 21:00:45.597195|[g:1][CONSENSUS][PBFT]checkAndChangeView: Reach consensus,org_view=335,org_changeCycle=0,cur_changeCycle=0,to_view=336
info|2019-10-23 21:00:46.607204|[g:1][CONSENSUS]addRawPrepare,height=5,reqIdx=0,hash=08606903...
info|2019-10-23 21:00:46.610300|[g:1][CONSENSUS][PBFT]checkTimeout Succ,view=336,toView=337,nodeIdx=2,changeCycle=0,myNode=824ae14a...,timecost=3.006
info|2019-10-23 21:00:46.617633|[g:1][CONSENSUS][PBFT]checkAndChangeView: Reach consensus,org_view=336,org_changeCycle=0,cur_changeCycle=0,to_view=337
info|2019-10-23 21:00:47.136071|[P2P][Service] heartBeat,connected count=3
info|2019-10-23 21:00:47.634740|[g:1][CONSENSUS]addRawPrepare,height=5,reqIdx=1,hash=68389afb...
info|2019-10-23 21:00:47.658978|[g:1][CONSENSUS][PBFT]checkTimeout Succ,view=337,toView=338,nodeIdx=2,changeCycle=0,myNode=824ae14a...,timecost=23.841
info|2019-10-23 21:00:47.677640|[g:1][CONSENSUS][PBFT]checkAndChangeView: Reach consensus,org_view=337,org_changeCycle=0,cur_changeCycle=0,to_view=338
info|2019-10-23 21:00:48.679718|[g:1][CONSENSUS][SEALER]++++++++++++++++ Generating seal on,blkNum=5,tx=0,nodeIdx=2,hash=ea733912...
info|2019-10-23 21:00:48.689497|[g:1][CONSENSUS][PBFT]checkTimeout Succ,view=338,toView=339,nodeIdx=2,changeCycle=0,myNode=824ae14a...,timecost=0.292
info|2019-10-23 21:00:48.692520|[g:1][CONSENSUS][PBFT]checkAndChangeView: Reach consensus,org_view=338,org_changeCycle=0,cur_changeCycle=0,to_view=339
info|2019-10-23 21:00:49.690141|[g:1][CONSENSUS]addRawPrepare,height=5,reqIdx=3,hash=8a7b0bdf...
info|2019-10-23 21:00:49.696119|[g:1][CONSENSUS][PBFT]checkTimeout Succ,view=339,toView=340,nodeIdx=2,changeCycle=0,myNode=824ae14a...,timecost=5.742
info|2019-10-23 21:00:49.701250|[g:1][CONSENSUS][PBFT]checkAndChangeView: Reach consensus,org_view=339,org_changeCycle=0,cur_changeCycle=0,to_view=340
info|2019-10-23 21:00:50.704060|[g:1][CONSENSUS]addRawPrepare,height=5,reqIdx=0,hash=3b357271...
info|2019-10-23 21:00:50.706821|[g:1][CONSENSUS][PBFT]checkTimeout Succ,view=340,toView=341,nodeIdx=2,changeCycle=0,myNode=824ae14a...,timecost=2.652
info|2019-10-23 21:00:50.722699|[g:1][CONSENSUS][PBFT]checkAndChangeView: Reach consensus,org_view=340,org_changeCycle=0,cur_changeCycle=0,to_view=341
info|2019-10-23 21:00:51.712401|[g:1][CONSENSUS]addRawPrepare,height=5,reqIdx=1,hash=6de1b859...
info|2019-10-23 21:00:51.712917|[g:1][CONSENSUS][PBFT]checkTimeout Succ,view=341,toView=342,nodeIdx=2,changeCycle=0,myNode=824ae14a...,timecost=0.483
info|2019-10-23 21:00:51.717478|[g:1][CONSENSUS][PBFT]checkAndChangeView: Reach consensus,org_view=341,org_changeCycle=0,cur_changeCycle=0,to_view=342
info|2019-10-23 21:00:52.719450|[g:1][CONSENSUS][SEALER]++++++++++++++++ Generating seal on,blkNum=5,tx=0,nodeIdx=2,hash=fa233f17...
info|2019-10-23 21:00:52.735558|[g:1][CONSENSUS][PBFT]checkTimeout Succ,view=342,toView=343,nodeIdx=2,changeCycle=0,myNode=824ae14a...,timecost=0.396
info|2019-10-23 21:00:52.740622|[g:1][CONSENSUS][PBFT]checkAndChangeView: Reach consensus,org_view=342,org_changeCycle=0,cur_changeCycle=0,to_view=343
info|2019-10-23 21:00:53.740147|[g:1][CONSENSUS]addRawPrepare,height=5,reqIdx=3,hash=5524f8b9...
info|2019-10-23 21:00:53.768644|[g:1][CONSENSUS][PBFT]checkTimeout Succ,view=343,toView=344,nodeIdx=2,changeCycle=0,myNode=824ae14a...,timecost=3.222
info|2019-10-23 21:00:53.793549|[g:1][CONSENSUS][PBFT]checkAndChangeView: Reach consensus,org_view=343,org_changeCycle=0,cur_changeCycle=0,to_view=344
info|2019-10-23 21:00:54.804603|[g:1][CONSENSUS]addRawPrepare,height=5,reqIdx=0,hash=4163c5b2...
info|2019-10-23 21:00:54.811628|[g:1][CONSENSUS][PBFT]checkTimeout Succ,view=344,toView=345,nodeIdx=2,changeCycle=0,myNode=824ae14a...,timecost=5.382
info|2019-10-23 21:00:54.833359|[g:1][CONSENSUS][PBFT]checkAndChangeView: Reach consensus,org_view=344,org_changeCycle=0,cur_changeCycle=0,to_view=345
info|2019-10-23 21:00:55.839967|[g:1][CONSENSUS]addRawPrepare,height=5,reqIdx=1,hash=5469c118...
info|2019-10-23 21:00:55.842768|[g:1][CONSENSUS][PBFT]checkTimeout Succ,view=345,toView=346,nodeIdx=2,changeCycle=0,myNode=824ae14a...,timecost=2.737
info|2019-10-23 21:00:55.854665|[g:1][CONSENSUS][PBFT]checkAndChangeView: Reach consensus,org_view=345,org_changeCycle=0,cur_changeCycle=0,to_view=346
info|2019-10-23 21:00:56.859234|[g:1][CONSENSUS][SEALER]++++++++++++++++ Generating seal on,blkNum=5,tx=0,nodeIdx=2,hash=978d8eda...
info|2019-10-23 21:00:56.876791|[g:1][CONSENSUS][PBFT]checkTimeout Succ,view=346,toView=347,nodeIdx=2,changeCycle=0,myNode=824ae14a...,timecost=0.515
info|2019-10-23 21:00:56.881092|[g:1][CONSENSUS][PBFT]checkAndChangeView: Reach consensus,org_view=346,org_changeCycle=0,cur_changeCycle=0,to_view=347
info|2019-10-23 21:00:57.137056|[P2P][Service] heartBeat,connected count=3
info|2019-10-23 21:00:57.875017|[g:1][CONSENSUS]addRawPrepare,height=5,reqIdx=3,hash=e76a13f5...
info|2019-10-23 21:00:57.875528|[g:1][CONSENSUS][PBFT]checkTimeout Succ,view=347,toView=348,nodeIdx=2,changeCycle=0,myNode=824ae14a...,timecost=0.353
info|2019-10-23 21:00:57.885999|[g:1][CONSENSUS][PBFT]checkAndChangeView: Reach consensus,org_view=347,org_changeCycle=0,cur_changeCycle=0,to_view=348
info|2019-10-23 21:00:58.889071|[g:1][CONSENSUS]addRawPrepare,height=5,reqIdx=0,hash=6f2093f7...
info|2019-10-23 21:00:58.889407|[g:1][CONSENSUS][PBFT]checkTimeout Succ,view=348,toView=349,nodeIdx=2,changeCycle=0,myNode=824ae14a...,timecost=0.271
info|2019-10-23 21:00:58.893047|[g:1][CONSENSUS][PBFT]checkAndChangeView: Reach consensus,org_view=348,org_changeCycle=0,cur_changeCycle=0,to_view=349
info|2019-10-23 21:00:59.897049|[g:1][CONSENSUS]addRawPrepare,height=5,reqIdx=1,hash=edfb041a...
info|2019-10-23 21:00:59.897585|[g:1][CONSENSUS][PBFT]checkTimeout Succ,view=349,toView=350,nodeIdx=2,changeCycle=0,myNode=824ae14a...,timecost=0.495
info|2019-10-23 21:00:59.902505|[g:1][CONSENSUS][PBFT]checkAndChangeView: Reach consensus,org_view=349,org_changeCycle=0,cur_changeCycle=0,to_view=350
info|2019-10-23 21:01:00.903683|[g:1][CONSENSUS][SEALER]++++++++++++++++ Generating seal on,blkNum=5,tx=0,nodeIdx=2,hash=f3ad711d...
info|2019-10-23 21:01:00.928856|[g:1][CONSENSUS][PBFT]checkTimeout Succ,view=350,toView=351,nodeIdx=2,changeCycle=0,myNode=824ae14a...,timecost=0.307
info|2019-10-23 21:01:00.931458|[g:1][CONSENSUS][PBFT]checkAndChangeView: Reach consensus,org_view=350,org_changeCycle=0,cur_changeCycle=0,to_view=351
info|2019-10-23 21:01:01.933232|[g:1][CONSENSUS]addRawPrepare,height=5,reqIdx=3,hash=ec132fd3...
info|2019-10-23 21:01:01.933584|[g:1][CONSENSUS][PBFT]checkTimeout Succ,view=351,toView=352,nodeIdx=2,changeCycle=0,myNode=824ae14a...,timecost=0.275
info|2019-10-23 21:01:01.938205|[g:1][CONSENSUS][PBFT]checkAndChangeView: Reach consensus,org_view=351,org_changeCycle=0,cur_changeCycle=0,to_view=352
info|2019-10-23 21:01:02.943337|[g:1][CONSENSUS]addRawPrepare,height=5,reqIdx=0,hash=8f497a85...
info|2019-10-23 21:01:02.943831|[g:1][CONSENSUS][PBFT]checkTimeout Succ,view=352,toView=353,nodeIdx=2,changeCycle=0,myNode=824ae14a...,timecost=0.458
info|2019-10-23 21:01:02.949840|[g:1][CONSENSUS][PBFT]checkAndChangeView: Reach consensus,org_view=352,org_changeCycle=0,cur_changeCycle=0,to_view=353
info|2019-10-23 21:01:03.953223|[g:1][CONSENSUS]addRawPrepare,height=5,reqIdx=1,hash=a86b9e01...
info|2019-10-23 21:01:03.953474|[g:1][CONSENSUS][PBFT]checkTimeout Succ,view=353,toView=354,nodeIdx=2,changeCycle=0,myNode=824ae14a...,timecost=0.226
info|2019-10-23 21:01:03.955346|[g:1][CONSENSUS][PBFT]checkAndChangeView: Reach consensus,org_view=353,org_changeCycle=0,cur_changeCycle=0,to_view=354
info|2019-10-23 21:01:04.955379|[g:1][CONSENSUS][SEALER]++++++++++++++++ Generating seal on,blkNum=5,tx=0,nodeIdx=2,hash=96892122...
info|2019-10-23 21:01:04.975965|[g:1][CONSENSUS][PBFT]checkTimeout Succ,view=354,toView=355,nodeIdx=2,changeCycle=0,myNode=824ae14a...,timecost=0.616
info|2019-10-23 21:01:04.979262|[g:1][CONSENSUS][PBFT]checkAndChangeView: Reach consensus,org_view=354,org_changeCycle=0,cur_changeCycle=0,to_view=355
info|2019-10-23 21:01:05.982173|[g:1][CONSENSUS]addRawPrepare,height=5,reqIdx=3,hash=362f88e5...
info|2019-10-23 21:01:05.982559|[g:1][CONSENSUS][PBFT]checkTimeout Succ,view=355,toView=356,nodeIdx=2,changeCycle=0,myNode=824ae14a...,timecost=0.285
info|2019-10-23 21:01:05.989083|[g:1][CONSENSUS][PBFT]checkAndChangeView: Reach consensus,org_view=355,org_changeCycle=0,cur_changeCycle=0,to_view=356
info|2019-10-23 21:01:07.007490|[g:1][CONSENSUS]addRawPrepare,height=5,reqIdx=0,hash=7be0852d...
info|2019-10-23 21:01:07.025214|[g:1][CONSENSUS][PBFT]checkTimeout Succ,view=356,toView=357,nodeIdx=2,changeCycle=0,myNode=824ae14a...,timecost=17.465
info|2019-10-23 21:01:07.058193|[g:1][CONSENSUS][PBFT]checkAndChangeView: Reach consensus,org_view=356,org_changeCycle=0,cur_changeCycle=0,to_view=357
info|2019-10-23 21:01:07.137404|[P2P][Service] heartBeat,connected count=3
info|2019-10-23 21:01:08.068942|[g:1][CONSENSUS]addRawPrepare,height=5,reqIdx=1,hash=de478514...
info|2019-10-23 21:01:08.070829|[g:1][CONSENSUS][PBFT]checkTimeout Succ,view=357,toView=358,nodeIdx=2,changeCycle=0,myNode=824ae14a...,timecost=1.847
info|2019-10-23 21:01:08.071994|[g:1][CONSENSUS][PBFT]checkAndChangeView: Reach consensus,org_view=357,org_changeCycle=0,cur_changeCycle=0,to_view=358
info|2019-10-23 21:01:09.072672|[g:1][CONSENSUS][SEALER]++++++++++++++++ Generating seal on,blkNum=5,tx=0,nodeIdx=2,hash=cfab1543...
info|2019-10-23 21:01:09.088975|[g:1][CONSENSUS][PBFT]checkTimeout Succ,view=358,toView=359,nodeIdx=2,changeCycle=0,myNode=824ae14a...,timecost=0.309
info|2019-10-23 21:01:09.091391|[g:1][CONSENSUS][PBFT]checkAndChangeView: Reach consensus,org_view=358,org_changeCycle=0,cur_changeCycle=0,to_view=359
info|2019-10-23 21:01:10.104607|[g:1][CONSENSUS]addRawPrepare,height=5,reqIdx=3,hash=cc5d7409...
info|2019-10-23 21:01:10.155537|[g:1][CONSENSUS][PBFT]checkTimeout Succ,view=359,toView=360,nodeIdx=2,changeCycle=0,myNode=824ae14a...,timecost=31.861
info|2019-10-23 21:01:10.188172|[g:1][CONSENSUS][PBFT]checkAndChangeView: Reach consensus,org_view=359,org_changeCycle=0,cur_changeCycle=0,to_view=360
info|2019-10-23 21:01:11.206764|[g:1][CONSENSUS]addRawPrepare,height=5,reqIdx=0,hash=7c97da77...
info|2019-10-23 21:01:11.235820|[g:1][CONSENSUS][PBFT]checkTimeout Succ,view=360,toView=361,nodeIdx=2,changeCycle=0,myNode=824ae14a...,timecost=23.606
info|2019-10-23 21:01:11.258083|[g:1][CONSENSUS][PBFT]checkAndChangeView: Reach consensus,org_view=360,org_changeCycle=0,cur_changeCycle=0,to_view=361
info|2019-10-23 21:01:12.269987|[g:1][CONSENSUS]addRawPrepare,height=5,reqIdx=1,hash=cfe01aa2...
info|2019-10-23 21:01:12.288295|[g:1][CONSENSUS][PBFT]checkTimeout Succ,view=361,toView=362,nodeIdx=2,changeCycle=0,myNode=824ae14a...,timecost=16.629
info|2019-10-23 21:01:12.303474|[g:1][CONSENSUS][PBFT]checkAndChangeView: Reach consensus,org_view=361,org_changeCycle=0,cur_changeCycle=0,to_view=362
info|2019-10-23 21:01:13.306873|[g:1][CONSENSUS][SEALER]++++++++++++++++ Generating seal on,blkNum=5,tx=0,nodeIdx=2,hash=ae5deaa4...
info|2019-10-23 21:01:13.328298|[g:1][CONSENSUS][PBFT]checkTimeout Succ,view=362,toView=363,nodeIdx=2,changeCycle=0,myNode=824ae14a...,timecost=1.116
info|2019-10-23 21:01:13.332073|[g:1][CONSENSUS][PBFT]checkAndChangeView: Reach consensus,org_view=362,org_changeCycle=0,cur_changeCycle=0,to_view=363
info|2019-10-23 21:01:14.336779|[g:1][CONSENSUS]addRawPrepare,height=5,reqIdx=3,hash=f81c66cd...
info|2019-10-23 21:01:14.337115|[g:1][CONSENSUS][PBFT]checkTimeout Succ,view=363,toView=364,nodeIdx=2,changeCycle=0,myNode=824ae14a...,timecost=0.251
info|2019-10-23 21:01:14.346588|[g:1][CONSENSUS][PBFT]checkAndChangeView: Reach consensus,org_view=363,org_changeCycle=0,cur_changeCycle=0,to_view=364
info|2019-10-23 21:01:15.353025|[g:1][CONSENSUS]addRawPrepare,height=5,reqIdx=0,hash=5d19344e...
info|2019-10-23 21:01:15.353329|[g:1][CONSENSUS][PBFT]checkTimeout Succ,view=364,toView=365,nodeIdx=2,changeCycle=0,myNode=824ae14a...,timecost=0.252
info|2019-10-23 21:01:15.354394|[g:1][CONSENSUS][PBFT]checkAndChangeView: Reach consensus,org_view=364,org_changeCycle=0,cur_changeCycle=0,to_view=365
info|2019-10-23 21:01:16.360633|[g:1][CONSENSUS]addRawPrepare,height=5,reqIdx=1,hash=2583a004...
info|2019-10-23 21:01:16.361184|[g:1][CONSENSUS][PBFT]checkTimeout Succ,view=365,toView=366,nodeIdx=2,changeCycle=0,myNode=824ae14a...,timecost=0.486
info|2019-10-23 21:01:16.366665|[g:1][CONSENSUS][PBFT]checkAndChangeView: Reach consensus,org_view=365,org_changeCycle=0,cur_changeCycle=0,to_view=366
info|2019-10-23 21:01:17.137844|[P2P][Service] heartBeat,connected count=3
info|2019-10-23 21:01:17.368796|[g:1][CONSENSUS][SEALER]++++++++++++++++ Generating seal on,blkNum=5,tx=0,nodeIdx=2,hash=cd8628ea...
info|2019-10-23 21:01:17.378195|[g:1][CONSENSUS][PBFT]checkTimeout Succ,view=366,toView=367,nodeIdx=2,changeCycle=0,myNode=824ae14a...,timecost=0.471
info|2019-10-23 21:01:17.380795|[g:1][CONSENSUS][PBFT]checkAndChangeView: Reach consensus,org_view=366,org_changeCycle=0,cur_changeCycle=0,to_view=367
info|2019-10-23 21:01:18.380536|[g:1][CONSENSUS]addRawPrepare,height=5,reqIdx=3,hash=5f1fef2b...
info|2019-10-23 21:01:18.392415|[g:1][CONSENSUS][PBFT]checkTimeout Succ,view=367,toView=368,nodeIdx=2,changeCycle=0,myNode=824ae14a...,timecost=2.953
info|2019-10-23 21:01:18.403691|[g:1][CONSENSUS][PBFT]checkAndChangeView: Reach consensus,org_view=367,org_changeCycle=0,cur_changeCycle=0,to_view=368
info|2019-10-23 21:01:19.417213|[g:1][CONSENSUS]addRawPrepare,height=5,reqIdx=0,hash=9285d069...
info|2019-10-23 21:01:19.426399|[g:1][CONSENSUS][PBFT]checkTimeout Succ,view=368,toView=369,nodeIdx=2,changeCycle=0,myNode=824ae14a...,timecost=8.018
info|2019-10-23 21:01:19.439783|[g:1][CONSENSUS][PBFT]checkAndChangeView: Reach consensus,org_view=368,org_changeCycle=0,cur_changeCycle=0,to_view=369
info|2019-10-23 21:01:20.449046|[g:1][CONSENSUS]addRawPrepare,height=5,reqIdx=1,hash=f1684485...
info|2019-10-23 21:01:20.449458|[g:1][CONSENSUS][PBFT]checkTimeout Succ,view=369,toView=370,nodeIdx=2,changeCycle=0,myNode=824ae14a...,timecost=0.383
info|2019-10-23 21:01:20.452704|[g:1][CONSENSUS][PBFT]checkAndChangeView: Reach consensus,org_view=369,org_changeCycle=0,cur_changeCycle=0,to_view=370
info|2019-10-23 21:01:21.455126|[g:1][CONSENSUS][SEALER]++++++++++++++++ Generating seal on,blkNum=5,tx=0,nodeIdx=2,hash=51b7316e...
info|2019-10-23 21:01:21.478823|[g:1][CONSENSUS][PBFT]checkTimeout Succ,view=370,toView=371,nodeIdx=2,changeCycle=0,myNode=824ae14a...,timecost=0.948
info|2019-10-23 21:01:21.483560|[g:1][CONSENSUS][PBFT]checkAndChangeView: Reach consensus,org_view=370,org_changeCycle=0,cur_changeCycle=0,to_view=371
info|2019-10-23 21:01:22.499328|[g:1][CONSENSUS]addRawPrepare,height=5,reqIdx=3,hash=cb74123d...
info|2019-10-23 21:01:22.504425|[g:1][CONSENSUS][PBFT]checkTimeout Succ,view=371,toView=372,nodeIdx=2,changeCycle=0,myNode=824ae14a...,timecost=4.94
info|2019-10-23 21:01:22.509849|[g:1][CONSENSUS][PBFT]checkAndChangeView: Reach consensus,org_view=371,org_changeCycle=0,cur_changeCycle=0,to_view=372
info|2019-10-23 21:01:23.516715|[g:1][CONSENSUS]addRawPrepare,height=5,reqIdx=0,hash=c1ff2cc9...
info|2019-10-23 21:01:23.517053|[g:1][CONSENSUS][PBFT]checkTimeout Succ,view=372,toView=373,nodeIdx=2,changeCycle=0,myNode=824ae14a...,timecost=0.308
info|2019-10-23 21:01:23.518698|[g:1][CONSENSUS][PBFT]checkAndChangeView: Reach consensus,org_view=372,org_changeCycle=0,cur_changeCycle=0,to_view=373
info|2019-10-23 21:01:24.525819|[g:1][CONSENSUS]addRawPrepare,height=5,reqIdx=1,hash=07e5b7f4...
info|2019-10-23 21:01:24.526323|[g:1][CONSENSUS][PBFT]checkTimeout Succ,view=373,toView=374,nodeIdx=2,changeCycle=0,myNode=824ae14a...,timecost=0.459
info|2019-10-23 21:01:24.530060|[g:1][CONSENSUS][PBFT]checkAndChangeView: Reach consensus,org_view=373,org_changeCycle=0,cur_changeCycle=0,to_view=374
info|2019-10-23 21:01:25.530392|[g:1][CONSENSUS][SEALER]++++++++++++++++ Generating seal on,blkNum=5,tx=0,nodeIdx=2,hash=54bb685d...
info|2019-10-23 21:01:25.542882|[g:1][CONSENSUS][PBFT]checkTimeout Succ,view=374,toView=375,nodeIdx=2,changeCycle=0,myNode=824ae14a...,timecost=0.296
info|2019-10-23 21:01:25.544373|[g:1][CONSENSUS][PBFT]checkAndChangeView: Reach consensus,org_view=374,org_changeCycle=0,cur_changeCycle=0,to_view=375
info|2019-10-23 21:01:26.544147|[g:1][CONSENSUS]addRawPrepare,height=5,reqIdx=3,hash=32650c9e...
info|2019-10-23 21:01:26.544727|[g:1][CONSENSUS][PBFT]checkTimeout Succ,view=375,toView=376,nodeIdx=2,changeCycle=0,myNode=824ae14a...,timecost=0.457
info|2019-10-23 21:01:26.555763|[g:1][CONSENSUS][PBFT]checkAndChangeView: Reach consensus,org_view=375,org_changeCycle=0,cur_changeCycle=0,to_view=376
info|2019-10-23 21:01:27.137978|[P2P][Service] heartBeat,connected count=3
info|2019-10-23 21:01:27.563559|[g:1][CONSENSUS]addRawPrepare,height=5,reqIdx=0,hash=c228b351...
info|2019-10-23 21:01:27.569512|[g:1][CONSENSUS][PBFT]checkTimeout Succ,view=376,toView=377,nodeIdx=2,changeCycle=0,myNode=824ae14a...,timecost=5.759
info|2019-10-23 21:01:27.587712|[g:1][CONSENSUS][PBFT]checkAndChangeView: Reach consensus,org_view=376,org_changeCycle=0,cur_changeCycle=0,to_view=377
info|2019-10-23 21:01:28.593655|[g:1][CONSENSUS]addRawPrepare,height=5,reqIdx=1,hash=594efd6c...
info|2019-10-23 21:01:28.602632|[g:1][CONSENSUS][PBFT]checkTimeout Succ,view=377,toView=378,nodeIdx=2,changeCycle=0,myNode=824ae14a...,timecost=8.792
info|2019-10-23 21:01:28.623743|[g:1][CONSENSUS][PBFT]checkAndChangeView: Reach consensus,org_view=377,org_changeCycle=0,cur_changeCycle=0,to_view=378
info|2019-10-23 21:01:29.632306|[g:1][CONSENSUS][SEALER]++++++++++++++++ Generating seal on,blkNum=5,tx=0,nodeIdx=2,hash=5674b45d...
info|2019-10-23 21:01:29.653509|[g:1][CONSENSUS][PBFT]checkTimeout Succ,view=378,toView=379,nodeIdx=2,changeCycle=0,myNode=824ae14a...,timecost=1.064
info|2019-10-23 21:01:29.665319|[g:1][CONSENSUS][PBFT]checkAndChangeView: Reach consensus,org_view=378,org_changeCycle=0,cur_changeCycle=0,to_view=379
info|2019-10-23 21:01:30.679988|[g:1][CONSENSUS]addRawPrepare,height=5,reqIdx=3,hash=ad2fcb6d...
info|2019-10-23 21:01:30.680562|[g:1][CONSENSUS][PBFT]checkTimeout Succ,view=379,toView=380,nodeIdx=2,changeCycle=0,myNode=824ae14a...,timecost=0.373
info|2019-10-23 21:01:30.686086|[g:1][CONSENSUS][PBFT]checkAndChangeView: Reach consensus,org_view=379,org_changeCycle=0,cur_changeCycle=0,to_view=380
info|2019-10-23 21:01:31.696627|[g:1][CONSENSUS]addRawPrepare,height=5,reqIdx=0,hash=c8595d5e...
info|2019-10-23 21:01:31.704621|[g:1][CONSENSUS][PBFT]checkTimeout Succ,view=380,toView=381,nodeIdx=2,changeCycle=0,myNode=824ae14a...,timecost=5.716
info|2019-10-23 21:01:31.729640|[g:1][CONSENSUS][PBFT]checkAndChangeView: Reach consensus,org_view=380,org_changeCycle=0,cur_changeCycle=0,to_view=381
info|2019-10-23 21:01:32.736298|[g:1][CONSENSUS]addRawPrepare,height=5,reqIdx=1,hash=25757e49...
info|2019-10-23 21:01:32.739733|[g:1][CONSENSUS][PBFT]checkTimeout Succ,view=381,toView=382,nodeIdx=2,changeCycle=0,myNode=824ae14a...,timecost=3.369
info|2019-10-23 21:01:32.747316|[g:1][CONSENSUS][PBFT]checkAndChangeView: Reach consensus,org_view=381,org_changeCycle=0,cur_changeCycle=0,to_view=382
info|2019-10-23 21:01:33.757485|[g:1][CONSENSUS][SEALER]++++++++++++++++ Generating seal on,blkNum=5,tx=0,nodeIdx=2,hash=eb57dc63...
info|2019-10-23 21:01:33.774425|[g:1][CONSENSUS][PBFT]checkTimeout Succ,view=382,toView=383,nodeIdx=2,changeCycle=0,myNode=824ae14a...,timecost=0.472
info|2019-10-23 21:01:33.778187|[g:1][CONSENSUS][PBFT]checkAndChangeView: Reach consensus,org_view=382,org_changeCycle=0,cur_changeCycle=0,to_view=383
info|2019-10-23 21:01:34.774899|[g:1][CONSENSUS]addRawPrepare,height=5,reqIdx=3,hash=3f591041...
info|2019-10-23 21:01:34.775354|[g:1][CONSENSUS][PBFT]checkTimeout Succ,view=383,toView=384,nodeIdx=2,changeCycle=0,myNode=824ae14a...,timecost=0.317
info|2019-10-23 21:01:34.780660|[g:1][CONSENSUS][PBFT]checkAndChangeView: Reach consensus,org_view=383,org_changeCycle=0,cur_changeCycle=0,to_view=384
info|2019-10-23 21:01:35.787405|[g:1][CONSENSUS]addRawPrepare,height=5,reqIdx=0,hash=800b18e9...
info|2019-10-23 21:01:35.791988|[g:1][CONSENSUS][PBFT]checkTimeout Succ,view=384,toView=385,nodeIdx=2,changeCycle=0,myNode=824ae14a...,timecost=4.419
info|2019-10-23 21:01:35.793873|[g:1][CONSENSUS][PBFT]checkAndChangeView: Reach consensus,org_view=384,org_changeCycle=0,cur_changeCycle=0,to_view=385
info|2019-10-23 21:01:36.797000|[g:1][CONSENSUS]addRawPrepare,height=5,reqIdx=1,hash=02b9a869...
info|2019-10-23 21:01:36.801892|[g:1][CONSENSUS][PBFT]checkTimeout Succ,view=385,toView=386,nodeIdx=2,changeCycle=0,myNode=824ae14a...,timecost=4.778
info|2019-10-23 21:01:36.813328|[g:1][CONSENSUS][PBFT]checkAndChangeView: Reach consensus,org_view=385,org_changeCycle=0,cur_changeCycle=0,to_view=386
info|2019-10-23 21:01:37.138500|[P2P][Service] heartBeat,connected count=3
info|2019-10-23 21:01:37.818284|[g:1][CONSENSUS][SEALER]++++++++++++++++ Generating seal on,blkNum=5,tx=0,nodeIdx=2,hash=d520374c...
info|2019-10-23 21:01:37.838472|[g:1][CONSENSUS][PBFT]checkTimeout Succ,view=386,toView=387,nodeIdx=2,changeCycle=0,myNode=824ae14a...,timecost=0.515
info|2019-10-23 21:01:37.841987|[g:1][CONSENSUS][PBFT]checkAndChangeView: Reach consensus,org_view=386,org_changeCycle=0,cur_changeCycle=0,to_view=387
info|2019-10-23 21:01:38.849786|[g:1][CONSENSUS]addRawPrepare,height=5,reqIdx=3,hash=7459a4a6...
info|2019-10-23 21:01:38.860512|[g:1][CONSENSUS][PBFT]checkTimeout Succ,view=387,toView=388,nodeIdx=2,changeCycle=0,myNode=824ae14a...,timecost=8.266
info|2019-10-23 21:01:38.884621|[g:1][CONSENSUS][PBFT]checkAndChangeView: Reach consensus,org_view=387,org_changeCycle=0,cur_changeCycle=0,to_view=388
info|2019-10-23 21:01:39.886992|[g:1][CONSENSUS]addRawPrepare,height=5,reqIdx=0,hash=40246e90...
info|2019-10-23 21:01:39.887512|[g:1][CONSENSUS][PBFT]checkTimeout Succ,view=388,toView=389,nodeIdx=2,changeCycle=0,myNode=824ae14a...,timecost=0.466
info|2019-10-23 21:01:39.891623|[g:1][CONSENSUS][PBFT]checkAndChangeView: Reach consensus,org_view=388,org_changeCycle=0,cur_changeCycle=0,to_view=389
info|2019-10-23 21:01:40.916127|[g:1][CONSENSUS]addRawPrepare,height=5,reqIdx=1,hash=3018492d...
info|2019-10-23 21:01:40.944699|[g:1][CONSENSUS][PBFT]checkTimeout Succ,view=389,toView=390,nodeIdx=2,changeCycle=0,myNode=824ae14a...,timecost=8.501
info|2019-10-23 21:01:40.951716|[g:1][CONSENSUS][PBFT]checkAndChangeView: Reach consensus,org_view=389,org_changeCycle=0,cur_changeCycle=0,to_view=390
info|2019-10-23 21:01:41.952319|[g:1][CONSENSUS][SEALER]++++++++++++++++ Generating seal on,blkNum=5,tx=0,nodeIdx=2,hash=a77f85d0...
info|2019-10-23 21:01:41.982246|[g:1][CONSENSUS][PBFT]checkTimeout Succ,view=390,toView=391,nodeIdx=2,changeCycle=0,myNode=824ae14a...,timecost=3.726
info|2019-10-23 21:01:42.012906|[g:1][CONSENSUS][PBFT]checkAndChangeView: Reach consensus,org_view=390,org_changeCycle=0,cur_changeCycle=0,to_view=391
info|2019-10-23 21:01:43.025834|[g:1][CONSENSUS]addRawPrepare,height=5,reqIdx=3,hash=a2f0c4c7...
info|2019-10-23 21:01:43.026360|[g:1][CONSENSUS][PBFT]checkTimeout Succ,view=391,toView=392,nodeIdx=2,changeCycle=0,myNode=824ae14a...,timecost=0.347
info|2019-10-23 21:01:43.034311|[g:1][CONSENSUS][PBFT]checkAndChangeView: Reach consensus,org_view=391,org_changeCycle=0,cur_changeCycle=0,to_view=392
info|2019-10-23 21:01:44.040200|[g:1][CONSENSUS]addRawPrepare,height=5,reqIdx=0,hash=a924cbd8...
info|2019-10-23 21:01:44.040493|[g:1][CONSENSUS][PBFT]checkTimeout Succ,view=392,toView=393,nodeIdx=2,changeCycle=0,myNode=824ae14a...,timecost=0.256
info|2019-10-23 21:01:44.041234|[g:1][CONSENSUS][PBFT]checkAndChangeView: Reach consensus,org_view=392,org_changeCycle=0,cur_changeCycle=0,to_view=393
info|2019-10-23 21:01:45.045728|[g:1][CONSENSUS]addRawPrepare,height=5,reqIdx=1,hash=3b63f70a...
info|2019-10-23 21:01:45.046103|[g:1][CONSENSUS][PBFT]checkTimeout Succ,view=393,toView=394,nodeIdx=2,changeCycle=0,myNode=824ae14a...,timecost=0.343
info|2019-10-23 21:01:45.050195|[g:1][CONSENSUS][PBFT]checkAndChangeView: Reach consensus,org_view=393,org_changeCycle=0,cur_changeCycle=0,to_view=394
info|2019-10-23 21:01:46.052086|[g:1][CONSENSUS][SEALER]++++++++++++++++ Generating seal on,blkNum=5,tx=0,nodeIdx=2,hash=ae71ff63...
info|2019-10-23 21:01:46.063901|[g:1][CONSENSUS][PBFT]checkTimeout Succ,view=394,toView=395,nodeIdx=2,changeCycle=0,myNode=824ae14a...,timecost=0.299
info|2019-10-23 21:01:46.065371|[g:1][CONSENSUS][PBFT]checkAndChangeView: Reach consensus,org_view=394,org_changeCycle=0,cur_changeCycle=0,to_view=395
info|2019-10-23 21:01:47.063503|[g:1][CONSENSUS]addRawPrepare,height=5,reqIdx=3,hash=92405f5a...
info|2019-10-23 21:01:47.063815|[g:1][CONSENSUS][PBFT]checkTimeout Succ,view=395,toView=396,nodeIdx=2,changeCycle=0,myNode=824ae14a...,timecost=0.22
info|2019-10-23 21:01:47.068834|[g:1][CONSENSUS][PBFT]checkAndChangeView: Reach consensus,org_view=395,org_changeCycle=0,cur_changeCycle=0,to_view=396
info|2019-10-23 21:01:47.139749|[P2P][Service] heartBeat,connected count=3
info|2019-10-23 21:01:48.074787|[g:1][CONSENSUS]addRawPrepare,height=5,reqIdx=0,hash=9ec55491...
info|2019-10-23 21:01:48.075112|[g:1][CONSENSUS][PBFT]checkTimeout Succ,view=396,toView=397,nodeIdx=2,changeCycle=0,myNode=824ae14a...,timecost=0.282
info|2019-10-23 21:01:48.082683|[g:1][CONSENSUS][PBFT]checkAndChangeView: Reach consensus,org_view=396,org_changeCycle=0,cur_changeCycle=0,to_view=397
info|2019-10-23 21:01:49.090312|[g:1][CONSENSUS]addRawPrepare,height=5,reqIdx=1,hash=03e254e8...
info|2019-10-23 21:01:49.093468|[g:1][CONSENSUS][PBFT]checkTimeout Succ,view=397,toView=398,nodeIdx=2,changeCycle=0,myNode=824ae14a...,timecost=3.116
info|2019-10-23 21:01:49.094232|[g:1][CONSENSUS][PBFT]checkAndChangeView: Reach consensus,org_view=397,org_changeCycle=0,cur_changeCycle=0,to_view=398
info|2019-10-23 21:01:50.097301|[g:1][CONSENSUS][SEALER]++++++++++++++++ Generating seal on,blkNum=5,tx=0,nodeIdx=2,hash=3ec055ca...
info|2019-10-23 21:01:50.120963|[g:1][CONSENSUS][PBFT]checkTimeout Succ,view=398,toView=399,nodeIdx=2,changeCycle=0,myNode=824ae14a...,timecost=1.155
info|2019-10-23 21:01:50.132755|[g:1][CONSENSUS][PBFT]checkAndChangeView: Reach consensus,org_view=398,org_changeCycle=0,cur_changeCycle=0,to_view=399
info|2019-10-23 21:01:51.131536|[g:1][CONSENSUS]addRawPrepare,height=5,reqIdx=3,hash=fb71b76d...
info|2019-10-23 21:01:51.131867|[g:1][CONSENSUS][PBFT]checkTimeout Succ,view=399,toView=400,nodeIdx=2,changeCycle=0,myNode=824ae14a...,timecost=0.249
info|2019-10-23 21:01:51.13