info|2019-12-12 18:00:00.460048|[g:1][CONSENSUS]addRawPrepare,height=69,reqIdx=3,hash=81cd31b9...
info|2019-12-12 18:00:00.461554|[g:1][CONSENSUS][PBFT]checkTimeout Succ,view=5611,toView=5612,nodeIdx=2,changeCycle=0,myNode=824ae14a...,timecost=1.44
info|2019-12-12 18:00:00.468626|[g:1][CONSENSUS][PBFT]checkAndChangeView: Reach consensus,org_view=5611,org_changeCycle=0,cur_changeCycle=0,to_view=5612
info|2019-12-12 18:00:01.474378|[g:1][CONSENSUS]addRawPrepare,height=69,reqIdx=0,hash=b07817e5...
info|2019-12-12 18:00:01.476361|[g:1][CONSENSUS][PBFT]checkTimeout Succ,view=5612,toView=5613,nodeIdx=2,changeCycle=0,myNode=824ae14a...,timecost=1.92
info|2019-12-12 18:00:01.480181|[g:1][CONSENSUS][PBFT]checkAndChangeView: Reach consensus,org_view=5612,org_changeCycle=0,cur_changeCycle=0,to_view=5613
info|2019-12-12 18:00:02.486729|[g:1][CONSENSUS]addRawPrepare,height=69,reqIdx=1,hash=3ce481a1...
info|2019-12-12 18:00:02.487245|[g:1][CONSENSUS][PBFT]checkTimeout Succ,view=5613,toView=5614,nodeIdx=2,changeCycle=0,myNode=824ae14a...,timecost=0.427
info|2019-12-12 18:00:02.491999|[g:1][CONSENSUS][PBFT]checkAndChangeView: Reach consensus,org_view=5613,org_changeCycle=0,cur_changeCycle=0,to_view=5614
info|2019-12-12 18:00:02.591306|[P2P][Service] heartBeat,connected count=4
info|2019-12-12 18:00:03.492793|[g:1][CONSENSUS][SEALER]++++++++++++++++ Generating seal on,blkNum=69,tx=0,nodeIdx=2,hash=9e7d4630...
info|2019-12-12 18:00:03.505375|[g:1][CONSENSUS][PBFT]checkTimeout Succ,view=5614,toView=5615,nodeIdx=2,changeCycle=0,myNode=824ae14a...,timecost=0.631
info|2019-12-12 18:00:03.507674|[g:1][CONSENSUS][PBFT]checkAndChangeView: Reach consensus,org_view=5614,org_changeCycle=0,cur_changeCycle=0,to_view=5615
info|2019-12-12 18:00:04.506117|[g:1][CONSENSUS]addRawPrepare,height=69,reqIdx=3,hash=bcf8b354...
info|2019-12-12 18:00:04.506461|[g:1][CONSENSUS][PBFT]checkTimeout Succ,view=5615,toView=5616,nodeIdx=2,changeCycle=0,myNode=824ae14a...,timecost=0.304
info|2019-12-12 18:00:04.510379|[g:1][CONSENSUS][PBFT]checkAndChangeView: Reach consensus,org_view=5615,org_changeCycle=0,cur_changeCycle=0,to_view=5616
info|2019-12-12 18:00:05.516455|[g:1][CONSENSUS]addRawPrepare,height=69,reqIdx=0,hash=759da1aa...
info|2019-12-12 18:00:05.516875|[g:1][CONSENSUS][PBFT]checkTimeout Succ,view=5616,toView=5617,nodeIdx=2,changeCycle=0,myNode=824ae14a...,timecost=0.328
info|2019-12-12 18:00:05.518283|[g:1][CONSENSUS][PBFT]checkAndChangeView: Reach consensus,org_view=5616,org_changeCycle=0,cur_changeCycle=0,to_view=5617
info|2019-12-12 18:00:06.525511|[g:1][CONSENSUS]addRawPrepare,height=69,reqIdx=1,hash=fb64505d...
info|2019-12-12 18:00:06.532291|[g:1][CONSENSUS][PBFT]checkTimeout Succ,view=5617,toView=5618,nodeIdx=2,changeCycle=0,myNode=824ae14a...,timecost=6.699
info|2019-12-12 18:00:06.541624|[g:1][CONSENSUS][PBFT]checkAndChangeView: Reach consensus,org_view=5617,org_changeCycle=0,cur_changeCycle=0,to_view=5618
info|2019-12-12 18:00:07.548201|[g:1][CONSENSUS][SEALER]++++++++++++++++ Generating seal on,blkNum=69,tx=0,nodeIdx=2,hash=5d350bd1...
info|2019-12-12 18:00:07.559761|[g:1][CONSENSUS][PBFT]checkTimeout Succ,view=5618,toView=5619,nodeIdx=2,changeCycle=0,myNode=824ae14a...,timecost=0.261
info|2019-12-12 18:00:07.560894|[g:1][CONSENSUS][PBFT]checkAndChangeView: Reach consensus,org_view=5618,org_changeCycle=0,cur_changeCycle=0,to_view=5619
info|2019-12-12 18:00:08.560431|[g:1][CONSENSUS]addRawPrepare,height=69,reqIdx=3,hash=22a68cab...
info|2019-12-12 18:00:08.560826|[g:1][CONSENSUS][PBFT]checkTimeout Succ,view=5619,toView=5620,nodeIdx=2,changeCycle=0,myNode=824ae14a...,timecost=0.327
info|2019-12-12 18:00:08.566299|[g:1][CONSENSUS][PBFT]checkAndChangeView: Reach consensus,org_view=5619,org_changeCycle=0,cur_changeCycle=0,to_view=5620
info|2019-12-12 18:00:09.573704|[g:1][CONSENSUS]addRawPrepare,height=69,reqIdx=0,hash=fed969f1...
info|2019-12-12 18:00:09.574228|[g:1][CONSENSUS][PBFT]checkTimeout Succ,view=5620,toView=5621,nodeIdx=2,changeCycle=0,myNode=824ae14a...,timecost=0.483
info|2019-12-12 18:00:09.578519|[g:1][CONSENSUS][PBFT]checkAndChangeView: Reach consensus,org_view=5620,org_changeCycle=0,cur_changeCycle=0,to_view=5621
info|2019-12-12 18:00:10.583725|[g:1][CONSENSUS]addRawPrepare,height=69,reqIdx=1,hash=873654a9...
info|2019-12-12 18:00:10.587131|[g:1][CONSENSUS][PBFT]checkTimeout Succ,view=5621,toView=5622,nodeIdx=2,changeCycle=0,myNode=824ae14a...,timecost=3.324
info|2019-12-12 18:00:10.592024|[g:1][CONSENSUS][PBFT]checkAndChangeView: Reach consensus,org_view=5621,org_changeCycle=0,cur_changeCycle=0,to_view=5622
info|2019-12-12 18:00:11.593426|[g:1][CONSENSUS][SEALER]++++++++++++++++ Generating seal on,blkNum=69,tx=0,nodeIdx=2,hash=9403283a...
info|2019-12-12 18:00:11.609923|[g:1][CONSENSUS][PBFT]checkTimeout Succ,view=5622,toView=5623,nodeIdx=2,changeCycle=0,myNode=824ae14a...,timecost=0.549
info|2019-12-12 18:00:11.613072|[g:1][CONSENSUS][PBFT]checkAndChangeView: Reach consensus,org_view=5622,org_changeCycle=0,cur_changeCycle=0,to_view=5623
info|2019-12-12 18:00:12.592011|[P2P][Service] heartBeat,connected count=4
info|2019-12-12 18:00:12.610627|[g:1][CONSENSUS]addRawPrepare,height=69,reqIdx=3,hash=c3d28e01...
info|2019-12-12 18:00:12.611059|[g:1][CONSENSUS][PBFT]checkTimeout Succ,view=5623,toView=5624,nodeIdx=2,changeCycle=0,myNode=824ae14a...,timecost=0.391
info|2019-12-12 18:00:12.618181|[g:1][CONSENSUS][PBFT]checkAndChangeView: Reach consensus,org_view=5623,org_changeCycle=0,cur_changeCycle=0,to_view=5624
info|2019-12-12 18:00:13.623780|[g:1][CONSENSUS]addRawPrepare,height=69,reqIdx=0,hash=def259c1...
info|2019-12-12 18:00:13.625076|[g:1][CONSENSUS][PBFT]checkTimeout Succ,view=5624,toView=5625,nodeIdx=2,changeCycle=0,myNode=824ae14a...,timecost=1.23
info|2019-12-12 18:00:13.631508|[g:1][CONSENSUS][PBFT]checkAndChangeView: Reach consensus,org_view=5624,org_changeCycle=0,cur_changeCycle=0,to_view=5625
info|2019-12-12 18:00:14.636573|[g:1][CONSENSUS]addRawPrepare,height=69,reqIdx=1,hash=15f4c85e...
info|2019-12-12 18:00:14.637037|[g:1][CONSENSUS][PBFT]checkTimeout Succ,view=5625,toView=5626,nodeIdx=2,changeCycle=0,myNode=824ae14a...,timecost=0.418
info|2019-12-12 18:00:14.640979|[g:1][CONSENSUS][PBFT]checkAndChangeView: Reach consensus,org_view=5625,org_changeCycle=0,cur_changeCycle=0,to_view=5626
info|2019-12-12 18:00:15.642207|[g:1][CONSENSUS][SEALER]++++++++++++++++ Generating seal on,blkNum=69,tx=0,nodeIdx=2,hash=0d8c648b...
info|2019-12-12 18:00:15.653641|[g:1][CONSENSUS][PBFT]checkTimeout Succ,view=5626,toView=5627,nodeIdx=2,changeCycle=0,myNode=824ae14a...,timecost=0.328
info|2019-12-12 18:00:15.655074|[g:1][CONSENSUS][PBFT]checkAndChangeView: Reach consensus,org_view=5626,org_changeCycle=0,cur_changeCycle=0,to_view=5627
info|2019-12-12 18:00:16.654802|[g:1][CONSENSUS]addRawPrepare,height=69,reqIdx=3,hash=5f0c2cc1...
info|2019-12-12 18:00:16.657504|[g:1][CONSENSUS][PBFT]checkTimeout Succ,view=5627,toView=5628,nodeIdx=2,changeCycle=0,myNode=824ae14a...,timecost=2.618
info|2019-12-12 18:00:16.662141|[g:1][CONSENSUS][PBFT]checkAndChangeView: Reach consensus,org_view=5627,org_changeCycle=0,cur_changeCycle=0,to_view=5628
info|2019-12-12 18:00:17.671617|[g:1][CONSENSUS]addRawPrepare,height=69,reqIdx=0,hash=3a4fe5a0...
info|2019-12-12 18:00:17.676801|[g:1][CONSENSUS][PBFT]checkTimeout Succ,view=5628,toView=5629,nodeIdx=2,changeCycle=0,myNode=824ae14a...,timecost=4.992
info|2019-12-12 18:00:17.696767|[g:1][CONSENSUS][PBFT]checkAndChangeView: Reach consensus,org_view=5628,org_changeCycle=0,cur_changeCycle=0,to_view=5629
info|2019-12-12 18:00:18.702052|[g:1][CONSENSUS]addRawPrepare,height=69,reqIdx=1,hash=14957660...
info|2019-12-12 18:00:18.702385|[g:1][CONSENSUS][PBFT]checkTimeout Succ,view=5629,toView=5630,nodeIdx=2,changeCycle=0,myNode=824ae14a...,timecost=0.289
info|2019-12-12 18:00:18.705210|[g:1][CONSENSUS][PBFT]checkAndChangeView: Reach consensus,org_view=5629,org_changeCycle=0,cur_changeCycle=0,to_view=5630
info|2019-12-12 18:00:19.706373|[g:1][CONSENSUS][SEALER]++++++++++++++++ Generating seal on,blkNum=69,tx=0,nodeIdx=2,hash=8b6268d7...
info|2019-12-12 18:00:19.724821|[g:1][CONSENSUS][PBFT]checkTimeout Succ,view=5630,toView=5631,nodeIdx=2,changeCycle=0,myNode=824ae14a...,timecost=0.416
info|2019-12-12 18:00:19.726317|[g:1][CONSENSUS][PBFT]checkAndChangeView: Reach consensus,org_view=5630,org_changeCycle=0,cur_changeCycle=0,to_view=5631
info|2019-12-12 18:00:20.722105|[g:1][CONSENSUS]addRawPrepare,height=69,reqIdx=3,hash=68c98b56...
info|2019-12-12 18:00:20.722497|[g:1][CONSENSUS][PBFT]checkTimeout Succ,view=5631,toView=5632,nodeIdx=2,changeCycle=0,myNode=824ae14a...,timecost=0.353
info|2019-12-12 18:00:20.726635|[g:1][CONSENSUS][PBFT]checkAndChangeView: Reach consensus,org_view=5631,org_changeCycle=0,cur_changeCycle=0,to_view=5632
info|2019-12-12 18:00:21.730529|[g:1][CONSENSUS]addRawPrepare,height=69,reqIdx=0,hash=2fe35810...
info|2019-12-12 18:00:21.730812|[g:1][CONSENSUS][PBFT]checkTimeout Succ,view=5632,toView=5633,nodeIdx=2,changeCycle=0,myNode=824ae14a...,timecost=0.248
info|2019-12-12 18:00:21.735209|[g:1][CONSENSUS][PBFT]checkAndChangeView: Reach consensus,org_view=5632,org_changeCycle=0,cur_changeCycle=0,to_view=5633
info|2019-12-12 18:00:22.592602|[P2P][Service] heartBeat,connected count=4
info|2019-12-12 18:00:22.741673|[g:1][CONSENSUS]addRawPrepare,height=69,reqIdx=1,hash=5a3d09a7...
info|2019-12-12 18:00:22.744457|[g:1][CONSENSUS][PBFT]checkTimeout Succ,view=5633,toView=5634,nodeIdx=2,changeCycle=0,myNode=824ae14a...,timecost=2.729
info|2019-12-12 18:00:22.748459|[g:1][CONSENSUS][PBFT]checkAndChangeView: Reach consensus,org_view=5633,org_changeCycle=0,cur_changeCycle=0,to_view=5634
info|2019-12-12 18:00:23.750841|[g:1][CONSENSUS][SEALER]++++++++++++++++ Generating seal on,blkNum=69,tx=0,nodeIdx=2,hash=5f0af70e...
info|2019-12-12 18:00:23.762616|[g:1][CONSENSUS][PBFT]checkTimeout Succ,view=5634,toView=5635,nodeIdx=2,changeCycle=0,myNode=824ae14a...,timecost=0.503
info|2019-12-12 18:00:23.764431|[g:1][CONSENSUS][PBFT]checkAndChangeView: Reach consensus,org_view=5634,org_changeCycle=0,cur_changeCycle=0,to_view=5635
info|2019-12-12 18:00:24.770748|[g:1][CONSENSUS]addRawPrepare,height=69,reqIdx=3,hash=896616ed...
info|2019-12-12 18:00:24.771191|[g:1][CONSENSUS][PBFT]checkTimeout Succ,view=5635,toView=5636,nodeIdx=2,changeCycle=0,myNode=824ae14a...,timecost=0.318
info|2019-12-12 18:00:24.772591|[g:1][CONSENSUS][PBFT]checkAndChangeView: Reach consensus,org_view=5635,org_changeCycle=0,cur_changeCycle=0,to_view=5636
info|2019-12-12 18:00:25.777347|[g:1][CONSENSUS]addRawPrepare,height=69,reqIdx=0,hash=2660847c...
info|2019-12-12 18:00:25.777736|[g:1][CONSENSUS][PBFT]checkTimeout Succ,view=5636,toView=5637,nodeIdx=2,changeCycle=0,myNode=824ae14a...,timecost=0.339
info|2019-12-12 18:00:25.782379|[g:1][CONSENSUS][PBFT]checkAndChangeView: Reach consensus,org_view=5636,org_changeCycle=0,cur_changeCycle=0,to_view=5637
info|2019-12-12 18:00:26.787954|[g:1][CONSENSUS]addRawPrepare,height=69,reqIdx=1,hash=18519f05...
info|2019-12-12 18:00:26.788405|[g:1][CONSENSUS][PBFT]checkTimeout Succ,view=5637,toView=5638,nodeIdx=2,changeCycle=0,myNode=824ae14a...,timecost=0.416
info|2019-12-12 18:00:26.794819|[g:1][CONSENSUS][PBFT]checkAndChangeView: Reach consensus,org_view=5637,org_changeCycle=0,cur_changeCycle=0,to_view=5638
info|2019-12-12 18:00:27.795519|[g:1][CONSENSUS][SEALER]++++++++++++++++ Generating seal on,blkNum=69,tx=0,nodeIdx=2,hash=dcfa07ba...
info|2019-12-12 18:00:27.814683|[g:1][CONSENSUS][PBFT]checkTimeout Succ,view=5638,toView=5639,nodeIdx=2,changeCycle=0,myNode=824ae14a...,timecost=0.483
info|2019-12-12 18:00:27.820548|[g:1][CONSENSUS][PBFT]checkAndChangeView: Reach consensus,org_view=5638,org_changeCycle=0,cur_changeCycle=0,to_view=5639
info|2019-12-12 18:00:28.814555|[g:1][CONSENSUS]addRawPrepare,height=69,reqIdx=3,hash=73ef9993...
info|2019-12-12 18:00:28.817744|[g:1][CONSENSUS][PBFT]checkTimeout Succ,view=5639,toView=5640,nodeIdx=2,changeCycle=0,myNode=824ae14a...,timecost=3.132
info|2019-12-12 18:00:28.821808|[g:1][CONSENSUS][PBFT]checkAndChangeView: Reach consensus,org_view=5639,org_changeCycle=0,cur_changeCycle=0,to_view=5640
info|2019-12-12 18:00:29.831076|[g:1][CONSENSUS]addRawPrepare,height=69,reqIdx=0,hash=78d74cbb...
info|2019-12-12 18:00:29.831331|[g:1][CONSENSUS][PBFT]checkTimeout Succ,view=5640,toView=5641,nodeIdx=2,changeCycle=0,myNode=824ae14a...,timecost=0.226
info|2019-12-12 18:00:29.834253|[g:1][CONSENSUS][PBFT]checkAndChangeView: Reach consensus,org_view=5640,org_changeCycle=0,cur_changeCycle=0,to_view=5641
info|2019-12-12 18:00:30.845596|[g:1][CONSENSUS]addRawPrepare,height=69,reqIdx=1,hash=5f4a2a67...
info|2019-12-12 18:00:30.861116|[g:1][CONSENSUS][PBFT]checkTimeout Succ,view=5641,toView=5642,nodeIdx=2,changeCycle=0,myNode=824ae14a...,timecost=15.436
info|2019-12-12 18:00:30.862099|[g:1][CONSENSUS][PBFT]checkAndChangeView: Reach consensus,org_view=5641,org_changeCycle=0,cur_changeCycle=0,to_view=5642
info|2019-12-12 18:00:31.863436|[g:1][CONSENSUS][SEALER]++++++++++++++++ Generating seal on,blkNum=69,tx=0,nodeIdx=2,hash=5b6335c8...
info|2019-12-12 18:00:31.886405|[g:1][CONSENSUS][PBFT]checkTimeout Succ,view=5642,toView=5643,nodeIdx=2,changeCycle=0,myNode=824ae14a...,timecost=0.827
info|2019-12-12 18:00:31.891262|[g:1][CONSENSUS][PBFT]checkAndChangeView: Reach consensus,org_view=5642,org_changeCycle=0,cur_changeCycle=0,to_view=5643
info|2019-12-12 18:00:32.592809|[P2P][Service] heartBeat,connected count=4
info|2019-12-12 18:00:32.916089|[g:1][CONSENSUS]addRawPrepare,height=69,reqIdx=3,hash=8e6430ee...
info|2019-12-12 18:00:32.916554|[g:1][CONSENSUS][PBFT]checkTimeout Succ,view=5643,toView=5644,nodeIdx=2,changeCycle=0,myNode=824ae14a...,timecost=0.404
info|2019-12-12 18:00:32.921507|[g:1][CONSENSUS][PBFT]checkAndChangeView: Reach consensus,org_view=5643,org_changeCycle=0,cur_changeCycle=0,to_view=5644
info|2019-12-12 18:00:33.928698|[g:1][CONSENSUS]addRawPrepare,height=69,reqIdx=0,hash=bc88abed...
info|2019-12-12 18:00:33.929024|[g:1][CONSENSUS][PBFT]checkTimeout Succ,view=5644,toView=5645,nodeIdx=2,changeCycle=0,myNode=824ae14a...,timecost=0.289
info|2019-12-12 18:00:33.936549|[g:1][CONSENSUS][PBFT]checkAndChangeView: Reach consensus,org_view=5644,org_changeCycle=0,cur_changeCycle=0,to_view=5645
info|2019-12-12 18:00:34.946003|[g:1][CONSENSUS]addRawPrepare,height=69,reqIdx=1,hash=71743cbc...
info|2019-12-12 18:00:34.947655|[g:1][CONSENSUS][PBFT]checkTimeout Succ,view=5645,toView=5646,nodeIdx=2,changeCycle=0,myNode=824ae14a...,timecost=1.589
info|2019-12-12 18:00:34.954094|[g:1][CONSENSUS][PBFT]checkAndChangeView: Reach consensus,org_view=5645,org_changeCycle=0,cur_changeCycle=0,to_view=5646
info|2019-12-12 18:00:35.956681|[g:1][CONSENSUS][SEALER]++++++++++++++++ Generating seal on,blkNum=69,tx=0,nodeIdx=2,hash=fb478269...
info|2019-12-12 18:00:35.977252|[g:1][CONSENSUS][PBFT]checkTimeout Succ,view=5646,toView=5647,nodeIdx=2,changeCycle=0,myNode=824ae14a...,timecost=0.749
info|2019-12-12 18:00:35.981014|[g:1][CONSENSUS][PBFT]checkAndChangeView: Reach consensus,org_view=5646,org_changeCycle=0,cur_changeCycle=0,to_view=5647
info|2019-12-12 18:00:36.994217|[g:1][CONSENSUS]addRawPrepare,height=69,reqIdx=3,hash=914ff136...
info|2019-12-12 18:00:37.000488|[g:1][CONSENSUS][PBFT]checkTimeout Succ,view=5647,toView=5648,nodeIdx=2,changeCycle=0,myNode=824ae14a...,timecost=5.901
info|2019-12-12 18:00:37.037070|[g:1][CONSENSUS][PBFT]checkAndChangeView: Reach consensus,org_view=5647,org_changeCycle=0,cur_changeCycle=0,to_view=5648
info|2019-12-12 18:00:38.047424|[g:1][CONSENSUS]addRawPrepare,height=69,reqIdx=0,hash=879d1bc5...
info|2019-12-12 18:00:38.050976|[g:1][CONSENSUS][PBFT]checkTimeout Succ,view=5648,toView=5649,nodeIdx=2,changeCycle=0,myNode=824ae14a...,timecost=3.391
info|2019-12-12 18:00:38.067656|[g:1][CONSENSUS][PBFT]checkAndChangeView: Reach consensus,org_view=5648,org_changeCycle=0,cur_changeCycle=0,to_view=5649
info|2019-12-12 18:00:39.081807|[g:1][CONSENSUS]addRawPrepare,height=69,reqIdx=1,hash=4c36b9f2...
info|2019-12-12 18:00:39.096960|[g:1][CONSENSUS][PBFT]checkTimeout Succ,view=5649,toView=5650,nodeIdx=2,changeCycle=0,myNode=824ae14a...,timecost=14.937
info|2019-12-12 18:00:39.113364|[g:1][CONSENSUS][PBFT]checkAndChangeView: Reach consensus,org_view=5649,org_changeCycle=0,cur_changeCycle=0,to_view=5650
info|2019-12-12 18:00:40.118720|[g:1][CONSENSUS][SEALER]++++++++++++++++ Generating seal on,blkNum=69,tx=0,nodeIdx=2,hash=90d31af6...
info|2019-12-12 18:00:40.131661|[g:1][CONSENSUS][PBFT]checkTimeout Succ,view=5650,toView=5651,nodeIdx=2,changeCycle=0,myNode=824ae14a...,timecost=0.296
info|2019-12-12 18:00:40.133757|[g:1][CONSENSUS][PBFT]checkAndChangeView: Reach consensus,org_view=5650,org_changeCycle=0,cur_changeCycle=0,to_view=5651
info|2019-12-12 18:00:41.136175|[g:1][CONSENSUS]addRawPrepare,height=69,reqIdx=3,hash=b7850866...
info|2019-12-12 18:00:41.138379|[g:1][CONSENSUS][PBFT]checkTimeout Succ,view=5651,toView=5652,nodeIdx=2,changeCycle=0,myNode=824ae14a...,timecost=2.088
info|2019-12-12 18:00:41.141256|[g:1][CONSENSUS][PBFT]checkAndChangeView: Reach consensus,org_view=5651,org_changeCycle=0,cur_changeCycle=0,to_view=5652
info|2019-12-12 18:00:42.147638|[g:1][CONSENSUS]addRawPrepare,height=69,reqIdx=0,hash=ce27e977...
info|2019-12-12 18:00:42.147942|[g:1][CONSENSUS][PBFT]checkTimeout Succ,view=5652,toView=5653,nodeIdx=2,changeCycle=0,myNode=824ae14a...,timecost=0.272
info|2019-12-12 18:00:42.151576|[g:1][CONSENSUS][PBFT]checkAndChangeView: Reach consensus,org_view=5652,org_changeCycle=0,cur_changeCycle=0,to_view=5653
info|2019-12-12 18:00:42.593106|[P2P][Service] heartBeat,connected count=4
info|2019-12-12 18:00:43.157566|[g:1][CONSENSUS]addRawPrepare,height=69,reqIdx=1,hash=76495455...
info|2019-12-12 18:00:43.158044|[g:1][CONSENSUS][PBFT]checkTimeout Succ,view=5653,toView=5654,nodeIdx=2,changeCycle=0,myNode=824ae14a...,timecost=0.385
info|2019-12-12 18:00:43.163387|[g:1][CONSENSUS][PBFT]checkAndChangeView: Reach consensus,org_view=5653,org_changeCycle=0,cur_changeCycle=0,to_view=5654
info|2019-12-12 18:00:44.166445|[g:1][CONSENSUS][SEALER]++++++++++++++++ Generating seal on,blkNum=69,tx=0,nodeIdx=2,hash=8244e0a1...
info|2019-12-12 18:00:44.179748|[g:1][CONSENSUS][PBFT]checkTimeout Succ,view=5654,toView=5655,nodeIdx=2,changeCycle=0,myNode=824ae14a...,timecost=0.408
info|2019-12-12 18:00:44.181475|[g:1][CONSENSUS][PBFT]checkAndChangeView: Reach consensus,org_view=5654,org_changeCycle=0,cur_changeCycle=0,to_view=5655
info|2019-12-12 18:00:45.180480|[g:1][CONSENSUS]addRawPrepare,height=69,reqIdx=3,hash=5c1f2c58...
info|2019-12-12 18:00:45.180805|[g:1][CONSENSUS][PBFT]checkTimeout Succ,view=5655,toView=5656,nodeIdx=2,changeCycle=0,myNode=824ae14a...,timecost=0.289
info|2019-12-12 18:00:45.185017|[g:1][CONSENSUS][PBFT]checkAndChangeView: Reach consensus,org_view=5655,org_changeCycle=0,cur_changeCycle=0,to_view=5656
info|2019-12-12 18:00:46.189792|[g:1][CONSENSUS]addRawPrepare,height=69,reqIdx=0,hash=d80368ab...
info|2019-12-12 18:00:46.190120|[g:1][CONSENSUS][PBFT]checkTimeout Succ,view=5656,toView=5657,nodeIdx=2,changeCycle=0,myNode=824ae14a...,timecost=0.253
info|2019-12-12 18:00:46.192339|[g:1][CONSENSUS][PBFT]checkAndChangeView: Reach consensus,org_view=5656,org_changeCycle=0,cur_changeCycle=0,to_view=5657
info|2019-12-12 18:00:47.195692|[g:1][CONSENSUS]addRawPrepare,height=69,reqIdx=1,hash=d0a10bee...
info|2019-12-12 18:00:47.196021|[g:1][CONSENSUS][PBFT]checkTimeout Succ,view=5657,toView=5658,nodeIdx=2,changeCycle=0,myNode=824ae14a...,timecost=0.3
info|2019-12-12 18:00:47.199383|[g:1][CONSENSUS][PBFT]checkAndChangeView: Reach consensus,org_view=5657,org_changeCycle=0,cur_changeCycle=0,to_view=5658
info|2019-12-12 18:00:48.200423|[g:1][CONSENSUS][SEALER]++++++++++++++++ Generating seal on,blkNum=69,tx=0,nodeIdx=2,hash=c5dd03a7...
info|2019-12-12 18:00:48.207438|[g:1][CONSENSUS][PBFT]checkTimeout Succ,view=5658,toView=5659,nodeIdx=2,changeCycle=0,myNode=824ae14a...,timecost=0.231
info|2019-12-12 18:00:48.208369|[g:1][CONSENSUS][PBFT]checkAndChangeView: Reach consensus,org_view=5658,org_changeCycle=0,cur_changeCycle=0,to_view=5659
info|2019-12-12 18:00:49.254377|[g:1][CONSENSUS]addRawPrepare,height=69,reqIdx=3,hash=fe424d87...
info|2019-12-12 18:00:49.269243|[g:1][CONSENSUS][PBFT]checkTimeout Succ,view=5659,toView=5660,nodeIdx=2,changeCycle=0,myNode=824ae14a...,timecost=14.821
info|2019-12-12 18:00:49.289440|[g:1][CONSENSUS][PBFT]checkAndChangeView: Reach consensus,org_view=5659,org_changeCycle=0,cur_changeCycle=0,to_view=5660
warning|2019-12-12 18:57:18.205175|[g:1][CONSENSUS][PBFT]ViewChangeWarning: not caused by omit empty block ,v=5660,toV=5661,curNum=68,hash=3aedf695...,nodeIdx=2,myNode=824ae14a...
info|2019-12-12 18:57:18.205302|[g:1][CONSENSUS][PBFT]checkTimeout Succ,view=5660,toView=5661,nodeIdx=2,changeCycle=1,myNode=824ae14a...,timecost=0.457
info|2019-12-12 18:57:18.316471|[g:1][CONSENSUS][PBFT]checkAndChangeView: Reach consensus,org_view=5660,org_changeCycle=1,cur_changeCycle=1,to_view=5661
info|2019-12-12 18:57:19.334835|[g:1][CONSENSUS]addRawPrepare,height=69,reqIdx=1,hash=6557a303...
info|2019-12-12 18:57:19.337650|[g:1][CONSENSUS][PBFT]checkTimeout Succ,view=5661,toView=5662,nodeIdx=2,changeCycle=0,myNode=824ae14a...,timecost=2.561
info|2019-12-12 18:57:19.339349|[g:1][CONSENSUS][PBFT]checkAndChangeView: Reach consensus,org_view=5661,org_changeCycle=0,cur_changeCycle=0,to_view=5662
info|2019-12-12 18:57:20.384629|[g:1][CONSENSUS][SEALER]++++++++++++++++ Generating seal on,blkNum=69,tx=0,nodeIdx=2,hash=44a3ee8f...
info|2019-12-12 18:57:20.416496|[g:1][CONSENSUS][PBFT]checkTimeout Succ,view=5662,toView=5663,nodeIdx=2,changeCycle=0,myNode=824ae14a...,timecost=2.323
info|2019-12-12 18:57:20.421231|[g:1][CONSENSUS][PBFT]checkAndChangeView: Reach consensus,org_view=5662,org_changeCycle=0,cur_changeCycle=0,to_view=5663
info|2019-12-12 18:57:21.401790|[P2P][Service] heartBeat,connected count=4
info|2019-12-12 18:57:21.425719|[g:1][CONSENSUS]addRawPrepare,height=69,reqIdx=3,hash=c239bdb9...
info|2019-12-12 18:57:21.426229|[g:1][CONSENSUS][PBFT]checkTimeout Succ,view=5663,toView=5664,nodeIdx=2,changeCycle=0,myNode=824ae14a...,timecost=0.384
info|2019-12-12 18:57:21.428358|[g:1][CONSENSUS][PBFT]checkAndChangeView: Reach consensus,org_view=5663,org_changeCycle=0,cur_changeCycle=0,to_view=5664
info|2019-12-12 18:57:22.434221|[g:1][CONSENSUS]addRawPrepare,height=69,reqIdx=0,hash=0835693d...
info|2019-12-12 18:57:22.434610|[g:1][CONSENSUS][PBFT]checkTimeout Succ,view=5664,toView=5665,nodeIdx=2,changeCycle=0,myNode=824ae14a...,timecost=0.337
info|2019-12-12 18:57:22.437613|[g:1][CONSENSUS][PBFT]checkAndChangeView: Reach consensus,org_view=5664,org_changeCycle=0,cur_changeCycle=0,to_view=5665
info|2019-12-12 18:57:23.440853|[g:1][CONSENSUS]addRawPrepare,height=69,reqIdx=1,hash=46615e40...
info|2019-12-12 18:57:23.441125|[g:1][CONSENSUS][PBFT]checkTimeout Succ,view=5665,toView=5666,nodeIdx=2,changeCycle=0,myNode=824ae14a...,timecost=0.24
info|2019-12-12 18:57:23.444092|[g:1][CONSENSUS][PBFT]checkAndChangeView: Reach consensus,org_view=5665,org_changeCycle=0,cur_changeCycle=0,to_view=5666
info|2019-12-12 18:57:24.444888|[g:1][CONSENSUS][SEALER]++++++++++++++++ Generating seal on,blkNum=69,tx=0,nodeIdx=2,hash=f956e4c2...
info|2019-12-12 18:57:24.454779|[g:1][CONSENSUS][PBFT]checkTimeout Succ,view=5666,toView=5667,nodeIdx=2,changeCycle=0,myNode=824ae14a...,timecost=0.359
info|2019-12-12 18:57:24.456162|[g:1][CONSENSUS][PBFT]checkAndChangeView: Reach consensus,org_view=5666,org_changeCycle=0,cur_changeCycle=0,to_view=5667
info|2019-12-12 18:57:25.456923|[g:1][CONSENSUS]addRawPrepare,height=69,reqIdx=3,hash=8553dc18...
info|2019-12-12 18:57:25.457216|[g:1][CONSENSUS][PBFT]checkTimeout Succ,view=5667,toView=5668,nodeIdx=2,changeCycle=0,myNode=824ae14a...,timecost=0.261
info|2019-12-12 18:57:25.458423|[g:1][CONSENSUS][PBFT]checkAndChangeView: Reach consensus,org_view=5667,org_changeCycle=0,cur_changeCycle=0,to_view=5668
info|2019-12-12 18:57:26.464674|[g:1][CONSENSUS]addRawPrepare,height=69,reqIdx=0,hash=6e290f06...
info|2019-12-12 18:57:26.465003|[g:1][CONSENSUS][PBFT]checkTimeout Succ,view=5668,toView=5669,nodeIdx=2,changeCycle=0,myNode=824ae14a...,timecost=0.302
info|2019-12-12 18:57:26.467181|[g:1][CONSENSUS][PBFT]checkAndChangeView: Reach consensus,org_view=5668,org_changeCycle=0,cur_changeCycle=0,to_view=5669
info|2019-12-12 18:57:27.470576|[g:1][CONSENSUS]addRawPrepare,height=69,reqIdx=1,hash=bdd03269...
info|2019-12-12 18:57:27.470864|[g:1][CONSENSUS][PBFT]checkTimeout Succ,view=5669,toView=5670,nodeIdx=2,changeCycle=0,myNode=824ae14a...,timecost=0.259
info|2019-12-12 18:57:27.474622|[g:1][CONSENSUS][PBFT]checkAndChangeView: Reach consensus,org_view=5669,org_changeCycle=0,cur_changeCycle=0,to_view=5670
info|2019-12-12 18:57:28.474123|[g:1][CONSENSUS][SEALER]++++++++++++++++ Generating seal on,blkNum=69,tx=0,nodeIdx=2,hash=90fe66ee...
info|2019-12-12 18:57:28.482834|[g:1][CONSENSUS][PBFT]checkTimeout Succ,view=5670,toView=5671,nodeIdx=2,changeCycle=0,myNode=824ae14a...,timecost=0.27
info|2019-12-12 18:57:28.484108|[g:1][CONSENSUS][PBFT]checkAndChangeView: Reach consensus,org_view=5670,org_changeCycle=0,cur_changeCycle=0,to_view=5671
info|2019-12-12 18:57:29.485853|[g:1][CONSENSUS]addRawPrepare,height=69,reqIdx=3,hash=cfe98eaa...
info|2019-12-12 18:57:29.486279|[g:1][CONSENSUS][PBFT]checkTimeout Succ,view=5671,toView=5672,nodeIdx=2,changeCycle=0,myNode=824ae14a...,timecost=0.388
info|2019-12-12 18:57:29.489416|[g:1][CONSENSUS][PBFT]checkAndChangeView: Reach consensus,org_view=5671,org_changeCycle=0,cur_changeCycle=0,to_view=5672
info|2019-12-12 18:57:30.494092|[g:1][CONSENSUS]addRawPrepare,height=69,reqIdx=0,hash=202b796e...
info|2019-12-12 18:57:30.494393|[g:1][CONSENSUS][PBFT]checkTimeout Succ,view=5672,toView=5673,nodeIdx=2,changeCycle=0,myNode=824ae14a...,timecost=0.265
info|2019-12-12 18:57:30.497703|[g:1][CONSENSUS][PBFT]checkAndChangeView: Reach consensus,org_view=5672,org_changeCycle=0,cur_changeCycle=0,to_view=5673
info|2019-12-12 18:57:31.402660|[P2P][Service] heartBeat,connected count=4
info|2019-12-12 18:57:31.502389|[g:1][CONSENSUS]addRawPrepare,height=69,reqIdx=1,hash=80c0ca3a...
info|2019-12-12 18:57:31.502867|[g:1][CONSENSUS][PBFT]checkTimeout Succ,view=5673,toView=5674,nodeIdx=2,changeCycle=0,myNode=824ae14a...,timecost=0.427
info|2019-12-12 18:57:31.508233|[g:1][CONSENSUS][PBFT]checkAndChangeView: Reach consensus,org_view=5673,org_changeCycle=0,cur_changeCycle=0,to_view=5674
info|2019-12-12 18:57:32.510278|[g:1][CONSENSUS][SEALER]++++++++++++++++ Generating seal on,blkNum=69,tx=0,nodeIdx=2,hash=41545054...
info|2019-12-12 18:57:32.518863|[g:1][CONSENSUS][PBFT]checkTimeout Succ,view=5674,toView=5675,nodeIdx=2,changeCycle=0,myNode=824ae14a...,timecost=0.276
info|2019-12-12 18:57:32.520219|[g:1][CONSENSUS][PBFT]checkAndChangeView: Reach consensus,org_view=5674,org_changeCycle=0,cur_changeCycle=0,to_view=5675
info|2019-12-12 18:57:33.521368|[g:1][CONSENSUS]addRawPrepare,height=69,reqIdx=3,hash=1d4a8bf2...
info|2019-12-12 18:57:33.521703|[g:1][CONSENSUS][PBFT]checkTimeout Succ,view=5675,toView=5676,nodeIdx=2,changeCycle=0,myNode=824ae14a...,timecost=0.285
info|2019-12-12 18:57:33.525722|[g:1][CONSENSUS][PBFT]checkAndChangeView: Reach consensus,org_view=5675,org_changeCycle=0,cur_changeCycle=0,to_view=5676
info|2019-12-12 18:57:34.532141|[g:1][CONSENSUS]addRawPrepare,height=69,reqIdx=0,hash=21bdd59c...
info|2019-12-12 18:57:34.532587|[g:1][CONSENSUS][PBFT]checkTimeout Succ,view=5676,toView=5677,nodeIdx=2,changeCycle=0,myNode=824ae14a...,timecost=0.386
info|2019-12-12 18:57:34.537529|[g:1][CONSENSUS][PBFT]checkAndChangeView: Reach consensus,org_view=5676,org_changeCycle=0,cur_changeCycle=0,to_view=5677
info|2019-12-12 18:57:35.541647|[g:1][CONSENSUS]addRawPrepare,height=69,reqIdx=1,hash=de932720...
info|2019-12-12 18:57:35.541961|[g:1][CONSENSUS][PBFT]checkTimeout Succ,view=5677,toView=5678,nodeIdx=2,changeCycle=0,myNode=824ae14a...,timecost=0.275
info|2019-12-12 18:57:35.545478|[g:1][CONSENSUS][PBFT]checkAndChangeView: Reach consensus,org_view=5677,org_changeCycle=0,cur_changeCycle=0,to_view=5678
info|2019-12-12 18:57:36.546638|[g:1][CONSENSUS][SEALER]++++++++++++++++ Generating seal on,blkNum=69,tx=0,nodeIdx=2,hash=aac71876...
info|2019-12-12 18:57:36.555210|[g:1][CONSENSUS][PBFT]checkTimeout Succ,view=5678,toView=5679,nodeIdx=2,changeCycle=0,myNode=824ae14a...,timecost=0.34
info|2019-12-12 18:57:36.557224|[g:1][CONSENSUS][PBFT]checkAndChangeView: Reach consensus,org_view=5678,org_changeCycle=0,cur_changeCycle=0,to_view=5679
info|2019-12-12 18:57:37.559412|[g:1][CONSENSUS]addRawPrepare,height=69,reqIdx=3,hash=444eb716...
info|2019-12-12 18:57:37.561230|[g:1][CONSENSUS][PBFT]checkTimeout Succ,view=5679,toView=5680,nodeIdx=2,changeCycle=0,myNode=824ae14a...,timecost=1.767
info|2019-12-12 18:57:37.564993|[g:1][CONSENSUS][PBFT]checkAndChangeView: Reach consensus,org_view=5679,org_changeCycle=0,cur_changeCycle=0,to_view=5680
info|2019-12-12 18:57:38.574425|[g:1][CONSENSUS]addRawPrepare,height=69,reqIdx=0,hash=bcd0b6da...
info|2019-12-12 18:57:38.574676|[g:1][CONSENSUS][PBFT]checkTimeout Succ,view=5680,toView=5681,nodeIdx=2,changeCycle=0,myNode=824ae14a...,timecost=0.224
info|2019-12-12 18:57:38.575798|[g:1][CONSENSUS][PBFT]checkAndChangeView: Reach consensus,org_view=5680,org_changeCycle=0,cur_changeCycle=0,to_view=5681
info|2019-12-12 18:57:39.580217|[g:1][CONSENSUS]addRawPrepare,height=69,reqIdx=1,hash=b4d4fd8c...
info|2019-12-12 18:57:39.580681|[g:1][CONSENSUS][PBFT]checkTimeout Succ,view=5681,toView=5682,nodeIdx=2,changeCycle=0,myNode=824ae14a...,timecost=0.417
info|2019-12-12 18:57:39.585641|[g:1][CONSENSUS][PBFT]checkAndChangeView: Reach consensus,org_view=5681,org_changeCycle=0,cur_changeCycle=0,to_view=5682
info|2019-12-12 18:57:40.586117|[g:1][CONSENSUS][SEALER]++++++++++++++++ Generating seal on,blkNum=69,tx=0,nodeIdx=2,hash=e1c56613...
info|2019-12-12 18:57:40.594929|[g:1][CONSENSUS][PBFT]checkTimeout Succ,view=5682,toView=5683,nodeIdx=2,changeCycle=0,myNode=824ae14a...,timecost=0.271
info|2019-12-12 18:57:40.596134|[g:1][CONSENSUS][PBFT]checkAndChangeView: Reach consensus,org_view=5682,org_changeCycle=0,cur_changeCycle=0,to_view=5683
info|2019-12-12 18:57:41.402872|[P2P][Service] heartBeat,connected count=4
info|2019-12-12 18:57:41.596917|[g:1][CONSENSUS]addRawPrepare,height=69,reqIdx=3,hash=33d301bc...
info|2019-12-12 18:57:41.597247|[g:1][CONSENSUS][PBFT]checkTimeout Succ,view=5683,toView=5684,nodeIdx=2,changeCycle=0,myNode=824ae14a...,timecost=0.305
info|2019-12-12 18:57:41.599225|[g:1][CONSENSUS][PBFT]checkAndChangeView: Reach consensus,org_view=5683,org_changeCycle=0,cur_changeCycle=0,to_view=5684
info|2019-12-12 18:57:42.603821|[g:1][CONSENSUS]addRawPrepare,height=69,reqIdx=0,hash=1a5ea8fa...
info|2019-12-12 18:57:42.604113|[g:1][CONSENSUS][PBFT]checkTimeout Succ,view=5684,toView=5685,nodeIdx=2,changeCycle=0,myNode=824ae14a...,timecost=0.262
info|2019-12-12 18:57:42.608044|[g:1][CONSENSUS][PBFT]checkAndChangeView: Reach consensus,org_view=5684,org_changeCycle=0,cur_changeCycle=0,to_view=5685
info|2019-12-12 18:57:43.612074|[g:1][CONSENSUS]addRawPrepare,height=69,reqIdx=1,hash=82ca7d10...
info|2019-12-12 18:57:43.612463|[g:1][CONSENSUS][PBFT]checkTimeout Succ,view=5685,toView=5686,nodeIdx=2,changeCycle=0,myNode=824ae14a...,timecost=0.351
info|2019-12-12 18:57:43.614966|[g:1][CONSENSUS][PBFT]checkAndChangeView: Reach consensus,org_view=5685,org_changeCycle=0,cur_changeCycle=0,to_view=5686
info|2019-12-12 18:57:44.616555|[g:1][CONSENSUS][SEALER]++++++++++++++++ Generating seal on,blkNum=69,tx=0,nodeIdx=2,hash=6df7a945...
info|2019-12-12 18:57:44.627959|[g:1][CONSENSUS][PBFT]checkTimeout Succ,view=5686,toView=5687,nodeIdx=2,changeCycle=0,myNode=824ae14a...,timecost=0.291
info|2019-12-12 18:57:44.630119|[g:1][CONSENSUS][PBFT]checkAndChangeView: Reach consensus,org_view=5686,org_changeCycle=0,cur_changeCycle=0,to_view=5687
info|2019-12-12 18:57:45.628391|[g:1][CONSENSUS]addRawPrepare,height=69,reqIdx=3,hash=a64abd15...
info|2019-12-12 18:57:45.628758|[g:1][CONSENSUS][PBFT]checkTimeout Succ,view=5687,toView=5688,nodeIdx=2,changeCycle=0,myNode=824ae14a...,timecost=0.28
info|2019-12-12 18:57:45.633529|[g:1][CONSENSUS][PBFT]checkAndChangeView: Reach consensus,org_view=5687,org_changeCycle=0,cur_changeCycle=0,to_view=5688
info|2019-12-12 18:57:46.638614|[g:1][CONSENSUS]addRawPrepare,height=69,reqIdx=0,hash=3c02b10e...
info|2019-12-12 18:57:46.643938|[g:1][CONSENSUS][PBFT]checkTimeout Succ,view=5688,toView=5689,nodeIdx=2,changeCycle=0,myNode=824ae14a...,timecost=3.748
info|2019-12-12 18:57:46.644692|[g:1][CONSENSUS][PBFT]checkAndChangeView: Reach consensus,org_view=5688,org_changeCycle=0,cur_changeCycle=0,to_view=5689
info|2019-12-12 18:57:47.650105|[g:1][CONSENSUS]addRawPrepare,height=69,reqIdx=1,hash=eb456b04...
info|2019-12-12 18:57:47.650479|[g:1][CONSENSUS][PBFT]checkTimeout Succ,view=5689,toView=5690,nodeIdx=2,changeCycle=0,myNode=824ae14a...,timecost=0.348
info|2019-12-12 18:57:47.651324|[g:1][CONSENSUS][PBFT]checkAndChangeView: Reach consensus,org_view=5689,org_changeCycle=0,cur_changeCycle=0,to_view=5690
info|2019-12-12 18:57:48.654328|[g:1][CONSENSUS][SEALER]++++++++++++++++ Generating seal on,blkNum=69,tx=0,nodeIdx=2,hash=f1ca0846...
info|2019-12-12 18:57:48.662429|[g:1][CONSENSUS][PBFT]checkTimeout Succ,view=5690,toView=5691,nodeIdx=2,changeCycle=0,myNode=824ae14a...,timecost=0.322
info|2019-12-12 18:57:48.663778|[g:1][CONSENSUS][PBFT]checkAndChangeView: Reach consensus,org_view=5690,org_changeCycle=0,cur_changeCycle=0,to_view=5691
info|2019-12-12 18:57:49.665419|[g:1][CONSENSUS]addRawPrepare,height=69,reqIdx=3,hash=304a77ba...
info|2019-12-12 18:57:49.665742|[g:1][CONSENSUS][PBFT]checkTimeout Succ,view=5691,toView=5692,nodeIdx=2,changeCycle=0,myNode=824ae14a...,timecost=0.295
info|2019-12-12 18:57:49.666974|[g:1][CONSENSUS][PBFT]checkAndChangeView: Reach consensus,org_view=5691,org_changeCycle=0,cur_changeCycle=0,to_view=5692
info|2019-12-12 18:57:50.672991|[g:1][CONSENSUS]addRawPrepare,height=69,reqIdx=0,hash=24ca89bb...
info|2019-12-12 18:57:50.673523|[g:1][CONSENSUS][PBFT]checkTimeout Succ,view=5692,toView=5693,nodeIdx=2,changeCycle=0,myNode=824ae14a...,timecost=0.467
info|2019-12-12 18:57:50.680711|[g:1][CONSENSUS][PBFT]checkAndChangeView: Reach consensus,org_view=5692,org_changeCycle=0,cur_changeCycle=0,to_view=5693
info|2019-12-12 18:57:51.408206|[P2P][Service] heartBeat,connected count=4
info|2019-12-12 18:57:51.684758|[g:1][CONSENSUS]addRawPrepare,height=69,reqIdx=1,hash=e3e0f8d6...
info|2019-12-12 18:57:51.689969|[g:1][CONSENSUS][PBFT]checkTimeout Succ,view=5693,toView=5694,nodeIdx=2,changeCycle=0,myNode=824ae14a...,timecost=5.014
info|2019-12-12 18:57:51.695460|[g:1][CONSENSUS][PBFT]checkAndChangeView: Reach consensus,org_view=5693,org_changeCycle=0,cur_changeCycle=0,to_view=5694
info|2019-12-12 18:57:52.696656|[g:1][CONSENSUS][SEALER]++++++++++++++++ Generating seal on,blkNum=69,tx=0,nodeIdx=2,hash=a0bb0f4a...
info|2019-12-12 18:57:52.712212|[g:1][CONSENSUS][PBFT]checkTimeout Succ,view=5694,toView=5695,nodeIdx=2,changeCycle=0,myNode=824ae14a...,timecost=0.835
info|2019-12-12 18:57:52.716277|[g:1][CONSENSUS][PBFT]checkAndChangeView: Reach consensus,org_view=5694,org_changeCycle=0,cur_changeCycle=0,to_view=5695
info|2019-12-12 18:57:53.714312|[g:1][CONSENSUS]addRawPrepare,height=69,reqIdx=3,hash=89d02afe...
info|2019-12-12 18:57:53.716614|[g:1][CONSENSUS][PBFT]checkTimeout Succ,view=5695,toView=5696,nodeIdx=2,changeCycle=0,myNode=824ae14a...,timecost=2.23
info|2019-12-12 18:57:53.722509|[g:1][CONSENSUS][PBFT]checkAndChangeView: Reach consensus,org_view=5695,org_changeCycle=0,cur_changeCycle=0,to_view=5696
info|2019-12-12 18:57:54.724601|[g:1][CONSENSUS]addRawPrepare,height=69,reqIdx=0,hash=8f576602...
info|2019-12-12 18:57:54.725094|[g:1][CONSENSUS][PBFT]checkTimeout Succ,view=5696,toView=5697,nodeIdx=2,changeCycle=0,myNode=824ae14a...,timecost=0.441
info|2019-12-12 18:57:54.731240|[g:1][CONSENSUS][PBFT]checkAndChangeView: Reach consensus,org_view=5696,org_changeCycle=0,cur_changeCycle=0,to_view=5697
info|2019-12-12 18:57:55.734797|[g:1][CONSENSUS]addRawPrepare,height=69,reqIdx=1,hash=59e2c9a2...
info|2019-12-12 18:57:55.735079|[g:1][CONSENSUS][PBFT]checkTimeout Succ,view=5697,toView=5698,nodeIdx=2,changeCycle=0,myNode=824ae14a...,timecost=0.248
info|2019-12-12 18:57:55.738663|[g:1][CONSENSUS][PBFT]checkAndChangeView: Reach consensus,org_view=5697,org_changeCycle=0,cur_changeCycle=0,to_view=5698
info|2019-12-12 18:57:56.739588|[g:1][CONSENSUS][SEALER]++++++++++++++++ Generating seal on,blkNum=69,tx=0,nodeIdx=2,hash=fe2d2fc0...
info|2019-12-12 18:57:56.750785|[g:1][CONSENSUS][PBFT]checkTimeout Succ,view=5698,toView=5699,nodeIdx=2,changeCycle=0,myNode=824ae14a...,timecost=0.292
info|2019-12-12 18:57:56.752181|[g:1][CONSENSUS][PBFT]checkAndChangeView: Reach consensus,org_view=5698,org_changeCycle=0,cur_changeCycle=0,to_view=5699
info|2019-12-12 18:57:57.752825|[g:1][CONSENSUS]addRawPrepare,height=69,reqIdx=3,hash=d609097a...
info|2019-12-12 18:57:57.753274|[g:1][CONSENSUS][PBFT]checkTimeout Succ,view=5699,toView=5700,nodeIdx=2,changeCycle=0,myNode=824ae14a...,timecost=0.385
info|2019-12-12 18:57:57.759578|[g:1][CONSENSUS][PBFT]checkAndChangeView: Reach consensus,org_view=5699,org_changeCycle=0,cur_changeCycle=0,to_view=5700
info|2019-12-12 18:57:58.779196|[g:1][CONSENSUS]addRawPrepare,height=69,reqIdx=0,hash=38799c44...
info|2019-12-12 18:57:58.781721|[g:1][CONSENSUS][PBFT]checkTimeout Succ,view=5700,toView=5701,nodeIdx=2,changeCycle=0,myNode=824ae14a...,timecost=2.177
info|2019-12-12 18:57:58.786591|[g:1][CONSENSUS][PBFT]checkAndChangeView: Reach consensus,org_view=5700,org_changeCycle=0,cur_changeCycle=0,to_view=5701
info|2019-12-12 18:57:59.792769|[g:1][CONSENSUS]addRawPrepare,height=69,reqIdx=1,hash=68c14a17...
info|2019-12-12 18:57:59.797870|[g:1][CONSENSUS][PBFT]checkTimeout Succ,view=5701,toView=5702,nodeIdx=2,changeCycle=0,myNode=824ae14a...,timecost=4.449
info|2019-12-12 18:57:59.799617|[g:1][CONSENSUS][PBFT]checkAndChangeView: Reach consensus,org_view=5701,org_changeCycle=0,cur_changeCycle=0,to_view=5702
info|2019-12-12 18:58:00.800507|[g:1][CONSENSUS][SEALER]++++++++++++++++ Generating seal on,blkNum=69,tx=0,nodeIdx=2,hash=eec14b5f...
info|2019-12-12 18:58:00.814189|[g:1][CONSENSUS][PBFT]checkTimeout Succ,view=5702,toView=5703,nodeIdx=2,changeCycle=0,myNode=824ae14a...,timecost=0.322
info|2019-12-12 18:58:00.816559|[g:1][CONSENSUS][PBFT]checkAndChangeView: Reach consensus,org_view=5702,org_changeCycle=0,cur_changeCycle=0,to_view=5703
info|2019-12-12 18:58:01.409102|[P2P][Service] heartBeat,connected count=4
info|2019-12-12 18:58:01.816901|[g:1][CONSENSUS]addRawPrepare,height=69,reqIdx=3,hash=e2de1c1c...
info|2019-12-12 18:58:01.820339|[g:1][CONSENSUS][PBFT]checkTimeout Succ,view=5703,toView=5704,nodeIdx=2,changeCycle=0,myNode=824ae14a...,timecost=3.2
info|2019-12-12 18:58:01.821034|[g:1][CONSENSUS][PBFT]checkAndChangeView: Reach consensus,org_view=5703,org_changeCycle=0,cur_changeCycle=0,to_view=5704
info|2019-12-12 18:58:02.828781|[g:1][CONSENSUS]addRawPrepare,height=69,reqIdx=0,hash=50194cd5...
info|2019-12-12 18:58:02.830505|[g:1][CONSENSUS][PBFT]checkTimeout Succ,view=5704,toView=5705,nodeIdx=2,changeCycle=0,myNode=824ae14a...,timecost=1.602
info|2019-12-12 18:58:02.833131|[g:1][CONSENSUS][PBFT]checkAndChangeView: Reach consensus,org_view=5704,org_changeCycle=0,cur_changeCycle=0,to_view=5705
info|2019-12-12 18:58:03.841338|[g:1][CONSENSUS]addRawPrepare,height=69,reqIdx=1,hash=989edc57...
info|2019-12-12 18:58:03.841761|[g:1][CONSENSUS][PBFT]checkTimeout Succ,view=5705,toView=5706,nodeIdx=2,changeCycle=0,myNode=824ae14a...,timecost=0.324
info|2019-12-12 18:58:03.846962|[g:1][CONSENSUS][PBFT]checkAndChangeView: Reach consensus,org_view=5705,org_changeCycle=0,cur_changeCycle=0,to_view=5706
info|2019-12-12 18:58:04.850769|[g:1][CONSENSUS][SEALER]++++++++++++++++ Generating seal on,blkNum=69,tx=0,nodeIdx=2,hash=ec0ebc52...
info|2019-12-12 18:58:04.866882|[g:1][CONSENSUS][PBFT]checkTimeout Succ,view=5706,toView=5707,nodeIdx=2,changeCycle=0,myNode=824ae14a...,timecost=0.395
info|2019-12-12 18:58:04.869855|[g:1][CONSENSUS][PBFT]checkAndChangeView: Reach consensus,org_view=5706,org_changeCycle=0,cur_changeCycle=0,to_view=5707
info|2019-12-12 18:58:05.872276|[g:1][CONSENSUS]addRawPrepare,height=69,reqIdx=3,hash=79d008fd...
info|2019-12-12 18:58:05.874121|[g:1][CONSENSUS][PBFT]checkTimeout Succ,view=5707,toView=5708,nodeIdx=2,changeCycle=0,myNode=824ae14a...,timecost=1.772
info|2019-12-12 18:58:05.877319|[g:1][CONSENSUS][PBFT]checkAndChangeView: Reach consensus,org_view=5707,org_changeCycle=0,cur_changeCycle=0,to_view=5708
info|2019-12-12 18:58:06.881965|[g:1][CONSENSUS]addRawPrepare,height=69,reqIdx=0,hash=475a94e2...
info|2019-12-12 18:58:06.886627|[g:1][CONSENSUS][PBFT]checkTimeout Succ,view=5708,toView=5709,nodeIdx=2,changeCycle=0,myNode=824ae14a...,timecost=1.575
info|2019-12-12 18:58:06.888812|[g:1][CONSENSUS][PBFT]checkAndChangeView: Reach consensus,org_view=5708,org_changeCycle=0,cur_changeCycle=0,to_view=5709
info|2019-12-12 18:58:07.895907|[g:1][CONSENSUS]addRawPrepare,height=69,reqIdx=1,hash=667a684c...
info|2019-12-12 18:58:07.904563|[g:1][CONSENSUS][PBFT]checkTimeout Succ,view=5709,toView=5710,nodeIdx=2,changeCycle=0,myNode=824ae14a...,timecost=8.613
info|2019-12-12 18:58:07.908890|[g:1][CONSENSUS][PBFT]checkAndChangeView: Reach consensus,org_view=5709,org_changeCycle=0,cur_changeCycle=0,to_view=5710
info|2019-12-12 18:58:08.910647|[g:1][CONSENSUS][SEALER]++++++++++++++++ Generating seal on,blkNum=69,tx=0,nodeIdx=2,hash=983faac6...
info|2019-12-12 18:58:08.924971|[g:1][CONSENSUS][PBFT]checkTimeout Succ,view=5710,toView=5711,nodeIdx=2,changeCycle=0,myNode=824ae14a...,timecost=0.454
info|2019-12-12 18:58:08.927484|[g:1][CONSENSUS][PBFT]checkAndChangeView: Reach consensus,org_view=5710,org_changeCycle=0,cur_changeCycle=0,to_view=5711
info|2019-12-12 18:58:09.925196|[g:1][CONSENSUS]addRawPrepare,height=69,reqIdx=3,hash=0fd2cccc...
info|2019-12-12 18:58:09.925643|[g:1][CONSENSUS][PBFT]checkTimeout Succ,view=5711,toView=5712,nodeIdx=2,changeCycle=0,myNode=824ae14a...,timecost=0.385
info|2019-12-12 18:58:09.933790|[g:1][CONSENSUS][PBFT]checkAndChangeView: Reach consensus,org_view=5711,org_changeCycle=0,cur_changeCycle=0,to_view=5712
info|2019-12-12 18:58:10.937461|[g:1][CONSENSUS]addRawPrepare,height=69,reqIdx=0,hash=35bdda8c...
info|2019-12-12 18:58:10.937930|[g:1][CONSENSUS][PBFT]checkTimeout Succ,view=5712,toView=5713,nodeIdx=2,changeCycle=0,myNode=824ae14a...,timecost=0.431
info|2019-12-12 18:58:10.944596|[g:1][CONSENSUS][PBFT]checkAndChangeView: Reach consensus,org_view=5712,org_changeCycle=0,cur_changeCycle=0,to_view=5713
info|2019-12-12 18:58:11.409700|[P2P][Service] heartBeat,connected count=4
info|2019-12-12 18:58:11.946775|[g:1][CONSENSUS]addRawPrepare,height=69,reqIdx=1,hash=cdaee004...
info|2019-12-12 18:58:11.947395|[g:1][CONSENSUS][PBFT]checkTimeout Succ,view=5713,toView=5714,nodeIdx=2,changeCycle=0,myNode=824ae14a...,timecost=0.481
info|2019-12-12 18:58:11.953696|[g:1][CONSENSUS][PBFT]checkAndChangeView: Reach consensus,org_view=5713,org_changeCycle=0,cur_changeCycle=0,to_view=5714
info|2019-12-12 18:58:12.955338|[g:1][CONSENSUS][SEALER]++++++++++++++++ Generating seal on,blkNum=69,tx=0,nodeIdx=2,hash=a5571e4a...
info|2019-12-12 18:58:12.970085|[g:1][CONSENSUS][PBFT]checkTimeout Succ,view=5714,toView=5715,nodeIdx=2,changeCycle=0,myNode=824ae14a...,timecost=0.404
info|2019-12-12 18:58:12.972002|[g:1][CONSENSUS][PBFT]checkAndChangeView: Reach consensus,org_view=5714,org_changeCycle=0,cur_changeCycle=0,to_view=5715
info|2019-12-12 18:58:13.972980|[g:1][CONSENSUS]addRawPrepare,height=69,reqIdx=3,hash=07b30eac...
info|2019-12-12 18:58:13.973420|[g:1][CONSENSUS][PBFT]checkTimeout Succ,view=5715,toView=5716,nodeIdx=2,changeCycle=0,myNode=824ae14a...,timecost=0.379
info|2019-12-12 18:58:13.980526|[g:1][CONSENSUS][PBFT]checkAndChangeView: Reach consensus,org_view=5715,org_changeCycle=0,cur_changeCycle=0,to_view=5716
info|2019-12-12 18:58:14.990206|[g:1][CONSENSUS]addRawPrepare,height=69,reqIdx=0,hash=cea5b47d...
info|2019-12-12 18:58:14.990657|[g:1][CONSENSUS][PBFT]checkTimeout Succ,view=5716,toView=5717,nodeIdx=2,changeCycle=0,myNode=824ae14a...,timecost=0.445
info|2019-12-12 18:58:14.997265|[g:1][CONSENSUS][PBFT]checkAndChangeView: Reach consensus,org_view=5716,org_changeCycle=0,cur_changeCycle=0,to_view=5717
info|2019-12-12 18:58:16.003428|[g:1][CONSENSUS]addRawPrepare,height=69,reqIdx=1,hash=b5a980c6...
info|2019-12-12 18:58:16.003961|[g:1][CONSENSUS][PBFT]checkTimeout Succ,view=5717,toView=5718,nodeIdx=2,changeCycle=0,myNode=824ae14a...,timecost=0.387
info|2019-12-12 18:58:16.011543|[g:1][CONSENSUS][PBFT]checkAndChangeView: Reach consensus,org_view=5717,org_changeCycle=0,cur_changeCycle=0,to_view=5718
info|2019-12-12 18:58:17.013490|[g:1][CONSENSUS][SEALER]++++++++++++++++ Generating seal on,blkNum=69,tx=0,nodeIdx=2,hash=7ba18b9b...
info|2019-12-12 18:58:17.027283|[g:1][CONSENSUS][PBFT]checkTimeout Succ,view=5718,toView=5719,nodeIdx=2,changeCycle=0,myNode=824ae14a...,timecost=0.949
info|2019-12-12 18:58:17.030748|[g:1][CONSENSUS][PBFT]checkAndChangeView: Reach consensus,org_view=5718,org_changeCycle=0,cur_changeCycle=0,to_view=5719
info|2019-12-12 18:58:18.031169|[g:1][CONSENSUS]addRawPrepare,height=69,reqIdx=3,hash=0a4ad0b1...
info|2019-12-12 18:58:18.031596|[g:1][CONSENSUS][PBFT]checkTimeout Succ,view=5719,toView=5720,nodeIdx=2,changeCycle=0,myNode=824ae14a...,timecost=0.366
info|2019-12-12 18:58:18.035644|[g:1][CONSENSUS][PBFT]checkAndChangeView: Reach consensus,org_view=5719,org_changeCycle=0,cur_changeCycle=0,to_view=5720
info|2019-12-12 18:58:19.042681|[g:1][CONSENSUS]addRawPrepare,height=69,reqIdx=0,hash=c1f0bc01...
info|2019-12-12 18:58:19.043137|[g:1][CONSENSUS][PBFT]checkTimeout Succ,view=5720,toView=5721,nodeIdx=2,changeCycle=0,myNode=824ae14a...,timecost=0.409
info|2019-12-12 18:58:19.048045|[g:1][CONSENSUS][PBFT]checkAndChangeView: Reach consensus,org_view=5720,org_changeCycle=0,cur_changeCycle=0,to_view=5721
info|2019-12-12 18:58:20.056614|[g:1][CONSENSUS]addRawPrepare,height=69,reqIdx=1,hash=3855b648...
info|2019-12-12 18:58:20.062530|[g:1][CONSENSUS][PBFT]checkTimeout Succ,view=5721,toView=5722,nodeIdx=2,changeCycle=0,myNode=824ae14a...,timecost=6.018
info|2019-12-12 18:58:20.066739|[g:1][CONSENSUS][PBFT]checkAndChangeView: Reach consensus,org_view=5721,org_changeCycle=0,cur_changeCycle=0,to_view=5722
info|2019-12-12 18:58:21.067405|[g:1][CONSENSUS][SEALER]++++++++++++++++ Generating seal on,blkNum=69,tx=0,nodeIdx=2,hash=dd30a3f6...
info|2019-12-12 18:58:21.081876|[g:1][CONSENSUS][PBFT]checkTimeout Succ,view=5722,toView=5723,nodeIdx=2,changeCycle=0,myNode=824ae14a...,timecost=0.414
info|2019-12-12 18:58:21.083690|[g:1][CONSENSUS][PBFT]checkAndChangeView: Reach consensus,org_view=5722,org_changeCycle=0,cur_changeCycle=0,to_view=5723
info|2019-12-12 18:58:21.410296|[P2P][Service] heartBeat,connected count=4
info|2019-12-12 18:58:22.083211|[g:1][CONSENSUS]addRawPrepare,height=69,reqIdx=3,hash=2e8e1b46...
info|2019-12-12 18:58:22.083679|[g:1][CONSENSUS][PBFT]checkTimeout Succ,view=5723,toView=5724,nodeIdx=2,changeCycle=0,myNode=824ae14a...,timecost=0.359
info|2019-12-12 18:58:22.089893|[g:1][CONSENSUS][PBFT]checkAndChangeView: Reach consensus,org_view=5723,org_changeCycle=0,cur_changeCycle=0,to_view=5724
info|2019-12-12 18:58:23.093805|[g:1][CONSENSUS]addRawPrepare,height=69,reqIdx=0,hash=52bf3d56...
info|2019-12-12 18:58:23.094122|[g:1][CONSENSUS][PBFT]checkTimeout Succ,view=5724,toView=5725,nodeIdx=2,changeCycle=0,myNode=824ae14a...,timecost=0.281
info|2019-12-12 18:58:23.096769|[g:1][CONSENSUS][PBFT]checkAndChangeView: Reach consensus,org_view=5724,org_changeCycle=0,cur_changeCycle=0,to_view=5725
info|2019-12-12 18:58:24.106089|[g:1][CONSENSUS]addRawPrepare,height=69,reqIdx=1,hash=031ed430...
info|2019-12-12 18:58:24.108497|[g:1][CONSENSUS][PBFT]checkTimeout Succ,view=5725,toView=5726,nodeIdx=2,changeCycle=0,myNode=824ae14a...,timecost=1.917
info|2019-12-12 18:58:24.110168|[g:1][CONSENSUS][PBFT]checkAndChangeView: Reach consensus,org_view=5725,org_changeCycle=0,cur_changeCycle=0,to_view=5726
info|2019-12-12 18:58:25.112487|[g:1][CONSENSUS][SEALER]++++++++++++++++ Generating seal on,blkNum=69,tx=0,nodeIdx=2,hash=b2db737a...
info|2019-12-12 18:58:25.130928|[g:1][CONSENSUS][PBFT]checkTimeout Succ,view=5726,toView=5727,nodeIdx=2,changeCycle=0,myNode=824ae14a...,timecost=0.407
info|2019-12-12 18:58:25.145039|[g:1][CONSENSUS][PBFT]checkAndChangeView: Reach consensus,org_view=5726,org_changeCycle=0,cur_changeCycle=0,to_view=5727
info|2019-12-12 18:58:26.138745|[g:1][CONSENSUS]addRawPrepare,height=69,reqIdx=3,hash=02383c93...
info|2019-12-12 18:58:26.139172|[g:1][CONSENSUS][PBFT]checkTimeout Succ,view=5727,toView=5728,nodeIdx=2,changeCycle=0,myNode=824ae14a...,timecost=0.433
info|2019-12-12 18:58:26.143967|[g:1][CONSENSUS][PBFT]checkAndChangeView: Reach consensus,org_view=5727,org_changeCycle=0,cur_changeCycle=0,to_view=5728
info|2019-12-12 18:58:27.151657|[g:1][CONSENSUS]addRawPrepare,height=69,reqIdx=0,hash=79a3ccfe...
info|2019-12-12 18:58:27.156426|[g:1][CONSENSUS][PBFT]checkTimeout Succ,view=5728,toView=5729,nodeIdx=2,changeCycle=0,myNode=824ae14a...,timecost=2.757
info|2019-12-12 18:58:27.158394|[g:1][CONSENSUS][PBFT]checkAndChangeView: Reach consensus,org_view=5728,org_changeCycle=0,cur_changeCycle=0,to_view=5729
info|2019-12-12 18:58:28.163728|[g:1][CONSENSUS]addRawPrepare,height=69,reqIdx=1,hash=ac82b6a6...
info|2019-12-12 18:58:28.166946|[g:1][CONSENSUS][PBFT]checkTimeout Succ,view=5729,toView=5730,nodeIdx=2,changeCycle=0,myNode=824ae14a...,timecost=3.175
info|2019-12-12 18:58:28.170985|[g:1][CONSENSUS][PBFT]checkAndChangeView: Reach consensus,org_view=5729,org_changeCycle=0,cur_changeCycle=0,to_view=5730
info|2019-12-12 18:58:29.171154|[g:1][CONSENSUS][SEALER]++++++++++++++++ Generating seal on,blkNum=69,tx=0,nodeIdx=2,hash=be3596c4...
info|2019-12-12 18:58:29.186029|[g:1][CONSENSUS][PBFT]checkTimeout Succ,view=5730,toView=5731,nodeIdx=2,changeCycle=0,myNode=824ae14a...,timecost=0.432
info|2019-12-12 18:58:29.188103|[g:1][CONSENSUS][PBFT]checkAndChangeView: Reach consensus,org_view=5730,org_changeCycle=0,cur_changeCycle=0,to_view=5731
info|2019-12-12 18:58:30.186086|[g:1][CONSENSUS]addRawPrepare,height=69,reqIdx=3,hash=9e221e9c...
info|2019-12-12 18:58:30.189102|[g:1][CONSENSUS][PBFT]checkTimeout Succ,view=5731,toView=5732,nodeIdx=2,changeCycle=0,myNode=824ae14a...,timecost=2.951
info|2019-12-12 18:58:30.191320|[g:1][CONSENSUS][PBFT]checkAndChangeView: Reach consensus,org_view=5731,org_changeCycle=0,cur_changeCycle=0,to_view=5732
info|2019-12-12 18:58:31.196528|[g:1][CONSENSUS]addRawPrepare,height=69,reqIdx=0,hash=fa2143fa...
info|2019-12-12 18:58:31.196961|[g:1][CONSENSUS][PBFT]checkTimeout Succ,view=5732,toView=5733,nodeIdx=2,changeCycle=0,myNode=824ae14a...,timecost=0.399
info|2019-12-12 18:58:31.200963|[g:1][CONSENSUS][PBFT]checkAndChangeView: Reach consensus,org_view=5732,org_changeCycle=0,cur_changeCycle=0,to_view=5733
info|2019-12-12 18:58:31.411725|[P2P][Service] heartBeat,connected count=4
info|2019-12-12 18:58:32.206430|[g:1][CONSENSUS]addRawPrepare,height=69,reqIdx=1,hash=6b3a880c...
info|2019-12-12 18:58:32.206897|[g:1][CONSENSUS][PBFT]checkTimeout Succ,view=5733,toView=5734,nodeIdx=2,changeCycle=0,myNode=824ae14a...,timecost=0.418
info|2019-12-12 18:58:32.214865|[g:1][CONSENSUS][PBFT]checkAndChangeView: Reach consensus,org_view=5733,org_changeCycle=0,cur_changeCycle=0,to_view=5734
info|2019-12-12 18:58:33.222373|[g:1][CONSENSUS][SEALER]++++++++++++++++ Generating seal on,blkNum=69,tx=0,nodeIdx=2,hash=b2d84969...
info|2019-12-12 18:58:33.241433|[g:1][CONSENSUS][PBFT]checkTimeout Succ,view=5734,toView=5735,nodeIdx=2,changeCycle=0,myNode=824ae14a...,timecost=1.523
info|2019-12-12 18:58:33.244569|[g:1][CONSENSUS][PBFT]checkAndChangeView: Reach consensus,org_view=5734,org_changeCycle=0,cur_changeCycle=0,to_view=5735
info|2019-12-12 18:58:34.241195|[g:1][CONSENSUS]addRawPrepare,height=69,reqIdx=3,hash=d3111aba...
info|2019-12-12 18:58:34.245230|[g:1][CONSENSUS][PBFT]checkTimeout Succ,view=5735,toView=5736,nodeIdx=2,changeCycle=0,myNode=824ae14a...,timecost=3.966
info|2019-12-12 18:58:34.288390|[g:1][CONSENSUS][PBFT]checkAndChangeView: Reach consensus,org_view=5735,org_changeCycle=0,cur_changeCycle=0,to_view=5736
info|2019-12-12 18:58:35.253421|[g:1][CONSENSUS]addRawPrepare,height=69,reqIdx=0,hash=0b79af13...
info|2019-12-12 18:58:35.253743|[g:1][CONSENSUS][PBFT]checkTimeout Succ,view=5736,toView=5737,nodeIdx=2,changeCycle=0,myNode=824ae14a...,timecost=0.27
info|2019-12-12 18:58:35.259297|[g:1][CONSENSUS][PBFT]checkAndChangeView: Reach consensus,org_view=5736,org_changeCycle=0,cur_changeCycle=0,to_view=5737
info|2019-12-12 18:58:36.267730|[g:1][CONSENSUS]addRawPrepare,height=69,reqIdx=1,hash=17ca5c40...
info|2019-12-12 18:58:36.268070|[g:1][CONSENSUS][PBFT]checkTimeout Succ,view=5737,toView=5738,nodeIdx=2,changeCycle=0,myNode=824ae14a...,timecost=0.318
info|2019-12-12 18:58:36.271889|[g:1][CONSENSUS][PBFT]checkAndChangeView: Reach consensus,org_view=5737,org_changeCycle=0,cur_changeCycle=0,to_view=5738
info|2019-12-12 18:58:37.273941|[g:1][CONSENSUS][SEALER]++++++++++++++++ Generating seal on,blkNum=69,tx=0,nodeIdx=2,hash=62331f35...
info|2019-12-12 18:58:37.296048|[g:1][CONSENSUS][PBFT]checkTimeout Succ,view=5738,toView=5739,nodeIdx=2,changeCycle=0,myNode=824ae14a...,timecost=0.439
info|2019-12-12 18:58:37.298607|[g:1][CONSENSUS][PBFT]checkAndChangeView: Reach consensus,org_view=5738,org_changeCycle=0,cur_changeCycle=0,to_view=5739
info|2019-12-12 18:58:38.292832|[g:1][CONSENSUS]addRawPrepare,height=69,reqIdx=3,hash=fe8a35e7...
info|2019-12-12 18:58:38.293274|[g:1][CONSENSUS][PBFT]checkTimeout Succ,view=5739,toView=5740,nodeIdx=2,changeCycle=0,myNode=824ae14a...,timecost=0.375
info|2019-12-12 18:58:38.296729|[g:1][CONSENSUS][PBFT]checkAndChangeView: Reach consensus,org_view=5739,org_changeCycle=0,cur_changeCycle=0,to_view=5740
info|2019-12-12 18:58:39.302562|[g:1][CONSENSUS]addRawPrepare,height=69,reqIdx=0,hash=a1151aa8...
info|2019-12-12 18:58:39.303078|[g:1][CONSENSUS][PBFT]checkTimeout Succ,view=5740,toView=5741,nodeIdx=2,changeCycle=0,myNode=824ae14a...,timecost=0.452
info|2019-12-12 18:58:39.312546|[g:1][CONSENSUS][PBFT]checkAndChangeView: Reach consensus,org_view=5740,org_changeCycle=0,cur_changeCycle=0,to_view=5741
info|2019-12-12 18:58:40.318655|[g:1][CONSENSUS]addRawPrepare,height=69,reqIdx=1,hash=6d0196a8...
info|2019-12-12 18:58:40.325521|[g:1][CONSENSUS][PBFT]checkTimeout Succ,view=5741,toView=5742,nodeIdx=2,changeCycle=0,myNode=824ae14a...,timecost=6.682
info|2019-12-12 18:58:40.329511|[g:1][CONSENSUS][PBFT]checkAndChangeView: Reach consensus,org_view=5741,org_changeCycle=0,cur_changeCycle=0,to_view=5742
info|2019-12-12 18:58:41.332785|[g:1][CONSENSUS][SEALER]++++++++++++++++ Generating seal on,blkNum=69,tx=0,nodeIdx=2,hash=5f1367ea...
info|2019-12-12 18:58:41.348311|[g:1][CONSENSUS][PBFT]checkTimeout Succ,view=5742,toView=5743,nodeIdx=2,changeCycle=0,myNode=824ae14a...,timecost=0.389
info|2019-12-12 18:58:41.353247|[g:1][CONSENSUS][PBFT]checkAndChangeView: Reach consensus,org_view=5742,org_changeCycle=0,cur_changeCycle=0,to_view=5743
info|2019-12-12 18:58:41.412410|[P2P][Service] heartBeat,connected count=4
info|2019-12-12 18:58:42.354347|[g:1][CONSENSUS]addRawPrepare,height=69,reqIdx=3,hash=2d82dfa7...
info|2019-12-12 18:58:42.355901|[g:1][CONSENSUS][PBFT]checkTimeout Succ,view=5743,toView=5744,nodeIdx=2,changeCycle=0,myNode=824ae14a...,timecost=1.449
info|2019-12-12 18:58:42.359006|[g:1][CONSENSUS][PBFT]checkAndChangeView: Reach consensus,org_view=5743,org_changeCycle=0,cur_changeCycle=0,to_view=5744
info|2019-12-12 18:58:43.371988|[g:1][CONSENSUS]addRawPrepare,height=69,reqIdx=0,hash=3ce4c1a8...
info|2019-12-12 18:58:43.372415|[g:1][CONSENSUS][PBFT]checkTimeout Succ,view=5744,toView=5745,nodeIdx=2,changeCycle=0,myNode=824ae14a...,timecost=0.381
info|2019-12-12 18:58:43.382093|[g:1][CONSENSUS][PBFT]checkAndChangeView: Reach consensus,org_view=5744,org_changeCycle=0,cur_changeCycle=0,to_view=5745
info|2019-12-12 18:58:44.394807|[g:1][CONSENSUS]addRawPrepare,height=69,reqIdx=1,hash=5bef4c59...
info|2019-12-12 18:58:44.398478|[g:1][CONSENSUS][PBFT]checkTimeout Succ,view=5745,toView=5746,nodeIdx=2,changeCycle=0,myNode=824ae14a...,timecost=3.618
info|2019-12-12 18:58:44.399532|[g:1][CONSENSUS][PBFT]checkAndChangeView: Reach consensus,org_view=5745,org_changeCycle=0,cur_changeCycle=0,to_view=5746
info|2019-12-12 18:58:45.401776|[g:1][CONSENSUS][SEALER]++++++++++++++++ Generating seal on,blkNum=69,tx=0,nodeIdx=2,hash=cdddb61f...
info|2019-12-12 18:58:45.416822|[g:1][CONSENSUS][PBFT]checkTimeout Succ,view=5746,toView=5747,nodeIdx=2,changeCycle=0,myNode=824ae14a...,timecost=0.447
info|2019-12-12 18:58:45.418684|[g:1][CONSENSUS][PBFT]checkAndChangeView: Reach consensus,org_view=5746,org_changeCycle=0,cur_changeCycle=0,to_view=5747
info|2019-12-12 18:58:46.420186|[g:1][CONSENSUS]addRawPrepare,height=69,reqIdx=3,hash=42252f8f...
info|2019-12-12 18:58:46.420509|[g:1][CONSENSUS][PBFT]checkTimeout Succ,view=5747,toView=5748,nodeIdx=2,changeCycle=0,myNode=824ae14a...,timecost=0.253
info|2019-12-12 18:58:46.422769|[g:1][CONSENSUS][PBFT]checkAndChangeView: Reach consensus,org_view=5747,org_changeCycle=0,cur_changeCycle=0,to_view=5748
info|2019-12-12 18:58:47.429849|[g:1][CONSENSUS]addRawPrepare,height=69,reqIdx=0,hash=8e78419a...
info|2019-12-12 18:58:47.431726|[g:1][CONSENSUS][PBFT]checkTimeout Succ,view=5748,toView=5749,nodeIdx=2,changeCycle=0,myNode=824ae14a...,timecost=1.723
info|2019-12-12 18:58:47.436185|[g:1][CONSENSUS][PBFT]checkAndChangeView: Reach consensus,org_view=5748,org_changeCycle=0,cur_changeCycle=0,to_view=5749
info|2019-12-12 18:58:48.443469|[g:1][CONSENSUS]addRawPrepare,height=69,reqIdx=1,hash=f9912079...
info|2019-12-12 18:58:48.449773|[g:1][CONSENSUS][PBFT]checkTimeout Succ,view=5749,toView=5750,nodeIdx=2,changeCycle=0,myNode=824ae14a...,timecost=2.464
info|2019-12-12 18:58:48.450559|[g:1][CONSENSUS][PBFT]checkAndChangeView: Reach consensus,org_view=5749,org_changeCycle=0,cur_changeCycle=0,to_view=5750
info|2019-12-12 18:58:49.452426|[g:1][CONSENSUS][SEALER]++++++++++++++++ Generating seal on,blkNum=69,tx=0,nodeIdx=2,hash=7787dfbd...
info|2019-12-12 18:58:49.470723|[g:1][CONSENSUS][PBFT]checkTimeout Succ,view=5750,toView=5751,nodeIdx=2,changeCycle=0,myNode=824ae14a...,timecost=0.41
info|2019-12-12 18:58:49.473048|[g:1][CONSENSUS][PBFT]checkAndChangeView: Reach consensus,org_view=5750,org_changeCycle=0,cur_changeCycle=0,to_view=5751
info|2019-12-12 18:58:50.481675|[g:1][CONSENSUS]addRawPrepare,height=69,reqIdx=3,hash=6ae5b0df...
info|2019-12-12 18:58:50.484592|[g:1][CONSENSUS][PBFT]checkTimeout Succ,view=5751,toView=5752,nodeIdx=2,changeCycle=0,myNode=824ae14a...,timecost=2.849
info|2019-12-12 18:58:50.488394|[g:1][CONSENSUS][PBFT]checkAndChangeView: Reach consensus,org_view=5751,org_changeCycle=0,cur_changeCycle=0,to_view=5752
info|2019-12-12 18:58:51.413069|[P2P][Service] heartBeat,connected count=4
info|2019-12-12 18:58:51.492185|[g:1][CONSENSUS]addRawPrepare,height=69,reqIdx=0,hash=b9f925d6...
info|2019-12-12 18:58:51.492663|[g:1][CONSENSUS][PBFT]checkTimeout Succ,view=5752,toView=5753,nodeIdx=2,changeCycle=0,myNode=824ae14a...,timecost=0.393
info|2019-12-12 18:58:51.501464|[g:1][CONSENSUS][PBFT]checkAndChangeView: Reach consensus,org_view=5752,org_changeCycle=0,cur_changeCycle=0,to_view=5753
info|2019-12-12 18:58:52.510238|[g:1][CONSENSUS]addRawPrepare,height=69,reqIdx=1,hash=5d4b2ab6...
info|2019-12-12 18:58:52.513762|[g:1][CONSENSUS][PBFT]checkTimeout Succ,view=5753,toView=5754,nodeIdx=2,changeCycle=0,myNode=824ae14a...,timecost=3.42
info|2019-12-12 18:58:52.517854|[g:1][CONSENSUS][PBFT]checkAndChangeView: Reach consensus,org_view=5753,org_changeCycle=0,cur_changeCycle=0,to_view=5754
info|2019-12-12 18:58:53.519565|[g:1][CONSENSUS][SEALER]++++++++++++++++ Generating seal on,blkNum=69,tx=0,nodeIdx=2,hash=083793a3...
info|2019-12-12 18:58:53.533626|[g:1][CONSENSUS][PBFT]checkTimeout Succ,view=5754,toView=5755,nodeIdx=2,changeCycle=0,myNode=824ae14a...,timecost=0.422
info|2019-12-12 18:58:53.535940|[g:1][CONSENSUS][PBFT]checkAndChangeView: Reach consensus,org_view=5754,org_changeCycle=0,cur_changeCycle=0,to_view=5755
info|2019-12-12 18:58:54.536316|[g:1][CONSENSUS]addRawPrepare,height=69,reqIdx=3,hash=0349e0de...
info|2019-12-12 18:58:54.538533|[g:1][CONSENSUS][PBFT]checkTimeout Succ,view=5755,toView=5756,nodeIdx=2,changeCycle=0,myNode=824ae14a...,timecost=2.138
info|2019-12-12 18:58:54.543060|[g:1][CONSENSUS][PBFT]checkAndChangeView: Reach consensus,org_view=5755,org_changeCycle=0,cur_changeCycle=0,to_view=5756
info|2019-12-12 18:58:55.546395|[g:1][CONSENSUS]addRawPrepare,height=69,reqIdx=0,hash=24c3185c...
info|2019-12-12 18:58:55.546870|[g:1][CONSENSUS][PBFT]checkTimeout Succ,view=5756,toView=5757,nodeIdx=2,changeCycle=0,myNode=824ae14a...,timecost=0.421
info|2019-12-12 18:58:55.548335|[g:1][CONSENSUS][PBFT]checkAndChangeView: Reach consensus,org_view=5756,org_changeCycle=0,cur_changeCycle=0,to_view=5757
info|2019-12-12 18:58:56.557593|[g:1][CONSENSUS]addRawPrepare,height=69,reqIdx=1,hash=9faacf67...
info|2019-12-12 18:58:56.558016|[g:1][CONSENSUS][PBFT]checkTimeout Succ,view=5757,toView=5758,nodeIdx=2,changeCycle=0,myNode=824ae14a...,timecost=0.367
info|2019-12-12 18:58:56.564228|[g:1][CONSENSUS][PBFT]checkAndChangeView: Reach consensus,org_view=5757,org_changeCycle=0,cur_changeCycle=0,to_view=5758
info|2019-12-12 18:58:57.565285|[g:1][CONSENSUS][SEALER]++++++++++++++++ Generating seal on,blkNum=69,tx=0,nodeIdx=2,hash=101ad68f...
info|2019-12-12 18:58:57.583809|[g:1][CONSENSUS][PBFT]checkTimeout Succ,view=5758,toView=5759,nodeIdx=2,changeCycle=0,myNode=824ae14a...,timecost=0.691
info|2019-12-12 18:58:57.587734|[g:1][CONSENSUS][PBFT]checkAndChangeView: Reach consensus,org_view=5758,org_changeCycle=0,cur_changeCycle=0,to_view=5759
info|2019-12-12 18:58:58.584325|[g:1][CONSENSUS]addRawPrepare,height=69,reqIdx=3,hash=c148e650...
info|2019-12-12 18:58:58.587311|[g:1][CONSENSUS][PBFT]checkTimeout Succ,view=5759,toView=5760,nodeIdx=2,changeCycle=0,myNode=824ae14a...,timecost=2.877
info|2019-12-12 18:58:58.591066|[g:1][CONSENSUS][PBFT]checkAndChangeView: Reach consensus,org_view=5759,org_changeCycle=0,cur_changeCycle=0,to_view=5760
info|2019-12-12 18:58:59.594700|[g:1][CONSENSUS]addRawPrepare,height=69,reqIdx=0,hash=95be6f02...
info|2019-12-12 18:58:59.597905|[g:1][CONSENSUS][PBFT]checkTimeout Succ,view=5760,toView=5761,nodeIdx=2,changeCycle=0,myNode=824ae14a...,timecost=3.138
info|2019-12-12 18:58:59.602873|[g:1][CONSENSUS][PBFT]checkAndChangeView: Reach consensus,org_view=5760,org_changeCycle=0,cur_changeCycle=0,to_view=5761
info|2019-12-12 18:59:00.608936|[g:1][CONSENSUS]addRawPrepare,height=69,reqIdx=1,hash=4dcb9d2e...
info|2019-12-12 18:59:00.611345|[g:1][CONSENSUS][PBFT]checkTimeout Succ,view=5761,toView=5762,nodeIdx=2,changeCycle=0,myNode=824ae14a...,timecost=2.274
info|2019-12-12 18:59:00.613507|[g:1][CONSENSUS][PBFT]checkAndChangeView: Reach consensus,org_view=5761,org_changeCycle=0,cur_changeCycle=0,to_view=5762
info|2019-12-12 18:59:01.413529|[P2P][Service] heartBeat,connected count=4
info|2019-12-12 18:59:01.614271|[g:1][CONSENSUS][SEALER]++++++++++++++++ Generating seal on,blkNum=69,tx=0,nodeIdx=2,hash=365bbd59...
info|2019-12-12 18:59:01.637255|[g:1][CONSENSUS][PBFT]checkTimeout Succ,view=5762,toView=5763,nodeIdx=2,changeCycle=0,myNode=824ae14a...,timecost=1.99
info|2019-12-12 18:59:01.639458|[g:1][CONSENSUS][PBFT]checkAndChangeView: Reach consensus,org_view=5762,org_changeCycle=0,cur_changeCycle=0,to_view=5763
info|2019-12-12 18:59:02.643960|[g:1][CONSENSUS]addRawPrepare,height=69,reqIdx=3,hash=bd4c10bc...
info|2019-12-12 18:59:02.648873|[g:1][CONSENSUS][PBFT]checkTimeout Succ,view=5763,toView=5764,nodeIdx=2,changeCycle=0,myNode=824ae14a...,timecost=4.823
info|2019-12-12 18:59:02.649820|[g:1][CONSENSUS][PBFT]checkAndChangeView: Reach consensus,org_view=5763,org_changeCycle=0,cur_changeCycle=0,to_view=5764
info|2019-12-12 18:59:03.658388|[g:1][CONSENSUS]addRawPrepare,height=69,reqIdx=0,hash=75a813bf...
info|2019-12-12 18:59:03.659029|[g:1][CONSENSUS][PBFT]checkTimeout Succ,view=5764,toView=5765,nodeIdx=2,changeCycle=0,myNode=824ae14a...,timecost=0.601
info|2019-12-12 18:59:03.661011|[g:1][CONSENSUS][PBFT]checkAndChangeView: Reach consensus,org_view=5764,org_changeCycle=0,cur_changeCycle=0,to_view=5765
info|2019-12-12 18:59:04.669262|[g:1][CONSENSUS]addRawPrepare,height=69,reqIdx=1,hash=4a2e3495...
info|2019-12-12 18:59:04.673672|[g:1][CONSENSUS][PBFT]checkTimeout Succ,view=5765,toView=5766,nodeIdx=2,changeCycle=0,myNode=824ae14a...,timecost=4.355
info|2019-12-12 18:59:04.677422|[g:1][CONSENSUS][PBFT]checkAndChangeView: Reach consensus,org_view=5765,org_changeCycle=0,cur_changeCycle=0,to_view=5766
info|2019-12-12 18:59:05.677936|[g:1][CONSENSUS][SEALER]++++++++++++++++ Generating seal on,blkNum=69,tx=0,nodeIdx=2,hash=fadace3b...
info|2019-12-12 18:59:05.693015|[g:1][CONSENSUS][PBFT]checkTimeout Succ,view=5766,toView=5767,nodeIdx=2,changeCycle=0,myNode=824ae14a...,timecost=0.423
info|2019-12-12 18:59:05.696973|[g:1][CONSENSUS][PBFT]checkAndChangeView: Reach consensus,org_view=5766,org_changeCycle=0,cur_changeCycle=0,to_view=5767
info|2019-12-12 18:59:06.695305|[g:1][CONSENSUS]addRawPrepare,height=69,reqIdx=3,hash=d9c286e0...
info|2019-12-12 18:59:06.698784|[g:1][CONSENSUS][PBFT]checkTimeout Succ,view=5767,toView=5768,nodeIdx=2,changeCycle=0,myNode=824ae14a...,timecost=3.382
info|2019-12-12 18:59:06.702846|[g:1][CONSENSUS][PBFT]checkAndChangeView: Reach consensus,org_view=5767,org_changeCycle=0,cur_changeCycle=0,to_view=5768
info|2019-12-12 18:59:07.707144|[g:1][CONSENSUS]addRawPrepare,height=69,reqIdx=0,hash=623d5ca3...
info|2019-12-12 18:59:07.707605|[g:1][CONSENSUS][PBFT]checkTimeout Succ,view=5768,toView=5769,nodeIdx=2,changeCycle=0,myNode=824ae14a...,timecost=0.389
info|2019-12-12 18:59:07.723760|[g:1][CONSENSUS][PBFT]checkAndChangeView: Reach consensus,org_view=5768,org_changeCycle=0,cur_changeCycle=0,to_view=5769
info|2019-12-12 18:59:08.718850|[g:1][CONSENSUS]addRawPrepare,height=69,reqIdx=1,hash=22ba6d2f...
info|2019-12-12 18:59:08.719315|[g:1][CONSENSUS][PBFT]checkTimeout Succ,view=5769,toView=5770,nodeIdx=2,changeCycle=0,myNode=824ae14a...,timecost=0.416
info|2019-12-12 18:59:08.725539|[g:1][CONSENSUS][PBFT]checkAndChangeView: Reach consensus,org_view=5769,org_changeCycle=0,cur_changeCycle=0,to_view=5770
info|2019-12-12 18:59:09.726688|[g:1][CONSENSUS][SEALER]++++++++++++++++ Generating seal on,blkNum=69,tx=0,nodeIdx=2,hash=766a388a...
info|2019-12-12 18:59:09.745821|[g:1][CONSENSUS][PBFT]checkTimeout Succ,view=5770,toView=5771,nodeIdx=2,changeCycle=0,myNode=824ae14a...,timecost=0.424
info|2019-12-12 18:59:09.748277|[g:1][CONSENSUS][PBFT]checkAndChangeView: Reach consensus,org_view=5770,org_changeCycle=0,cur_changeCycle=0,to_view=5771
info|2019-12-12 18:59:10.747723|[g:1][CONSENSUS]addRawPrepare,height=69,reqIdx=3,hash=4ea3806c...
info|2019-12-12 18:59:10.748090|[g:1][CONSENSUS][PBFT]checkTimeout Succ,view=5771,toView=5772,nodeIdx=2,changeCycle=0,myNode=824ae14a...,timecost=0.325
info|2019-12-12 18:59:10.750929|[g:1][CONSENSUS][PBFT]checkAndChangeView: Reach consensus,org_view=5771,org_changeCycle=0,cur_changeCycle=0,to_view=5772
info|2019-12-12 18:59:11.413972|[P2P][Service] heartBeat,connected count=4
info|2019-12-12 18:59:11.758856|[g:1][CONSENSUS]addRawPrepare,height=69,reqIdx=0,hash=c3280085...
info|2019-12-12 18:59:11.760979|[g:1][CONSENSUS][PBFT]checkTimeout Succ,view=5772,toView=5773,nodeIdx=2,changeCycle=0,myNode=824ae14a...,timecost=2.072
info|2019-12-12 18:59:11.765109|[g:1][CONSENSUS][PBFT]checkAndChangeView: Reach consensus,org_view=5772,org_changeCycle=0,cur_changeCycle=0,to_view=5773
info|2019-12-12 18:59:12.773541|[g:1][CONSENSUS]addRawPrepare,height=69,reqIdx=1,hash=609a49dc...
info|2019-12-12 18:59:12.777599|[g:1][CONSENSUS][PBFT]checkTimeout Succ,view=5773,toView=5774,nodeIdx=2,changeCycle=0,myNode=824ae14a...,timecost=3.74
info|2019-12-12 18:59:12.779492|[g:1][CONSENSUS][PBFT]checkAndChangeView: Reach consensus,org_view=5773,org_changeCycle=0,cur_changeCycle=0,to_view=5774
info|2019-12-12 18:59:13.781140|[g:1][CONSENSUS][SEALER]++++++++++++++++ Generating seal on,blkNum=69,tx=0,nodeIdx=2,hash=3ef78057...
info|2019-12-12 18:59:13.794254|[g:1][CONSENSUS][PBFT]checkTimeout Succ,view=5774,toView=5775,nodeIdx=2,changeCycle=0,myNode=824ae14a...,timecost=0.284
info|2019-12-12 18:59:13.796216|[g:1][CONSENSUS][PBFT]checkAndChangeView: Reach consensus,org_view=5774,org_changeCycle=0,cur_changeCycle=0,to_view=5775
info|2019-12-12 18:59:14.797812|[g:1][CONSENSUS]addRawPrepare,height=69,reqIdx=3,hash=8e16970e...
info|2019-12-12 18:59:14.798232|[g:1][CONSENSUS][PBFT]checkTimeout Succ,view=5775,toView=5776,nodeIdx=2,changeCycle=0,myNode=824ae14a...,timecost=0.366
info|2019-12-12 18:59:14.802906|[g:1][CONSENSUS][PBFT]checkAndChangeView: Reach consensus,org_view=5775,org_changeCycle=0,cur_changeCycle=0,to_view=5776
info|2019-12-12 18:59:15.809426|[g:1][CONSENSUS]addRawPrepare,height=69,reqIdx=0,hash=44680679...
info|2019-12-12 18:59:15.809932|[g:1][CONSENSUS][PBFT]checkTimeout Succ,view=5776,toView=5777,nodeIdx=2,changeCycle=0,myNode=824ae14a...,timecost=0.461
info|2019-12-12 18:59:15.821137|[g:1][CONSENSUS][PBFT]checkAndChangeView: Reach consensus,org_view=5776,org_changeCycle=0,cur_changeCycle=0,to_view=5777
info|2019-12-12 18:59:16.825295|[g:1][CONSENSUS]addRawPrepare,height=69,reqIdx=1,hash=dead8f5d...
info|2019-12-12 18:59:16.825707|[g:1][CONSENSUS][PBFT]checkTimeout Succ,view=5777,toView=5778,nodeIdx=2,changeCycle=0,myNode=824ae14a...,timecost=0.363
info|2019-12-12 18:59:16.832179|[g:1][CONSENSUS][PBFT]checkAndChangeView: Reach consensus,org_view=5777,org_changeCycle=0,cur_changeCycle=0,to_view=5778
info|2019-12-12 18:59:17.836113|[g:1][CONSENSUS][SEALER]++++++++++++++++ Generating seal on,blkNum=69,tx=0,nodeIdx=2,hash=9d2b1f26...
info|2019-12-12 18:59:17.850724|[g:1][CONSENSUS][PBFT]checkTimeout Succ,view=5778,toView=5779,nodeIdx=2,changeCycle=0,myNode=824ae14a...,timecost=0.567
info|2019-12-12 18:59:17.852284|[g:1][CONSENSUS][PBFT]checkAndChangeView: Reach consensus,org_view=5778,org_changeCycle=0,cur_changeCycle=0,to_view=5779
info|2019-12-12 18:59:18.853002|[g:1][CONSENSUS]addRawPrepare,height=69,reqIdx=3,hash=5af7cfcc...
info|2019-12-12 18:59:18.853461|[g:1][CONSENSUS][PBFT]checkTimeout Succ,view=5779,toView=5780,nodeIdx=2,changeCycle=0,myNode=824ae14a...,timecost=0.392
info|2019-12-12 18:59:18.857158|[g:1][CONSENSUS][PBFT]checkAndChangeView: Reach consensus,org_view=5779,org_changeCycle=0,cur_changeCycle=0,to_view=5780
info|2019-12-12 18:59:19.864345|[g:1][CONSENSUS]addRawPrepare,height=69,reqIdx=0,hash=b212a2f8...
info|2019-12-12 18:59:19.867470|[g:1][CONSENSUS][PBFT]checkTimeout Succ,view=5780,toView=5781,nodeIdx=2,changeCycle=0,myNode=824ae14a...,timecost=1.692
info|2019-12-12 18:59:19.872768|[g:1][CONSENSUS][PBFT]checkAndChangeView: Reach consensus,org_view=5780,org_changeCycle=0,cur_changeCycle=0,to_view=5781
info|2019-12-12 18:59:20.882155|[g:1][CONSENSUS]addRawPrepare,height=69,reqIdx=1,hash=e93b5cd2...
info|2019-12-12 18:59:20.883743|[g:1][CONSENSUS][PBFT]checkTimeout Succ,view=5781,toView=5782,nodeIdx=2,changeCycle=0,myNode=824ae14a...,timecost=1.519
info|2019-12-12 18:59:20.887748|[g:1][CONSENSUS][PBFT]checkAndChangeView: Reach consensus,org_view=5781,org_changeCycle=0,cur_changeCycle=0,to_view=5782
info|2019-12-12 18:59:21.414609|[P2P][Service] heartBeat,connected count=4
info|2019-12-12 18:59:21.888971|[g:1][CONSENSUS][SEALER]++++++++++++++++ Generating seal on,blkNum=69,tx=0,nodeIdx=2,hash=8e2fa566...
info|2019-12-12 18:59:21.903603|[g:1][CONSENSUS][PBFT]checkTimeout Succ,view=5782,toView=5783,nodeIdx=2,changeCycle=0,myNode=824ae14a...,timecost=0.546
info|2019-12-12 18:59:21.905460|[g:1][CONSENSUS][PBFT]checkAndChangeView: Reach consensus,org_view=5782,org_changeCycle=0,cur_changeCycle=0,to_view=5783
info|2019-12-12 18:59:22.905583|[g:1][CONSENSUS]addRawPrepare,height=69,reqIdx=3,hash=07cd5e1d...
info|2019-12-12 18:59:22.906032|[g:1][CONSENSUS][PBFT]checkTimeout Succ,view=5783,toView=5784,nodeIdx=2,changeCycle=0,myNode=824ae14a...,timecost=0.413
info|2019-12-12 18:59:22.915162|[g:1][CONSENSUS][PBFT]checkAndChangeView: Reach consensus,org_view=5783,org_changeCycle=0,cur_changeCycle=0,to_view=5784
info|2019-12-12 18:59:23.919058|[g:1][CONSENSUS]addRawPrepare,height=69,reqIdx=0,hash=dbe762a8...
info|2019-12-12 18:59:23.924494|[g:1][CONSENSUS][PBFT]checkTimeout Succ,view=5784,toView=5785,nodeIdx=2,changeCycle=0,myNode=824ae14a...,timecost=4.418
info|2019-12-12 18:59:23.925642|[g:1][CONSENSUS][PBFT]checkAndChangeView: Reach consensus,org_view=5784,org_changeCycle=0,cur_changeCycle=0,to_view=5785
info|2019-12-12 18:59:24.929150|[g:1][CONSENSUS]addRawPrepare,height=69,reqIdx=1,hash=b004cdc6...
info|2019-12-12 18:59:24.929523|[g:1][CONSENSUS][PBFT]checkTimeout Succ,view=5785,toView=5786,nodeIdx=2,changeCycle=0,myNode=824ae14a...,timecost=0.322
info|2019-12-12 18:59:24.935291|[g:1][CONSENSUS][PBFT]checkAndChangeView: Reach consensus,org_view=5785,org_changeCycle=0,cur_changeCycle=0,to_view=5786
info|2019-12-12 18:59:25.937172|[g:1][CONSENSUS][SEALER]++++++++++++++++ Generating seal on,blkNum=69,tx=0,nodeIdx=2,hash=435bd694...
info|2019-12-12 18:59:25.953635|[g:1][CONSENSUS][PBFT]checkTimeout Succ,view=5786,toView=5787,nodeIdx=2,changeCycle=0,myNode=824ae14a...,timecost=0.249
info|2019-12-12 18:59:25.956737|[g:1][CONSENSUS][PBFT]checkAndChangeView: Reach consensus,org_view=5786,org_changeCycle=0,cur_changeCycle=0,to_view=5787
info|2019-12-12 18:59:26.955522|[g:1][CONSENSUS]addRawPrepare,height=69,reqIdx=3,hash=e7411ada...
info|2019-12-12 18:59:26.955967|[g:1][CONSENSUS][PBFT]checkTimeout Succ,view=5787,toView=5788,nodeIdx=2,changeCycle=0,myNode=824ae14a...,timecost=0.387
info|2019-12-12 18:59:26.961058|[g:1][CONSENSUS][PBFT]checkAndChangeView: Reach consensus,org_view=5787,org_changeCycle=0,cur_changeCycle=0,to_view=5788
info|2019-12-12 18:59:27.966782|[g:1][CONSENSUS]addRawPrepare,height=69,reqIdx=0,hash=0233fde9...
info|2019-12-12 18:59:27.967236|[g:1][CONSENSUS][PBFT]checkTimeout Succ,view=5788,toView=5789,nodeIdx=2,changeCycle=0,myNode=824ae14a...,timecost=0.403
info|2019-12-12 18:59:27.975424|[g:1][CONSENSUS][PBFT]checkAndChangeView: Reach consensus,org_view=5788,org_changeCycle=0,cur_changeCycle=0,to_view=5789
info|2019-12-12 18:59:28.982172|[g:1][CONSENSUS]addRawPrepare,height=69,reqIdx=1,hash=d33da88d...
info|2019-12-12 18:59:28.982605|[g:1][CONSENSUS][PBFT]checkTimeout Succ,view=5789,toView=5790,nodeIdx=2,changeCycle=0,myNode=824ae14a...,timecost=0.371
info|2019-12-12 18:59:28.986000|[g:1][CONSENSUS][PBFT]checkAndChangeView: Reach consensus,org_view=5789,org_changeCycle=0,cur_changeCycle=0,to_view=5790
info|2019-12-12 18:59:29.988853|[g:1][CONSENSUS][SEALER]++++++++++++++++ Generating seal on,blkNum=69,tx=0,nodeIdx=2,hash=6b4388b2...
info|2019-12-12 18:59:30.002421|[g:1][CONSENSUS][PBFT]checkTimeout Succ,view=5790,toView=5791,nodeIdx=2,changeCycle=0,myNode=824ae14a...,timecost=0.576
info|2019-12-12 18:59:30.006018|[g:1][CONSENSUS][PBFT]checkAndChangeView: Reach consensus,org_view=5790,org_changeCycle=0,cur_changeCycle=0,to_view=5791
info|2019-12-12 18:59:31.007342|[g:1][CONSENSUS]addRawPrepare,height=69,reqIdx=3,hash=da59f635...
info|2019-12-12 18:59:31.009610|[g:1][CONSENSUS][PBFT]checkTimeout Succ,view=5791,toView=5792,nodeIdx=2,changeCycle=0,myNode=824ae14a...,timecost=2.231
info|2019-12-12 18:59:31.011055|[g:1][CONSENSUS][PBFT]checkAndChangeView: Reach consensus,org_view=5791,org_changeCycle=0,cur_changeCycle=0,to_view=5792
info|2019-12-12 18:59:31.414766|[P2P][Service] heartBeat,connected count=4
info|2019-12-12 18:59:32.024594|[g:1][CONSENSUS]addRawPrepare,height=69,reqIdx=0,hash=6476e236...
info|2019-12-12 18:59:32.028778|[g:1][CONSENSUS][PBFT]checkTimeout Succ,view=5792,toView=5793,nodeIdx=2,changeCycle=0,myNode=824ae14a...,timecost=2.574
info|2019-12-12 18:59:32.029717|[g:1][CONSENSUS][PBFT]checkAndChangeView: Reach consensus,org_view=5792,org_changeCycle=0,cur_changeCycle=0,to_view=5793
info|2019-12-12 18:59:33.040467|[g:1][CONSENSUS]addRawPrepare,height=69,reqIdx=1,hash=358890b6...
info|2019-12-12 18:59:33.042785|[g:1][CONSENSUS][PBFT]checkTimeout Succ,view=5793,toView=5794,nodeIdx=2,changeCycle=0,myNode=824ae14a...,timecost=1.835
info|2019-12-12 18:59:33.043812|[g:1][CONSENSUS][PBFT]checkAndChangeView: Reach consensus,org_view=5793,org_changeCycle=0,cur_changeCycle=0,to_view=5794
info|2019-12-12 18:59:34.047050|[g:1][CONSENSUS][SEALER]++++++++++++++++ Generating seal on,blkNum=69,tx=0,nodeIdx=2,hash=d8e82277...
info|2019-12-12 18:59:34.062145|[g:1][CONSENSUS][PBFT]checkTimeout Succ,view=5794,toView=5795,nodeIdx=2,changeCycle=0,myNode=824ae14a...,timecost=0.355
info|2019-12-12 18:59:34.065030|[g:1][CONSENSUS][PBFT]checkAndChangeView: Reach consensus,org_view=5794,org_changeCycle=0,cur_changeCycle=0,to_view=5795
info|2019-12-12 18:59:35.069018|[g:1][CONSENSUS]addRawPrepare,height=69,reqIdx=3,hash=c22da8ca...
info|2019-12-12 18:59:35.069897|[g:1][CONSENSUS][PBFT]checkTimeout Succ,view=5795,toView=5796,nodeIdx=2,changeCycle=0,myNode=824ae14a...,timecost=0.827
info|2019-12-12 18:59:35.074539|[g:1][CONSENSUS][PBFT]checkAndChangeView: Reach consensus,org_view=5795,org_changeCycle=0,cur_changeCycle=0,to_view=5796
info|2019-12-12 18:59:36.085674|[g:1][CONSENSUS]addRawPrepare,height=69,reqIdx=0,hash=88151b03...
info|2019-12-12 18:59:36.094811|[g:1][CONSENSUS][PBFT]checkTimeout Succ,view=5796,toView=5797,nodeIdx=2,changeCycle=0,myNode=824ae14a...,timecost=8.987
info|2019-12-12 18:59:36.099408|[g:1][CONSENSUS][PBFT]checkAndChangeView: Reach consensus,org_view=5796,org_changeCycle=0,cur_changeCycle=0,to_view=5797
info|2019-12-12 18:59:37.111694|[g:1][CONSENSUS]addRawPrepare,height=69,reqIdx=1,hash=e04195cd...
info|2019-12-12 18:59:37.115644|[g:1][CONSENSUS][PBFT]checkTimeout Succ,view=5797,toView=5798,nodeIdx=2,changeCycle=0,myNode=824ae14a...,timecost=1.966
info|2019-12-12 18:59:37.118895|[g:1][CONSENSUS][PBFT]checkAndChangeView: Reach consensus,org_view=5797,org_changeCycle=0,cur_changeCycle=0,to_view=5798
info|2019-12-12 18:59:38.119560|[g:1][CONSENSUS][SEALER]++++++++++++++++ Generating seal on,blkNum=69,tx=0,nodeIdx=2,hash=4045da36...
info|2019-12-12 18:59:38.133655|[g:1][CONSENSUS][PBFT]checkTimeout Succ,view=5798,toView=5799,nodeIdx=2,changeCycle=0,myNode=824ae14a...,timecost=0.39
info|2019-12-12 18:59:38.135213|[g:1][CONSENSUS][PBFT]checkAndChangeView: Reach consensus,org_view=5798,org_changeCycle=0,cur_changeCycle=0,to_view=5799
info|2019-12-12 18:59:39.135514|[g:1][CONSENSUS]addRawPrepare,height=69,reqIdx=3,hash=84dc37ef...
info|2019-12-12 18:59:39.138671|[g:1][CONSENSUS][PBFT]checkTimeout Succ,view=5799,toView=5800,nodeIdx=2,changeCycle=0,myNode=824ae14a...,timecost=3.09
info|2019-12-12 18:59:39.143676|[g:1][CONSENSUS][PBFT]checkAndChangeView: Reach consensus,org_view=5799,org_changeCycle=0,cur_changeCycle=0,to_view=5800
info|2019-12-12 18:59:40.150786|[g:1][CONSENSUS]addRawPrepare,height=69,reqIdx=0,hash=f337aeac...
info|2019-12-12 18:59:40.154370|[g:1][CONSENSUS][PBFT]checkTimeout Succ,view=5800,toView=5801,nodeIdx=2,changeCycle=0,myNode=824ae14a...,timecost=2.701
info|2019-12-12 18:59:40.155108|[g:1][CONSENSUS][PBFT]checkAndChangeView: Reach consensus,org_view=5800,org_changeCycle=0,cur_changeCycle=0,to_view=5801
info|2019-12-12 18:59:41.161718|[g:1][CONSENSUS]addRawPrepare,height=69,reqIdx=1,hash=7d004a98...
info|2019-12-12 18:59:41.166327|[g:1][CONSENSUS][PBFT]checkTimeout Succ,view=5801,toView=5802,nodeIdx=2,changeCycle=0,myNode=824ae14a...,timecost=2.976
info|2019-12-12 18:59:41.167206|[g:1][CONSENSUS][PBFT]checkAndChangeView: Reach consensus,org_view=5801,org_changeCycle=0,cur_changeCycle=0,to_view=5802
info|2019-12-12 18:59:41.415627|[P2P][Service] heartBeat,connected count=4
info|2019-12-12 18:59:42.167772|[g:1][CONSENSUS][SEALER]++++++++++++++++ Generating seal on,blkNum=69,tx=0,nodeIdx=2,hash=451401a4...
info|2019-12-12 18:59:42.186104|[g:1][CONSENSUS][PBFT]checkTimeout Succ,view=5802,toView=5803,nodeIdx=2,changeCycle=0,myNode=824ae14a...,timecost=0.473
info|2019-12-12 18:59:42.187988|[g:1][CONSENSUS][PBFT]checkAndChangeView: Reach consensus,org_view=5802,org_changeCycle=0,cur_changeCycle=0,to_view=5803
info|2019-12-12 18:59:43.186174|[g:1][CONSENSUS]addRawPrepare,height=69,reqIdx=3,hash=b2fd77ef...
info|2019-12-12 18:59:43.186557|[g:1][CONSENSUS][PBFT]checkTimeout Succ,view=5803,toView=5804,nodeIdx=2,changeCycle=0,myNode=824ae14a...,timecost=0.319
info|2019-12-12 18:59:43.193513|[g:1][CONSENSUS][PBFT]checkAndChangeView: Reach consensus,org_view=5803,org_changeCycle=0,cur_changeCycle=0,to_view=5804
info|2019-12-12 18:59:44.199967|[g:1][CONSENSUS]addRawPrepare,height=69,reqIdx=0,hash=245f052a...
info|2019-12-12 18:59:44.200412|[g:1][CONSENSUS][PBFT]checkTimeout Succ,view=5804,toView=5805,nodeIdx=2,changeCycle=0,myNode=824ae14a...,timecost=0.403
info|2019-12-12 18:59:44.204365|[g:1][CONSENSUS][PBFT]checkAndChangeView: Reach consensus,org_view=5804,org_changeCycle=0,cur_changeCycle=0,to_view=5805
info|2019-12-12 18:59:45.209988|[g:1][CONSENSUS]addRawPrepare,height=69,reqIdx=1,hash=30d2c134...
info|2019-12-12 18:59:45.210357|[g:1][CONSENSUS][PBFT]checkTimeout Succ,view=5805,toView=5806,nodeIdx=2,changeCycle=0,myNode=824ae14a...,timecost=0.319
info|2019-12-12 18:59:45.217163|[g:1][CONSENSUS][PBFT]checkAndChangeView: Reach consensus,org_view=5805,org_changeCycle=0,cur_changeCycle=0,to_view=5806
info|2019-12-12 18:59:46.217651|[g:1][CONSENSUS][SEALER]++++++++++++++++ Generating seal on,blkNum=69,tx=0,nodeIdx=2,hash=6c88bb77...
info|2019-12-12 18:59:46.231120|[g:1][CONSENSUS][PBFT]checkTimeout Succ,view=5806,toView=5807,nodeIdx=2,changeCycle=0,myNode=824ae14a...,timecost=0.399
info|2019-12-12 18:59:46.233667|[g:1][CONSENSUS][PBFT]checkAndChangeView: Reach consensus,org_view=5806,org_changeCycle=0,cur_changeCycle=0,to_view=5807
info|2019-12-12 18:59:47.232773|[g:1][CONSENSUS]addRawPrepare,height=69,reqIdx=3,hash=54d60ea4...
info|2019-12-12 18:59:47.233232|[g:1][CONSENSUS][PBFT]checkTimeout Succ,view=5807,toView=5808,nodeIdx=2,changeCycle=0,myNode=824ae14a...,timecost=0.417
info|2019-12-12 18:59:47.239430|[g:1][CONSENSUS][PBFT]checkAndChangeView: Reach consensus,org_view=5807,org_changeCycle=0,cur_changeCycle=0,to_view=5808
info|2019-12-12 18:59:48.245377|[g:1][CONSENSUS]addRawPrepare,height=69,reqIdx=0,hash=6a517ecd...
info|2019-12-12 18:59:48.245932|[g:1][CONSENSUS][PBFT]checkTimeout Succ,view=5808,toView=5809,nodeIdx=2,changeCycle=0,myNode=824ae14a...,timecost=0.49
info|2019-12-12 18:59:48.254708|[g:1][CONSENSUS][PBFT]checkAndChangeView: Reach consensus,org_view=5808,org_changeCycle=0,cur_changeCycle=0,to_view=5809
info|2019-12-12 18:59:49.260940|[g:1][CONSENSUS]addRawPrepare,height=69,reqIdx=1,hash=d9da26a7...
info|2019-12-12 18:59:49.264371|[g:1][CONSENSUS][PBFT]checkTimeout Succ,view=5809,toView=5810,nodeIdx=2,changeCycle=0,myNode=824ae14a...,timecost=2.433
info|2019-12-12 18:59:49.265155|[g:1][CONSENSUS][PBFT]checkAndChangeView: Reach consensus,org_view=5809,org_changeCycle=0,cur_changeCycle=0,to_view=5810
info|2019-12-12 18:59:50.267615|[g:1][CONSENSUS][SEALER]++++++++++++++++ Generating seal on,blkNum=69,tx=0,nodeIdx=2,hash=e42ad68c...
info|2019-12-12 18:59:50.278255|[g:1][CONSENSUS][PBFT]checkTimeout Succ,view=5810,toView=5811,nodeIdx=2,changeCycle=0,myNode=824ae14a...,timecost=0.383
info|2019-12-12 18:59:50.280366|[g:1][CONSENSUS][PBFT]checkAndChangeView: Reach consensus,org_view=5810,org_changeCycle=0,cur_changeCycle=0,to_view=5811
info|2019-12-12 18:59:51.280221|[g:1][CONSENSUS]addRawPrepare,height=69,reqIdx=3,hash=661e2701...
info|2019-12-12 18:59:51.284595|[g:1][CONSENSUS][PBFT]checkTimeout Succ,view=5811,toView=5812,nodeIdx=2,changeCycle=0,myNode=824ae14a...,timecost=4.247
info|2019-12-12 18:59:51.288000|[g:1][CONSENSUS][PBFT]checkAndChangeView: Reach consensus,org_view=5811,org_changeCycle=0,cur_changeCycle=0,to_view=5812
info|2019-12-12 18:59:51.415981|[P2P][Service] heartBeat,connected count=4
info|2019-12-12 18:59:52.292211|[g:1][CONSENSUS]addRawPrepare,height=69,reqIdx=0,hash=c53c7255...
info|2019-12-12 18:59:52.292679|[g:1][CONSENSUS][PBFT]checkTimeout Succ,view=5812,toView=5813,nodeIdx=2,changeCycle=0,myNode=824ae14a...,timecost=0.422
info|2019-12-12 18:59:52.296851|[g:1][CONSENSUS][PBFT]checkAndChangeView: Reach consensus,org_view=5812,org_changeCycle=0,cur_changeCycle=0,to_view=5813
info|2019-12-12 18:59:53.304699|[g:1][CONSENSUS]addRawPrepare,height=69,reqIdx=1,hash=4d82148b...
info|2019-12-12 18:59:53.305175|[g:1][CONSENSUS][PBFT]checkTimeout Succ,view=5813,toView=5814,nodeIdx=2,changeCycle=0,myNode=824ae14a...,timecost=0.426
info|2019-12-12 18:59:53.306543|[g:1][CONSENSUS][PBFT]checkAndChangeView: Reach consensus,org_view=5813,org_changeCycle=0,cur_changeCycle=0,to_view=5814
info|2019-12-12 18:59:54.310699|[g:1][CONSENSUS][SEALER]++++++++++++++++ Generating seal on,blkNum=69,tx=0,nodeIdx=2,hash=5ba4cb9d...
info|2019-12-12 18:59:54.325276|[g:1][CONSENSUS][PBFT]checkTimeout Succ,view=5814,toView=5815,nodeIdx=2,changeCycle=0,myNode=824ae14a...,timecost=0.293
info|2019-12-12 18:59:54.327918|[g:1][CONSENSUS][PBFT]checkAndChangeView: Reach consensus,org_view=5814,org_changeCycle=0,cur_changeCycle=0,to_view=5815
info|2019-12-12 18:59:55.331965|[g:1][CONSENSUS]addRawPrepare,height=69,reqIdx=3,hash=06092cc3...
info|2019-12-12 18:59:55.332465|[g:1][CONSENSUS][PBFT]checkTimeout Succ,view=5815,toView=5816,nodeIdx=2,changeCycle=0,myNode=824ae14a...,timecost=0.444
info|2019-12-12 18:59:55.376364|[g:1][CONSENSUS][PBFT]checkAndChangeView: Reach consensus,org_view=5815,org_changeCycle=0,cur_changeCycle=0,to_view=5816
info|2019-12-12 18:59:56.340698|[g:1][CONSENSUS]addRawPrepare,height=69,reqIdx=0,hash=d5242f93...
info|2019-12-12 18:59:56.340976|[g:1][CONSENSUS][PBFT]checkTimeout Succ,view=5816,toView=5817,nodeIdx=2,changeCycle=0,myNode=824ae14a...,timecost=0.243
info|2019-12-12 18:59:56.346987|[g:1][CONSENSUS][PBFT]checkAndChangeView: Reach consensus,org_view=5816,org_changeCycle=0,cur_changeCycle=0,to_view=5817
info|2019-12-12 18:59:57.352310|[g:1][CONSENSUS]addRawPrepare,height=69,reqIdx=1,hash=9915a73a...
info|2019-12-12 18:59:57.352693|[g:1][CONSENSUS][PBFT]checkTimeout Succ,view=5817,toView=5818,nodeIdx=2,changeCycle=0,myNode=824ae14a...,timecost=0.36
info|2019-12-12 18:59:57.360247|[g:1][CONSENSUS][PBFT]checkAndChangeView: Reach consensus,org_view=5817,org_changeCycle=0,cur_changeCycle=0,to_view=5818
info|2019-12-12 18:59:58.360440|[g:1][CONSENSUS][SEALER]++++++++++++++++ Generating seal on,blkNum=69,tx=0,nodeIdx=2,hash=280d196a...
info|2019-12-12 18:59:58.370935|[g:1][CONSENSUS][PBFT]checkTimeout Succ,view=5818,toView=5819,nodeIdx=2,changeCycle=0,myNode=824ae14a...,timecost=0.355
info|2019-12-12 18:59:58.373072|[g:1][CONSENSUS][PBFT]checkAndChangeView: Reach consensus,org_view=5818,org_changeCycle=0,cur_changeCycle=0,to_view=5819
info|2019-12-12 18:59:59.373133|[g:1][CONSENSUS]addRawPrepare,height=69,reqIdx=3,hash=7c043d66...
info|2019-12-12 18:59:59.373446|[g:1][CONSENSUS][PBFT]checkTimeout Succ,view=5819,toView=5820,nodeIdx=2,changeCycle=0,myNode=824ae14a...,timecost=0.262
info|2019-12-12 18:59:59.378554|[g:1][CONSENSUS][PBFT]checkAndChangeView: Reach consensus,org_view=5819,org_changeCycle=0,cur_changeCycle=0,to_view=5820
