info|2019-12-12 12:00:00.087862|[g:1][CONSENSUS]addRawPrepare,height=69,reqIdx=3,hash=9cd0453f...
info|2019-12-12 12:00:00.089497|[g:1][CONSENSUS][PBFT]checkTimeout Succ,view=37939,toView=37940,nodeIdx=2,changeCycle=0,myNode=824ae14a...,timecost=1.593
info|2019-12-12 12:00:00.095447|[g:1][CONSENSUS][PBFT]checkAndChangeView: Reach consensus,org_view=37939,org_changeCycle=0,cur_changeCycle=0,to_view=37940
info|2019-12-12 12:00:01.110911|[g:1][CONSENSUS]addRawPrepare,height=69,reqIdx=0,hash=0af805f8...
info|2019-12-12 12:00:01.125826|[g:1][CONSENSUS][PBFT]checkTimeout Succ,view=37940,toView=37941,nodeIdx=2,changeCycle=0,myNode=824ae14a...,timecost=14.689
info|2019-12-12 12:00:01.134996|[g:1][CONSENSUS][PBFT]checkAndChangeView: Reach consensus,org_view=37940,org_changeCycle=0,cur_changeCycle=0,to_view=37941
info|2019-12-12 12:00:02.148122|[g:1][CONSENSUS]addRawPrepare,height=69,reqIdx=1,hash=7137ced8...
info|2019-12-12 12:00:02.153299|[g:1][CONSENSUS][PBFT]checkTimeout Succ,view=37941,toView=37942,nodeIdx=2,changeCycle=0,myNode=824ae14a...,timecost=4.033
info|2019-12-12 12:00:02.167935|[g:1][CONSENSUS][PBFT]checkAndChangeView: Reach consensus,org_view=37941,org_changeCycle=0,cur_changeCycle=0,to_view=37942
info|2019-12-12 12:00:03.170818|[g:1][CONSENSUS][SEALER]++++++++++++++++ Generating seal on,blkNum=69,tx=0,nodeIdx=2,hash=d3c00218...
info|2019-12-12 12:00:03.187431|[g:1][CONSENSUS][PBFT]checkTimeout Succ,view=37942,toView=37943,nodeIdx=2,changeCycle=0,myNode=824ae14a...,timecost=0.454
info|2019-12-12 12:00:03.189737|[g:1][CONSENSUS][PBFT]checkAndChangeView: Reach consensus,org_view=37942,org_changeCycle=0,cur_changeCycle=0,to_view=37943
info|2019-12-12 12:00:04.193346|[g:1][CONSENSUS]addRawPrepare,height=69,reqIdx=3,hash=836059d5...
info|2019-12-12 12:00:04.216661|[g:1][CONSENSUS][PBFT]checkTimeout Succ,view=37943,toView=37944,nodeIdx=2,changeCycle=0,myNode=824ae14a...,timecost=19.202
info|2019-12-12 12:00:04.232454|[g:1][CONSENSUS][PBFT]checkAndChangeView: Reach consensus,org_view=37943,org_changeCycle=0,cur_changeCycle=0,to_view=37944
info|2019-12-12 12:00:05.235784|[g:1][CONSENSUS]addRawPrepare,height=69,reqIdx=0,hash=062aed3b...
info|2019-12-12 12:00:05.241335|[g:1][CONSENSUS][PBFT]checkTimeout Succ,view=37944,toView=37945,nodeIdx=2,changeCycle=0,myNode=824ae14a...,timecost=5.39
info|2019-12-12 12:00:05.247962|[g:1][CONSENSUS][PBFT]checkAndChangeView: Reach consensus,org_view=37944,org_changeCycle=0,cur_changeCycle=0,to_view=37945
info|2019-12-12 12:00:06.040554|[P2P][Service] heartBeat,connected count=4
info|2019-12-12 12:00:06.263063|[g:1][CONSENSUS]addRawPrepare,height=69,reqIdx=1,hash=e5cc519a...
info|2019-12-12 12:00:06.264305|[g:1][CONSENSUS][PBFT]checkTimeout Succ,view=37945,toView=37946,nodeIdx=2,changeCycle=0,myNode=824ae14a...,timecost=1.188
info|2019-12-12 12:00:06.273472|[g:1][CONSENSUS][PBFT]checkAndChangeView: Reach consensus,org_view=37945,org_changeCycle=0,cur_changeCycle=0,to_view=37946
info|2019-12-12 12:00:07.276341|[g:1][CONSENSUS][SEALER]++++++++++++++++ Generating seal on,blkNum=69,tx=0,nodeIdx=2,hash=79a707c5...
info|2019-12-12 12:00:07.294909|[g:1][CONSENSUS][PBFT]checkTimeout Succ,view=37946,toView=37947,nodeIdx=2,changeCycle=0,myNode=824ae14a...,timecost=0.515
info|2019-12-12 12:00:07.297719|[g:1][CONSENSUS][PBFT]checkAndChangeView: Reach consensus,org_view=37946,org_changeCycle=0,cur_changeCycle=0,to_view=37947
info|2019-12-12 12:00:08.306801|[g:1][CONSENSUS]addRawPrepare,height=69,reqIdx=3,hash=0a781180...
info|2019-12-12 12:00:08.310912|[g:1][CONSENSUS][PBFT]checkTimeout Succ,view=37947,toView=37948,nodeIdx=2,changeCycle=0,myNode=824ae14a...,timecost=3.693
info|2019-12-12 12:00:08.320854|[g:1][CONSENSUS][PBFT]checkAndChangeView: Reach consensus,org_view=37947,org_changeCycle=0,cur_changeCycle=0,to_view=37948
info|2019-12-12 12:00:09.323675|[g:1][CONSENSUS]addRawPrepare,height=69,reqIdx=0,hash=b4f12558...
info|2019-12-12 12:00:09.324196|[g:1][CONSENSUS][PBFT]checkTimeout Succ,view=37948,toView=37949,nodeIdx=2,changeCycle=0,myNode=824ae14a...,timecost=0.381
info|2019-12-12 12:00:09.333088|[g:1][CONSENSUS][PBFT]checkAndChangeView: Reach consensus,org_view=37948,org_changeCycle=0,cur_changeCycle=0,to_view=37949
info|2019-12-12 12:00:10.337887|[g:1][CONSENSUS]addRawPrepare,height=69,reqIdx=1,hash=c2db6e74...
info|2019-12-12 12:00:10.338217|[g:1][CONSENSUS][PBFT]checkTimeout Succ,view=37949,toView=37950,nodeIdx=2,changeCycle=0,myNode=824ae14a...,timecost=0.299
info|2019-12-12 12:00:10.341603|[g:1][CONSENSUS][PBFT]checkAndChangeView: Reach consensus,org_view=37949,org_changeCycle=0,cur_changeCycle=0,to_view=37950
info|2019-12-12 12:00:11.344667|[g:1][CONSENSUS][SEALER]++++++++++++++++ Generating seal on,blkNum=69,tx=0,nodeIdx=2,hash=9e9a1a5f...
info|2019-12-12 12:00:11.372602|[g:1][CONSENSUS][PBFT]checkTimeout Succ,view=37950,toView=37951,nodeIdx=2,changeCycle=0,myNode=824ae14a...,timecost=3.112
info|2019-12-12 12:00:11.375796|[g:1][CONSENSUS][PBFT]checkAndChangeView: Reach consensus,org_view=37950,org_changeCycle=0,cur_changeCycle=0,to_view=37951
info|2019-12-12 12:00:12.397402|[g:1][CONSENSUS]addRawPrepare,height=69,reqIdx=3,hash=2f780291...
info|2019-12-12 12:00:12.399695|[g:1][CONSENSUS][PBFT]checkTimeout Succ,view=37951,toView=37952,nodeIdx=2,changeCycle=0,myNode=824ae14a...,timecost=2.235
info|2019-12-12 12:00:12.423842|[g:1][CONSENSUS][PBFT]checkAndChangeView: Reach consensus,org_view=37951,org_changeCycle=0,cur_changeCycle=0,to_view=37952
info|2019-12-12 12:00:13.436966|[g:1][CONSENSUS]addRawPrepare,height=69,reqIdx=0,hash=7e221f86...
info|2019-12-12 12:00:13.444340|[g:1][CONSENSUS][PBFT]checkTimeout Succ,view=37952,toView=37953,nodeIdx=2,changeCycle=0,myNode=824ae14a...,timecost=7.222
info|2019-12-12 12:00:13.455028|[g:1][CONSENSUS][PBFT]checkAndChangeView: Reach consensus,org_view=37952,org_changeCycle=0,cur_changeCycle=0,to_view=37953
info|2019-12-12 12:00:14.485224|[g:1][CONSENSUS]addRawPrepare,height=69,reqIdx=1,hash=3fae50c8...
info|2019-12-12 12:00:14.513582|[g:1][CONSENSUS][PBFT]checkTimeout Succ,view=37953,toView=37954,nodeIdx=2,changeCycle=0,myNode=824ae14a...,timecost=28.11
info|2019-12-12 12:00:14.562452|[g:1][CONSENSUS][PBFT]checkAndChangeView: Reach consensus,org_view=37953,org_changeCycle=0,cur_changeCycle=0,to_view=37954
info|2019-12-12 12:00:15.564965|[g:1][CONSENSUS][SEALER]++++++++++++++++ Generating seal on,blkNum=69,tx=0,nodeIdx=2,hash=bd238c1b...
info|2019-12-12 12:00:15.589061|[g:1][CONSENSUS][PBFT]checkTimeout Succ,view=37954,toView=37955,nodeIdx=2,changeCycle=0,myNode=824ae14a...,timecost=1.247
info|2019-12-12 12:00:15.604244|[g:1][CONSENSUS][PBFT]checkAndChangeView: Reach consensus,org_view=37954,org_changeCycle=0,cur_changeCycle=0,to_view=37955
info|2019-12-12 12:00:16.041793|[P2P][Service] heartBeat,connected count=4
info|2019-12-12 12:00:16.615870|[g:1][CONSENSUS]addRawPrepare,height=69,reqIdx=3,hash=b2752c74...
info|2019-12-12 12:00:16.619352|[g:1][CONSENSUS][PBFT]checkTimeout Succ,view=37955,toView=37956,nodeIdx=2,changeCycle=0,myNode=824ae14a...,timecost=3.424
info|2019-12-12 12:00:16.624042|[g:1][CONSENSUS][PBFT]checkAndChangeView: Reach consensus,org_view=37955,org_changeCycle=0,cur_changeCycle=0,to_view=37956
info|2019-12-12 12:00:17.627083|[g:1][CONSENSUS]addRawPrepare,height=69,reqIdx=0,hash=128b7863...
info|2019-12-12 12:00:17.627574|[g:1][CONSENSUS][PBFT]checkTimeout Succ,view=37956,toView=37957,nodeIdx=2,changeCycle=0,myNode=824ae14a...,timecost=0.376
info|2019-12-12 12:00:17.639348|[g:1][CONSENSUS][PBFT]checkAndChangeView: Reach consensus,org_view=37956,org_changeCycle=0,cur_changeCycle=0,to_view=37957
info|2019-12-12 12:00:18.659681|[g:1][CONSENSUS]addRawPrepare,height=69,reqIdx=1,hash=3db3ff92...
info|2019-12-12 12:00:18.662528|[g:1][CONSENSUS][PBFT]checkTimeout Succ,view=37957,toView=37958,nodeIdx=2,changeCycle=0,myNode=824ae14a...,timecost=2.704
info|2019-12-12 12:00:18.687755|[g:1][CONSENSUS][PBFT]checkAndChangeView: Reach consensus,org_view=37957,org_changeCycle=0,cur_changeCycle=0,to_view=37958
info|2019-12-12 12:00:19.689795|[g:1][CONSENSUS][SEALER]++++++++++++++++ Generating seal on,blkNum=69,tx=0,nodeIdx=2,hash=7b0db511...
info|2019-12-12 12:00:19.704684|[g:1][CONSENSUS][PBFT]checkTimeout Succ,view=37958,toView=37959,nodeIdx=2,changeCycle=0,myNode=824ae14a...,timecost=0.517
info|2019-12-12 12:00:19.706293|[g:1][CONSENSUS][PBFT]checkAndChangeView: Reach consensus,org_view=37958,org_changeCycle=0,cur_changeCycle=0,to_view=37959
info|2019-12-12 12:00:20.708715|[g:1][CONSENSUS]addRawPrepare,height=69,reqIdx=3,hash=14a9b535...
info|2019-12-12 12:00:20.710519|[g:1][CONSENSUS][PBFT]checkTimeout Succ,view=37959,toView=37960,nodeIdx=2,changeCycle=0,myNode=824ae14a...,timecost=1.699
info|2019-12-12 12:00:20.714282|[g:1][CONSENSUS][PBFT]checkAndChangeView: Reach consensus,org_view=37959,org_changeCycle=0,cur_changeCycle=0,to_view=37960
info|2019-12-12 12:00:21.717020|[g:1][CONSENSUS]addRawPrepare,height=69,reqIdx=0,hash=51aa07d4...
info|2019-12-12 12:00:21.717577|[g:1][CONSENSUS][PBFT]checkTimeout Succ,view=37960,toView=37961,nodeIdx=2,changeCycle=0,myNode=824ae14a...,timecost=0.338
info|2019-12-12 12:00:21.724485|[g:1][CONSENSUS][PBFT]checkAndChangeView: Reach consensus,org_view=37960,org_changeCycle=0,cur_changeCycle=0,to_view=37961
info|2019-12-12 12:00:22.740801|[g:1][CONSENSUS]addRawPrepare,height=69,reqIdx=1,hash=bdca29e3...
info|2019-12-12 12:00:22.749754|[g:1][CONSENSUS][PBFT]checkTimeout Succ,view=37961,toView=37962,nodeIdx=2,changeCycle=0,myNode=824ae14a...,timecost=7.221
info|2019-12-12 12:00:22.753598|[g:1][CONSENSUS][PBFT]checkAndChangeView: Reach consensus,org_view=37961,org_changeCycle=0,cur_changeCycle=0,to_view=37962
info|2019-12-12 12:00:23.758100|[g:1][CONSENSUS][SEALER]++++++++++++++++ Generating seal on,blkNum=69,tx=0,nodeIdx=2,hash=a6d20ba7...
info|2019-12-12 12:00:23.769097|[g:1][CONSENSUS][PBFT]checkTimeout Succ,view=37962,toView=37963,nodeIdx=2,changeCycle=0,myNode=824ae14a...,timecost=0.635
info|2019-12-12 12:00:23.772954|[g:1][CONSENSUS][PBFT]checkAndChangeView: Reach consensus,org_view=37962,org_changeCycle=0,cur_changeCycle=0,to_view=37963
info|2019-12-12 12:00:24.781941|[g:1][CONSENSUS]addRawPrepare,height=69,reqIdx=3,hash=f1ce432c...
info|2019-12-12 12:00:24.799054|[g:1][CONSENSUS][PBFT]checkTimeout Succ,view=37963,toView=37964,nodeIdx=2,changeCycle=0,myNode=824ae14a...,timecost=16.93
info|2019-12-12 12:00:24.825165|[g:1][CONSENSUS][PBFT]checkAndChangeView: Reach consensus,org_view=37963,org_changeCycle=0,cur_changeCycle=0,to_view=37964
info|2019-12-12 12:00:25.828118|[g:1][CONSENSUS]addRawPrepare,height=69,reqIdx=0,hash=884ef953...
info|2019-12-12 12:00:25.828573|[g:1][CONSENSUS][PBFT]checkTimeout Succ,view=37964,toView=37965,nodeIdx=2,changeCycle=0,myNode=824ae14a...,timecost=0.342
info|2019-12-12 12:00:25.837860|[g:1][CONSENSUS][PBFT]checkAndChangeView: Reach consensus,org_view=37964,org_changeCycle=0,cur_changeCycle=0,to_view=37965
info|2019-12-12 12:00:26.042414|[P2P][Service] heartBeat,connected count=4
info|2019-12-12 12:00:26.851096|[g:1][CONSENSUS]addRawPrepare,height=69,reqIdx=1,hash=b6ad4c83...
info|2019-12-12 12:00:26.868769|[g:1][CONSENSUS][PBFT]checkTimeout Succ,view=37965,toView=37966,nodeIdx=2,changeCycle=0,myNode=824ae14a...,timecost=13.738
info|2019-12-12 12:00:26.873071|[g:1][CONSENSUS][PBFT]checkAndChangeView: Reach consensus,org_view=37965,org_changeCycle=0,cur_changeCycle=0,to_view=37966
info|2019-12-12 12:00:27.877632|[g:1][CONSENSUS][SEALER]++++++++++++++++ Generating seal on,blkNum=69,tx=0,nodeIdx=2,hash=e9aecdb0...
info|2019-12-12 12:00:27.900628|[g:1][CONSENSUS][PBFT]checkTimeout Succ,view=37966,toView=37967,nodeIdx=2,changeCycle=0,myNode=824ae14a...,timecost=0.834
info|2019-12-12 12:00:27.904728|[g:1][CONSENSUS][PBFT]checkAndChangeView: Reach consensus,org_view=37966,org_changeCycle=0,cur_changeCycle=0,to_view=37967
info|2019-12-12 12:00:28.921880|[g:1][CONSENSUS]addRawPrepare,height=69,reqIdx=3,hash=a4493e97...
info|2019-12-12 12:00:28.935317|[g:1][CONSENSUS][PBFT]checkTimeout Succ,view=37967,toView=37968,nodeIdx=2,changeCycle=0,myNode=824ae14a...,timecost=13.418
info|2019-12-12 12:00:28.965501|[g:1][CONSENSUS][PBFT]checkAndChangeView: Reach consensus,org_view=37967,org_changeCycle=0,cur_changeCycle=0,to_view=37968
info|2019-12-12 12:00:29.971588|[g:1][CONSENSUS]addRawPrepare,height=69,reqIdx=0,hash=31de3edc...
info|2019-12-12 12:00:29.980579|[g:1][CONSENSUS][PBFT]checkTimeout Succ,view=37968,toView=37969,nodeIdx=2,changeCycle=0,myNode=824ae14a...,timecost=6.334
info|2019-12-12 12:00:30.001006|[g:1][CONSENSUS][PBFT]checkAndChangeView: Reach consensus,org_view=37968,org_changeCycle=0,cur_changeCycle=0,to_view=37969
info|2019-12-12 12:00:31.006529|[g:1][CONSENSUS]addRawPrepare,height=69,reqIdx=1,hash=88e620aa...
info|2019-12-12 12:00:31.006841|[g:1][CONSENSUS][PBFT]checkTimeout Succ,view=37969,toView=37970,nodeIdx=2,changeCycle=0,myNode=824ae14a...,timecost=0.284
info|2019-12-12 12:00:31.009791|[g:1][CONSENSUS][PBFT]checkAndChangeView: Reach consensus,org_view=37969,org_changeCycle=0,cur_changeCycle=0,to_view=37970
info|2019-12-12 12:00:32.010539|[g:1][CONSENSUS][SEALER]++++++++++++++++ Generating seal on,blkNum=69,tx=0,nodeIdx=2,hash=70521303...
info|2019-12-12 12:00:32.027387|[g:1][CONSENSUS][PBFT]checkTimeout Succ,view=37970,toView=37971,nodeIdx=2,changeCycle=0,myNode=824ae14a...,timecost=0.541
info|2019-12-12 12:00:32.030575|[g:1][CONSENSUS][PBFT]checkAndChangeView: Reach consensus,org_view=37970,org_changeCycle=0,cur_changeCycle=0,to_view=37971
info|2019-12-12 12:00:33.050341|[g:1][CONSENSUS]addRawPrepare,height=69,reqIdx=3,hash=cbbc996b...
info|2019-12-12 12:00:33.072832|[g:1][CONSENSUS][PBFT]checkTimeout Succ,view=37971,toView=37972,nodeIdx=2,changeCycle=0,myNode=824ae14a...,timecost=14.789
info|2019-12-12 12:00:33.080990|[g:1][CONSENSUS][PBFT]checkAndChangeView: Reach consensus,org_view=37971,org_changeCycle=0,cur_changeCycle=0,to_view=37972
info|2019-12-12 12:00:34.089306|[g:1][CONSENSUS]addRawPrepare,height=69,reqIdx=0,hash=2e036593...
info|2019-12-12 12:00:34.104097|[g:1][CONSENSUS][PBFT]checkTimeout Succ,view=37972,toView=37973,nodeIdx=2,changeCycle=0,myNode=824ae14a...,timecost=9.172
info|2019-12-12 12:00:34.119100|[g:1][CONSENSUS][PBFT]checkAndChangeView: Reach consensus,org_view=37972,org_changeCycle=0,cur_changeCycle=0,to_view=37973
info|2019-12-12 12:00:35.126276|[g:1][CONSENSUS]addRawPrepare,height=69,reqIdx=1,hash=51efa7ca...
info|2019-12-12 12:00:35.129771|[g:1][CONSENSUS][PBFT]checkTimeout Succ,view=37973,toView=37974,nodeIdx=2,changeCycle=0,myNode=824ae14a...,timecost=3.279
info|2019-12-12 12:00:35.149258|[g:1][CONSENSUS][PBFT]checkAndChangeView: Reach consensus,org_view=37973,org_changeCycle=0,cur_changeCycle=0,to_view=37974
info|2019-12-12 12:00:36.044236|[P2P][Service] heartBeat,connected count=4
info|2019-12-12 12:00:36.157189|[g:1][CONSENSUS][SEALER]++++++++++++++++ Generating seal on,blkNum=69,tx=0,nodeIdx=2,hash=ef49f057...
info|2019-12-12 12:00:36.173966|[g:1][CONSENSUS][PBFT]checkTimeout Succ,view=37974,toView=37975,nodeIdx=2,changeCycle=0,myNode=824ae14a...,timecost=0.46
info|2019-12-12 12:00:36.177504|[g:1][CONSENSUS][PBFT]checkAndChangeView: Reach consensus,org_view=37974,org_changeCycle=0,cur_changeCycle=0,to_view=37975
info|2019-12-12 12:00:37.183807|[g:1][CONSENSUS]addRawPrepare,height=69,reqIdx=3,hash=ce4f8fc5...
info|2019-12-12 12:00:37.199257|[g:1][CONSENSUS][PBFT]checkTimeout Succ,view=37975,toView=37976,nodeIdx=2,changeCycle=0,myNode=824ae14a...,timecost=14.49
info|2019-12-12 12:00:37.217306|[g:1][CONSENSUS][PBFT]checkAndChangeView: Reach consensus,org_view=37975,org_changeCycle=0,cur_changeCycle=0,to_view=37976
info|2019-12-12 12:00:38.219890|[g:1][CONSENSUS]addRawPrepare,height=69,reqIdx=0,hash=80dd0ca8...
info|2019-12-12 12:00:38.230009|[g:1][CONSENSUS][PBFT]checkTimeout Succ,view=37976,toView=37977,nodeIdx=2,changeCycle=0,myNode=824ae14a...,timecost=9.724
info|2019-12-12 12:00:38.248080|[g:1][CONSENSUS][PBFT]checkAndChangeView: Reach consensus,org_view=37976,org_changeCycle=0,cur_changeCycle=0,to_view=37977
info|2019-12-12 12:00:39.258590|[g:1][CONSENSUS]addRawPrepare,height=69,reqIdx=1,hash=b19795ba...
info|2019-12-12 12:00:39.266345|[g:1][CONSENSUS][PBFT]checkTimeout Succ,view=37977,toView=37978,nodeIdx=2,changeCycle=0,myNode=824ae14a...,timecost=0.979
info|2019-12-12 12:00:39.268592|[g:1][CONSENSUS][PBFT]checkAndChangeView: Reach consensus,org_view=37977,org_changeCycle=0,cur_changeCycle=0,to_view=37978
info|2019-12-12 12:00:40.276495|[g:1][CONSENSUS][SEALER]++++++++++++++++ Generating seal on,blkNum=69,tx=0,nodeIdx=2,hash=60f6b559...
info|2019-12-12 12:00:40.287722|[g:1][CONSENSUS][PBFT]checkTimeout Succ,view=37978,toView=37979,nodeIdx=2,changeCycle=0,myNode=824ae14a...,timecost=0.442
info|2019-12-12 12:00:40.289515|[g:1][CONSENSUS][PBFT]checkAndChangeView: Reach consensus,org_view=37978,org_changeCycle=0,cur_changeCycle=0,to_view=37979
info|2019-12-12 12:00:41.310785|[g:1][CONSENSUS]addRawPrepare,height=69,reqIdx=3,hash=0e859bb6...
info|2019-12-12 12:00:41.352990|[g:1][CONSENSUS][PBFT]checkTimeout Succ,view=37979,toView=37980,nodeIdx=2,changeCycle=0,myNode=824ae14a...,timecost=11.782
info|2019-12-12 12:00:41.369564|[g:1][CONSENSUS][PBFT]checkAndChangeView: Reach consensus,org_view=37979,org_changeCycle=0,cur_changeCycle=0,to_view=37980
info|2019-12-12 12:00:42.375010|[g:1][CONSENSUS]addRawPrepare,height=69,reqIdx=0,hash=d788c9a3...
info|2019-12-12 12:00:42.404206|[g:1][CONSENSUS][PBFT]checkTimeout Succ,view=37980,toView=37981,nodeIdx=2,changeCycle=0,myNode=824ae14a...,timecost=18.046
info|2019-12-12 12:00:42.410166|[g:1][CONSENSUS][PBFT]checkAndChangeView: Reach consensus,org_view=37980,org_changeCycle=0,cur_changeCycle=0,to_view=37981
info|2019-12-12 12:00:43.420358|[g:1][CONSENSUS]addRawPrepare,height=69,reqIdx=1,hash=8516dde2...
info|2019-12-12 12:00:43.423182|[g:1][CONSENSUS][PBFT]checkTimeout Succ,view=37981,toView=37982,nodeIdx=2,changeCycle=0,myNode=824ae14a...,timecost=2.735
info|2019-12-12 12:00:43.441945|[g:1][CONSENSUS][PBFT]checkAndChangeView: Reach consensus,org_view=37981,org_changeCycle=0,cur_changeCycle=0,to_view=37982
info|2019-12-12 12:00:44.445598|[g:1][CONSENSUS][SEALER]++++++++++++++++ Generating seal on,blkNum=69,tx=0,nodeIdx=2,hash=2c041f96...
info|2019-12-12 12:00:44.467069|[g:1][CONSENSUS][PBFT]checkTimeout Succ,view=37982,toView=37983,nodeIdx=2,changeCycle=0,myNode=824ae14a...,timecost=0.734
info|2019-12-12 12:00:44.470199|[g:1][CONSENSUS][PBFT]checkAndChangeView: Reach consensus,org_view=37982,org_changeCycle=0,cur_changeCycle=0,to_view=37983
info|2019-12-12 12:00:45.487628|[g:1][CONSENSUS]addRawPrepare,height=69,reqIdx=3,hash=1be992cb...
info|2019-12-12 12:00:45.506714|[g:1][CONSENSUS][PBFT]checkTimeout Succ,view=37983,toView=37984,nodeIdx=2,changeCycle=0,myNode=824ae14a...,timecost=18.623
info|2019-12-12 12:00:45.518314|[g:1][CONSENSUS][PBFT]checkAndChangeView: Reach consensus,org_view=37983,org_changeCycle=0,cur_changeCycle=0,to_view=37984
info|2019-12-12 12:00:46.044687|[P2P][Service] heartBeat,connected count=4
info|2019-12-12 12:00:46.527772|[g:1][CONSENSUS]addRawPrepare,height=69,reqIdx=0,hash=6ae224bd...
info|2019-12-12 12:00:46.549120|[g:1][CONSENSUS][PBFT]checkTimeout Succ,view=37984,toView=37985,nodeIdx=2,changeCycle=0,myNode=824ae14a...,timecost=12.783
info|2019-12-12 12:00:46.566545|[g:1][CONSENSUS][PBFT]checkAndChangeView: Reach consensus,org_view=37984,org_changeCycle=0,cur_changeCycle=0,to_view=37985
info|2019-12-12 12:00:47.578096|[g:1][CONSENSUS]addRawPrepare,height=69,reqIdx=1,hash=a2759b12...
info|2019-12-12 12:00:47.579721|[g:1][CONSENSUS][PBFT]checkTimeout Succ,view=37985,toView=37986,nodeIdx=2,changeCycle=0,myNode=824ae14a...,timecost=1.559
info|2019-12-12 12:00:47.589080|[g:1][CONSENSUS][PBFT]checkAndChangeView: Reach consensus,org_view=37985,org_changeCycle=0,cur_changeCycle=0,to_view=37986
info|2019-12-12 12:00:48.601980|[g:1][CONSENSUS][SEALER]++++++++++++++++ Generating seal on,blkNum=69,tx=0,nodeIdx=2,hash=ccc378fa...
info|2019-12-12 12:00:48.619469|[g:1][CONSENSUS][PBFT]checkTimeout Succ,view=37986,toView=37987,nodeIdx=2,changeCycle=0,myNode=824ae14a...,timecost=0.564
info|2019-12-12 12:00:48.621777|[g:1][CONSENSUS][PBFT]checkAndChangeView: Reach consensus,org_view=37986,org_changeCycle=0,cur_changeCycle=0,to_view=37987
info|2019-12-12 12:00:49.632141|[g:1][CONSENSUS]addRawPrepare,height=69,reqIdx=3,hash=58fec18b...
info|2019-12-12 12:00:49.632614|[g:1][CONSENSUS][PBFT]checkTimeout Succ,view=37987,toView=37988,nodeIdx=2,changeCycle=0,myNode=824ae14a...,timecost=0.428
info|2019-12-12 12:00:49.635752|[g:1][CONSENSUS][PBFT]checkAndChangeView: Reach consensus,org_view=37987,org_changeCycle=0,cur_changeCycle=0,to_view=37988
info|2019-12-12 12:00:50.639653|[g:1][CONSENSUS]addRawPrepare,height=69,reqIdx=0,hash=a8e2a350...
info|2019-12-12 12:00:50.648938|[g:1][CONSENSUS][PBFT]checkTimeout Succ,view=37988,toView=37989,nodeIdx=2,changeCycle=0,myNode=824ae14a...,timecost=9.059
info|2019-12-12 12:00:50.662445|[g:1][CONSENSUS][PBFT]checkAndChangeView: Reach consensus,org_view=37988,org_changeCycle=0,cur_changeCycle=0,to_view=37989
info|2019-12-12 12:00:51.668966|[g:1][CONSENSUS]addRawPrepare,height=69,reqIdx=1,hash=8038f4e0...
info|2019-12-12 12:00:51.669475|[g:1][CONSENSUS][PBFT]checkTimeout Succ,view=37989,toView=37990,nodeIdx=2,changeCycle=0,myNode=824ae14a...,timecost=0.256
info|2019-12-12 12:00:51.713363|[g:1][CONSENSUS][PBFT]checkAndChangeView: Reach consensus,org_view=37989,org_changeCycle=0,cur_changeCycle=0,to_view=37990
info|2019-12-12 12:00:52.714411|[g:1][CONSENSUS][SEALER]++++++++++++++++ Generating seal on,blkNum=69,tx=0,nodeIdx=2,hash=00459e94...
info|2019-12-12 12:00:52.736005|[g:1][CONSENSUS][PBFT]checkTimeout Succ,view=37990,toView=37991,nodeIdx=2,changeCycle=0,myNode=824ae14a...,timecost=0.94
info|2019-12-12 12:00:52.743106|[g:1][CONSENSUS][PBFT]checkAndChangeView: Reach consensus,org_view=37990,org_changeCycle=0,cur_changeCycle=0,to_view=37991
info|2019-12-12 12:00:53.762948|[g:1][CONSENSUS]addRawPrepare,height=69,reqIdx=3,hash=f82d77ed...
info|2019-12-12 12:00:53.784120|[g:1][CONSENSUS][PBFT]checkTimeout Succ,view=37991,toView=37992,nodeIdx=2,changeCycle=0,myNode=824ae14a...,timecost=25.039
info|2019-12-12 12:00:53.798103|[g:1][CONSENSUS][PBFT]checkAndChangeView: Reach consensus,org_view=37991,org_changeCycle=0,cur_changeCycle=0,to_view=37992
info|2019-12-12 12:00:54.800109|[g:1][CONSENSUS]addRawPrepare,height=69,reqIdx=0,hash=b730b351...
info|2019-12-12 12:00:54.800880|[g:1][CONSENSUS][PBFT]checkTimeout Succ,view=37992,toView=37993,nodeIdx=2,changeCycle=0,myNode=824ae14a...,timecost=0.599
info|2019-12-12 12:00:54.812739|[g:1][CONSENSUS][PBFT]checkAndChangeView: Reach consensus,org_view=37992,org_changeCycle=0,cur_changeCycle=0,to_view=37993
info|2019-12-12 12:00:55.828718|[g:1][CONSENSUS]addRawPrepare,height=69,reqIdx=1,hash=8851aa93...
info|2019-12-12 12:00:55.832227|[g:1][CONSENSUS][PBFT]checkTimeout Succ,view=37993,toView=37994,nodeIdx=2,changeCycle=0,myNode=824ae14a...,timecost=3.054
info|2019-12-12 12:00:55.845454|[g:1][CONSENSUS][PBFT]checkAndChangeView: Reach consensus,org_view=37993,org_changeCycle=0,cur_changeCycle=0,to_view=37994
info|2019-12-12 12:00:56.046328|[P2P][Service] heartBeat,connected count=4
info|2019-12-12 12:00:56.854869|[g:1][CONSENSUS][SEALER]++++++++++++++++ Generating seal on,blkNum=69,tx=0,nodeIdx=2,hash=22c902dc...
info|2019-12-12 12:00:56.875722|[g:1][CONSENSUS][PBFT]checkTimeout Succ,view=37994,toView=37995,nodeIdx=2,changeCycle=0,myNode=824ae14a...,timecost=1.121
info|2019-12-12 12:00:56.897465|[g:1][CONSENSUS][PBFT]checkAndChangeView: Reach consensus,org_view=37994,org_changeCycle=0,cur_changeCycle=0,to_view=37995
info|2019-12-12 12:00:57.926444|[g:1][CONSENSUS]addRawPrepare,height=69,reqIdx=3,hash=2bb19c78...
info|2019-12-12 12:00:57.936024|[g:1][CONSENSUS][PBFT]checkTimeout Succ,view=37995,toView=37996,nodeIdx=2,changeCycle=0,myNode=824ae14a...,timecost=7.344
info|2019-12-12 12:00:57.968562|[g:1][CONSENSUS][PBFT]checkAndChangeView: Reach consensus,org_view=37995,org_changeCycle=0,cur_changeCycle=0,to_view=37996
info|2019-12-12 12:00:58.968351|[g:1][CONSENSUS]addRawPrepare,height=69,reqIdx=0,hash=7d180834...
info|2019-12-12 12:00:58.983079|[g:1][CONSENSUS][PBFT]checkTimeout Succ,view=37996,toView=37997,nodeIdx=2,changeCycle=0,myNode=824ae14a...,timecost=12.102
info|2019-12-12 12:00:58.999032|[g:1][CONSENSUS][PBFT]checkAndChangeView: Reach consensus,org_view=37996,org_changeCycle=0,cur_changeCycle=0,to_view=37997
info|2019-12-12 12:01:00.016414|[g:1][CONSENSUS]addRawPrepare,height=69,reqIdx=1,hash=017c31bb...
info|2019-12-12 12:01:00.034327|[g:1][CONSENSUS][PBFT]checkTimeout Succ,view=37997,toView=37998,nodeIdx=2,changeCycle=0,myNode=824ae14a...,timecost=17.855
info|2019-12-12 12:01:00.039720|[g:1][CONSENSUS][PBFT]checkAndChangeView: Reach consensus,org_view=37997,org_changeCycle=0,cur_changeCycle=0,to_view=37998
info|2019-12-12 12:01:01.048563|[g:1][CONSENSUS][SEALER]++++++++++++++++ Generating seal on,blkNum=69,tx=0,nodeIdx=2,hash=83a5b9cd...
info|2019-12-12 12:01:01.066286|[g:1][CONSENSUS][PBFT]checkTimeout Succ,view=37998,toView=37999,nodeIdx=2,changeCycle=0,myNode=824ae14a...,timecost=0.803
info|2019-12-12 12:01:01.069516|[g:1][CONSENSUS][PBFT]checkAndChangeView: Reach consensus,org_view=37998,org_changeCycle=0,cur_changeCycle=0,to_view=37999
info|2019-12-12 12:01:02.076542|[g:1][CONSENSUS]addRawPrepare,height=69,reqIdx=3,hash=a82c75b9...
info|2019-12-12 12:01:02.080832|[g:1][CONSENSUS][PBFT]checkTimeout Succ,view=37999,toView=38000,nodeIdx=2,changeCycle=0,myNode=824ae14a...,timecost=3.484
info|2019-12-12 12:01:02.090639|[g:1][CONSENSUS][PBFT]checkAndChangeView: Reach consensus,org_view=37999,org_changeCycle=0,cur_changeCycle=0,to_view=38000
info|2019-12-12 12:01:03.089064|[g:1][CONSENSUS]addRawPrepare,height=69,reqIdx=0,hash=84af4cba...
info|2019-12-12 12:01:03.101748|[g:1][CONSENSUS][PBFT]checkTimeout Succ,view=38000,toView=38001,nodeIdx=2,changeCycle=0,myNode=824ae14a...,timecost=8.757
info|2019-12-12 12:01:03.120569|[g:1][CONSENSUS][PBFT]checkAndChangeView: Reach consensus,org_view=38000,org_changeCycle=0,cur_changeCycle=0,to_view=38001
info|2019-12-12 12:01:04.127588|[g:1][CONSENSUS]addRawPrepare,height=69,reqIdx=1,hash=b1f73621...
info|2019-12-12 12:01:04.132166|[g:1][CONSENSUS][PBFT]checkTimeout Succ,view=38001,toView=38002,nodeIdx=2,changeCycle=0,myNode=824ae14a...,timecost=4.136
info|2019-12-12 12:01:04.153200|[g:1][CONSENSUS][PBFT]checkAndChangeView: Reach consensus,org_view=38001,org_changeCycle=0,cur_changeCycle=0,to_view=38002
info|2019-12-12 12:01:05.159439|[g:1][CONSENSUS][SEALER]++++++++++++++++ Generating seal on,blkNum=69,tx=0,nodeIdx=2,hash=170037b2...
info|2019-12-12 12:01:05.186268|[g:1][CONSENSUS][PBFT]checkTimeout Succ,view=38002,toView=38003,nodeIdx=2,changeCycle=0,myNode=824ae14a...,timecost=0.873
info|2019-12-12 12:01:05.192281|[g:1][CONSENSUS][PBFT]checkAndChangeView: Reach consensus,org_view=38002,org_changeCycle=0,cur_changeCycle=0,to_view=38003
info|2019-12-12 12:01:06.046748|[P2P][Service] heartBeat,connected count=4
info|2019-12-12 12:01:06.218823|[g:1][CONSENSUS]addRawPrepare,height=69,reqIdx=3,hash=528db26e...
info|2019-12-12 12:01:06.226234|[g:1][CONSENSUS][PBFT]checkTimeout Succ,view=38003,toView=38004,nodeIdx=2,changeCycle=0,myNode=824ae14a...,timecost=7.126
info|2019-12-12 12:01:06.250508|[g:1][CONSENSUS][PBFT]checkAndChangeView: Reach consensus,org_view=38003,org_changeCycle=0,cur_changeCycle=0,to_view=38004
info|2019-12-12 12:01:07.275174|[g:1][CONSENSUS]addRawPrepare,height=69,reqIdx=0,hash=e5d1bc96...
info|2019-12-12 12:01:07.308363|[g:1][CONSENSUS][PBFT]checkTimeout Succ,view=38004,toView=38005,nodeIdx=2,changeCycle=0,myNode=824ae14a...,timecost=19.907
info|2019-12-12 12:01:07.327045|[g:1][CONSENSUS][PBFT]checkAndChangeView: Reach consensus,org_view=38004,org_changeCycle=0,cur_changeCycle=0,to_view=38005
info|2019-12-12 12:01:08.333718|[g:1][CONSENSUS]addRawPrepare,height=69,reqIdx=1,hash=8ab649f6...
info|2019-12-12 12:01:08.349582|[g:1][CONSENSUS][PBFT]checkTimeout Succ,view=38005,toView=38006,nodeIdx=2,changeCycle=0,myNode=824ae14a...,timecost=15.613
info|2019-12-12 12:01:08.364597|[g:1][CONSENSUS][PBFT]checkAndChangeView: Reach consensus,org_view=38005,org_changeCycle=0,cur_changeCycle=0,to_view=38006
info|2019-12-12 12:01:09.374979|[g:1][CONSENSUS][SEALER]++++++++++++++++ Generating seal on,blkNum=69,tx=0,nodeIdx=2,hash=e1443e16...
info|2019-12-12 12:01:09.390498|[g:1][CONSENSUS][PBFT]checkTimeout Succ,view=38006,toView=38007,nodeIdx=2,changeCycle=0,myNode=824ae14a...,timecost=0.469
info|2019-12-12 12:01:09.394036|[g:1][CONSENSUS][PBFT]checkAndChangeView: Reach consensus,org_view=38006,org_changeCycle=0,cur_changeCycle=0,to_view=38007
info|2019-12-12 12:01:10.391107|[g:1][CONSENSUS]addRawPrepare,height=69,reqIdx=3,hash=00a25bd3...
info|2019-12-12 12:01:10.391437|[g:1][CONSENSUS][PBFT]checkTimeout Succ,view=38007,toView=38008,nodeIdx=2,changeCycle=0,myNode=824ae14a...,timecost=0.299
info|2019-12-12 12:01:10.393705|[g:1][CONSENSUS][PBFT]checkAndChangeView: Reach consensus,org_view=38007,org_changeCycle=0,cur_changeCycle=0,to_view=38008
info|2019-12-12 12:01:11.405197|[g:1][CONSENSUS]addRawPrepare,height=69,reqIdx=0,hash=c922655f...
info|2019-12-12 12:01:11.423673|[g:1][CONSENSUS][PBFT]checkTimeout Succ,view=38008,toView=38009,nodeIdx=2,changeCycle=0,myNode=824ae14a...,timecost=11.118
info|2019-12-12 12:01:11.450778|[g:1][CONSENSUS][PBFT]checkAndChangeView: Reach consensus,org_view=38008,org_changeCycle=0,cur_changeCycle=0,to_view=38009
info|2019-12-12 12:01:12.478915|[g:1][CONSENSUS]addRawPrepare,height=69,reqIdx=1,hash=bad5a271...
info|2019-12-12 12:01:12.487031|[g:1][CONSENSUS][PBFT]checkTimeout Succ,view=38009,toView=38010,nodeIdx=2,changeCycle=0,myNode=824ae14a...,timecost=7.729
info|2019-12-12 12:01:12.513716|[g:1][CONSENSUS][PBFT]checkAndChangeView: Reach consensus,org_view=38009,org_changeCycle=0,cur_changeCycle=0,to_view=38010
info|2019-12-12 12:01:13.514291|[g:1][CONSENSUS][SEALER]++++++++++++++++ Generating seal on,blkNum=69,tx=0,nodeIdx=2,hash=2b39059a...
info|2019-12-12 12:01:13.554553|[g:1][CONSENSUS][PBFT]checkTimeout Succ,view=38010,toView=38011,nodeIdx=2,changeCycle=0,myNode=824ae14a...,timecost=9.72
info|2019-12-12 12:01:13.594892|[g:1][CONSENSUS][PBFT]checkAndChangeView: Reach consensus,org_view=38010,org_changeCycle=0,cur_changeCycle=0,to_view=38011
info|2019-12-12 12:01:14.614035|[g:1][CONSENSUS]addRawPrepare,height=69,reqIdx=3,hash=78ebc3f7...
info|2019-12-12 12:01:14.623063|[g:1][CONSENSUS][PBFT]checkTimeout Succ,view=38011,toView=38012,nodeIdx=2,changeCycle=0,myNode=824ae14a...,timecost=8.867
info|2019-12-12 12:01:14.640350|[g:1][CONSENSUS][PBFT]checkAndChangeView: Reach consensus,org_view=38011,org_changeCycle=0,cur_changeCycle=0,to_view=38012
info|2019-12-12 12:01:15.650870|[g:1][CONSENSUS]addRawPrepare,height=69,reqIdx=0,hash=0c239904...
info|2019-12-12 12:01:15.666112|[g:1][CONSENSUS][PBFT]checkTimeout Succ,view=38012,toView=38013,nodeIdx=2,changeCycle=0,myNode=824ae14a...,timecost=8.775
info|2019-12-12 12:01:15.686708|[g:1][CONSENSUS][PBFT]checkAndChangeView: Reach consensus,org_view=38012,org_changeCycle=0,cur_changeCycle=0,to_view=38013
info|2019-12-12 12:01:16.048231|[P2P][Service] heartBeat,connected count=4
info|2019-12-12 12:01:16.691912|[g:1][CONSENSUS]addRawPrepare,height=69,reqIdx=1,hash=d2d481f9...
info|2019-12-12 12:01:16.695662|[g:1][CONSENSUS][PBFT]checkTimeout Succ,view=38013,toView=38014,nodeIdx=2,changeCycle=0,myNode=824ae14a...,timecost=3.739
info|2019-12-12 12:01:16.703367|[g:1][CONSENSUS][PBFT]checkAndChangeView: Reach consensus,org_view=38013,org_changeCycle=0,cur_changeCycle=0,to_view=38014
info|2019-12-12 12:01:17.712585|[g:1][CONSENSUS][SEALER]++++++++++++++++ Generating seal on,blkNum=69,tx=0,nodeIdx=2,hash=af271484...
info|2019-12-12 12:01:17.735358|[g:1][CONSENSUS][PBFT]checkTimeout Succ,view=38014,toView=38015,nodeIdx=2,changeCycle=0,myNode=824ae14a...,timecost=1.002
info|2019-12-12 12:01:17.763452|[g:1][CONSENSUS][PBFT]checkAndChangeView: Reach consensus,org_view=38014,org_changeCycle=0,cur_changeCycle=0,to_view=38015
info|2019-12-12 12:01:18.785182|[g:1][CONSENSUS]addRawPrepare,height=69,reqIdx=3,hash=c268611a...
info|2019-12-12 12:01:18.795086|[g:1][CONSENSUS][PBFT]checkTimeout Succ,view=38015,toView=38016,nodeIdx=2,changeCycle=0,myNode=824ae14a...,timecost=5.804
info|2019-12-12 12:01:18.820009|[g:1][CONSENSUS][PBFT]checkAndChangeView: Reach consensus,org_view=38015,org_changeCycle=0,cur_changeCycle=0,to_view=38016
info|2019-12-12 12:01:19.841986|[g:1][CONSENSUS]addRawPrepare,height=69,reqIdx=0,hash=4a1cd3b3...
info|2019-12-12 12:01:19.862063|[g:1][CONSENSUS][PBFT]checkTimeout Succ,view=38016,toView=38017,nodeIdx=2,changeCycle=0,myNode=824ae14a...,timecost=12.49
info|2019-12-12 12:01:19.881456|[g:1][CONSENSUS][PBFT]checkAndChangeView: Reach consensus,org_view=38016,org_changeCycle=0,cur_changeCycle=0,to_view=38017
info|2019-12-12 12:01:20.893647|[g:1][CONSENSUS]addRawPrepare,height=69,reqIdx=1,hash=d0bc73cb...
info|2019-12-12 12:01:20.902458|[g:1][CONSENSUS][PBFT]checkTimeout Succ,view=38017,toView=38018,nodeIdx=2,changeCycle=0,myNode=824ae14a...,timecost=8.53
info|2019-12-12 12:01:20.932355|[g:1][CONSENSUS][PBFT]checkAndChangeView: Reach consensus,org_view=38017,org_changeCycle=0,cur_changeCycle=0,to_view=38018
info|2019-12-12 12:01:21.933649|[g:1][CONSENSUS][SEALER]++++++++++++++++ Generating seal on,blkNum=69,tx=0,nodeIdx=2,hash=72304ad3...
info|2019-12-12 12:01:21.949220|[g:1][CONSENSUS][PBFT]checkTimeout Succ,view=38018,toView=38019,nodeIdx=2,changeCycle=0,myNode=824ae14a...,timecost=0.542
info|2019-12-12 12:01:21.952617|[g:1][CONSENSUS][PBFT]checkAndChangeView: Reach consensus,org_view=38018,org_changeCycle=0,cur_changeCycle=0,to_view=38019
info|2019-12-12 12:01:22.952550|[g:1][CONSENSUS]addRawPrepare,height=69,reqIdx=3,hash=2d96d295...
info|2019-12-12 12:01:22.955879|[g:1][CONSENSUS][PBFT]checkTimeout Succ,view=38019,toView=38020,nodeIdx=2,changeCycle=0,myNode=824ae14a...,timecost=3.067
info|2019-12-12 12:01:22.965189|[g:1][CONSENSUS][PBFT]checkAndChangeView: Reach consensus,org_view=38019,org_changeCycle=0,cur_changeCycle=0,to_view=38020
info|2019-12-12 12:01:24.006724|[g:1][CONSENSUS]addRawPrepare,height=69,reqIdx=0,hash=e1b73579...
info|2019-12-12 12:01:24.018804|[g:1][CONSENSUS][PBFT]checkTimeout Succ,view=38020,toView=38021,nodeIdx=2,changeCycle=0,myNode=824ae14a...,timecost=2.067
info|2019-12-12 12:01:24.045816|[g:1][CONSENSUS][PBFT]checkAndChangeView: Reach consensus,org_view=38020,org_changeCycle=0,cur_changeCycle=0,to_view=38021
info|2019-12-12 12:01:25.083664|[g:1][CONSENSUS]addRawPrepare,height=69,reqIdx=1,hash=140bb601...
info|2019-12-12 12:01:25.094477|[g:1][CONSENSUS][PBFT]checkTimeout Succ,view=38021,toView=38022,nodeIdx=2,changeCycle=0,myNode=824ae14a...,timecost=9.39
info|2019-12-12 12:01:25.109740|[g:1][CONSENSUS][PBFT]checkAndChangeView: Reach consensus,org_view=38021,org_changeCycle=0,cur_changeCycle=0,to_view=38022
info|2019-12-12 12:01:26.049334|[P2P][Service] heartBeat,connected count=4
info|2019-12-12 12:01:26.109533|[g:1][CONSENSUS][SEALER]++++++++++++++++ Generating seal on,blkNum=69,tx=0,nodeIdx=2,hash=14b9294a...
info|2019-12-12 12:01:26.132674|[g:1][CONSENSUS][PBFT]checkTimeout Succ,view=38022,toView=38023,nodeIdx=2,changeCycle=0,myNode=824ae14a...,timecost=1.618
info|2019-12-12 12:01:26.153028|[g:1][CONSENSUS][PBFT]checkAndChangeView: Reach consensus,org_view=38022,org_changeCycle=0,cur_changeCycle=0,to_view=38023
info|2019-12-12 12:01:27.188239|[g:1][CONSENSUS]addRawPrepare,height=69,reqIdx=3,hash=71cdfbd7...
info|2019-12-12 12:01:27.191184|[g:1][CONSENSUS][PBFT]checkTimeout Succ,view=38023,toView=38024,nodeIdx=2,changeCycle=0,myNode=824ae14a...,timecost=2.398
info|2019-12-12 12:01:27.194348|[g:1][CONSENSUS][PBFT]checkAndChangeView: Reach consensus,org_view=38023,org_changeCycle=0,cur_changeCycle=0,to_view=38024
info|2019-12-12 12:01:28.201257|[g:1][CONSENSUS]addRawPrepare,height=69,reqIdx=0,hash=210f5f19...
info|2019-12-12 12:01:28.233690|[g:1][CONSENSUS][PBFT]checkTimeout Succ,view=38024,toView=38025,nodeIdx=2,changeCycle=0,myNode=824ae14a...,timecost=23.93
info|2019-12-12 12:01:28.250820|[g:1][CONSENSUS][PBFT]checkAndChangeView: Reach consensus,org_view=38024,org_changeCycle=0,cur_changeCycle=0,to_view=38025
info|2019-12-12 12:01:29.263114|[g:1][CONSENSUS]addRawPrepare,height=69,reqIdx=1,hash=a2fd4020...
info|2019-12-12 12:01:29.284694|[g:1][CONSENSUS][PBFT]checkTimeout Succ,view=38025,toView=38026,nodeIdx=2,changeCycle=0,myNode=824ae14a...,timecost=18.535
info|2019-12-12 12:01:29.295737|[g:1][CONSENSUS][PBFT]checkAndChangeView: Reach consensus,org_view=38025,org_changeCycle=0,cur_changeCycle=0,to_view=38026
info|2019-12-12 12:01:30.301935|[g:1][CONSENSUS][SEALER]++++++++++++++++ Generating seal on,blkNum=69,tx=0,nodeIdx=2,hash=51641aea...
info|2019-12-12 12:01:30.320623|[g:1][CONSENSUS][PBFT]checkTimeout Succ,view=38026,toView=38027,nodeIdx=2,changeCycle=0,myNode=824ae14a...,timecost=1.148
info|2019-12-12 12:01:30.323866|[g:1][CONSENSUS][PBFT]checkAndChangeView: Reach consensus,org_view=38026,org_changeCycle=0,cur_changeCycle=0,to_view=38027
info|2019-12-12 12:01:31.330197|[g:1][CONSENSUS]addRawPrepare,height=69,reqIdx=3,hash=962af993...
info|2019-12-12 12:01:31.332397|[g:1][CONSENSUS][PBFT]checkTimeout Succ,view=38027,toView=38028,nodeIdx=2,changeCycle=0,myNode=824ae14a...,timecost=2.127
info|2019-12-12 12:01:31.341371|[g:1][CONSENSUS][PBFT]checkAndChangeView: Reach consensus,org_view=38027,org_changeCycle=0,cur_changeCycle=0,to_view=38028
info|2019-12-12 12:01:32.346677|[g:1][CONSENSUS]addRawPrepare,height=69,reqIdx=0,hash=5b917d24...
info|2019-12-12 12:01:32.389982|[g:1][CONSENSUS][PBFT]checkTimeout Succ,view=38028,toView=38029,nodeIdx=2,changeCycle=0,myNode=824ae14a...,timecost=29.718
info|2019-12-12 12:01:32.402845|[g:1][CONSENSUS][PBFT]checkAndChangeView: Reach consensus,org_view=38028,org_changeCycle=0,cur_changeCycle=0,to_view=38029
info|2019-12-12 12:01:33.413878|[g:1][CONSENSUS]addRawPrepare,height=69,reqIdx=1,hash=e7e7a16a...
info|2019-12-12 12:01:33.414333|[g:1][CONSENSUS][PBFT]checkTimeout Succ,view=38029,toView=38030,nodeIdx=2,changeCycle=0,myNode=824ae14a...,timecost=0.416
info|2019-12-12 12:01:33.420441|[g:1][CONSENSUS][PBFT]checkAndChangeView: Reach consensus,org_view=38029,org_changeCycle=0,cur_changeCycle=0,to_view=38030
info|2019-12-12 12:01:34.421221|[g:1][CONSENSUS][SEALER]++++++++++++++++ Generating seal on,blkNum=69,tx=0,nodeIdx=2,hash=bc008288...
info|2019-12-12 12:01:34.441343|[g:1][CONSENSUS][PBFT]checkTimeout Succ,view=38030,toView=38031,nodeIdx=2,changeCycle=0,myNode=824ae14a...,timecost=0.856
info|2019-12-12 12:01:34.450996|[g:1][CONSENSUS][PBFT]checkAndChangeView: Reach consensus,org_view=38030,org_changeCycle=0,cur_changeCycle=0,to_view=38031
info|2019-12-12 12:01:35.479546|[g:1][CONSENSUS]addRawPrepare,height=69,reqIdx=3,hash=1004796d...
info|2019-12-12 12:01:35.483342|[g:1][CONSENSUS][PBFT]checkTimeout Succ,view=38031,toView=38032,nodeIdx=2,changeCycle=0,myNode=824ae14a...,timecost=3.718
info|2019-12-12 12:01:35.496467|[g:1][CONSENSUS][PBFT]checkAndChangeView: Reach consensus,org_view=38031,org_changeCycle=0,cur_changeCycle=0,to_view=38032
info|2019-12-12 12:01:36.049938|[P2P][Service] heartBeat,connected count=4
info|2019-12-12 12:01:36.505839|[g:1][CONSENSUS]addRawPrepare,height=69,reqIdx=0,hash=ad037e2c...
info|2019-12-12 12:01:36.506629|[g:1][CONSENSUS][PBFT]checkTimeout Succ,view=38032,toView=38033,nodeIdx=2,changeCycle=0,myNode=824ae14a...,timecost=0.689
info|2019-12-12 12:01:36.513247|[g:1][CONSENSUS][PBFT]checkAndChangeView: Reach consensus,org_view=38032,org_changeCycle=0,cur_changeCycle=0,to_view=38033
info|2019-12-12 12:01:37.538741|[g:1][CONSENSUS]addRawPrepare,height=69,reqIdx=1,hash=a01d406b...
info|2019-12-12 12:01:37.546267|[g:1][CONSENSUS][PBFT]checkTimeout Succ,view=38033,toView=38034,nodeIdx=2,changeCycle=0,myNode=824ae14a...,timecost=5.868
info|2019-12-12 12:01:37.556128|[g:1][CONSENSUS][PBFT]checkAndChangeView: Reach consensus,org_view=38033,org_changeCycle=0,cur_changeCycle=0,to_view=38034
info|2019-12-12 12:01:38.558233|[g:1][CONSENSUS][SEALER]++++++++++++++++ Generating seal on,blkNum=69,tx=0,nodeIdx=2,hash=6d5485c7...
info|2019-12-12 12:01:38.575003|[g:1][CONSENSUS][PBFT]checkTimeout Succ,view=38034,toView=38035,nodeIdx=2,changeCycle=0,myNode=824ae14a...,timecost=0.542
info|2019-12-12 12:01:38.577740|[g:1][CONSENSUS][PBFT]checkAndChangeView: Reach consensus,org_view=38034,org_changeCycle=0,cur_changeCycle=0,to_view=38035
info|2019-12-12 12:01:39.593715|[g:1][CONSENSUS]addRawPrepare,height=69,reqIdx=3,hash=7a981e70...
info|2019-12-12 12:01:39.601611|[g:1][CONSENSUS][PBFT]checkTimeout Succ,view=38035,toView=38036,nodeIdx=2,changeCycle=0,myNode=824ae14a...,timecost=6.239
info|2019-12-12 12:01:39.613980|[g:1][CONSENSUS][PBFT]checkAndChangeView: Reach consensus,org_view=38035,org_changeCycle=0,cur_changeCycle=0,to_view=38036
info|2019-12-12 12:01:40.627055|[g:1][CONSENSUS]addRawPrepare,height=69,reqIdx=0,hash=1ad8bd12...
info|2019-12-12 12:01:40.654855|[g:1][CONSENSUS][PBFT]checkTimeout Succ,view=38036,toView=38037,nodeIdx=2,changeCycle=0,myNode=824ae14a...,timecost=18.402
info|2019-12-12 12:01:40.661957|[g:1][CONSENSUS][PBFT]checkAndChangeView: Reach consensus,org_view=38036,org_changeCycle=0,cur_changeCycle=0,to_view=38037
info|2019-12-12 12:01:41.677013|[g:1][CONSENSUS]addRawPrepare,height=69,reqIdx=1,hash=d0473e3b...
info|2019-12-12 12:01:41.682618|[g:1][CONSENSUS][PBFT]checkTimeout Succ,view=38037,toView=38038,nodeIdx=2,changeCycle=0,myNode=824ae14a...,timecost=5.464
info|2019-12-12 12:01:41.734058|[g:1][CONSENSUS][PBFT]checkAndChangeView: Reach consensus,org_view=38037,org_changeCycle=0,cur_changeCycle=0,to_view=38038
info|2019-12-12 12:01:42.734557|[g:1][CONSENSUS][SEALER]++++++++++++++++ Generating seal on,blkNum=69,tx=0,nodeIdx=2,hash=9d553a0b...
info|2019-12-12 12:01:42.745558|[g:1][CONSENSUS][PBFT]checkTimeout Succ,view=38038,toView=38039,nodeIdx=2,changeCycle=0,myNode=824ae14a...,timecost=0.265
info|2019-12-12 12:01:42.747324|[g:1][CONSENSUS][PBFT]checkAndChangeView: Reach consensus,org_view=38038,org_changeCycle=0,cur_changeCycle=0,to_view=38039
info|2019-12-12 12:01:43.749264|[g:1][CONSENSUS]addRawPrepare,height=69,reqIdx=3,hash=9869aec1...
info|2019-12-12 12:01:43.749811|[g:1][CONSENSUS][PBFT]checkTimeout Succ,view=38039,toView=38040,nodeIdx=2,changeCycle=0,myNode=824ae14a...,timecost=0.456
info|2019-12-12 12:01:43.755963|[g:1][CONSENSUS][PBFT]checkAndChangeView: Reach consensus,org_view=38039,org_changeCycle=0,cur_changeCycle=0,to_view=38040
info|2019-12-12 12:01:44.764259|[g:1][CONSENSUS]addRawPrepare,height=69,reqIdx=0,hash=e47e79c9...
info|2019-12-12 12:01:44.765170|[g:1][CONSENSUS][PBFT]checkTimeout Succ,view=38040,toView=38041,nodeIdx=2,changeCycle=0,myNode=824ae14a...,timecost=0.752
info|2019-12-12 12:01:44.777474|[g:1][CONSENSUS][PBFT]checkAndChangeView: Reach consensus,org_view=38040,org_changeCycle=0,cur_changeCycle=0,to_view=38041
info|2019-12-12 12:01:45.797296|[g:1][CONSENSUS]addRawPrepare,height=69,reqIdx=1,hash=c0685fd3...
info|2019-12-12 12:01:45.802089|[g:1][CONSENSUS][PBFT]checkTimeout Succ,view=38041,toView=38042,nodeIdx=2,changeCycle=0,myNode=824ae14a...,timecost=4.626
info|2019-12-12 12:01:45.825674|[g:1][CONSENSUS][PBFT]checkAndChangeView: Reach consensus,org_view=38041,org_changeCycle=0,cur_changeCycle=0,to_view=38042
info|2019-12-12 12:01:46.050244|[P2P][Service] heartBeat,connected count=4
info|2019-12-12 12:01:46.839021|[g:1][CONSENSUS][SEALER]++++++++++++++++ Generating seal on,blkNum=69,tx=0,nodeIdx=2,hash=107de465...
info|2019-12-12 12:01:46.859002|[g:1][CONSENSUS][PBFT]checkTimeout Succ,view=38042,toView=38043,nodeIdx=2,changeCycle=0,myNode=824ae14a...,timecost=0.899
info|2019-12-12 12:01:46.872384|[g:1][CONSENSUS][PBFT]checkAndChangeView: Reach consensus,org_view=38042,org_changeCycle=0,cur_changeCycle=0,to_view=38043
info|2019-12-12 12:01:47.899001|[g:1][CONSENSUS]addRawPrepare,height=69,reqIdx=3,hash=c746b385...
info|2019-12-12 12:01:47.907683|[g:1][CONSENSUS][PBFT]checkTimeout Succ,view=38043,toView=38044,nodeIdx=2,changeCycle=0,myNode=824ae14a...,timecost=7.256
info|2019-12-12 12:01:47.928251|[g:1][CONSENSUS][PBFT]checkAndChangeView: Reach consensus,org_view=38043,org_changeCycle=0,cur_changeCycle=0,to_view=38044
info|2019-12-12 12:01:48.941312|[g:1][CONSENSUS]addRawPrepare,height=69,reqIdx=0,hash=0ffc3cc9...
info|2019-12-12 12:01:48.986934|[g:1][CONSENSUS][PBFT]checkTimeout Succ,view=38044,toView=38045,nodeIdx=2,changeCycle=0,myNode=824ae14a...,timecost=33.446
info|2019-12-12 12:01:49.008550|[g:1][CONSENSUS][PBFT]checkAndChangeView: Reach consensus,org_view=38044,org_changeCycle=0,cur_changeCycle=0,to_view=38045
info|2019-12-12 12:01:50.006907|[g:1][CONSENSUS]addRawPrepare,height=69,reqIdx=1,hash=b57ff0d5...
info|2019-12-12 12:01:50.015289|[g:1][CONSENSUS][PBFT]checkTimeout Succ,view=38045,toView=38046,nodeIdx=2,changeCycle=0,myNode=824ae14a...,timecost=3.339
info|2019-12-12 12:01:50.016269|[g:1][CONSENSUS][PBFT]checkAndChangeView: Reach consensus,org_view=38045,org_changeCycle=0,cur_changeCycle=0,to_view=38046
info|2019-12-12 12:01:51.024627|[g:1][CONSENSUS][SEALER]++++++++++++++++ Generating seal on,blkNum=69,tx=0,nodeIdx=2,hash=c29aa5da...
info|2019-12-12 12:01:51.046368|[g:1][CONSENSUS][PBFT]checkTimeout Succ,view=38046,toView=38047,nodeIdx=2,changeCycle=0,myNode=824ae14a...,timecost=0.837
info|2019-12-12 12:01:51.049771|[g:1][CONSENSUS][PBFT]checkAndChangeView: Reach consensus,org_view=38046,org_changeCycle=0,cur_changeCycle=0,to_view=38047
info|2019-12-12 12:01:52.069546|[g:1][CONSENSUS]addRawPrepare,height=69,reqIdx=3,hash=bea5e466...
info|2019-12-12 12:01:52.074508|[g:1][CONSENSUS][PBFT]checkTimeout Succ,view=38047,toView=38048,nodeIdx=2,changeCycle=0,myNode=824ae14a...,timecost=4.969
info|2019-12-12 12:01:52.109460|[g:1][CONSENSUS][PBFT]checkAndChangeView: Reach consensus,org_view=38047,org_changeCycle=0,cur_changeCycle=0,to_view=38048
info|2019-12-12 12:01:53.117648|[g:1][CONSENSUS]addRawPrepare,height=69,reqIdx=0,hash=36b4f010...
info|2019-12-12 12:01:53.130080|[g:1][CONSENSUS][PBFT]checkTimeout Succ,view=38048,toView=38049,nodeIdx=2,changeCycle=0,myNode=824ae14a...,timecost=4.15
info|2019-12-12 12:01:53.142254|[g:1][CONSENSUS][PBFT]checkAndChangeView: Reach consensus,org_view=38048,org_changeCycle=0,cur_changeCycle=0,to_view=38049
info|2019-12-12 12:01:54.150642|[g:1][CONSENSUS]addRawPrepare,height=69,reqIdx=1,hash=932e9d30...
info|2019-12-12 12:01:54.154751|[g:1][CONSENSUS][PBFT]checkTimeout Succ,view=38049,toView=38050,nodeIdx=2,changeCycle=0,myNode=824ae14a...,timecost=4.046
info|2019-12-12 12:01:54.166077|[g:1][CONSENSUS][PBFT]checkAndChangeView: Reach consensus,org_view=38049,org_changeCycle=0,cur_changeCycle=0,to_view=38050
info|2019-12-12 12:01:55.168095|[g:1][CONSENSUS][SEALER]++++++++++++++++ Generating seal on,blkNum=69,tx=0,nodeIdx=2,hash=53d747a6...
info|2019-12-12 12:01:55.188222|[g:1][CONSENSUS][PBFT]checkTimeout Succ,view=38050,toView=38051,nodeIdx=2,changeCycle=0,myNode=824ae14a...,timecost=0.95
info|2019-12-12 12:01:55.199650|[g:1][CONSENSUS][PBFT]checkAndChangeView: Reach consensus,org_view=38050,org_changeCycle=0,cur_changeCycle=0,to_view=38051
info|2019-12-12 12:01:56.050508|[P2P][Service] heartBeat,connected count=4
info|2019-12-12 12:01:56.211437|[g:1][CONSENSUS]addRawPrepare,height=69,reqIdx=3,hash=8ee7f79b...
info|2019-12-12 12:01:56.216187|[g:1][CONSENSUS][PBFT]checkTimeout Succ,view=38051,toView=38052,nodeIdx=2,changeCycle=0,myNode=824ae14a...,timecost=3.937
info|2019-12-12 12:01:56.230087|[g:1][CONSENSUS][PBFT]checkAndChangeView: Reach consensus,org_view=38051,org_changeCycle=0,cur_changeCycle=0,to_view=38052
info|2019-12-12 12:01:57.234484|[g:1][CONSENSUS]addRawPrepare,height=69,reqIdx=0,hash=609e6bb6...
info|2019-12-12 12:01:57.275211|[g:1][CONSENSUS][PBFT]checkTimeout Succ,view=38052,toView=38053,nodeIdx=2,changeCycle=0,myNode=824ae14a...,timecost=17.263
info|2019-12-12 12:01:57.280738|[g:1][CONSENSUS][PBFT]checkAndChangeView: Reach consensus,org_view=38052,org_changeCycle=0,cur_changeCycle=0,to_view=38053
info|2019-12-12 12:01:58.287408|[g:1][CONSENSUS]addRawPrepare,height=69,reqIdx=1,hash=e72dae7e...
info|2019-12-12 12:01:58.293336|[g:1][CONSENSUS][PBFT]checkTimeout Succ,view=38053,toView=38054,nodeIdx=2,changeCycle=0,myNode=824ae14a...,timecost=5.867
info|2019-12-12 12:01:58.297131|[g:1][CONSENSUS][PBFT]checkAndChangeView: Reach consensus,org_view=38053,org_changeCycle=0,cur_changeCycle=0,to_view=38054
info|2019-12-12 12:01:59.307395|[g:1][CONSENSUS][SEALER]++++++++++++++++ Generating seal on,blkNum=69,tx=0,nodeIdx=2,hash=aacca819...
info|2019-12-12 12:01:59.331644|[g:1][CONSENSUS][PBFT]checkTimeout Succ,view=38054,toView=38055,nodeIdx=2,changeCycle=0,myNode=824ae14a...,timecost=1.529
info|2019-12-12 12:01:59.358863|[g:1][CONSENSUS][PBFT]checkAndChangeView: Reach consensus,org_view=38054,org_changeCycle=0,cur_changeCycle=0,to_view=38055
info|2019-12-12 12:02:00.389059|[g:1][CONSENSUS]addRawPrepare,height=69,reqIdx=3,hash=bacaf2fc...
info|2019-12-12 12:02:00.402772|[g:1][CONSENSUS][PBFT]checkTimeout Succ,view=38055,toView=38056,nodeIdx=2,changeCycle=0,myNode=824ae14a...,timecost=11.286
info|2019-12-12 12:02:00.418818|[g:1][CONSENSUS][PBFT]checkAndChangeView: Reach consensus,org_view=38055,org_changeCycle=0,cur_changeCycle=0,to_view=38056
info|2019-12-12 12:02:01.428262|[g:1][CONSENSUS]addRawPrepare,height=69,reqIdx=0,hash=61f68f32...
info|2019-12-12 12:02:01.441424|[g:1][CONSENSUS][PBFT]checkTimeout Succ,view=38056,toView=38057,nodeIdx=2,changeCycle=0,myNode=824ae14a...,timecost=5.922
info|2019-12-12 12:02:01.464472|[g:1][CONSENSUS][PBFT]checkAndChangeView: Reach consensus,org_view=38056,org_changeCycle=0,cur_changeCycle=0,to_view=38057
info|2019-12-12 12:02:02.470592|[g:1][CONSENSUS]addRawPrepare,height=69,reqIdx=1,hash=bf54c6c0...
info|2019-12-12 12:02:02.472960|[g:1][CONSENSUS][PBFT]checkTimeout Succ,view=38057,toView=38058,nodeIdx=2,changeCycle=0,myNode=824ae14a...,timecost=2.321
info|2019-12-12 12:02:02.480043|[g:1][CONSENSUS][PBFT]checkAndChangeView: Reach consensus,org_view=38057,org_changeCycle=0,cur_changeCycle=0,to_view=38058
info|2019-12-12 12:02:03.481269|[g:1][CONSENSUS][SEALER]++++++++++++++++ Generating seal on,blkNum=69,tx=0,nodeIdx=2,hash=0c3b85e8...
info|2019-12-12 12:02:03.492261|[g:1][CONSENSUS][PBFT]checkTimeout Succ,view=38058,toView=38059,nodeIdx=2,changeCycle=0,myNode=824ae14a...,timecost=0.344
info|2019-12-12 12:02:03.493267|[g:1][CONSENSUS][PBFT]checkAndChangeView: Reach consensus,org_view=38058,org_changeCycle=0,cur_changeCycle=0,to_view=38059
info|2019-12-12 12:02:04.509643|[g:1][CONSENSUS]addRawPrepare,height=69,reqIdx=3,hash=5c35e136...
info|2019-12-12 12:02:04.551824|[g:1][CONSENSUS][PBFT]checkTimeout Succ,view=38059,toView=38060,nodeIdx=2,changeCycle=0,myNode=824ae14a...,timecost=41.641
info|2019-12-12 12:02:04.577303|[g:1][CONSENSUS][PBFT]checkAndChangeView: Reach consensus,org_view=38059,org_changeCycle=0,cur_changeCycle=0,to_view=38060
info|2019-12-12 12:02:05.589138|[g:1][CONSENSUS]addRawPrepare,height=69,reqIdx=0,hash=0c89360d...
info|2019-12-12 12:02:05.599974|[g:1][CONSENSUS][PBFT]checkTimeout Succ,view=38060,toView=38061,nodeIdx=2,changeCycle=0,myNode=824ae14a...,timecost=4.453
info|2019-12-12 12:02:05.604787|[g:1][CONSENSUS][PBFT]checkAndChangeView: Reach consensus,org_view=38060,org_changeCycle=0,cur_changeCycle=0,to_view=38061
info|2019-12-12 12:02:06.051279|[P2P][Service] heartBeat,connected count=4
info|2019-12-12 12:02:06.637624|[g:1][CONSENSUS]addRawPrepare,height=69,reqIdx=1,hash=6af25354...
info|2019-12-12 12:02:06.673282|[g:1][CONSENSUS][PBFT]checkTimeout Succ,view=38061,toView=38062,nodeIdx=2,changeCycle=0,myNode=824ae14a...,timecost=31.17
info|2019-12-12 12:02:06.689943|[g:1][CONSENSUS][PBFT]checkAndChangeView: Reach consensus,org_view=38061,org_changeCycle=0,cur_changeCycle=0,to_view=38062
info|2019-12-12 12:02:07.697953|[g:1][CONSENSUS][SEALER]++++++++++++++++ Generating seal on,blkNum=69,tx=0,nodeIdx=2,hash=3c05db73...
info|2019-12-12 12:02:07.732784|[g:1][CONSENSUS][PBFT]checkTimeout Succ,view=38062,toView=38063,nodeIdx=2,changeCycle=0,myNode=824ae14a...,timecost=8.52
info|2019-12-12 12:02:07.749526|[g:1][CONSENSUS][PBFT]checkAndChangeView: Reach consensus,org_view=38062,org_changeCycle=0,cur_changeCycle=0,to_view=38063
info|2019-12-12 12:02:08.775488|[g:1][CONSENSUS]addRawPrepare,height=69,reqIdx=3,hash=3557340f...
info|2019-12-12 12:02:08.779066|[g:1][CONSENSUS][PBFT]checkTimeout Succ,view=38063,toView=38064,nodeIdx=2,changeCycle=0,myNode=824ae14a...,timecost=3.43
info|2019-12-12 12:02:08.789519|[g:1][CONSENSUS][PBFT]checkAndChangeView: Reach consensus,org_view=38063,org_changeCycle=0,cur_changeCycle=0,to_view=38064
info|2019-12-12 12:02:09.797690|[g:1][CONSENSUS]addRawPrepare,height=69,reqIdx=0,hash=147aee43...
info|2019-12-12 12:02:09.833102|[g:1][CONSENSUS][PBFT]checkTimeout Succ,view=38064,toView=38065,nodeIdx=2,changeCycle=0,myNode=824ae14a...,timecost=17.82
info|2019-12-12 12:02:09.856705|[g:1][CONSENSUS][PBFT]checkAndChangeView: Reach consensus,org_view=38064,org_changeCycle=0,cur_changeCycle=0,to_view=38065
info|2019-12-12 12:02:10.862182|[g:1][CONSENSUS]addRawPrepare,height=69,reqIdx=1,hash=b082178b...
info|2019-12-12 12:02:10.882015|[g:1][CONSENSUS][PBFT]checkTimeout Succ,view=38065,toView=38066,nodeIdx=2,changeCycle=0,myNode=824ae14a...,timecost=19.669
info|2019-12-12 12:02:10.907337|[g:1][CONSENSUS][PBFT]checkAndChangeView: Reach consensus,org_view=38065,org_changeCycle=0,cur_changeCycle=0,to_view=38066
info|2019-12-12 12:02:11.907968|[g:1][CONSENSUS][SEALER]++++++++++++++++ Generating seal on,blkNum=69,tx=0,nodeIdx=2,hash=b774b20b...
info|2019-12-12 12:02:11.929295|[g:1][CONSENSUS][PBFT]checkTimeout Succ,view=38066,toView=38067,nodeIdx=2,changeCycle=0,myNode=824ae14a...,timecost=0.824
info|2019-12-12 12:02:11.934591|[g:1][CONSENSUS][PBFT]checkAndChangeView: Reach consensus,org_view=38066,org_changeCycle=0,cur_changeCycle=0,to_view=38067
info|2019-12-12 12:02:12.952413|[g:1][CONSENSUS]addRawPrepare,height=69,reqIdx=3,hash=e9fe3b3b...
info|2019-12-12 12:02:12.957672|[g:1][CONSENSUS][PBFT]checkTimeout Succ,view=38067,toView=38068,nodeIdx=2,changeCycle=0,myNode=824ae14a...,timecost=5.083
info|2019-12-12 12:02:13.013953|[g:1][CONSENSUS][PBFT]checkAndChangeView: Reach consensus,org_view=38067,org_changeCycle=0,cur_changeCycle=0,to_view=38068
info|2019-12-12 12:02:14.013126|[g:1][CONSENSUS]addRawPrepare,height=69,reqIdx=0,hash=6fc955f7...
info|2019-12-12 12:02:14.044991|[g:1][CONSENSUS][PBFT]checkTimeout Succ,view=38068,toView=38069,nodeIdx=2,changeCycle=0,myNode=824ae14a...,timecost=21.989
info|2019-12-12 12:02:14.067287|[g:1][CONSENSUS][PBFT]checkAndChangeView: Reach consensus,org_view=38068,org_changeCycle=0,cur_changeCycle=0,to_view=38069
info|2019-12-12 12:02:15.080214|[g:1][CONSENSUS]addRawPrepare,height=69,reqIdx=1,hash=a615113e...
info|2019-12-12 12:02:15.086181|[g:1][CONSENSUS][PBFT]checkTimeout Succ,view=38069,toView=38070,nodeIdx=2,changeCycle=0,myNode=824ae14a...,timecost=5.838
info|2019-12-12 12:02:15.107794|[g:1][CONSENSUS][PBFT]checkAndChangeView: Reach consensus,org_view=38069,org_changeCycle=0,cur_changeCycle=0,to_view=38070
info|2019-12-12 12:02:16.052139|[P2P][Service] heartBeat,connected count=4
info|2019-12-12 12:02:16.109733|[g:1][CONSENSUS][SEALER]++++++++++++++++ Generating seal on,blkNum=69,tx=0,nodeIdx=2,hash=068589bb...
info|2019-12-12 12:02:16.126134|[g:1][CONSENSUS][PBFT]checkTimeout Succ,view=38070,toView=38071,nodeIdx=2,changeCycle=0,myNode=824ae14a...,timecost=0.51
info|2019-12-12 12:02:16.128452|[g:1][CONSENSUS][PBFT]checkAndChangeView: Reach consensus,org_view=38070,org_changeCycle=0,cur_changeCycle=0,to_view=38071
info|2019-12-12 12:02:17.128098|[g:1][CONSENSUS]addRawPrepare,height=69,reqIdx=3,hash=ba769bf7...
info|2019-12-12 12:02:17.137226|[g:1][CONSENSUS][PBFT]checkTimeout Succ,view=38071,toView=38072,nodeIdx=2,changeCycle=0,myNode=824ae14a...,timecost=8.999
info|2019-12-12 12:02:17.149223|[g:1][CONSENSUS][PBFT]checkAndChangeView: Reach consensus,org_view=38071,org_changeCycle=0,cur_changeCycle=0,to_view=38072
info|2019-12-12 12:02:18.149558|[g:1][CONSENSUS]addRawPrepare,height=69,reqIdx=0,hash=fe5bf0f0...
info|2019-12-12 12:02:18.162761|[g:1][CONSENSUS][PBFT]checkTimeout Succ,view=38072,toView=38073,nodeIdx=2,changeCycle=0,myNode=824ae14a...,timecost=5.399
info|2019-12-12 12:02:18.180121|[g:1][CONSENSUS][PBFT]checkAndChangeView: Reach consensus,org_view=38072,org_changeCycle=0,cur_changeCycle=0,to_view=38073
info|2019-12-12 12:02:19.194036|[g:1][CONSENSUS]addRawPrepare,height=69,reqIdx=1,hash=170650a5...
info|2019-12-12 12:02:19.195835|[g:1][CONSENSUS][PBFT]checkTimeout Succ,view=38073,toView=38074,nodeIdx=2,changeCycle=0,myNode=824ae14a...,timecost=1.543
info|2019-12-12 12:02:19.219535|[g:1][CONSENSUS][PBFT]checkAndChangeView: Reach consensus,org_view=38073,org_changeCycle=0,cur_changeCycle=0,to_view=38074
info|2019-12-12 12:02:20.224206|[g:1][CONSENSUS][SEALER]++++++++++++++++ Generating seal on,blkNum=69,tx=0,nodeIdx=2,hash=8b6ddf3d...
info|2019-12-12 12:02:20.240348|[g:1][CONSENSUS][PBFT]checkTimeout Succ,view=38074,toView=38075,nodeIdx=2,changeCycle=0,myNode=824ae14a...,timecost=1
info|2019-12-12 12:02:20.243923|[g:1][CONSENSUS][PBFT]checkAndChangeView: Reach consensus,org_view=38074,org_changeCycle=0,cur_changeCycle=0,to_view=38075
info|2019-12-12 12:02:21.240590|[g:1][CONSENSUS]addRawPrepare,height=69,reqIdx=3,hash=258a4733...
info|2019-12-12 12:02:21.244905|[g:1][CONSENSUS][PBFT]checkTimeout Succ,view=38075,toView=38076,nodeIdx=2,changeCycle=0,myNode=824ae14a...,timecost=4.251
info|2019-12-12 12:02:21.249765|[g:1][CONSENSUS][PBFT]checkAndChangeView: Reach consensus,org_view=38075,org_changeCycle=0,cur_changeCycle=0,to_view=38076
info|2019-12-12 12:02:22.263673|[g:1][CONSENSUS]addRawPrepare,height=69,reqIdx=0,hash=55f989ff...
info|2019-12-12 12:02:22.264075|[g:1][CONSENSUS][PBFT]checkTimeout Succ,view=38076,toView=38077,nodeIdx=2,changeCycle=0,myNode=824ae14a...,timecost=0.268
info|2019-12-12 12:02:22.272979|[g:1][CONSENSUS][PBFT]checkAndChangeView: Reach consensus,org_view=38076,org_changeCycle=0,cur_changeCycle=0,to_view=38077
info|2019-12-12 12:02:23.282719|[g:1][CONSENSUS]addRawPrepare,height=69,reqIdx=1,hash=a5ab8554...
info|2019-12-12 12:02:23.285693|[g:1][CONSENSUS][PBFT]checkTimeout Succ,view=38077,toView=38078,nodeIdx=2,changeCycle=0,myNode=824ae14a...,timecost=2.891
info|2019-12-12 12:02:23.296386|[g:1][CONSENSUS][PBFT]checkAndChangeView: Reach consensus,org_view=38077,org_changeCycle=0,cur_changeCycle=0,to_view=38078
info|2019-12-12 12:02:24.306525|[g:1][CONSENSUS][SEALER]++++++++++++++++ Generating seal on,blkNum=69,tx=0,nodeIdx=2,hash=15f1e75e...
info|2019-12-12 12:02:24.320499|[g:1][CONSENSUS][PBFT]checkTimeout Succ,view=38078,toView=38079,nodeIdx=2,changeCycle=0,myNode=824ae14a...,timecost=0.372
info|2019-12-12 12:02:24.322973|[g:1][CONSENSUS][PBFT]checkAndChangeView: Reach consensus,org_view=38078,org_changeCycle=0,cur_changeCycle=0,to_view=38079
info|2019-12-12 12:02:25.327236|[g:1][CONSENSUS]addRawPrepare,height=69,reqIdx=3,hash=377d94c8...
info|2019-12-12 12:02:25.330939|[g:1][CONSENSUS][PBFT]checkTimeout Succ,view=38079,toView=38080,nodeIdx=2,changeCycle=0,myNode=824ae14a...,timecost=3.647
info|2019-12-12 12:02:25.353616|[g:1][CONSENSUS][PBFT]checkAndChangeView: Reach consensus,org_view=38079,org_changeCycle=0,cur_changeCycle=0,to_view=38080
info|2019-12-12 12:02:26.053283|[P2P][Service] heartBeat,connected count=4
info|2019-12-12 12:02:26.358042|[g:1][CONSENSUS]addRawPrepare,height=69,reqIdx=0,hash=2c2ed73c...
info|2019-12-12 12:02:26.372458|[g:1][CONSENSUS][PBFT]checkTimeout Succ,view=38080,toView=38081,nodeIdx=2,changeCycle=0,myNode=824ae14a...,timecost=7.568
info|2019-12-12 12:02:26.393006|[g:1][CONSENSUS][PBFT]checkAndChangeView: Reach consensus,org_view=38080,org_changeCycle=0,cur_changeCycle=0,to_view=38081
info|2019-12-12 12:02:27.412563|[g:1][CONSENSUS]addRawPrepare,height=69,reqIdx=1,hash=9ec7002d...
info|2019-12-12 12:02:27.414858|[g:1][CONSENSUS][PBFT]checkTimeout Succ,view=38081,toView=38082,nodeIdx=2,changeCycle=0,myNode=824ae14a...,timecost=2.244
info|2019-12-12 12:02:27.420016|[g:1][CONSENSUS][PBFT]checkAndChangeView: Reach consensus,org_view=38081,org_changeCycle=0,cur_changeCycle=0,to_view=38082
info|2019-12-12 12:02:28.421996|[g:1][CONSENSUS][SEALER]++++++++++++++++ Generating seal on,blkNum=69,tx=0,nodeIdx=2,hash=6ca518a9...
info|2019-12-12 12:02:28.447120|[g:1][CONSENSUS][PBFT]checkTimeout Succ,view=38082,toView=38083,nodeIdx=2,changeCycle=0,myNode=824ae14a...,timecost=0.608
info|2019-12-12 12:02:28.451252|[g:1][CONSENSUS][PBFT]checkAndChangeView: Reach consensus,org_view=38082,org_changeCycle=0,cur_changeCycle=0,to_view=38083
info|2019-12-12 12:02:29.471511|[g:1][CONSENSUS]addRawPrepare,height=69,reqIdx=3,hash=c18ee10d...
info|2019-12-12 12:02:29.477013|[g:1][CONSENSUS][PBFT]checkTimeout Succ,view=38083,toView=38084,nodeIdx=2,changeCycle=0,myNode=824ae14a...,timecost=5.312
info|2019-12-12 12:02:29.494068|[g:1][CONSENSUS][PBFT]checkAndChangeView: Reach consensus,org_view=38083,org_changeCycle=0,cur_changeCycle=0,to_view=38084
info|2019-12-12 12:02:30.498341|[g:1][CONSENSUS]addRawPrepare,height=69,reqIdx=0,hash=48295b1e...
info|2019-12-12 12:02:30.498700|[g:1][CONSENSUS][PBFT]checkTimeout Succ,view=38084,toView=38085,nodeIdx=2,changeCycle=0,myNode=824ae14a...,timecost=0.264
info|2019-12-12 12:02:30.506713|[g:1][CONSENSUS][PBFT]checkAndChangeView: Reach consensus,org_view=38084,org_changeCycle=0,cur_changeCycle=0,to_view=38085
info|2019-12-12 12:02:31.511935|[g:1][CONSENSUS]addRawPrepare,height=69,reqIdx=1,hash=b932105b...
info|2019-12-12 12:02:31.518413|[g:1][CONSENSUS][PBFT]checkTimeout Succ,view=38085,toView=38086,nodeIdx=2,changeCycle=0,myNode=824ae14a...,timecost=6.41
info|2019-12-12 12:02:31.546143|[g:1][CONSENSUS][PBFT]checkAndChangeView: Reach consensus,org_view=38085,org_changeCycle=0,cur_changeCycle=0,to_view=38086
info|2019-12-12 12:02:32.548120|[g:1][CONSENSUS][SEALER]++++++++++++++++ Generating seal on,blkNum=69,tx=0,nodeIdx=2,hash=133cf1bf...
info|2019-12-12 12:02:32.574937|[g:1][CONSENSUS][PBFT]checkTimeout Succ,view=38086,toView=38087,nodeIdx=2,changeCycle=0,myNode=824ae14a...,timecost=3.894
info|2019-12-12 12:02:32.598908|[g:1][CONSENSUS][PBFT]checkAndChangeView: Reach consensus,org_view=38086,org_changeCycle=0,cur_changeCycle=0,to_view=38087
info|2019-12-12 12:02:33.615774|[g:1][CONSENSUS]addRawPrepare,height=69,reqIdx=3,hash=1082ea74...
info|2019-12-12 12:02:33.618593|[g:1][CONSENSUS][PBFT]checkTimeout Succ,view=38087,toView=38088,nodeIdx=2,changeCycle=0,myNode=824ae14a...,timecost=0.373
info|2019-12-12 12:02:33.620409|[g:1][CONSENSUS][PBFT]checkAndChangeView: Reach consensus,org_view=38087,org_changeCycle=0,cur_changeCycle=0,to_view=38088
info|2019-12-12 12:02:34.625788|[g:1][CONSENSUS]addRawPrepare,height=69,reqIdx=0,hash=30463283...
info|2019-12-12 12:02:34.632896|[g:1][CONSENSUS][PBFT]checkTimeout Succ,view=38088,toView=38089,nodeIdx=2,changeCycle=0,myNode=824ae14a...,timecost=0.745
info|2019-12-12 12:02:34.650751|[g:1][CONSENSUS][PBFT]checkAndChangeView: Reach consensus,org_view=38088,org_changeCycle=0,cur_changeCycle=0,to_view=38089
info|2019-12-12 12:02:35.658497|[g:1][CONSENSUS]addRawPrepare,height=69,reqIdx=1,hash=0a8c0722...
info|2019-12-12 12:02:35.662466|[g:1][CONSENSUS][PBFT]checkTimeout Succ,view=38089,toView=38090,nodeIdx=2,changeCycle=0,myNode=824ae14a...,timecost=3.883
info|2019-12-12 12:02:35.668587|[g:1][CONSENSUS][PBFT]checkAndChangeView: Reach consensus,org_view=38089,org_changeCycle=0,cur_changeCycle=0,to_view=38090
info|2019-12-12 12:02:36.053883|[P2P][Service] heartBeat,connected count=4
info|2019-12-12 12:02:36.670623|[g:1][CONSENSUS][SEALER]++++++++++++++++ Generating seal on,blkNum=69,tx=0,nodeIdx=2,hash=2fdffb03...
info|2019-12-12 12:02:36.697762|[g:1][CONSENSUS][PBFT]checkTimeout Succ,view=38090,toView=38091,nodeIdx=2,changeCycle=0,myNode=824ae14a...,timecost=0.865
info|2019-12-12 12:02:36.701756|[g:1][CONSENSUS][PBFT]checkAndChangeView: Reach consensus,org_view=38090,org_changeCycle=0,cur_changeCycle=0,to_view=38091
info|2019-12-12 12:02:37.731160|[g:1][CONSENSUS]addRawPrepare,height=69,reqIdx=3,hash=44c7061b...
info|2019-12-12 12:02:37.744231|[g:1][CONSENSUS][PBFT]checkTimeout Succ,view=38091,toView=38092,nodeIdx=2,changeCycle=0,myNode=824ae14a...,timecost=12.864
info|2019-12-12 12:02:37.752491|[g:1][CONSENSUS][PBFT]checkAndChangeView: Reach consensus,org_view=38091,org_changeCycle=0,cur_changeCycle=0,to_view=38092
info|2019-12-12 12:02:38.763495|[g:1][CONSENSUS]addRawPrepare,height=69,reqIdx=0,hash=2c451941...
info|2019-12-12 12:02:38.799128|[g:1][CONSENSUS][PBFT]checkTimeout Succ,view=38092,toView=38093,nodeIdx=2,changeCycle=0,myNode=824ae14a...,timecost=8.5
info|2019-12-12 12:02:38.808584|[g:1][CONSENSUS][PBFT]checkAndChangeView: Reach consensus,org_view=38092,org_changeCycle=0,cur_changeCycle=0,to_view=38093
info|2019-12-12 12:02:39.819858|[g:1][CONSENSUS]addRawPrepare,height=69,reqIdx=1,hash=c771d088...
info|2019-12-12 12:02:39.834980|[g:1][CONSENSUS][PBFT]checkTimeout Succ,view=38093,toView=38094,nodeIdx=2,changeCycle=0,myNode=824ae14a...,timecost=16.328
info|2019-12-12 12:02:39.838869|[g:1][CONSENSUS][PBFT]checkAndChangeView: Reach consensus,org_view=38093,org_changeCycle=0,cur_changeCycle=0,to_view=38094
info|2019-12-12 12:02:40.844496|[g:1][CONSENSUS][SEALER]++++++++++++++++ Generating seal on,blkNum=69,tx=0,nodeIdx=2,hash=af619645...
info|2019-12-12 12:02:40.856726|[g:1][CONSENSUS][PBFT]checkTimeout Succ,view=38094,toView=38095,nodeIdx=2,changeCycle=0,myNode=824ae14a...,timecost=0.481
info|2019-12-12 12:02:40.859229|[g:1][CONSENSUS][PBFT]checkAndChangeView: Reach consensus,org_view=38094,org_changeCycle=0,cur_changeCycle=0,to_view=38095
info|2019-12-12 12:02:41.856836|[g:1][CONSENSUS]addRawPrepare,height=69,reqIdx=3,hash=3e6d2598...
info|2019-12-12 12:02:41.857410|[g:1][CONSENSUS][PBFT]checkTimeout Succ,view=38095,toView=38096,nodeIdx=2,changeCycle=0,myNode=824ae14a...,timecost=0.546
info|2019-12-12 12:02:41.862749|[g:1][CONSENSUS][PBFT]checkAndChangeView: Reach consensus,org_view=38095,org_changeCycle=0,cur_changeCycle=0,to_view=38096
info|2019-12-12 12:02:42.868526|[g:1][CONSENSUS]addRawPrepare,height=69,reqIdx=0,hash=e4ef38e4...
info|2019-12-12 12:02:42.869149|[g:1][CONSENSUS][PBFT]checkTimeout Succ,view=38096,toView=38097,nodeIdx=2,changeCycle=0,myNode=824ae14a...,timecost=0.47
info|2019-12-12 12:02:42.876683|[g:1][CONSENSUS][PBFT]checkAndChangeView: Reach consensus,org_view=38096,org_changeCycle=0,cur_changeCycle=0,to_view=38097
info|2019-12-12 12:02:43.887855|[g:1][CONSENSUS]addRawPrepare,height=69,reqIdx=1,hash=d2e75f4f...
info|2019-12-12 12:02:43.894216|[g:1][CONSENSUS][PBFT]checkTimeout Succ,view=38097,toView=38098,nodeIdx=2,changeCycle=0,myNode=824ae14a...,timecost=6.287
info|2019-12-12 12:02:43.911106|[g:1][CONSENSUS][PBFT]checkAndChangeView: Reach consensus,org_view=38097,org_changeCycle=0,cur_changeCycle=0,to_view=38098
info|2019-12-12 12:02:44.918595|[g:1][CONSENSUS][SEALER]++++++++++++++++ Generating seal on,blkNum=69,tx=0,nodeIdx=2,hash=0b422115...
info|2019-12-12 12:02:44.936513|[g:1][CONSENSUS][PBFT]checkTimeout Succ,view=38098,toView=38099,nodeIdx=2,changeCycle=0,myNode=824ae14a...,timecost=0.45
info|2019-12-12 12:02:44.941182|[g:1][CONSENSUS][PBFT]checkAndChangeView: Reach consensus,org_view=38098,org_changeCycle=0,cur_changeCycle=0,to_view=38099
info|2019-12-12 12:02:45.945797|[g:1][CONSENSUS]addRawPrepare,height=69,reqIdx=3,hash=b3ca221b...
info|2019-12-12 12:02:45.952803|[g:1][CONSENSUS][PBFT]checkTimeout Succ,view=38099,toView=38100,nodeIdx=2,changeCycle=0,myNode=824ae14a...,timecost=6.77
info|2019-12-12 12:02:45.972339|[g:1][CONSENSUS][PBFT]checkAndChangeView: Reach consensus,org_view=38099,org_changeCycle=0,cur_changeCycle=0,to_view=38100
info|2019-12-12 12:02:46.055568|[P2P][Service] heartBeat,connected count=4
info|2019-12-12 12:02:46.995522|[g:1][CONSENSUS]addRawPrepare,height=69,reqIdx=0,hash=56f123c6...
info|2019-12-12 12:02:47.007211|[g:1][CONSENSUS][PBFT]checkTimeout Succ,view=38100,toView=38101,nodeIdx=2,changeCycle=0,myNode=824ae14a...,timecost=5.522
info|2019-12-12 12:02:47.026998|[g:1][CONSENSUS][PBFT]checkAndChangeView: Reach consensus,org_view=38100,org_changeCycle=0,cur_changeCycle=0,to_view=38101
info|2019-12-12 12:02:48.033785|[g:1][CONSENSUS]addRawPrepare,height=69,reqIdx=1,hash=bcf4f37a...
info|2019-12-12 12:02:48.036949|[g:1][CONSENSUS][PBFT]checkTimeout Succ,view=38101,toView=38102,nodeIdx=2,changeCycle=0,myNode=824ae14a...,timecost=3.02
info|2019-12-12 12:02:48.051334|[g:1][CONSENSUS][PBFT]checkAndChangeView: Reach consensus,org_view=38101,org_changeCycle=0,cur_changeCycle=0,to_view=38102
info|2019-12-12 12:02:49.052944|[g:1][CONSENSUS][SEALER]++++++++++++++++ Generating seal on,blkNum=69,tx=0,nodeIdx=2,hash=9659dc34...
info|2019-12-12 12:02:49.074454|[g:1][CONSENSUS][PBFT]checkTimeout Succ,view=38102,toView=38103,nodeIdx=2,changeCycle=0,myNode=824ae14a...,timecost=0.584
info|2019-12-12 12:02:49.078156|[g:1][CONSENSUS][PBFT]checkAndChangeView: Reach consensus,org_view=38102,org_changeCycle=0,cur_changeCycle=0,to_view=38103
info|2019-12-12 12:02:50.093722|[g:1][CONSENSUS]addRawPrepare,height=69,reqIdx=3,hash=ab38c5b8...
info|2019-12-12 12:02:50.097941|[g:1][CONSENSUS][PBFT]checkTimeout Succ,view=38103,toView=38104,nodeIdx=2,changeCycle=0,myNode=824ae14a...,timecost=3.437
info|2019-12-12 12:02:50.116102|[g:1][CONSENSUS][PBFT]checkAndChangeView: Reach consensus,org_view=38103,org_changeCycle=0,cur_changeCycle=0,to_view=38104
info|2019-12-12 12:02:51.118100|[g:1][CONSENSUS]addRawPrepare,height=69,reqIdx=0,hash=833f7821...
info|2019-12-12 12:02:51.133923|[g:1][CONSENSUS][PBFT]checkTimeout Succ,view=38104,toView=38105,nodeIdx=2,changeCycle=0,myNode=824ae14a...,timecost=7.607
info|2019-12-12 12:02:51.155450|[g:1][CONSENSUS][PBFT]checkAndChangeView: Reach consensus,org_view=38104,org_changeCycle=0,cur_changeCycle=0,to_view=38105
info|2019-12-12 12:02:52.158870|[g:1][CONSENSUS]addRawPrepare,height=69,reqIdx=1,hash=ef9f1a9a...
info|2019-12-12 12:02:52.159332|[g:1][CONSENSUS][PBFT]checkTimeout Succ,view=38105,toView=38106,nodeIdx=2,changeCycle=0,myNode=824ae14a...,timecost=0.41
info|2019-12-12 12:02:52.167229|[g:1][CONSENSUS][PBFT]checkAndChangeView: Reach consensus,org_view=38105,org_changeCycle=0,cur_changeCycle=0,to_view=38106
info|2019-12-12 12:02:53.167469|[g:1][CONSENSUS][SEALER]++++++++++++++++ Generating seal on,blkNum=69,tx=0,nodeIdx=2,hash=7484313c...
info|2019-12-12 12:02:53.183283|[g:1][CONSENSUS][PBFT]checkTimeout Succ,view=38106,toView=38107,nodeIdx=2,changeCycle=0,myNode=824ae14a...,timecost=0.487
info|2019-12-12 12:02:53.185469|[g:1][CONSENSUS][PBFT]checkAndChangeView: Reach consensus,org_view=38106,org_changeCycle=0,cur_changeCycle=0,to_view=38107
info|2019-12-12 12:02:54.186270|[g:1][CONSENSUS]addRawPrepare,height=69,reqIdx=3,hash=82724305...
info|2019-12-12 12:02:54.186765|[g:1][CONSENSUS][PBFT]checkTimeout Succ,view=38107,toView=38108,nodeIdx=2,changeCycle=0,myNode=824ae14a...,timecost=0.441
info|2019-12-12 12:02:54.190846|[g:1][CONSENSUS][PBFT]checkAndChangeView: Reach consensus,org_view=38107,org_changeCycle=0,cur_changeCycle=0,to_view=38108
info|2019-12-12 12:02:55.200883|[g:1][CONSENSUS]addRawPrepare,height=69,reqIdx=0,hash=7ff86d52...
info|2019-12-12 12:02:55.230377|[g:1][CONSENSUS][PBFT]checkTimeout Succ,view=38108,toView=38109,nodeIdx=2,changeCycle=0,myNode=824ae14a...,timecost=21.85
info|2019-12-12 12:02:55.253035|[g:1][CONSENSUS][PBFT]checkAndChangeView: Reach consensus,org_view=38108,org_changeCycle=0,cur_changeCycle=0,to_view=38109
info|2019-12-12 12:02:56.056527|[P2P][Service] heartBeat,connected count=4
info|2019-12-12 12:02:56.249746|[g:1][CONSENSUS]addRawPrepare,height=69,reqIdx=1,hash=5420065b...
info|2019-12-12 12:02:56.266574|[g:1][CONSENSUS][PBFT]checkTimeout Succ,view=38109,toView=38110,nodeIdx=2,changeCycle=0,myNode=824ae14a...,timecost=15.555
info|2019-12-12 12:02:56.269459|[g:1][CONSENSUS][PBFT]checkAndChangeView: Reach consensus,org_view=38109,org_changeCycle=0,cur_changeCycle=0,to_view=38110
info|2019-12-12 12:02:57.288594|[g:1][CONSENSUS][SEALER]++++++++++++++++ Generating seal on,blkNum=69,tx=0,nodeIdx=2,hash=4e9aaf7a...
info|2019-12-12 12:02:57.306505|[g:1][CONSENSUS][PBFT]checkTimeout Succ,view=38110,toView=38111,nodeIdx=2,changeCycle=0,myNode=824ae14a...,timecost=0.712
info|2019-12-12 12:02:57.319585|[g:1][CONSENSUS][PBFT]checkAndChangeView: Reach consensus,org_view=38110,org_changeCycle=0,cur_changeCycle=0,to_view=38111
info|2019-12-12 12:02:58.343333|[g:1][CONSENSUS]addRawPrepare,height=69,reqIdx=3,hash=40d221c8...
info|2019-12-12 12:02:58.368887|[g:1][CONSENSUS][PBFT]checkTimeout Succ,view=38111,toView=38112,nodeIdx=2,changeCycle=0,myNode=824ae14a...,timecost=25.408
info|2019-12-12 12:02:58.388129|[g:1][CONSENSUS][PBFT]checkAndChangeView: Reach consensus,org_view=38111,org_changeCycle=0,cur_changeCycle=0,to_view=38112
info|2019-12-12 12:02:59.387968|[g:1][CONSENSUS]addRawPrepare,height=69,reqIdx=0,hash=f04f88d5...
info|2019-12-12 12:02:59.388488|[g:1][CONSENSUS][PBFT]checkTimeout Succ,view=38112,toView=38113,nodeIdx=2,changeCycle=0,myNode=824ae14a...,timecost=0.439
info|2019-12-12 12:02:59.394915|[g:1][CONSENSUS][PBFT]checkAndChangeView: Reach consensus,org_view=38112,org_changeCycle=0,cur_changeCycle=0,to_view=38113
info|2019-12-12 12:03:00.399993|[g:1][CONSENSUS]addRawPrepare,height=69,reqIdx=1,hash=847f2a88...
info|2019-12-12 12:03:00.400305|[g:1][CONSENSUS][PBFT]checkTimeout Succ,view=38113,toView=38114,nodeIdx=2,changeCycle=0,myNode=824ae14a...,timecost=0.272
info|2019-12-12 12:03:00.404058|[g:1][CONSENSUS][PBFT]checkAndChangeView: Reach consensus,org_view=38113,org_changeCycle=0,cur_changeCycle=0,to_view=38114
info|2019-12-12 12:03:01.405305|[g:1][CONSENSUS][SEALER]++++++++++++++++ Generating seal on,blkNum=69,tx=0,nodeIdx=2,hash=dadd85d4...
info|2019-12-12 12:03:01.426642|[g:1][CONSENSUS][PBFT]checkTimeout Succ,view=38114,toView=38115,nodeIdx=2,changeCycle=0,myNode=824ae14a...,timecost=0.784
info|2019-12-12 12:03:01.443367|[g:1][CONSENSUS][PBFT]checkAndChangeView: Reach consensus,org_view=38114,org_changeCycle=0,cur_changeCycle=0,to_view=38115
info|2019-12-12 12:03:02.449647|[g:1][CONSENSUS]addRawPrepare,height=69,reqIdx=3,hash=25ab4b8d...
info|2019-12-12 12:03:02.451979|[g:1][CONSENSUS][PBFT]checkTimeout Succ,view=38115,toView=38116,nodeIdx=2,changeCycle=0,myNode=824ae14a...,timecost=2.282
info|2019-12-12 12:03:02.468835|[g:1][CONSENSUS][PBFT]checkAndChangeView: Reach consensus,org_view=38115,org_changeCycle=0,cur_changeCycle=0,to_view=38116
info|2019-12-12 12:03:03.479301|[g:1][CONSENSUS]addRawPrepare,height=69,reqIdx=0,hash=74bbf832...
info|2019-12-12 12:03:03.479883|[g:1][CONSENSUS][PBFT]checkTimeout Succ,view=38116,toView=38117,nodeIdx=2,changeCycle=0,myNode=824ae14a...,timecost=0.427
info|2019-12-12 12:03:03.488273|[g:1][CONSENSUS][PBFT]checkAndChangeView: Reach consensus,org_view=38116,org_changeCycle=0,cur_changeCycle=0,to_view=38117
info|2019-12-12 12:03:04.490495|[g:1][CONSENSUS]addRawPrepare,height=69,reqIdx=1,hash=abe78191...
info|2019-12-12 12:03:04.490808|[g:1][CONSENSUS][PBFT]checkTimeout Succ,view=38117,toView=38118,nodeIdx=2,changeCycle=0,myNode=824ae14a...,timecost=0.287
info|2019-12-12 12:03:04.495190|[g:1][CONSENSUS][PBFT]checkAndChangeView: Reach consensus,org_view=38117,org_changeCycle=0,cur_changeCycle=0,to_view=38118
info|2019-12-12 12:03:05.497113|[g:1][CONSENSUS][SEALER]++++++++++++++++ Generating seal on,blkNum=69,tx=0,nodeIdx=2,hash=56fbd2a7...
info|2019-12-12 12:03:05.513635|[g:1][CONSENSUS][PBFT]checkTimeout Succ,view=38118,toView=38119,nodeIdx=2,changeCycle=0,myNode=824ae14a...,timecost=0.581
info|2019-12-12 12:03:05.516733|[g:1][CONSENSUS][PBFT]checkAndChangeView: Reach consensus,org_view=38118,org_changeCycle=0,cur_changeCycle=0,to_view=38119
info|2019-12-12 12:03:06.057651|[P2P][Service] heartBeat,connected count=4
info|2019-12-12 12:03:06.513346|[g:1][CONSENSUS]addRawPrepare,height=69,reqIdx=3,hash=adf64359...
info|2019-12-12 12:03:06.513746|[g:1][CONSENSUS][PBFT]checkTimeout Succ,view=38119,toView=38120,nodeIdx=2,changeCycle=0,myNode=824ae14a...,timecost=0.375
info|2019-12-12 12:03:06.521094|[g:1][CONSENSUS][PBFT]checkAndChangeView: Reach consensus,org_view=38119,org_changeCycle=0,cur_changeCycle=0,to_view=38120
info|2019-12-12 12:03:07.525042|[g:1][CONSENSUS]addRawPrepare,height=69,reqIdx=0,hash=23184a2c...
info|2019-12-12 12:03:07.525656|[g:1][CONSENSUS][PBFT]checkTimeout Succ,view=38120,toView=38121,nodeIdx=2,changeCycle=0,myNode=824ae14a...,timecost=0.403
info|2019-12-12 12:03:07.534789|[g:1][CONSENSUS][PBFT]checkAndChangeView: Reach consensus,org_view=38120,org_changeCycle=0,cur_changeCycle=0,to_view=38121
info|2019-12-12 12:03:08.546909|[g:1][CONSENSUS]addRawPrepare,height=69,reqIdx=1,hash=0e355bf8...
info|2019-12-12 12:03:08.547203|[g:1][CONSENSUS][PBFT]checkTimeout Succ,view=38121,toView=38122,nodeIdx=2,changeCycle=0,myNode=824ae14a...,timecost=0.256
info|2019-12-12 12:03:08.548025|[g:1][CONSENSUS][PBFT]checkAndChangeView: Reach consensus,org_view=38121,org_changeCycle=0,cur_changeCycle=0,to_view=38122
info|2019-12-12 12:03:09.549711|[g:1][CONSENSUS][SEALER]++++++++++++++++ Generating seal on,blkNum=69,tx=0,nodeIdx=2,hash=55130984...
info|2019-12-12 12:03:09.561024|[g:1][CONSENSUS][PBFT]checkTimeout Succ,view=38122,toView=38123,nodeIdx=2,changeCycle=0,myNode=824ae14a...,timecost=0.403
info|2019-12-12 12:03:09.562210|[g:1][CONSENSUS][PBFT]checkAndChangeView: Reach consensus,org_view=38122,org_changeCycle=0,cur_changeCycle=0,to_view=38123
info|2019-12-12 12:03:10.562295|[g:1][CONSENSUS]addRawPrepare,height=69,reqIdx=3,hash=6010d414...
info|2019-12-12 12:03:10.562593|[g:1][CONSENSUS][PBFT]checkTimeout Succ,view=38123,toView=38124,nodeIdx=2,changeCycle=0,myNode=824ae14a...,timecost=0.264
info|2019-12-12 12:03:10.565857|[g:1][CONSENSUS][PBFT]checkAndChangeView: Reach consensus,org_view=38123,org_changeCycle=0,cur_changeCycle=0,to_view=38124
info|2019-12-12 12:03:11.567182|[g:1][CONSENSUS]addRawPrepare,height=69,reqIdx=0,hash=57ceaa99...
info|2019-12-12 12:03:11.567727|[g:1][CONSENSUS][PBFT]checkTimeout Succ,view=38124,toView=38125,nodeIdx=2,changeCycle=0,myNode=824ae14a...,timecost=0.328
info|2019-12-12 12:03:11.574340|[g:1][CONSENSUS][PBFT]checkAndChangeView: Reach consensus,org_view=38124,org_changeCycle=0,cur_changeCycle=0,to_view=38125
info|2019-12-12 12:03:12.579265|[g:1][CONSENSUS]addRawPrepare,height=69,reqIdx=1,hash=c032e221...
info|2019-12-12 12:03:12.579550|[g:1][CONSENSUS][PBFT]checkTimeout Succ,view=38125,toView=38126,nodeIdx=2,changeCycle=0,myNode=824ae14a...,timecost=0.252
info|2019-12-12 12:03:12.582105|[g:1][CONSENSUS][PBFT]checkAndChangeView: Reach consensus,org_view=38125,org_changeCycle=0,cur_changeCycle=0,to_view=38126
info|2019-12-12 12:03:13.582305|[g:1][CONSENSUS][SEALER]++++++++++++++++ Generating seal on,blkNum=69,tx=0,nodeIdx=2,hash=bfe0a1c6...
info|2019-12-12 12:03:13.596005|[g:1][CONSENSUS][PBFT]checkTimeout Succ,view=38126,toView=38127,nodeIdx=2,changeCycle=0,myNode=824ae14a...,timecost=0.284
info|2019-12-12 12:03:13.597199|[g:1][CONSENSUS][PBFT]checkAndChangeView: Reach consensus,org_view=38126,org_changeCycle=0,cur_changeCycle=0,to_view=38127
info|2019-12-12 12:03:14.602042|[g:1][CONSENSUS]addRawPrepare,height=69,reqIdx=3,hash=eecbfb53...
info|2019-12-12 12:03:14.602352|[g:1][CONSENSUS][PBFT]checkTimeout Succ,view=38127,toView=38128,nodeIdx=2,changeCycle=0,myNode=824ae14a...,timecost=0.283
info|2019-12-12 12:03:14.604345|[g:1][CONSENSUS][PBFT]checkAndChangeView: Reach consensus,org_view=38127,org_changeCycle=0,cur_changeCycle=0,to_view=38128
info|2019-12-12 12:03:15.606958|[g:1][CONSENSUS]addRawPrepare,height=69,reqIdx=0,hash=1c3fcbce...
info|2019-12-12 12:03:15.607375|[g:1][CONSENSUS][PBFT]checkTimeout Succ,view=38128,toView=38129,nodeIdx=2,changeCycle=0,myNode=824ae14a...,timecost=0.324
info|2019-12-12 12:03:15.611871|[g:1][CONSENSUS][PBFT]checkAndChangeView: Reach consensus,org_view=38128,org_changeCycle=0,cur_changeCycle=0,to_view=38129
info|2019-12-12 12:03:16.058414|[P2P][Service] heartBeat,connected count=4
info|2019-12-12 12:03:17.705860|[g:1][CONSENSUS]addRawPrepare,height=69,reqIdx=1,hash=79f86cc1...
info|2019-12-12 12:03:17.710737|[g:1][CONSENSUS][PBFT]checkTimeout Succ,view=38129,toView=38130,nodeIdx=2,changeCycle=0,myNode=824ae14a...,timecost=4.522
info|2019-12-12 12:03:18.146618|[g:1][CONSENSUS][PBFT]checkAndChangeView: Reach consensus,org_view=38129,org_changeCycle=0,cur_changeCycle=0,to_view=38130
info|2019-12-12 12:03:19.200666|[g:1][CONSENSUS][SEALER]++++++++++++++++ Generating seal on,blkNum=69,tx=0,nodeIdx=2,hash=9f80baf2...
info|2019-12-12 12:03:19.241137|[g:1][CONSENSUS][PBFT]checkTimeout Succ,view=38130,toView=38131,nodeIdx=2,changeCycle=0,myNode=824ae14a...,timecost=1.334
info|2019-12-12 12:03:19.995707|[g:1][CONSENSUS][PBFT]checkAndChangeView: Reach consensus,org_view=38130,org_changeCycle=0,cur_changeCycle=0,to_view=38131
