info|2019-11-13 16:56:41.152925|[INITIALIZER][initGlobalConfig],enableCompress=true,compatibilityVersion=2.1.0,versionNumber=33619968,chainId=1
info|2019-11-13 16:56:41.278510|[NETWORK][Host]Connecting to node,endpoint=127.0.0.1:30300
info|2019-11-13 16:56:41.279525|[NETWORK][Host]P2P StartAccept,Host=0.0.0.0:30302
info|2019-11-13 16:56:41.286271|[NETWORK][Host]Connecting to node,endpoint=127.0.0.1:30301
info|2019-11-13 16:56:41.286725|[NETWORK][Host]Connecting to node,endpoint=127.0.0.1:30302
info|2019-11-13 16:56:41.286780|[NETWORK][Host]Connecting to node,endpoint=127.0.0.1:30303
info|2019-11-13 16:56:41.286842|[P2P][Service] heartBeat,connected count=0
info|2019-11-13 16:56:41.287615|[CHANNEL]ChannelRPCServer started
info|2019-11-13 16:56:41.287666|[INITIALIZER][RPCInitializer]ChannelRPCHttpServer started.
info|2019-11-13 16:56:41.287703|[LedgerInitializer],groupConfigPath=conf/
info|2019-11-13 16:56:41.291956|[INITIALIZER][initSingleLedger] [GroupId]:  1
info|2019-11-13 16:56:41.291991|[g:1][LEDGER]LedgerConstructor,configPath=conf/group.1.genesis,baseDir=data//group1
info|2019-11-13 16:56:41.292006|[g:1][LEDGER][initGenesisConfig]initConsensusConfig/initDBConfig/initTxConfig,configFile=conf/group.1.genesis
info|2019-11-13 16:56:41.292089|[g:1][LEDGER][initConsensusConfig],it.first=824ae14a1c492a3b61d96b8fa5f51cf89b7cf60e32d0427f255c92bc5f712227af9cb010a0060848e49fc1d000476574576117d63732d6d10048b54b759ab9fd
info|2019-11-13 16:56:41.292109|[g:1][LEDGER][initConsensusConfig],it.first=82d7b9b6e624f1b9b8a44203b996e8c3fbe58020da540a317a76163ca2b0c53c6f95be274bba842b7dd1a0fc909f7d9cc74123065f77d79b23f988dc5f5efbdf
info|2019-11-13 16:56:41.292129|[g:1][LEDGER][initConsensusConfig],it.first=6a73c8131c3296502b6c1afaa888d73bb78659801a40317e63fdf7f6936eb455a4c5b3d10fe3f89f359c9bbdb31e2fdcca19dce5e133d9de2624e766605f14cf
info|2019-11-13 16:56:41.292474|[g:1][LEDGER][initConsensusConfig],it.first=1306daf6c04d2ac96e80e252f890bcaf391bc051feee63617fa88f69e216f370947fdb2ab06e2fd7645fcac76a3f605d56f23001f16a125660f0c14a93602043
info|2019-11-13 16:56:41.292546|[g:1][LEDGER][initIniConfig]initTxPoolConfig/initSyncConfig/initTxExecuteConfig,configFile=conf/group.1.ini
info|2019-11-13 16:56:41.297162|[g:1][LEDGER][initLedger][DBInitializer]
info|2019-11-13 16:56:41.297207|[g:1][DBINITIALIZER] [initRocksDBStorage]
info|2019-11-13 16:56:41.297584|[NETWORK][Host]P2P Recv Connect, From=127.0.0.1:46696
info|2019-11-13 16:56:41.297676|[NETWORK][Host]P2P StartAccept,Host=0.0.0.0:30302
info|2019-11-13 16:56:41.299247|[g:1][ROCKSDB]open rocksDB handler
info|2019-11-13 16:56:41.354359|[NETWORK][ASIO]asyncResolveConnect,endpoint=127.0.0.1:30300
info|2019-11-13 16:56:41.354438|[NETWORK][ASIO]asyncResolveConnect,endpoint=127.0.0.1:30301
info|2019-11-13 16:56:41.354480|[NETWORK][ASIO]asyncResolveConnect,endpoint=127.0.0.1:30302
info|2019-11-13 16:56:41.354519|[NETWORK][ASIO]asyncResolveConnect,endpoint=127.0.0.1:30303
info|2019-11-13 16:56:41.354565|[NETWORK][Host]P2P Recv Connect, From=127.0.0.1:46704
info|2019-11-13 16:56:41.354617|[NETWORK][Host]P2P StartAccept,Host=0.0.0.0:30302
info|2019-11-13 16:56:41.374534|[NETWORK][Host]P2P Recv Connect, From=127.0.0.1:46714
info|2019-11-13 16:56:41.374616|[NETWORK][Host]P2P StartAccept,Host=0.0.0.0:30302
info|2019-11-13 16:56:41.393149|[NETWORK][Host]P2P Recv Connect, From=127.0.0.1:46722
info|2019-11-13 16:56:41.393240|[NETWORK][Host]P2P StartAccept,Host=0.0.0.0:30302
info|2019-11-13 16:56:41.394707|[NETWORK][Host]P2P Recv Connect, From=127.0.0.1:46730
info|2019-11-13 16:56:41.408212|[NETWORK][Host]P2P StartAccept,Host=0.0.0.0:30302
info|2019-11-13 16:56:41.417530|[g:1][g:0][STORAGE][CachedStorage]Init flushStorage thread
info|2019-11-13 16:56:41.432687|[g:1][BLOCKCHAIN][#checkAndBuildGenesisBlock]Already have the 0th block, 0th groupMark is equal to file groupMark.
info|2019-11-13 16:56:41.433544|[g:1][CONSENSUS][PBFT]Register handler for PBFTEngine
info|2019-11-13 16:56:41.447719|[g:1][CONSENSUS][PBFT],minBlockGenerationTime=500
info|2019-11-13 16:56:41.447902|[LedgerInitializer init group succ],groupID=1
info|2019-11-13 16:56:41.448220|[INITIALIZER][RPCInitializer]JsonrpcHttpServer started.
info|2019-11-13 16:56:41.448244|[g:1][LEDGER]startAll...
info|2019-11-13 16:56:41.458131|[g:1][CONSENSUS][PBFT]^^^^^^^^Report,num=4,sealerIdx=0,hash=8cece3cf...,next=5,tx=1,nodeIdx=1
info|2019-11-13 16:56:41.463845|[g:1][CONSENSUS][PBFT][PBFT init env successfully]
info|2019-11-13 16:56:41.463885|[g:1][CONSENSUS][ConsensusEngine][Start ConsensusEngineBase]
info|2019-11-13 16:56:41.471919|[g:1][CONSENSUS][PBFT][Start PBFTEngine...]
info|2019-11-13 16:56:41.471970|[g:1][CONSENSUS][SEALER][Start sealer module]
info|2019-11-13 16:56:41.477778|[g:1][EVENT][EventLogFilterManager]start,m_maxBlockRange=0,m_maxBlockPerLoopFilter=3
info|2019-11-13 16:56:41.522014|[P2P][Service] Connection established,nodeID=824ae14a...,endpoint=127.0.0.1:46696
info|2019-11-13 16:56:41.523613|[NETWORK][Host]startPeerSession, From=127.0.0.1:46696,nodeID=824ae14a...
info|2019-11-13 16:56:41.523724|[P2P][Service] Connection established,nodeID=ef24e9ea...,endpoint=127.0.0.1:46704
info|2019-11-13 16:56:41.523747|[NETWORK][Host]startPeerSession, From=127.0.0.1:46704,nodeID=ef24e9ea...
info|2019-11-13 16:56:41.523803|[P2P][Service] Connection established,nodeID=1306daf6...,endpoint=127.0.0.1:46714
info|2019-11-13 16:56:41.523826|[NETWORK][Host]startPeerSession, From=127.0.0.1:46714,nodeID=1306daf6...
info|2019-11-13 16:56:41.539653|[P2P][Service] Connection established,nodeID=82d7b9b6...,endpoint=127.0.0.1:30301
info|2019-11-13 16:56:41.544118|[NETWORK][Host]startPeerSession, From=127.0.0.1:30301,nodeID=82d7b9b6...
info|2019-11-13 16:56:41.544773|[NETWORK][Host]startPeerSession, From=127.0.0.1:46722,nodeID=82d7b9b6...
info|2019-11-13 16:56:41.544899|[NETWORK][Host]startPeerSession, From=127.0.0.1:46730,nodeID=6a73c813...
info|2019-11-13 16:56:41.545292|[NETWORK][Host]startPeerSession, From=127.0.0.1:30303,nodeID=1306daf6...
info|2019-11-13 16:56:41.556952|[NETWORK][Host]startPeerSession, From=127.0.0.1:30302,nodeID=6a73c813...
info|2019-11-13 16:56:41.557610|[NETWORK][Host]startPeerSession, From=127.0.0.1:30300,nodeID=824ae14a...
warning|2019-11-13 16:56:41.654095|[SYNC][id:6a73c813...][Status]Peer data not found,nodeId=824ae14a...
warning|2019-11-13 16:56:41.654742|[SYNC][id:6a73c813...][Status]Peer data not found,nodeId=82d7b9b6...
warning|2019-11-13 16:56:41.659658|[SYNC][id:6a73c813...][Status]Peer data not found,nodeId=1306daf6...
info|2019-11-13 16:56:42.463653|[g:1][CONSENSUS]addRawPrepare,height=5,reqIdx=0,hash=b54d187e...
info|2019-11-13 16:56:42.463957|[g:1][CONSENSUS][PBFT]checkTimeout Succ,view=0,toView=1,nodeIdx=1,changeCycle=0,myNode=6a73c813...,timecost=0.201
info|2019-11-13 16:56:42.473555|[g:1][CONSENSUS][PBFT]checkAndChangeView: Reach consensus,org_view=0,org_changeCycle=0,cur_changeCycle=0,to_view=1
info|2019-11-13 16:56:43.477786|[g:1][CONSENSUS][SEALER]++++++++++++++++ Generating seal on,blkNum=5,tx=0,nodeIdx=1,hash=60c92729...
info|2019-11-13 16:56:43.490063|[g:1][CONSENSUS][PBFT]checkTimeout Succ,view=1,toView=2,nodeIdx=1,changeCycle=0,myNode=6a73c813...,timecost=0.204
info|2019-11-13 16:56:43.490967|[g:1][CONSENSUS][PBFT]checkAndChangeView: Reach consensus,org_view=1,org_changeCycle=0,cur_changeCycle=0,to_view=2
info|2019-11-13 16:56:44.487494|[g:1][CONSENSUS]addRawPrepare,height=5,reqIdx=2,hash=6dee9e9e...
info|2019-11-13 16:56:44.487816|[g:1][CONSENSUS][PBFT]checkTimeout Succ,view=2,toView=3,nodeIdx=1,changeCycle=0,myNode=6a73c813...,timecost=0.298
info|2019-11-13 16:56:44.494548|[g:1][CONSENSUS][PBFT]checkAndChangeView: Reach consensus,org_view=2,org_changeCycle=0,cur_changeCycle=0,to_view=3
info|2019-11-13 16:56:45.498176|[g:1][CONSENSUS]addRawPrepare,height=5,reqIdx=3,hash=0c465276...
info|2019-11-13 16:56:45.498426|[g:1][CONSENSUS][PBFT]checkTimeout Succ,view=3,toView=4,nodeIdx=1,changeCycle=0,myNode=6a73c813...,timecost=0.223
info|2019-11-13 16:56:45.501419|[g:1][CONSENSUS][PBFT]checkAndChangeView: Reach consensus,org_view=3,org_changeCycle=0,cur_changeCycle=0,to_view=4
info|2019-11-13 16:56:46.503248|[g:1][CONSENSUS]addRawPrepare,height=5,reqIdx=0,hash=e0dd05f2...
info|2019-11-13 16:56:46.503535|[g:1][CONSENSUS][PBFT]checkTimeout Succ,view=4,toView=5,nodeIdx=1,changeCycle=0,myNode=6a73c813...,timecost=0.21
info|2019-11-13 16:56:46.507548|[g:1][CONSENSUS][PBFT]checkAndChangeView: Reach consensus,org_view=4,org_changeCycle=0,cur_changeCycle=0,to_view=5
info|2019-11-13 16:56:46.523063|[NETWORK][Session]Received topic: [3	_block_notify_1] from 824ae14a1c492a3b61d96b8fa5f51cf89b7cf60e32d0427f255c92bc5f712227af9cb010a0060848e49fc1d000476574576117d63732d6d10048b54b759ab9fd
info|2019-11-13 16:56:47.508535|[g:1][CONSENSUS][SEALER]++++++++++++++++ Generating seal on,blkNum=5,tx=0,nodeIdx=1,hash=cf8a4526...
info|2019-11-13 16:56:47.518325|[g:1][CONSENSUS][PBFT]checkTimeout Succ,view=5,toView=6,nodeIdx=1,changeCycle=0,myNode=6a73c813...,timecost=0.272
info|2019-11-13 16:56:47.519319|[g:1][CONSENSUS][PBFT]checkAndChangeView: Reach consensus,org_view=5,org_changeCycle=0,cur_changeCycle=0,to_view=6
info|2019-11-13 16:56:48.518874|[g:1][CONSENSUS]addRawPrepare,height=5,reqIdx=2,hash=caf08ffb...
info|2019-11-13 16:56:48.519170|[g:1][CONSENSUS][PBFT]checkTimeout Succ,view=6,toView=7,nodeIdx=1,changeCycle=0,myNode=6a73c813...,timecost=0.251
info|2019-11-13 16:56:48.524903|[g:1][CONSENSUS][PBFT]checkAndChangeView: Reach consensus,org_view=6,org_changeCycle=0,cur_changeCycle=0,to_view=7
info|2019-11-13 16:56:49.529657|[g:1][CONSENSUS]addRawPrepare,height=5,reqIdx=3,hash=c25efa43...
info|2019-11-13 16:56:49.529914|[g:1][CONSENSUS][PBFT]checkTimeout Succ,view=7,toView=8,nodeIdx=1,changeCycle=0,myNode=6a73c813...,timecost=0.222
info|2019-11-13 16:56:49.533542|[g:1][CONSENSUS][PBFT]checkAndChangeView: Reach consensus,org_view=7,org_changeCycle=0,cur_changeCycle=0,to_view=8
info|2019-11-13 16:56:50.535549|[g:1][CONSENSUS]addRawPrepare,height=5,reqIdx=0,hash=fd3f4aff...
info|2019-11-13 16:56:50.535904|[g:1][CONSENSUS][PBFT]checkTimeout Succ,view=8,toView=9,nodeIdx=1,changeCycle=0,myNode=6a73c813...,timecost=0.207
info|2019-11-13 16:56:50.540395|[g:1][CONSENSUS][PBFT]checkAndChangeView: Reach consensus,org_view=8,org_changeCycle=0,cur_changeCycle=0,to_view=9
info|2019-11-13 16:56:51.287344|[P2P][Service] heartBeat,connected count=4
info|2019-11-13 16:56:51.540851|[g:1][CONSENSUS][SEALER]++++++++++++++++ Generating seal on,blkNum=5,tx=0,nodeIdx=1,hash=76511fe3...
info|2019-11-13 16:56:51.553669|[g:1][CONSENSUS][PBFT]checkTimeout Succ,view=9,toView=10,nodeIdx=1,changeCycle=0,myNode=6a73c813...,timecost=0.316
info|2019-11-13 16:56:51.555116|[g:1][CONSENSUS][PBFT]checkAndChangeView: Reach consensus,org_view=9,org_changeCycle=0,cur_changeCycle=0,to_view=10
info|2019-11-13 16:56:52.554408|[g:1][CONSENSUS]addRawPrepare,height=5,reqIdx=2,hash=5169d8d2...
info|2019-11-13 16:56:52.554655|[g:1][CONSENSUS][PBFT]checkTimeout Succ,view=10,toView=11,nodeIdx=1,changeCycle=0,myNode=6a73c813...,timecost=0.22
info|2019-11-13 16:56:52.555998|[g:1][CONSENSUS][PBFT]checkAndChangeView: Reach consensus,org_view=10,org_changeCycle=0,cur_changeCycle=0,to_view=11
info|2019-11-13 16:56:53.559139|[g:1][CONSENSUS]addRawPrepare,height=5,reqIdx=3,hash=222ff060...
info|2019-11-13 16:56:53.559385|[g:1][CONSENSUS][PBFT]checkTimeout Succ,view=11,toView=12,nodeIdx=1,changeCycle=0,myNode=6a73c813...,timecost=0.219
info|2019-11-13 16:56:53.563015|[g:1][CONSENSUS][PBFT]checkAndChangeView: Reach consensus,org_view=11,org_changeCycle=0,cur_changeCycle=0,to_view=12
info|2019-11-13 16:56:54.568553|[g:1][CONSENSUS]addRawPrepare,height=5,reqIdx=0,hash=0728f257...
info|2019-11-13 16:56:54.568793|[g:1][CONSENSUS][PBFT]checkTimeout Succ,view=12,toView=13,nodeIdx=1,changeCycle=0,myNode=6a73c813...,timecost=0.211
info|2019-11-13 16:56:54.570163|[g:1][CONSENSUS][PBFT]checkAndChangeView: Reach consensus,org_view=12,org_changeCycle=0,cur_changeCycle=0,to_view=13
info|2019-11-13 16:56:55.570297|[g:1][CONSENSUS][SEALER]++++++++++++++++ Generating seal on,blkNum=5,tx=0,nodeIdx=1,hash=a985d0f5...
info|2019-11-13 16:56:55.577636|[g:1][CONSENSUS][PBFT]checkTimeout Succ,view=13,toView=14,nodeIdx=1,changeCycle=0,myNode=6a73c813...,timecost=0.307
info|2019-11-13 16:56:55.578678|[g:1][CONSENSUS][PBFT]checkAndChangeView: Reach consensus,org_view=13,org_changeCycle=0,cur_changeCycle=0,to_view=14
info|2019-11-13 16:56:56.584976|[g:1][CONSENSUS]addRawPrepare,height=5,reqIdx=2,hash=7a71de6d...
info|2019-11-13 16:56:56.595584|[g:1][CONSENSUS][PBFT]checkTimeout Succ,view=14,toView=15,nodeIdx=1,changeCycle=0,myNode=6a73c813...,timecost=10.531
info|2019-11-13 16:56:56.600817|[g:1][CONSENSUS][PBFT]checkAndChangeView: Reach consensus,org_view=14,org_changeCycle=0,cur_changeCycle=0,to_view=15
info|2019-11-13 16:56:57.617209|[g:1][CONSENSUS]addRawPrepare,height=5,reqIdx=3,hash=4168fbbb...
info|2019-11-13 16:56:57.618013|[g:1][CONSENSUS][PBFT]checkTimeout Succ,view=15,toView=16,nodeIdx=1,changeCycle=0,myNode=6a73c813...,timecost=0.773
info|2019-11-13 16:56:57.620623|[g:1][CONSENSUS][PBFT]checkAndChangeView: Reach consensus,org_view=15,org_changeCycle=0,cur_changeCycle=0,to_view=16
info|2019-11-13 16:56:58.625423|[g:1][CONSENSUS]addRawPrepare,height=5,reqIdx=0,hash=952738a1...
info|2019-11-13 16:56:58.632705|[g:1][CONSENSUS][PBFT]checkTimeout Succ,view=16,toView=17,nodeIdx=1,changeCycle=0,myNode=6a73c813...,timecost=2.342
info|2019-11-13 16:56:58.634098|[g:1][CONSENSUS][PBFT]checkAndChangeView: Reach consensus,org_view=16,org_changeCycle=0,cur_changeCycle=0,to_view=17
info|2019-11-13 16:56:59.635781|[g:1][CONSENSUS][SEALER]++++++++++++++++ Generating seal on,blkNum=5,tx=0,nodeIdx=1,hash=5b130a84...
info|2019-11-13 16:56:59.649910|[g:1][CONSENSUS][PBFT]checkTimeout Succ,view=17,toView=18,nodeIdx=1,changeCycle=0,myNode=6a73c813...,timecost=0.226
info|2019-11-13 16:56:59.651067|[g:1][CONSENSUS][PBFT]checkAndChangeView: Reach consensus,org_view=17,org_changeCycle=0,cur_changeCycle=0,to_view=18
info|2019-11-13 16:57:00.650367|[g:1][CONSENSUS]addRawPrepare,height=5,reqIdx=2,hash=75fb898f...
info|2019-11-13 16:57:00.650653|[g:1][CONSENSUS][PBFT]checkTimeout Succ,view=18,toView=19,nodeIdx=1,changeCycle=0,myNode=6a73c813...,timecost=0.277
info|2019-11-13 16:57:00.651891|[g:1][CONSENSUS][PBFT]checkAndChangeView: Reach consensus,org_view=18,org_changeCycle=0,cur_changeCycle=0,to_view=19
info|2019-11-13 16:57:01.287952|[P2P][Service] heartBeat,connected count=4
info|2019-11-13 16:57:01.661348|[g:1][CONSENSUS]addRawPrepare,height=5,reqIdx=3,hash=19eebf9e...
info|2019-11-13 16:57:01.661598|[g:1][CONSENSUS][PBFT]checkTimeout Succ,view=19,toView=20,nodeIdx=1,changeCycle=0,myNode=6a73c813...,timecost=0.22
info|2019-11-13 16:57:01.677521|[g:1][CONSENSUS][PBFT]checkAndChangeView: Reach consensus,org_view=19,org_changeCycle=0,cur_changeCycle=0,to_view=20
info|2019-11-13 16:57:02.683660|[g:1][CONSENSUS]addRawPrepare,height=5,reqIdx=0,hash=ae1acac6...
info|2019-11-13 16:57:02.683951|[g:1][CONSENSUS][PBFT]checkTimeout Succ,view=20,toView=21,nodeIdx=1,changeCycle=0,myNode=6a73c813...,timecost=0.239
info|2019-11-13 16:57:02.686214|[g:1][CONSENSUS][PBFT]checkAndChangeView: Reach consensus,org_view=20,org_changeCycle=0,cur_changeCycle=0,to_view=21
info|2019-11-13 16:57:03.686586|[g:1][CONSENSUS][SEALER]++++++++++++++++ Generating seal on,blkNum=5,tx=0,nodeIdx=1,hash=e7c7d705...
info|2019-11-13 16:57:03.710133|[g:1][CONSENSUS][PBFT]checkTimeout Succ,view=21,toView=22,nodeIdx=1,changeCycle=0,myNode=6a73c813...,timecost=0.326
info|2019-11-13 16:57:03.711419|[g:1][CONSENSUS][PBFT]checkAndChangeView: Reach consensus,org_view=21,org_changeCycle=0,cur_changeCycle=0,to_view=22
info|2019-11-13 16:57:04.707030|[g:1][CONSENSUS]addRawPrepare,height=5,reqIdx=2,hash=c72cde67...
info|2019-11-13 16:57:04.707326|[g:1][CONSENSUS][PBFT]checkTimeout Succ,view=22,toView=23,nodeIdx=1,changeCycle=0,myNode=6a73c813...,timecost=0.272
info|2019-11-13 16:57:04.714539|[g:1][CONSENSUS][PBFT]checkAndChangeView: Reach consensus,org_view=22,org_changeCycle=0,cur_changeCycle=0,to_view=23
info|2019-11-13 16:57:05.719421|[g:1][CONSENSUS]addRawPrepare,height=5,reqIdx=3,hash=5e83a2f0...
info|2019-11-13 16:57:05.728664|[g:1][CONSENSUS][PBFT]checkTimeout Succ,view=23,toView=24,nodeIdx=1,changeCycle=0,myNode=6a73c813...,timecost=9.214
info|2019-11-13 16:57:05.729036|[g:1][CONSENSUS][PBFT]checkAndChangeView: Reach consensus,org_view=23,org_changeCycle=0,cur_changeCycle=0,to_view=24
info|2019-11-13 16:57:06.741570|[g:1][CONSENSUS]addRawPrepare,height=5,reqIdx=0,hash=7d752c7d...
info|2019-11-13 16:57:06.741924|[g:1][CONSENSUS][PBFT]checkTimeout Succ,view=24,toView=25,nodeIdx=1,changeCycle=0,myNode=6a73c813...,timecost=0.301
info|2019-11-13 16:57:06.756838|[g:1][CONSENSUS][PBFT]checkAndChangeView: Reach consensus,org_view=24,org_changeCycle=0,cur_changeCycle=0,to_view=25
info|2019-11-13 16:57:07.764148|[g:1][CONSENSUS][SEALER]++++++++++++++++ Generating seal on,blkNum=5,tx=0,nodeIdx=1,hash=74474b48...
info|2019-11-13 16:57:07.790707|[g:1][CONSENSUS][PBFT]checkTimeout Succ,view=25,toView=26,nodeIdx=1,changeCycle=0,myNode=6a73c813...,timecost=3.102
info|2019-11-13 16:57:07.792654|[g:1][CONSENSUS][PBFT]checkAndChangeView: Reach consensus,org_view=25,org_changeCycle=0,cur_changeCycle=0,to_view=26
info|2019-11-13 16:57:08.781677|[g:1][CONSENSUS]addRawPrepare,height=5,reqIdx=2,hash=dd9dad0f...
info|2019-11-13 16:57:08.781972|[g:1][CONSENSUS][PBFT]checkTimeout Succ,view=26,toView=27,nodeIdx=1,changeCycle=0,myNode=6a73c813...,timecost=0.27
info|2019-11-13 16:57:08.788821|[g:1][CONSENSUS][PBFT]checkAndChangeView: Reach consensus,org_view=26,org_changeCycle=0,cur_changeCycle=0,to_view=27
info|2019-11-13 16:57:09.795329|[g:1][CONSENSUS]addRawPrepare,height=5,reqIdx=3,hash=b04829a9...
info|2019-11-13 16:57:09.795583|[g:1][CONSENSUS][PBFT]checkTimeout Succ,view=27,toView=28,nodeIdx=1,changeCycle=0,myNode=6a73c813...,timecost=0.223
info|2019-11-13 16:57:09.803301|[g:1][CONSENSUS][PBFT]checkAndChangeView: Reach consensus,org_view=27,org_changeCycle=0,cur_changeCycle=0,to_view=28
info|2019-11-13 16:57:10.819767|[g:1][CONSENSUS]addRawPrepare,height=5,reqIdx=0,hash=234eec14...
info|2019-11-13 16:57:10.822651|[g:1][CONSENSUS][PBFT]checkTimeout Succ,view=28,toView=29,nodeIdx=1,changeCycle=0,myNode=6a73c813...,timecost=2.847
info|2019-11-13 16:57:10.832262|[g:1][CONSENSUS][PBFT]checkAndChangeView: Reach consensus,org_view=28,org_changeCycle=0,cur_changeCycle=0,to_view=29
info|2019-11-13 16:57:11.288142|[P2P][Service] heartBeat,connected count=4
info|2019-11-13 16:57:11.833712|[g:1][CONSENSUS][SEALER]++++++++++++++++ Generating seal on,blkNum=5,tx=0,nodeIdx=1,hash=23c69fc1...
info|2019-11-13 16:57:11.868602|[g:1][CONSENSUS][PBFT]checkTimeout Succ,view=29,toView=30,nodeIdx=1,changeCycle=0,myNode=6a73c813...,timecost=0.386
info|2019-11-13 16:57:11.876071|[g:1][CONSENSUS][PBFT]checkAndChangeView: Reach consensus,org_view=29,org_changeCycle=0,cur_changeCycle=0,to_view=30
info|2019-11-13 16:57:12.862170|[g:1][CONSENSUS]addRawPrepare,height=5,reqIdx=2,hash=e58f41e9...
info|2019-11-13 16:57:12.862495|[g:1][CONSENSUS][PBFT]checkTimeout Succ,view=30,toView=31,nodeIdx=1,changeCycle=0,myNode=6a73c813...,timecost=0.289
info|2019-11-13 16:57:12.867153|[g:1][CONSENSUS][PBFT]checkAndChangeView: Reach consensus,org_view=30,org_changeCycle=0,cur_changeCycle=0,to_view=31
info|2019-11-13 16:57:13.877942|[g:1][CONSENSUS]addRawPrepare,height=5,reqIdx=3,hash=042af096...
info|2019-11-13 16:57:13.878212|[g:1][CONSENSUS][PBFT]checkTimeout Succ,view=31,toView=32,nodeIdx=1,changeCycle=0,myNode=6a73c813...,timecost=0.23
info|2019-11-13 16:57:13.889956|[g:1][CONSENSUS][PBFT]checkAndChangeView: Reach consensus,org_view=31,org_changeCycle=0,cur_changeCycle=0,to_view=32
info|2019-11-13 16:57:14.899627|[g:1][CONSENSUS]addRawPrepare,height=5,reqIdx=0,hash=deb9cbc2...
info|2019-11-13 16:57:14.899891|[g:1][CONSENSUS][PBFT]checkTimeout Succ,view=32,toView=33,nodeIdx=1,changeCycle=0,myNode=6a73c813...,timecost=0.198
info|2019-11-13 16:57:14.916110|[g:1][CONSENSUS][PBFT]checkAndChangeView: Reach consensus,org_view=32,org_changeCycle=0,cur_changeCycle=0,to_view=33
info|2019-11-13 16:57:15.916749|[g:1][CONSENSUS][SEALER]++++++++++++++++ Generating seal on,blkNum=5,tx=0,nodeIdx=1,hash=2efacc49...
info|2019-11-13 16:57:15.936827|[g:1][CONSENSUS][PBFT]checkTimeout Succ,view=33,toView=34,nodeIdx=1,changeCycle=0,myNode=6a73c813...,timecost=0.229
info|2019-11-13 16:57:15.942848|[g:1][CONSENSUS][PBFT]checkAndChangeView: Reach consensus,org_view=33,org_changeCycle=0,cur_changeCycle=0,to_view=34
info|2019-11-13 16:57:16.932516|[g:1][CONSENSUS]addRawPrepare,height=5,reqIdx=2,hash=35b6eb12...
info|2019-11-13 16:57:16.932764|[g:1][CONSENSUS][PBFT]checkTimeout Succ,view=34,toView=35,nodeIdx=1,changeCycle=0,myNode=6a73c813...,timecost=0.221
info|2019-11-13 16:57:16.939488|[g:1][CONSENSUS][PBFT]checkAndChangeView: Reach consensus,org_view=34,org_changeCycle=0,cur_changeCycle=0,to_view=35
info|2019-11-13 16:57:17.953879|[g:1][CONSENSUS]addRawPrepare,height=5,reqIdx=3,hash=fcf451bb...
info|2019-11-13 16:57:17.954153|[g:1][CONSENSUS][PBFT]checkTimeout Succ,view=35,toView=36,nodeIdx=1,changeCycle=0,myNode=6a73c813...,timecost=0.242
info|2019-11-13 16:57:17.962196|[g:1][CONSENSUS][PBFT]checkAndChangeView: Reach consensus,org_view=35,org_changeCycle=0,cur_changeCycle=0,to_view=36
info|2019-11-13 16:57:18.964257|[g:1][CONSENSUS]addRawPrepare,height=5,reqIdx=0,hash=74ea1158...
info|2019-11-13 16:57:18.964526|[g:1][CONSENSUS][PBFT]checkTimeout Succ,view=36,toView=37,nodeIdx=1,changeCycle=0,myNode=6a73c813...,timecost=0.238
info|2019-11-13 16:57:18.974615|[g:1][CONSENSUS][PBFT]checkAndChangeView: Reach consensus,org_view=36,org_changeCycle=0,cur_changeCycle=0,to_view=37
info|2019-11-13 16:57:19.978914|[g:1][CONSENSUS][SEALER]++++++++++++++++ Generating seal on,blkNum=5,tx=0,nodeIdx=1,hash=51cf5cc0...
info|2019-11-13 16:57:20.004404|[g:1][CONSENSUS][PBFT]checkTimeout Succ,view=37,toView=38,nodeIdx=1,changeCycle=0,myNode=6a73c813...,timecost=0.236
info|2019-11-13 16:57:20.005485|[g:1][CONSENSUS][PBFT]checkAndChangeView: Reach consensus,org_view=37,org_changeCycle=0,cur_changeCycle=0,to_view=38
info|2019-11-13 16:57:20.999105|[g:1][CONSENSUS]addRawPrepare,height=5,reqIdx=2,hash=1fcc4268...
info|2019-11-13 16:57:21.004112|[g:1][CONSENSUS][PBFT]checkTimeout Succ,view=38,toView=39,nodeIdx=1,changeCycle=0,myNode=6a73c813...,timecost=4.929
info|2019-11-13 16:57:21.018897|[g:1][CONSENSUS][PBFT]checkAndChangeView: Reach consensus,org_view=38,org_changeCycle=0,cur_changeCycle=0,to_view=39
info|2019-11-13 16:57:21.288594|[P2P][Service] heartBeat,connected count=4
info|2019-11-13 16:57:22.021675|[g:1][CONSENSUS]addRawPrepare,height=5,reqIdx=3,hash=becda5f0...
info|2019-11-13 16:57:22.021926|[g:1][CONSENSUS][PBFT]checkTimeout Succ,view=39,toView=40,nodeIdx=1,changeCycle=0,myNode=6a73c813...,timecost=0.218
info|2019-11-13 16:57:22.031389|[g:1][CONSENSUS][PBFT]checkAndChangeView: Reach consensus,org_view=39,org_changeCycle=0,cur_changeCycle=0,to_view=40
info|2019-11-13 16:57:23.040235|[g:1][CONSENSUS]addRawPrepare,height=5,reqIdx=0,hash=47a97802...
info|2019-11-13 16:57:23.047225|[g:1][CONSENSUS][PBFT]checkTimeout Succ,view=40,toView=41,nodeIdx=1,changeCycle=0,myNode=6a73c813...,timecost=5.849
info|2019-11-13 16:57:23.047800|[g:1][CONSENSUS][PBFT]checkAndChangeView: Reach consensus,org_view=40,org_changeCycle=0,cur_changeCycle=0,to_view=41
info|2019-11-13 16:57:24.047563|[g:1][CONSENSUS][SEALER]++++++++++++++++ Generating seal on,blkNum=5,tx=0,nodeIdx=1,hash=9b18d159...
info|2019-11-13 16:57:24.094188|[g:1][CONSENSUS][PBFT]checkTimeout Succ,view=41,toView=42,nodeIdx=1,changeCycle=0,myNode=6a73c813...,timecost=2.39
info|2019-11-13 16:57:24.095575|[g:1][CONSENSUS][PBFT]checkAndChangeView: Reach consensus,org_view=41,org_changeCycle=0,cur_changeCycle=0,to_view=42
info|2019-11-13 16:57:25.090855|[g:1][CONSENSUS]addRawPrepare,height=5,reqIdx=2,hash=443825a3...
info|2019-11-13 16:57:25.091194|[g:1][CONSENSUS][PBFT]checkTimeout Succ,view=42,toView=43,nodeIdx=1,changeCycle=0,myNode=6a73c813...,timecost=0.316
info|2019-11-13 16:57:25.102366|[g:1][CONSENSUS][PBFT]checkAndChangeView: Reach consensus,org_view=42,org_changeCycle=0,cur_changeCycle=0,to_view=43
info|2019-11-13 16:57:26.108197|[g:1][CONSENSUS]addRawPrepare,height=5,reqIdx=3,hash=58d3a9fa...
info|2019-11-13 16:57:26.108474|[g:1][CONSENSUS][PBFT]checkTimeout Succ,view=43,toView=44,nodeIdx=1,changeCycle=0,myNode=6a73c813...,timecost=0.247
info|2019-11-13 16:57:26.116845|[g:1][CONSENSUS][PBFT]checkAndChangeView: Reach consensus,org_view=43,org_changeCycle=0,cur_changeCycle=0,to_view=44
info|2019-11-13 16:57:27.126154|[g:1][CONSENSUS]addRawPrepare,height=5,reqIdx=0,hash=cf82886d...
info|2019-11-13 16:57:27.126470|[g:1][CONSENSUS][PBFT]checkTimeout Succ,view=44,toView=45,nodeIdx=1,changeCycle=0,myNode=6a73c813...,timecost=0.282
info|2019-11-13 16:57:27.127150|[g:1][CONSENSUS][PBFT]checkAndChangeView: Reach consensus,org_view=44,org_changeCycle=0,cur_changeCycle=0,to_view=45
info|2019-11-13 16:57:28.128065|[g:1][CONSENSUS][SEALER]++++++++++++++++ Generating seal on,blkNum=5,tx=0,nodeIdx=1,hash=22260531...
info|2019-11-13 16:57:28.141488|[g:1][CONSENSUS][PBFT]checkTimeout Succ,view=45,toView=46,nodeIdx=1,changeCycle=0,myNode=6a73c813...,timecost=0.23
info|2019-11-13 16:57:28.145455|[g:1][CONSENSUS][PBFT]checkAndChangeView: Reach consensus,org_view=45,org_changeCycle=0,cur_changeCycle=0,to_view=46
info|2019-11-13 16:57:29.143357|[g:1][CONSENSUS]addRawPrepare,height=5,reqIdx=2,hash=a3237d18...
info|2019-11-13 16:57:29.143594|[g:1][CONSENSUS][PBFT]checkTimeout Succ,view=46,toView=47,nodeIdx=1,changeCycle=0,myNode=6a73c813...,timecost=0.211
info|2019-11-13 16:57:29.151470|[g:1][CONSENSUS][PBFT]checkAndChangeView: Reach consensus,org_view=46,org_changeCycle=0,cur_changeCycle=0,to_view=47
info|2019-11-13 16:57:30.154518|[g:1][CONSENSUS]addRawPrepare,height=5,reqIdx=3,hash=9927beab...
info|2019-11-13 16:57:30.154806|[g:1][CONSENSUS][PBFT]checkTimeout Succ,view=47,toView=48,nodeIdx=1,changeCycle=0,myNode=6a73c813...,timecost=0.264
info|2019-11-13 16:57:30.161521|[g:1][CONSENSUS][PBFT]checkAndChangeView: Reach consensus,org_view=47,org_changeCycle=0,cur_changeCycle=0,to_view=48
info|2019-11-13 16:57:31.164723|[g:1][CONSENSUS]addRawPrepare,height=5,reqIdx=0,hash=8296371f...
info|2019-11-13 16:57:31.164966|[g:1][CONSENSUS][PBFT]checkTimeout Succ,view=48,toView=49,nodeIdx=1,changeCycle=0,myNode=6a73c813...,timecost=0.216
info|2019-11-13 16:57:31.173812|[g:1][CONSENSUS][PBFT]checkAndChangeView: Reach consensus,org_view=48,org_changeCycle=0,cur_changeCycle=0,to_view=49
info|2019-11-13 16:57:31.288753|[P2P][Service] heartBeat,connected count=4
info|2019-11-13 16:57:32.174621|[g:1][CONSENSUS][SEALER]++++++++++++++++ Generating seal on,blkNum=5,tx=0,nodeIdx=1,hash=28fcfd55...
info|2019-11-13 16:57:32.192661|[g:1][CONSENSUS][PBFT]checkTimeout Succ,view=49,toView=50,nodeIdx=1,changeCycle=0,myNode=6a73c813...,timecost=0.299
info|2019-11-13 16:57:32.193585|[g:1][CONSENSUS][PBFT]checkAndChangeView: Reach consensus,org_view=49,org_changeCycle=0,cur_changeCycle=0,to_view=50
info|2019-11-13 16:57:33.191090|[g:1][CONSENSUS]addRawPrepare,height=5,reqIdx=2,hash=872254e7...
info|2019-11-13 16:57:33.191565|[g:1][CONSENSUS][PBFT]checkTimeout Succ,view=50,toView=51,nodeIdx=1,changeCycle=0,myNode=6a73c813...,timecost=0.438
info|2019-11-13 16:57:33.204495|[g:1][CONSENSUS][PBFT]checkAndChangeView: Reach consensus,org_view=50,org_changeCycle=0,cur_changeCycle=0,to_view=51
info|2019-11-13 16:57:34.213362|[g:1][CONSENSUS]addRawPrepare,height=5,reqIdx=3,hash=7b0c167c...
info|2019-11-13 16:57:34.213844|[g:1][CONSENSUS][PBFT]checkTimeout Succ,view=51,toView=52,nodeIdx=1,changeCycle=0,myNode=6a73c813...,timecost=0.425
info|2019-11-13 16:57:34.225248|[g:1][CONSENSUS][PBFT]checkAndChangeView: Reach consensus,org_view=51,org_changeCycle=0,cur_changeCycle=0,to_view=52
info|2019-11-13 16:57:35.228787|[g:1][CONSENSUS]addRawPrepare,height=5,reqIdx=0,hash=6c3ba1f1...
info|2019-11-13 16:57:35.229168|[g:1][CONSENSUS][PBFT]checkTimeout Succ,view=52,toView=53,nodeIdx=1,changeCycle=0,myNode=6a73c813...,timecost=0.343
info|2019-11-13 16:57:35.238443|[g:1][CONSENSUS][PBFT]checkAndChangeView: Reach consensus,org_view=52,org_changeCycle=0,cur_changeCycle=0,to_view=53
info|2019-11-13 16:57:36.239798|[g:1][CONSENSUS][SEALER]++++++++++++++++ Generating seal on,blkNum=5,tx=0,nodeIdx=1,hash=6873e331...
info|2019-11-13 16:57:36.254940|[g:1][CONSENSUS][PBFT]checkTimeout Succ,view=53,toView=54,nodeIdx=1,changeCycle=0,myNode=6a73c813...,timecost=0.247
info|2019-11-13 16:57:36.259467|[g:1][CONSENSUS][PBFT]checkAndChangeView: Reach consensus,org_view=53,org_changeCycle=0,cur_changeCycle=0,to_view=54
info|2019-11-13 16:57:36.520910|[NETWORK][Session]Received topic: [4	_block_notify_1] from 824ae14a1c492a3b61d96b8fa5f51cf89b7cf60e32d0427f255c92bc5f712227af9cb010a0060848e49fc1d000476574576117d63732d6d10048b54b759ab9fd
info|2019-11-13 16:57:37.252991|[g:1][CONSENSUS]addRawPrepare,height=5,reqIdx=2,hash=969fe4f0...
info|2019-11-13 16:57:37.253302|[g:1][CONSENSUS][PBFT]checkTimeout Succ,view=54,toView=55,nodeIdx=1,changeCycle=0,myNode=6a73c813...,timecost=0.284
info|2019-11-13 16:57:37.261496|[g:1][CONSENSUS][PBFT]checkAndChangeView: Reach consensus,org_view=54,org_changeCycle=0,cur_changeCycle=0,to_view=55
info|2019-11-13 16:57:38.263147|[g:1][CONSENSUS]addRawPrepare,height=5,reqIdx=3,hash=0be221f9...
info|2019-11-13 16:57:38.263468|[g:1][CONSENSUS][PBFT]checkTimeout Succ,view=55,toView=56,nodeIdx=1,changeCycle=0,myNode=6a73c813...,timecost=0.23
info|2019-11-13 16:57:38.275299|[g:1][CONSENSUS][PBFT]checkAndChangeView: Reach consensus,org_view=55,org_changeCycle=0,cur_changeCycle=0,to_view=56
info|2019-11-13 16:57:39.277504|[g:1][CONSENSUS]addRawPrepare,height=5,reqIdx=0,hash=1520fae6...
info|2019-11-13 16:57:39.277797|[g:1][CONSENSUS][PBFT]checkTimeout Succ,view=56,toView=57,nodeIdx=1,changeCycle=0,myNode=6a73c813...,timecost=0.265
info|2019-11-13 16:57:39.281030|[g:1][CONSENSUS][PBFT]checkAndChangeView: Reach consensus,org_view=56,org_changeCycle=0,cur_changeCycle=0,to_view=57
info|2019-11-13 16:57:40.285576|[g:1][CONSENSUS][SEALER]++++++++++++++++ Generating seal on,blkNum=5,tx=0,nodeIdx=1,hash=53232caf...
info|2019-11-13 16:57:40.300405|[g:1][CONSENSUS][PBFT]checkTimeout Succ,view=57,toView=58,nodeIdx=1,changeCycle=0,myNode=6a73c813...,timecost=0.306
info|2019-11-13 16:57:40.301479|[g:1][CONSENSUS][PBFT]checkAndChangeView: Reach consensus,org_view=57,org_changeCycle=0,cur_changeCycle=0,to_view=58
info|2019-11-13 16:57:41.288878|[P2P][Service] heartBeat,connected count=4
info|2019-11-13 16:57:41.300120|[g:1][CONSENSUS]addRawPrepare,height=5,reqIdx=2,hash=cf6ca2b5...
info|2019-11-13 16:57:41.300566|[g:1][CONSENSUS][PBFT]checkTimeout Succ,view=58,toView=59,nodeIdx=1,changeCycle=0,myNode=6a73c813...,timecost=0.355
info|2019-11-13 16:57:41.310425|[g:1][CONSENSUS][PBFT]checkAndChangeView: Reach consensus,org_view=58,org_changeCycle=0,cur_changeCycle=0,to_view=59
info|2019-11-13 16:57:41.521076|[NETWORK][Session]Received topic: [5	_block_notify_1] from 824ae14a1c492a3b61d96b8fa5f51cf89b7cf60e32d0427f255c92bc5f712227af9cb010a0060848e49fc1d000476574576117d63732d6d10048b54b759ab9fd
info|2019-11-13 16:57:42.312990|[g:1][CONSENSUS]addRawPrepare,height=5,reqIdx=3,hash=e56c83f0...
info|2019-11-13 16:57:42.313283|[g:1][CONSENSUS][PBFT]checkTimeout Succ,view=59,toView=60,nodeIdx=1,changeCycle=0,myNode=6a73c813...,timecost=0.246
info|2019-11-13 16:57:42.318152|[g:1][CONSENSUS][PBFT]checkAndChangeView: Reach consensus,org_view=59,org_changeCycle=0,cur_changeCycle=0,to_view=60
info|2019-11-13 16:57:43.319382|[g:1][CONSENSUS]addRawPrepare,height=5,reqIdx=0,hash=7b28e79e...
info|2019-11-13 16:57:43.320996|[g:1][CONSENSUS][PBFT]checkTimeout Succ,view=60,toView=61,nodeIdx=1,changeCycle=0,myNode=6a73c813...,timecost=1.587
info|2019-11-13 16:57:43.326015|[g:1][CONSENSUS][PBFT]checkAndChangeView: Reach consensus,org_view=60,org_changeCycle=0,cur_changeCycle=0,to_view=61
info|2019-11-13 16:57:44.329777|[g:1][CONSENSUS][SEALER]++++++++++++++++ Generating seal on,blkNum=5,tx=0,nodeIdx=1,hash=2b970be7...
info|2019-11-13 16:57:44.341869|[g:1][CONSENSUS][PBFT]checkTimeout Succ,view=61,toView=62,nodeIdx=1,changeCycle=0,myNode=6a73c813...,timecost=0.222
info|2019-11-13 16:57:44.345336|[g:1][CONSENSUS][PBFT]checkAndChangeView: Reach consensus,org_view=61,org_changeCycle=0,cur_changeCycle=0,to_view=62
info|2019-11-13 16:57:45.347538|[g:1][CONSENSUS]addRawPrepare,height=5,reqIdx=2,hash=44134599...
info|2019-11-13 16:57:45.348067|[g:1][CONSENSUS][PBFT]checkTimeout Succ,view=62,toView=63,nodeIdx=1,changeCycle=0,myNode=6a73c813...,timecost=0.467
info|2019-11-13 16:57:45.352640|[g:1][CONSENSUS][PBFT]checkAndChangeView: Reach consensus,org_view=62,org_changeCycle=0,cur_changeCycle=0,to_view=63
info|2019-11-13 16:57:46.355633|[g:1][CONSENSUS]addRawPrepare,height=5,reqIdx=3,hash=2c0b3415...
info|2019-11-13 16:57:46.358549|[g:1][CONSENSUS][PBFT]checkTimeout Succ,view=63,toView=64,nodeIdx=1,changeCycle=0,myNode=6a73c813...,timecost=2.895
info|2019-11-13 16:57:46.363258|[g:1][CONSENSUS][PBFT]checkAndChangeView: Reach consensus,org_view=63,org_changeCycle=0,cur_changeCycle=0,to_view=64
info|2019-11-13 16:57:47.366745|[g:1][CONSENSUS]addRawPrepare,height=5,reqIdx=0,hash=064dd0f1...
info|2019-11-13 16:57:47.366982|[g:1][CONSENSUS][PBFT]checkTimeout Succ,view=64,toView=65,nodeIdx=1,changeCycle=0,myNode=6a73c813...,timecost=0.21
info|2019-11-13 16:57:47.371789|[g:1][CONSENSUS][PBFT]checkAndChangeView: Reach consensus,org_view=64,org_changeCycle=0,cur_changeCycle=0,to_view=65
info|2019-11-13 16:57:48.375163|[g:1][CONSENSUS][SEALER]++++++++++++++++ Generating seal on,blkNum=5,tx=0,nodeIdx=1,hash=6fc07a04...
info|2019-11-13 16:57:48.386989|[g:1][CONSENSUS][PBFT]checkTimeout Succ,view=65,toView=66,nodeIdx=1,changeCycle=0,myNode=6a73c813...,timecost=0.289
info|2019-11-13 16:57:48.390420|[g:1][CONSENSUS][PBFT]checkAndChangeView: Reach consensus,org_view=65,org_changeCycle=0,cur_changeCycle=0,to_view=66
info|2019-11-13 16:57:49.389708|[g:1][CONSENSUS]addRawPrepare,height=5,reqIdx=2,hash=02f396d7...
info|2019-11-13 16:57:49.390142|[g:1][CONSENSUS][PBFT]checkTimeout Succ,view=66,toView=67,nodeIdx=1,changeCycle=0,myNode=6a73c813...,timecost=0.406
info|2019-11-13 16:57:49.392600|[g:1][CONSENSUS][PBFT]checkAndChangeView: Reach consensus,org_view=66,org_changeCycle=0,cur_changeCycle=0,to_view=67
info|2019-11-13 16:57:50.397062|[g:1][CONSENSUS]addRawPrepare,height=5,reqIdx=3,hash=032e6922...
info|2019-11-13 16:57:50.397338|[g:1][CONSENSUS][PBFT]checkTimeout Succ,view=67,toView=68,nodeIdx=1,changeCycle=0,myNode=6a73c813...,timecost=0.252
info|2019-11-13 16:57:50.400653|[g:1][CONSENSUS][PBFT]checkAndChangeView: Reach consensus,org_view=67,org_changeCycle=0,cur_changeCycle=0,to_view=68
info|2019-11-13 16:57:51.289455|[P2P][Service] heartBeat,connected count=4
info|2019-11-13 16:57:51.402430|[g:1][CONSENSUS]addRawPrepare,height=5,reqIdx=0,hash=91ebbfec...
info|2019-11-13 16:57:51.402680|[g:1][CONSENSUS][PBFT]checkTimeout Succ,view=68,toView=69,nodeIdx=1,changeCycle=0,myNode=6a73c813...,timecost=0.221
info|2019-11-13 16:57:51.406032|[g:1][CONSENSUS][PBFT]checkAndChangeView: Reach consensus,org_view=68,org_changeCycle=0,cur_changeCycle=0,to_view=69
info|2019-11-13 16:57:52.406854|[g:1][CONSENSUS][SEALER]++++++++++++++++ Generating seal on,blkNum=5,tx=0,nodeIdx=1,hash=0f10acaa...
info|2019-11-13 16:57:52.414334|[g:1][CONSENSUS][PBFT]checkTimeout Succ,view=69,toView=70,nodeIdx=1,changeCycle=0,myNode=6a73c813...,timecost=0.217
info|2019-11-13 16:57:52.415285|[g:1][CONSENSUS][PBFT]checkAndChangeView: Reach consensus,org_view=69,org_changeCycle=0,cur_changeCycle=0,to_view=70
info|2019-11-13 16:57:53.415517|[g:1][CONSENSUS]addRawPrepare,height=5,reqIdx=2,hash=874efc67...
info|2019-11-13 16:57:53.415775|[g:1][CONSENSUS][PBFT]checkTimeout Succ,view=70,toView=71,nodeIdx=1,changeCycle=0,myNode=6a73c813...,timecost=0.231
info|2019-11-13 16:57:53.417272|[g:1][CONSENSUS][PBFT]checkAndChangeView: Reach consensus,org_view=70,org_changeCycle=0,cur_changeCycle=0,to_view=71
info|2019-11-13 16:57:54.423316|[g:1][CONSENSUS]addRawPrepare,height=5,reqIdx=3,hash=96b1055d...
info|2019-11-13 16:57:54.423649|[g:1][CONSENSUS][PBFT]checkTimeout Succ,view=71,toView=72,nodeIdx=1,changeCycle=0,myNode=6a73c813...,timecost=0.304
info|2019-11-13 16:57:54.427086|[g:1][CONSENSUS][PBFT]checkAndChangeView: Reach consensus,org_view=71,org_changeCycle=0,cur_changeCycle=0,to_view=72
info|2019-11-13 16:57:55.427459|[g:1][CONSENSUS]addRawPrepare,height=5,reqIdx=0,hash=74c95c7e...
info|2019-11-13 16:57:55.427744|[g:1][CONSENSUS][PBFT]checkTimeout Succ,view=72,toView=73,nodeIdx=1,changeCycle=0,myNode=6a73c813...,timecost=0.251
info|2019-11-13 16:57:55.430891|[g:1][CONSENSUS][PBFT]checkAndChangeView: Reach consensus,org_view=72,org_changeCycle=0,cur_changeCycle=0,to_view=73
info|2019-11-13 16:57:56.432655|[g:1][CONSENSUS][SEALER]++++++++++++++++ Generating seal on,blkNum=5,tx=0,nodeIdx=1,hash=5a3dd4f5...
info|2019-11-13 16:57:56.451597|[g:1][CONSENSUS][PBFT]checkTimeout Succ,view=73,toView=74,nodeIdx=1,changeCycle=0,myNode=6a73c813...,timecost=0.538
info|2019-11-13 16:57:56.453860|[g:1][CONSENSUS][PBFT]checkAndChangeView: Reach consensus,org_view=73,org_changeCycle=0,cur_changeCycle=0,to_view=74
info|2019-11-13 16:57:57.466477|[g:1][CONSENSUS]addRawPrepare,height=5,reqIdx=2,hash=31627ee2...
info|2019-11-13 16:57:57.466796|[g:1][CONSENSUS][PBFT]checkTimeout Succ,view=74,toView=75,nodeIdx=1,changeCycle=0,myNode=6a73c813...,timecost=0.292
info|2019-11-13 16:57:57.469912|[g:1][CONSENSUS][PBFT]checkAndChangeView: Reach consensus,org_view=74,org_changeCycle=0,cur_changeCycle=0,to_view=75
info|2019-11-13 16:57:58.475272|[g:1][CONSENSUS]addRawPrepare,height=5,reqIdx=3,hash=868bb757...
info|2019-11-13 16:57:58.475622|[g:1][CONSENSUS][PBFT]checkTimeout Succ,view=75,toView=76,nodeIdx=1,changeCycle=0,myNode=6a73c813...,timecost=0.323
info|2019-11-13 16:57:58.478182|[g:1][CONSENSUS][PBFT]checkAndChangeView: Reach consensus,org_view=75,org_changeCycle=0,cur_changeCycle=0,to_view=76
info|2019-11-13 16:57:59.482183|[g:1][CONSENSUS]addRawPrepare,height=5,reqIdx=0,hash=d7b8d88b...
info|2019-11-13 16:57:59.482473|[g:1][CONSENSUS][PBFT]checkTimeout Succ,view=76,toView=77,nodeIdx=1,changeCycle=0,myNode=6a73c813...,timecost=0.257
info|2019-11-13 16:57:59.486727|[g:1][CONSENSUS][PBFT]checkAndChangeView: Reach consensus,org_view=76,org_changeCycle=0,cur_changeCycle=0,to_view=77
info|2019-11-13 16:58:00.486843|[g:1][CONSENSUS][SEALER]++++++++++++++++ Generating seal on,blkNum=5,tx=0,nodeIdx=1,hash=48e4401f...
info|2019-11-13 16:58:00.496335|[g:1][CONSENSUS][PBFT]checkTimeout Succ,view=77,toView=78,nodeIdx=1,changeCycle=0,myNode=6a73c813...,timecost=0.468
info|2019-11-13 16:58:00.497400|[g:1][CONSENSUS][PBFT]checkAndChangeView: Reach consensus,org_view=77,org_changeCycle=0,cur_changeCycle=0,to_view=78
info|2019-11-13 16:58:01.289632|[P2P][Service] heartBeat,connected count=4
info|2019-11-13 16:58:01.499185|[g:1][CONSENSUS]addRawPrepare,height=5,reqIdx=2,hash=a5c6f96e...
info|2019-11-13 16:58:01.499447|[g:1][CONSENSUS][PBFT]checkTimeout Succ,view=78,toView=79,nodeIdx=1,changeCycle=0,myNode=6a73c813...,timecost=0.228
info|2019-11-13 16:58:01.502012|[g:1][CONSENSUS][PBFT]checkAndChangeView: Reach consensus,org_view=78,org_changeCycle=0,cur_changeCycle=0,to_view=79
info|2019-11-13 16:58:02.506630|[g:1][CONSENSUS]addRawPrepare,height=5,reqIdx=3,hash=bc1bb973...
info|2019-11-13 16:58:02.506872|[g:1][CONSENSUS][PBFT]checkTimeout Succ,view=79,toView=80,nodeIdx=1,changeCycle=0,myNode=6a73c813...,timecost=0.217
info|2019-11-13 16:58:02.510269|[g:1][CONSENSUS][PBFT]checkAndChangeView: Reach consensus,org_view=79,org_changeCycle=0,cur_changeCycle=0,to_view=80
info|2019-11-13 16:58:03.512924|[g:1][CONSENSUS]addRawPrepare,height=5,reqIdx=0,hash=f3ace2e8...
info|2019-11-13 16:58:03.513277|[g:1][CONSENSUS][PBFT]checkTimeout Succ,view=80,toView=81,nodeIdx=1,changeCycle=0,myNode=6a73c813...,timecost=0.269
info|2019-11-13 16:58:03.517134|[g:1][CONSENSUS][PBFT]checkAndChangeView: Reach consensus,org_view=80,org_changeCycle=0,cur_changeCycle=0,to_view=81
info|2019-11-13 16:58:04.518406|[g:1][CONSENSUS][SEALER]++++++++++++++++ Generating seal on,blkNum=5,tx=0,nodeIdx=1,hash=f20ce7fe...
info|2019-11-13 16:58:04.537201|[g:1][CONSENSUS][PBFT]checkTimeout Succ,view=81,toView=82,nodeIdx=1,changeCycle=0,myNode=6a73c813...,timecost=0.226
info|2019-11-13 16:58:04.538278|[g:1][CONSENSUS][PBFT]checkAndChangeView: Reach consensus,org_view=81,org_changeCycle=0,cur_changeCycle=0,to_view=82
info|2019-11-13 16:58:05.537684|[g:1][CONSENSUS]addRawPrepare,height=5,reqIdx=2,hash=31e6d1e2...
info|2019-11-13 16:58:05.537933|[g:1][CONSENSUS][PBFT]checkTimeout Succ,view=82,toView=83,nodeIdx=1,changeCycle=0,myNode=6a73c813...,timecost=0.218
info|2019-11-13 16:58:05.539141|[g:1][CONSENSUS][PBFT]checkAndChangeView: Reach consensus,org_view=82,org_changeCycle=0,cur_changeCycle=0,to_view=83
info|2019-11-13 16:58:06.557561|[g:1][CONSENSUS]addRawPrepare,height=5,reqIdx=3,hash=e134b1ce...
info|2019-11-13 16:58:06.558049|[g:1][CONSENSUS][PBFT]checkTimeout Succ,view=83,toView=84,nodeIdx=1,changeCycle=0,myNode=6a73c813...,timecost=0.443
info|2019-11-13 16:58:06.563495|[g:1][CONSENSUS][PBFT]checkAndChangeView: Reach consensus,org_view=83,org_changeCycle=0,cur_changeCycle=0,to_view=84
info|2019-11-13 16:58:07.572809|[g:1][CONSENSUS]addRawPrepare,height=5,reqIdx=0,hash=0c3b3c63...
info|2019-11-13 16:58:07.573175|[g:1][CONSENSUS][PBFT]checkTimeout Succ,view=84,toView=85,nodeIdx=1,changeCycle=0,myNode=6a73c813...,timecost=0.328
info|2019-11-13 16:58:07.575730|[g:1][CONSENSUS][PBFT]checkAndChangeView: Reach consensus,org_view=84,org_changeCycle=0,cur_changeCycle=0,to_view=85
info|2019-11-13 16:58:08.576224|[g:1][CONSENSUS][SEALER]++++++++++++++++ Generating seal on,blkNum=5,tx=0,nodeIdx=1,hash=58263883...
info|2019-11-13 16:58:08.583127|[g:1][CONSENSUS][PBFT]checkTimeout Succ,view=85,toView=86,nodeIdx=1,changeCycle=0,myNode=6a73c813...,timecost=0.253
info|2019-11-13 16:58:08.584122|[g:1][CONSENSUS][PBFT]checkAndChangeView: Reach consensus,org_view=85,org_changeCycle=0,cur_changeCycle=0,to_view=86
info|2019-11-13 16:58:09.584862|[g:1][CONSENSUS]addRawPrepare,height=5,reqIdx=2,hash=17f4d7ee...
info|2019-11-13 16:58:09.585331|[g:1][CONSENSUS][PBFT]checkTimeout Succ,view=86,toView=87,nodeIdx=1,changeCycle=0,myNode=6a73c813...,timecost=0.436
info|2019-11-13 16:58:09.588749|[g:1][CONSENSUS][PBFT]checkAndChangeView: Reach consensus,org_view=86,org_changeCycle=0,cur_changeCycle=0,to_view=87
info|2019-11-13 16:58:10.591815|[g:1][CONSENSUS]addRawPrepare,height=5,reqIdx=3,hash=4428df9d...
info|2019-11-13 16:58:10.592082|[g:1][CONSENSUS][PBFT]checkTimeout Succ,view=87,toView=88,nodeIdx=1,changeCycle=0,myNode=6a73c813...,timecost=0.237
info|2019-11-13 16:58:10.595993|[g:1][CONSENSUS][PBFT]checkAndChangeView: Reach consensus,org_view=87,org_changeCycle=0,cur_changeCycle=0,to_view=88
info|2019-11-13 16:58:11.290288|[P2P][Service] heartBeat,connected count=4
info|2019-11-13 16:58:11.601670|[g:1][CONSENSUS]addRawPrepare,height=5,reqIdx=0,hash=404c1b52...
info|2019-11-13 16:58:11.601934|[g:1][CONSENSUS][PBFT]checkTimeout Succ,view=88,toView=89,nodeIdx=1,changeCycle=0,myNode=6a73c813...,timecost=0.234
info|2019-11-13 16:58:11.604762|[g:1][CONSENSUS][PBFT]checkAndChangeView: Reach consensus,org_view=88,org_changeCycle=0,cur_changeCycle=0,to_view=89
info|2019-11-13 16:58:12.605811|[g:1][CONSENSUS][SEALER]++++++++++++++++ Generating seal on,blkNum=5,tx=0,nodeIdx=1,hash=b67d513f...
info|2019-11-13 16:58:12.619861|[g:1][CONSENSUS][PBFT]checkTimeout Succ,view=89,toView=90,nodeIdx=1,changeCycle=0,myNode=6a73c813...,timecost=0.274
info|2019-11-13 16:58:12.621699|[g:1][CONSENSUS][PBFT]checkAndChangeView: Reach consensus,org_view=89,org_changeCycle=0,cur_changeCycle=0,to_view=90
info|2019-11-13 16:58:13.620698|[g:1][CONSENSUS]addRawPrepare,height=5,reqIdx=2,hash=34b39ef9...
info|2019-11-13 16:58:13.623037|[g:1][CONSENSUS][PBFT]checkTimeout Succ,view=90,toView=91,nodeIdx=1,changeCycle=0,myNode=6a73c813...,timecost=1.882
info|2019-11-13 16:58:13.625824|[g:1][CONSENSUS][PBFT]checkAndChangeView: Reach consensus,org_view=90,org_changeCycle=0,cur_changeCycle=0,to_view=91
info|2019-11-13 16:58:14.635599|[g:1][CONSENSUS]addRawPrepare,height=5,reqIdx=3,hash=5b3489e3...
info|2019-11-13 16:58:14.637005|[g:1][CONSENSUS][PBFT]checkTimeout Succ,view=91,toView=92,nodeIdx=1,changeCycle=0,myNode=6a73c813...,timecost=1.327
info|2019-11-13 16:58:14.639392|[g:1][CONSENSUS][PBFT]checkAndChangeView: Reach consensus,org_view=91,org_changeCycle=0,cur_changeCycle=0,to_view=92
info|2019-11-13 16:58:15.641710|[g:1][CONSENSUS]addRawPrepare,height=5,reqIdx=0,hash=6efe9732...
info|2019-11-13 16:58:15.642231|[g:1][CONSENSUS][PBFT]checkTimeout Succ,view=92,toView=93,nodeIdx=1,changeCycle=0,myNode=6a73c813...,timecost=0.478
info|2019-11-13 16:58:15.648707|[g:1][CONSENSUS][PBFT]checkAndChangeView: Reach consensus,org_view=92,org_changeCycle=0,cur_changeCycle=0,to_view=93
info|2019-11-13 16:58:16.648319|[g:1][CONSENSUS][SEALER]++++++++++++++++ Generating seal on,blkNum=5,tx=0,nodeIdx=1,hash=a1fd4b0b...
info|2019-11-13 16:58:16.667339|[g:1][CONSENSUS][PBFT]checkTimeout Succ,view=93,toView=94,nodeIdx=1,changeCycle=0,myNode=6a73c813...,timecost=0.408
info|2019-11-13 16:58:16.668969|[g:1][CONSENSUS][PBFT]checkAndChangeView: Reach consensus,org_view=93,org_changeCycle=0,cur_changeCycle=0,to_view=94
info|2019-11-13 16:58:17.675875|[g:1][CONSENSUS]addRawPrepare,height=5,reqIdx=2,hash=f1b37134...
info|2019-11-13 16:58:17.679087|[g:1][CONSENSUS][PBFT]checkTimeout Succ,view=94,toView=95,nodeIdx=1,changeCycle=0,myNode=6a73c813...,timecost=3.147
info|2019-11-13 16:58:17.686037|[g:1][CONSENSUS][PBFT]checkAndChangeView: Reach consensus,org_view=94,org_changeCycle=0,cur_changeCycle=0,to_view=95
info|2019-11-13 16:58:18.693429|[g:1][CONSENSUS]addRawPrepare,height=5,reqIdx=3,hash=752e17ab...
info|2019-11-13 16:58:18.693758|[g:1][CONSENSUS][PBFT]checkTimeout Succ,view=95,toView=96,nodeIdx=1,changeCycle=0,myNode=6a73c813...,timecost=0.304
info|2019-11-13 16:58:18.697267|[g:1][CONSENSUS][PBFT]checkAndChangeView: Reach consensus,org_view=95,org_changeCycle=0,cur_changeCycle=0,to_view=96
info|2019-11-13 16:58:19.701309|[g:1][CONSENSUS]addRawPrepare,height=5,reqIdx=0,hash=062fc18d...
info|2019-11-13 16:58:19.701678|[g:1][CONSENSUS][PBFT]checkTimeout Succ,view=96,toView=97,nodeIdx=1,changeCycle=0,myNode=6a73c813...,timecost=0.335
info|2019-11-13 16:58:19.705686|[g:1][CONSENSUS][PBFT]checkAndChangeView: Reach consensus,org_view=96,org_changeCycle=0,cur_changeCycle=0,to_view=97
info|2019-11-13 16:58:20.706341|[g:1][CONSENSUS][SEALER]++++++++++++++++ Generating seal on,blkNum=5,tx=0,nodeIdx=1,hash=09303ed7...
info|2019-11-13 16:58:20.714412|[g:1][CONSENSUS][PBFT]checkTimeout Succ,view=97,toView=98,nodeIdx=1,changeCycle=0,myNode=6a73c813...,timecost=0.228
info|2019-11-13 16:58:20.715339|[g:1][CONSENSUS][PBFT]checkAndChangeView: Reach consensus,org_view=97,org_changeCycle=0,cur_changeCycle=0,to_view=98
info|2019-11-13 16:58:21.290496|[P2P][Service] heartBeat,connected count=4
info|2019-11-13 16:58:21.715674|[g:1][CONSENSUS]addRawPrepare,height=5,reqIdx=2,hash=b8928aeb...
info|2019-11-13 16:58:21.715962|[g:1][CONSENSUS][PBFT]checkTimeout Succ,view=98,toView=99,nodeIdx=1,changeCycle=0,myNode=6a73c813...,timecost=0.265
info|2019-11-13 16:58:21.718177|[g:1][CONSENSUS][PBFT]checkAndChangeView: Reach consensus,org_view=98,org_changeCycle=0,cur_changeCycle=0,to_view=99
info|2019-11-13 16:58:22.723525|[g:1][CONSENSUS]addRawPrepare,height=5,reqIdx=3,hash=8d3076cf...
info|2019-11-13 16:58:22.723772|[g:1][CONSENSUS][PBFT]checkTimeout Succ,view=99,toView=100,nodeIdx=1,changeCycle=0,myNode=6a73c813...,timecost=0.223
info|2019-11-13 16:58:22.727092|[g:1][CONSENSUS][PBFT]checkAndChangeView: Reach consensus,org_view=99,org_changeCycle=0,cur_changeCycle=0,to_view=100
info|2019-11-13 16:58:23.728493|[g:1][CONSENSUS]addRawPrepare,height=5,reqIdx=0,hash=85e6dd8e...
info|2019-11-13 16:58:23.728762|[g:1][CONSENSUS][PBFT]checkTimeout Succ,view=100,toView=101,nodeIdx=1,changeCycle=0,myNode=6a73c813...,timecost=0.247
info|2019-11-13 16:58:23.731691|[g:1][CONSENSUS][PBFT]checkAndChangeView: Reach consensus,org_view=100,org_changeCycle=0,cur_changeCycle=0,to_view=101
info|2019-11-13 16:58:24.731544|[g:1][CONSENSUS][SEALER]++++++++++++++++ Generating seal on,blkNum=5,tx=0,nodeIdx=1,hash=28c60c50...
info|2019-11-13 16:58:24.745403|[g:1][CONSENSUS][PBFT]checkTimeout Succ,view=101,toView=102,nodeIdx=1,changeCycle=0,myNode=6a73c813...,timecost=0.254
info|2019-11-13 16:58:24.746678|[g:1][CONSENSUS][PBFT]checkAndChangeView: Reach consensus,org_view=101,org_changeCycle=0,cur_changeCycle=0,to_view=102
info|2019-11-13 16:58:25.748293|[g:1][CONSENSUS]addRawPrepare,height=5,reqIdx=2,hash=bbabb2e1...
info|2019-11-13 16:58:25.748562|[g:1][CONSENSUS][PBFT]checkTimeout Succ,view=102,toView=103,nodeIdx=1,changeCycle=0,myNode=6a73c813...,timecost=0.233
info|2019-11-13 16:58:25.755707|[g:1][CONSENSUS][PBFT]checkAndChangeView: Reach consensus,org_view=102,org_changeCycle=0,cur_changeCycle=0,to_view=103
info|2019-11-13 16:58:26.761198|[g:1][CONSENSUS]addRawPrepare,height=5,reqIdx=3,hash=8d4c4df6...
info|2019-11-13 16:58:26.762945|[g:1][CONSENSUS][PBFT]checkTimeout Succ,view=103,toView=104,nodeIdx=1,changeCycle=0,myNode=6a73c813...,timecost=1.693
info|2019-11-13 16:58:26.770343|[g:1][CONSENSUS][PBFT]checkAndChangeView: Reach consensus,org_view=103,org_changeCycle=0,cur_changeCycle=0,to_view=104
info|2019-11-13 16:58:27.774077|[g:1][CONSENSUS]addRawPrepare,height=5,reqIdx=0,hash=b3cd2f5a...
info|2019-11-13 16:58:27.774345|[g:1][CONSENSUS][PBFT]checkTimeout Succ,view=104,toView=105,nodeIdx=1,changeCycle=0,myNode=6a73c813...,timecost=0.244
info|2019-11-13 16:58:27.777617|[g:1][CONSENSUS][PBFT]checkAndChangeView: Reach consensus,org_view=104,org_changeCycle=0,cur_changeCycle=0,to_view=105
info|2019-11-13 16:58:28.778313|[g:1][CONSENSUS][SEALER]++++++++++++++++ Generating seal on,blkNum=5,tx=0,nodeIdx=1,hash=3c905b40...
info|2019-11-13 16:58:28.795734|[g:1][CONSENSUS][PBFT]checkTimeout Succ,view=105,toView=106,nodeIdx=1,changeCycle=0,myNode=6a73c813...,timecost=0.429
info|2019-11-13 16:58:28.798924|[g:1][CONSENSUS][PBFT]checkAndChangeView: Reach consensus,org_view=105,org_changeCycle=0,cur_changeCycle=0,to_view=106
info|2019-11-13 16:58:29.813401|[g:1][CONSENSUS]addRawPrepare,height=5,reqIdx=2,hash=5afd9a26...
info|2019-11-13 16:58:29.826226|[g:1][CONSENSUS][PBFT]checkTimeout Succ,view=106,toView=107,nodeIdx=1,changeCycle=0,myNode=6a73c813...,timecost=12.241
info|2019-11-13 16:58:29.839209|[g:1][CONSENSUS][PBFT]checkAndChangeView: Reach consensus,org_view=106,org_changeCycle=0,cur_changeCycle=0,to_view=107
info|2019-11-13 16:58:30.843635|[g:1][CONSENSUS]addRawPrepare,height=5,reqIdx=3,hash=bcbfee99...
info|2019-11-13 16:58:30.845653|[g:1][CONSENSUS][PBFT]checkTimeout Succ,view=107,toView=108,nodeIdx=1,changeCycle=0,myNode=6a73c813...,timecost=1.975
info|2019-11-13 16:58:30.849247|[g:1][CONSENSUS][PBFT]checkAndChangeView: Reach consensus,org_view=107,org_changeCycle=0,cur_changeCycle=0,to_view=108
info|2019-11-13 16:58:31.295535|[P2P][Service] heartBeat,connected count=4
info|2019-11-13 16:58:31.868805|[g:1][CONSENSUS]addRawPrepare,height=5,reqIdx=0,hash=9aa7246f...
info|2019-11-13 16:58:31.886868|[g:1][CONSENSUS][PBFT]checkTimeout Succ,view=108,toView=109,nodeIdx=1,changeCycle=0,myNode=6a73c813...,timecost=16.302
info|2019-11-13 16:58:31.909793|[g:1][CONSENSUS][PBFT]checkAndChangeView: Reach consensus,org_view=108,org_changeCycle=0,cur_changeCycle=0,to_view=109
info|2019-11-13 16:58:32.912758|[g:1][CONSENSUS][SEALER]++++++++++++++++ Generating seal on,blkNum=5,tx=0,nodeIdx=1,hash=1bb57c4b...
info|2019-11-13 16:58:32.922427|[g:1][CONSENSUS][PBFT]checkTimeout Succ,view=109,toView=110,nodeIdx=1,changeCycle=0,myNode=6a73c813...,timecost=0.319
info|2019-11-13 16:58:32.924009|[g:1][CONSENSUS][PBFT]checkAndChangeView: Reach consensus,org_view=109,org_changeCycle=0,cur_changeCycle=0,to_view=110
info|2019-11-13 16:58:33.922615|[g:1][CONSENSUS]addRawPrepare,height=5,reqIdx=2,hash=fba5efec...
info|2019-11-13 16:58:33.922857|[g:1][CONSENSUS][PBFT]checkTimeout Succ,view=110,toView=111,nodeIdx=1,changeCycle=0,myNode=6a73c813...,timecost=0.219
info|2019-11-13 16:58:33.927812|[g:1][CONSENSUS][PBFT]checkAndChangeView: Reach consensus,org_view=110,org_changeCycle=0,cur_changeCycle=0,to_view=111
info|2019-11-13 16:58:34.930816|[g:1][CONSENSUS]addRawPrepare,height=5,reqIdx=3,hash=29d7f2c6...
info|2019-11-13 16:58:34.931091|[g:1][CONSENSUS][PBFT]checkTimeout Succ,view=111,toView=112,nodeIdx=1,changeCycle=0,myNode=6a73c813...,timecost=0.239
info|2019-11-13 16:58:34.943807|[g:1][CONSENSUS][PBFT]checkAndChangeView: Reach consensus,org_view=111,org_changeCycle=0,cur_changeCycle=0,to_view=112
info|2019-11-13 16:58:35.955108|[g:1][CONSENSUS]addRawPrepare,height=5,reqIdx=0,hash=28aea0f4...
info|2019-11-13 16:58:35.955395|[g:1][CONSENSUS][PBFT]checkTimeout Succ,view=112,toView=113,nodeIdx=1,changeCycle=0,myNode=6a73c813...,timecost=0.221
info|2019-11-13 16:58:35.977947|[g:1][CONSENSUS][PBFT]checkAndChangeView: Reach consensus,org_view=112,org_changeCycle=0,cur_changeCycle=0,to_view=113
info|2019-11-13 16:58:36.984208|[g:1][CONSENSUS][SEALER]++++++++++++++++ Generating seal on,blkNum=5,tx=0,nodeIdx=1,hash=fbcfd26a...
info|2019-11-13 16:58:36.999675|[g:1][CONSENSUS][PBFT]checkTimeout Succ,view=113,toView=114,nodeIdx=1,changeCycle=0,myNode=6a73c813...,timecost=0.779
info|2019-11-13 16:58:37.005736|[g:1][CONSENSUS][PBFT]checkAndChangeView: Reach consensus,org_view=113,org_changeCycle=0,cur_changeCycle=0,to_view=114
info|2019-11-13 16:58:38.005624|[g:1][CONSENSUS]addRawPrepare,height=5,reqIdx=2,hash=48b6a9bf...
info|2019-11-13 16:58:38.006154|[g:1][CONSENSUS][PBFT]checkTimeout Succ,view=114,toView=115,nodeIdx=1,changeCycle=0,myNode=6a73c813...,timecost=0.439
info|2019-11-13 16:58:38.019530|[g:1][CONSENSUS][PBFT]checkAndChangeView: Reach consensus,org_view=114,org_changeCycle=0,cur_changeCycle=0,to_view=115
info|2019-11-13 16:58:39.021972|[g:1][CONSENSUS]addRawPrepare,height=5,reqIdx=3,hash=9cf87e47...
info|2019-11-13 16:58:39.027283|[g:1][CONSENSUS][PBFT]checkTimeout Succ,view=115,toView=116,nodeIdx=1,changeCycle=0,myNode=6a73c813...,timecost=5.2
info|2019-11-13 16:58:39.030071|[g:1][CONSENSUS][PBFT]checkAndChangeView: Reach consensus,org_view=115,org_changeCycle=0,cur_changeCycle=0,to_view=116
info|2019-11-13 16:58:40.057165|[g:1][CONSENSUS]addRawPrepare,height=5,reqIdx=0,hash=870eb1d4...
info|2019-11-13 16:58:40.057497|[g:1][CONSENSUS][PBFT]checkTimeout Succ,view=116,toView=117,nodeIdx=1,changeCycle=0,myNode=6a73c813...,timecost=0.308
info|2019-11-13 16:58:40.072786|[g:1][CONSENSUS][PBFT]checkAndChangeView: Reach consensus,org_view=116,org_changeCycle=0,cur_changeCycle=0,to_view=117
info|2019-11-13 16:58:41.076226|[g:1][CONSENSUS][SEALER]++++++++++++++++ Generating seal on,blkNum=5,tx=0,nodeIdx=1,hash=87523501...
info|2019-11-13 16:58:41.106604|[g:1][CONSENSUS][PBFT]checkTimeout Succ,view=117,toView=118,nodeIdx=1,changeCycle=0,myNode=6a73c813...,timecost=0.346
info|2019-11-13 16:58:41.110274|[g:1][CONSENSUS][PBFT]checkAndChangeView: Reach consensus,org_view=117,org_changeCycle=0,cur_changeCycle=0,to_view=118
info|2019-11-13 16:58:41.295785|[P2P][Service] heartBeat,connected count=4
info|2019-11-13 16:58:42.099361|[g:1][CONSENSUS]addRawPrepare,height=5,reqIdx=2,hash=eacfed14...
info|2019-11-13 16:58:42.102859|[g:1][CONSENSUS][PBFT]checkTimeout Succ,view=118,toView=119,nodeIdx=1,changeCycle=0,myNode=6a73c813...,timecost=3.421
info|2019-11-13 16:58:42.105238|[g:1][CONSENSUS][PBFT]checkAndChangeView: Reach consensus,org_view=118,org_changeCycle=0,cur_changeCycle=0,to_view=119
info|2019-11-13 16:58:43.106413|[g:1][CONSENSUS]addRawPrepare,height=5,reqIdx=3,hash=d08d7ab1...
info|2019-11-13 16:58:43.106664|[g:1][CONSENSUS][PBFT]checkTimeout Succ,view=119,toView=120,nodeIdx=1,changeCycle=0,myNode=6a73c813...,timecost=0.221
info|2019-11-13 16:58:43.110781|[g:1][CONSENSUS][PBFT]checkAndChangeView: Reach consensus,org_view=119,org_changeCycle=0,cur_changeCycle=0,to_view=120
info|2019-11-13 16:58:44.121182|[g:1][CONSENSUS]addRawPrepare,height=5,reqIdx=0,hash=eb77ead2...
info|2019-11-13 16:58:44.121448|[g:1][CONSENSUS][PBFT]checkTimeout Succ,view=120,toView=121,nodeIdx=1,changeCycle=0,myNode=6a73c813...,timecost=0.231
info|2019-11-13 16:58:44.125060|[g:1][CONSENSUS][PBFT]checkAndChangeView: Reach consensus,org_view=120,org_changeCycle=0,cur_changeCycle=0,to_view=121
info|2019-11-13 16:58:45.126731|[g:1][CONSENSUS][SEALER]++++++++++++++++ Generating seal on,blkNum=5,tx=0,nodeIdx=1,hash=fb55ce3f...
info|2019-11-13 16:58:45.144603|[g:1][CONSENSUS][PBFT]checkTimeout Succ,view=121,toView=122,nodeIdx=1,changeCycle=0,myNode=6a73c813...,timecost=0.243
info|2019-11-13 16:58:45.145639|[g:1][CONSENSUS][PBFT]checkAndChangeView: Reach consensus,org_view=121,org_changeCycle=0,cur_changeCycle=0,to_view=122
info|2019-11-13 16:58:46.149532|[g:1][CONSENSUS]addRawPrepare,height=5,reqIdx=2,hash=d2280309...
info|2019-11-13 16:58:46.149822|[g:1][CONSENSUS][PBFT]checkTimeout Succ,view=122,toView=123,nodeIdx=1,changeCycle=0,myNode=6a73c813...,timecost=0.254
info|2019-11-13 16:58:46.155878|[g:1][CONSENSUS][PBFT]checkAndChangeView: Reach consensus,org_view=122,org_changeCycle=0,cur_changeCycle=0,to_view=123
info|2019-11-13 16:58:47.160596|[g:1][CONSENSUS]addRawPrepare,height=5,reqIdx=3,hash=accea413...
info|2019-11-13 16:58:47.160851|[g:1][CONSENSUS][PBFT]checkTimeout Succ,view=123,toView=124,nodeIdx=1,changeCycle=0,myNode=6a73c813...,timecost=0.223
info|2019-11-13 16:58:47.165021|[g:1][CONSENSUS][PBFT]checkAndChangeView: Reach consensus,org_view=123,org_changeCycle=0,cur_changeCycle=0,to_view=124
info|2019-11-13 16:58:48.169901|[g:1][CONSENSUS]addRawPrepare,height=5,reqIdx=0,hash=32f0a59b...
info|2019-11-13 16:58:48.170299|[g:1][CONSENSUS][PBFT]checkTimeout Succ,view=124,toView=125,nodeIdx=1,changeCycle=0,myNode=6a73c813...,timecost=0.348
info|2019-11-13 16:58:48.174556|[g:1][CONSENSUS][PBFT]checkAndChangeView: Reach consensus,org_view=124,org_changeCycle=0,cur_changeCycle=0,to_view=125
info|2019-11-13 16:58:49.175008|[g:1][CONSENSUS][SEALER]++++++++++++++++ Generating seal on,blkNum=5,tx=0,nodeIdx=1,hash=c11152af...
info|2019-11-13 16:58:49.182881|[g:1][CONSENSUS][PBFT]checkTimeout Succ,view=125,toView=126,nodeIdx=1,changeCycle=0,myNode=6a73c813...,timecost=0.33
info|2019-11-13 16:58:49.186014|[g:1][CONSENSUS][PBFT]checkAndChangeView: Reach consensus,org_view=125,org_changeCycle=0,cur_changeCycle=0,to_view=126
info|2019-11-13 16:58:50.183098|[g:1][CONSENSUS]addRawPrepare,height=5,reqIdx=2,hash=0a719947...
info|2019-11-13 16:58:50.183359|[g:1][CONSENSUS][PBFT]checkTimeout Succ,view=126,toView=127,nodeIdx=1,changeCycle=0,myNode=6a73c813...,timecost=0.229
info|2019-11-13 16:58:50.186729|[g:1][CONSENSUS][PBFT]checkAndChangeView: Reach consensus,org_view=126,org_changeCycle=0,cur_changeCycle=0,to_view=127
info|2019-11-13 16:58:51.191570|[g:1][CONSENSUS]addRawPrepare,height=5,reqIdx=3,hash=a125cd96...
info|2019-11-13 16:58:51.191917|[g:1][CONSENSUS][PBFT]checkTimeout Succ,view=127,toView=128,nodeIdx=1,changeCycle=0,myNode=6a73c813...,timecost=0.3
info|2019-11-13 16:58:51.194384|[g:1][CONSENSUS][PBFT]checkAndChangeView: Reach consensus,org_view=127,org_changeCycle=0,cur_changeCycle=0,to_view=128
info|2019-11-13 16:58:51.296189|[P2P][Service] heartBeat,connected count=4
info|2019-11-13 16:58:52.198637|[g:1][CONSENSUS]addRawPrepare,height=5,reqIdx=0,hash=1a2625c6...
info|2019-11-13 16:58:52.198974|[g:1][CONSENSUS][PBFT]checkTimeout Succ,view=128,toView=129,nodeIdx=1,changeCycle=0,myNode=6a73c813...,timecost=0.308
info|2019-11-13 16:58:52.201279|[g:1][CONSENSUS][PBFT]checkAndChangeView: Reach consensus,org_view=128,org_changeCycle=0,cur_changeCycle=0,to_view=129
info|2019-11-13 16:58:53.202236|[g:1][CONSENSUS][SEALER]++++++++++++++++ Generating seal on,blkNum=5,tx=0,nodeIdx=1,hash=2ef39a61...
info|2019-11-13 16:58:53.212024|[g:1][CONSENSUS][PBFT]checkTimeout Succ,view=129,toView=130,nodeIdx=1,changeCycle=0,myNode=6a73c813...,timecost=0.268
info|2019-11-13 16:58:53.213090|[g:1][CONSENSUS][PBFT]checkAndChangeView: Reach consensus,org_view=129,org_changeCycle=0,cur_changeCycle=0,to_view=130
info|2019-11-13 16:58:54.212454|[g:1][CONSENSUS]addRawPrepare,height=5,reqIdx=2,hash=a27f6ee8...
info|2019-11-13 16:58:54.212754|[g:1][CONSENSUS][PBFT]checkTimeout Succ,view=130,toView=131,nodeIdx=1,changeCycle=0,myNode=6a73c813...,timecost=0.274
info|2019-11-13 16:58:54.214293|[g:1][CONSENSUS][PBFT]checkAndChangeView: Reach consensus,org_view=130,org_changeCycle=0,cur_changeCycle=0,to_view=131
info|2019-11-13 16:58:55.219974|[g:1][CONSENSUS]addRawPrepare,height=5,reqIdx=3,hash=d074825b...
info|2019-11-13 16:58:55.220328|[g:1][CONSENSUS][PBFT]checkTimeout Succ,view=131,toView=132,nodeIdx=1,changeCycle=0,myNode=6a73c813...,timecost=0.269
info|2019-11-13 16:58:55.223506|[g:1][CONSENSUS][PBFT]checkAndChangeView: Reach consensus,org_view=131,org_changeCycle=0,cur_changeCycle=0,to_view=132
info|2019-11-13 16:58:56.227584|[g:1][CONSENSUS]addRawPrepare,height=5,reqIdx=0,hash=6413e095...
info|2019-11-13 16:58:56.227912|[g:1][CONSENSUS][PBFT]checkTimeout Succ,view=132,toView=133,nodeIdx=1,changeCycle=0,myNode=6a73c813...,timecost=0.297
info|2019-11-13 16:58:56.229919|[g:1][CONSENSUS][PBFT]checkAndChangeView: Reach consensus,org_view=132,org_changeCycle=0,cur_changeCycle=0,to_view=133
info|2019-11-13 16:58:57.231867|[g:1][CONSENSUS][SEALER]++++++++++++++++ Generating seal on,blkNum=5,tx=0,nodeIdx=1,hash=20167978...
info|2019-11-13 16:58:57.239883|[g:1][CONSENSUS][PBFT]checkTimeout Succ,view=133,toView=134,nodeIdx=1,changeCycle=0,myNode=6a73c813...,timecost=0.226
info|2019-11-13 16:58:57.240951|[g:1][CONSENSUS][PBFT]checkAndChangeView: Reach consensus,org_view=133,org_changeCycle=0,cur_changeCycle=0,to_view=134
info|2019-11-13 16:58:58.241654|[g:1][CONSENSUS]addRawPrepare,height=5,reqIdx=2,hash=87d692bd...
info|2019-11-13 16:58:58.241900|[g:1][CONSENSUS][PBFT]checkTimeout Succ,view=134,toView=135,nodeIdx=1,changeCycle=0,myNode=6a73c813...,timecost=0.216
info|2019-11-13 16:58:58.243429|[g:1][CONSENSUS][PBFT]checkAndChangeView: Reach consensus,org_view=134,org_changeCycle=0,cur_changeCycle=0,to_view=135
info|2019-11-13 16:58:59.247789|[g:1][CONSENSUS]addRawPrepare,height=5,reqIdx=3,hash=4db08a92...
info|2019-11-13 16:58:59.248056|[g:1][CONSENSUS][PBFT]checkTimeout Succ,view=135,toView=136,nodeIdx=1,changeCycle=0,myNode=6a73c813...,timecost=0.236
info|2019-11-13 16:58:59.252181|[g:1][CONSENSUS][PBFT]checkAndChangeView: Reach consensus,org_view=135,org_changeCycle=0,cur_changeCycle=0,to_view=136
info|2019-11-13 16:59:00.261513|[g:1][CONSENSUS]addRawPrepare,height=5,reqIdx=0,hash=1a686c76...
info|2019-11-13 16:59:00.264897|[g:1][CONSENSUS][PBFT]checkTimeout Succ,view=136,toView=137,nodeIdx=1,changeCycle=0,myNode=6a73c813...,timecost=3.315
info|2019-11-13 16:59:00.271701|[g:1][CONSENSUS][PBFT]checkAndChangeView: Reach consensus,org_view=136,org_changeCycle=0,cur_changeCycle=0,to_view=137
info|2019-11-13 16:59:01.281008|[g:1][CONSENSUS][SEALER]++++++++++++++++ Generating seal on,blkNum=5,tx=0,nodeIdx=1,hash=c0ea0e38...
info|2019-11-13 16:59:01.290278|[g:1][CONSENSUS][PBFT]checkTimeout Succ,view=137,toView=138,nodeIdx=1,changeCycle=0,myNode=6a73c813...,timecost=0.234
info|2019-11-13 16:59:01.291296|[g:1][CONSENSUS][PBFT]checkAndChangeView: Reach consensus,org_view=137,org_changeCycle=0,cur_changeCycle=0,to_view=138
info|2019-11-13 16:59:01.296655|[P2P][Service] heartBeat,connected count=4
info|2019-11-13 16:59:02.288833|[g:1][CONSENSUS]addRawPrepare,height=5,reqIdx=2,hash=844e6371...
info|2019-11-13 16:59:02.289188|[g:1][CONSENSUS][PBFT]checkTimeout Succ,view=138,toView=139,nodeIdx=1,changeCycle=0,myNode=6a73c813...,timecost=0.324
info|2019-11-13 16:59:02.294228|[g:1][CONSENSUS][PBFT]checkAndChangeView: Reach consensus,org_view=138,org_changeCycle=0,cur_changeCycle=0,to_view=139
info|2019-11-13 16:59:03.299667|[g:1][CONSENSUS]addRawPrepare,height=5,reqIdx=3,hash=77a925f6...
info|2019-11-13 16:59:03.299999|[g:1][CONSENSUS][PBFT]checkTimeout Succ,view=139,toView=140,nodeIdx=1,changeCycle=0,myNode=6a73c813...,timecost=0.31
info|2019-11-13 16:59:03.301400|[g:1][CONSENSUS][PBFT]checkAndChangeView: Reach consensus,org_view=139,org_changeCycle=0,cur_changeCycle=0,to_view=140
info|2019-11-13 16:59:04.306214|[g:1][CONSENSUS]addRawPrepare,height=5,reqIdx=0,hash=559b57d0...
info|2019-11-13 16:59:04.306551|[g:1][CONSENSUS][PBFT]checkTimeout Succ,view=140,toView=141,nodeIdx=1,changeCycle=0,myNode=6a73c813...,timecost=0.308
info|2019-11-13 16:59:04.309267|[g:1][CONSENSUS][PBFT]checkAndChangeView: Reach consensus,org_view=140,org_changeCycle=0,cur_changeCycle=0,to_view=141
info|2019-11-13 16:59:05.310019|[g:1][CONSENSUS][SEALER]++++++++++++++++ Generating seal on,blkNum=5,tx=0,nodeIdx=1,hash=69861765...
info|2019-11-13 16:59:05.325993|[g:1][CONSENSUS][PBFT]checkTimeout Succ,view=141,toView=142,nodeIdx=1,changeCycle=0,myNode=6a73c813...,timecost=0.762
info|2019-11-13 16:59:05.327776|[g:1][CONSENSUS][PBFT]checkAndChangeView: Reach consensus,org_view=141,org_changeCycle=0,cur_changeCycle=0,to_view=142
info|2019-11-13 16:59:06.325214|[g:1][CONSENSUS]addRawPrepare,height=5,reqIdx=2,hash=3b77b72f...
info|2019-11-13 16:59:06.325525|[g:1][CONSENSUS][PBFT]checkTimeout Succ,view=142,toView=143,nodeIdx=1,changeCycle=0,myNode=6a73c813...,timecost=0.287
info|2019-11-13 16:59:06.329866|[g:1][CONSENSUS][PBFT]checkAndChangeView: Reach consensus,org_view=142,org_changeCycle=0,cur_changeCycle=0,to_view=143
info|2019-11-13 16:59:07.334455|[g:1][CONSENSUS]addRawPrepare,height=5,reqIdx=3,hash=0d306a9a...
info|2019-11-13 16:59:07.334745|[g:1][CONSENSUS][PBFT]checkTimeout Succ,view=143,toView=144,nodeIdx=1,changeCycle=0,myNode=6a73c813...,timecost=0.258
info|2019-11-13 16:59:07.337165|[g:1][CONSENSUS][PBFT]checkAndChangeView: Reach consensus,org_view=143,org_changeCycle=0,cur_changeCycle=0,to_view=144
info|2019-11-13 16:59:08.341583|[g:1][CONSENSUS]addRawPrepare,height=5,reqIdx=0,hash=da50f7fc...
info|2019-11-13 16:59:08.341862|[g:1][CONSENSUS][PBFT]checkTimeout Succ,view=144,toView=145,nodeIdx=1,changeCycle=0,myNode=6a73c813...,timecost=0.245
info|2019-11-13 16:59:08.344062|[g:1][CONSENSUS][PBFT]checkAndChangeView: Reach consensus,org_view=144,org_changeCycle=0,cur_changeCycle=0,to_view=145
info|2019-11-13 16:59:09.347647|[g:1][CONSENSUS][SEALER]++++++++++++++++ Generating seal on,blkNum=5,tx=0,nodeIdx=1,hash=0e0c5b1b...
info|2019-11-13 16:59:09.363910|[g:1][CONSENSUS][PBFT]checkTimeout Succ,view=145,toView=146,nodeIdx=1,changeCycle=0,myNode=6a73c813...,timecost=0.568
info|2019-11-13 16:59:09.368584|[g:1][CONSENSUS][PBFT]checkAndChangeView: Reach consensus,org_view=145,org_changeCycle=0,cur_changeCycle=0,to_view=146
info|2019-11-13 16:59:10.364737|[g:1][CONSENSUS]addRawPrepare,height=5,reqIdx=2,hash=94197c15...
info|2019-11-13 16:59:10.365008|[g:1][CONSENSUS][PBFT]checkTimeout Succ,view=146,toView=147,nodeIdx=1,changeCycle=0,myNode=6a73c813...,timecost=0.232
info|2019-11-13 16:59:10.368089|[g:1][CONSENSUS][PBFT]checkAndChangeView: Reach consensus,org_view=146,org_changeCycle=0,cur_changeCycle=0,to_view=147
info|2019-11-13 16:59:11.297721|[P2P][Service] heartBeat,connected count=4
info|2019-11-13 16:59:11.374201|[g:1][CONSENSUS]addRawPrepare,height=5,reqIdx=3,hash=e59111fd...
info|2019-11-13 16:59:11.374462|[g:1][CONSENSUS][PBFT]checkTimeout Succ,view=147,toView=148,nodeIdx=1,changeCycle=0,myNode=6a73c813...,timecost=0.218
info|2019-11-13 16:59:11.377038|[g:1][CONSENSUS][PBFT]checkAndChangeView: Reach consensus,org_view=147,org_changeCycle=0,cur_changeCycle=0,to_view=148
info|2019-11-13 16:59:12.380000|[g:1][CONSENSUS]addRawPrepare,height=5,reqIdx=0,hash=84c7ba20...
info|2019-11-13 16:59:12.380241|[g:1][CONSENSUS][PBFT]checkTimeout Succ,view=148,toView=149,nodeIdx=1,changeCycle=0,myNode=6a73c813...,timecost=0.219
info|2019-11-13 16:59:12.384009|[g:1][CONSENSUS][PBFT]checkAndChangeView: Reach consensus,org_view=148,org_changeCycle=0,cur_changeCycle=0,to_view=149
info|2019-11-13 16:59:13.388521|[g:1][CONSENSUS][SEALER]++++++++++++++++ Generating seal on,blkNum=5,tx=0,nodeIdx=1,hash=7e75f9d4...
info|2019-11-13 16:59:13.396083|[g:1][CONSENSUS][PBFT]checkTimeout Succ,view=149,toView=150,nodeIdx=1,changeCycle=0,myNode=6a73c813...,timecost=0.339
info|2019-11-13 16:59:13.396972|[g:1][CONSENSUS][PBFT]checkAndChangeView: Reach consensus,org_view=149,org_changeCycle=0,cur_changeCycle=0,to_view=150
info|2019-11-13 16:59:14.398148|[g:1][CONSENSUS]addRawPrepare,height=5,reqIdx=2,hash=1904255a...
info|2019-11-13 16:59:14.398435|[g:1][CONSENSUS][PBFT]checkTimeout Succ,view=150,toView=151,nodeIdx=1,changeCycle=0,myNode=6a73c813...,timecost=0.255
info|2019-11-13 16:59:14.400789|[g:1][CONSENSUS][PBFT]checkAndChangeView: Reach consensus,org_view=150,org_changeCycle=0,cur_changeCycle=0,to_view=151
info|2019-11-13 16:59:15.405617|[g:1][CONSENSUS]addRawPrepare,height=5,reqIdx=3,hash=6fc744c8...
info|2019-11-13 16:59:15.405863|[g:1][CONSENSUS][PBFT]checkTimeout Succ,view=151,toView=152,nodeIdx=1,changeCycle=0,myNode=6a73c813...,timecost=0.221
info|2019-11-13 16:59:15.409357|[g:1][CONSENSUS][PBFT]checkAndChangeView: Reach consensus,org_view=151,org_changeCycle=0,cur_changeCycle=0,to_view=152
info|2019-11-13 16:59:16.412214|[g:1][CONSENSUS]addRawPrepare,height=5,reqIdx=0,hash=f1ea471c...
info|2019-11-13 16:59:16.412517|[g:1][CONSENSUS][PBFT]checkTimeout Succ,view=152,toView=153,nodeIdx=1,changeCycle=0,myNode=6a73c813...,timecost=0.266
info|2019-11-13 16:59:16.418308|[g:1][CONSENSUS][PBFT]checkAndChangeView: Reach consensus,org_view=152,org_changeCycle=0,cur_changeCycle=0,to_view=153
info|2019-11-13 16:59:17.418608|[g:1][CONSENSUS][SEALER]++++++++++++++++ Generating seal on,blkNum=5,tx=0,nodeIdx=1,hash=d42454c5...
info|2019-11-13 16:59:17.426309|[g:1][CONSENSUS][PBFT]checkTimeout Succ,view=153,toView=154,nodeIdx=1,changeCycle=0,myNode=6a73c813...,timecost=0.243
info|2019-11-13 16:59:17.427374|[g:1][CONSENSUS][PBFT]checkAndChangeView: Reach consensus,org_view=153,org_changeCycle=0,cur_changeCycle=0,to_view=154
info|2019-11-13 16:59:18.432147|[g:1][CONSENSUS]addRawPrepare,height=5,reqIdx=2,hash=8fe541b4...
info|2019-11-13 16:59:18.432577|[g:1][CONSENSUS][PBFT]checkTimeout Succ,view=154,toView=155,nodeIdx=1,changeCycle=0,myNode=6a73c813...,timecost=0.319
info|2019-11-13 16:59:18.435978|[g:1][CONSENSUS][PBFT]checkAndChangeView: Reach consensus,org_view=154,org_changeCycle=0,cur_changeCycle=0,to_view=155
info|2019-11-13 16:59:19.440080|[g:1][CONSENSUS]addRawPrepare,height=5,reqIdx=3,hash=b28ea13e...
info|2019-11-13 16:59:19.440585|[g:1][CONSENSUS][PBFT]checkTimeout Succ,view=155,toView=156,nodeIdx=1,changeCycle=0,myNode=6a73c813...,timecost=0.466
info|2019-11-13 16:59:19.452562|[g:1][CONSENSUS][PBFT]checkAndChangeView: Reach consensus,org_view=155,org_changeCycle=0,cur_changeCycle=0,to_view=156
info|2019-11-13 16:59:20.464524|[g:1][CONSENSUS]addRawPrepare,height=5,reqIdx=0,hash=1fe9b58f...
info|2019-11-13 16:59:20.464823|[g:1][CONSENSUS][PBFT]checkTimeout Succ,view=156,toView=157,nodeIdx=1,changeCycle=0,myNode=6a73c813...,timecost=0.252
info|2019-11-13 16:59:20.471551|[g:1][CONSENSUS][PBFT]checkAndChangeView: Reach consensus,org_view=156,org_changeCycle=0,cur_changeCycle=0,to_view=157
info|2019-11-13 16:59:21.298352|[P2P][Service] heartBeat,connected count=4
info|2019-11-13 16:59:21.474233|[g:1][CONSENSUS][SEALER]++++++++++++++++ Generating seal on,blkNum=5,tx=0,nodeIdx=1,hash=a761e83c...
info|2019-11-13 16:59:21.487685|[g:1][CONSENSUS][PBFT]checkTimeout Succ,view=157,toView=158,nodeIdx=1,changeCycle=0,myNode=6a73c813...,timecost=0.237
info|2019-11-13 16:59:21.488883|[g:1][CONSENSUS][PBFT]checkAndChangeView: Reach consensus,org_view=157,org_changeCycle=0,cur_changeCycle=0,to_view=158
info|2019-11-13 16:59:22.487648|[g:1][CONSENSUS]addRawPrepare,height=5,reqIdx=2,hash=ce4447e2...
info|2019-11-13 16:59:22.487887|[g:1][CONSENSUS][PBFT]checkTimeout Succ,view=158,toView=159,nodeIdx=1,changeCycle=0,myNode=6a73c813...,timecost=0.212
info|2019-11-13 16:59:22.493351|[g:1][CONSENSUS][PBFT]checkAndChangeView: Reach consensus,org_view=158,org_changeCycle=0,cur_changeCycle=0,to_view=159
info|2019-11-13 16:59:23.503993|[g:1][CONSENSUS]addRawPrepare,height=5,reqIdx=3,hash=33339533...
info|2019-11-13 16:59:23.504310|[g:1][CONSENSUS][PBFT]checkTimeout Succ,view=159,toView=160,nodeIdx=1,changeCycle=0,myNode=6a73c813...,timecost=0.291
info|2019-11-13 16:59:23.509762|[g:1][CONSENSUS][PBFT]checkAndChangeView: Reach consensus,org_view=159,org_changeCycle=0,cur_changeCycle=0,to_view=160
info|2019-11-13 16:59:24.514247|[g:1][CONSENSUS]addRawPrepare,height=5,reqIdx=0,hash=74f1067f...
info|2019-11-13 16:59:24.514822|[g:1][CONSENSUS][PBFT]checkTimeout Succ,view=160,toView=161,nodeIdx=1,changeCycle=0,myNode=6a73c813...,timecost=0.542
info|2019-11-13 16:59:24.517829|[g:1][CONSENSUS][PBFT]checkAndChangeView: Reach consensus,org_view=160,org_changeCycle=0,cur_changeCycle=0,to_view=161
info|2019-11-13 16:59:25.518416|[g:1][CONSENSUS][SEALER]++++++++++++++++ Generating seal on,blkNum=5,tx=0,nodeIdx=1,hash=02d68a98...
info|2019-11-13 16:59:25.526415|[g:1][CONSENSUS][PBFT]checkTimeout Succ,view=161,toView=162,nodeIdx=1,changeCycle=0,myNode=6a73c813...,timecost=0.254
info|2019-11-13 16:59:25.527651|[g:1][CONSENSUS][PBFT]checkAndChangeView: Reach consensus,org_view=161,org_changeCycle=0,cur_changeCycle=0,to_view=162
info|2019-11-13 16:59:26.528157|[g:1][CONSENSUS]addRawPrepare,height=5,reqIdx=2,hash=6e078a4e...
info|2019-11-13 16:59:26.528665|[g:1][CONSENSUS][PBFT]checkTimeout Succ,view=162,toView=163,nodeIdx=1,changeCycle=0,myNode=6a73c813...,timecost=0.566
info|2019-11-13 16:59:26.538289|[g:1][CONSENSUS][PBFT]checkAndChangeView: Reach consensus,org_view=162,org_changeCycle=0,cur_changeCycle=0,to_view=163
info|2019-11-13 16:59:27.542626|[g:1][CONSENSUS]addRawPrepare,height=5,reqIdx=3,hash=52fdf766...
info|2019-11-13 16:59:27.542934|[g:1][CONSENSUS][PBFT]checkTimeout Succ,view=163,toView=164,nodeIdx=1,changeCycle=0,myNode=6a73c813...,timecost=0.292
info|2019-11-13 16:59:27.548386|[g:1][CONSENSUS][PBFT]checkAndChangeView: Reach consensus,org_view=163,org_changeCycle=0,cur_changeCycle=0,to_view=164
info|2019-11-13 16:59:28.557052|[g:1][CONSENSUS]addRawPrepare,height=5,reqIdx=0,hash=94ad77c4...
info|2019-11-13 16:59:28.560234|[g:1][CONSENSUS][PBFT]checkTimeout Succ,view=164,toView=165,nodeIdx=1,changeCycle=0,myNode=6a73c813...,timecost=3.155
info|2019-11-13 16:59:28.560926|[g:1][CONSENSUS][PBFT]checkAndChangeView: Reach consensus,org_view=164,org_changeCycle=0,cur_changeCycle=0,to_view=165
info|2019-11-13 16:59:29.560738|[g:1][CONSENSUS][SEALER]++++++++++++++++ Generating seal on,blkNum=5,tx=0,nodeIdx=1,hash=ed48a21a...
info|2019-11-13 16:59:29.580217|[g:1][CONSENSUS][PBFT]checkTimeout Succ,view=165,toView=166,nodeIdx=1,changeCycle=0,myNode=6a73c813...,timecost=2.629
info|2019-11-13 16:59:29.581738|[g:1][CONSENSUS][PBFT]checkAndChangeView: Reach consensus,org_view=165,org_changeCycle=0,cur_changeCycle=0,to_view=166
info|2019-11-13 16:59:30.578291|[g:1][CONSENSUS]addRawPrepare,height=5,reqIdx=2,hash=d4b06519...
info|2019-11-13 16:59:30.578623|[g:1][CONSENSUS][PBFT]checkTimeout Succ,view=166,toView=167,nodeIdx=1,changeCycle=0,myNode=6a73c813...,timecost=0.304
info|2019-11-13 16:59:30.585715|[g:1][CONSENSUS][PBFT]checkAndChangeView: Reach consensus,org_view=166,org_changeCycle=0,cur_changeCycle=0,to_view=167
info|2019-11-13 16:59:31.298624|[P2P][Service] heartBeat,connected count=4
info|2019-11-13 16:59:31.597008|[g:1][CONSENSUS]addRawPrepare,height=5,reqIdx=3,hash=e79c0c37...
info|2019-11-13 16:59:31.597243|[g:1][CONSENSUS][PBFT]checkTimeout Succ,view=167,toView=168,nodeIdx=1,changeCycle=0,myNode=6a73c813...,timecost=0.209
info|2019-11-13 16:59:31.602489|[g:1][CONSENSUS][PBFT]checkAndChangeView: Reach consensus,org_view=167,org_changeCycle=0,cur_changeCycle=0,to_view=168
info|2019-11-13 16:59:32.606467|[g:1][CONSENSUS]addRawPrepare,height=5,reqIdx=0,hash=94bb7f30...
info|2019-11-13 16:59:32.606731|[g:1][CONSENSUS][PBFT]checkTimeout Succ,view=168,toView=169,nodeIdx=1,changeCycle=0,myNode=6a73c813...,timecost=0.226
info|2019-11-13 16:59:32.618483|[g:1][CONSENSUS][PBFT]checkAndChangeView: Reach consensus,org_view=168,org_changeCycle=0,cur_changeCycle=0,to_view=169
info|2019-11-13 16:59:33.618409|[g:1][CONSENSUS][SEALER]++++++++++++++++ Generating seal on,blkNum=5,tx=0,nodeIdx=1,hash=809f07cc...
info|2019-11-13 16:59:33.649709|[g:1][CONSENSUS][PBFT]checkTimeout Succ,view=169,toView=170,nodeIdx=1,changeCycle=0,myNode=6a73c813...,timecost=0.292
info|2019-11-13 16:59:33.656519|[g:1][CONSENSUS][PBFT]checkAndChangeView: Reach consensus,org_view=169,org_changeCycle=0,cur_changeCycle=0,to_view=170
info|2019-11-13 16:59:34.649750|[g:1][CONSENSUS]addRawPrepare,height=5,reqIdx=2,hash=10284339...
info|2019-11-13 16:59:34.650090|[g:1][CONSENSUS][PBFT]checkTimeout Succ,view=170,toView=171,nodeIdx=1,changeCycle=0,myNode=6a73c813...,timecost=0.257
info|2019-11-13 16:59:34.696348|[g:1][CONSENSUS][PBFT]checkAndChangeView: Reach consensus,org_view=170,org_changeCycle=0,cur_changeCycle=0,to_view=171
info|2019-11-13 16:59:35.788481|[g:1][CONSENSUS]addRawPrepare,height=5,reqIdx=3,hash=4acc4b03...
info|2019-11-13 16:59:35.788870|[g:1][CONSENSUS][PBFT]checkTimeout Succ,view=171,toView=172,nodeIdx=1,changeCycle=0,myNode=6a73c813...,timecost=0.342
info|2019-11-13 16:59:35.806735|[g:1][CONSENSUS][PBFT]checkAndChangeView: Reach consensus,org_view=171,org_changeCycle=0,cur_changeCycle=0,to_view=172
info|2019-11-13 16:59:37.376460|[g:1][CONSENSUS]addRawPrepare,height=5,reqIdx=0,hash=ce3687e2...
info|2019-11-13 16:59:37.376795|[g:1][CONSENSUS][PBFT]checkTimeout Succ,view=172,toView=173,nodeIdx=1,changeCycle=0,myNode=6a73c813...,timecost=0.26
info|2019-11-13 16:59:37.383790|[g:1][CONSENSUS][PBFT]checkAndChangeView: Reach consensus,org_view=172,org_changeCycle=0,cur_changeCycle=0,to_view=173
info|2019-11-13 16:59:38.439671|[g:1][CONSENSUS][SEALER]++++++++++++++++ Generating seal on,blkNum=5,tx=0,nodeIdx=1,hash=1add3c2b...
info|2019-11-13 16:59:38.488696|[g:1][CONSENSUS][PBFT]checkTimeout Succ,view=173,toView=174,nodeIdx=1,changeCycle=0,myNode=6a73c813...,timecost=2.795
info|2019-11-13 16:59:38.555924|[g:1][CONSENSUS][PBFT]checkAndChangeView: Reach consensus,org_view=173,org_changeCycle=0,cur_changeCycle=0,to_view=174
info|2019-11-13 16:59:40.121130|[g:1][CONSENSUS]addRawPrepare,height=5,reqIdx=2,hash=cd3555bf...
info|2019-11-13 16:59:40.121456|[g:1][CONSENSUS][PBFT]checkTimeout Succ,view=174,toView=175,nodeIdx=1,changeCycle=0,myNode=6a73c813...,timecost=0.265
info|2019-11-13 16:59:40.158334|[g:1][CONSENSUS][PBFT]checkAndChangeView: Reach consensus,org_view=174,org_changeCycle=0,cur_changeCycle=0,to_view=175
info|2019-11-13 16:59:41.262959|[g:1][CONSENSUS]addRawPrepare,height=5,reqIdx=3,hash=15feb2c2...
info|2019-11-13 16:59:41.263281|[g:1][CONSENSUS][PBFT]checkTimeout Succ,view=175,toView=176,nodeIdx=1,changeCycle=0,myNode=6a73c813...,timecost=0.258
info|2019-11-13 16:59:41.282443|[g:1][CONSENSUS][PBFT]checkAndChangeView: Reach consensus,org_view=175,org_changeCycle=0,cur_changeCycle=0,to_view=176
info|2019-11-13 16:59:41.300209|[P2P][Service] heartBeat,connected count=4
info|2019-11-13 16:59:42.462412|[g:1][CONSENSUS]addRawPrepare,height=5,reqIdx=0,hash=c219e774...
info|2019-11-13 16:59:42.462843|[g:1][CONSENSUS][PBFT]checkTimeout Succ,view=176,toView=177,nodeIdx=1,changeCycle=0,myNode=6a73c813...,timecost=0.364
info|2019-11-13 16:59:42.500298|[g:1][CONSENSUS][PBFT]checkAndChangeView: Reach consensus,org_view=176,org_changeCycle=0,cur_changeCycle=0,to_view=177
info|2019-11-13 16:59:43.547029|[g:1][CONSENSUS][SEALER]++++++++++++++++ Generating seal on,blkNum=5,tx=0,nodeIdx=1,hash=e8bc1483...
info|2019-11-13 16:59:43.598237|[g:1][CONSENSUS][PBFT]checkTimeout Succ,view=177,toView=178,nodeIdx=1,changeCycle=0,myNode=6a73c813...,timecost=0.23
info|2019-11-13 16:59:43.602590|[g:1][CONSENSUS][PBFT]checkAndChangeView: Reach consensus,org_view=177,org_changeCycle=0,cur_changeCycle=0,to_view=178
info|2019-11-13 16:59:45.089899|[g:1][CONSENSUS]addRawPrepare,height=5,reqIdx=2,hash=8536540e...
info|2019-11-13 16:59:45.097966|[g:1][CONSENSUS][PBFT]checkTimeout Succ,view=178,toView=179,nodeIdx=1,changeCycle=0,myNode=6a73c813...,timecost=3.465
info|2019-11-13 16:59:45.175539|[g:1][CONSENSUS][PBFT]checkAndChangeView: Reach consensus,org_view=178,org_changeCycle=0,cur_changeCycle=0,to_view=179
info|2019-11-13 16:59:46.495631|[g:1][CONSENSUS]addRawPrepare,height=5,reqIdx=3,hash=e31b265f...
info|2019-11-13 16:59:46.503994|[g:1][CONSENSUS][PBFT]checkTimeout Succ,view=179,toView=180,nodeIdx=1,changeCycle=0,myNode=6a73c813...,timecost=2.688
info|2019-11-13 16:59:46.509387|[g:1][CONSENSUS][PBFT]checkAndChangeView: Reach consensus,org_view=179,org_changeCycle=0,cur_changeCycle=0,to_view=180
info|2019-11-13 16:59:47.770788|[g:1][CONSENSUS]addRawPrepare,height=5,reqIdx=0,hash=f85a0de7...
info|2019-11-13 16:59:47.779307|[g:1][CONSENSUS][PBFT]checkTimeout Succ,view=180,toView=181,nodeIdx=1,changeCycle=0,myNode=6a73c813...,timecost=8.316
info|2019-11-13 16:59:47.796765|[g:1][CONSENSUS][PBFT]checkAndChangeView: Reach consensus,org_view=180,org_changeCycle=0,cur_changeCycle=0,to_view=181
info|2019-11-13 16:59:49.026241|[g:1][CONSENSUS][SEALER]++++++++++++++++ Generating seal on,blkNum=5,tx=0,nodeIdx=1,hash=4ca28e76...
info|2019-11-13 16:59:49.056628|[g:1][CONSENSUS][PBFT]checkTimeout Succ,view=181,toView=182,nodeIdx=1,changeCycle=0,myNode=6a73c813...,timecost=0.244
info|2019-11-13 16:59:49.057884|[g:1][CONSENSUS][PBFT]checkAndChangeView: Reach consensus,org_view=181,org_changeCycle=0,cur_changeCycle=0,to_view=182
info|2019-11-13 16:59:50.355273|[g:1][CONSENSUS]addRawPrepare,height=5,reqIdx=2,hash=7f7d856a...
info|2019-11-13 16:59:50.401820|[g:1][CONSENSUS][PBFT]checkTimeout Succ,view=182,toView=183,nodeIdx=1,changeCycle=0,myNode=6a73c813...,timecost=42.179
info|2019-11-13 16:59:50.412240|[g:1][CONSENSUS][PBFT]checkAndChangeView: Reach consensus,org_view=182,org_changeCycle=0,cur_changeCycle=0,to_view=183
info|2019-11-13 16:59:51.313138|[P2P][Service] heartBeat,connected count=4
info|2019-11-13 16:59:51.470117|[g:1][CONSENSUS]addRawPrepare,height=5,reqIdx=3,hash=e9eb343a...
info|2019-11-13 16:59:51.470496|[g:1][CONSENSUS][PBFT]checkTimeout Succ,view=183,toView=184,nodeIdx=1,changeCycle=0,myNode=6a73c813...,timecost=0.268
info|2019-11-13 16:59:52.109359|[g:1][CONSENSUS][PBFT]checkAndChangeView: Reach consensus,org_view=183,org_changeCycle=0,cur_changeCycle=0,to_view=184
info|2019-11-13 16:59:53.206875|[g:1][CONSENSUS]addRawPrepare,height=5,reqIdx=0,hash=06e9ab8a...
info|2019-11-13 16:59:53.207220|[g:1][CONSENSUS][PBFT]checkTimeout Succ,view=184,toView=185,nodeIdx=1,changeCycle=0,myNode=6a73c813...,timecost=0.27
info|2019-11-13 16:59:53.238510|[g:1][CONSENSUS][PBFT]checkAndChangeView: Reach consensus,org_view=184,org_changeCycle=0,cur_changeCycle=0,to_view=185
info|2019-11-13 16:59:54.324872|[g:1][CONSENSUS][SEALER]++++++++++++++++ Generating seal on,blkNum=5,tx=0,nodeIdx=1,hash=39ee6c65...
info|2019-11-13 16:59:54.386996|[g:1][CONSENSUS][PBFT]checkTimeout Succ,view=185,toView=186,nodeIdx=1,changeCycle=0,myNode=6a73c813...,timecost=0.261
info|2019-11-13 16:59:54.392866|[g:1][CONSENSUS][PBFT]checkAndChangeView: Reach consensus,org_view=185,org_changeCycle=0,cur_changeCycle=0,to_view=186
info|2019-11-13 16:59:55.483302|[g:1][CONSENSUS]addRawPrepare,height=5,reqIdx=2,hash=909dd850...
info|2019-11-13 16:59:55.484264|[g:1][CONSENSUS][PBFT]checkTimeout Succ,view=186,toView=187,nodeIdx=1,changeCycle=0,myNode=6a73c813...,timecost=0.899
info|2019-11-13 16:59:55.489819|[g:1][CONSENSUS][PBFT]checkAndChangeView: Reach consensus,org_view=186,org_changeCycle=0,cur_changeCycle=0,to_view=187
info|2019-11-13 16:59:56.526414|[g:1][CONSENSUS]addRawPrepare,height=5,reqIdx=3,hash=70d0bf22...
info|2019-11-13 16:59:56.526747|[g:1][CONSENSUS][PBFT]checkTimeout Succ,view=187,toView=188,nodeIdx=1,changeCycle=0,myNode=6a73c813...,timecost=0.273
info|2019-11-13 16:59:56.542583|[g:1][CONSENSUS][PBFT]checkAndChangeView: Reach consensus,org_view=187,org_changeCycle=0,cur_changeCycle=0,to_view=188
info|2019-11-13 16:59:57.604018|[g:1][CONSENSUS]addRawPrepare,height=5,reqIdx=0,hash=9d3393c2...
info|2019-11-13 16:59:57.604366|[g:1][CONSENSUS][PBFT]checkTimeout Succ,view=188,toView=189,nodeIdx=1,changeCycle=0,myNode=6a73c813...,timecost=0.222
info|2019-11-13 16:59:57.621304|[g:1][CONSENSUS][PBFT]checkAndChangeView: Reach consensus,org_view=188,org_changeCycle=0,cur_changeCycle=0,to_view=189
info|2019-11-13 16:59:58.648515|[g:1][CONSENSUS][SEALER]++++++++++++++++ Generating seal on,blkNum=5,tx=0,nodeIdx=1,hash=7407c0a6...
info|2019-11-13 16:59:58.748706|[g:1][CONSENSUS][PBFT]checkTimeout Succ,view=189,toView=190,nodeIdx=1,changeCycle=0,myNode=6a73c813...,timecost=0.389
info|2019-11-13 16:59:58.754980|[g:1][CONSENSUS][PBFT]checkAndChangeView: Reach consensus,org_view=189,org_changeCycle=0,cur_changeCycle=0,to_view=190
info|2019-11-13 16:59:59.803548|[g:1][CONSENSUS]addRawPrepare,height=5,reqIdx=2,hash=4a8d18b4...
info|2019-11-13 16:59:59.811444|[g:1][CONSENSUS][PBFT]checkTimeout Succ,view=190,toView=191,nodeIdx=1,changeCycle=0,myNode=6a73c813...,timecost=4.441
info|2019-11-13 16:59:59.819359|[g:1][CONSENSUS][PBFT]checkAndChangeView: Reach consensus,org_view=190,org_changeCycle=0,cur_changeCycle=0,to_view=191
