info|2019-12-12 18:00:00.458788|[g:1][CONSENSUS]addRawPrepare,height=69,reqIdx=3,hash=81cd31b9...
info|2019-12-12 18:00:00.463433|[g:1][CONSENSUS][PBFT]checkTimeout Succ,view=5611,toView=5612,nodeIdx=1,changeCycle=0,myNode=6a73c813...,timecost=4.596
info|2019-12-12 18:00:00.468364|[g:1][CONSENSUS][PBFT]checkAndChangeView: Reach consensus,org_view=5611,org_changeCycle=0,cur_changeCycle=0,to_view=5612
info|2019-12-12 18:00:01.469957|[g:1][CONSENSUS]addRawPrepare,height=69,reqIdx=0,hash=b07817e5...
info|2019-12-12 18:00:01.478060|[g:1][CONSENSUS][PBFT]checkTimeout Succ,view=5612,toView=5613,nodeIdx=1,changeCycle=0,myNode=6a73c813...,timecost=7.985
info|2019-12-12 18:00:01.480992|[g:1][CONSENSUS][PBFT]checkAndChangeView: Reach consensus,org_view=5612,org_changeCycle=0,cur_changeCycle=0,to_view=5613
info|2019-12-12 18:00:02.481730|[g:1][CONSENSUS][SEALER]++++++++++++++++ Generating seal on,blkNum=69,tx=0,nodeIdx=1,hash=3ce481a1...
info|2019-12-12 18:00:02.494831|[g:1][CONSENSUS][PBFT]checkTimeout Succ,view=5613,toView=5614,nodeIdx=1,changeCycle=0,myNode=6a73c813...,timecost=0.365
info|2019-12-12 18:00:02.496647|[g:1][CONSENSUS][PBFT]checkAndChangeView: Reach consensus,org_view=5613,org_changeCycle=0,cur_changeCycle=0,to_view=5614
info|2019-12-12 18:00:02.603220|[P2P][Service] heartBeat,connected count=4
info|2019-12-12 18:00:03.497777|[g:1][CONSENSUS]addRawPrepare,height=69,reqIdx=2,hash=9e7d4630...
info|2019-12-12 18:00:03.500318|[g:1][CONSENSUS][PBFT]checkTimeout Succ,view=5614,toView=5615,nodeIdx=1,changeCycle=0,myNode=6a73c813...,timecost=1.823
info|2019-12-12 18:00:03.501851|[g:1][CONSENSUS][PBFT]checkAndChangeView: Reach consensus,org_view=5614,org_changeCycle=0,cur_changeCycle=0,to_view=5615
info|2019-12-12 18:00:04.505014|[g:1][CONSENSUS]addRawPrepare,height=69,reqIdx=3,hash=bcf8b354...
info|2019-12-12 18:00:04.505600|[g:1][CONSENSUS][PBFT]checkTimeout Succ,view=5615,toView=5616,nodeIdx=1,changeCycle=0,myNode=6a73c813...,timecost=0.537
info|2019-12-12 18:00:04.511543|[g:1][CONSENSUS][PBFT]checkAndChangeView: Reach consensus,org_view=5615,org_changeCycle=0,cur_changeCycle=0,to_view=5616
info|2019-12-12 18:00:05.513347|[g:1][CONSENSUS]addRawPrepare,height=69,reqIdx=0,hash=759da1aa...
info|2019-12-12 18:00:05.513743|[g:1][CONSENSUS][PBFT]checkTimeout Succ,view=5616,toView=5617,nodeIdx=1,changeCycle=0,myNode=6a73c813...,timecost=0.289
info|2019-12-12 18:00:05.519973|[g:1][CONSENSUS][PBFT]checkAndChangeView: Reach consensus,org_view=5616,org_changeCycle=0,cur_changeCycle=0,to_view=5617
info|2019-12-12 18:00:06.520567|[g:1][CONSENSUS][SEALER]++++++++++++++++ Generating seal on,blkNum=69,tx=0,nodeIdx=1,hash=fb64505d...
info|2019-12-12 18:00:06.538374|[g:1][CONSENSUS][PBFT]checkTimeout Succ,view=5617,toView=5618,nodeIdx=1,changeCycle=0,myNode=6a73c813...,timecost=0.636
info|2019-12-12 18:00:06.545500|[g:1][CONSENSUS][PBFT]checkAndChangeView: Reach consensus,org_view=5617,org_changeCycle=0,cur_changeCycle=0,to_view=5618
info|2019-12-12 18:00:07.552336|[g:1][CONSENSUS]addRawPrepare,height=69,reqIdx=2,hash=5d350bd1...
info|2019-12-12 18:00:07.552773|[g:1][CONSENSUS][PBFT]checkTimeout Succ,view=5618,toView=5619,nodeIdx=1,changeCycle=0,myNode=6a73c813...,timecost=0.376
info|2019-12-12 18:00:07.557466|[g:1][CONSENSUS][PBFT]checkAndChangeView: Reach consensus,org_view=5618,org_changeCycle=0,cur_changeCycle=0,to_view=5619
info|2019-12-12 18:00:08.561530|[g:1][CONSENSUS]addRawPrepare,height=69,reqIdx=3,hash=22a68cab...
info|2019-12-12 18:00:08.561837|[g:1][CONSENSUS][PBFT]checkTimeout Succ,view=5619,toView=5620,nodeIdx=1,changeCycle=0,myNode=6a73c813...,timecost=0.27
info|2019-12-12 18:00:08.565445|[g:1][CONSENSUS][PBFT]checkAndChangeView: Reach consensus,org_view=5619,org_changeCycle=0,cur_changeCycle=0,to_view=5620
info|2019-12-12 18:00:09.571127|[g:1][CONSENSUS]addRawPrepare,height=69,reqIdx=0,hash=fed969f1...
info|2019-12-12 18:00:09.571606|[g:1][CONSENSUS][PBFT]checkTimeout Succ,view=5620,toView=5621,nodeIdx=1,changeCycle=0,myNode=6a73c813...,timecost=0.295
info|2019-12-12 18:00:09.579037|[g:1][CONSENSUS][PBFT]checkAndChangeView: Reach consensus,org_view=5620,org_changeCycle=0,cur_changeCycle=0,to_view=5621
info|2019-12-12 18:00:10.580238|[g:1][CONSENSUS][SEALER]++++++++++++++++ Generating seal on,blkNum=69,tx=0,nodeIdx=1,hash=873654a9...
info|2019-12-12 18:00:10.595932|[g:1][CONSENSUS][PBFT]checkTimeout Succ,view=5621,toView=5622,nodeIdx=1,changeCycle=0,myNode=6a73c813...,timecost=0.655
info|2019-12-12 18:00:10.599002|[g:1][CONSENSUS][PBFT]checkAndChangeView: Reach consensus,org_view=5621,org_changeCycle=0,cur_changeCycle=0,to_view=5622
info|2019-12-12 18:00:11.598214|[g:1][CONSENSUS]addRawPrepare,height=69,reqIdx=2,hash=9403283a...
info|2019-12-12 18:00:11.600190|[g:1][CONSENSUS][PBFT]checkTimeout Succ,view=5622,toView=5623,nodeIdx=1,changeCycle=0,myNode=6a73c813...,timecost=1.913
info|2019-12-12 18:00:11.605362|[g:1][CONSENSUS][PBFT]checkAndChangeView: Reach consensus,org_view=5622,org_changeCycle=0,cur_changeCycle=0,to_view=5623
info|2019-12-12 18:00:12.603410|[P2P][Service] heartBeat,connected count=4
info|2019-12-12 18:00:12.609884|[g:1][CONSENSUS]addRawPrepare,height=69,reqIdx=3,hash=c3d28e01...
info|2019-12-12 18:00:12.615017|[g:1][CONSENSUS][PBFT]checkTimeout Succ,view=5623,toView=5624,nodeIdx=1,changeCycle=0,myNode=6a73c813...,timecost=3.529
info|2019-12-12 18:00:12.616151|[g:1][CONSENSUS][PBFT]checkAndChangeView: Reach consensus,org_view=5623,org_changeCycle=0,cur_changeCycle=0,to_view=5624
info|2019-12-12 18:00:13.620659|[g:1][CONSENSUS]addRawPrepare,height=69,reqIdx=0,hash=def259c1...
info|2019-12-12 18:00:13.621115|[g:1][CONSENSUS][PBFT]checkTimeout Succ,view=5624,toView=5625,nodeIdx=1,changeCycle=0,myNode=6a73c813...,timecost=0.297
info|2019-12-12 18:00:13.629181|[g:1][CONSENSUS][PBFT]checkAndChangeView: Reach consensus,org_view=5624,org_changeCycle=0,cur_changeCycle=0,to_view=5625
info|2019-12-12 18:00:14.630965|[g:1][CONSENSUS][SEALER]++++++++++++++++ Generating seal on,blkNum=69,tx=0,nodeIdx=1,hash=15f4c85e...
info|2019-12-12 18:00:14.645755|[g:1][CONSENSUS][PBFT]checkTimeout Succ,view=5625,toView=5626,nodeIdx=1,changeCycle=0,myNode=6a73c813...,timecost=0.419
info|2019-12-12 18:00:14.648031|[g:1][CONSENSUS][PBFT]checkAndChangeView: Reach consensus,org_view=5625,org_changeCycle=0,cur_changeCycle=0,to_view=5626
info|2019-12-12 18:00:15.646993|[g:1][CONSENSUS]addRawPrepare,height=69,reqIdx=2,hash=0d8c648b...
info|2019-12-12 18:00:15.650776|[g:1][CONSENSUS][PBFT]checkTimeout Succ,view=5626,toView=5627,nodeIdx=1,changeCycle=0,myNode=6a73c813...,timecost=3.758
info|2019-12-12 18:00:15.651556|[g:1][CONSENSUS][PBFT]checkAndChangeView: Reach consensus,org_view=5626,org_changeCycle=0,cur_changeCycle=0,to_view=5627
info|2019-12-12 18:00:16.656578|[g:1][CONSENSUS]addRawPrepare,height=69,reqIdx=3,hash=5f0c2cc1...
info|2019-12-12 18:00:16.659876|[g:1][CONSENSUS][PBFT]checkTimeout Succ,view=5627,toView=5628,nodeIdx=1,changeCycle=0,myNode=6a73c813...,timecost=2.92
info|2019-12-12 18:00:16.661558|[g:1][CONSENSUS][PBFT]checkAndChangeView: Reach consensus,org_view=5627,org_changeCycle=0,cur_changeCycle=0,to_view=5628
info|2019-12-12 18:00:17.667500|[g:1][CONSENSUS]addRawPrepare,height=69,reqIdx=0,hash=3a4fe5a0...
info|2019-12-12 18:00:17.679587|[g:1][CONSENSUS][PBFT]checkTimeout Succ,view=5628,toView=5629,nodeIdx=1,changeCycle=0,myNode=6a73c813...,timecost=9.603
info|2019-12-12 18:00:17.697060|[g:1][CONSENSUS][PBFT]checkAndChangeView: Reach consensus,org_view=5628,org_changeCycle=0,cur_changeCycle=0,to_view=5629
info|2019-12-12 18:00:18.697535|[g:1][CONSENSUS][SEALER]++++++++++++++++ Generating seal on,blkNum=69,tx=0,nodeIdx=1,hash=14957660...
info|2019-12-12 18:00:18.709226|[g:1][CONSENSUS][PBFT]checkTimeout Succ,view=5629,toView=5630,nodeIdx=1,changeCycle=0,myNode=6a73c813...,timecost=0.301
info|2019-12-12 18:00:18.710842|[g:1][CONSENSUS][PBFT]checkAndChangeView: Reach consensus,org_view=5629,org_changeCycle=0,cur_changeCycle=0,to_view=5630
info|2019-12-12 18:00:19.710035|[g:1][CONSENSUS]addRawPrepare,height=69,reqIdx=2,hash=8b6268d7...
info|2019-12-12 18:00:19.710495|[g:1][CONSENSUS][PBFT]checkTimeout Succ,view=5630,toView=5631,nodeIdx=1,changeCycle=0,myNode=6a73c813...,timecost=0.406
info|2019-12-12 18:00:19.717768|[g:1][CONSENSUS][PBFT]checkAndChangeView: Reach consensus,org_view=5630,org_changeCycle=0,cur_changeCycle=0,to_view=5631
info|2019-12-12 18:00:20.720611|[g:1][CONSENSUS]addRawPrepare,height=69,reqIdx=3,hash=68c98b56...
info|2019-12-12 18:00:20.721068|[g:1][CONSENSUS][PBFT]checkTimeout Succ,view=5631,toView=5632,nodeIdx=1,changeCycle=0,myNode=6a73c813...,timecost=0.432
info|2019-12-12 18:00:20.725192|[g:1][CONSENSUS][PBFT]checkAndChangeView: Reach consensus,org_view=5631,org_changeCycle=0,cur_changeCycle=0,to_view=5632
info|2019-12-12 18:00:21.727712|[g:1][CONSENSUS]addRawPrepare,height=69,reqIdx=0,hash=2fe35810...
info|2019-12-12 18:00:21.728149|[g:1][CONSENSUS][PBFT]checkTimeout Succ,view=5632,toView=5633,nodeIdx=1,changeCycle=0,myNode=6a73c813...,timecost=0.351
info|2019-12-12 18:00:21.736029|[g:1][CONSENSUS][PBFT]checkAndChangeView: Reach consensus,org_view=5632,org_changeCycle=0,cur_changeCycle=0,to_view=5633
info|2019-12-12 18:00:22.604121|[P2P][Service] heartBeat,connected count=4
info|2019-12-12 18:00:22.736467|[g:1][CONSENSUS][SEALER]++++++++++++++++ Generating seal on,blkNum=69,tx=0,nodeIdx=1,hash=5a3d09a7...
info|2019-12-12 18:00:22.753949|[g:1][CONSENSUS][PBFT]checkTimeout Succ,view=5633,toView=5634,nodeIdx=1,changeCycle=0,myNode=6a73c813...,timecost=0.759
info|2019-12-12 18:00:22.755761|[g:1][CONSENSUS][PBFT]checkAndChangeView: Reach consensus,org_view=5633,org_changeCycle=0,cur_changeCycle=0,to_view=5634
info|2019-12-12 18:00:23.755150|[g:1][CONSENSUS]addRawPrepare,height=69,reqIdx=2,hash=5f0af70e...
info|2019-12-12 18:00:23.755434|[g:1][CONSENSUS][PBFT]checkTimeout Succ,view=5634,toView=5635,nodeIdx=1,changeCycle=0,myNode=6a73c813...,timecost=0.237
info|2019-12-12 18:00:23.758725|[g:1][CONSENSUS][PBFT]checkAndChangeView: Reach consensus,org_view=5634,org_changeCycle=0,cur_changeCycle=0,to_view=5635
info|2019-12-12 18:00:24.766356|[g:1][CONSENSUS]addRawPrepare,height=69,reqIdx=3,hash=896616ed...
info|2019-12-12 18:00:24.768769|[g:1][CONSENSUS][PBFT]checkTimeout Succ,view=5635,toView=5636,nodeIdx=1,changeCycle=0,myNode=6a73c813...,timecost=1.408
info|2019-12-12 18:00:24.773533|[g:1][CONSENSUS][PBFT]checkAndChangeView: Reach consensus,org_view=5635,org_changeCycle=0,cur_changeCycle=0,to_view=5636
info|2019-12-12 18:00:25.775465|[g:1][CONSENSUS]addRawPrepare,height=69,reqIdx=0,hash=2660847c...
info|2019-12-12 18:00:25.776051|[g:1][CONSENSUS][PBFT]checkTimeout Succ,view=5636,toView=5637,nodeIdx=1,changeCycle=0,myNode=6a73c813...,timecost=0.427
info|2019-12-12 18:00:25.783963|[g:1][CONSENSUS][PBFT]checkAndChangeView: Reach consensus,org_view=5636,org_changeCycle=0,cur_changeCycle=0,to_view=5637
info|2019-12-12 18:00:26.784465|[g:1][CONSENSUS][SEALER]++++++++++++++++ Generating seal on,blkNum=69,tx=0,nodeIdx=1,hash=18519f05...
info|2019-12-12 18:00:26.800337|[g:1][CONSENSUS][PBFT]checkTimeout Succ,view=5637,toView=5638,nodeIdx=1,changeCycle=0,myNode=6a73c813...,timecost=0.383
info|2019-12-12 18:00:26.802035|[g:1][CONSENSUS][PBFT]checkAndChangeView: Reach consensus,org_view=5637,org_changeCycle=0,cur_changeCycle=0,to_view=5638
info|2019-12-12 18:00:27.799709|[g:1][CONSENSUS]addRawPrepare,height=69,reqIdx=2,hash=dcfa07ba...
info|2019-12-12 18:00:27.803343|[g:1][CONSENSUS][PBFT]checkTimeout Succ,view=5638,toView=5639,nodeIdx=1,changeCycle=0,myNode=6a73c813...,timecost=3.49
info|2019-12-12 18:00:27.810181|[g:1][CONSENSUS][PBFT]checkAndChangeView: Reach consensus,org_view=5638,org_changeCycle=0,cur_changeCycle=0,to_view=5639
info|2019-12-12 18:00:28.816345|[g:1][CONSENSUS]addRawPrepare,height=69,reqIdx=3,hash=73ef9993...
info|2019-12-12 18:00:28.820886|[g:1][CONSENSUS][PBFT]checkTimeout Succ,view=5639,toView=5640,nodeIdx=1,changeCycle=0,myNode=6a73c813...,timecost=5.451
info|2019-12-12 18:00:28.823706|[g:1][CONSENSUS][PBFT]checkAndChangeView: Reach consensus,org_view=5639,org_changeCycle=0,cur_changeCycle=0,to_view=5640
info|2019-12-12 18:00:29.827874|[g:1][CONSENSUS]addRawPrepare,height=69,reqIdx=0,hash=78d74cbb...
info|2019-12-12 18:00:29.828356|[g:1][CONSENSUS][PBFT]checkTimeout Succ,view=5640,toView=5641,nodeIdx=1,changeCycle=0,myNode=6a73c813...,timecost=0.373
info|2019-12-12 18:00:29.836204|[g:1][CONSENSUS][PBFT]checkAndChangeView: Reach consensus,org_view=5640,org_changeCycle=0,cur_changeCycle=0,to_view=5641
info|2019-12-12 18:00:30.836630|[g:1][CONSENSUS][SEALER]++++++++++++++++ Generating seal on,blkNum=69,tx=0,nodeIdx=1,hash=5f4a2a67...
info|2019-12-12 18:00:30.851561|[g:1][CONSENSUS][PBFT]checkTimeout Succ,view=5641,toView=5642,nodeIdx=1,changeCycle=0,myNode=6a73c813...,timecost=0.273
info|2019-12-12 18:00:30.860153|[g:1][CONSENSUS][PBFT]checkAndChangeView: Reach consensus,org_view=5641,org_changeCycle=0,cur_changeCycle=0,to_view=5642
info|2019-12-12 18:00:31.872673|[g:1][CONSENSUS]addRawPrepare,height=69,reqIdx=2,hash=5b6335c8...
info|2019-12-12 18:00:31.910955|[g:1][CONSENSUS][PBFT]checkTimeout Succ,view=5642,toView=5643,nodeIdx=1,changeCycle=0,myNode=6a73c813...,timecost=31.26
info|2019-12-12 18:00:31.914392|[g:1][CONSENSUS][PBFT]checkAndChangeView: Reach consensus,org_view=5642,org_changeCycle=0,cur_changeCycle=0,to_view=5643
info|2019-12-12 18:00:32.604516|[P2P][Service] heartBeat,connected count=4
info|2019-12-12 18:00:32.918525|[g:1][CONSENSUS]addRawPrepare,height=69,reqIdx=3,hash=8e6430ee...
info|2019-12-12 18:00:32.921585|[g:1][CONSENSUS][PBFT]checkTimeout Succ,view=5643,toView=5644,nodeIdx=1,changeCycle=0,myNode=6a73c813...,timecost=3.007
info|2019-12-12 18:00:32.922228|[g:1][CONSENSUS][PBFT]checkAndChangeView: Reach consensus,org_view=5643,org_changeCycle=0,cur_changeCycle=0,to_view=5644
info|2019-12-12 18:00:33.925851|[g:1][CONSENSUS]addRawPrepare,height=69,reqIdx=0,hash=bc88abed...
info|2019-12-12 18:00:33.926598|[g:1][CONSENSUS][PBFT]checkTimeout Succ,view=5644,toView=5645,nodeIdx=1,changeCycle=0,myNode=6a73c813...,timecost=0.445
info|2019-12-12 18:00:33.937429|[g:1][CONSENSUS][PBFT]checkAndChangeView: Reach consensus,org_view=5644,org_changeCycle=0,cur_changeCycle=0,to_view=5645
info|2019-12-12 18:00:34.937324|[g:1][CONSENSUS][SEALER]++++++++++++++++ Generating seal on,blkNum=69,tx=0,nodeIdx=1,hash=71743cbc...
info|2019-12-12 18:00:34.960469|[g:1][CONSENSUS][PBFT]checkTimeout Succ,view=5645,toView=5646,nodeIdx=1,changeCycle=0,myNode=6a73c813...,timecost=1.157
info|2019-12-12 18:00:34.964851|[g:1][CONSENSUS][PBFT]checkAndChangeView: Reach consensus,org_view=5645,org_changeCycle=0,cur_changeCycle=0,to_view=5646
info|2019-12-12 18:00:35.960654|[g:1][CONSENSUS]addRawPrepare,height=69,reqIdx=2,hash=fb478269...
info|2019-12-12 18:00:35.970859|[g:1][CONSENSUS][PBFT]checkTimeout Succ,view=5646,toView=5647,nodeIdx=1,changeCycle=0,myNode=6a73c813...,timecost=6.963
info|2019-12-12 18:00:35.984528|[g:1][CONSENSUS][PBFT]checkAndChangeView: Reach consensus,org_view=5646,org_changeCycle=0,cur_changeCycle=0,to_view=5647
info|2019-12-12 18:00:36.991427|[g:1][CONSENSUS]addRawPrepare,height=69,reqIdx=3,hash=914ff136...
info|2019-12-12 18:00:36.999021|[g:1][CONSENSUS][PBFT]checkTimeout Succ,view=5647,toView=5648,nodeIdx=1,changeCycle=0,myNode=6a73c813...,timecost=7.361
info|2019-12-12 18:00:37.033766|[g:1][CONSENSUS][PBFT]checkAndChangeView: Reach consensus,org_view=5647,org_changeCycle=0,cur_changeCycle=0,to_view=5648
info|2019-12-12 18:00:38.042309|[g:1][CONSENSUS]addRawPrepare,height=69,reqIdx=0,hash=879d1bc5...
info|2019-12-12 18:00:38.053065|[g:1][CONSENSUS][PBFT]checkTimeout Succ,view=5648,toView=5649,nodeIdx=1,changeCycle=0,myNode=6a73c813...,timecost=7.278
info|2019-12-12 18:00:38.069296|[g:1][CONSENSUS][PBFT]checkAndChangeView: Reach consensus,org_view=5648,org_changeCycle=0,cur_changeCycle=0,to_view=5649
info|2019-12-12 18:00:39.073741|[g:1][CONSENSUS][SEALER]++++++++++++++++ Generating seal on,blkNum=69,tx=0,nodeIdx=1,hash=4c36b9f2...
info|2019-12-12 18:00:39.095362|[g:1][CONSENSUS][PBFT]checkTimeout Succ,view=5649,toView=5650,nodeIdx=1,changeCycle=0,myNode=6a73c813...,timecost=1.391
info|2019-12-12 18:00:39.106718|[g:1][CONSENSUS][PBFT]checkAndChangeView: Reach consensus,org_view=5649,org_changeCycle=0,cur_changeCycle=0,to_view=5650
info|2019-12-12 18:00:40.123220|[g:1][CONSENSUS]addRawPrepare,height=69,reqIdx=2,hash=90d31af6...
info|2019-12-12 18:00:40.125742|[g:1][CONSENSUS][PBFT]checkTimeout Succ,view=5650,toView=5651,nodeIdx=1,changeCycle=0,myNode=6a73c813...,timecost=2.475
info|2019-12-12 18:00:40.128194|[g:1][CONSENSUS][PBFT]checkAndChangeView: Reach consensus,org_view=5650,org_changeCycle=0,cur_changeCycle=0,to_view=5651
info|2019-12-12 18:00:41.133212|[g:1][CONSENSUS]addRawPrepare,height=69,reqIdx=3,hash=b7850866...
info|2019-12-12 18:00:41.133714|[g:1][CONSENSUS][PBFT]checkTimeout Succ,view=5651,toView=5652,nodeIdx=1,changeCycle=0,myNode=6a73c813...,timecost=0.441
info|2019-12-12 18:00:41.141917|[g:1][CONSENSUS][PBFT]checkAndChangeView: Reach consensus,org_view=5651,org_changeCycle=0,cur_changeCycle=0,to_view=5652
info|2019-12-12 18:00:42.145612|[g:1][CONSENSUS]addRawPrepare,height=69,reqIdx=0,hash=ce27e977...
info|2019-12-12 18:00:42.145997|[g:1][CONSENSUS][PBFT]checkTimeout Succ,view=5652,toView=5653,nodeIdx=1,changeCycle=0,myNode=6a73c813...,timecost=0.282
info|2019-12-12 18:00:42.153186|[g:1][CONSENSUS][PBFT]checkAndChangeView: Reach consensus,org_view=5652,org_changeCycle=0,cur_changeCycle=0,to_view=5653
info|2019-12-12 18:00:42.605092|[P2P][Service] heartBeat,connected count=4
info|2019-12-12 18:00:43.154287|[g:1][CONSENSUS][SEALER]++++++++++++++++ Generating seal on,blkNum=69,tx=0,nodeIdx=1,hash=76495455...
info|2019-12-12 18:00:43.168283|[g:1][CONSENSUS][PBFT]checkTimeout Succ,view=5653,toView=5654,nodeIdx=1,changeCycle=0,myNode=6a73c813...,timecost=0.422
info|2019-12-12 18:00:43.170008|[g:1][CONSENSUS][PBFT]checkAndChangeView: Reach consensus,org_view=5653,org_changeCycle=0,cur_changeCycle=0,to_view=5654
info|2019-12-12 18:00:44.169352|[g:1][CONSENSUS]addRawPrepare,height=69,reqIdx=2,hash=8244e0a1...
info|2019-12-12 18:00:44.169726|[g:1][CONSENSUS][PBFT]checkTimeout Succ,view=5654,toView=5655,nodeIdx=1,changeCycle=0,myNode=6a73c813...,timecost=0.331
info|2019-12-12 18:00:44.176148|[g:1][CONSENSUS][PBFT]checkAndChangeView: Reach consensus,org_view=5654,org_changeCycle=0,cur_changeCycle=0,to_view=5655
info|2019-12-12 18:00:45.182342|[g:1][CONSENSUS]addRawPrepare,height=69,reqIdx=3,hash=5c1f2c58...
info|2019-12-12 18:00:45.182694|[g:1][CONSENSUS][PBFT]checkTimeout Succ,view=5655,toView=5656,nodeIdx=1,changeCycle=0,myNode=6a73c813...,timecost=0.308
info|2019-12-12 18:00:45.184506|[g:1][CONSENSUS][PBFT]checkAndChangeView: Reach consensus,org_view=5655,org_changeCycle=0,cur_changeCycle=0,to_view=5656
info|2019-12-12 18:00:46.187402|[g:1][CONSENSUS]addRawPrepare,height=69,reqIdx=0,hash=d80368ab...
info|2019-12-12 18:00:46.187778|[g:1][CONSENSUS][PBFT]checkTimeout Succ,view=5656,toView=5657,nodeIdx=1,changeCycle=0,myNode=6a73c813...,timecost=0.293
info|2019-12-12 18:00:46.192877|[g:1][CONSENSUS][PBFT]checkAndChangeView: Reach consensus,org_view=5656,org_changeCycle=0,cur_changeCycle=0,to_view=5657
info|2019-12-12 18:00:47.193471|[g:1][CONSENSUS][SEALER]++++++++++++++++ Generating seal on,blkNum=69,tx=0,nodeIdx=1,hash=d0a10bee...
info|2019-12-12 18:00:47.201407|[g:1][CONSENSUS][PBFT]checkTimeout Succ,view=5657,toView=5658,nodeIdx=1,changeCycle=0,myNode=6a73c813...,timecost=0.231
info|2019-12-12 18:00:47.202426|[g:1][CONSENSUS][PBFT]checkAndChangeView: Reach consensus,org_view=5657,org_changeCycle=0,cur_changeCycle=0,to_view=5658
info|2019-12-12 18:00:48.203161|[g:1][CONSENSUS]addRawPrepare,height=69,reqIdx=2,hash=c5dd03a7...
info|2019-12-12 18:00:48.203412|[g:1][CONSENSUS][PBFT]checkTimeout Succ,view=5658,toView=5659,nodeIdx=1,changeCycle=0,myNode=6a73c813...,timecost=0.225
info|2019-12-12 18:00:48.205905|[g:1][CONSENSUS][PBFT]checkAndChangeView: Reach consensus,org_view=5658,org_changeCycle=0,cur_changeCycle=0,to_view=5659
info|2019-12-12 18:00:49.290427|[g:1][CONSENSUS]addRawPrepare,height=69,reqIdx=3,hash=fe424d87...
info|2019-12-12 18:00:49.291652|[g:1][CONSENSUS][PBFT]checkTimeout Succ,view=5659,toView=5660,nodeIdx=1,changeCycle=0,myNode=6a73c813...,timecost=1.09
info|2019-12-12 18:00:49.298226|[g:1][CONSENSUS][PBFT]checkAndChangeView: Reach consensus,org_view=5659,org_changeCycle=0,cur_changeCycle=0,to_view=5660
warning|2019-12-12 18:57:18.320295|[g:1][CONSENSUS][PBFT]ViewChangeWarning: not caused by omit empty block ,v=5660,toV=5661,curNum=68,hash=3aedf695...,nodeIdx=1,myNode=6a73c813...
info|2019-12-12 18:57:18.323148|[g:1][CONSENSUS][PBFT]checkTimeout Succ,view=5660,toView=5661,nodeIdx=1,changeCycle=1,myNode=6a73c813...,timecost=3.583
info|2019-12-12 18:57:18.324982|[g:1][CONSENSUS][PBFT]checkAndChangeView: Reach consensus,org_view=5660,org_changeCycle=1,cur_changeCycle=1,to_view=5661
info|2019-12-12 18:57:19.328173|[g:1][CONSENSUS][SEALER]++++++++++++++++ Generating seal on,blkNum=69,tx=0,nodeIdx=1,hash=6557a303...
info|2019-12-12 18:57:19.388598|[g:1][CONSENSUS][PBFT]checkTimeout Succ,view=5661,toView=5662,nodeIdx=1,changeCycle=0,myNode=6a73c813...,timecost=0.728
info|2019-12-12 18:57:19.395057|[g:1][CONSENSUS][PBFT]checkAndChangeView: Reach consensus,org_view=5661,org_changeCycle=0,cur_changeCycle=0,to_view=5662
info|2019-12-12 18:57:20.392234|[g:1][CONSENSUS]addRawPrepare,height=69,reqIdx=2,hash=44a3ee8f...
info|2019-12-12 18:57:20.394032|[g:1][CONSENSUS][PBFT]checkTimeout Succ,view=5662,toView=5663,nodeIdx=1,changeCycle=0,myNode=6a73c813...,timecost=1.631
info|2019-12-12 18:57:20.397094|[g:1][CONSENSUS][PBFT]checkAndChangeView: Reach consensus,org_view=5662,org_changeCycle=0,cur_changeCycle=0,to_view=5663
info|2019-12-12 18:57:21.414359|[P2P][Service] heartBeat,connected count=4
info|2019-12-12 18:57:21.422029|[g:1][CONSENSUS]addRawPrepare,height=69,reqIdx=3,hash=c239bdb9...
info|2019-12-12 18:57:21.422503|[g:1][CONSENSUS][PBFT]checkTimeout Succ,view=5663,toView=5664,nodeIdx=1,changeCycle=0,myNode=6a73c813...,timecost=0.414
info|2019-12-12 18:57:21.429584|[g:1][CONSENSUS][PBFT]checkAndChangeView: Reach consensus,org_view=5663,org_changeCycle=0,cur_changeCycle=0,to_view=5664
info|2019-12-12 18:57:22.431667|[g:1][CONSENSUS]addRawPrepare,height=69,reqIdx=0,hash=0835693d...
info|2019-12-12 18:57:22.432306|[g:1][CONSENSUS][PBFT]checkTimeout Succ,view=5664,toView=5665,nodeIdx=1,changeCycle=0,myNode=6a73c813...,timecost=0.356
info|2019-12-12 18:57:22.438454|[g:1][CONSENSUS][PBFT]checkAndChangeView: Reach consensus,org_view=5664,org_changeCycle=0,cur_changeCycle=0,to_view=5665
info|2019-12-12 18:57:23.438942|[g:1][CONSENSUS][SEALER]++++++++++++++++ Generating seal on,blkNum=69,tx=0,nodeIdx=1,hash=46615e40...
info|2019-12-12 18:57:23.449280|[g:1][CONSENSUS][PBFT]checkTimeout Succ,view=5665,toView=5666,nodeIdx=1,changeCycle=0,myNode=6a73c813...,timecost=0.424
info|2019-12-12 18:57:23.450998|[g:1][CONSENSUS][PBFT]checkAndChangeView: Reach consensus,org_view=5665,org_changeCycle=0,cur_changeCycle=0,to_view=5666
info|2019-12-12 18:57:24.448499|[g:1][CONSENSUS]addRawPrepare,height=69,reqIdx=2,hash=f956e4c2...
info|2019-12-12 18:57:24.448850|[g:1][CONSENSUS][PBFT]checkTimeout Succ,view=5666,toView=5667,nodeIdx=1,changeCycle=0,myNode=6a73c813...,timecost=0.306
info|2019-12-12 18:57:24.452629|[g:1][CONSENSUS][PBFT]checkAndChangeView: Reach consensus,org_view=5666,org_changeCycle=0,cur_changeCycle=0,to_view=5667
info|2019-12-12 18:57:25.455675|[g:1][CONSENSUS]addRawPrepare,height=69,reqIdx=3,hash=8553dc18...
info|2019-12-12 18:57:25.455964|[g:1][CONSENSUS][PBFT]checkTimeout Succ,view=5667,toView=5668,nodeIdx=1,changeCycle=0,myNode=6a73c813...,timecost=0.26
info|2019-12-12 18:57:25.459718|[g:1][CONSENSUS][PBFT]checkAndChangeView: Reach consensus,org_view=5667,org_changeCycle=0,cur_changeCycle=0,to_view=5668
info|2019-12-12 18:57:26.462334|[g:1][CONSENSUS]addRawPrepare,height=69,reqIdx=0,hash=6e290f06...
info|2019-12-12 18:57:26.462711|[g:1][CONSENSUS][PBFT]checkTimeout Succ,view=5668,toView=5669,nodeIdx=1,changeCycle=0,myNode=6a73c813...,timecost=0.252
info|2019-12-12 18:57:26.466744|[g:1][CONSENSUS][PBFT]checkAndChangeView: Reach consensus,org_view=5668,org_changeCycle=0,cur_changeCycle=0,to_view=5669
info|2019-12-12 18:57:27.468516|[g:1][CONSENSUS][SEALER]++++++++++++++++ Generating seal on,blkNum=69,tx=0,nodeIdx=1,hash=bdd03269...
info|2019-12-12 18:57:27.476711|[g:1][CONSENSUS][PBFT]checkTimeout Succ,view=5669,toView=5670,nodeIdx=1,changeCycle=0,myNode=6a73c813...,timecost=0.32
info|2019-12-12 18:57:27.477836|[g:1][CONSENSUS][PBFT]checkAndChangeView: Reach consensus,org_view=5669,org_changeCycle=0,cur_changeCycle=0,to_view=5670
info|2019-12-12 18:57:28.476969|[g:1][CONSENSUS]addRawPrepare,height=69,reqIdx=2,hash=90fe66ee...
info|2019-12-12 18:57:28.477354|[g:1][CONSENSUS][PBFT]checkTimeout Succ,view=5670,toView=5671,nodeIdx=1,changeCycle=0,myNode=6a73c813...,timecost=0.35
info|2019-12-12 18:57:28.480487|[g:1][CONSENSUS][PBFT]checkAndChangeView: Reach consensus,org_view=5670,org_changeCycle=0,cur_changeCycle=0,to_view=5671
info|2019-12-12 18:57:29.484758|[g:1][CONSENSUS]addRawPrepare,height=69,reqIdx=3,hash=cfe98eaa...
info|2019-12-12 18:57:29.485075|[g:1][CONSENSUS][PBFT]checkTimeout Succ,view=5671,toView=5672,nodeIdx=1,changeCycle=0,myNode=6a73c813...,timecost=0.267
info|2019-12-12 18:57:29.488930|[g:1][CONSENSUS][PBFT]checkAndChangeView: Reach consensus,org_view=5671,org_changeCycle=0,cur_changeCycle=0,to_view=5672
info|2019-12-12 18:57:30.492140|[g:1][CONSENSUS]addRawPrepare,height=69,reqIdx=0,hash=202b796e...
info|2019-12-12 18:57:30.492522|[g:1][CONSENSUS][PBFT]checkTimeout Succ,view=5672,toView=5673,nodeIdx=1,changeCycle=0,myNode=6a73c813...,timecost=0.293
info|2019-12-12 18:57:30.497271|[g:1][CONSENSUS][PBFT]checkAndChangeView: Reach consensus,org_view=5672,org_changeCycle=0,cur_changeCycle=0,to_view=5673
info|2019-12-12 18:57:31.414584|[P2P][Service] heartBeat,connected count=4
info|2019-12-12 18:57:31.499136|[g:1][CONSENSUS][SEALER]++++++++++++++++ Generating seal on,blkNum=69,tx=0,nodeIdx=1,hash=80c0ca3a...
info|2019-12-12 18:57:31.512912|[g:1][CONSENSUS][PBFT]checkTimeout Succ,view=5673,toView=5674,nodeIdx=1,changeCycle=0,myNode=6a73c813...,timecost=0.392
info|2019-12-12 18:57:31.538044|[g:1][CONSENSUS][PBFT]checkAndChangeView: Reach consensus,org_view=5673,org_changeCycle=0,cur_changeCycle=0,to_view=5674
info|2019-12-12 18:57:32.513490|[g:1][CONSENSUS]addRawPrepare,height=69,reqIdx=2,hash=41545054...
info|2019-12-12 18:57:32.513914|[g:1][CONSENSUS][PBFT]checkTimeout Succ,view=5674,toView=5675,nodeIdx=1,changeCycle=0,myNode=6a73c813...,timecost=0.403
info|2019-12-12 18:57:32.516959|[g:1][CONSENSUS][PBFT]checkAndChangeView: Reach consensus,org_view=5674,org_changeCycle=0,cur_changeCycle=0,to_view=5675
info|2019-12-12 18:57:33.520475|[g:1][CONSENSUS]addRawPrepare,height=69,reqIdx=3,hash=1d4a8bf2...
info|2019-12-12 18:57:33.523857|[g:1][CONSENSUS][PBFT]checkTimeout Succ,view=5675,toView=5676,nodeIdx=1,changeCycle=0,myNode=6a73c813...,timecost=3.352
info|2019-12-12 18:57:33.524893|[g:1][CONSENSUS][PBFT]checkAndChangeView: Reach consensus,org_view=5675,org_changeCycle=0,cur_changeCycle=0,to_view=5676
info|2019-12-12 18:57:34.528818|[g:1][CONSENSUS]addRawPrepare,height=69,reqIdx=0,hash=21bdd59c...
info|2019-12-12 18:57:34.529422|[g:1][CONSENSUS][PBFT]checkTimeout Succ,view=5676,toView=5677,nodeIdx=1,changeCycle=0,myNode=6a73c813...,timecost=0.359
info|2019-12-12 18:57:34.538266|[g:1][CONSENSUS][PBFT]checkAndChangeView: Reach consensus,org_view=5676,org_changeCycle=0,cur_changeCycle=0,to_view=5677
info|2019-12-12 18:57:35.539128|[g:1][CONSENSUS][SEALER]++++++++++++++++ Generating seal on,blkNum=69,tx=0,nodeIdx=1,hash=de932720...
info|2019-12-12 18:57:35.548155|[g:1][CONSENSUS][PBFT]checkTimeout Succ,view=5677,toView=5678,nodeIdx=1,changeCycle=0,myNode=6a73c813...,timecost=0.385
info|2019-12-12 18:57:35.549391|[g:1][CONSENSUS][PBFT]checkAndChangeView: Reach consensus,org_view=5677,org_changeCycle=0,cur_changeCycle=0,to_view=5678
info|2019-12-12 18:57:36.550105|[g:1][CONSENSUS]addRawPrepare,height=69,reqIdx=2,hash=aac71876...
info|2019-12-12 18:57:36.550429|[g:1][CONSENSUS][PBFT]checkTimeout Succ,view=5678,toView=5679,nodeIdx=1,changeCycle=0,myNode=6a73c813...,timecost=0.296
info|2019-12-12 18:57:36.551698|[g:1][CONSENSUS][PBFT]checkAndChangeView: Reach consensus,org_view=5678,org_changeCycle=0,cur_changeCycle=0,to_view=5679
info|2019-12-12 18:57:37.557954|[g:1][CONSENSUS]addRawPrepare,height=69,reqIdx=3,hash=444eb716...
info|2019-12-12 18:57:37.562567|[g:1][CONSENSUS][PBFT]checkTimeout Succ,view=5679,toView=5680,nodeIdx=1,changeCycle=0,myNode=6a73c813...,timecost=4.329
info|2019-12-12 18:57:37.574519|[g:1][CONSENSUS][PBFT]checkAndChangeView: Reach consensus,org_view=5679,org_changeCycle=0,cur_changeCycle=0,to_view=5680
info|2019-12-12 18:57:38.572211|[g:1][CONSENSUS]addRawPrepare,height=69,reqIdx=0,hash=bcd0b6da...
info|2019-12-12 18:57:38.572543|[g:1][CONSENSUS][PBFT]checkTimeout Succ,view=5680,toView=5681,nodeIdx=1,changeCycle=0,myNode=6a73c813...,timecost=0.215
info|2019-12-12 18:57:38.576462|[g:1][CONSENSUS][PBFT]checkAndChangeView: Reach consensus,org_view=5680,org_changeCycle=0,cur_changeCycle=0,to_view=5681
info|2019-12-12 18:57:39.577203|[g:1][CONSENSUS][SEALER]++++++++++++++++ Generating seal on,blkNum=69,tx=0,nodeIdx=1,hash=b4d4fd8c...
info|2019-12-12 18:57:39.589755|[g:1][CONSENSUS][PBFT]checkTimeout Succ,view=5681,toView=5682,nodeIdx=1,changeCycle=0,myNode=6a73c813...,timecost=0.48
info|2019-12-12 18:57:39.592123|[g:1][CONSENSUS][PBFT]checkAndChangeView: Reach consensus,org_view=5681,org_changeCycle=0,cur_changeCycle=0,to_view=5682
info|2019-12-12 18:57:40.588244|[g:1][CONSENSUS]addRawPrepare,height=69,reqIdx=2,hash=e1c56613...
info|2019-12-12 18:57:40.588555|[g:1][CONSENSUS][PBFT]checkTimeout Succ,view=5682,toView=5683,nodeIdx=1,changeCycle=0,myNode=6a73c813...,timecost=0.27
info|2019-12-12 18:57:40.592451|[g:1][CONSENSUS][PBFT]checkAndChangeView: Reach consensus,org_view=5682,org_changeCycle=0,cur_changeCycle=0,to_view=5683
info|2019-12-12 18:57:41.415364|[P2P][Service] heartBeat,connected count=4
info|2019-12-12 18:57:41.595610|[g:1][CONSENSUS]addRawPrepare,height=69,reqIdx=3,hash=33d301bc...
info|2019-12-12 18:57:41.595903|[g:1][CONSENSUS][PBFT]checkTimeout Succ,view=5683,toView=5684,nodeIdx=1,changeCycle=0,myNode=6a73c813...,timecost=0.261
info|2019-12-12 18:57:41.598466|[g:1][CONSENSUS][PBFT]checkAndChangeView: Reach consensus,org_view=5683,org_changeCycle=0,cur_changeCycle=0,to_view=5684
info|2019-12-12 18:57:42.602350|[g:1][CONSENSUS]addRawPrepare,height=69,reqIdx=0,hash=1a5ea8fa...
info|2019-12-12 18:57:42.602733|[g:1][CONSENSUS][PBFT]checkTimeout Succ,view=5684,toView=5685,nodeIdx=1,changeCycle=0,myNode=6a73c813...,timecost=0.295
info|2019-12-12 18:57:42.607068|[g:1][CONSENSUS][PBFT]checkAndChangeView: Reach consensus,org_view=5684,org_changeCycle=0,cur_changeCycle=0,to_view=5685
info|2019-12-12 18:57:43.608339|[g:1][CONSENSUS][SEALER]++++++++++++++++ Generating seal on,blkNum=69,tx=0,nodeIdx=1,hash=82ca7d10...
info|2019-12-12 18:57:43.618824|[g:1][CONSENSUS][PBFT]checkTimeout Succ,view=5685,toView=5686,nodeIdx=1,changeCycle=0,myNode=6a73c813...,timecost=0.327
info|2019-12-12 18:57:43.620034|[g:1][CONSENSUS][PBFT]checkAndChangeView: Reach consensus,org_view=5685,org_changeCycle=0,cur_changeCycle=0,to_view=5686
info|2019-12-12 18:57:44.618855|[g:1][CONSENSUS]addRawPrepare,height=69,reqIdx=2,hash=6df7a945...
info|2019-12-12 18:57:44.621374|[g:1][CONSENSUS][PBFT]checkTimeout Succ,view=5686,toView=5687,nodeIdx=1,changeCycle=0,myNode=6a73c813...,timecost=2.454
info|2019-12-12 18:57:44.625428|[g:1][CONSENSUS][PBFT]checkAndChangeView: Reach consensus,org_view=5686,org_changeCycle=0,cur_changeCycle=0,to_view=5687
info|2019-12-12 18:57:45.629875|[g:1][CONSENSUS]addRawPrepare,height=69,reqIdx=3,hash=a64abd15...
info|2019-12-12 18:57:45.630284|[g:1][CONSENSUS][PBFT]checkTimeout Succ,view=5687,toView=5688,nodeIdx=1,changeCycle=0,myNode=6a73c813...,timecost=0.382
info|2019-12-12 18:57:45.631518|[g:1][CONSENSUS][PBFT]checkAndChangeView: Reach consensus,org_view=5687,org_changeCycle=0,cur_changeCycle=0,to_view=5688
info|2019-12-12 18:57:46.636307|[g:1][CONSENSUS]addRawPrepare,height=69,reqIdx=0,hash=3c02b10e...
info|2019-12-12 18:57:46.636712|[g:1][CONSENSUS][PBFT]checkTimeout Succ,view=5688,toView=5689,nodeIdx=1,changeCycle=0,myNode=6a73c813...,timecost=0.308
info|2019-12-12 18:57:46.643836|[g:1][CONSENSUS][PBFT]checkAndChangeView: Reach consensus,org_view=5688,org_changeCycle=0,cur_changeCycle=0,to_view=5689
info|2019-12-12 18:57:47.646172|[g:1][CONSENSUS][SEALER]++++++++++++++++ Generating seal on,blkNum=69,tx=0,nodeIdx=1,hash=eb456b04...
info|2019-12-12 18:57:47.654164|[g:1][CONSENSUS][PBFT]checkTimeout Succ,view=5689,toView=5690,nodeIdx=1,changeCycle=0,myNode=6a73c813...,timecost=0.301
info|2019-12-12 18:57:47.655224|[g:1][CONSENSUS][PBFT]checkAndChangeView: Reach consensus,org_view=5689,org_changeCycle=0,cur_changeCycle=0,to_view=5690
info|2019-12-12 18:57:48.658346|[g:1][CONSENSUS]addRawPrepare,height=69,reqIdx=2,hash=f1ca0846...
info|2019-12-12 18:57:48.658639|[g:1][CONSENSUS][PBFT]checkTimeout Succ,view=5690,toView=5691,nodeIdx=1,changeCycle=0,myNode=6a73c813...,timecost=0.257
info|2019-12-12 18:57:48.659185|[g:1][CONSENSUS][PBFT]checkAndChangeView: Reach consensus,org_view=5690,org_changeCycle=0,cur_changeCycle=0,to_view=5691
info|2019-12-12 18:57:49.664539|[g:1][CONSENSUS]addRawPrepare,height=69,reqIdx=3,hash=304a77ba...
info|2019-12-12 18:57:49.664872|[g:1][CONSENSUS][PBFT]checkTimeout Succ,view=5691,toView=5692,nodeIdx=1,changeCycle=0,myNode=6a73c813...,timecost=0.306
info|2019-12-12 18:57:49.667793|[g:1][CONSENSUS][PBFT]checkAndChangeView: Reach consensus,org_view=5691,org_changeCycle=0,cur_changeCycle=0,to_view=5692
info|2019-12-12 18:57:50.670859|[g:1][CONSENSUS]addRawPrepare,height=69,reqIdx=0,hash=24ca89bb...
info|2019-12-12 18:57:50.671433|[g:1][CONSENSUS][PBFT]checkTimeout Succ,view=5692,toView=5693,nodeIdx=1,changeCycle=0,myNode=6a73c813...,timecost=0.394
info|2019-12-12 18:57:50.679652|[g:1][CONSENSUS][PBFT]checkAndChangeView: Reach consensus,org_view=5692,org_changeCycle=0,cur_changeCycle=0,to_view=5693
info|2019-12-12 18:57:51.416236|[P2P][Service] heartBeat,connected count=4
info|2019-12-12 18:57:51.681640|[g:1][CONSENSUS][SEALER]++++++++++++++++ Generating seal on,blkNum=69,tx=0,nodeIdx=1,hash=e3e0f8d6...
info|2019-12-12 18:57:51.698662|[g:1][CONSENSUS][PBFT]checkTimeout Succ,view=5693,toView=5694,nodeIdx=1,changeCycle=0,myNode=6a73c813...,timecost=0.447
info|2019-12-12 18:57:51.705492|[g:1][CONSENSUS][PBFT]checkAndChangeView: Reach consensus,org_view=5693,org_changeCycle=0,cur_changeCycle=0,to_view=5694
info|2019-12-12 18:57:52.702188|[g:1][CONSENSUS]addRawPrepare,height=69,reqIdx=2,hash=a0bb0f4a...
info|2019-12-12 18:57:52.702698|[g:1][CONSENSUS][PBFT]checkTimeout Succ,view=5694,toView=5695,nodeIdx=1,changeCycle=0,myNode=6a73c813...,timecost=0.455
info|2019-12-12 18:57:52.706865|[g:1][CONSENSUS][PBFT]checkAndChangeView: Reach consensus,org_view=5694,org_changeCycle=0,cur_changeCycle=0,to_view=5695
info|2019-12-12 18:57:53.712438|[g:1][CONSENSUS]addRawPrepare,height=69,reqIdx=3,hash=89d02afe...
info|2019-12-12 18:57:53.712933|[g:1][CONSENSUS][PBFT]checkTimeout Succ,view=5695,toView=5696,nodeIdx=1,changeCycle=0,myNode=6a73c813...,timecost=0.445
info|2019-12-12 18:57:53.718666|[g:1][CONSENSUS][PBFT]checkAndChangeView: Reach consensus,org_view=5695,org_changeCycle=0,cur_changeCycle=0,to_view=5696
info|2019-12-12 18:57:54.722655|[g:1][CONSENSUS]addRawPrepare,height=69,reqIdx=0,hash=8f576602...
info|2019-12-12 18:57:54.723086|[g:1][CONSENSUS][PBFT]checkTimeout Succ,view=5696,toView=5697,nodeIdx=1,changeCycle=0,myNode=6a73c813...,timecost=0.293
info|2019-12-12 18:57:54.731670|[g:1][CONSENSUS][PBFT]checkAndChangeView: Reach consensus,org_view=5696,org_changeCycle=0,cur_changeCycle=0,to_view=5697
info|2019-12-12 18:57:55.732108|[g:1][CONSENSUS][SEALER]++++++++++++++++ Generating seal on,blkNum=69,tx=0,nodeIdx=1,hash=59e2c9a2...
info|2019-12-12 18:57:55.742517|[g:1][CONSENSUS][PBFT]checkTimeout Succ,view=5697,toView=5698,nodeIdx=1,changeCycle=0,myNode=6a73c813...,timecost=0.414
info|2019-12-12 18:57:55.744248|[g:1][CONSENSUS][PBFT]checkAndChangeView: Reach consensus,org_view=5697,org_changeCycle=0,cur_changeCycle=0,to_view=5698
info|2019-12-12 18:57:56.742711|[g:1][CONSENSUS]addRawPrepare,height=69,reqIdx=2,hash=fe2d2fc0...
info|2019-12-12 18:57:56.743108|[g:1][CONSENSUS][PBFT]checkTimeout Succ,view=5698,toView=5699,nodeIdx=1,changeCycle=0,myNode=6a73c813...,timecost=0.357
info|2019-12-12 18:57:56.747970|[g:1][CONSENSUS][PBFT]checkAndChangeView: Reach consensus,org_view=5698,org_changeCycle=0,cur_changeCycle=0,to_view=5699
info|2019-12-12 18:57:57.754709|[g:1][CONSENSUS]addRawPrepare,height=69,reqIdx=3,hash=d609097a...
info|2019-12-12 18:57:57.755244|[g:1][CONSENSUS][PBFT]checkTimeout Succ,view=5699,toView=5700,nodeIdx=1,changeCycle=0,myNode=6a73c813...,timecost=0.425
info|2019-12-12 18:57:57.758409|[g:1][CONSENSUS][PBFT]checkAndChangeView: Reach consensus,org_view=5699,org_changeCycle=0,cur_changeCycle=0,to_view=5700
info|2019-12-12 18:57:58.771843|[g:1][CONSENSUS]addRawPrepare,height=69,reqIdx=0,hash=38799c44...
info|2019-12-12 18:57:58.772409|[g:1][CONSENSUS][PBFT]checkTimeout Succ,view=5700,toView=5701,nodeIdx=1,changeCycle=0,myNode=6a73c813...,timecost=0.431
info|2019-12-12 18:57:58.785945|[g:1][CONSENSUS][PBFT]checkAndChangeView: Reach consensus,org_view=5700,org_changeCycle=0,cur_changeCycle=0,to_view=5701
info|2019-12-12 18:57:59.787640|[g:1][CONSENSUS][SEALER]++++++++++++++++ Generating seal on,blkNum=69,tx=0,nodeIdx=1,hash=68c14a17...
info|2019-12-12 18:57:59.801937|[g:1][CONSENSUS][PBFT]checkTimeout Succ,view=5701,toView=5702,nodeIdx=1,changeCycle=0,myNode=6a73c813...,timecost=0.442
info|2019-12-12 18:57:59.803720|[g:1][CONSENSUS][PBFT]checkAndChangeView: Reach consensus,org_view=5701,org_changeCycle=0,cur_changeCycle=0,to_view=5702
info|2019-12-12 18:58:00.805346|[g:1][CONSENSUS]addRawPrepare,height=69,reqIdx=2,hash=eec14b5f...
info|2019-12-12 18:58:00.805757|[g:1][CONSENSUS][PBFT]checkTimeout Succ,view=5702,toView=5703,nodeIdx=1,changeCycle=0,myNode=6a73c813...,timecost=0.365
info|2019-12-12 18:58:00.812168|[g:1][CONSENSUS][PBFT]checkAndChangeView: Reach consensus,org_view=5702,org_changeCycle=0,cur_changeCycle=0,to_view=5703
info|2019-12-12 18:58:01.416923|[P2P][Service] heartBeat,connected count=4
info|2019-12-12 18:58:01.814935|[g:1][CONSENSUS]addRawPrepare,height=69,reqIdx=3,hash=e2de1c1c...
info|2019-12-12 18:58:01.818699|[g:1][CONSENSUS][PBFT]checkTimeout Succ,view=5703,toView=5704,nodeIdx=1,changeCycle=0,myNode=6a73c813...,timecost=3.746
info|2019-12-12 18:58:01.821708|[g:1][CONSENSUS][PBFT]checkAndChangeView: Reach consensus,org_view=5703,org_changeCycle=0,cur_changeCycle=0,to_view=5704
info|2019-12-12 18:58:02.824976|[g:1][CONSENSUS]addRawPrepare,height=69,reqIdx=0,hash=50194cd5...
info|2019-12-12 18:58:02.833619|[g:1][CONSENSUS][PBFT]checkTimeout Succ,view=5704,toView=5705,nodeIdx=1,changeCycle=0,myNode=6a73c813...,timecost=2.632
info|2019-12-12 18:58:02.834885|[g:1][CONSENSUS][PBFT]checkAndChangeView: Reach consensus,org_view=5704,org_changeCycle=0,cur_changeCycle=0,to_view=5705
info|2019-12-12 18:58:03.836353|[g:1][CONSENSUS][SEALER]++++++++++++++++ Generating seal on,blkNum=69,tx=0,nodeIdx=1,hash=989edc57...
info|2019-12-12 18:58:03.851378|[g:1][CONSENSUS][PBFT]checkTimeout Succ,view=5705,toView=5706,nodeIdx=1,changeCycle=0,myNode=6a73c813...,timecost=0.411
info|2019-12-12 18:58:03.854498|[g:1][CONSENSUS][PBFT]checkAndChangeView: Reach consensus,org_view=5705,org_changeCycle=0,cur_changeCycle=0,to_view=5706
info|2019-12-12 18:58:04.856709|[g:1][CONSENSUS]addRawPrepare,height=69,reqIdx=2,hash=ec0ebc52...
info|2019-12-12 18:58:04.858276|[g:1][CONSENSUS][PBFT]checkTimeout Succ,view=5706,toView=5707,nodeIdx=1,changeCycle=0,myNode=6a73c813...,timecost=1.494
info|2019-12-12 18:58:04.861425|[g:1][CONSENSUS][PBFT]checkAndChangeView: Reach consensus,org_view=5706,org_changeCycle=0,cur_changeCycle=0,to_view=5707
info|2019-12-12 18:58:05.870118|[g:1][CONSENSUS]addRawPrepare,height=69,reqIdx=3,hash=79d008fd...
info|2019-12-12 18:58:05.875536|[g:1][CONSENSUS][PBFT]checkTimeout Succ,view=5707,toView=5708,nodeIdx=1,changeCycle=0,myNode=6a73c813...,timecost=5.354
info|2019-12-12 18:58:05.878724|[g:1][CONSENSUS][PBFT]checkAndChangeView: Reach consensus,org_view=5707,org_changeCycle=0,cur_changeCycle=0,to_view=5708
info|2019-12-12 18:58:06.879448|[g:1][CONSENSUS]addRawPrepare,height=69,reqIdx=0,hash=475a94e2...
info|2019-12-12 18:58:06.880011|[g:1][CONSENSUS][PBFT]checkTimeout Succ,view=5708,toView=5709,nodeIdx=1,changeCycle=0,myNode=6a73c813...,timecost=0.435
info|2019-12-12 18:58:06.890489|[g:1][CONSENSUS][PBFT]checkAndChangeView: Reach consensus,org_view=5708,org_changeCycle=0,cur_changeCycle=0,to_view=5709
info|2019-12-12 18:58:07.891568|[g:1][CONSENSUS][SEALER]++++++++++++++++ Generating seal on,blkNum=69,tx=0,nodeIdx=1,hash=667a684c...
info|2019-12-12 18:58:07.911187|[g:1][CONSENSUS][PBFT]checkTimeout Succ,view=5709,toView=5710,nodeIdx=1,changeCycle=0,myNode=6a73c813...,timecost=0.457
info|2019-12-12 18:58:07.912907|[g:1][CONSENSUS][PBFT]checkAndChangeView: Reach consensus,org_view=5709,org_changeCycle=0,cur_changeCycle=0,to_view=5710
info|2019-12-12 18:58:08.913372|[g:1][CONSENSUS]addRawPrepare,height=69,reqIdx=2,hash=983faac6...
info|2019-12-12 18:58:08.913793|[g:1][CONSENSUS][PBFT]checkTimeout Succ,view=5710,toView=5711,nodeIdx=1,changeCycle=0,myNode=6a73c813...,timecost=0.362
info|2019-12-12 18:58:08.920135|[g:1][CONSENSUS][PBFT]checkAndChangeView: Reach consensus,org_view=5710,org_changeCycle=0,cur_changeCycle=0,to_view=5711
info|2019-12-12 18:58:09.926519|[g:1][CONSENSUS]addRawPrepare,height=69,reqIdx=3,hash=0fd2cccc...
info|2019-12-12 18:58:09.926901|[g:1][CONSENSUS][PBFT]checkTimeout Succ,view=5711,toView=5712,nodeIdx=1,changeCycle=0,myNode=6a73c813...,timecost=0.333
info|2019-12-12 18:58:09.930069|[g:1][CONSENSUS][PBFT]checkAndChangeView: Reach consensus,org_view=5711,org_changeCycle=0,cur_changeCycle=0,to_view=5712
info|2019-12-12 18:58:10.935377|[g:1][CONSENSUS]addRawPrepare,height=69,reqIdx=0,hash=35bdda8c...
info|2019-12-12 18:58:10.935756|[g:1][CONSENSUS][PBFT]checkTimeout Succ,view=5712,toView=5713,nodeIdx=1,changeCycle=0,myNode=6a73c813...,timecost=0.234
info|2019-12-12 18:58:10.942704|[g:1][CONSENSUS][PBFT]checkAndChangeView: Reach consensus,org_view=5712,org_changeCycle=0,cur_changeCycle=0,to_view=5713
info|2019-12-12 18:58:11.417181|[P2P][Service] heartBeat,connected count=4
info|2019-12-12 18:58:11.943408|[g:1][CONSENSUS][SEALER]++++++++++++++++ Generating seal on,blkNum=69,tx=0,nodeIdx=1,hash=cdaee004...
info|2019-12-12 18:58:11.957635|[g:1][CONSENSUS][PBFT]checkTimeout Succ,view=5713,toView=5714,nodeIdx=1,changeCycle=0,myNode=6a73c813...,timecost=0.374
info|2019-12-12 18:58:11.959257|[g:1][CONSENSUS][PBFT]checkAndChangeView: Reach consensus,org_view=5713,org_changeCycle=0,cur_changeCycle=0,to_view=5714
info|2019-12-12 18:58:12.958928|[g:1][CONSENSUS]addRawPrepare,height=69,reqIdx=2,hash=a5571e4a...
info|2019-12-12 18:58:12.959273|[g:1][CONSENSUS][PBFT]checkTimeout Succ,view=5714,toView=5715,nodeIdx=1,changeCycle=0,myNode=6a73c813...,timecost=0.285
info|2019-12-12 18:58:12.966690|[g:1][CONSENSUS][PBFT]checkAndChangeView: Reach consensus,org_view=5714,org_changeCycle=0,cur_changeCycle=0,to_view=5715
info|2019-12-12 18:58:13.974940|[g:1][CONSENSUS]addRawPrepare,height=69,reqIdx=3,hash=07b30eac...
info|2019-12-12 18:58:13.978366|[g:1][CONSENSUS][PBFT]checkTimeout Succ,view=5715,toView=5716,nodeIdx=1,changeCycle=0,myNode=6a73c813...,timecost=2.835
info|2019-12-12 18:58:13.981118|[g:1][CONSENSUS][PBFT]checkAndChangeView: Reach consensus,org_view=5715,org_changeCycle=0,cur_changeCycle=0,to_view=5716
info|2019-12-12 18:58:14.988223|[g:1][CONSENSUS]addRawPrepare,height=69,reqIdx=0,hash=cea5b47d...
info|2019-12-12 18:58:14.989243|[g:1][CONSENSUS][PBFT]checkTimeout Succ,view=5716,toView=5717,nodeIdx=1,changeCycle=0,myNode=6a73c813...,timecost=0.87
info|2019-12-12 18:58:14.998201|[g:1][CONSENSUS][PBFT]checkAndChangeView: Reach consensus,org_view=5716,org_changeCycle=0,cur_changeCycle=0,to_view=5717
info|2019-12-12 18:58:15.999385|[g:1][CONSENSUS][SEALER]++++++++++++++++ Generating seal on,blkNum=69,tx=0,nodeIdx=1,hash=b5a980c6...
info|2019-12-12 18:58:16.014675|[g:1][CONSENSUS][PBFT]checkTimeout Succ,view=5717,toView=5718,nodeIdx=1,changeCycle=0,myNode=6a73c813...,timecost=0.507
info|2019-12-12 18:58:16.019247|[g:1][CONSENSUS][PBFT]checkAndChangeView: Reach consensus,org_view=5717,org_changeCycle=0,cur_changeCycle=0,to_view=5718
info|2019-12-12 18:58:17.016141|[g:1][CONSENSUS]addRawPrepare,height=69,reqIdx=2,hash=7ba18b9b...
info|2019-12-12 18:58:17.016602|[g:1][CONSENSUS][PBFT]checkTimeout Succ,view=5718,toView=5719,nodeIdx=1,changeCycle=0,myNode=6a73c813...,timecost=0.361
info|2019-12-12 18:58:17.021184|[g:1][CONSENSUS][PBFT]checkAndChangeView: Reach consensus,org_view=5718,org_changeCycle=0,cur_changeCycle=0,to_view=5719
info|2019-12-12 18:58:18.030016|[g:1][CONSENSUS]addRawPrepare,height=69,reqIdx=3,hash=0a4ad0b1...
info|2019-12-12 18:58:18.030497|[g:1][CONSENSUS][PBFT]checkTimeout Succ,view=5719,toView=5720,nodeIdx=1,changeCycle=0,myNode=6a73c813...,timecost=0.409
info|2019-12-12 18:58:18.036566|[g:1][CONSENSUS][PBFT]checkAndChangeView: Reach consensus,org_view=5719,org_changeCycle=0,cur_changeCycle=0,to_view=5720
info|2019-12-12 18:58:19.039402|[g:1][CONSENSUS]addRawPrepare,height=69,reqIdx=0,hash=c1f0bc01...
info|2019-12-12 18:58:19.048134|[g:1][CONSENSUS][PBFT]checkTimeout Succ,view=5720,toView=5721,nodeIdx=1,changeCycle=0,myNode=6a73c813...,timecost=8.588
info|2019-12-12 18:58:19.050373|[g:1][CONSENSUS][PBFT]checkAndChangeView: Reach consensus,org_view=5720,org_changeCycle=0,cur_changeCycle=0,to_view=5721
info|2019-12-12 18:58:20.050626|[g:1][CONSENSUS][SEALER]++++++++++++++++ Generating seal on,blkNum=69,tx=0,nodeIdx=1,hash=3855b648...
info|2019-12-12 18:58:20.069744|[g:1][CONSENSUS][PBFT]checkTimeout Succ,view=5721,toView=5722,nodeIdx=1,changeCycle=0,myNode=6a73c813...,timecost=0.248
info|2019-12-12 18:58:20.074052|[g:1][CONSENSUS][PBFT]checkAndChangeView: Reach consensus,org_view=5721,org_changeCycle=0,cur_changeCycle=0,to_view=5722
info|2019-12-12 18:58:21.072335|[g:1][CONSENSUS]addRawPrepare,height=69,reqIdx=2,hash=dd30a3f6...
info|2019-12-12 18:58:21.076361|[g:1][CONSENSUS][PBFT]checkTimeout Succ,view=5722,toView=5723,nodeIdx=1,changeCycle=0,myNode=6a73c813...,timecost=3.862
info|2019-12-12 18:58:21.079256|[g:1][CONSENSUS][PBFT]checkAndChangeView: Reach consensus,org_view=5722,org_changeCycle=0,cur_changeCycle=0,to_view=5723
info|2019-12-12 18:58:21.417645|[P2P][Service] heartBeat,connected count=4
info|2019-12-12 18:58:22.082106|[g:1][CONSENSUS]addRawPrepare,height=69,reqIdx=3,hash=2e8e1b46...
info|2019-12-12 18:58:22.082560|[g:1][CONSENSUS][PBFT]checkTimeout Succ,view=5723,toView=5724,nodeIdx=1,changeCycle=0,myNode=6a73c813...,timecost=0.399
info|2019-12-12 18:58:22.090971|[g:1][CONSENSUS][PBFT]checkAndChangeView: Reach consensus,org_view=5723,org_changeCycle=0,cur_changeCycle=0,to_view=5724
info|2019-12-12 18:58:23.091403|[g:1][CONSENSUS]addRawPrepare,height=69,reqIdx=0,hash=52bf3d56...
info|2019-12-12 18:58:23.091967|[g:1][CONSENSUS][PBFT]checkTimeout Succ,view=5724,toView=5725,nodeIdx=1,changeCycle=0,myNode=6a73c813...,timecost=0.347
info|2019-12-12 18:58:23.098190|[g:1][CONSENSUS][PBFT]checkAndChangeView: Reach consensus,org_view=5724,org_changeCycle=0,cur_changeCycle=0,to_view=5725
info|2019-12-12 18:58:24.100640|[g:1][CONSENSUS][SEALER]++++++++++++++++ Generating seal on,blkNum=69,tx=0,nodeIdx=1,hash=031ed430...
info|2019-12-12 18:58:24.118448|[g:1][CONSENSUS][PBFT]checkTimeout Succ,view=5725,toView=5726,nodeIdx=1,changeCycle=0,myNode=6a73c813...,timecost=0.381
info|2019-12-12 18:58:24.128353|[g:1][CONSENSUS][PBFT]checkAndChangeView: Reach consensus,org_view=5725,org_changeCycle=0,cur_changeCycle=0,to_view=5726
info|2019-12-12 18:58:25.117066|[g:1][CONSENSUS]addRawPrepare,height=69,reqIdx=2,hash=b2db737a...
info|2019-12-12 18:58:25.117597|[g:1][CONSENSUS][PBFT]checkTimeout Succ,view=5726,toView=5727,nodeIdx=1,changeCycle=0,myNode=6a73c813...,timecost=0.461
info|2019-12-12 18:58:25.127122|[g:1][CONSENSUS][PBFT]checkAndChangeView: Reach consensus,org_view=5726,org_changeCycle=0,cur_changeCycle=0,to_view=5727
info|2019-12-12 18:58:26.140212|[g:1][CONSENSUS]addRawPrepare,height=69,reqIdx=3,hash=02383c93...
info|2019-12-12 18:58:26.140694|[g:1][CONSENSUS][PBFT]checkTimeout Succ,view=5727,toView=5728,nodeIdx=1,changeCycle=0,myNode=6a73c813...,timecost=0.414
info|2019-12-12 18:58:26.144966|[g:1][CONSENSUS][PBFT]checkAndChangeView: Reach consensus,org_view=5727,org_changeCycle=0,cur_changeCycle=0,to_view=5728
info|2019-12-12 18:58:27.147940|[g:1][CONSENSUS]addRawPrepare,height=69,reqIdx=0,hash=79a3ccfe...
info|2019-12-12 18:58:27.148497|[g:1][CONSENSUS][PBFT]checkTimeout Succ,view=5728,toView=5729,nodeIdx=1,changeCycle=0,myNode=6a73c813...,timecost=0.359
info|2019-12-12 18:58:27.157563|[g:1][CONSENSUS][PBFT]checkAndChangeView: Reach consensus,org_view=5728,org_changeCycle=0,cur_changeCycle=0,to_view=5729
info|2019-12-12 18:58:28.160181|[g:1][CONSENSUS][SEALER]++++++++++++++++ Generating seal on,blkNum=69,tx=0,nodeIdx=1,hash=ac82b6a6...
info|2019-12-12 18:58:28.176276|[g:1][CONSENSUS][PBFT]checkTimeout Succ,view=5729,toView=5730,nodeIdx=1,changeCycle=0,myNode=6a73c813...,timecost=0.397
info|2019-12-12 18:58:28.178348|[g:1][CONSENSUS][PBFT]checkAndChangeView: Reach consensus,org_view=5729,org_changeCycle=0,cur_changeCycle=0,to_view=5730
info|2019-12-12 18:58:29.175904|[g:1][CONSENSUS]addRawPrepare,height=69,reqIdx=2,hash=be3596c4...
info|2019-12-12 18:58:29.182259|[g:1][CONSENSUS][PBFT]checkTimeout Succ,view=5730,toView=5731,nodeIdx=1,changeCycle=0,myNode=6a73c813...,timecost=4.428
info|2019-12-12 18:58:29.184193|[g:1][CONSENSUS][PBFT]checkAndChangeView: Reach consensus,org_view=5730,org_changeCycle=0,cur_changeCycle=0,to_view=5731
info|2019-12-12 18:58:30.185097|[g:1][CONSENSUS]addRawPrepare,height=69,reqIdx=3,hash=9e221e9c...
info|2019-12-12 18:58:30.185465|[g:1][CONSENSUS][PBFT]checkTimeout Succ,view=5731,toView=5732,nodeIdx=1,changeCycle=0,myNode=6a73c813...,timecost=0.319
info|2019-12-12 18:58:30.190014|[g:1][CONSENSUS][PBFT]checkAndChangeView: Reach consensus,org_view=5731,org_changeCycle=0,cur_changeCycle=0,to_view=5732
info|2019-12-12 18:58:31.194534|[g:1][CONSENSUS]addRawPrepare,height=69,reqIdx=0,hash=fa2143fa...
info|2019-12-12 18:58:31.194844|[g:1][CONSENSUS][PBFT]checkTimeout Succ,view=5732,toView=5733,nodeIdx=1,changeCycle=0,myNode=6a73c813...,timecost=0.222
info|2019-12-12 18:58:31.199152|[g:1][CONSENSUS][PBFT]checkAndChangeView: Reach consensus,org_view=5732,org_changeCycle=0,cur_changeCycle=0,to_view=5733
info|2019-12-12 18:58:31.418311|[P2P][Service] heartBeat,connected count=4
info|2019-12-12 18:58:32.203276|[g:1][CONSENSUS][SEALER]++++++++++++++++ Generating seal on,blkNum=69,tx=0,nodeIdx=1,hash=6b3a880c...
info|2019-12-12 18:58:32.222868|[g:1][CONSENSUS][PBFT]checkTimeout Succ,view=5733,toView=5734,nodeIdx=1,changeCycle=0,myNode=6a73c813...,timecost=0.411
info|2019-12-12 18:58:32.226200|[g:1][CONSENSUS][PBFT]checkAndChangeView: Reach consensus,org_view=5733,org_changeCycle=0,cur_changeCycle=0,to_view=5734
info|2019-12-12 18:58:33.228222|[g:1][CONSENSUS]addRawPrepare,height=69,reqIdx=2,hash=b2d84969...
info|2019-12-12 18:58:33.232995|[g:1][CONSENSUS][PBFT]checkTimeout Succ,view=5734,toView=5735,nodeIdx=1,changeCycle=0,myNode=6a73c813...,timecost=4.62
info|2019-12-12 18:58:33.236349|[g:1][CONSENSUS][PBFT]checkAndChangeView: Reach consensus,org_view=5734,org_changeCycle=0,cur_changeCycle=0,to_view=5735
info|2019-12-12 18:58:34.244401|[g:1][CONSENSUS]addRawPrepare,height=69,reqIdx=3,hash=d3111aba...
info|2019-12-12 18:58:34.247925|[g:1][CONSENSUS][PBFT]checkTimeout Succ,view=5735,toView=5736,nodeIdx=1,changeCycle=0,myNode=6a73c813...,timecost=1.348
info|2019-12-12 18:58:34.248655|[g:1][CONSENSUS][PBFT]checkAndChangeView: Reach consensus,org_view=5735,org_changeCycle=0,cur_changeCycle=0,to_view=5736
info|2019-12-12 18:58:35.251964|[g:1][CONSENSUS]addRawPrepare,height=69,reqIdx=0,hash=0b79af13...
info|2019-12-12 18:58:35.252260|[g:1][CONSENSUS][PBFT]checkTimeout Succ,view=5736,toView=5737,nodeIdx=1,changeCycle=0,myNode=6a73c813...,timecost=0.217
info|2019-12-12 18:58:35.260806|[g:1][CONSENSUS][PBFT]checkAndChangeView: Reach consensus,org_view=5736,org_changeCycle=0,cur_changeCycle=0,to_view=5737
info|2019-12-12 18:58:36.262700|[g:1][CONSENSUS][SEALER]++++++++++++++++ Generating seal on,blkNum=69,tx=0,nodeIdx=1,hash=17ca5c40...
info|2019-12-12 18:58:36.276860|[g:1][CONSENSUS][PBFT]checkTimeout Succ,view=5737,toView=5738,nodeIdx=1,changeCycle=0,myNode=6a73c813...,timecost=0.697
info|2019-12-12 18:58:36.278531|[g:1][CONSENSUS][PBFT]checkAndChangeView: Reach consensus,org_view=5737,org_changeCycle=0,cur_changeCycle=0,to_view=5738
info|2019-12-12 18:58:37.278931|[g:1][CONSENSUS]addRawPrepare,height=69,reqIdx=2,hash=62331f35...
info|2019-12-12 18:58:37.279351|[g:1][CONSENSUS][PBFT]checkTimeout Succ,view=5738,toView=5739,nodeIdx=1,changeCycle=0,myNode=6a73c813...,timecost=0.363
info|2019-12-12 18:58:37.284427|[g:1][CONSENSUS][PBFT]checkAndChangeView: Reach consensus,org_view=5738,org_changeCycle=0,cur_changeCycle=0,to_view=5739
info|2019-12-12 18:58:38.291706|[g:1][CONSENSUS]addRawPrepare,height=69,reqIdx=3,hash=fe8a35e7...
info|2019-12-12 18:58:38.292249|[g:1][CONSENSUS][PBFT]checkTimeout Succ,view=5739,toView=5740,nodeIdx=1,changeCycle=0,myNode=6a73c813...,timecost=0.477
info|2019-12-12 18:58:38.297763|[g:1][CONSENSUS][PBFT]checkAndChangeView: Reach consensus,org_view=5739,org_changeCycle=0,cur_changeCycle=0,to_view=5740
info|2019-12-12 18:58:39.298629|[g:1][CONSENSUS]addRawPrepare,height=69,reqIdx=0,hash=a1151aa8...
info|2019-12-12 18:58:39.299167|[g:1][CONSENSUS][PBFT]checkTimeout Succ,view=5740,toView=5741,nodeIdx=1,changeCycle=0,myNode=6a73c813...,timecost=0.359
info|2019-12-12 18:58:39.311358|[g:1][CONSENSUS][PBFT]checkAndChangeView: Reach consensus,org_view=5740,org_changeCycle=0,cur_changeCycle=0,to_view=5741
info|2019-12-12 18:58:40.315212|[g:1][CONSENSUS][SEALER]++++++++++++++++ Generating seal on,blkNum=69,tx=0,nodeIdx=1,hash=6d0196a8...
info|2019-12-12 18:58:40.331310|[g:1][CONSENSUS][PBFT]checkTimeout Succ,view=5741,toView=5742,nodeIdx=1,changeCycle=0,myNode=6a73c813...,timecost=0.471
info|2019-12-12 18:58:40.333988|[g:1][CONSENSUS][PBFT]checkAndChangeView: Reach consensus,org_view=5741,org_changeCycle=0,cur_changeCycle=0,to_view=5742
info|2019-12-12 18:58:41.340080|[g:1][CONSENSUS]addRawPrepare,height=69,reqIdx=2,hash=5f1367ea...
info|2019-12-12 18:58:41.344035|[g:1][CONSENSUS][PBFT]checkTimeout Succ,view=5742,toView=5743,nodeIdx=1,changeCycle=0,myNode=6a73c813...,timecost=3.44
info|2019-12-12 18:58:41.344780|[g:1][CONSENSUS][PBFT]checkAndChangeView: Reach consensus,org_view=5742,org_changeCycle=0,cur_changeCycle=0,to_view=5743
info|2019-12-12 18:58:41.418509|[P2P][Service] heartBeat,connected count=4
info|2019-12-12 18:58:42.349975|[g:1][CONSENSUS]addRawPrepare,height=69,reqIdx=3,hash=2d82dfa7...
info|2019-12-12 18:58:42.351165|[g:1][CONSENSUS][PBFT]checkTimeout Succ,view=5743,toView=5744,nodeIdx=1,changeCycle=0,myNode=6a73c813...,timecost=1.186
info|2019-12-12 18:58:42.358185|[g:1][CONSENSUS][PBFT]checkAndChangeView: Reach consensus,org_view=5743,org_changeCycle=0,cur_changeCycle=0,to_view=5744
info|2019-12-12 18:58:43.369002|[g:1][CONSENSUS]addRawPrepare,height=69,reqIdx=0,hash=3ce4c1a8...
info|2019-12-12 18:58:43.369635|[g:1][CONSENSUS][PBFT]checkTimeout Succ,view=5744,toView=5745,nodeIdx=1,changeCycle=0,myNode=6a73c813...,timecost=0.394
info|2019-12-12 18:58:43.382373|[g:1][CONSENSUS][PBFT]checkAndChangeView: Reach consensus,org_view=5744,org_changeCycle=0,cur_changeCycle=0,to_view=5745
info|2019-12-12 18:58:44.389485|[g:1][CONSENSUS][SEALER]++++++++++++++++ Generating seal on,blkNum=69,tx=0,nodeIdx=1,hash=5bef4c59...
info|2019-12-12 18:58:44.403609|[g:1][CONSENSUS][PBFT]checkTimeout Succ,view=5745,toView=5746,nodeIdx=1,changeCycle=0,myNode=6a73c813...,timecost=0.434
info|2019-12-12 18:58:44.405630|[g:1][CONSENSUS][PBFT]checkAndChangeView: Reach consensus,org_view=5745,org_changeCycle=0,cur_changeCycle=0,to_view=5746
info|2019-12-12 18:58:45.404692|[g:1][CONSENSUS]addRawPrepare,height=69,reqIdx=2,hash=cdddb61f...
info|2019-12-12 18:58:45.405098|[g:1][CONSENSUS][PBFT]checkTimeout Succ,view=5746,toView=5747,nodeIdx=1,changeCycle=0,myNode=6a73c813...,timecost=0.369
info|2019-12-12 18:58:45.411353|[g:1][CONSENSUS][PBFT]checkAndChangeView: Reach consensus,org_view=5746,org_changeCycle=0,cur_changeCycle=0,to_view=5747
info|2019-12-12 18:58:46.418167|[g:1][CONSENSUS]addRawPrepare,height=69,reqIdx=3,hash=42252f8f...
info|2019-12-12 18:58:46.418925|[g:1][CONSENSUS][PBFT]checkTimeout Succ,view=5747,toView=5748,nodeIdx=1,changeCycle=0,myNode=6a73c813...,timecost=0.723
info|2019-12-12 18:58:46.424002|[g:1][CONSENSUS][PBFT]checkAndChangeView: Reach consensus,org_view=5747,org_changeCycle=0,cur_changeCycle=0,to_view=5748
info|2019-12-12 18:58:47.426191|[g:1][CONSENSUS]addRawPrepare,height=69,reqIdx=0,hash=8e78419a...
info|2019-12-12 18:58:47.431475|[g:1][CONSENSUS][PBFT]checkTimeout Succ,view=5748,toView=5749,nodeIdx=1,changeCycle=0,myNode=6a73c813...,timecost=5.039
info|2019-12-12 18:58:47.435651|[g:1][CONSENSUS][PBFT]checkAndChangeView: Reach consensus,org_view=5748,org_changeCycle=0,cur_changeCycle=0,to_view=5749
info|2019-12-12 18:58:48.439018|[g:1][CONSENSUS][SEALER]++++++++++++++++ Generating seal on,blkNum=69,tx=0,nodeIdx=1,hash=f9912079...
info|2019-12-12 18:58:48.453865|[g:1][CONSENSUS][PBFT]checkTimeout Succ,view=5749,toView=5750,nodeIdx=1,changeCycle=0,myNode=6a73c813...,timecost=0.374
info|2019-12-12 18:58:48.456771|[g:1][CONSENSUS][PBFT]checkAndChangeView: Reach consensus,org_view=5749,org_changeCycle=0,cur_changeCycle=0,to_view=5750
info|2019-12-12 18:58:49.456351|[g:1][CONSENSUS]addRawPrepare,height=69,reqIdx=2,hash=7787dfbd...
info|2019-12-12 18:58:49.456826|[g:1][CONSENSUS][PBFT]checkTimeout Succ,view=5750,toView=5751,nodeIdx=1,changeCycle=0,myNode=6a73c813...,timecost=0.424
info|2019-12-12 18:58:49.463099|[g:1][CONSENSUS][PBFT]checkAndChangeView: Reach consensus,org_view=5750,org_changeCycle=0,cur_changeCycle=0,to_view=5751
info|2019-12-12 18:58:50.480257|[g:1][CONSENSUS]addRawPrepare,height=69,reqIdx=3,hash=6ae5b0df...
info|2019-12-12 18:58:50.480734|[g:1][CONSENSUS][PBFT]checkTimeout Succ,view=5751,toView=5752,nodeIdx=1,changeCycle=0,myNode=6a73c813...,timecost=0.42
info|2019-12-12 18:58:50.487466|[g:1][CONSENSUS][PBFT]checkAndChangeView: Reach consensus,org_view=5751,org_changeCycle=0,cur_changeCycle=0,to_view=5752
info|2019-12-12 18:58:51.418924|[P2P][Service] heartBeat,connected count=4
info|2019-12-12 18:58:51.490617|[g:1][CONSENSUS]addRawPrepare,height=69,reqIdx=0,hash=b9f925d6...
info|2019-12-12 18:58:51.499047|[g:1][CONSENSUS][PBFT]checkTimeout Succ,view=5752,toView=5753,nodeIdx=1,changeCycle=0,myNode=6a73c813...,timecost=8.324
info|2019-12-12 18:58:51.500930|[g:1][CONSENSUS][PBFT]checkAndChangeView: Reach consensus,org_view=5752,org_changeCycle=0,cur_changeCycle=0,to_view=5753
info|2019-12-12 18:58:52.503593|[g:1][CONSENSUS][SEALER]++++++++++++++++ Generating seal on,blkNum=69,tx=0,nodeIdx=1,hash=5d4b2ab6...
info|2019-12-12 18:58:52.529492|[g:1][CONSENSUS][PBFT]checkTimeout Succ,view=5753,toView=5754,nodeIdx=1,changeCycle=0,myNode=6a73c813...,timecost=6.574
info|2019-12-12 18:58:52.531127|[g:1][CONSENSUS][PBFT]checkAndChangeView: Reach consensus,org_view=5753,org_changeCycle=0,cur_changeCycle=0,to_view=5754
info|2019-12-12 18:58:53.524281|[g:1][CONSENSUS]addRawPrepare,height=69,reqIdx=2,hash=083793a3...
info|2019-12-12 18:58:53.524766|[g:1][CONSENSUS][PBFT]checkTimeout Succ,view=5754,toView=5755,nodeIdx=1,changeCycle=0,myNode=6a73c813...,timecost=0.439
info|2019-12-12 18:58:53.531005|[g:1][CONSENSUS][PBFT]checkAndChangeView: Reach consensus,org_view=5754,org_changeCycle=0,cur_changeCycle=0,to_view=5755
info|2019-12-12 18:58:54.534460|[g:1][CONSENSUS]addRawPrepare,height=69,reqIdx=3,hash=0349e0de...
info|2019-12-12 18:58:54.534739|[g:1][CONSENSUS][PBFT]checkTimeout Succ,view=5755,toView=5756,nodeIdx=1,changeCycle=0,myNode=6a73c813...,timecost=0.241
info|2019-12-12 18:58:54.542023|[g:1][CONSENSUS][PBFT]checkAndChangeView: Reach consensus,org_view=5755,org_changeCycle=0,cur_changeCycle=0,to_view=5756
info|2019-12-12 18:58:55.543140|[g:1][CONSENSUS]addRawPrepare,height=69,reqIdx=0,hash=24c3185c...
info|2019-12-12 18:58:55.543663|[g:1][CONSENSUS][PBFT]checkTimeout Succ,view=5756,toView=5757,nodeIdx=1,changeCycle=0,myNode=6a73c813...,timecost=0.361
info|2019-12-12 18:58:55.550833|[g:1][CONSENSUS][PBFT]checkAndChangeView: Reach consensus,org_view=5756,org_changeCycle=0,cur_changeCycle=0,to_view=5757
info|2019-12-12 18:58:56.553309|[g:1][CONSENSUS][SEALER]++++++++++++++++ Generating seal on,blkNum=69,tx=0,nodeIdx=1,hash=9faacf67...
info|2019-12-12 18:58:56.571309|[g:1][CONSENSUS][PBFT]checkTimeout Succ,view=5757,toView=5758,nodeIdx=1,changeCycle=0,myNode=6a73c813...,timecost=0.5
info|2019-12-12 18:58:56.572885|[g:1][CONSENSUS][PBFT]checkAndChangeView: Reach consensus,org_view=5757,org_changeCycle=0,cur_changeCycle=0,to_view=5758
info|2019-12-12 18:58:57.574086|[g:1][CONSENSUS]addRawPrepare,height=69,reqIdx=2,hash=101ad68f...
info|2019-12-12 18:58:57.574556|[g:1][CONSENSUS][PBFT]checkTimeout Succ,view=5758,toView=5759,nodeIdx=1,changeCycle=0,myNode=6a73c813...,timecost=0.416
info|2019-12-12 18:58:57.578568|[g:1][CONSENSUS][PBFT]checkAndChangeView: Reach consensus,org_view=5758,org_changeCycle=0,cur_changeCycle=0,to_view=5759
info|2019-12-12 18:58:58.582973|[g:1][CONSENSUS]addRawPrepare,height=69,reqIdx=3,hash=c148e650...
info|2019-12-12 18:58:58.585314|[g:1][CONSENSUS][PBFT]checkTimeout Succ,view=5759,toView=5760,nodeIdx=1,changeCycle=0,myNode=6a73c813...,timecost=2.288
info|2019-12-12 18:58:58.589808|[g:1][CONSENSUS][PBFT]checkAndChangeView: Reach consensus,org_view=5759,org_changeCycle=0,cur_changeCycle=0,to_view=5760
info|2019-12-12 18:58:59.591162|[g:1][CONSENSUS]addRawPrepare,height=69,reqIdx=0,hash=95be6f02...
info|2019-12-12 18:58:59.591651|[g:1][CONSENSUS][PBFT]checkTimeout Succ,view=5760,toView=5761,nodeIdx=1,changeCycle=0,myNode=6a73c813...,timecost=0.331
info|2019-12-12 18:58:59.600371|[g:1][CONSENSUS][PBFT]checkAndChangeView: Reach consensus,org_view=5760,org_changeCycle=0,cur_changeCycle=0,to_view=5761
info|2019-12-12 18:59:00.604206|[g:1][CONSENSUS][SEALER]++++++++++++++++ Generating seal on,blkNum=69,tx=0,nodeIdx=1,hash=4dcb9d2e...
info|2019-12-12 18:59:00.618905|[g:1][CONSENSUS][PBFT]checkTimeout Succ,view=5761,toView=5762,nodeIdx=1,changeCycle=0,myNode=6a73c813...,timecost=0.378
info|2019-12-12 18:59:00.621217|[g:1][CONSENSUS][PBFT]checkAndChangeView: Reach consensus,org_view=5761,org_changeCycle=0,cur_changeCycle=0,to_view=5762
info|2019-12-12 18:59:01.419614|[P2P][Service] heartBeat,connected count=4
info|2019-12-12 18:59:01.621242|[g:1][CONSENSUS]addRawPrepare,height=69,reqIdx=2,hash=365bbd59...
info|2019-12-12 18:59:01.624184|[g:1][CONSENSUS][PBFT]checkTimeout Succ,view=5762,toView=5763,nodeIdx=1,changeCycle=0,myNode=6a73c813...,timecost=2.833
info|2019-12-12 18:59:01.627282|[g:1][CONSENSUS][PBFT]checkAndChangeView: Reach consensus,org_view=5762,org_changeCycle=0,cur_changeCycle=0,to_view=5763
info|2019-12-12 18:59:02.643010|[g:1][CONSENSUS]addRawPrepare,height=69,reqIdx=3,hash=bd4c10bc...
info|2019-12-12 18:59:02.645508|[g:1][CONSENSUS][PBFT]checkTimeout Succ,view=5763,toView=5764,nodeIdx=1,changeCycle=0,myNode=6a73c813...,timecost=2.453
info|2019-12-12 18:59:02.651420|[g:1][CONSENSUS][PBFT]checkAndChangeView: Reach consensus,org_view=5763,org_changeCycle=0,cur_changeCycle=0,to_view=5764
info|2019-12-12 18:59:03.654552|[g:1][CONSENSUS]addRawPrepare,height=69,reqIdx=0,hash=75a813bf...
info|2019-12-12 18:59:03.655242|[g:1][CONSENSUS][PBFT]checkTimeout Succ,view=5764,toView=5765,nodeIdx=1,changeCycle=0,myNode=6a73c813...,timecost=0.518
info|2019-12-12 18:59:03.665105|[g:1][CONSENSUS][PBFT]checkAndChangeView: Reach consensus,org_view=5764,org_changeCycle=0,cur_changeCycle=0,to_view=5765
info|2019-12-12 18:59:04.666674|[g:1][CONSENSUS][SEALER]++++++++++++++++ Generating seal on,blkNum=69,tx=0,nodeIdx=1,hash=4a2e3495...
info|2019-12-12 18:59:04.679813|[g:1][CONSENSUS][PBFT]checkTimeout Succ,view=5765,toView=5766,nodeIdx=1,changeCycle=0,myNode=6a73c813...,timecost=0.449
info|2019-12-12 18:59:04.681933|[g:1][CONSENSUS][PBFT]checkAndChangeView: Reach consensus,org_view=5765,org_changeCycle=0,cur_changeCycle=0,to_view=5766
info|2019-12-12 18:59:05.683886|[g:1][CONSENSUS]addRawPrepare,height=69,reqIdx=2,hash=fadace3b...
info|2019-12-12 18:59:05.684301|[g:1][CONSENSUS][PBFT]checkTimeout Succ,view=5766,toView=5767,nodeIdx=1,changeCycle=0,myNode=6a73c813...,timecost=0.357
info|2019-12-12 18:59:05.688239|[g:1][CONSENSUS][PBFT]checkAndChangeView: Reach consensus,org_view=5766,org_changeCycle=0,cur_changeCycle=0,to_view=5767
info|2019-12-12 18:59:06.694056|[g:1][CONSENSUS]addRawPrepare,height=69,reqIdx=3,hash=d9c286e0...
info|2019-12-12 18:59:06.694489|[g:1][CONSENSUS][PBFT]checkTimeout Succ,view=5767,toView=5768,nodeIdx=1,changeCycle=0,myNode=6a73c813...,timecost=0.371
info|2019-12-12 18:59:06.702052|[g:1][CONSENSUS][PBFT]checkAndChangeView: Reach consensus,org_view=5767,org_changeCycle=0,cur_changeCycle=0,to_view=5768
info|2019-12-12 18:59:07.704386|[g:1][CONSENSUS]addRawPrepare,height=69,reqIdx=0,hash=623d5ca3...
info|2019-12-12 18:59:07.704863|[g:1][CONSENSUS][PBFT]checkTimeout Succ,view=5768,toView=5769,nodeIdx=1,changeCycle=0,myNode=6a73c813...,timecost=0.377
info|2019-12-12 18:59:07.713575|[g:1][CONSENSUS][PBFT]checkAndChangeView: Reach consensus,org_view=5768,org_changeCycle=0,cur_changeCycle=0,to_view=5769
info|2019-12-12 18:59:08.714804|[g:1][CONSENSUS][SEALER]++++++++++++++++ Generating seal on,blkNum=69,tx=0,nodeIdx=1,hash=22ba6d2f...
info|2019-12-12 18:59:08.728955|[g:1][CONSENSUS][PBFT]checkTimeout Succ,view=5769,toView=5770,nodeIdx=1,changeCycle=0,myNode=6a73c813...,timecost=0.413
info|2019-12-12 18:59:08.730656|[g:1][CONSENSUS][PBFT]checkAndChangeView: Reach consensus,org_view=5769,org_changeCycle=0,cur_changeCycle=0,to_view=5770
info|2019-12-12 18:59:09.734332|[g:1][CONSENSUS]addRawPrepare,height=69,reqIdx=2,hash=766a388a...
info|2019-12-12 18:59:09.734813|[g:1][CONSENSUS][PBFT]checkTimeout Succ,view=5770,toView=5771,nodeIdx=1,changeCycle=0,myNode=6a73c813...,timecost=0.435
info|2019-12-12 18:59:09.743879|[g:1][CONSENSUS][PBFT]checkAndChangeView: Reach consensus,org_view=5770,org_changeCycle=0,cur_changeCycle=0,to_view=5771
info|2019-12-12 18:59:10.746691|[g:1][CONSENSUS]addRawPrepare,height=69,reqIdx=3,hash=4ea3806c...
info|2019-12-12 18:59:10.747114|[g:1][CONSENSUS][PBFT]checkTimeout Succ,view=5771,toView=5772,nodeIdx=1,changeCycle=0,myNode=6a73c813...,timecost=0.374
info|2019-12-12 18:59:10.752485|[g:1][CONSENSUS][PBFT]checkAndChangeView: Reach consensus,org_view=5771,org_changeCycle=0,cur_changeCycle=0,to_view=5772
info|2019-12-12 18:59:11.420001|[P2P][Service] heartBeat,connected count=4
info|2019-12-12 18:59:11.756976|[g:1][CONSENSUS]addRawPrepare,height=69,reqIdx=0,hash=c3280085...
info|2019-12-12 18:59:11.757598|[g:1][CONSENSUS][PBFT]checkTimeout Succ,view=5772,toView=5773,nodeIdx=1,changeCycle=0,myNode=6a73c813...,timecost=0.375
info|2019-12-12 18:59:11.767700|[g:1][CONSENSUS][PBFT]checkAndChangeView: Reach consensus,org_view=5772,org_changeCycle=0,cur_changeCycle=0,to_view=5773
info|2019-12-12 18:59:12.768590|[g:1][CONSENSUS][SEALER]++++++++++++++++ Generating seal on,blkNum=69,tx=0,nodeIdx=1,hash=609a49dc...
info|2019-12-12 18:59:12.782601|[g:1][CONSENSUS][PBFT]checkTimeout Succ,view=5773,toView=5774,nodeIdx=1,changeCycle=0,myNode=6a73c813...,timecost=0.441
info|2019-12-12 18:59:12.785917|[g:1][CONSENSUS][PBFT]checkAndChangeView: Reach consensus,org_view=5773,org_changeCycle=0,cur_changeCycle=0,to_view=5774
info|2019-12-12 18:59:13.784800|[g:1][CONSENSUS]addRawPrepare,height=69,reqIdx=2,hash=3ef78057...
info|2019-12-12 18:59:13.785375|[g:1][CONSENSUS][PBFT]checkTimeout Succ,view=5774,toView=5775,nodeIdx=1,changeCycle=0,myNode=6a73c813...,timecost=0.503
info|2019-12-12 18:59:13.790982|[g:1][CONSENSUS][PBFT]checkAndChangeView: Reach consensus,org_view=5774,org_changeCycle=0,cur_changeCycle=0,to_view=5775
info|2019-12-12 18:59:14.796267|[g:1][CONSENSUS]addRawPrepare,height=69,reqIdx=3,hash=8e16970e...
info|2019-12-12 18:59:14.796657|[g:1][CONSENSUS][PBFT]checkTimeout Succ,view=5775,toView=5776,nodeIdx=1,changeCycle=0,myNode=6a73c813...,timecost=0.344
info|2019-12-12 18:59:14.801943|[g:1][CONSENSUS][PBFT]checkAndChangeView: Reach consensus,org_view=5775,org_changeCycle=0,cur_changeCycle=0,to_view=5776
info|2019-12-12 18:59:15.806220|[g:1][CONSENSUS]addRawPrepare,height=69,reqIdx=0,hash=44680679...
info|2019-12-12 18:59:15.807065|[g:1][CONSENSUS][PBFT]checkTimeout Succ,view=5776,toView=5777,nodeIdx=1,changeCycle=0,myNode=6a73c813...,timecost=0.699
info|2019-12-12 18:59:15.820492|[g:1][CONSENSUS][PBFT]checkAndChangeView: Reach consensus,org_view=5776,org_changeCycle=0,cur_changeCycle=0,to_view=5777
info|2019-12-12 18:59:16.821816|[g:1][CONSENSUS][SEALER]++++++++++++++++ Generating seal on,blkNum=69,tx=0,nodeIdx=1,hash=dead8f5d...
info|2019-12-12 18:59:16.838021|[g:1][CONSENSUS][PBFT]checkTimeout Succ,view=5777,toView=5778,nodeIdx=1,changeCycle=0,myNode=6a73c813...,timecost=0.367
info|2019-12-12 18:59:16.840418|[g:1][CONSENSUS][PBFT]checkAndChangeView: Reach consensus,org_view=5777,org_changeCycle=0,cur_changeCycle=0,to_view=5778
info|2019-12-12 18:59:17.842040|[g:1][CONSENSUS]addRawPrepare,height=69,reqIdx=2,hash=9d2b1f26...
info|2019-12-12 18:59:17.842453|[g:1][CONSENSUS][PBFT]checkTimeout Succ,view=5778,toView=5779,nodeIdx=1,changeCycle=0,myNode=6a73c813...,timecost=0.372
info|2019-12-12 18:59:17.846079|[g:1][CONSENSUS][PBFT]checkAndChangeView: Reach consensus,org_view=5778,org_changeCycle=0,cur_changeCycle=0,to_view=5779
info|2019-12-12 18:59:18.850855|[g:1][CONSENSUS]addRawPrepare,height=69,reqIdx=3,hash=5af7cfcc...
info|2019-12-12 18:59:18.851281|[g:1][CONSENSUS][PBFT]checkTimeout Succ,view=5779,toView=5780,nodeIdx=1,changeCycle=0,myNode=6a73c813...,timecost=0.368
info|2019-12-12 18:59:18.856347|[g:1][CONSENSUS][PBFT]checkAndChangeView: Reach consensus,org_view=5779,org_changeCycle=0,cur_changeCycle=0,to_view=5780
info|2019-12-12 18:59:19.861782|[g:1][CONSENSUS]addRawPrepare,height=69,reqIdx=0,hash=b212a2f8...
info|2019-12-12 18:59:19.862342|[g:1][CONSENSUS][PBFT]checkTimeout Succ,view=5780,toView=5781,nodeIdx=1,changeCycle=0,myNode=6a73c813...,timecost=0.352
info|2019-12-12 18:59:19.871454|[g:1][CONSENSUS][PBFT]checkAndChangeView: Reach consensus,org_view=5780,org_changeCycle=0,cur_changeCycle=0,to_view=5781
info|2019-12-12 18:59:20.876464|[g:1][CONSENSUS][SEALER]++++++++++++++++ Generating seal on,blkNum=69,tx=0,nodeIdx=1,hash=e93b5cd2...
info|2019-12-12 18:59:20.891689|[g:1][CONSENSUS][PBFT]checkTimeout Succ,view=5781,toView=5782,nodeIdx=1,changeCycle=0,myNode=6a73c813...,timecost=0.424
info|2019-12-12 18:59:20.894469|[g:1][CONSENSUS][PBFT]checkAndChangeView: Reach consensus,org_view=5781,org_changeCycle=0,cur_changeCycle=0,to_view=5782
info|2019-12-12 18:59:21.420491|[P2P][Service] heartBeat,connected count=4
info|2019-12-12 18:59:21.893620|[g:1][CONSENSUS]addRawPrepare,height=69,reqIdx=2,hash=8e2fa566...
info|2019-12-12 18:59:21.894150|[g:1][CONSENSUS][PBFT]checkTimeout Succ,view=5782,toView=5783,nodeIdx=1,changeCycle=0,myNode=6a73c813...,timecost=0.472
info|2019-12-12 18:59:21.900009|[g:1][CONSENSUS][PBFT]checkAndChangeView: Reach consensus,org_view=5782,org_changeCycle=0,cur_changeCycle=0,to_view=5783
info|2019-12-12 18:59:22.909662|[g:1][CONSENSUS]addRawPrepare,height=69,reqIdx=3,hash=07cd5e1d...
info|2019-12-12 18:59:22.915874|[g:1][CONSENSUS][PBFT]checkTimeout Succ,view=5783,toView=5784,nodeIdx=1,changeCycle=0,myNode=6a73c813...,timecost=5.431
info|2019-12-12 18:59:22.917159|[g:1][CONSENSUS][PBFT]checkAndChangeView: Reach consensus,org_view=5783,org_changeCycle=0,cur_changeCycle=0,to_view=5784
info|2019-12-12 18:59:23.914571|[g:1][CONSENSUS]addRawPrepare,height=69,reqIdx=0,hash=dbe762a8...
info|2019-12-12 18:59:23.915107|[g:1][CONSENSUS][PBFT]checkTimeout Succ,view=5784,toView=5785,nodeIdx=1,changeCycle=0,myNode=6a73c813...,timecost=0.41
info|2019-12-12 18:59:23.924235|[g:1][CONSENSUS][PBFT]checkAndChangeView: Reach consensus,org_view=5784,org_changeCycle=0,cur_changeCycle=0,to_view=5785
info|2019-12-12 18:59:24.926985|[g:1][CONSENSUS][SEALER]++++++++++++++++ Generating seal on,blkNum=69,tx=0,nodeIdx=1,hash=b004cdc6...
info|2019-12-12 18:59:24.939645|[g:1][CONSENSUS][PBFT]checkTimeout Succ,view=5785,toView=5786,nodeIdx=1,changeCycle=0,myNode=6a73c813...,timecost=0.668
info|2019-12-12 18:59:24.943786|[g:1][CONSENSUS][PBFT]checkAndChangeView: Reach consensus,org_view=5785,org_changeCycle=0,cur_changeCycle=0,to_view=5786
info|2019-12-12 18:59:25.945794|[g:1][CONSENSUS]addRawPrepare,height=69,reqIdx=2,hash=435bd694...
info|2019-12-12 18:59:25.946282|[g:1][CONSENSUS][PBFT]checkTimeout Succ,view=5786,toView=5787,nodeIdx=1,changeCycle=0,myNode=6a73c813...,timecost=0.382
info|2019-12-12 18:59:25.950073|[g:1][CONSENSUS][PBFT]checkAndChangeView: Reach consensus,org_view=5786,org_changeCycle=0,cur_changeCycle=0,to_view=5787
info|2019-12-12 18:59:26.957247|[g:1][CONSENSUS]addRawPrepare,height=69,reqIdx=3,hash=e7411ada...
info|2019-12-12 18:59:26.961212|[g:1][CONSENSUS][PBFT]checkTimeout Succ,view=5787,toView=5788,nodeIdx=1,changeCycle=0,myNode=6a73c813...,timecost=2.83
info|2019-12-12 18:59:26.963727|[g:1][CONSENSUS][PBFT]checkAndChangeView: Reach consensus,org_view=5787,org_changeCycle=0,cur_changeCycle=0,to_view=5788
info|2019-12-12 18:59:27.964520|[g:1][CONSENSUS]addRawPrepare,height=69,reqIdx=0,hash=0233fde9...
info|2019-12-12 18:59:27.964895|[g:1][CONSENSUS][PBFT]checkTimeout Succ,view=5788,toView=5789,nodeIdx=1,changeCycle=0,myNode=6a73c813...,timecost=0.27
info|2019-12-12 18:59:27.973670|[g:1][CONSENSUS][PBFT]checkAndChangeView: Reach consensus,org_view=5788,org_changeCycle=0,cur_changeCycle=0,to_view=5789
info|2019-12-12 18:59:28.976116|[g:1][CONSENSUS][SEALER]++++++++++++++++ Generating seal on,blkNum=69,tx=0,nodeIdx=1,hash=d33da88d...
info|2019-12-12 18:59:28.991179|[g:1][CONSENSUS][PBFT]checkTimeout Succ,view=5789,toView=5790,nodeIdx=1,changeCycle=0,myNode=6a73c813...,timecost=0.258
info|2019-12-12 18:59:28.992967|[g:1][CONSENSUS][PBFT]checkAndChangeView: Reach consensus,org_view=5789,org_changeCycle=0,cur_changeCycle=0,to_view=5790
info|2019-12-12 18:59:29.992779|[g:1][CONSENSUS]addRawPrepare,height=69,reqIdx=2,hash=6b4388b2...
info|2019-12-12 18:59:29.993200|[g:1][CONSENSUS][PBFT]checkTimeout Succ,view=5790,toView=5791,nodeIdx=1,changeCycle=0,myNode=6a73c813...,timecost=0.364
info|2019-12-12 18:59:29.997061|[g:1][CONSENSUS][PBFT]checkAndChangeView: Reach consensus,org_view=5790,org_changeCycle=0,cur_changeCycle=0,to_view=5791
info|2019-12-12 18:59:31.004430|[g:1][CONSENSUS]addRawPrepare,height=69,reqIdx=3,hash=da59f635...
info|2019-12-12 18:59:31.004893|[g:1][CONSENSUS][PBFT]checkTimeout Succ,view=5791,toView=5792,nodeIdx=1,changeCycle=0,myNode=6a73c813...,timecost=0.404
info|2019-12-12 18:59:31.012167|[g:1][CONSENSUS][PBFT]checkAndChangeView: Reach consensus,org_view=5791,org_changeCycle=0,cur_changeCycle=0,to_view=5792
info|2019-12-12 18:59:31.420962|[P2P][Service] heartBeat,connected count=4
info|2019-12-12 18:59:32.014857|[g:1][CONSENSUS]addRawPrepare,height=69,reqIdx=0,hash=6476e236...
info|2019-12-12 18:59:32.015646|[g:1][CONSENSUS][PBFT]checkTimeout Succ,view=5792,toView=5793,nodeIdx=1,changeCycle=0,myNode=6a73c813...,timecost=0.354
info|2019-12-12 18:59:32.031232|[g:1][CONSENSUS][PBFT]checkAndChangeView: Reach consensus,org_view=5792,org_changeCycle=0,cur_changeCycle=0,to_view=5793
info|2019-12-12 18:59:33.034761|[g:1][CONSENSUS][SEALER]++++++++++++++++ Generating seal on,blkNum=69,tx=0,nodeIdx=1,hash=358890b6...
info|2019-12-12 18:59:33.047999|[g:1][CONSENSUS][PBFT]checkTimeout Succ,view=5793,toView=5794,nodeIdx=1,changeCycle=0,myNode=6a73c813...,timecost=0.679
info|2019-12-12 18:59:33.051134|[g:1][CONSENSUS][PBFT]checkAndChangeView: Reach consensus,org_view=5793,org_changeCycle=0,cur_changeCycle=0,to_view=5794
info|2019-12-12 18:59:34.053852|[g:1][CONSENSUS]addRawPrepare,height=69,reqIdx=2,hash=d8e82277...
info|2019-12-12 18:59:34.055868|[g:1][CONSENSUS][PBFT]checkTimeout Succ,view=5794,toView=5795,nodeIdx=1,changeCycle=0,myNode=6a73c813...,timecost=1.881
info|2019-12-12 18:59:34.057929|[g:1][CONSENSUS][PBFT]checkAndChangeView: Reach consensus,org_view=5794,org_changeCycle=0,cur_changeCycle=0,to_view=5795
info|2019-12-12 18:59:35.067199|[g:1][CONSENSUS]addRawPrepare,height=69,reqIdx=3,hash=c22da8ca...
info|2019-12-12 18:59:35.067687|[g:1][CONSENSUS][PBFT]checkTimeout Succ,view=5795,toView=5796,nodeIdx=1,changeCycle=0,myNode=6a73c813...,timecost=0.396
info|2019-12-12 18:59:35.073526|[g:1][CONSENSUS][PBFT]checkAndChangeView: Reach consensus,org_view=5795,org_changeCycle=0,cur_changeCycle=0,to_view=5796
info|2019-12-12 18:59:36.083326|[g:1][CONSENSUS]addRawPrepare,height=69,reqIdx=0,hash=88151b03...
info|2019-12-12 18:59:36.083900|[g:1][CONSENSUS][PBFT]checkTimeout Succ,view=5796,toView=5797,nodeIdx=1,changeCycle=0,myNode=6a73c813...,timecost=0.362
info|2019-12-12 18:59:36.103396|[g:1][CONSENSUS][PBFT]checkAndChangeView: Reach consensus,org_view=5796,org_changeCycle=0,cur_changeCycle=0,to_view=5797
info|2019-12-12 18:59:37.107505|[g:1][CONSENSUS][SEALER]++++++++++++++++ Generating seal on,blkNum=69,tx=0,nodeIdx=1,hash=e04195cd...
info|2019-12-12 18:59:37.123123|[g:1][CONSENSUS][PBFT]checkTimeout Succ,view=5797,toView=5798,nodeIdx=1,changeCycle=0,myNode=6a73c813...,timecost=0.367
info|2019-12-12 18:59:37.125600|[g:1][CONSENSUS][PBFT]checkAndChangeView: Reach consensus,org_view=5797,org_changeCycle=0,cur_changeCycle=0,to_view=5798
info|2019-12-12 18:59:38.123442|[g:1][CONSENSUS]addRawPrepare,height=69,reqIdx=2,hash=4045da36...
info|2019-12-12 18:59:38.123954|[g:1][CONSENSUS][PBFT]checkTimeout Succ,view=5798,toView=5799,nodeIdx=1,changeCycle=0,myNode=6a73c813...,timecost=0.414
info|2019-12-12 18:59:38.127833|[g:1][CONSENSUS][PBFT]checkAndChangeView: Reach consensus,org_view=5798,org_changeCycle=0,cur_changeCycle=0,to_view=5799
info|2019-12-12 18:59:39.137364|[g:1][CONSENSUS]addRawPrepare,height=69,reqIdx=3,hash=84dc37ef...
info|2019-12-12 18:59:39.142767|[g:1][CONSENSUS][PBFT]checkTimeout Succ,view=5799,toView=5800,nodeIdx=1,changeCycle=0,myNode=6a73c813...,timecost=4.985
info|2019-12-12 18:59:39.143584|[g:1][CONSENSUS][PBFT]checkAndChangeView: Reach consensus,org_view=5799,org_changeCycle=0,cur_changeCycle=0,to_view=5800
info|2019-12-12 18:59:40.145511|[g:1][CONSENSUS]addRawPrepare,height=69,reqIdx=0,hash=f337aeac...
info|2019-12-12 18:59:40.146057|[g:1][CONSENSUS][PBFT]checkTimeout Succ,view=5800,toView=5801,nodeIdx=1,changeCycle=0,myNode=6a73c813...,timecost=0.354
info|2019-12-12 18:59:40.154264|[g:1][CONSENSUS][PBFT]checkAndChangeView: Reach consensus,org_view=5800,org_changeCycle=0,cur_changeCycle=0,to_view=5801
info|2019-12-12 18:59:41.155156|[g:1][CONSENSUS][SEALER]++++++++++++++++ Generating seal on,blkNum=69,tx=0,nodeIdx=1,hash=7d004a98...
info|2019-12-12 18:59:41.169782|[g:1][CONSENSUS][PBFT]checkTimeout Succ,view=5801,toView=5802,nodeIdx=1,changeCycle=0,myNode=6a73c813...,timecost=0.345
info|2019-12-12 18:59:41.171131|[g:1][CONSENSUS][PBFT]checkAndChangeView: Reach consensus,org_view=5801,org_changeCycle=0,cur_changeCycle=0,to_view=5802
info|2019-12-12 18:59:41.421462|[P2P][Service] heartBeat,connected count=4
info|2019-12-12 18:59:42.177491|[g:1][CONSENSUS]addRawPrepare,height=69,reqIdx=2,hash=451401a4...
info|2019-12-12 18:59:42.179235|[g:1][CONSENSUS][PBFT]checkTimeout Succ,view=5802,toView=5803,nodeIdx=1,changeCycle=0,myNode=6a73c813...,timecost=1.687
info|2019-12-12 18:59:42.183141|[g:1][CONSENSUS][PBFT]checkAndChangeView: Reach consensus,org_view=5802,org_changeCycle=0,cur_changeCycle=0,to_view=5803
info|2019-12-12 18:59:43.188658|[g:1][CONSENSUS]addRawPrepare,height=69,reqIdx=3,hash=b2fd77ef...
info|2019-12-12 18:59:43.190984|[g:1][CONSENSUS][PBFT]checkTimeout Succ,view=5803,toView=5804,nodeIdx=1,changeCycle=0,myNode=6a73c813...,timecost=2.286
info|2019-12-12 18:59:43.195186|[g:1][CONSENSUS][PBFT]checkAndChangeView: Reach consensus,org_view=5803,org_changeCycle=0,cur_changeCycle=0,to_view=5804
info|2019-12-12 18:59:44.197333|[g:1][CONSENSUS]addRawPrepare,height=69,reqIdx=0,hash=245f052a...
info|2019-12-12 18:59:44.197834|[g:1][CONSENSUS][PBFT]checkTimeout Succ,view=5804,toView=5805,nodeIdx=1,changeCycle=0,myNode=6a73c813...,timecost=0.347
info|2019-12-12 18:59:44.205113|[g:1][CONSENSUS][PBFT]checkAndChangeView: Reach consensus,org_view=5804,org_changeCycle=0,cur_changeCycle=0,to_view=5805
info|2019-12-12 18:59:45.207172|[g:1][CONSENSUS][SEALER]++++++++++++++++ Generating seal on,blkNum=69,tx=0,nodeIdx=1,hash=30d2c134...
info|2019-12-12 18:59:45.222175|[g:1][CONSENSUS][PBFT]checkTimeout Succ,view=5805,toView=5806,nodeIdx=1,changeCycle=0,myNode=6a73c813...,timecost=1.44
info|2019-12-12 18:59:45.224752|[g:1][CONSENSUS][PBFT]checkAndChangeView: Reach consensus,org_view=5805,org_changeCycle=0,cur_changeCycle=0,to_view=5806
info|2019-12-12 18:59:46.222075|[g:1][CONSENSUS]addRawPrepare,height=69,reqIdx=2,hash=6c88bb77...
info|2019-12-12 18:59:46.222497|[g:1][CONSENSUS][PBFT]checkTimeout Succ,view=5806,toView=5807,nodeIdx=1,changeCycle=0,myNode=6a73c813...,timecost=0.339
info|2019-12-12 18:59:46.227286|[g:1][CONSENSUS][PBFT]checkAndChangeView: Reach consensus,org_view=5806,org_changeCycle=0,cur_changeCycle=0,to_view=5807
info|2019-12-12 18:59:47.232130|[g:1][CONSENSUS]addRawPrepare,height=69,reqIdx=3,hash=54d60ea4...
info|2019-12-12 18:59:47.235630|[g:1][CONSENSUS][PBFT]checkTimeout Succ,view=5807,toView=5808,nodeIdx=1,changeCycle=0,myNode=6a73c813...,timecost=3.458
info|2019-12-12 18:59:47.238923|[g:1][CONSENSUS][PBFT]checkAndChangeView: Reach consensus,org_view=5807,org_changeCycle=0,cur_changeCycle=0,to_view=5808
info|2019-12-12 18:59:48.242600|[g:1][CONSENSUS]addRawPrepare,height=69,reqIdx=0,hash=6a517ecd...
info|2019-12-12 18:59:48.243127|[g:1][CONSENSUS][PBFT]checkTimeout Succ,view=5808,toView=5809,nodeIdx=1,changeCycle=0,myNode=6a73c813...,timecost=0.35
info|2019-12-12 18:59:48.252071|[g:1][CONSENSUS][PBFT]checkAndChangeView: Reach consensus,org_view=5808,org_changeCycle=0,cur_changeCycle=0,to_view=5809
info|2019-12-12 18:59:49.255572|[g:1][CONSENSUS][SEALER]++++++++++++++++ Generating seal on,blkNum=69,tx=0,nodeIdx=1,hash=d9da26a7...
info|2019-12-12 18:59:49.270563|[g:1][CONSENSUS][PBFT]checkTimeout Succ,view=5809,toView=5810,nodeIdx=1,changeCycle=0,myNode=6a73c813...,timecost=0.368
info|2019-12-12 18:59:49.272564|[g:1][CONSENSUS][PBFT]checkAndChangeView: Reach consensus,org_view=5809,org_changeCycle=0,cur_changeCycle=0,to_view=5810
info|2019-12-12 18:59:50.270160|[g:1][CONSENSUS]addRawPrepare,height=69,reqIdx=2,hash=e42ad68c...
info|2019-12-12 18:59:50.270539|[g:1][CONSENSUS][PBFT]checkTimeout Succ,view=5810,toView=5811,nodeIdx=1,changeCycle=0,myNode=6a73c813...,timecost=0.251
info|2019-12-12 18:59:50.274473|[g:1][CONSENSUS][PBFT]checkAndChangeView: Reach consensus,org_view=5810,org_changeCycle=0,cur_changeCycle=0,to_view=5811
info|2019-12-12 18:59:51.278992|[g:1][CONSENSUS]addRawPrepare,height=69,reqIdx=3,hash=661e2701...
info|2019-12-12 18:59:51.281206|[g:1][CONSENSUS][PBFT]checkTimeout Succ,view=5811,toView=5812,nodeIdx=1,changeCycle=0,myNode=6a73c813...,timecost=2.163
info|2019-12-12 18:59:51.287392|[g:1][CONSENSUS][PBFT]checkAndChangeView: Reach consensus,org_view=5811,org_changeCycle=0,cur_changeCycle=0,to_view=5812
info|2019-12-12 18:59:51.421649|[P2P][Service] heartBeat,connected count=4
info|2019-12-12 18:59:52.288491|[g:1][CONSENSUS]addRawPrepare,height=69,reqIdx=0,hash=c53c7255...
info|2019-12-12 18:59:52.288989|[g:1][CONSENSUS][PBFT]checkTimeout Succ,view=5812,toView=5813,nodeIdx=1,changeCycle=0,myNode=6a73c813...,timecost=0.353
info|2019-12-12 18:59:52.296485|[g:1][CONSENSUS][PBFT]checkAndChangeView: Reach consensus,org_view=5812,org_changeCycle=0,cur_changeCycle=0,to_view=5813
info|2019-12-12 18:59:53.299414|[g:1][CONSENSUS][SEALER]++++++++++++++++ Generating seal on,blkNum=69,tx=0,nodeIdx=1,hash=4d82148b...
info|2019-12-12 18:59:53.312991|[g:1][CONSENSUS][PBFT]checkTimeout Succ,view=5813,toView=5814,nodeIdx=1,changeCycle=0,myNode=6a73c813...,timecost=0.457
info|2019-12-12 18:59:53.316415|[g:1][CONSENSUS][PBFT]checkAndChangeView: Reach consensus,org_view=5813,org_changeCycle=0,cur_changeCycle=0,to_view=5814
info|2019-12-12 18:59:54.316031|[g:1][CONSENSUS]addRawPrepare,height=69,reqIdx=2,hash=5ba4cb9d...
info|2019-12-12 18:59:54.316459|[g:1][CONSENSUS][PBFT]checkTimeout Succ,view=5814,toView=5815,nodeIdx=1,changeCycle=0,myNode=6a73c813...,timecost=0.377
info|2019-12-12 18:59:54.321522|[g:1][CONSENSUS][PBFT]checkAndChangeView: Reach consensus,org_view=5814,org_changeCycle=0,cur_changeCycle=0,to_view=5815
info|2019-12-12 18:59:55.335409|[g:1][CONSENSUS]addRawPrepare,height=69,reqIdx=3,hash=06092cc3...
info|2019-12-12 18:59:55.337779|[g:1][CONSENSUS][PBFT]checkTimeout Succ,view=5815,toView=5816,nodeIdx=1,changeCycle=0,myNode=6a73c813...,timecost=1.949
info|2019-12-12 18:59:55.338705|[g:1][CONSENSUS][PBFT]checkAndChangeView: Reach consensus,org_view=5815,org_changeCycle=0,cur_changeCycle=0,to_view=5816
info|2019-12-12 18:59:56.338378|[g:1][CONSENSUS]addRawPrepare,height=69,reqIdx=0,hash=d5242f93...
info|2019-12-12 18:59:56.346024|[g:1][CONSENSUS][PBFT]checkTimeout Succ,view=5816,toView=5817,nodeIdx=1,changeCycle=0,myNode=6a73c813...,timecost=7.399
info|2019-12-12 18:59:56.347870|[g:1][CONSENSUS][PBFT]checkAndChangeView: Reach consensus,org_view=5816,org_changeCycle=0,cur_changeCycle=0,to_view=5817
info|2019-12-12 18:59:57.348458|[g:1][CONSENSUS][SEALER]++++++++++++++++ Generating seal on,blkNum=69,tx=0,nodeIdx=1,hash=9915a73a...
info|2019-12-12 18:59:57.362343|[g:1][CONSENSUS][PBFT]checkTimeout Succ,view=5817,toView=5818,nodeIdx=1,changeCycle=0,myNode=6a73c813...,timecost=0.44
info|2019-12-12 18:59:57.364402|[g:1][CONSENSUS][PBFT]checkAndChangeView: Reach consensus,org_view=5817,org_changeCycle=0,cur_changeCycle=0,to_view=5818
info|2019-12-12 18:59:58.364451|[g:1][CONSENSUS]addRawPrepare,height=69,reqIdx=2,hash=280d196a...
info|2019-12-12 18:59:58.364877|[g:1][CONSENSUS][PBFT]checkTimeout Succ,view=5818,toView=5819,nodeIdx=1,changeCycle=0,myNode=6a73c813...,timecost=0.39
info|2019-12-12 18:59:58.366990|[g:1][CONSENSUS][PBFT]checkAndChangeView: Reach consensus,org_view=5818,org_changeCycle=0,cur_changeCycle=0,to_view=5819
info|2019-12-12 18:59:59.373937|[g:1][CONSENSUS]addRawPrepare,height=69,reqIdx=3,hash=7c043d66...
info|2019-12-12 18:59:59.374205|[g:1][CONSENSUS][PBFT]checkTimeout Succ,view=5819,toView=5820,nodeIdx=1,changeCycle=0,myNode=6a73c813...,timecost=0.238
info|2019-12-12 18:59:59.376045|[g:1][CONSENSUS][PBFT]checkAndChangeView: Reach consensus,org_view=5819,org_changeCycle=0,cur_changeCycle=0,to_view=5820
