info|2019-10-23 21:00:00.124287|[g:1][CONSENSUS]addRawPrepare,height=5,reqIdx=3,hash=e0b1bd26...
info|2019-10-23 21:00:00.126292|[g:1][CONSENSUS][PBFT]checkTimeout Succ,view=291,toView=292,nodeIdx=1,changeCycle=0,myNode=6a73c813...,timecost=1.535
info|2019-10-23 21:00:00.131953|[g:1][CONSENSUS][PBFT]checkAndChangeView: Reach consensus,org_view=291,org_changeCycle=0,cur_changeCycle=0,to_view=292
info|2019-10-23 21:00:01.187010|[g:1][CONSENSUS]addRawPrepare,height=5,reqIdx=0,hash=b1661b92...
info|2019-10-23 21:00:01.187360|[g:1][CONSENSUS][PBFT]checkTimeout Succ,view=292,toView=293,nodeIdx=1,changeCycle=0,myNode=6a73c813...,timecost=0.252
info|2019-10-23 21:00:01.195549|[g:1][CONSENSUS][PBFT]checkAndChangeView: Reach consensus,org_view=292,org_changeCycle=0,cur_changeCycle=0,to_view=293
info|2019-10-23 21:00:02.197727|[g:1][CONSENSUS][SEALER]++++++++++++++++ Generating seal on,blkNum=5,tx=0,nodeIdx=1,hash=c3e1675b...
info|2019-10-23 21:00:02.208364|[g:1][CONSENSUS][PBFT]checkTimeout Succ,view=293,toView=294,nodeIdx=1,changeCycle=0,myNode=6a73c813...,timecost=0.433
info|2019-10-23 21:00:02.209663|[g:1][CONSENSUS][PBFT]checkAndChangeView: Reach consensus,org_view=293,org_changeCycle=0,cur_changeCycle=0,to_view=294
info|2019-10-23 21:00:03.211161|[g:1][CONSENSUS]addRawPrepare,height=5,reqIdx=2,hash=8de45d39...
info|2019-10-23 21:00:03.212666|[g:1][CONSENSUS][PBFT]checkTimeout Succ,view=294,toView=295,nodeIdx=1,changeCycle=0,myNode=6a73c813...,timecost=1.175
info|2019-10-23 21:00:03.230682|[g:1][CONSENSUS][PBFT]checkAndChangeView: Reach consensus,org_view=294,org_changeCycle=0,cur_changeCycle=0,to_view=295
info|2019-10-23 21:00:04.246801|[g:1][CONSENSUS]addRawPrepare,height=5,reqIdx=3,hash=66d1783f...
info|2019-10-23 21:00:04.247314|[g:1][CONSENSUS][PBFT]checkTimeout Succ,view=295,toView=296,nodeIdx=1,changeCycle=0,myNode=6a73c813...,timecost=0.375
info|2019-10-23 21:00:04.257332|[g:1][CONSENSUS][PBFT]checkAndChangeView: Reach consensus,org_view=295,org_changeCycle=0,cur_changeCycle=0,to_view=296
info|2019-10-23 21:00:05.262080|[g:1][CONSENSUS]addRawPrepare,height=5,reqIdx=0,hash=5fd8f43d...
info|2019-10-23 21:00:05.262419|[g:1][CONSENSUS][PBFT]checkTimeout Succ,view=296,toView=297,nodeIdx=1,changeCycle=0,myNode=6a73c813...,timecost=0.249
info|2019-10-23 21:00:05.267991|[g:1][CONSENSUS][PBFT]checkAndChangeView: Reach consensus,org_view=296,org_changeCycle=0,cur_changeCycle=0,to_view=297
info|2019-10-23 21:00:06.269684|[g:1][CONSENSUS][SEALER]++++++++++++++++ Generating seal on,blkNum=5,tx=0,nodeIdx=1,hash=0d438a47...
info|2019-10-23 21:00:06.286250|[g:1][CONSENSUS][PBFT]checkTimeout Succ,view=297,toView=298,nodeIdx=1,changeCycle=0,myNode=6a73c813...,timecost=0.964
info|2019-10-23 21:00:06.289233|[g:1][CONSENSUS][PBFT]checkAndChangeView: Reach consensus,org_view=297,org_changeCycle=0,cur_changeCycle=0,to_view=298
info|2019-10-23 21:00:07.134579|[P2P][Service] heartBeat,connected count=3
info|2019-10-23 21:00:07.288533|[g:1][CONSENSUS]addRawPrepare,height=5,reqIdx=2,hash=1db56a36...
info|2019-10-23 21:00:07.292441|[g:1][CONSENSUS][PBFT]checkTimeout Succ,view=298,toView=299,nodeIdx=1,changeCycle=0,myNode=6a73c813...,timecost=3.759
info|2019-10-23 21:00:07.305679|[g:1][CONSENSUS][PBFT]checkAndChangeView: Reach consensus,org_view=298,org_changeCycle=0,cur_changeCycle=0,to_view=299
info|2019-10-23 21:00:08.310505|[g:1][CONSENSUS]addRawPrepare,height=5,reqIdx=3,hash=5a3906f6...
info|2019-10-23 21:00:08.314049|[g:1][CONSENSUS][PBFT]checkTimeout Succ,view=299,toView=300,nodeIdx=1,changeCycle=0,myNode=6a73c813...,timecost=3.478
info|2019-10-23 21:00:08.316253|[g:1][CONSENSUS][PBFT]checkAndChangeView: Reach consensus,org_view=299,org_changeCycle=0,cur_changeCycle=0,to_view=300
info|2019-10-23 21:00:09.319921|[g:1][CONSENSUS]addRawPrepare,height=5,reqIdx=0,hash=841cb2f6...
info|2019-10-23 21:00:09.320379|[g:1][CONSENSUS][PBFT]checkTimeout Succ,view=300,toView=301,nodeIdx=1,changeCycle=0,myNode=6a73c813...,timecost=0.317
info|2019-10-23 21:00:09.331060|[g:1][CONSENSUS][PBFT]checkAndChangeView: Reach consensus,org_view=300,org_changeCycle=0,cur_changeCycle=0,to_view=301
info|2019-10-23 21:00:10.333009|[g:1][CONSENSUS][SEALER]++++++++++++++++ Generating seal on,blkNum=5,tx=0,nodeIdx=1,hash=08e079c8...
info|2019-10-23 21:00:10.350832|[g:1][CONSENSUS][PBFT]checkTimeout Succ,view=301,toView=302,nodeIdx=1,changeCycle=0,myNode=6a73c813...,timecost=0.439
info|2019-10-23 21:00:10.357388|[g:1][CONSENSUS][PBFT]checkAndChangeView: Reach consensus,org_view=301,org_changeCycle=0,cur_changeCycle=0,to_view=302
info|2019-10-23 21:00:11.372315|[g:1][CONSENSUS]addRawPrepare,height=5,reqIdx=2,hash=a38b7a2e...
info|2019-10-23 21:00:11.372650|[g:1][CONSENSUS][PBFT]checkTimeout Succ,view=302,toView=303,nodeIdx=1,changeCycle=0,myNode=6a73c813...,timecost=0.244
info|2019-10-23 21:00:11.373927|[g:1][CONSENSUS][PBFT]checkAndChangeView: Reach consensus,org_view=302,org_changeCycle=0,cur_changeCycle=0,to_view=303
info|2019-10-23 21:00:12.386508|[g:1][CONSENSUS]addRawPrepare,height=5,reqIdx=3,hash=46825069...
info|2019-10-23 21:00:12.389259|[g:1][CONSENSUS][PBFT]checkTimeout Succ,view=303,toView=304,nodeIdx=1,changeCycle=0,myNode=6a73c813...,timecost=2.274
info|2019-10-23 21:00:12.393670|[g:1][CONSENSUS][PBFT]checkAndChangeView: Reach consensus,org_view=303,org_changeCycle=0,cur_changeCycle=0,to_view=304
info|2019-10-23 21:00:13.414885|[g:1][CONSENSUS]addRawPrepare,height=5,reqIdx=0,hash=2d42bbf1...
info|2019-10-23 21:00:13.429995|[g:1][CONSENSUS][PBFT]checkTimeout Succ,view=304,toView=305,nodeIdx=1,changeCycle=0,myNode=6a73c813...,timecost=9.69
info|2019-10-23 21:00:13.449624|[g:1][CONSENSUS][PBFT]checkAndChangeView: Reach consensus,org_view=304,org_changeCycle=0,cur_changeCycle=0,to_view=305
info|2019-10-23 21:00:14.453033|[g:1][CONSENSUS][SEALER]++++++++++++++++ Generating seal on,blkNum=5,tx=0,nodeIdx=1,hash=ca393750...
info|2019-10-23 21:00:14.472320|[g:1][CONSENSUS][PBFT]checkTimeout Succ,view=305,toView=306,nodeIdx=1,changeCycle=0,myNode=6a73c813...,timecost=1.21
info|2019-10-23 21:00:14.475055|[g:1][CONSENSUS][PBFT]checkAndChangeView: Reach consensus,org_view=305,org_changeCycle=0,cur_changeCycle=0,to_view=306
info|2019-10-23 21:00:15.480696|[g:1][CONSENSUS]addRawPrepare,height=5,reqIdx=2,hash=b4147dbe...
info|2019-10-23 21:00:15.481123|[g:1][CONSENSUS][PBFT]checkTimeout Succ,view=306,toView=307,nodeIdx=1,changeCycle=0,myNode=6a73c813...,timecost=0.372
info|2019-10-23 21:00:15.485501|[g:1][CONSENSUS][PBFT]checkAndChangeView: Reach consensus,org_view=306,org_changeCycle=0,cur_changeCycle=0,to_view=307
info|2019-10-23 21:00:16.495507|[g:1][CONSENSUS]addRawPrepare,height=5,reqIdx=3,hash=ae9abe8f...
info|2019-10-23 21:00:16.503829|[g:1][CONSENSUS][PBFT]checkTimeout Succ,view=307,toView=308,nodeIdx=1,changeCycle=0,myNode=6a73c813...,timecost=4.744
info|2019-10-23 21:00:16.504737|[g:1][CONSENSUS][PBFT]checkAndChangeView: Reach consensus,org_view=307,org_changeCycle=0,cur_changeCycle=0,to_view=308
info|2019-10-23 21:00:17.135463|[P2P][Service] heartBeat,connected count=3
info|2019-10-23 21:00:17.507855|[g:1][CONSENSUS]addRawPrepare,height=5,reqIdx=0,hash=8bc54b99...
info|2019-10-23 21:00:17.508289|[g:1][CONSENSUS][PBFT]checkTimeout Succ,view=308,toView=309,nodeIdx=1,changeCycle=0,myNode=6a73c813...,timecost=0.392
info|2019-10-23 21:00:17.515132|[g:1][CONSENSUS][PBFT]checkAndChangeView: Reach consensus,org_view=308,org_changeCycle=0,cur_changeCycle=0,to_view=309
info|2019-10-23 21:00:18.516368|[g:1][CONSENSUS][SEALER]++++++++++++++++ Generating seal on,blkNum=5,tx=0,nodeIdx=1,hash=845cd7d4...
info|2019-10-23 21:00:18.541681|[g:1][CONSENSUS][PBFT]checkTimeout Succ,view=309,toView=310,nodeIdx=1,changeCycle=0,myNode=6a73c813...,timecost=0.361
info|2019-10-23 21:00:18.546587|[g:1][CONSENSUS][PBFT]checkAndChangeView: Reach consensus,org_view=309,org_changeCycle=0,cur_changeCycle=0,to_view=310
info|2019-10-23 21:00:19.551081|[g:1][CONSENSUS]addRawPrepare,height=5,reqIdx=2,hash=11734dce...
info|2019-10-23 21:00:19.563842|[g:1][CONSENSUS][PBFT]checkTimeout Succ,view=310,toView=311,nodeIdx=1,changeCycle=0,myNode=6a73c813...,timecost=6.214
info|2019-10-23 21:00:19.576131|[g:1][CONSENSUS][PBFT]checkAndChangeView: Reach consensus,org_view=310,org_changeCycle=0,cur_changeCycle=0,to_view=311
info|2019-10-23 21:00:20.589864|[g:1][CONSENSUS]addRawPrepare,height=5,reqIdx=3,hash=45b9f7ba...
info|2019-10-23 21:00:20.600430|[g:1][CONSENSUS][PBFT]checkTimeout Succ,view=311,toView=312,nodeIdx=1,changeCycle=0,myNode=6a73c813...,timecost=8.838
info|2019-10-23 21:00:20.606753|[g:1][CONSENSUS][PBFT]checkAndChangeView: Reach consensus,org_view=311,org_changeCycle=0,cur_changeCycle=0,to_view=312
info|2019-10-23 21:00:21.615114|[g:1][CONSENSUS]addRawPrepare,height=5,reqIdx=0,hash=f2ebe390...
info|2019-10-23 21:00:21.675150|[g:1][CONSENSUS][PBFT]checkTimeout Succ,view=312,toView=313,nodeIdx=1,changeCycle=0,myNode=6a73c813...,timecost=24.968
info|2019-10-23 21:00:21.680318|[g:1][CONSENSUS][PBFT]checkAndChangeView: Reach consensus,org_view=312,org_changeCycle=0,cur_changeCycle=0,to_view=313
info|2019-10-23 21:00:22.681131|[g:1][CONSENSUS][SEALER]++++++++++++++++ Generating seal on,blkNum=5,tx=0,nodeIdx=1,hash=2cd713c7...
info|2019-10-23 21:00:22.701439|[g:1][CONSENSUS][PBFT]checkTimeout Succ,view=313,toView=314,nodeIdx=1,changeCycle=0,myNode=6a73c813...,timecost=1.158
info|2019-10-23 21:00:22.716974|[g:1][CONSENSUS][PBFT]checkAndChangeView: Reach consensus,org_view=313,org_changeCycle=0,cur_changeCycle=0,to_view=314
info|2019-10-23 21:00:23.738285|[g:1][CONSENSUS]addRawPrepare,height=5,reqIdx=2,hash=dd2212f9...
info|2019-10-23 21:00:23.744940|[g:1][CONSENSUS][PBFT]checkTimeout Succ,view=314,toView=315,nodeIdx=1,changeCycle=0,myNode=6a73c813...,timecost=6.099
info|2019-10-23 21:00:23.760401|[g:1][CONSENSUS][PBFT]checkAndChangeView: Reach consensus,org_view=314,org_changeCycle=0,cur_changeCycle=0,to_view=315
info|2019-10-23 21:00:24.787477|[g:1][CONSENSUS]addRawPrepare,height=5,reqIdx=3,hash=a38f4a1e...
info|2019-10-23 21:00:24.842290|[g:1][CONSENSUS][PBFT]checkTimeout Succ,view=315,toView=316,nodeIdx=1,changeCycle=0,myNode=6a73c813...,timecost=33.063
info|2019-10-23 21:00:24.883888|[g:1][CONSENSUS][PBFT]checkAndChangeView: Reach consensus,org_view=315,org_changeCycle=0,cur_changeCycle=0,to_view=316
info|2019-10-23 21:00:25.889435|[g:1][CONSENSUS]addRawPrepare,height=5,reqIdx=0,hash=1f4dd14b...
info|2019-10-23 21:00:25.897752|[g:1][CONSENSUS][PBFT]checkTimeout Succ,view=316,toView=317,nodeIdx=1,changeCycle=0,myNode=6a73c813...,timecost=1.078
info|2019-10-23 21:00:25.923690|[g:1][CONSENSUS][PBFT]checkAndChangeView: Reach consensus,org_view=316,org_changeCycle=0,cur_changeCycle=0,to_view=317
info|2019-10-23 21:00:26.954866|[g:1][CONSENSUS][SEALER]++++++++++++++++ Generating seal on,blkNum=5,tx=0,nodeIdx=1,hash=84174f12...
info|2019-10-23 21:00:26.971248|[g:1][CONSENSUS][PBFT]checkTimeout Succ,view=317,toView=318,nodeIdx=1,changeCycle=0,myNode=6a73c813...,timecost=0.504
info|2019-10-23 21:00:26.975404|[g:1][CONSENSUS][PBFT]checkAndChangeView: Reach consensus,org_view=317,org_changeCycle=0,cur_changeCycle=0,to_view=318
info|2019-10-23 21:00:27.136110|[P2P][Service] heartBeat,connected count=3
info|2019-10-23 21:00:27.979525|[g:1][CONSENSUS]addRawPrepare,height=5,reqIdx=2,hash=97dbe81a...
info|2019-10-23 21:00:27.979853|[g:1][CONSENSUS][PBFT]checkTimeout Succ,view=318,toView=319,nodeIdx=1,changeCycle=0,myNode=6a73c813...,timecost=0.3
info|2019-10-23 21:00:27.985295|[g:1][CONSENSUS][PBFT]checkAndChangeView: Reach consensus,org_view=318,org_changeCycle=0,cur_changeCycle=0,to_view=319
info|2019-10-23 21:00:28.997412|[g:1][CONSENSUS]addRawPrepare,height=5,reqIdx=3,hash=20d31b44...
info|2019-10-23 21:00:29.006312|[g:1][CONSENSUS][PBFT]checkTimeout Succ,view=319,toView=320,nodeIdx=1,changeCycle=0,myNode=6a73c813...,timecost=1.363
info|2019-10-23 21:00:29.042366|[g:1][CONSENSUS][PBFT]checkAndChangeView: Reach consensus,org_view=319,org_changeCycle=0,cur_changeCycle=0,to_view=320
info|2019-10-23 21:00:30.043454|[g:1][CONSENSUS]addRawPrepare,height=5,reqIdx=0,hash=3c2b3c8e...
info|2019-10-23 21:00:30.044872|[g:1][CONSENSUS][PBFT]checkTimeout Succ,view=320,toView=321,nodeIdx=1,changeCycle=0,myNode=6a73c813...,timecost=1.218
info|2019-10-23 21:00:30.070447|[g:1][CONSENSUS][PBFT]checkAndChangeView: Reach consensus,org_view=320,org_changeCycle=0,cur_changeCycle=0,to_view=321
info|2019-10-23 21:00:31.074437|[g:1][CONSENSUS][SEALER]++++++++++++++++ Generating seal on,blkNum=5,tx=0,nodeIdx=1,hash=d24244e8...
info|2019-10-23 21:00:31.102057|[g:1][CONSENSUS][PBFT]checkTimeout Succ,view=321,toView=322,nodeIdx=1,changeCycle=0,myNode=6a73c813...,timecost=1.368
info|2019-10-23 21:00:31.108189|[g:1][CONSENSUS][PBFT]checkAndChangeView: Reach consensus,org_view=321,org_changeCycle=0,cur_changeCycle=0,to_view=322
info|2019-10-23 21:00:32.148769|[g:1][CONSENSUS]addRawPrepare,height=5,reqIdx=2,hash=36972449...
info|2019-10-23 21:00:32.174139|[g:1][CONSENSUS][PBFT]checkTimeout Succ,view=322,toView=323,nodeIdx=1,changeCycle=0,myNode=6a73c813...,timecost=25.072
info|2019-10-23 21:00:32.181220|[g:1][CONSENSUS][PBFT]checkAndChangeView: Reach consensus,org_view=322,org_changeCycle=0,cur_changeCycle=0,to_view=323
info|2019-10-23 21:00:33.190005|[g:1][CONSENSUS]addRawPrepare,height=5,reqIdx=3,hash=684bcfa3...
info|2019-10-23 21:00:33.198356|[g:1][CONSENSUS][PBFT]checkTimeout Succ,view=323,toView=324,nodeIdx=1,changeCycle=0,myNode=6a73c813...,timecost=6.05
info|2019-10-23 21:00:33.214774|[g:1][CONSENSUS][PBFT]checkAndChangeView: Reach consensus,org_view=323,org_changeCycle=0,cur_changeCycle=0,to_view=324
info|2019-10-23 21:00:34.221365|[g:1][CONSENSUS]addRawPrepare,height=5,reqIdx=0,hash=2868e315...
info|2019-10-23 21:00:34.231451|[g:1][CONSENSUS][PBFT]checkTimeout Succ,view=324,toView=325,nodeIdx=1,changeCycle=0,myNode=6a73c813...,timecost=6.354
info|2019-10-23 21:00:34.255467|[g:1][CONSENSUS][PBFT]checkAndChangeView: Reach consensus,org_view=324,org_changeCycle=0,cur_changeCycle=0,to_view=325
info|2019-10-23 21:00:35.259661|[g:1][CONSENSUS][SEALER]++++++++++++++++ Generating seal on,blkNum=5,tx=0,nodeIdx=1,hash=4790bbd2...
info|2019-10-23 21:00:35.281940|[g:1][CONSENSUS][PBFT]checkTimeout Succ,view=325,toView=326,nodeIdx=1,changeCycle=0,myNode=6a73c813...,timecost=1.566
info|2019-10-23 21:00:35.288634|[g:1][CONSENSUS][PBFT]checkAndChangeView: Reach consensus,org_view=325,org_changeCycle=0,cur_changeCycle=0,to_view=326
info|2019-10-23 21:00:36.305568|[g:1][CONSENSUS]addRawPrepare,height=5,reqIdx=2,hash=50e9f4ec...
info|2019-10-23 21:00:36.317982|[g:1][CONSENSUS][PBFT]checkTimeout Succ,view=326,toView=327,nodeIdx=1,changeCycle=0,myNode=6a73c813...,timecost=11.645
info|2019-10-23 21:00:36.337914|[g:1][CONSENSUS][PBFT]checkAndChangeView: Reach consensus,org_view=326,org_changeCycle=0,cur_changeCycle=0,to_view=327
info|2019-10-23 21:00:37.136394|[P2P][Service] heartBeat,connected count=3
info|2019-10-23 21:00:37.352891|[g:1][CONSENSUS]addRawPrepare,height=5,reqIdx=3,hash=74087950...
info|2019-10-23 21:00:37.384083|[g:1][CONSENSUS][PBFT]checkTimeout Succ,view=327,toView=328,nodeIdx=1,changeCycle=0,myNode=6a73c813...,timecost=28.912
info|2019-10-23 21:00:37.396910|[g:1][CONSENSUS][PBFT]checkAndChangeView: Reach consensus,org_view=327,org_changeCycle=0,cur_changeCycle=0,to_view=328
info|2019-10-23 21:00:38.401363|[g:1][CONSENSUS]addRawPrepare,height=5,reqIdx=0,hash=f988e6dc...
info|2019-10-23 21:00:38.410972|[g:1][CONSENSUS][PBFT]checkTimeout Succ,view=328,toView=329,nodeIdx=1,changeCycle=0,myNode=6a73c813...,timecost=9.398
info|2019-10-23 21:00:38.424356|[g:1][CONSENSUS][PBFT]checkAndChangeView: Reach consensus,org_view=328,org_changeCycle=0,cur_changeCycle=0,to_view=329
info|2019-10-23 21:00:39.433373|[g:1][CONSENSUS][SEALER]++++++++++++++++ Generating seal on,blkNum=5,tx=0,nodeIdx=1,hash=76f3be7e...
info|2019-10-23 21:00:39.455148|[g:1][CONSENSUS][PBFT]checkTimeout Succ,view=329,toView=330,nodeIdx=1,changeCycle=0,myNode=6a73c813...,timecost=2.461
info|2019-10-23 21:00:39.466873|[g:1][CONSENSUS][PBFT]checkAndChangeView: Reach consensus,org_view=329,org_changeCycle=0,cur_changeCycle=0,to_view=330
info|2019-10-23 21:00:40.493125|[g:1][CONSENSUS]addRawPrepare,height=5,reqIdx=2,hash=3018cd12...
info|2019-10-23 21:00:40.519700|[g:1][CONSENSUS][PBFT]checkTimeout Succ,view=330,toView=331,nodeIdx=1,changeCycle=0,myNode=6a73c813...,timecost=9.857
info|2019-10-23 21:00:40.528276|[g:1][CONSENSUS][PBFT]checkAndChangeView: Reach consensus,org_view=330,org_changeCycle=0,cur_changeCycle=0,to_view=331
info|2019-10-23 21:00:41.531378|[g:1][CONSENSUS]addRawPrepare,height=5,reqIdx=3,hash=1877c693...
info|2019-10-23 21:00:41.541496|[g:1][CONSENSUS][PBFT]checkTimeout Succ,view=331,toView=332,nodeIdx=1,changeCycle=0,myNode=6a73c813...,timecost=9.95
info|2019-10-23 21:00:41.549740|[g:1][CONSENSUS][PBFT]checkAndChangeView: Reach consensus,org_view=331,org_changeCycle=0,cur_changeCycle=0,to_view=332
info|2019-10-23 21:00:42.547862|[g:1][CONSENSUS]addRawPrepare,height=5,reqIdx=0,hash=b9f0ced7...
info|2019-10-23 21:00:42.548280|[g:1][CONSENSUS][PBFT]checkTimeout Succ,view=332,toView=333,nodeIdx=1,changeCycle=0,myNode=6a73c813...,timecost=0.336
info|2019-10-23 21:00:42.557088|[g:1][CONSENSUS][PBFT]checkAndChangeView: Reach consensus,org_view=332,org_changeCycle=0,cur_changeCycle=0,to_view=333
info|2019-10-23 21:00:43.557542|[g:1][CONSENSUS][SEALER]++++++++++++++++ Generating seal on,blkNum=5,tx=0,nodeIdx=1,hash=94bc0a1d...
info|2019-10-23 21:00:43.566984|[g:1][CONSENSUS][PBFT]checkTimeout Succ,view=333,toView=334,nodeIdx=1,changeCycle=0,myNode=6a73c813...,timecost=0.419
info|2019-10-23 21:00:43.568786|[g:1][CONSENSUS][PBFT]checkAndChangeView: Reach consensus,org_view=333,org_changeCycle=0,cur_changeCycle=0,to_view=334
info|2019-10-23 21:00:44.567705|[g:1][CONSENSUS]addRawPrepare,height=5,reqIdx=2,hash=c0d253de...
info|2019-10-23 21:00:44.568139|[g:1][CONSENSUS][PBFT]checkTimeout Succ,view=334,toView=335,nodeIdx=1,changeCycle=0,myNode=6a73c813...,timecost=0.375
info|2019-10-23 21:00:44.573218|[g:1][CONSENSUS][PBFT]checkAndChangeView: Reach consensus,org_view=334,org_changeCycle=0,cur_changeCycle=0,to_view=335
info|2019-10-23 21:00:45.579602|[g:1][CONSENSUS]addRawPrepare,height=5,reqIdx=3,hash=01fe4ef8...
info|2019-10-23 21:00:45.586862|[g:1][CONSENSUS][PBFT]checkTimeout Succ,view=335,toView=336,nodeIdx=1,changeCycle=0,myNode=6a73c813...,timecost=7.202
info|2019-10-23 21:00:45.593338|[g:1][CONSENSUS][PBFT]checkAndChangeView: Reach consensus,org_view=335,org_changeCycle=0,cur_changeCycle=0,to_view=336
info|2019-10-23 21:00:46.604817|[g:1][CONSENSUS]addRawPrepare,height=5,reqIdx=0,hash=08606903...
info|2019-10-23 21:00:46.605400|[g:1][CONSENSUS][PBFT]checkTimeout Succ,view=336,toView=337,nodeIdx=1,changeCycle=0,myNode=6a73c813...,timecost=0.394
info|2019-10-23 21:00:46.615435|[g:1][CONSENSUS][PBFT]checkAndChangeView: Reach consensus,org_view=336,org_changeCycle=0,cur_changeCycle=0,to_view=337
info|2019-10-23 21:00:47.137485|[P2P][Service] heartBeat,connected count=3
info|2019-10-23 21:00:47.625584|[g:1][CONSENSUS][SEALER]++++++++++++++++ Generating seal on,blkNum=5,tx=0,nodeIdx=1,hash=68389afb...
info|2019-10-23 21:00:47.646587|[g:1][CONSENSUS][PBFT]checkTimeout Succ,view=337,toView=338,nodeIdx=1,changeCycle=0,myNode=6a73c813...,timecost=0.961
info|2019-10-23 21:00:47.657522|[g:1][CONSENSUS][PBFT]checkAndChangeView: Reach consensus,org_view=337,org_changeCycle=0,cur_changeCycle=0,to_view=338
info|2019-10-23 21:00:48.682177|[g:1][CONSENSUS]addRawPrepare,height=5,reqIdx=2,hash=ea733912...
info|2019-10-23 21:00:48.682594|[g:1][CONSENSUS][PBFT]checkTimeout Succ,view=338,toView=339,nodeIdx=1,changeCycle=0,myNode=6a73c813...,timecost=0.364
info|2019-10-23 21:00:48.687566|[g:1][CONSENSUS][PBFT]checkAndChangeView: Reach consensus,org_view=338,org_changeCycle=0,cur_changeCycle=0,to_view=339
info|2019-10-23 21:00:49.693185|[g:1][CONSENSUS]addRawPrepare,height=5,reqIdx=3,hash=8a7b0bdf...
info|2019-10-23 21:00:49.693669|[g:1][CONSENSUS][PBFT]checkTimeout Succ,view=339,toView=340,nodeIdx=1,changeCycle=0,myNode=6a73c813...,timecost=0.428
info|2019-10-23 21:00:49.698366|[g:1][CONSENSUS][PBFT]checkAndChangeView: Reach consensus,org_view=339,org_changeCycle=0,cur_changeCycle=0,to_view=340
info|2019-10-23 21:00:50.701352|[g:1][CONSENSUS]addRawPrepare,height=5,reqIdx=0,hash=3b357271...
info|2019-10-23 21:00:50.701725|[g:1][CONSENSUS][PBFT]checkTimeout Succ,view=340,toView=341,nodeIdx=1,changeCycle=0,myNode=6a73c813...,timecost=0.274
info|2019-10-23 21:00:50.709466|[g:1][CONSENSUS][PBFT]checkAndChangeView: Reach consensus,org_view=340,org_changeCycle=0,cur_changeCycle=0,to_view=341
info|2019-10-23 21:00:51.709730|[g:1][CONSENSUS][SEALER]++++++++++++++++ Generating seal on,blkNum=5,tx=0,nodeIdx=1,hash=6de1b859...
info|2019-10-23 21:00:51.723943|[g:1][CONSENSUS][PBFT]checkTimeout Succ,view=341,toView=342,nodeIdx=1,changeCycle=0,myNode=6a73c813...,timecost=0.313
info|2019-10-23 21:00:51.725823|[g:1][CONSENSUS][PBFT]checkAndChangeView: Reach consensus,org_view=341,org_changeCycle=0,cur_changeCycle=0,to_view=342
info|2019-10-23 21:00:52.725496|[g:1][CONSENSUS]addRawPrepare,height=5,reqIdx=2,hash=fa233f17...
info|2019-10-23 21:00:52.728911|[g:1][CONSENSUS][PBFT]checkTimeout Succ,view=342,toView=343,nodeIdx=1,changeCycle=0,myNode=6a73c813...,timecost=3.267
info|2019-10-23 21:00:52.732032|[g:1][CONSENSUS][PBFT]checkAndChangeView: Reach consensus,org_view=342,org_changeCycle=0,cur_changeCycle=0,to_view=343
info|2019-10-23 21:00:53.744239|[g:1][CONSENSUS]addRawPrepare,height=5,reqIdx=3,hash=5524f8b9...
info|2019-10-23 21:00:53.770711|[g:1][CONSENSUS][PBFT]checkTimeout Succ,view=343,toView=344,nodeIdx=1,changeCycle=0,myNode=6a73c813...,timecost=23.908
info|2019-10-23 21:00:53.790709|[g:1][CONSENSUS][PBFT]checkAndChangeView: Reach consensus,org_view=343,org_changeCycle=0,cur_changeCycle=0,to_view=344
info|2019-10-23 21:00:54.798412|[g:1][CONSENSUS]addRawPrepare,height=5,reqIdx=0,hash=4163c5b2...
info|2019-10-23 21:00:54.810234|[g:1][CONSENSUS][PBFT]checkTimeout Succ,view=344,toView=345,nodeIdx=1,changeCycle=0,myNode=6a73c813...,timecost=5.446
info|2019-10-23 21:00:54.827805|[g:1][CONSENSUS][PBFT]checkAndChangeView: Reach consensus,org_view=344,org_changeCycle=0,cur_changeCycle=0,to_view=345
info|2019-10-23 21:00:55.833141|[g:1][CONSENSUS][SEALER]++++++++++++++++ Generating seal on,blkNum=5,tx=0,nodeIdx=1,hash=5469c118...
info|2019-10-23 21:00:55.852458|[g:1][CONSENSUS][PBFT]checkTimeout Succ,view=345,toView=346,nodeIdx=1,changeCycle=0,myNode=6a73c813...,timecost=0.655
info|2019-10-23 21:00:55.856379|[g:1][CONSENSUS][PBFT]checkAndChangeView: Reach consensus,org_view=345,org_changeCycle=0,cur_changeCycle=0,to_view=346
info|2019-10-23 21:00:56.862318|[g:1][CONSENSUS]addRawPrepare,height=5,reqIdx=2,hash=978d8eda...
info|2019-10-23 21:00:56.862855|[g:1][CONSENSUS][PBFT]checkTimeout Succ,view=346,toView=347,nodeIdx=1,changeCycle=0,myNode=6a73c813...,timecost=0.49
info|2019-10-23 21:00:56.869512|[g:1][CONSENSUS][PBFT]checkAndChangeView: Reach consensus,org_view=346,org_changeCycle=0,cur_changeCycle=0,to_view=347
info|2019-10-23 21:00:57.137956|[P2P][Service] heartBeat,connected count=3
info|2019-10-23 21:00:57.876813|[g:1][CONSENSUS]addRawPrepare,height=5,reqIdx=3,hash=e76a13f5...
info|2019-10-23 21:00:57.877287|[g:1][CONSENSUS][PBFT]checkTimeout Succ,view=347,toView=348,nodeIdx=1,changeCycle=0,myNode=6a73c813...,timecost=0.376
info|2019-10-23 21:00:57.884213|[g:1][CONSENSUS][PBFT]checkAndChangeView: Reach consensus,org_view=347,org_changeCycle=0,cur_changeCycle=0,to_view=348
info|2019-10-23 21:00:58.887873|[g:1][CONSENSUS]addRawPrepare,height=5,reqIdx=0,hash=6f2093f7...
info|2019-10-23 21:00:58.888306|[g:1][CONSENSUS][PBFT]checkTimeout Succ,view=348,toView=349,nodeIdx=1,changeCycle=0,myNode=6a73c813...,timecost=0.362
info|2019-10-23 21:00:58.893507|[g:1][CONSENSUS][PBFT]checkAndChangeView: Reach consensus,org_view=348,org_changeCycle=0,cur_changeCycle=0,to_view=349
info|2019-10-23 21:00:59.894705|[g:1][CONSENSUS][SEALER]++++++++++++++++ Generating seal on,blkNum=5,tx=0,nodeIdx=1,hash=edfb041a...
info|2019-10-23 21:00:59.904571|[g:1][CONSENSUS][PBFT]checkTimeout Succ,view=349,toView=350,nodeIdx=1,changeCycle=0,myNode=6a73c813...,timecost=0.438
info|2019-10-23 21:00:59.906226|[g:1][CONSENSUS][PBFT]checkAndChangeView: Reach consensus,org_view=349,org_changeCycle=0,cur_changeCycle=0,to_view=350
info|2019-10-23 21:01:00.924558|[g:1][CONSENSUS]addRawPrepare,height=5,reqIdx=2,hash=f3ad711d...
info|2019-10-23 21:01:00.924999|[g:1][CONSENSUS][PBFT]checkTimeout Succ,view=350,toView=351,nodeIdx=1,changeCycle=0,myNode=6a73c813...,timecost=0.295
info|2019-10-23 21:01:00.929697|[g:1][CONSENSUS][PBFT]checkAndChangeView: Reach consensus,org_view=350,org_changeCycle=0,cur_changeCycle=0,to_view=351
info|2019-10-23 21:01:01.935443|[g:1][CONSENSUS]addRawPrepare,height=5,reqIdx=3,hash=ec132fd3...
info|2019-10-23 21:01:01.935853|[g:1][CONSENSUS][PBFT]checkTimeout Succ,view=351,toView=352,nodeIdx=1,changeCycle=0,myNode=6a73c813...,timecost=0.312
info|2019-10-23 21:01:01.939507|[g:1][CONSENSUS][PBFT]checkAndChangeView: Reach consensus,org_view=351,org_changeCycle=0,cur_changeCycle=0,to_view=352
info|2019-10-23 21:01:02.941341|[g:1][CONSENSUS]addRawPrepare,height=5,reqIdx=0,hash=8f497a85...
info|2019-10-23 21:01:02.941913|[g:1][CONSENSUS][PBFT]checkTimeout Succ,view=352,toView=353,nodeIdx=1,changeCycle=0,myNode=6a73c813...,timecost=0.432
info|2019-10-23 21:01:02.950942|[g:1][CONSENSUS][PBFT]checkAndChangeView: Reach consensus,org_view=352,org_changeCycle=0,cur_changeCycle=0,to_view=353
info|2019-10-23 21:01:03.951228|[g:1][CONSENSUS][SEALER]++++++++++++++++ Generating seal on,blkNum=5,tx=0,nodeIdx=1,hash=a86b9e01...
info|2019-10-23 21:01:03.961756|[g:1][CONSENSUS][PBFT]checkTimeout Succ,view=353,toView=354,nodeIdx=1,changeCycle=0,myNode=6a73c813...,timecost=0.432
info|2019-10-23 21:01:03.963620|[g:1][CONSENSUS][PBFT]checkAndChangeView: Reach consensus,org_view=353,org_changeCycle=0,cur_changeCycle=0,to_view=354
info|2019-10-23 21:01:04.961170|[g:1][CONSENSUS]addRawPrepare,height=5,reqIdx=2,hash=96892122...
info|2019-10-23 21:01:04.966101|[g:1][CONSENSUS][PBFT]checkTimeout Succ,view=354,toView=355,nodeIdx=1,changeCycle=0,myNode=6a73c813...,timecost=4.83
info|2019-10-23 21:01:04.974634|[g:1][CONSENSUS][PBFT]checkAndChangeView: Reach consensus,org_view=354,org_changeCycle=0,cur_changeCycle=0,to_view=355
info|2019-10-23 21:01:05.985895|[g:1][CONSENSUS]addRawPrepare,height=5,reqIdx=3,hash=362f88e5...
info|2019-10-23 21:01:05.986362|[g:1][CONSENSUS][PBFT]checkTimeout Succ,view=355,toView=356,nodeIdx=1,changeCycle=0,myNode=6a73c813...,timecost=0.385
info|2019-10-23 21:01:05.987418|[g:1][CONSENSUS][PBFT]checkAndChangeView: Reach consensus,org_view=355,org_changeCycle=0,cur_changeCycle=0,to_view=356
info|2019-10-23 21:01:06.998411|[g:1][CONSENSUS]addRawPrepare,height=5,reqIdx=0,hash=7be0852d...
info|2019-10-23 21:01:07.034174|[g:1][CONSENSUS][PBFT]checkTimeout Succ,view=356,toView=357,nodeIdx=1,changeCycle=0,myNode=6a73c813...,timecost=24.918
info|2019-10-23 21:01:07.060940|[g:1][CONSENSUS][PBFT]checkAndChangeView: Reach consensus,org_view=356,org_changeCycle=0,cur_changeCycle=0,to_view=357
info|2019-10-23 21:01:07.138184|[P2P][Service] heartBeat,connected count=3
info|2019-10-23 21:01:08.064320|[g:1][CONSENSUS][SEALER]++++++++++++++++ Generating seal on,blkNum=5,tx=0,nodeIdx=1,hash=de478514...
info|2019-10-23 21:01:08.078036|[g:1][CONSENSUS][PBFT]checkTimeout Succ,view=357,toView=358,nodeIdx=1,changeCycle=0,myNode=6a73c813...,timecost=0.649
info|2019-10-23 21:01:08.080060|[g:1][CONSENSUS][PBFT]checkAndChangeView: Reach consensus,org_view=357,org_changeCycle=0,cur_changeCycle=0,to_view=358
info|2019-10-23 21:01:09.076370|[g:1][CONSENSUS]addRawPrepare,height=5,reqIdx=2,hash=cfab1543...
info|2019-10-23 21:01:09.080057|[g:1][CONSENSUS][PBFT]checkTimeout Succ,view=358,toView=359,nodeIdx=1,changeCycle=0,myNode=6a73c813...,timecost=3.621
info|2019-10-23 21:01:09.083770|[g:1][CONSENSUS][PBFT]checkAndChangeView: Reach consensus,org_view=358,org_changeCycle=0,cur_changeCycle=0,to_view=359
info|2019-10-23 21:01:10.109931|[g:1][CONSENSUS]addRawPrepare,height=5,reqIdx=3,hash=cc5d7409...
info|2019-10-23 21:01:10.141131|[g:1][CONSENSUS][PBFT]checkTimeout Succ,view=359,toView=360,nodeIdx=1,changeCycle=0,myNode=6a73c813...,timecost=10.22
info|2019-10-23 21:01:10.205330|[g:1][CONSENSUS][PBFT]checkAndChangeView: Reach consensus,org_view=359,org_changeCycle=0,cur_changeCycle=0,to_view=360
info|2019-10-23 21:01:11.202198|[g:1][CONSENSUS]addRawPrepare,height=5,reqIdx=0,hash=7c97da77...
info|2019-10-23 21:01:11.244209|[g:1][CONSENSUS][PBFT]checkTimeout Succ,view=360,toView=361,nodeIdx=1,changeCycle=0,myNode=6a73c813...,timecost=12.24
info|2019-10-23 21:01:11.254577|[g:1][CONSENSUS][PBFT]checkAndChangeView: Reach consensus,org_view=360,org_changeCycle=0,cur_changeCycle=0,to_view=361
info|2019-10-23 21:01:12.254476|[g:1][CONSENSUS][SEALER]++++++++++++++++ Generating seal on,blkNum=5,tx=0,nodeIdx=1,hash=cfe01aa2...
info|2019-10-23 21:01:12.279670|[g:1][CONSENSUS][PBFT]checkTimeout Succ,view=361,toView=362,nodeIdx=1,changeCycle=0,myNode=6a73c813...,timecost=0.936
info|2019-10-23 21:01:12.291049|[g:1][CONSENSUS][PBFT]checkAndChangeView: Reach consensus,org_view=361,org_changeCycle=0,cur_changeCycle=0,to_view=362
info|2019-10-23 21:01:13.312103|[g:1][CONSENSUS]addRawPrepare,height=5,reqIdx=2,hash=ae5deaa4...
info|2019-10-23 21:01:13.313998|[g:1][CONSENSUS][PBFT]checkTimeout Succ,view=362,toView=363,nodeIdx=1,changeCycle=0,myNode=6a73c813...,timecost=1.723
info|2019-10-23 21:01:13.320873|[g:1][CONSENSUS][PBFT]checkAndChangeView: Reach consensus,org_view=362,org_changeCycle=0,cur_changeCycle=0,to_view=363
info|2019-10-23 21:01:14.340231|[g:1][CONSENSUS]addRawPrepare,height=5,reqIdx=3,hash=f81c66cd...
info|2019-10-23 21:01:14.344798|[g:1][CONSENSUS][PBFT]checkTimeout Succ,view=363,toView=364,nodeIdx=1,changeCycle=0,myNode=6a73c813...,timecost=1.549
info|2019-10-23 21:01:14.345825|[g:1][CONSENSUS][PBFT]checkAndChangeView: Reach consensus,org_view=363,org_changeCycle=0,cur_changeCycle=0,to_view=364
info|2019-10-23 21:01:15.350031|[g:1][CONSENSUS]addRawPrepare,height=5,reqIdx=0,hash=5d19344e...
info|2019-10-23 21:01:15.350399|[g:1][CONSENSUS][PBFT]checkTimeout Succ,view=364,toView=365,nodeIdx=1,changeCycle=0,myNode=6a73c813...,timecost=0.278
info|2019-10-23 21:01:15.355284|[g:1][CONSENSUS][PBFT]checkAndChangeView: Reach consensus,org_view=364,org_changeCycle=0,cur_changeCycle=0,to_view=365
info|2019-10-23 21:01:16.357654|[g:1][CONSENSUS][SEALER]++++++++++++++++ Generating seal on,blkNum=5,tx=0,nodeIdx=1,hash=2583a004...
info|2019-10-23 21:01:16.370054|[g:1][CONSENSUS][PBFT]checkTimeout Succ,view=365,toView=366,nodeIdx=1,changeCycle=0,myNode=6a73c813...,timecost=0.33
info|2019-10-23 21:01:16.372104|[g:1][CONSENSUS][PBFT]checkAndChangeView: Reach consensus,org_view=365,org_changeCycle=0,cur_changeCycle=0,to_view=366
info|2019-10-23 21:01:17.139044|[P2P][Service] heartBeat,connected count=3
info|2019-10-23 21:01:17.370839|[g:1][CONSENSUS]addRawPrepare,height=5,reqIdx=2,hash=cd8628ea...
info|2019-10-23 21:01:17.371282|[g:1][CONSENSUS][PBFT]checkTimeout Succ,view=366,toView=367,nodeIdx=1,changeCycle=0,myNode=6a73c813...,timecost=0.415
info|2019-10-23 21:01:17.376028|[g:1][CONSENSUS][PBFT]checkAndChangeView: Reach consensus,org_view=366,org_changeCycle=0,cur_changeCycle=0,to_view=367
info|2019-10-23 21:01:18.388296|[g:1][CONSENSUS]addRawPrepare,height=5,reqIdx=3,hash=5f1fef2b...
info|2019-10-23 21:01:18.392541|[g:1][CONSENSUS][PBFT]checkTimeout Succ,view=367,toView=368,nodeIdx=1,changeCycle=0,myNode=6a73c813...,timecost=4.066
info|2019-10-23 21:01:18.407965|[g:1][CONSENSUS][PBFT]checkAndChangeView: Reach consensus,org_view=367,org_changeCycle=0,cur_changeCycle=0,to_view=368
info|2019-10-23 21:01:19.412392|[g:1][CONSENSUS]addRawPrepare,height=5,reqIdx=0,hash=9285d069...
info|2019-10-23 21:01:19.420236|[g:1][CONSENSUS][PBFT]checkTimeout Succ,view=368,toView=369,nodeIdx=1,changeCycle=0,myNode=6a73c813...,timecost=7.684
info|2019-10-23 21:01:19.442776|[g:1][CONSENSUS][PBFT]checkAndChangeView: Reach consensus,org_view=368,org_changeCycle=0,cur_changeCycle=0,to_view=369
info|2019-10-23 21:01:20.444151|[g:1][CONSENSUS][SEALER]++++++++++++++++ Generating seal on,blkNum=5,tx=0,nodeIdx=1,hash=f1684485...
info|2019-10-23 21:01:20.458646|[g:1][CONSENSUS][PBFT]checkTimeout Succ,view=369,toView=370,nodeIdx=1,changeCycle=0,myNode=6a73c813...,timecost=0.441
info|2019-10-23 21:01:20.464669|[g:1][CONSENSUS][PBFT]checkAndChangeView: Reach consensus,org_view=369,org_changeCycle=0,cur_changeCycle=0,to_view=370
info|2019-10-23 21:01:21.469683|[g:1][CONSENSUS]addRawPrepare,height=5,reqIdx=2,hash=51b7316e...
info|2019-10-23 21:01:21.477146|[g:1][CONSENSUS][PBFT]checkTimeout Succ,view=370,toView=371,nodeIdx=1,changeCycle=0,myNode=6a73c813...,timecost=7.262
info|2019-10-23 21:01:21.492229|[g:1][CONSENSUS][PBFT]checkAndChangeView: Reach consensus,org_view=370,org_changeCycle=0,cur_changeCycle=0,to_view=371
info|2019-10-23 21:01:22.501318|[g:1][CONSENSUS]addRawPrepare,height=5,reqIdx=3,hash=cb74123d...
info|2019-10-23 21:01:22.501697|[g:1][CONSENSUS][PBFT]checkTimeout Succ,view=371,toView=372,nodeIdx=1,changeCycle=0,myNode=6a73c813...,timecost=0.313
info|2019-10-23 21:01:22.508666|[g:1][CONSENSUS][PBFT]checkAndChangeView: Reach consensus,org_view=371,org_changeCycle=0,cur_changeCycle=0,to_view=372
info|2019-10-23 21:01:23.514049|[g:1][CONSENSUS]addRawPrepare,height=5,reqIdx=0,hash=c1ff2cc9...
info|2019-10-23 21:01:23.514414|[g:1][CONSENSUS][PBFT]checkTimeout Succ,view=372,toView=373,nodeIdx=1,changeCycle=0,myNode=6a73c813...,timecost=0.287
info|2019-10-23 21:01:23.519623|[g:1][CONSENSUS][PBFT]checkAndChangeView: Reach consensus,org_view=372,org_changeCycle=0,cur_changeCycle=0,to_view=373
info|2019-10-23 21:01:24.520906|[g:1][CONSENSUS][SEALER]++++++++++++++++ Generating seal on,blkNum=5,tx=0,nodeIdx=1,hash=07e5b7f4...
info|2019-10-23 21:01:24.535184|[g:1][CONSENSUS][PBFT]checkTimeout Succ,view=373,toView=374,nodeIdx=1,changeCycle=0,myNode=6a73c813...,timecost=0.399
info|2019-10-23 21:01:24.537267|[g:1][CONSENSUS][PBFT]checkAndChangeView: Reach consensus,org_view=373,org_changeCycle=0,cur_changeCycle=0,to_view=374
info|2019-10-23 21:01:25.534354|[g:1][CONSENSUS]addRawPrepare,height=5,reqIdx=2,hash=54bb685d...
info|2019-10-23 21:01:25.534838|[g:1][CONSENSUS][PBFT]checkTimeout Succ,view=374,toView=375,nodeIdx=1,changeCycle=0,myNode=6a73c813...,timecost=0.432
info|2019-10-23 21:01:25.538674|[g:1][CONSENSUS][PBFT]checkAndChangeView: Reach consensus,org_view=374,org_changeCycle=0,cur_changeCycle=0,to_view=375
info|2019-10-23 21:01:26.545951|[g:1][CONSENSUS]addRawPrepare,height=5,reqIdx=3,hash=32650c9e...
info|2019-10-23 21:01:26.546381|[g:1][CONSENSUS][PBFT]checkTimeout Succ,view=375,toView=376,nodeIdx=1,changeCycle=0,myNode=6a73c813...,timecost=0.36
info|2019-10-23 21:01:26.553610|[g:1][CONSENSUS][PBFT]checkAndChangeView: Reach consensus,org_view=375,org_changeCycle=0,cur_changeCycle=0,to_view=376
info|2019-10-23 21:01:27.139288|[P2P][Service] heartBeat,connected count=3
info|2019-10-23 21:01:27.559164|[g:1][CONSENSUS]addRawPrepare,height=5,reqIdx=0,hash=c228b351...
info|2019-10-23 21:01:27.567601|[g:1][CONSENSUS][PBFT]checkTimeout Succ,view=376,toView=377,nodeIdx=1,changeCycle=0,myNode=6a73c813...,timecost=8.183
info|2019-10-23 21:01:27.585682|[g:1][CONSENSUS][PBFT]checkAndChangeView: Reach consensus,org_view=376,org_changeCycle=0,cur_changeCycle=0,to_view=377
info|2019-10-23 21:01:28.588160|[g:1][CONSENSUS][SEALER]++++++++++++++++ Generating seal on,blkNum=5,tx=0,nodeIdx=1,hash=594efd6c...
info|2019-10-23 21:01:28.609625|[g:1][CONSENSUS][PBFT]checkTimeout Succ,view=377,toView=378,nodeIdx=1,changeCycle=0,myNode=6a73c813...,timecost=0.881
info|2019-10-23 21:01:28.619039|[g:1][CONSENSUS][PBFT]checkAndChangeView: Reach consensus,org_view=377,org_changeCycle=0,cur_changeCycle=0,to_view=378
info|2019-10-23 21:01:29.639640|[g:1][CONSENSUS]addRawPrepare,height=5,reqIdx=2,hash=5674b45d...
info|2019-10-23 21:01:29.648704|[g:1][CONSENSUS][PBFT]checkTimeout Succ,view=378,toView=379,nodeIdx=1,changeCycle=0,myNode=6a73c813...,timecost=8.679
info|2019-10-23 21:01:29.682437|[g:1][CONSENSUS][PBFT]checkAndChangeView: Reach consensus,org_view=378,org_changeCycle=0,cur_changeCycle=0,to_view=379
info|2019-10-23 21:01:30.682148|[g:1][CONSENSUS]addRawPrepare,height=5,reqIdx=3,hash=ad2fcb6d...
info|2019-10-23 21:01:30.682425|[g:1][CONSENSUS][PBFT]checkTimeout Succ,view=379,toView=380,nodeIdx=1,changeCycle=0,myNode=6a73c813...,timecost=0.24
info|2019-10-23 21:01:30.685719|[g:1][CONSENSUS][PBFT]checkAndChangeView: Reach consensus,org_view=379,org_changeCycle=0,cur_changeCycle=0,to_view=380
info|2019-10-23 21:01:31.692547|[g:1][CONSENSUS]addRawPrepare,height=5,reqIdx=0,hash=c8595d5e...
info|2019-10-23 21:01:31.711136|[g:1][CONSENSUS][PBFT]checkTimeout Succ,view=380,toView=381,nodeIdx=1,changeCycle=0,myNode=6a73c813...,timecost=16.372
info|2019-10-23 21:01:31.724674|[g:1][CONSENSUS][PBFT]checkAndChangeView: Reach consensus,org_view=380,org_changeCycle=0,cur_changeCycle=0,to_view=381
info|2019-10-23 21:01:32.732452|[g:1][CONSENSUS][SEALER]++++++++++++++++ Generating seal on,blkNum=5,tx=0,nodeIdx=1,hash=25757e49...
info|2019-10-23 21:01:32.750627|[g:1][CONSENSUS][PBFT]checkTimeout Succ,view=381,toView=382,nodeIdx=1,changeCycle=0,myNode=6a73c813...,timecost=0.657
info|2019-10-23 21:01:32.756269|[g:1][CONSENSUS][PBFT]checkAndChangeView: Reach consensus,org_view=381,org_changeCycle=0,cur_changeCycle=0,to_view=382
info|2019-10-23 21:01:33.764420|[g:1][CONSENSUS]addRawPrepare,height=5,reqIdx=2,hash=eb57dc63...
info|2019-10-23 21:01:33.768698|[g:1][CONSENSUS][PBFT]checkTimeout Succ,view=382,toView=383,nodeIdx=1,changeCycle=0,myNode=6a73c813...,timecost=3.52
info|2019-10-23 21:01:33.770066|[g:1][CONSENSUS][PBFT]checkAndChangeView: Reach consensus,org_view=382,org_changeCycle=0,cur_changeCycle=0,to_view=383
info|2019-10-23 21:01:34.776880|[g:1][CONSENSUS]addRawPrepare,height=5,reqIdx=3,hash=3f591041...
info|2019-10-23 21:01:34.781198|[g:1][CONSENSUS][PBFT]checkTimeout Succ,view=383,toView=384,nodeIdx=1,changeCycle=0,myNode=6a73c813...,timecost=1.815
info|2019-10-23 21:01:34.781885|[g:1][CONSENSUS][PBFT]checkAndChangeView: Reach consensus,org_view=383,org_changeCycle=0,cur_changeCycle=0,to_view=384
info|2019-10-23 21:01:35.783290|[g:1][CONSENSUS]addRawPrepare,height=5,reqIdx=0,hash=800b18e9...
info|2019-10-23 21:01:35.783717|[g:1][CONSENSUS][PBFT]checkTimeout Succ,view=384,toView=385,nodeIdx=1,changeCycle=0,myNode=6a73c813...,timecost=0.302
info|2019-10-23 21:01:35.790947|[g:1][CONSENSUS][PBFT]checkAndChangeView: Reach consensus,org_view=384,org_changeCycle=0,cur_changeCycle=0,to_view=385
info|2019-10-23 21:01:36.792482|[g:1][CONSENSUS][SEALER]++++++++++++++++ Generating seal on,blkNum=5,tx=0,nodeIdx=1,hash=02b9a869...
info|2019-10-23 21:01:36.812099|[g:1][CONSENSUS][PBFT]checkTimeout Succ,view=385,toView=386,nodeIdx=1,changeCycle=0,myNode=6a73c813...,timecost=0.639
info|2019-10-23 21:01:36.816161|[g:1][CONSENSUS][PBFT]checkAndChangeView: Reach consensus,org_view=385,org_changeCycle=0,cur_changeCycle=0,to_view=386
info|2019-10-23 21:01:37.140860|[P2P][Service] heartBeat,connected count=3
info|2019-10-23 21:01:37.825632|[g:1][CONSENSUS]addRawPrepare,height=5,reqIdx=2,hash=d520374c...
info|2019-10-23 21:01:37.827511|[g:1][CONSENSUS][PBFT]checkTimeout Succ,view=386,toView=387,nodeIdx=1,changeCycle=0,myNode=6a73c813...,timecost=1.807
info|2019-10-23 21:01:37.831236|[g:1][CONSENSUS][PBFT]checkAndChangeView: Reach consensus,org_view=386,org_changeCycle=0,cur_changeCycle=0,to_view=387
info|2019-10-23 21:01:38.854187|[g:1][CONSENSUS]addRawPrepare,height=5,reqIdx=3,hash=7459a4a6...
info|2019-10-23 21:01:38.860847|[g:1][CONSENSUS][PBFT]checkTimeout Succ,view=387,toView=388,nodeIdx=1,changeCycle=0,myNode=6a73c813...,timecost=6.44
info|2019-10-23 21:01:38.881843|[g:1][CONSENSUS][PBFT]checkAndChangeView: Reach consensus,org_view=387,org_changeCycle=0,cur_changeCycle=0,to_view=388
info|2019-10-23 21:01:39.884054|[g:1][CONSENSUS]addRawPrepare,height=5,reqIdx=0,hash=40246e90...
info|2019-10-23 21:01:39.884531|[g:1][CONSENSUS][PBFT]checkTimeout Succ,view=388,toView=389,nodeIdx=1,changeCycle=0,myNode=6a73c813...,timecost=0.37
info|2019-10-23 21:01:39.890873|[g:1][CONSENSUS][PBFT]checkAndChangeView: Reach consensus,org_view=388,org_changeCycle=0,cur_changeCycle=0,to_view=389
info|2019-10-23 21:01:40.894009|[g:1][CONSENSUS][SEALER]++++++++++++++++ Generating seal on,blkNum=5,tx=0,nodeIdx=1,hash=3018492d...
info|2019-10-23 21:01:40.920048|[g:1][CONSENSUS][PBFT]checkTimeout Succ,view=389,toView=390,nodeIdx=1,changeCycle=0,myNode=6a73c813...,timecost=1.769
info|2019-10-23 21:01:40.942961|[g:1][CONSENSUS][PBFT]checkAndChangeView: Reach consensus,org_view=389,org_changeCycle=0,cur_changeCycle=0,to_view=390
info|2019-10-23 21:01:41.976474|[g:1][CONSENSUS]addRawPrepare,height=5,reqIdx=2,hash=a77f85d0...
info|2019-10-23 21:01:42.013523|[g:1][CONSENSUS][PBFT]checkTimeout Succ,view=390,toView=391,nodeIdx=1,changeCycle=0,myNode=6a73c813...,timecost=24.013
info|2019-10-23 21:01:42.028910|[g:1][CONSENSUS][PBFT]checkAndChangeView: Reach consensus,org_view=390,org_changeCycle=0,cur_changeCycle=0,to_view=391
info|2019-10-23 21:01:43.029368|[g:1][CONSENSUS]addRawPrepare,height=5,reqIdx=3,hash=a2f0c4c7...
info|2019-10-23 21:01:43.032046|[g:1][CONSENSUS][PBFT]checkTimeout Succ,view=391,toView=392,nodeIdx=1,changeCycle=0,myNode=6a73c813...,timecost=2.116
info|2019-10-23 21:01:43.032895|[g:1][CONSENSUS][PBFT]checkAndChangeView: Reach consensus,org_view=391,org_changeCycle=0,cur_changeCycle=0,to_view=392
info|2019-10-23 21:01:44.037477|[g:1][CONSENSUS]addRawPrepare,height=5,reqIdx=0,hash=a924cbd8...
info|2019-10-23 21:01:44.037962|[g:1][CONSENSUS][PBFT]checkTimeout Succ,view=392,toView=393,nodeIdx=1,changeCycle=0,myNode=6a73c813...,timecost=0.363
info|2019-10-23 21:01:44.042773|[g:1][CONSENSUS][PBFT]checkAndChangeView: Reach consensus,org_view=392,org_changeCycle=0,cur_changeCycle=0,to_view=393
info|2019-10-23 21:01:45.043157|[g:1][CONSENSUS][SEALER]++++++++++++++++ Generating seal on,blkNum=5,tx=0,nodeIdx=1,hash=3b63f70a...
info|2019-10-23 21:01:45.055339|[g:1][CONSENSUS][PBFT]checkTimeout Succ,view=393,toView=394,nodeIdx=1,changeCycle=0,myNode=6a73c813...,timecost=0.823
info|2019-10-23 21:01:45.057998|[g:1][CONSENSUS][PBFT]checkAndChangeView: Reach consensus,org_view=393,org_changeCycle=0,cur_changeCycle=0,to_view=394
info|2019-10-23 21:01:46.054833|[g:1][CONSENSUS]addRawPrepare,height=5,reqIdx=2,hash=ae71ff63...
info|2019-10-23 21:01:46.057678|[g:1][CONSENSUS][PBFT]checkTimeout Succ,view=394,toView=395,nodeIdx=1,changeCycle=0,myNode=6a73c813...,timecost=2.795
info|2019-10-23 21:01:46.061448|[g:1][CONSENSUS][PBFT]checkAndChangeView: Reach consensus,org_view=394,org_changeCycle=0,cur_changeCycle=0,to_view=395
info|2019-10-23 21:01:47.066216|[g:1][CONSENSUS]addRawPrepare,height=5,reqIdx=3,hash=92405f5a...
info|2019-10-23 21:01:47.066577|[g:1][CONSENSUS][PBFT]checkTimeout Succ,view=395,toView=396,nodeIdx=1,changeCycle=0,myNode=6a73c813...,timecost=0.315
info|2019-10-23 21:01:47.069636|[g:1][CONSENSUS][PBFT]checkAndChangeView: Reach consensus,org_view=395,org_changeCycle=0,cur_changeCycle=0,to_view=396
info|2019-10-23 21:01:47.141729|[P2P][Service] heartBeat,connected count=3
info|2019-10-23 21:01:48.072836|[g:1][CONSENSUS]addRawPrepare,height=5,reqIdx=0,hash=9ec55491...
info|2019-10-23 21:01:48.073550|[g:1][CONSENSUS][PBFT]checkTimeout Succ,view=396,toView=397,nodeIdx=1,changeCycle=0,myNode=6a73c813...,timecost=0.559
info|2019-10-23 21:01:48.086102|[g:1][CONSENSUS][PBFT]checkAndChangeView: Reach consensus,org_view=396,org_changeCycle=0,cur_changeCycle=0,to_view=397
info|2019-10-23 21:01:49.087597|[g:1][CONSENSUS][SEALER]++++++++++++++++ Generating seal on,blkNum=5,tx=0,nodeIdx=1,hash=03e254e8...
info|2019-10-23 21:01:49.099787|[g:1][CONSENSUS][PBFT]checkTimeout Succ,view=397,toView=398,nodeIdx=1,changeCycle=0,myNode=6a73c813...,timecost=0.46
info|2019-10-23 21:01:49.101347|[g:1][CONSENSUS][PBFT]checkAndChangeView: Reach consensus,org_view=397,org_changeCycle=0,cur_changeCycle=0,to_view=398
info|2019-10-23 21:01:50.101778|[g:1][CONSENSUS]addRawPrepare,height=5,reqIdx=2,hash=3ec055ca...
info|2019-10-23 21:01:50.109293|[g:1][CONSENSUS][PBFT]checkTimeout Succ,view=398,toView=399,nodeIdx=1,changeCycle=0,myNode=6a73c813...,timecost=5.078
info|2019-10-23 21:01:50.124747|[g:1][CONSENSUS][PBFT]checkAndChangeView: Reach consensus,org_view=398,org_changeCycle=0,cur_changeCycle=0,to_view=399
info|2019-10-23 21:01:51.133957|[g:1][CONSENSUS]addRawPrepare,height=5,reqIdx=3,hash=fb71b76d...
info|2019-10-23 21:01:51.134361|[g:1][CONSENSUS][PBFT]checkTimeout Succ,view=399,toView=400,nodeIdx=1,changeCycle=0,myNode=6a73c813...,timecost=0.377
info|2019-10-23 21:01:51.138619|[g