info|2019-12-12 12:00:00.085422|[g:1][CONSENSUS]addRawPrepare,height=69,reqIdx=3,hash=9cd0453f...
info|2019-12-12 12:00:00.085876|[g:1][CONSENSUS][PBFT]checkTimeout Succ,view=37939,toView=37940,nodeIdx=1,changeCycle=0,myNode=6a73c813...,timecost=0.338
info|2019-12-12 12:00:00.094844|[g:1][CONSENSUS][PBFT]checkAndChangeView: Reach consensus,org_view=37939,org_changeCycle=0,cur_changeCycle=0,to_view=37940
info|2019-12-12 12:00:01.113840|[g:1][CONSENSUS]addRawPrepare,height=69,reqIdx=0,hash=0af805f8...
info|2019-12-12 12:00:01.117118|[g:1][CONSENSUS][PBFT]checkTimeout Succ,view=37940,toView=37941,nodeIdx=1,changeCycle=0,myNode=6a73c813...,timecost=3.216
info|2019-12-12 12:00:01.139059|[g:1][CONSENSUS][PBFT]checkAndChangeView: Reach consensus,org_view=37940,org_changeCycle=0,cur_changeCycle=0,to_view=37941
info|2019-12-12 12:00:02.140406|[g:1][CONSENSUS][SEALER]++++++++++++++++ Generating seal on,blkNum=69,tx=0,nodeIdx=1,hash=7137ced8...
info|2019-12-12 12:00:02.158994|[g:1][CONSENSUS][PBFT]checkTimeout Succ,view=37941,toView=37942,nodeIdx=1,changeCycle=0,myNode=6a73c813...,timecost=0.722
info|2019-12-12 12:00:02.171291|[g:1][CONSENSUS][PBFT]checkAndChangeView: Reach consensus,org_view=37941,org_changeCycle=0,cur_changeCycle=0,to_view=37942
info|2019-12-12 12:00:03.176120|[g:1][CONSENSUS]addRawPrepare,height=69,reqIdx=2,hash=d3c00218...
info|2019-12-12 12:00:03.176746|[g:1][CONSENSUS][PBFT]checkTimeout Succ,view=37942,toView=37943,nodeIdx=1,changeCycle=0,myNode=6a73c813...,timecost=0.584
info|2019-12-12 12:00:03.185278|[g:1][CONSENSUS][PBFT]checkAndChangeView: Reach consensus,org_view=37942,org_changeCycle=0,cur_changeCycle=0,to_view=37943
info|2019-12-12 12:00:04.203952|[g:1][CONSENSUS]addRawPrepare,height=69,reqIdx=3,hash=836059d5...
info|2019-12-12 12:00:04.218233|[g:1][CONSENSUS][PBFT]checkTimeout Succ,view=37943,toView=37944,nodeIdx=1,changeCycle=0,myNode=6a73c813...,timecost=14.121
info|2019-12-12 12:00:04.227675|[g:1][CONSENSUS][PBFT]checkAndChangeView: Reach consensus,org_view=37943,org_changeCycle=0,cur_changeCycle=0,to_view=37944
info|2019-12-12 12:00:05.239229|[g:1][CONSENSUS]addRawPrepare,height=69,reqIdx=0,hash=062aed3b...
info|2019-12-12 12:00:05.240382|[g:1][CONSENSUS][PBFT]checkTimeout Succ,view=37944,toView=37945,nodeIdx=1,changeCycle=0,myNode=6a73c813...,timecost=1.096
info|2019-12-12 12:00:05.246996|[g:1][CONSENSUS][PBFT]checkAndChangeView: Reach consensus,org_view=37944,org_changeCycle=0,cur_changeCycle=0,to_view=37945
info|2019-12-12 12:00:06.041080|[P2P][Service] heartBeat,connected count=4
info|2019-12-12 12:00:06.258151|[g:1][CONSENSUS][SEALER]++++++++++++++++ Generating seal on,blkNum=69,tx=0,nodeIdx=1,hash=e5cc519a...
info|2019-12-12 12:00:06.277247|[g:1][CONSENSUS][PBFT]checkTimeout Succ,view=37945,toView=37946,nodeIdx=1,changeCycle=0,myNode=6a73c813...,timecost=0.742
info|2019-12-12 12:00:06.280898|[g:1][CONSENSUS][PBFT]checkAndChangeView: Reach consensus,org_view=37945,org_changeCycle=0,cur_changeCycle=0,to_view=37946
info|2019-12-12 12:00:07.280657|[g:1][CONSENSUS]addRawPrepare,height=69,reqIdx=2,hash=79a707c5...
info|2019-12-12 12:00:07.284307|[g:1][CONSENSUS][PBFT]checkTimeout Succ,view=37946,toView=37947,nodeIdx=1,changeCycle=0,myNode=6a73c813...,timecost=3.584
info|2019-12-12 12:00:07.301896|[g:1][CONSENSUS][PBFT]checkAndChangeView: Reach consensus,org_view=37946,org_changeCycle=0,cur_changeCycle=0,to_view=37947
info|2019-12-12 12:00:08.302885|[g:1][CONSENSUS]addRawPrepare,height=69,reqIdx=3,hash=0a781180...
info|2019-12-12 12:00:08.308672|[g:1][CONSENSUS][PBFT]checkTimeout Succ,view=37947,toView=37948,nodeIdx=1,changeCycle=0,myNode=6a73c813...,timecost=5.628
info|2019-12-12 12:00:08.321829|[g:1][CONSENSUS][PBFT]checkAndChangeView: Reach consensus,org_view=37947,org_changeCycle=0,cur_changeCycle=0,to_view=37948
info|2019-12-12 12:00:09.327539|[g:1][CONSENSUS]addRawPrepare,height=69,reqIdx=0,hash=b4f12558...
info|2019-12-12 12:00:09.330549|[g:1][CONSENSUS][PBFT]checkTimeout Succ,view=37948,toView=37949,nodeIdx=1,changeCycle=0,myNode=6a73c813...,timecost=2.392
info|2019-12-12 12:00:09.332308|[g:1][CONSENSUS][PBFT]checkAndChangeView: Reach consensus,org_view=37948,org_changeCycle=0,cur_changeCycle=0,to_view=37949
info|2019-12-12 12:00:10.334322|[g:1][CONSENSUS][SEALER]++++++++++++++++ Generating seal on,blkNum=69,tx=0,nodeIdx=1,hash=c2db6e74...
info|2019-12-12 12:00:10.347051|[g:1][CONSENSUS][PBFT]checkTimeout Succ,view=37949,toView=37950,nodeIdx=1,changeCycle=0,myNode=6a73c813...,timecost=1.102
info|2019-12-12 12:00:10.349285|[g:1][CONSENSUS][PBFT]checkAndChangeView: Reach consensus,org_view=37949,org_changeCycle=0,cur_changeCycle=0,to_view=37950
info|2019-12-12 12:00:11.354300|[g:1][CONSENSUS]addRawPrepare,height=69,reqIdx=2,hash=9e9a1a5f...
info|2019-12-12 12:00:11.366133|[g:1][CONSENSUS][PBFT]checkTimeout Succ,view=37950,toView=37951,nodeIdx=1,changeCycle=0,myNode=6a73c813...,timecost=11.512
info|2019-12-12 12:00:11.382488|[g:1][CONSENSUS][PBFT]checkAndChangeView: Reach consensus,org_view=37950,org_changeCycle=0,cur_changeCycle=0,to_view=37951
info|2019-12-12 12:00:12.392483|[g:1][CONSENSUS]addRawPrepare,height=69,reqIdx=3,hash=2f780291...
info|2019-12-12 12:00:12.401988|[g:1][CONSENSUS][PBFT]checkTimeout Succ,view=37951,toView=37952,nodeIdx=1,changeCycle=0,myNode=6a73c813...,timecost=3.707
info|2019-12-12 12:00:12.416484|[g:1][CONSENSUS][PBFT]checkAndChangeView: Reach consensus,org_view=37951,org_changeCycle=0,cur_changeCycle=0,to_view=37952
info|2019-12-12 12:00:13.438794|[g:1][CONSENSUS]addRawPrepare,height=69,reqIdx=0,hash=7e221f86...
info|2019-12-12 12:00:13.442803|[g:1][CONSENSUS][PBFT]checkTimeout Succ,view=37952,toView=37953,nodeIdx=1,changeCycle=0,myNode=6a73c813...,timecost=3.963
info|2019-12-12 12:00:13.465004|[g:1][CONSENSUS][PBFT]checkAndChangeView: Reach consensus,org_view=37952,org_changeCycle=0,cur_changeCycle=0,to_view=37953
info|2019-12-12 12:00:14.469166|[g:1][CONSENSUS][SEALER]++++++++++++++++ Generating seal on,blkNum=69,tx=0,nodeIdx=1,hash=3fae50c8...
info|2019-12-12 12:00:14.500696|[g:1][CONSENSUS][PBFT]checkTimeout Succ,view=37953,toView=37954,nodeIdx=1,changeCycle=0,myNode=6a73c813...,timecost=9.212
info|2019-12-12 12:00:14.561645|[g:1][CONSENSUS][PBFT]checkAndChangeView: Reach consensus,org_view=37953,org_changeCycle=0,cur_changeCycle=0,to_view=37954
info|2019-12-12 12:00:15.573666|[g:1][CONSENSUS]addRawPrepare,height=69,reqIdx=2,hash=bd238c1b...
info|2019-12-12 12:00:15.585104|[g:1][CONSENSUS][PBFT]checkTimeout Succ,view=37954,toView=37955,nodeIdx=1,changeCycle=0,myNode=6a73c813...,timecost=11.257
info|2019-12-12 12:00:15.611583|[g:1][CONSENSUS][PBFT]checkAndChangeView: Reach consensus,org_view=37954,org_changeCycle=0,cur_changeCycle=0,to_view=37955
info|2019-12-12 12:00:16.041897|[P2P][Service] heartBeat,connected count=4
info|2019-12-12 12:00:16.613937|[g:1][CONSENSUS]addRawPrepare,height=69,reqIdx=3,hash=b2752c74...
info|2019-12-12 12:00:16.620903|[g:1][CONSENSUS][PBFT]checkTimeout Succ,view=37955,toView=37956,nodeIdx=1,changeCycle=0,myNode=6a73c813...,timecost=6.834
info|2019-12-12 12:00:16.624237|[g:1][CONSENSUS][PBFT]checkAndChangeView: Reach consensus,org_view=37955,org_changeCycle=0,cur_changeCycle=0,to_view=37956
info|2019-12-12 12:00:17.629613|[g:1][CONSENSUS]addRawPrepare,height=69,reqIdx=0,hash=128b7863...
info|2019-12-12 12:00:17.632753|[g:1][CONSENSUS][PBFT]checkTimeout Succ,view=37956,toView=37957,nodeIdx=1,changeCycle=0,myNode=6a73c813...,timecost=3.085
info|2019-12-12 12:00:17.640238|[g:1][CONSENSUS][PBFT]checkAndChangeView: Reach consensus,org_view=37956,org_changeCycle=0,cur_changeCycle=0,to_view=37957
info|2019-12-12 12:00:18.648412|[g:1][CONSENSUS][SEALER]++++++++++++++++ Generating seal on,blkNum=69,tx=0,nodeIdx=1,hash=3db3ff92...
info|2019-12-12 12:00:18.673588|[g:1][CONSENSUS][PBFT]checkTimeout Succ,view=37957,toView=37958,nodeIdx=1,changeCycle=0,myNode=6a73c813...,timecost=0.903
info|2019-12-12 12:00:18.677898|[g:1][CONSENSUS][PBFT]checkAndChangeView: Reach consensus,org_view=37957,org_changeCycle=0,cur_changeCycle=0,to_view=37958
info|2019-12-12 12:00:19.694813|[g:1][CONSENSUS]addRawPrepare,height=69,reqIdx=2,hash=7b0db511...
info|2019-12-12 12:00:19.695301|[g:1][CONSENSUS][PBFT]checkTimeout Succ,view=37958,toView=37959,nodeIdx=1,changeCycle=0,myNode=6a73c813...,timecost=0.438
info|2019-12-12 12:00:19.700599|[g:1][CONSENSUS][PBFT]checkAndChangeView: Reach consensus,org_view=37958,org_changeCycle=0,cur_changeCycle=0,to_view=37959
info|2019-12-12 12:00:20.705023|[g:1][CONSENSUS]addRawPrepare,height=69,reqIdx=3,hash=14a9b535...
info|2019-12-12 12:00:20.711083|[g:1][CONSENSUS][PBFT]checkTimeout Succ,view=37959,toView=37960,nodeIdx=1,changeCycle=0,myNode=6a73c813...,timecost=5.906
info|2019-12-12 12:00:20.713803|[g:1][CONSENSUS][PBFT]checkAndChangeView: Reach consensus,org_view=37959,org_changeCycle=0,cur_changeCycle=0,to_view=37960
info|2019-12-12 12:00:21.718920|[g:1][CONSENSUS]addRawPrepare,height=69,reqIdx=0,hash=51aa07d4...
info|2019-12-12 12:00:21.719340|[g:1][CONSENSUS][PBFT]checkTimeout Succ,view=37960,toView=37961,nodeIdx=1,changeCycle=0,myNode=6a73c813...,timecost=0.364
info|2019-12-12 12:00:21.726761|[g:1][CONSENSUS][PBFT]checkAndChangeView: Reach consensus,org_view=37960,org_changeCycle=0,cur_changeCycle=0,to_view=37961
info|2019-12-12 12:00:22.728469|[g:1][CONSENSUS][SEALER]++++++++++++++++ Generating seal on,blkNum=69,tx=0,nodeIdx=1,hash=bdca29e3...
info|2019-12-12 12:00:22.745444|[g:1][CONSENSUS][PBFT]checkTimeout Succ,view=37961,toView=37962,nodeIdx=1,changeCycle=0,myNode=6a73c813...,timecost=0.779
info|2019-12-12 12:00:22.751134|[g:1][CONSENSUS][PBFT]checkAndChangeView: Reach consensus,org_view=37961,org_changeCycle=0,cur_changeCycle=0,to_view=37962
info|2019-12-12 12:00:23.761050|[g:1][CONSENSUS]addRawPrepare,height=69,reqIdx=2,hash=a6d20ba7...
info|2019-12-12 12:00:23.761441|[g:1][CONSENSUS][PBFT]checkTimeout Succ,view=37962,toView=37963,nodeIdx=1,changeCycle=0,myNode=6a73c813...,timecost=0.362
info|2019-12-12 12:00:23.765928|[g:1][CONSENSUS][PBFT]checkAndChangeView: Reach consensus,org_view=37962,org_changeCycle=0,cur_changeCycle=0,to_view=37963
info|2019-12-12 12:00:24.777118|[g:1][CONSENSUS]addRawPrepare,height=69,reqIdx=3,hash=f1ce432c...
info|2019-12-12 12:00:24.788409|[g:1][CONSENSUS][PBFT]checkTimeout Succ,view=37963,toView=37964,nodeIdx=1,changeCycle=0,myNode=6a73c813...,timecost=5.658
info|2019-12-12 12:00:24.822084|[g:1][CONSENSUS][PBFT]checkAndChangeView: Reach consensus,org_view=37963,org_changeCycle=0,cur_changeCycle=0,to_view=37964
info|2019-12-12 12:00:25.830771|[g:1][CONSENSUS]addRawPrepare,height=69,reqIdx=0,hash=884ef953...
info|2019-12-12 12:00:25.833694|[g:1][CONSENSUS][PBFT]checkTimeout Succ,view=37964,toView=37965,nodeIdx=1,changeCycle=0,myNode=6a73c813...,timecost=2.886
info|2019-12-12 12:00:25.836801|[g:1][CONSENSUS][PBFT]checkAndChangeView: Reach consensus,org_view=37964,org_changeCycle=0,cur_changeCycle=0,to_view=37965
info|2019-12-12 12:00:26.044476|[P2P][Service] heartBeat,connected count=4
info|2019-12-12 12:00:26.838508|[g:1][CONSENSUS][SEALER]++++++++++++++++ Generating seal on,blkNum=69,tx=0,nodeIdx=1,hash=b6ad4c83...
info|2019-12-12 12:00:26.857330|[g:1][CONSENSUS][PBFT]checkTimeout Succ,view=37965,toView=37966,nodeIdx=1,changeCycle=0,myNode=6a73c813...,timecost=0.655
info|2019-12-12 12:00:26.862473|[g:1][CONSENSUS][PBFT]checkAndChangeView: Reach consensus,org_view=37965,org_changeCycle=0,cur_changeCycle=0,to_view=37966
info|2019-12-12 12:00:27.881894|[g:1][CONSENSUS]addRawPrepare,height=69,reqIdx=2,hash=e9aecdb0...
info|2019-12-12 12:00:27.890285|[g:1][CONSENSUS][PBFT]checkTimeout Succ,view=37966,toView=37967,nodeIdx=1,changeCycle=0,myNode=6a73c813...,timecost=8.188
info|2019-12-12 12:00:27.907977|[g:1][CONSENSUS][PBFT]checkAndChangeView: Reach consensus,org_view=37966,org_changeCycle=0,cur_changeCycle=0,to_view=37967
info|2019-12-12 12:00:28.918930|[g:1][CONSENSUS]addRawPrepare,height=69,reqIdx=3,hash=a4493e97...
info|2019-12-12 12:00:28.919444|[g:1][CONSENSUS][PBFT]checkTimeout Succ,view=37967,toView=37968,nodeIdx=1,changeCycle=0,myNode=6a73c813...,timecost=0.378
info|2019-12-12 12:00:28.978707|[g:1][CONSENSUS][PBFT]checkAndChangeView: Reach consensus,org_view=37967,org_changeCycle=0,cur_changeCycle=0,to_view=37968
info|2019-12-12 12:00:29.976844|[g:1][CONSENSUS]addRawPrepare,height=69,reqIdx=0,hash=31de3edc...
info|2019-12-12 12:00:29.983585|[g:1][CONSENSUS][PBFT]checkTimeout Succ,view=37968,toView=37969,nodeIdx=1,changeCycle=0,myNode=6a73c813...,timecost=5.791
info|2019-12-12 12:00:30.002859|[g:1][CONSENSUS][PBFT]checkAndChangeView: Reach consensus,org_view=37968,org_changeCycle=0,cur_changeCycle=0,to_view=37969
info|2019-12-12 12:00:31.002989|[g:1][CONSENSUS][SEALER]++++++++++++++++ Generating seal on,blkNum=69,tx=0,nodeIdx=1,hash=88e620aa...
info|2019-12-12 12:00:31.014142|[g:1][CONSENSUS][PBFT]checkTimeout Succ,view=37969,toView=37970,nodeIdx=1,changeCycle=0,myNode=6a73c813...,timecost=0.459
info|2019-12-12 12:00:31.015738|[g:1][CONSENSUS][PBFT]checkAndChangeView: Reach consensus,org_view=37969,org_changeCycle=0,cur_changeCycle=0,to_view=37970
info|2019-12-12 12:00:32.015292|[g:1][CONSENSUS]addRawPrepare,height=69,reqIdx=2,hash=70521303...
info|2019-12-12 12:00:32.016213|[g:1][CONSENSUS][PBFT]checkTimeout Succ,view=37970,toView=37971,nodeIdx=1,changeCycle=0,myNode=6a73c813...,timecost=0.849
info|2019-12-12 12:00:32.035762|[g:1][CONSENSUS][PBFT]checkAndChangeView: Reach consensus,org_view=37970,org_changeCycle=0,cur_changeCycle=0,to_view=37971
info|2019-12-12 12:00:33.043225|[g:1][CONSENSUS]addRawPrepare,height=69,reqIdx=3,hash=cbbc996b...
info|2019-12-12 12:00:33.076806|[g:1][CONSENSUS][PBFT]checkTimeout Succ,view=37971,toView=37972,nodeIdx=1,changeCycle=0,myNode=6a73c813...,timecost=16.649
info|2019-12-12 12:00:33.088680|[g:1][CONSENSUS][PBFT]checkAndChangeView: Reach consensus,org_view=37971,org_changeCycle=0,cur_changeCycle=0,to_view=37972
info|2019-12-12 12:00:34.093762|[g:1][CONSENSUS]addRawPrepare,height=69,reqIdx=0,hash=2e036593...
info|2019-12-12 12:00:34.096279|[g:1][CONSENSUS][PBFT]checkTimeout Succ,view=37972,toView=37973,nodeIdx=1,changeCycle=0,myNode=6a73c813...,timecost=2.357
info|2019-12-12 12:00:34.119516|[g:1][CONSENSUS][PBFT]checkAndChangeView: Reach consensus,org_view=37972,org_changeCycle=0,cur_changeCycle=0,to_view=37973
info|2019-12-12 12:00:35.121660|[g:1][CONSENSUS][SEALER]++++++++++++++++ Generating seal on,blkNum=69,tx=0,nodeIdx=1,hash=51efa7ca...
info|2019-12-12 12:00:35.144667|[g:1][CONSENSUS][PBFT]checkTimeout Succ,view=37973,toView=37974,nodeIdx=1,changeCycle=0,myNode=6a73c813...,timecost=1.267
info|2019-12-12 12:00:35.161527|[g:1][CONSENSUS][PBFT]checkAndChangeView: Reach consensus,org_view=37973,org_changeCycle=0,cur_changeCycle=0,to_view=37974
info|2019-12-12 12:00:36.045833|[P2P][Service] heartBeat,connected count=4
info|2019-12-12 12:00:36.160230|[g:1][CONSENSUS]addRawPrepare,height=69,reqIdx=2,hash=ef49f057...
info|2019-12-12 12:00:36.164873|[g:1][CONSENSUS][PBFT]checkTimeout Succ,view=37974,toView=37975,nodeIdx=1,changeCycle=0,myNode=6a73c813...,timecost=4.602
info|2019-12-12 12:00:36.170764|[g:1][CONSENSUS][PBFT]checkAndChangeView: Reach consensus,org_view=37974,org_changeCycle=0,cur_changeCycle=0,to_view=37975
info|2019-12-12 12:00:37.173738|[g:1][CONSENSUS]addRawPrepare,height=69,reqIdx=3,hash=ce4f8fc5...
info|2019-12-12 12:00:37.187810|[g:1][CONSENSUS][PBFT]checkTimeout Succ,view=37975,toView=37976,nodeIdx=1,changeCycle=0,myNode=6a73c813...,timecost=6.785
info|2019-12-12 12:00:37.226412|[g:1][CONSENSUS][PBFT]checkAndChangeView: Reach consensus,org_view=37975,org_changeCycle=0,cur_changeCycle=0,to_view=37976
info|2019-12-12 12:00:38.227297|[g:1][CONSENSUS]addRawPrepare,height=69,reqIdx=0,hash=80dd0ca8...
info|2019-12-12 12:00:38.234558|[g:1][CONSENSUS][PBFT]checkTimeout Succ,view=37976,toView=37977,nodeIdx=1,changeCycle=0,myNode=6a73c813...,timecost=7.077
info|2019-12-12 12:00:38.250832|[g:1][CONSENSUS][PBFT]checkAndChangeView: Reach consensus,org_view=37976,org_changeCycle=0,cur_changeCycle=0,to_view=37977
info|2019-12-12 12:00:39.253736|[g:1][CONSENSUS][SEALER]++++++++++++++++ Generating seal on,blkNum=69,tx=0,nodeIdx=1,hash=b19795ba...
info|2019-12-12 12:00:39.275519|[g:1][CONSENSUS][PBFT]checkTimeout Succ,view=37977,toView=37978,nodeIdx=1,changeCycle=0,myNode=6a73c813...,timecost=0.467
info|2019-12-12 12:00:39.277606|[g:1][CONSENSUS][PBFT]checkAndChangeView: Reach consensus,org_view=37977,org_changeCycle=0,cur_changeCycle=0,to_view=37978
info|2019-12-12 12:00:40.279138|[g:1][CONSENSUS]addRawPrepare,height=69,reqIdx=2,hash=60f6b559...
info|2019-12-12 12:00:40.279603|[g:1][CONSENSUS][PBFT]checkTimeout Succ,view=37978,toView=37979,nodeIdx=1,changeCycle=0,myNode=6a73c813...,timecost=0.442
info|2019-12-12 12:00:40.284169|[g:1][CONSENSUS][PBFT]checkAndChangeView: Reach consensus,org_view=37978,org_changeCycle=0,cur_changeCycle=0,to_view=37979
info|2019-12-12 12:00:41.294540|[g:1][CONSENSUS]addRawPrepare,height=69,reqIdx=3,hash=0e859bb6...
info|2019-12-12 12:00:41.361581|[g:1][CONSENSUS][PBFT]checkTimeout Succ,view=37979,toView=37980,nodeIdx=1,changeCycle=0,myNode=6a73c813...,timecost=34.347
info|2019-12-12 12:00:41.374627|[g:1][CONSENSUS][PBFT]checkAndChangeView: Reach consensus,org_view=37979,org_changeCycle=0,cur_changeCycle=0,to_view=37980
info|2019-12-12 12:00:42.382353|[g:1][CONSENSUS]addRawPrepare,height=69,reqIdx=0,hash=d788c9a3...
info|2019-12-12 12:00:42.398516|[g:1][CONSENSUS][PBFT]checkTimeout Succ,view=37980,toView=37981,nodeIdx=1,changeCycle=0,myNode=6a73c813...,timecost=15.931
info|2019-12-12 12:00:42.409146|[g:1][CONSENSUS][PBFT]checkAndChangeView: Reach consensus,org_view=37980,org_changeCycle=0,cur_changeCycle=0,to_view=37981
info|2019-12-12 12:00:43.410978|[g:1][CONSENSUS][SEALER]++++++++++++++++ Generating seal on,blkNum=69,tx=0,nodeIdx=1,hash=8516dde2...
info|2019-12-12 12:00:43.433483|[g:1][CONSENSUS][PBFT]checkTimeout Succ,view=37981,toView=37982,nodeIdx=1,changeCycle=0,myNode=6a73c813...,timecost=0.765
info|2019-12-12 12:00:43.437432|[g:1][CONSENSUS][PBFT]checkAndChangeView: Reach consensus,org_view=37981,org_changeCycle=0,cur_changeCycle=0,to_view=37982
info|2019-12-12 12:00:44.454287|[g:1][CONSENSUS]addRawPrepare,height=69,reqIdx=2,hash=2c041f96...
info|2019-12-12 12:00:44.465275|[g:1][CONSENSUS][PBFT]checkTimeout Succ,view=37982,toView=37983,nodeIdx=1,changeCycle=0,myNode=6a73c813...,timecost=10.648
info|2019-12-12 12:00:44.475090|[g:1][CONSENSUS][PBFT]checkAndChangeView: Reach consensus,org_view=37982,org_changeCycle=0,cur_changeCycle=0,to_view=37983
info|2019-12-12 12:00:45.481103|[g:1][CONSENSUS]addRawPrepare,height=69,reqIdx=3,hash=1be992cb...
info|2019-12-12 12:00:45.494033|[g:1][CONSENSUS][PBFT]checkTimeout Succ,view=37983,toView=37984,nodeIdx=1,changeCycle=0,myNode=6a73c813...,timecost=8.577
info|2019-12-12 12:00:45.515411|[g:1][CONSENSUS][PBFT]checkAndChangeView: Reach consensus,org_view=37983,org_changeCycle=0,cur_changeCycle=0,to_view=37984
info|2019-12-12 12:00:46.046356|[P2P][Service] heartBeat,connected count=4
info|2019-12-12 12:00:46.536133|[g:1][CONSENSUS]addRawPrepare,height=69,reqIdx=0,hash=6ae224bd...
info|2019-12-12 12:00:46.557167|[g:1][CONSENSUS][PBFT]checkTimeout Succ,view=37984,toView=37985,nodeIdx=1,changeCycle=0,myNode=6a73c813...,timecost=18.528
info|2019-12-12 12:00:46.568263|[g:1][CONSENSUS][PBFT]checkAndChangeView: Reach consensus,org_view=37984,org_changeCycle=0,cur_changeCycle=0,to_view=37985
info|2019-12-12 12:00:47.569737|[g:1][CONSENSUS][SEALER]++++++++++++++++ Generating seal on,blkNum=69,tx=0,nodeIdx=1,hash=a2759b12...
info|2019-12-12 12:00:47.591137|[g:1][CONSENSUS][PBFT]checkTimeout Succ,view=37985,toView=37986,nodeIdx=1,changeCycle=0,myNode=6a73c813...,timecost=0.961
info|2019-12-12 12:00:47.595981|[g:1][CONSENSUS][PBFT]checkAndChangeView: Reach consensus,org_view=37985,org_changeCycle=0,cur_changeCycle=0,to_view=37986
info|2019-12-12 12:00:48.607422|[g:1][CONSENSUS]addRawPrepare,height=69,reqIdx=2,hash=ccc378fa...
info|2019-12-12 12:00:48.613176|[g:1][CONSENSUS][PBFT]checkTimeout Succ,view=37986,toView=37987,nodeIdx=1,changeCycle=0,myNode=6a73c813...,timecost=5.681
info|2019-12-12 12:00:48.617847|[g:1][CONSENSUS][PBFT]checkAndChangeView: Reach consensus,org_view=37986,org_changeCycle=0,cur_changeCycle=0,to_view=37987
info|2019-12-12 12:00:49.629196|[g:1][CONSENSUS]addRawPrepare,height=69,reqIdx=3,hash=58fec18b...
info|2019-12-12 12:00:49.629928|[g:1][CONSENSUS][PBFT]checkTimeout Succ,view=37987,toView=37988,nodeIdx=1,changeCycle=0,myNode=6a73c813...,timecost=0.489
info|2019-12-12 12:00:49.636714|[g:1][CONSENSUS][PBFT]checkAndChangeView: Reach consensus,org_view=37987,org_changeCycle=0,cur_changeCycle=0,to_view=37988
info|2019-12-12 12:00:50.642481|[g:1][CONSENSUS]addRawPrepare,height=69,reqIdx=0,hash=a8e2a350...
info|2019-12-12 12:00:50.649585|[g:1][CONSENSUS][PBFT]checkTimeout Succ,view=37988,toView=37989,nodeIdx=1,changeCycle=0,myNode=6a73c813...,timecost=7.041
info|2019-12-12 12:00:50.655751|[g:1][CONSENSUS][PBFT]checkAndChangeView: Reach consensus,org_view=37988,org_changeCycle=0,cur_changeCycle=0,to_view=37989
info|2019-12-12 12:00:51.663673|[g:1][CONSENSUS][SEALER]++++++++++++++++ Generating seal on,blkNum=69,tx=0,nodeIdx=1,hash=8038f4e0...
info|2019-12-12 12:00:51.674032|[g:1][CONSENSUS][PBFT]checkTimeout Succ,view=37989,toView=37990,nodeIdx=1,changeCycle=0,myNode=6a73c813...,timecost=0.416
info|2019-12-12 12:00:51.675697|[g:1][CONSENSUS][PBFT]checkAndChangeView: Reach consensus,org_view=37989,org_changeCycle=0,cur_changeCycle=0,to_view=37990
info|2019-12-12 12:00:52.719300|[g:1][CONSENSUS]addRawPrepare,height=69,reqIdx=2,hash=00459e94...
info|2019-12-12 12:00:52.729501|[g:1][CONSENSUS][PBFT]checkTimeout Succ,view=37990,toView=37991,nodeIdx=1,changeCycle=0,myNode=6a73c813...,timecost=9.949
info|2019-12-12 12:00:52.748429|[g:1][CONSENSUS][PBFT]checkAndChangeView: Reach consensus,org_view=37990,org_changeCycle=0,cur_changeCycle=0,to_view=37991
info|2019-12-12 12:00:53.757039|[g:1][CONSENSUS]addRawPrepare,height=69,reqIdx=3,hash=f82d77ed...
info|2019-12-12 12:00:53.799657|[g:1][CONSENSUS][PBFT]checkTimeout Succ,view=37991,toView=37992,nodeIdx=1,changeCycle=0,myNode=6a73c813...,timecost=35.999
info|2019-12-12 12:00:53.804614|[g:1][CONSENSUS][PBFT]checkAndChangeView: Reach consensus,org_view=37991,org_changeCycle=0,cur_changeCycle=0,to_view=37992
info|2019-12-12 12:00:54.807163|[g:1][CONSENSUS]addRawPrepare,height=69,reqIdx=0,hash=b730b351...
info|2019-12-12 12:00:54.811906|[g:1][CONSENSUS][PBFT]checkTimeout Succ,view=37992,toView=37993,nodeIdx=1,changeCycle=0,myNode=6a73c813...,timecost=4.632
info|2019-12-12 12:00:54.813480|[g:1][CONSENSUS][PBFT]checkAndChangeView: Reach consensus,org_view=37992,org_changeCycle=0,cur_changeCycle=0,to_view=37993
info|2019-12-12 12:00:55.820274|[g:1][CONSENSUS][SEALER]++++++++++++++++ Generating seal on,blkNum=69,tx=0,nodeIdx=1,hash=8851aa93...
info|2019-12-12 12:00:55.839293|[g:1][CONSENSUS][PBFT]checkTimeout Succ,view=37993,toView=37994,nodeIdx=1,changeCycle=0,myNode=6a73c813...,timecost=0.795
info|2019-12-12 12:00:55.842924|[g:1][CONSENSUS][PBFT]checkAndChangeView: Reach consensus,org_view=37993,org_changeCycle=0,cur_changeCycle=0,to_view=37994
info|2019-12-12 12:00:56.047324|[P2P][Service] heartBeat,connected count=4
info|2019-12-12 12:00:56.860881|[g:1][CONSENSUS]addRawPrepare,height=69,reqIdx=2,hash=22c902dc...
info|2019-12-12 12:00:56.871603|[g:1][CONSENSUS][PBFT]checkTimeout Succ,view=37994,toView=37995,nodeIdx=1,changeCycle=0,myNode=6a73c813...,timecost=10.467
info|2019-12-12 12:00:56.904090|[g:1][CONSENSUS][PBFT]checkAndChangeView: Reach consensus,org_view=37994,org_changeCycle=0,cur_changeCycle=0,to_view=37995
info|2019-12-12 12:00:57.920162|[g:1][CONSENSUS]addRawPrepare,height=69,reqIdx=3,hash=2bb19c78...
info|2019-12-12 12:00:57.927584|[g:1][CONSENSUS][PBFT]checkTimeout Succ,view=37995,toView=37996,nodeIdx=1,changeCycle=0,myNode=6a73c813...,timecost=0.958
info|2019-12-12 12:00:57.960085|[g:1][CONSENSUS][PBFT]checkAndChangeView: Reach consensus,org_view=37995,org_changeCycle=0,cur_changeCycle=0,to_view=37996
info|2019-12-12 12:00:58.972689|[g:1][CONSENSUS]addRawPrepare,height=69,reqIdx=0,hash=7d180834...
info|2019-12-12 12:00:58.978927|[g:1][CONSENSUS][PBFT]checkTimeout Succ,view=37996,toView=37997,nodeIdx=1,changeCycle=0,myNode=6a73c813...,timecost=6.061
info|2019-12-12 12:00:58.996686|[g:1][CONSENSUS][PBFT]checkAndChangeView: Reach consensus,org_view=37996,org_changeCycle=0,cur_changeCycle=0,to_view=37997
info|2019-12-12 12:01:00.000277|[g:1][CONSENSUS][SEALER]++++++++++++++++ Generating seal on,blkNum=69,tx=0,nodeIdx=1,hash=017c31bb...
info|2019-12-12 12:01:00.045960|[g:1][CONSENSUS][PBFT]checkTimeout Succ,view=37997,toView=37998,nodeIdx=1,changeCycle=0,myNode=6a73c813...,timecost=1.563
info|2019-12-12 12:01:00.055330|[g:1][CONSENSUS][PBFT]checkAndChangeView: Reach consensus,org_view=37997,org_changeCycle=0,cur_changeCycle=0,to_view=37998
info|2019-12-12 12:01:01.052330|[g:1][CONSENSUS]addRawPrepare,height=69,reqIdx=2,hash=83a5b9cd...
info|2019-12-12 12:01:01.056588|[g:1][CONSENSUS][PBFT]checkTimeout Succ,view=37998,toView=37999,nodeIdx=1,changeCycle=0,myNode=6a73c813...,timecost=4.178
info|2019-12-12 12:01:01.062083|[g:1][CONSENSUS][PBFT]checkAndChangeView: Reach consensus,org_view=37998,org_changeCycle=0,cur_changeCycle=0,to_view=37999
info|2019-12-12 12:01:02.072897|[g:1][CONSENSUS]addRawPrepare,height=69,reqIdx=3,hash=a82c75b9...
info|2019-12-12 12:01:02.073308|[g:1][CONSENSUS][PBFT]checkTimeout Succ,view=37999,toView=38000,nodeIdx=1,changeCycle=0,myNode=6a73c813...,timecost=0.283
info|2019-12-12 12:01:02.080610|[g:1][CONSENSUS][PBFT]checkAndChangeView: Reach consensus,org_view=37999,org_changeCycle=0,cur_changeCycle=0,to_view=38000
info|2019-12-12 12:01:03.094221|[g:1][CONSENSUS]addRawPrepare,height=69,reqIdx=0,hash=84af4cba...
info|2019-12-12 12:01:03.096188|[g:1][CONSENSUS][PBFT]checkTimeout Succ,view=38000,toView=38001,nodeIdx=1,changeCycle=0,myNode=6a73c813...,timecost=1.892
info|2019-12-12 12:01:03.110046|[g:1][CONSENSUS][PBFT]checkAndChangeView: Reach consensus,org_view=38000,org_changeCycle=0,cur_changeCycle=0,to_view=38001
info|2019-12-12 12:01:04.115146|[g:1][CONSENSUS][SEALER]++++++++++++++++ Generating seal on,blkNum=69,tx=0,nodeIdx=1,hash=b1f73621...
info|2019-12-12 12:01:04.151261|[g:1][CONSENSUS][PBFT]checkTimeout Succ,view=38001,toView=38002,nodeIdx=1,changeCycle=0,myNode=6a73c813...,timecost=0.656
info|2019-12-12 12:01:04.156628|[g:1][CONSENSUS][PBFT]checkAndChangeView: Reach consensus,org_view=38001,org_changeCycle=0,cur_changeCycle=0,to_view=38002
info|2019-12-12 12:01:05.168831|[g:1][CONSENSUS]addRawPrepare,height=69,reqIdx=2,hash=170037b2...
info|2019-12-12 12:01:05.177470|[g:1][CONSENSUS][PBFT]checkTimeout Succ,view=38002,toView=38003,nodeIdx=1,changeCycle=0,myNode=6a73c813...,timecost=8.305
info|2019-12-12 12:01:05.203614|[g:1][CONSENSUS][PBFT]checkAndChangeView: Reach consensus,org_view=38002,org_changeCycle=0,cur_changeCycle=0,to_view=38003
info|2019-12-12 12:01:06.047553|[P2P][Service] heartBeat,connected count=4
info|2019-12-12 12:01:06.209569|[g:1][CONSENSUS]addRawPrepare,height=69,reqIdx=3,hash=528db26e...
info|2019-12-12 12:01:06.234019|[g:1][CONSENSUS][PBFT]checkTimeout Succ,view=38003,toView=38004,nodeIdx=1,changeCycle=0,myNode=6a73c813...,timecost=13.382
info|2019-12-12 12:01:06.263379|[g:1][CONSENSUS][PBFT]checkAndChangeView: Reach consensus,org_view=38003,org_changeCycle=0,cur_changeCycle=0,to_view=38004
info|2019-12-12 12:01:07.287119|[g:1][CONSENSUS]addRawPrepare,height=69,reqIdx=0,hash=e5d1bc96...
info|2019-12-12 12:01:07.311151|[g:1][CONSENSUS][PBFT]checkTimeout Succ,view=38004,toView=38005,nodeIdx=1,changeCycle=0,myNode=6a73c813...,timecost=23.843
info|2019-12-12 12:01:07.317772|[g:1][CONSENSUS][PBFT]checkAndChangeView: Reach consensus,org_view=38004,org_changeCycle=0,cur_changeCycle=0,to_view=38005
info|2019-12-12 12:01:08.320659|[g:1][CONSENSUS][SEALER]++++++++++++++++ Generating seal on,blkNum=69,tx=0,nodeIdx=1,hash=8ab649f6...
info|2019-12-12 12:01:08.341418|[g:1][CONSENSUS][PBFT]checkTimeout Succ,view=38005,toView=38006,nodeIdx=1,changeCycle=0,myNode=6a73c813...,timecost=1.21
info|2019-12-12 12:01:08.357893|[g:1][CONSENSUS][PBFT]checkAndChangeView: Reach consensus,org_view=38005,org_changeCycle=0,cur_changeCycle=0,to_view=38006
info|2019-12-12 12:01:09.378478|[g:1][CONSENSUS]addRawPrepare,height=69,reqIdx=2,hash=e1443e16...
info|2019-12-12 12:01:09.378907|[g:1][CONSENSUS][PBFT]checkTimeout Succ,view=38006,toView=38007,nodeIdx=1,changeCycle=0,myNode=6a73c813...,timecost=0.384
info|2019-12-12 12:01:09.383810|[g:1][CONSENSUS][PBFT]checkAndChangeView: Reach consensus,org_view=38006,org_changeCycle=0,cur_changeCycle=0,to_view=38007
info|2019-12-12 12:01:10.389090|[g:1][CONSENSUS]addRawPrepare,height=69,reqIdx=3,hash=00a25bd3...
info|2019-12-12 12:01:10.389718|[g:1][CONSENSUS][PBFT]checkTimeout Succ,view=38007,toView=38008,nodeIdx=1,changeCycle=0,myNode=6a73c813...,timecost=0.476
info|2019-12-12 12:01:10.398089|[g:1][CONSENSUS][PBFT]checkAndChangeView: Reach consensus,org_view=38007,org_changeCycle=0,cur_changeCycle=0,to_view=38008
info|2019-12-12 12:01:11.410744|[g:1][CONSENSUS]addRawPrepare,height=69,reqIdx=0,hash=c922655f...
info|2019-12-12 12:01:11.417081|[g:1][CONSENSUS][PBFT]checkTimeout Succ,view=38008,toView=38009,nodeIdx=1,changeCycle=0,myNode=6a73c813...,timecost=6.282
info|2019-12-12 12:01:11.441785|[g:1][CONSENSUS][PBFT]checkAndChangeView: Reach consensus,org_view=38008,org_changeCycle=0,cur_changeCycle=0,to_view=38009
info|2019-12-12 12:01:12.451708|[g:1][CONSENSUS][SEALER]++++++++++++++++ Generating seal on,blkNum=69,tx=0,nodeIdx=1,hash=bad5a271...
info|2019-12-12 12:01:12.484102|[g:1][CONSENSUS][PBFT]checkTimeout Succ,view=38009,toView=38010,nodeIdx=1,changeCycle=0,myNode=6a73c813...,timecost=0.528
info|2019-12-12 12:01:12.493765|[g:1][CONSENSUS][PBFT]checkAndChangeView: Reach consensus,org_view=38009,org_changeCycle=0,cur_changeCycle=0,to_view=38010
info|2019-12-12 12:01:13.553175|[g:1][CONSENSUS]addRawPrepare,height=69,reqIdx=2,hash=2b39059a...
info|2019-12-12 12:01:13.582441|[g:1][CONSENSUS][PBFT]checkTimeout Succ,view=38010,toView=38011,nodeIdx=1,changeCycle=0,myNode=6a73c813...,timecost=10.48
info|2019-12-12 12:01:13.604528|[g:1][CONSENSUS][PBFT]checkAndChangeView: Reach consensus,org_view=38010,org_changeCycle=0,cur_changeCycle=0,to_view=38011
info|2019-12-12 12:01:14.608742|[g:1][CONSENSUS]addRawPrepare,height=69,reqIdx=3,hash=78ebc3f7...
info|2019-12-12 12:01:14.637752|[g:1][CONSENSUS][PBFT]checkTimeout Succ,view=38011,toView=38012,nodeIdx=1,changeCycle=0,myNode=6a73c813...,timecost=22.686
info|2019-12-12 12:01:14.651883|[g:1][CONSENSUS][PBFT]checkAndChangeView: Reach consensus,org_view=38011,org_changeCycle=0,cur_changeCycle=0,to_view=38012
info|2019-12-12 12:01:15.656088|[g:1][CONSENSUS]addRawPrepare,height=69,reqIdx=0,hash=0c239904...
info|2019-12-12 12:01:15.659454|[g:1][CONSENSUS][PBFT]checkTimeout Succ,view=38012,toView=38013,nodeIdx=1,changeCycle=0,myNode=6a73c813...,timecost=3.222
info|2019-12-12 12:01:15.686120|[g:1][CONSENSUS][PBFT]checkAndChangeView: Reach consensus,org_view=38012,org_changeCycle=0,cur_changeCycle=0,to_view=38013
info|2019-12-12 12:01:16.048383|[P2P][Service] heartBeat,connected count=4
info|2019-12-12 12:01:16.688408|[g:1][CONSENSUS][SEALER]++++++++++++++++ Generating seal on,blkNum=69,tx=0,nodeIdx=1,hash=d2d481f9...
info|2019-12-12 12:01:16.705842|[g:1][CONSENSUS][PBFT]checkTimeout Succ,view=38013,toView=38014,nodeIdx=1,changeCycle=0,myNode=6a73c813...,timecost=0.784
info|2019-12-12 12:01:16.713420|[g:1][CONSENSUS][PBFT]checkAndChangeView: Reach consensus,org_view=38013,org_changeCycle=0,cur_changeCycle=0,to_view=38014
info|2019-12-12 12:01:17.717943|[g:1][CONSENSUS]addRawPrepare,height=69,reqIdx=2,hash=af271484...
info|2019-12-12 12:01:17.727640|[g:1][CONSENSUS][PBFT]checkTimeout Succ,view=38014,toView=38015,nodeIdx=1,changeCycle=0,myNode=6a73c813...,timecost=9.471
info|2019-12-12 12:01:17.767306|[g:1][CONSENSUS][PBFT]checkAndChangeView: Reach consensus,org_view=38014,org_changeCycle=0,cur_changeCycle=0,to_view=38015
info|2019-12-12 12:01:18.778759|[g:1][CONSENSUS]addRawPrepare,height=69,reqIdx=3,hash=c268611a...
info|2019-12-12 12:01:18.792985|[g:1][CONSENSUS][PBFT]checkTimeout Succ,view=38015,toView=38016,nodeIdx=1,changeCycle=0,myNode=6a73c813...,timecost=4.705
info|2019-12-12 12:01:18.814947|[g:1][CONSENSUS][PBFT]checkAndChangeView: Reach consensus,org_view=38015,org_changeCycle=0,cur_changeCycle=0,to_view=38016
info|2019-12-12 12:01:19.849157|[g:1][CONSENSUS]addRawPrepare,height=69,reqIdx=0,hash=4a1cd3b3...
info|2019-12-12 12:01:19.861304|[g:1][CONSENSUS][PBFT]checkTimeout Succ,view=38016,toView=38017,nodeIdx=1,changeCycle=0,myNode=6a73c813...,timecost=10.306
info|2019-12-12 12:01:19.880990|[g:1][CONSENSUS][PBFT]checkAndChangeView: Reach consensus,org_view=38016,org_changeCycle=0,cur_changeCycle=0,to_view=38017
info|2019-12-12 12:01:20.883106|[g:1][CONSENSUS][SEALER]++++++++++++++++ Generating seal on,blkNum=69,tx=0,nodeIdx=1,hash=d0bc73cb...
info|2019-12-12 12:01:20.908284|[g:1][CONSENSUS][PBFT]checkTimeout Succ,view=38017,toView=38018,nodeIdx=1,changeCycle=0,myNode=6a73c813...,timecost=1.437
info|2019-12-12 12:01:20.932154|[g:1][CONSENSUS][PBFT]checkAndChangeView: Reach consensus,org_view=38017,org_changeCycle=0,cur_changeCycle=0,to_view=38018
info|2019-12-12 12:01:21.938165|[g:1][CONSENSUS]addRawPrepare,height=69,reqIdx=2,hash=72304ad3...
info|2019-12-12 12:01:21.939625|[g:1][CONSENSUS][PBFT]checkTimeout Succ,view=38018,toView=38019,nodeIdx=1,changeCycle=0,myNode=6a73c813...,timecost=1.393
info|2019-12-12 12:01:21.945000|[g:1][CONSENSUS][PBFT]checkAndChangeView: Reach consensus,org_view=38018,org_changeCycle=0,cur_changeCycle=0,to_view=38019
info|2019-12-12 12:01:22.949867|[g:1][CONSENSUS]addRawPrepare,height=69,reqIdx=3,hash=2d96d295...
info|2019-12-12 12:01:22.961228|[g:1][CONSENSUS][PBFT]checkTimeout Succ,view=38019,toView=38020,nodeIdx=1,changeCycle=0,myNode=6a73c813...,timecost=11.231
info|2019-12-12 12:01:22.976249|[g:1][CONSENSUS][PBFT]checkAndChangeView: Reach consensus,org_view=38019,org_changeCycle=0,cur_changeCycle=0,to_view=38020
info|2019-12-12 12:01:24.038070|[g:1][CONSENSUS]addRawPrepare,height=69,reqIdx=0,hash=e1b73579...
info|2019-12-12 12:01:24.044710|[g:1][CONSENSUS][PBFT]checkTimeout Succ,view=38020,toView=38021,nodeIdx=1,changeCycle=0,myNode=6a73c813...,timecost=6.36
info|2019-12-12 12:01:24.050401|[g:1][CONSENSUS][PBFT]checkAndChangeView: Reach consensus,org_view=38020,org_changeCycle=0,cur_changeCycle=0,to_view=38021
info|2019-12-12 12:01:25.054589|[g:1][CONSENSUS][SEALER]++++++++++++++++ Generating seal on,blkNum=69,tx=0,nodeIdx=1,hash=140bb601...
info|2019-12-12 12:01:25.088517|[g:1][CONSENSUS][PBFT]checkTimeout Succ,view=38021,toView=38022,nodeIdx=1,changeCycle=0,myNode=6a73c813...,timecost=0.867
info|2019-12-12 12:01:25.097535|[g:1][CONSENSUS][PBFT]checkAndChangeView: Reach consensus,org_view=38021,org_changeCycle=0,cur_changeCycle=0,to_view=38022
info|2019-12-12 12:01:26.049544|[P2P][Service] heartBeat,connected count=4
info|2019-12-12 12:01:26.118155|[g:1][CONSENSUS]addRawPrepare,height=69,reqIdx=2,hash=14b9294a...
info|2019-12-12 12:01:26.156925|[g:1][CONSENSUS][PBFT]checkTimeout Succ,view=38022,toView=38023,nodeIdx=1,changeCycle=0,myNode=6a73c813...,timecost=29.803
info|2019-12-12 12:01:26.179885|[g:1][CONSENSUS][PBFT]checkAndChangeView: Reach consensus,org_view=38022,org_changeCycle=0,cur_changeCycle=0,to_view=38023
info|2019-12-12 12:01:27.184068|[g:1][CONSENSUS]addRawPrepare,height=69,reqIdx=3,hash=71cdfbd7...
info|2019-12-12 12:01:27.184713|[g:1][CONSENSUS][PBFT]checkTimeout Succ,view=38023,toView=38024,nodeIdx=1,changeCycle=0,myNode=6a73c813...,timecost=0.512
info|2019-12-12 12:01:27.193736|[g:1][CONSENSUS][PBFT]checkAndChangeView: Reach consensus,org_view=38023,org_changeCycle=0,cur_changeCycle=0,to_view=38024
info|2019-12-12 12:01:28.212247|[g:1][CONSENSUS]addRawPrepare,height=69,reqIdx=0,hash=210f5f19...
info|2019-12-12 12:01:28.232987|[g:1][CONSENSUS][PBFT]checkTimeout Succ,view=38024,toView=38025,nodeIdx=1,changeCycle=0,myNode=6a73c813...,timecost=20.535
info|2019-12-12 12:01:28.249306|[g:1][CONSENSUS][PBFT]checkAndChangeView: Reach consensus,org_view=38024,org_changeCycle=0,cur_changeCycle=0,to_view=38025
info|2019-12-12 12:01:29.250315|[g:1][CONSENSUS][SEALER]++++++++++++++++ Generating seal on,blkNum=69,tx=0,nodeIdx=1,hash=a2fd4020...
info|2019-12-12 12:01:29.273677|[g:1][CONSENSUS][PBFT]checkTimeout Succ,view=38025,toView=38026,nodeIdx=1,changeCycle=0,myNode=6a73c813...,timecost=4.378
info|2019-12-12 12:01:29.291671|[g:1][CONSENSUS][PBFT]checkAndChangeView: Reach consensus,org_view=38025,org_changeCycle=0,cur_changeCycle=0,to_view=38026
info|2019-12-12 12:01:30.307452|[g:1][CONSENSUS]addRawPrepare,height=69,reqIdx=2,hash=51641aea...
info|2019-12-12 12:01:30.307921|[g:1][CONSENSUS][PBFT]checkTimeout Succ,view=38026,toView=38027,nodeIdx=1,changeCycle=0,myNode=6a73c813...,timecost=0.409
info|2019-12-12 12:01:30.313106|[g:1][CONSENSUS][PBFT]checkAndChangeView: Reach consensus,org_view=38026,org_changeCycle=0,cur_changeCycle=0,to_view=38027
info|2019-12-12 12:01:31.327546|[g:1][CONSENSUS]addRawPrepare,height=69,reqIdx=3,hash=962af993...
info|2019-12-12 12:01:31.342818|[g:1][CONSENSUS][PBFT]checkTimeout Succ,view=38027,toView=38028,nodeIdx=1,changeCycle=0,myNode=6a73c813...,timecost=15.103
info|2019-12-12 12:01:31.347905|[g:1][CONSENSUS][PBFT]checkAndChangeView: Reach consensus,org_view=38027,org_changeCycle=0,cur_changeCycle=0,to_view=38028
info|2019-12-12 12:01:32.357744|[g:1][CONSENSUS]addRawPrepare,height=69,reqIdx=0,hash=5b917d24...
info|2019-12-12 12:01:32.374030|[g:1][CONSENSUS][PBFT]checkTimeout Succ,view=38028,toView=38029,nodeIdx=1,changeCycle=0,myNode=6a73c813...,timecost=15.909
info|2019-12-12 12:01:32.406004|[g:1][CONSENSUS][PBFT]checkAndChangeView: Reach consensus,org_view=38028,org_changeCycle=0,cur_changeCycle=0,to_view=38029
info|2019-12-12 12:01:33.409296|[g:1][CONSENSUS][SEALER]++++++++++++++++ Generating seal on,blkNum=69,tx=0,nodeIdx=1,hash=e7e7a16a...
info|2019-12-12 12:01:33.424798|[g:1][CONSENSUS][PBFT]checkTimeout Succ,view=38029,toView=38030,nodeIdx=1,changeCycle=0,myNode=6a73c813...,timecost=0.481
info|2019-12-12 12:01:33.426983|[g:1][CONSENSUS][PBFT]checkAndChangeView: Reach consensus,org_view=38029,org_changeCycle=0,cur_changeCycle=0,to_view=38030
info|2019-12-12 12:01:34.432770|[g:1][CONSENSUS]addRawPrepare,height=69,reqIdx=2,hash=bc008288...
info|2019-12-12 12:01:34.442509|[g:1][CONSENSUS][PBFT]checkTimeout Succ,view=38030,toView=38031,nodeIdx=1,changeCycle=0,myNode=6a73c813...,timecost=9.445
info|2019-12-12 12:01:34.463870|[g:1][CONSENSUS][PBFT]checkAndChangeView: Reach consensus,org_view=38030,org_changeCycle=0,cur_changeCycle=0,to_view=38031
info|2019-12-12 12:01:35.475305|[g:1][CONSENSUS]addRawPrepare,height=69,reqIdx=3,hash=1004796d...
info|2019-12-12 12:01:35.487854|[g:1][CONSENSUS][PBFT]checkTimeout Succ,view=38031,toView=38032,nodeIdx=1,changeCycle=0,myNode=6a73c813...,timecost=7.002
info|2019-12-12 12:01:35.502890|[g:1][CONSENSUS][PBFT]checkAndChangeView: Reach consensus,org_view=38031,org_changeCycle=0,cur_changeCycle=0,to_view=38032
info|2019-12-12 12:01:36.050187|[P2P][Service] heartBeat,connected count=4
info|2019-12-12 12:01:36.508991|[g:1][CONSENSUS]addRawPrepare,height=69,reqIdx=0,hash=ad037e2c...
info|2019-12-12 12:01:36.509298|[g:1][CONSENSUS][PBFT]checkTimeout Succ,view=38032,toView=38033,nodeIdx=1,changeCycle=0,myNode=6a73c813...,timecost=0.269
info|2019-12-12 12:01:36.511693|[g:1][CONSENSUS][PBFT]checkAndChangeView: Reach consensus,org_view=38032,org_changeCycle=0,cur_changeCycle=0,to_view=38033
info|2019-12-12 12:01:37.513815|[g:1][CONSENSUS][SEALER]++++++++++++++++ Generating seal on,blkNum=69,tx=0,nodeIdx=1,hash=a01d406b...
info|2019-12-12 12:01:37.526620|[g:1][CONSENSUS][PBFT]checkTimeout Succ,view=38033,toView=38034,nodeIdx=1,changeCycle=0,myNode=6a73c813...,timecost=0.968
info|2019-12-12 12:01:37.547789|[g:1][CONSENSUS][PBFT]checkAndChangeView: Reach consensus,org_view=38033,org_changeCycle=0,cur_changeCycle=0,to_view=38034
info|2019-12-12 12:01:38.567491|[g:1][CONSENSUS]addRawPrepare,height=69,reqIdx=2,hash=6d5485c7...
info|2019-12-12 12:01:38.568553|[g:1][CONSENSUS][PBFT]checkTimeout Succ,view=38034,toView=38035,nodeIdx=1,changeCycle=0,myNode=6a73c813...,timecost=1.008
info|2019-12-12 12:01:38.579583|[g:1][CONSENSUS][PBFT]checkAndChangeView: Reach consensus,org_view=38034,org_changeCycle=0,cur_changeCycle=0,to_view=38035
info|2019-12-12 12:01:39.589018|[g:1][CONSENSUS]addRawPrepare,height=69,reqIdx=3,hash=7a981e70...
info|2019-12-12 12:01:39.601949|[g:1][CONSENSUS][PBFT]checkTimeout Succ,view=38035,toView=38036,nodeIdx=1,changeCycle=0,myNode=6a73c813...,timecost=8.041
info|2019-12-12 12:01:39.612459|[g:1][CONSENSUS][PBFT]checkAndChangeView: Reach consensus,org_view=38035,org_changeCycle=0,cur_changeCycle=0,to_view=38036
info|2019-12-12 12:01:40.633410|[g:1][CONSENSUS]addRawPrepare,height=69,reqIdx=0,hash=1ad8bd12...
info|2019-12-12 12:01:40.642209|[g:1][CONSENSUS][PBFT]checkTimeout Succ,view=38036,toView=38037,nodeIdx=1,changeCycle=0,myNode=6a73c813...,timecost=8.534
info|2019-12-12 12:01:40.667226|[g:1][CONSENSUS][PBFT]checkAndChangeView: Reach consensus,org_view=38036,org_changeCycle=0,cur_changeCycle=0,to_view=38037
info|2019-12-12 12:01:41.669435|[g:1][CONSENSUS][SEALER]++++++++++++++++ Generating seal on,blkNum=69,tx=0,nodeIdx=1,hash=d0473e3b...
info|2019-12-12 12:01:41.701789|[g:1][CONSENSUS][PBFT]checkTimeout Succ,view=38037,toView=38038,nodeIdx=1,changeCycle=0,myNode=6a73c813...,timecost=9.073
info|2019-12-12 12:01:41.707514|[g:1][CONSENSUS][PBFT]checkAndChangeView: Reach consensus,org_view=38037,org_changeCycle=0,cur_changeCycle=0,to_view=38038
info|2019-12-12 12:01:42.737372|[g:1][CONSENSUS]addRawPrepare,height=69,reqIdx=2,hash=9d553a0b...
info|2019-12-12 12:01:42.737759|[g:1][CONSENSUS][PBFT]checkTimeout Succ,view=38038,toView=38039,nodeIdx=1,changeCycle=0,myNode=6a73c813...,timecost=0.342
info|2019-12-12 12:01:42.743210|[g:1][CONSENSUS][PBFT]checkAndChangeView: Reach consensus,org_view=38038,org_changeCycle=0,cur_changeCycle=0,to_view=38039
info|2019-12-12 12:01:43.747192|[g:1][CONSENSUS]addRawPrepare,height=69,reqIdx=3,hash=9869aec1...
info|2019-12-12 12:01:43.747738|[g:1][CONSENSUS][PBFT]checkTimeout Succ,view=38039,toView=38040,nodeIdx=1,changeCycle=0,myNode=6a73c813...,timecost=0.386
info|2019-12-12 12:01:43.757766|[g:1][CONSENSUS][PBFT]checkAndChangeView: Reach consensus,org_view=38039,org_changeCycle=0,cur_changeCycle=0,to_view=38040
info|2019-12-12 12:01:44.768283|[g:1][CONSENSUS]addRawPrepare,height=69,reqIdx=0,hash=e47e79c9...
info|2019-12-12 12:01:44.771673|[g:1][CONSENSUS][PBFT]checkTimeout Succ,view=38040,toView=38041,nodeIdx=1,changeCycle=0,myNode=6a73c813...,timecost=3.348
info|2019-12-12 12:01:44.777981|[g:1][CONSENSUS][PBFT]checkAndChangeView: Reach consensus,org_view=38040,org_changeCycle=0,cur_changeCycle=0,to_view=38041
info|2019-12-12 12:01:45.784981|[g:1][CONSENSUS][SEALER]++++++++++++++++ Generating seal on,blkNum=69,tx=0,nodeIdx=1,hash=c0685fd3...
info|2019-12-12 12:01:45.811611|[g:1][CONSENSUS][PBFT]checkTimeout Succ,view=38041,toView=38042,nodeIdx=1,changeCycle=0,myNode=6a73c813...,timecost=0.867
info|2019-12-12 12:01:45.823078|[g:1][CONSENSUS][PBFT]checkAndChangeView: Reach consensus,org_view=38041,org_changeCycle=0,cur_changeCycle=0,to_view=38042
info|2019-12-12 12:01:46.050453|[P2P][Service] heartBeat,connected count=4
info|2019-12-12 12:01:46.843700|[g:1][CONSENSUS]addRawPrepare,height=69,reqIdx=2,hash=107de465...
info|2019-12-12 12:01:46.854929|[g:1][CONSENSUS][PBFT]checkTimeout Succ,view=38042,toView=38043,nodeIdx=1,changeCycle=0,myNode=6a73c813...,timecost=10.554
info|2019-12-12 12:01:46.874613|[g:1][CONSENSUS][PBFT]checkAndChangeView: Reach consensus,org_view=38042,org_changeCycle=0,cur_changeCycle=0,to_view=38043
info|2019-12-12 12:01:47.893559|[g:1][CONSENSUS]addRawPrepare,height=69,reqIdx=3,hash=c746b385...
info|2019-12-12 12:01:47.904075|[g:1][CONSENSUS][PBFT]checkTimeout Succ,view=38043,toView=38044,nodeIdx=1,changeCycle=0,myNode=6a73c813...,timecost=4.904
info|2019-12-12 12:01:47.930437|[g:1][CONSENSUS][PBFT]checkAndChangeView: Reach consensus,org_view=38043,org_changeCycle=0,cur_changeCycle=0,to_view=38044
info|2019-12-12 12:01:48.951233|[g:1][CONSENSUS]addRawPrepare,height=69,reqIdx=0,hash=0ffc3cc9...
info|2019-12-12 12:01:48.957239|[g:1][CONSENSUS][PBFT]checkTimeout Succ,view=38044,toView=38045,nodeIdx=1,changeCycle=0,myNode=6a73c813...,timecost=5.794
info|2019-12-12 12:01:49.001154|[g:1][CONSENSUS][PBFT]checkAndChangeView: Reach consensus,org_view=38044,org_changeCycle=0,cur_changeCycle=0,to_view=38045
info|2019-12-12 12:01:50.001212|[g:1][CONSENSUS][SEALER]++++++++++++++++ Generating seal on,blkNum=69,tx=0,nodeIdx=1,hash=b57ff0d5...
info|2019-12-12 12:01:50.022200|[g:1][CONSENSUS][PBFT]checkTimeout Succ,view=38045,toView=38046,nodeIdx=1,changeCycle=0,myNode=6a73c813...,timecost=2.968
info|2019-12-12 12:01:50.024351|[g:1][CONSENSUS][PBFT]checkAndChangeView: Reach consensus,org_view=38045,org_changeCycle=0,cur_changeCycle=0,to_view=38046
info|2019-12-12 12:01:51.029433|[g:1][CONSENSUS]addRawPrepare,height=69,reqIdx=2,hash=c29aa5da...
info|2019-12-12 12:01:51.036523|[g:1][CONSENSUS][PBFT]checkTimeout Succ,view=38046,toView=38047,nodeIdx=1,changeCycle=0,myNode=6a73c813...,timecost=7.019
info|2019-12-12 12:01:51.051137|[g:1][CONSENSUS][PBFT]checkAndChangeView: Reach consensus,org_view=38046,org_changeCycle=0,cur_changeCycle=0,to_view=38047
info|2019-12-12 12:01:52.065931|[g:1][CONSENSUS]addRawPrepare,height=69,reqIdx=3,hash=bea5e466...
info|2019-12-12 12:01:52.079377|[g:1][CONSENSUS][PBFT]checkTimeout Succ,view=38047,toView=38048,nodeIdx=1,changeCycle=0,myNode=6a73c813...,timecost=11.333
info|2019-12-12 12:01:52.112218|[g:1][CONSENSUS][PBFT]checkAndChangeView: Reach consensus,org_view=38047,org_changeCycle=0,cur_changeCycle=0,to_view=38048
info|2019-12-12 12:01:53.127182|[g:1][CONSENSUS]addRawPrepare,height=69,reqIdx=0,hash=36b4f010...
info|2019-12-12 12:01:53.132813|[g:1][CONSENSUS][PBFT]checkTimeout Succ,view=38048,toView=38049,nodeIdx=1,changeCycle=0,myNode=6a73c813...,timecost=5.484
info|2019-12-12 12:01:53.140718|[g:1][CONSENSUS][PBFT]checkAndChangeView: Reach consensus,org_view=38048,org_changeCycle=0,cur_changeCycle=0,to_view=38049
info|2019-12-12 12:01:54.144949|[g:1][CONSENSUS][SEALER]++++++++++++++++ Generating seal on,blkNum=69,tx=0,nodeIdx=1,hash=932e9d30...
info|2019-12-12 12:01:54.163582|[g:1][CONSENSUS][PBFT]checkTimeout Succ,view=38049,toView=38050,nodeIdx=1,changeCycle=0,myNode=6a73c813...,timecost=0.516
info|2019-12-12 12:01:54.165513|[g:1][CONSENSUS][PBFT]checkAndChangeView: Reach consensus,org_view=38049,org_changeCycle=0,cur_changeCycle=0,to_view=38050
info|2019-12-12 12:01:55.171802|[g:1][CONSENSUS]addRawPrepare,height=69,reqIdx=2,hash=53d747a6...
info|2019-12-12 12:01:55.179396|[g:1][CONSENSUS][PBFT]checkTimeout Succ,view=38050,toView=38051,nodeIdx=1,changeCycle=0,myNode=6a73c813...,timecost=7.548
info|2019-12-12 12:01:55.202125|[g:1][CONSENSUS][PBFT]checkAndChangeView: Reach consensus,org_view=38050,org_changeCycle=0,cur_changeCycle=0,to_view=38051
info|2019-12-12 12:01:56.053560|[P2P][Service] heartBeat,connected count=4
info|2019-12-12 12:01:56.205827|[g:1][CONSENSUS]addRawPrepare,height=69,reqIdx=3,hash=8ee7f79b...
info|2019-12-12 12:01:56.206525|[g:1][CONSENSUS][PBFT]checkTimeout Succ,view=38051,toView=38052,nodeIdx=1,changeCycle=0,myNode=6a73c813...,timecost=0.526
info|2019-12-12 12:01:56.217120|[g:1][CONSENSUS][PBFT]checkAndChangeView: Reach consensus,org_view=38051,org_changeCycle=0,cur_changeCycle=0,to_view=38052
info|2019-12-12 12:01:57.241142|[g:1][CONSENSUS]addRawPrepare,height=69,reqIdx=0,hash=609e6bb6...
info|2019-12-12 12:01:57.266857|[g:1][CONSENSUS][PBFT]checkTimeout Succ,view=38052,toView=38053,nodeIdx=1,changeCycle=0,myNode=6a73c813...,timecost=25.499
info|2019-12-12 12:01:57.279158|[g:1][CONSENSUS][PBFT]checkAndChangeView: Reach consensus,org_view=38052,org_changeCycle=0,cur_changeCycle=0,to_view=38053
info|2019-12-12 12:01:58.282930|[g:1][CONSENSUS][SEALER]++++++++++++++++ Generating seal on,blkNum=69,tx=0,nodeIdx=1,hash=e72dae7e...
info|2019-12-12 12:01:58.301301|[g:1][CONSENSUS][PBFT]checkTimeout Succ,view=38053,toView=38054,nodeIdx=1,changeCycle=0,myNode=6a73c813...,timecost=0.612
info|2019-12-12 12:01:58.306017|[g:1][CONSENSUS][PBFT]checkAndChangeView: Reach consensus,org_view=38053,org_changeCycle=0,cur_changeCycle=0,to_view=38054
info|2019-12-12 12:01:59.317454|[g:1][CONSENSUS]addRawPrepare,height=69,reqIdx=2,hash=aacca819...
info|2019-12-12 12:01:59.339217|[g:1][CONSENSUS][PBFT]checkTimeout Succ,view=38054,toView=38055,nodeIdx=1,changeCycle=0,myNode=6a73c813...,timecost=21.561
info|2019-12-12 12:01:59.377758|[g:1][CONSENSUS][PBFT]checkAndChangeView: Reach consensus,org_view=38054,org_changeCycle=0,cur_changeCycle=0,to_view=38055
info|2019-12-12 12:02:00.385320|[g:1][CONSENSUS]addRawPrepare,height=69,reqIdx=3,hash=bacaf2fc...
info|2019-12-12 12:02:00.404839|[g:1][CONSENSUS][PBFT]checkTimeout Succ,view=38055,toView=38056,nodeIdx=1,changeCycle=0,myNode=6a73c813...,timecost=19.13
info|2019-12-12 12:02:00.416742|[g:1][CONSENSUS][PBFT]checkAndChangeView: Reach consensus,org_view=38055,org_changeCycle=0,cur_changeCycle=0,to_view=38056
info|2019-12-12 12:02:01.434766|[g:1][CONSENSUS]addRawPrepare,height=69,reqIdx=0,hash=61f68f32...
info|2019-12-12 12:02:01.439399|[g:1][CONSENSUS][PBFT]checkTimeout Succ,view=38056,toView=38057,nodeIdx=1,changeCycle=0,myNode=6a73c813...,timecost=4.298
info|2019-12-12 12:02:01.467150|[g:1][CONSENSUS][PBFT]checkAndChangeView: Reach consensus,org_view=38056,org_changeCycle=0,cur_changeCycle=0,to_view=38057
info|2019-12-12 12:02:02.467223|[g:1][CONSENSUS][SEALER]++++++++++++++++ Generating seal on,blkNum=69,tx=0,nodeIdx=1,hash=bf54c6c0...
info|2019-12-12 12:02:02.483318|[g:1][CONSENSUS][PBFT]checkTimeout Succ,view=38057,toView=38058,nodeIdx=1,changeCycle=0,myNode=6a73c813...,timecost=0.444
info|2019-12-12 12:02:02.486092|[g:1][CONSENSUS][PBFT]checkAndChangeView: Reach consensus,org_view=38057,org_changeCycle=0,cur_changeCycle=0,to_view=38058
info|2019-12-12 12:02:03.485565|[g:1][CONSENSUS]addRawPrepare,height=69,reqIdx=2,hash=0c3b85e8...
info|2019-12-12 12:02:03.485932|[g:1][CONSENSUS][PBFT]checkTimeout Succ,view=38058,toView=38059,nodeIdx=1,changeCycle=0,myNode=6a73c813...,timecost=0.347
info|2019-12-12 12:02:03.488726|[g:1][CONSENSUS][PBFT]checkAndChangeView: Reach consensus,org_view=38058,org_changeCycle=0,cur_changeCycle=0,to_view=38059
info|2019-12-12 12:02:04.501166|[g:1][CONSENSUS]addRawPrepare,height=69,reqIdx=3,hash=5c35e136...
info|2019-12-12 12:02:04.536611|[g:1][CONSENSUS][PBFT]checkTimeout Succ,view=38059,toView=38060,nodeIdx=1,changeCycle=0,myNode=6a73c813...,timecost=34.782
info|2019-12-12 12:02:04.589609|[g:1][CONSENSUS][PBFT]checkAndChangeView: Reach consensus,org_view=38059,org_changeCycle=0,cur_changeCycle=0,to_view=38060
info|2019-12-12 12:02:05.593765|[g:1][CONSENSUS]addRawPrepare,height=69,reqIdx=0,hash=0c89360d...
info|2019-12-12 12:02:05.595273|[g:1][CONSENSUS][PBFT]checkTimeout Succ,view=38060,toView=38061,nodeIdx=1,changeCycle=0,myNode=6a73c813...,timecost=1.383
info|2019-12-12 12:02:05.615431|[g:1][CONSENSUS][PBFT]checkAndChangeView: Reach consensus,org_view=38060,org_changeCycle=0,cur_changeCycle=0,to_view=38061
info|2019-12-12 12:02:06.054412|[P2P][Service] heartBeat,connected count=4
info|2019-12-12 12:02:06.623493|[g:1][CONSENSUS][SEALER]++++++++++++++++ Generating seal on,blkNum=69,tx=0,nodeIdx=1,hash=6af25354...
info|2019-12-12 12:02:06.657230|[g:1][CONSENSUS][PBFT]checkTimeout Succ,view=38061,toView=38062,nodeIdx=1,changeCycle=0,myNode=6a73c813...,timecost=9.472
info|2019-12-12 12:02:06.690166|[g:1][CONSENSUS][PBFT]checkAndChangeView: Reach consensus,org_view=38061,org_changeCycle=0,cur_changeCycle=0,to_view=38062
info|2019-12-12 12:02:07.736207|[g:1][CONSENSUS]addRawPrepare,height=69,reqIdx=2,hash=3c05db73...
info|2019-12-12 12:02:07.755848|[g:1][CONSENSUS][PBFT]checkTimeout Succ,view=38062,toView=38063,nodeIdx=1,changeCycle=0,myNode=6a73c813...,timecost=19.344
info|2019-12-12 12:02:07.766650|[g:1][CONSENSUS][PBFT]checkAndChangeView: Reach consensus,org_view=38062,org_changeCycle=0,cur_changeCycle=0,to_view=38063
info|2019-12-12 12:02:08.766014|[g:1][CONSENSUS]addRawPrepare,height=69,reqIdx=3,hash=3557340f...
info|2019-12-12 12:02:08.792820|[g:1][CONSENSUS][PBFT]checkTimeout Succ,view=38063,toView=38064,nodeIdx=1,changeCycle=0,myNode=6a73c813...,timecost=26.615
info|2019-12-12 12:02:08.797734|[g:1][CONSENSUS][PBFT]checkAndChangeView: Reach consensus,org_view=38063,org_changeCycle=0,cur_changeCycle=0,to_view=38064
info|2019-12-12 12:02:09.817166|[g:1][CONSENSUS]addRawPrepare,height=69,reqIdx=0,hash=147aee43...
info|2019-12-12 12:02:09.826332|[g:1][CONSENSUS][PBFT]checkTimeout Succ,view=38064,toView=38065,nodeIdx=1,changeCycle=0,myNode=6a73c813...,timecost=8.8
info|2019-12-12 12:02:09.841375|[g:1][CONSENSUS][PBFT]checkAndChangeView: Reach consensus,org_view=38064,org_changeCycle=0,cur_changeCycle=0,to_view=38065
info|2019-12-12 12:02:10.854551|[g:1][CONSENSUS][SEALER]++++++++++++++++ Generating seal on,blkNum=69,tx=0,nodeIdx=1,hash=b082178b...
info|2019-12-12 12:02:10.875209|[g:1][CONSENSUS][PBFT]checkTimeout Succ,view=38065,toView=38066,nodeIdx=1,changeCycle=0,myNode=6a73c813...,timecost=0.972
info|2019-12-12 12:02:10.881149|[g:1][CONSENSUS][PBFT]checkAndChangeView: Reach consensus,org_view=38065,org_changeCycle=0,cur_changeCycle=0,to_view=38066
info|2019-12-12 12:02:11.913475|[g:1][CONSENSUS]addRawPrepare,height=69,reqIdx=2,hash=b774b20b...
info|2019-12-12 12:02:11.919451|[g:1][CONSENSUS][PBFT]checkTimeout Succ,view=38066,toView=38067,nodeIdx=1,changeCycle=0,myNode=6a73c813...,timecost=5.857
info|2019-12-12 12:02:11.926023|[g:1][CONSENSUS][PBFT]checkAndChangeView: Reach consensus,org_view=38066,org_changeCycle=0,cur_changeCycle=0,to_view=38067
info|2019-12-12 12:02:12.946238|[g:1][CONSENSUS]addRawPrepare,height=69,reqIdx=3,hash=e9fe3b3b...
info|2019-12-12 12:02:12.962818|[g:1][CONSENSUS][PBFT]checkTimeout Succ,view=38067,toView=38068,nodeIdx=1,changeCycle=0,myNode=6a73c813...,timecost=8.766
info|2019-12-12 12:02:13.003735|[g:1][CONSENSUS][PBFT]checkAndChangeView: Reach consensus,org_view=38067,org_changeCycle=0,cur_changeCycle=0,to_view=38068
info|2019-12-12 12:02:14.018675|[g:1][CONSENSUS]addRawPrepare,height=69,reqIdx=0,hash=6fc955f7...
info|2019-12-12 12:02:14.034086|[g:1][CONSENSUS][PBFT]checkTimeout Succ,view=38068,toView=38069,nodeIdx=1,changeCycle=0,myNode=6a73c813...,timecost=14.891
info|2019-12-12 12:02:14.064640|[g:1][CONSENSUS][PBFT]checkAndChangeView: Reach consensus,org_view=38068,org_changeCycle=0,cur_changeCycle=0,to_view=38069
info|2019-12-12 12:02:15.068832|[g:1][CONSENSUS][SEALER]++++++++++++++++ Generating seal on,blkNum=69,tx=0,nodeIdx=1,hash=a615113e...
info|2019-12-12 12:02:15.091841|[g:1][CONSENSUS][PBFT]checkTimeout Succ,view=38069,toView=38070,nodeIdx=1,changeCycle=0,myNode=6a73c813...,timecost=1.021
info|2019-12-12 12:02:15.104937|[g:1][CONSENSUS][PBFT]checkAndChangeView: Reach consensus,org_view=38069,org_changeCycle=0,cur_changeCycle=0,to_view=38070
info|2019-12-12 12:02:16.055612|[P2P][Service] heartBeat,connected count=4
info|2019-12-12 12:02:16.113125|[g:1][CONSENSUS]addRawPrepare,height=69,reqIdx=2,hash=068589bb...
info|2019-12-12 12:02:16.113535|[g:1][CONSENSUS][PBFT]checkTimeout Succ,view=38070,toView=38071,nodeIdx=1,changeCycle=0,myNode=6a73c813...,timecost=0.351
info|2019-12-12 12:02:16.121008|[g:1][CONSENSUS][PBFT]checkAndChangeView: Reach consensus,org_view=38070,org_changeCycle=0,cur_changeCycle=0,to_view=38071
info|2019-12-12 12:02:17.125634|[g:1][CONSENSUS]addRawPrepare,height=69,reqIdx=3,hash=ba769bf7...
info|2019-12-12 12:02:17.126375|[g:1][CONSENSUS][PBFT]checkTimeout Succ,view=38071,toView=38072,nodeIdx=1,changeCycle=0,myNode=6a73c813...,timecost=0.514
info|2019-12-12 12:02:17.141337|[g:1][CONSENSUS][PBFT]checkAndChangeView: Reach consensus,org_view=38071,org_changeCycle=0,cur_changeCycle=0,to_view=38072
info|2019-12-12 12:02:18.154979|[g:1][CONSENSUS]addRawPrepare,height=69,reqIdx=0,hash=fe5bf0f0...
info|2019-12-12 12:02:18.158478|[g:1][CONSENSUS][PBFT]checkTimeout Succ,view=38072,toView=38073,nodeIdx=1,changeCycle=0,myNode=6a73c813...,timecost=3.075
info|2019-12-12 12:02:18.177824|[g:1][CONSENSUS][PBFT]checkAndChangeView: Reach consensus,org_view=38072,org_changeCycle=0,cur_changeCycle=0,to_view=38073
info|2019-12-12 12:02:19.183458|[g:1][CONSENSUS][SEALER]++++++++++++++++ Generating seal on,blkNum=69,tx=0,nodeIdx=1,hash=170650a5...
info|2019-12-12 12:02:19.206485|[g:1][CONSENSUS][PBFT]checkTimeout Succ,view=38073,toView=38074,nodeIdx=1,changeCycle=0,myNode=6a73c813...,timecost=0.997
info|2019-12-12 12:02:19.212655|[g:1][CONSENSUS][PBFT]checkAndChangeView: Reach consensus,org_view=38073,org_changeCycle=0,cur_changeCycle=0,to_view=38074
info|2019-12-12 12:02:20.228734|[g:1][CONSENSUS]addRawPrepare,height=69,reqIdx=2,hash=8b6ddf3d...
info|2019-12-12 12:02:20.231412|[g:1][CONSENSUS][PBFT]checkTimeout Succ,view=38074,toView=38075,nodeIdx=1,changeCycle=0,myNode=6a73c813...,timecost=2.62
info|2019-12-12 12:02:20.235978|[g:1][CONSENSUS][PBFT]checkAndChangeView: Reach consensus,org_view=38074,org_changeCycle=0,cur_changeCycle=0,to_view=38075
info|2019-12-12 12:02:21.238566|[g:1][CONSENSUS]addRawPrepare,height=69,reqIdx=3,hash=258a4733...
info|2019-12-12 12:02:21.239087|[g:1][CONSENSUS][PBFT]checkTimeout Succ,view=38075,toView=38076,nodeIdx=1,changeCycle=0,myNode=6a73c813...,timecost=0.381
info|2019-12-12 12:02:21.252006|[g:1][CONSENSUS][PBFT]checkAndChangeView: Reach consensus,org_view=38075,org_changeCycle=0,cur_changeCycle=0,to_view=38076
info|2019-12-12 12:02:22.265653|[g:1][CONSENSUS]addRawPrepare,height=69,reqIdx=0,hash=55f989ff...
info|2019-12-12 12:02:22.265969|[g:1][CONSENSUS][PBFT]checkTimeout Succ,view=38076,toView=38077,nodeIdx=1,changeCycle=0,myNode=6a73c813...,timecost=0.274
info|2019-12-12 12:02:22.271829|[g:1][CONSENSUS][PBFT]checkAndChangeView: Reach consensus,org_view=38076,org_changeCycle=0,cur_changeCycle=0,to_view=38077
info|2019-12-12 12:02:23.273719|[g:1][CONSENSUS][SEALER]++++++++++++++++ Generating seal on,blkNum=69,tx=0,nodeIdx=1,hash=a5ab8554...
info|2019-12-12 12:02:23.297768|[g:1][CONSENSUS][PBFT]checkTimeout Succ,view=38077,toView=38078,nodeIdx=1,changeCycle=0,myNode=6a73c813...,timecost=0.777
info|2019-12-12 12:02:23.303079|[g:1][CONSENSUS][PBFT]checkAndChangeView: Reach consensus,org_view=38077,org_changeCycle=0,cur_changeCycle=0,to_view=38078
info|2019-12-12 12:02:24.309429|[g:1][CONSENSUS]addRawPrepare,height=69,reqIdx=2,hash=15f1e75e...
info|2019-12-12 12:02:24.312909|[g:1][CONSENSUS][PBFT]checkTimeout Succ,view=38078,toView=38079,nodeIdx=1,changeCycle=0,myNode=6a73c813...,timecost=3.417
info|2019-12-12 12:02:24.317235|[g:1][CONSENSUS][PBFT]checkAndChangeView: Reach consensus,org_view=38078,org_changeCycle=0,cur_changeCycle=0,to_view=38079
info|2019-12-12 12:02:25.320760|[g:1][CONSENSUS]addRawPrepare,height=69,reqIdx=3,hash=377d94c8...
info|2019-12-12 12:02:25.337096|[g:1][CONSENSUS][PBFT]checkTimeout Succ,view=38079,toView=38080,nodeIdx=1,changeCycle=0,myNode=6a73c813...,timecost=11.264
info|2019-12-12 12:02:25.355863|[g:1][CONSENSUS][PBFT]checkAndChangeView: Reach consensus,org_view=38079,org_changeCycle=0,cur_changeCycle=0,to_view=38080
info|2019-12-12 12:02:26.056425|[P2P][Service] heartBeat,connected count=4
info|2019-12-12 12:02:26.364597|[g:1][CONSENSUS]addRawPrepare,height=69,reqIdx=0,hash=2c2ed73c...
info|2019-12-12 12:02:26.384742|[g:1][CONSENSUS][PBFT]checkTimeout Succ,view=38080,toView=38081,nodeIdx=1,changeCycle=0,myNode=6a73c813...,timecost=16.533
info|2019-12-12 12:02:26.404006|[g:1][CONSENSUS][PBFT]checkAndChangeView: Reach consensus,org_view=38080,org_changeCycle=0,cur_changeCycle=0,to_view=38081
info|2019-12-12 12:02:27.406986|[g:1][CONSENSUS][SEALER]++++++++++++++++ Generating seal on,blkNum=69,tx=0,nodeIdx=1,hash=9ec7002d...
info|2019-12-12 12:02:27.423292|[g:1][CONSENSUS][PBFT]checkTimeout Succ,view=38081,toView=38082,nodeIdx=1,changeCycle=0,myNode=6a73c813...,timecost=0.395
info|2019-12-12 12:02:27.425540|[g:1][CONSENSUS][PBFT]checkAndChangeView: Reach consensus,org_view=38081,org_changeCycle=0,cur_changeCycle=0,to_view=38082
info|2019-12-12 12:02:28.426683|[g:1][CONSENSUS]addRawPrepare,height=69,reqIdx=2,hash=6ca518a9...
info|2019-12-12 12:02:28.438767|[g:1][CONSENSUS][PBFT]checkTimeout Succ,view=38082,toView=38083,nodeIdx=1,changeCycle=0,myNode=6a73c813...,timecost=11.828
info|2019-12-12 12:02:28.456811|[g:1][CONSENSUS][PBFT]checkAndChangeView: Reach consensus,org_view=38082,org_changeCycle=0,cur_changeCycle=0,to_view=38083
info|2019-12-12 12:02:29.466791|[g:1][CONSENSUS]addRawPrepare,height=69,reqIdx=3,hash=c18ee10d...
info|2019-12-12 12:02:29.480140|[g:1][CONSENSUS][PBFT]checkTimeout Succ,view=38083,toView=38084,nodeIdx=1,changeCycle=0,myNode=6a73c813...,timecost=10.51
info|2019-12-12 12:02:29.498635|[g:1][CONSENSUS][PBFT]checkAndChangeView: Reach consensus,org_view=38083,org_changeCycle=0,cur_changeCycle=0,to_view=38084
info|2019-12-12 12:02:30.501386|[g:1][CONSENSUS]addRawPrepare,height=69,reqIdx=0,hash=48295b1e...
info|2019-12-12 12:02:30.501776|[g:1][CONSENSUS][PBFT]checkTimeout Succ,view=38084,toView=38085,nodeIdx=1,changeCycle=0,myNode=6a73c813...,timecost=0.344
info|2019-12-12 12:02:30.505777|[g:1][CONSENSUS][PBFT]checkAndChangeView: Reach consensus,org_view=38084,org_changeCycle=0,cur_changeCycle=0,to_view=38085
info|2019-12-12 12:02:31.506635|[g:1][CONSENSUS][SEALER]++++++++++++++++ Generating seal on,blkNum=69,tx=0,nodeIdx=1,hash=b932105b...
info|2019-12-12 12:02:31.532144|[g:1][CONSENSUS][PBFT]checkTimeout Succ,view=38085,toView=38086,nodeIdx=1,changeCycle=0,myNode=6a73c813...,timecost=1.239
info|2019-12-12 12:02:31.542277|[g:1][CONSENSUS][PBFT]checkAndChangeView: Reach consensus,org_view=38085,org_changeCycle=0,cur_changeCycle=0,to_view=38086
info|2019-12-12 12:02:32.558405|[g:1][CONSENSUS]addRawPrepare,height=69,reqIdx=2,hash=133cf1bf...
info|2019-12-12 12:02:32.581829|[g:1][CONSENSUS][PBFT]checkTimeout Succ,view=38086,toView=38087,nodeIdx=1,changeCycle=0,myNode=6a73c813...,timecost=22.993
info|2019-12-12 12:02:32.604909|[g:1][CONSENSUS][PBFT]checkAndChangeView: Reach consensus,org_view=38086,org_changeCycle=0,cur_changeCycle=0,to_view=38087
info|2019-12-12 12:02:33.613285|[g:1][CONSENSUS]addRawPrepare,height=69,reqIdx=3,hash=1082ea74...
info|2019-12-12 12:02:33.613625|[g:1][CONSENSUS][PBFT]checkTimeout Succ,view=38087,toView=38088,nodeIdx=1,changeCycle=0,myNode=6a73c813...,timecost=0.332
info|2019-12-12 12:02:33.620886|[g:1][CONSENSUS][PBFT]checkAndChangeView: Reach consensus,org_view=38087,org_changeCycle=0,cur_changeCycle=0,to_view=38088
info|2019-12-12 12:02:34.631716|[g:1][CONSENSUS]addRawPrepare,height=69,reqIdx=0,hash=30463283...
info|2019-12-12 12:02:34.643614|[g:1][CONSENSUS][PBFT]checkTimeout Succ,view=38088,toView=38089,nodeIdx=1,changeCycle=0,myNode=6a73c813...,timecost=7.092
info|2019-12-12 12:02:34.654285|[g:1][CONSENSUS][PBFT]checkAndChangeView: Reach consensus,org_view=38088,org_changeCycle=0,cur_changeCycle=0,to_view=38089
info|2019-12-12 12:02:35.654255|[g:1][CONSENSUS][SEALER]++++++++++++++++ Generating seal on,blkNum=69,tx=0,nodeIdx=1,hash=0a8c0722...
info|2019-12-12 12:02:35.670933|[g:1][CONSENSUS][PBFT]checkTimeout Succ,view=38089,toView=38090,nodeIdx=1,changeCycle=0,myNode=6a73c813...,timecost=0.469
info|2019-12-12 12:02:35.673887|[g:1][CONSENSUS][PBFT]checkAndChangeView: Reach consensus,org_view=38089,org_changeCycle=0,cur_changeCycle=0,to_view=38090
info|2019-12-12 12:02:36.056783|[P2P][Service] heartBeat,connected count=4
info|2019-12-12 12:02:36.676255|[g:1][CONSENSUS]addRawPrepare,height=69,reqIdx=2,hash=2fdffb03...
info|2019-12-12 12:02:36.687082|[g:1][CONSENSUS][PBFT]checkTimeout Succ,view=38090,toView=38091,nodeIdx=1,changeCycle=0,myNode=6a73c813...,timecost=4.453
info|2019-12-12 12:02:36.714389|[g:1][CONSENSUS][PBFT]checkAndChangeView: Reach consensus,org_view=38090,org_changeCycle=0,cur_changeCycle=0,to_view=38091
info|2019-12-12 12:02:37.720196|[g:1][CONSENSUS]addRawPrepare,height=69,reqIdx=3,hash=44c7061b...
info|2019-12-12 12:02:37.746714|[g:1][CONSENSUS][PBFT]checkTimeout Succ,view=38091,toView=38092,nodeIdx=1,changeCycle=0,myNode=6a73c813...,timecost=13.381
info|2019-12-12 12:02:37.755620|[g:1][CONSENSUS][PBFT]checkAndChangeView: Reach consensus,org_view=38091,org_changeCycle=0,cur_changeCycle=0,to_view=38092
info|2019-12-12 12:02:38.778178|[g:1][CONSENSUS]addRawPrepare,height=69,reqIdx=0,hash=2c451941...
info|2019-12-12 12:02:38.780427|[g:1][CONSENSUS][PBFT]checkTimeout Succ,view=38092,toView=38093,nodeIdx=1,changeCycle=0,myNode=6a73c813...,timecost=1.108
info|2019-12-12 12:02:38.796886|[g:1][CONSENSUS][PBFT]checkAndChangeView: Reach consensus,org_view=38092,org_changeCycle=0,cur_changeCycle=0,to_view=38093
info|2019-12-12 12:02:39.804918|[g:1][CONSENSUS][SEALER]++++++++++++++++ Generating seal on,blkNum=69,tx=0,nodeIdx=1,hash=c771d088...
info|2019-12-12 12:02:39.825800|[g:1][CONSENSUS][PBFT]checkTimeout Succ,view=38093,toView=38094,nodeIdx=1,changeCycle=0,myNode=6a73c813...,timecost=3.546
info|2019-12-12 12:02:39.832962|[g:1][CONSENSUS][PBFT]checkAndChangeView: Reach consensus,org_view=38093,org_changeCycle=0,cur_changeCycle=0,to_view=38094
info|2019-12-12 12:02:40.847102|[g:1][CONSENSUS]addRawPrepare,height=69,reqIdx=2,hash=af619645...
info|2019-12-12 12:02:40.847564|[g:1][CONSENSUS][PBFT]checkTimeout Succ,view=38094,toView=38095,nodeIdx=1,changeCycle=0,myNode=6a73c813...,timecost=0.41
info|2019-12-12 12:02:40.853932|[g:1][CONSENSUS][PBFT]checkAndChangeView: Reach consensus,org_view=38094,org_changeCycle=0,cur_changeCycle=0,to_view=38095
info|2019-12-12 12:02:41.855040|[g:1][CONSENSUS]addRawPrepare,height=69,reqIdx=3,hash=3e6d2598...
info|2019-12-12 12:02:41.855753|[g:1][CONSENSUS][PBFT]checkTimeout Succ,view=38095,toView=38096,nodeIdx=1,changeCycle=0,myNode=6a73c813...,timecost=0.529
info|2019-12-12 12:02:41.864433|[g:1][CONSENSUS][PBFT]checkAndChangeView: Reach consensus,org_view=38095,org_changeCycle=0,cur_changeCycle=0,to_view=38096
info|2019-12-12 12:02:42.870396|[g:1][CONSENSUS]addRawPrepare,height=69,reqIdx=0,hash=e4ef38e4...
info|2019-12-12 12:02:42.870898|[g:1][CONSENSUS][PBFT]checkTimeout Succ,view=38096,toView=38097,nodeIdx=1,changeCycle=0,myNode=6a73c813...,timecost=0.46
info|2019-12-12 12:02:42.876100|[g:1][CONSENSUS][PBFT]checkAndChangeView: Reach consensus,org_view=38096,org_changeCycle=0,cur_changeCycle=0,to_view=38097
info|2019-12-12 12:02:43.880748|[g:1][CONSENSUS][SEALER]++++++++++++++++ Generating seal on,blkNum=69,tx=0,nodeIdx=1,hash=d2e75f4f...
info|2019-12-12 12:02:43.902754|[g:1][CONSENSUS][PBFT]checkTimeout Succ,view=38097,toView=38098,nodeIdx=1,changeCycle=0,myNode=6a73c813...,timecost=1.253
info|2019-12-12 12:02:43.908237|[g:1][CONSENSUS][PBFT]checkAndChangeView: Reach consensus,org_view=38097,org_changeCycle=0,cur_changeCycle=0,to_view=38098
info|2019-12-12 12:02:44.923734|[g:1][CONSENSUS]addRawPrepare,height=69,reqIdx=2,hash=0b422115...
info|2019-12-12 12:02:44.932340|[g:1][CONSENSUS][PBFT]checkTimeout Succ,view=38098,toView=38099,nodeIdx=1,changeCycle=0,myNode=6a73c813...,timecost=4.396
info|2019-12-12 12:02:44.934154|[g:1][CONSENSUS][PBFT]checkAndChangeView: Reach consensus,org_view=38098,org_changeCycle=0,cur_changeCycle=0,to_view=38099
info|2019-12-12 12:02:45.940247|[g:1][CONSENSUS]addRawPrepare,height=69,reqIdx=3,hash=b3ca221b...
info|2019-12-12 12:02:45.967669|[g:1][CONSENSUS][PBFT]checkTimeout Succ,view=38099,toView=38100,nodeIdx=1,changeCycle=0,myNode=6a73c813...,timecost=18.867
info|2019-12-12 12:02:45.983843|[g:1][CONSENSUS][PBFT]checkAndChangeView: Reach consensus,org_view=38099,org_changeCycle=0,cur_changeCycle=0,to_view=38100
info|2019-12-12 12:02:46.057632|[P2P][Service] heartBeat,connected count=4
info|2019-12-12 12:02:47.000997|[g:1][CONSENSUS]addRawPrepare,height=69,reqIdx=0,hash=56f123c6...
info|2019-12-12 12:02:47.005730|[g:1][CONSENSUS][PBFT]checkTimeout Succ,view=38100,toView=38101,nodeIdx=1,changeCycle=0,myNode=6a73c813...,timecost=4.575
info|2019-12-12 12:02:47.019218|[g:1][CONSENSUS][PBFT]checkAndChangeView: Reach consensus,org_view=38100,org_changeCycle=0,cur_changeCycle=0,to_view=38101
info|2019-12-12 12:02:48.020386|[g:1][CONSENSUS][SEALER]++++++++++++++++ Generating seal on,blkNum=69,tx=0,nodeIdx=1,hash=bcf4f37a...
info|2019-12-12 12:02:48.045017|[g:1][CONSENSUS][PBFT]checkTimeout Succ,view=38101,toView=38102,nodeIdx=1,changeCycle=0,myNode=6a73c813...,timecost=0.988
info|2019-12-12 12:02:48.049754|[g:1][CONSENSUS][PBFT]checkAndChangeView: Reach consensus,org_view=38101,org_changeCycle=0,cur_changeCycle=0,to_view=38102
info|2019-12-12 12:02:49.057575|[g:1][CONSENSUS]addRawPrepare,height=69,reqIdx=2,hash=9659dc34...
info|2019-12-12 12:02:49.060473|[g:1][CONSENSUS][PBFT]checkTimeout Succ,view=38102,toView=38103,nodeIdx=1,changeCycle=0,myNode=6a73c813...,timecost=2.799
info|2019-12-12 12:02:49.072187|[g:1][CONSENSUS][PBFT]checkAndChangeView: Reach consensus,org_view=38102,org_changeCycle=0,cur_changeCycle=0,to_view=38103
info|2019-12-12 12:02:50.089393|[g:1][CONSENSUS]addRawPrepare,height=69,reqIdx=3,hash=ab38c5b8...
info|2019-12-12 12:02:50.090097|[g:1][CONSENSUS][PBFT]checkTimeout Succ,view=38103,toView=38104,nodeIdx=1,changeCycle=0,myNode=6a73c813...,timecost=0.558
info|2019-12-12 12:02:50.113618|[g:1][CONSENSUS][PBFT]checkAndChangeView: Reach consensus,org_view=38103,org_changeCycle=0,cur_changeCycle=0,to_view=38104
info|2019-12-12 12:02:51.123779|[g:1][CONSENSUS]addRawPrepare,height=69,reqIdx=0,hash=833f7821...
info|2019-12-12 12:02:51.130893|[g:1][CONSENSUS][PBFT]checkTimeout Succ,view=38104,toView=38105,nodeIdx=1,changeCycle=0,myNode=6a73c813...,timecost=5.919
info|2019-12-12 12:02:51.155769|[g:1][CONSENSUS][PBFT]checkAndChangeView: Reach consensus,org_view=38104,org_changeCycle=0,cur_changeCycle=0,to_view=38105
info|2019-12-12 12:02:52.155807|[g:1][CONSENSUS][SEALER]++++++++++++++++ Generating seal on,blkNum=69,tx=0,nodeIdx=1,hash=ef9f1a9a...
info|2019-12-12 12:02:52.170430|[g:1][CONSENSUS][PBFT]checkTimeout Succ,view=38105,toView=38106,nodeIdx=1,changeCycle=0,myNode=6a73c813...,timecost=0.49
info|2019-12-12 12:02:52.172233|[g:1][CONSENSUS][PBFT]checkAndChangeView: Reach consensus,org_view=38105,org_changeCycle=0,cur_changeCycle=0,to_view=38106
info|2019-12-12 12:02:53.171509|[g:1][CONSENSUS]addRawPrepare,height=69,reqIdx=2,hash=7484313c...
info|2019-12-12 12:02:53.174947|[g:1][CONSENSUS][PBFT]checkTimeout Succ,view=38106,toView=38107,nodeIdx=1,changeCycle=0,myNode=6a73c813...,timecost=3.394
info|2019-12-12 12:02:53.177517|[g:1][CONSENSUS][PBFT]checkAndChangeView: Reach consensus,org_view=38106,org_changeCycle=0,cur_changeCycle=0,to_view=38107
info|2019-12-12 12:02:54.183545|[g:1][CONSENSUS]addRawPrepare,height=69,reqIdx=3,hash=82724305...
info|2019-12-12 12:02:54.183999|[g:1][CONSENSUS][PBFT]checkTimeout Succ,view=38107,toView=38108,nodeIdx=1,changeCycle=0,myNode=6a73c813...,timecost=0.336
info|2019-12-12 12:02:54.192955|[g:1][CONSENSUS][PBFT]checkAndChangeView: Reach consensus,org_view=38107,org_changeCycle=0,cur_changeCycle=0,to_view=38108
info|2019-12-12 12:02:55.206823|[g:1][CONSENSUS]addRawPrepare,height=69,reqIdx=0,hash=7ff86d52...
info|2019-12-12 12:02:55.214995|[g:1][CONSENSUS][PBFT]checkTimeout Succ,view=38108,toView=38109,nodeIdx=1,changeCycle=0,myNode=6a73c813...,timecost=8.025
info|2019-12-12 12:02:55.234126|[g:1][CONSENSUS][PBFT]checkAndChangeView: Reach consensus,org_view=38108,org_changeCycle=0,cur_changeCycle=0,to_view=38109
info|2019-12-12 12:02:56.058448|[P2P][Service] heartBeat,connected count=4
info|2019-12-12 12:02:56.238481|[g:1][CONSENSUS][SEALER]++++++++++++++++ Generating seal on,blkNum=69,tx=0,nodeIdx=1,hash=5420065b...
info|2019-12-12 12:02:56.257085|[g:1][CONSENSUS][PBFT]checkTimeout Succ,view=38109,toView=38110,nodeIdx=1,changeCycle=0,myNode=6a73c813...,timecost=0.635
info|2019-12-12 12:02:56.265526|[g:1][CONSENSUS][PBFT]checkAndChangeView: Reach consensus,org_view=38109,org_changeCycle=0,cur_changeCycle=0,to_view=38110
info|2019-12-12 12:02:57.308017|[g:1][CONSENSUS]addRawPrepare,height=69,reqIdx=2,hash=4e9aaf7a...
info|2019-12-12 12:02:57.310230|[g:1][CONSENSUS][PBFT]checkTimeout Succ,view=38110,toView=38111,nodeIdx=1,changeCycle=0,myNode=6a73c813...,timecost=1.51
info|2019-12-12 12:02:57.353489|[g:1][CONSENSUS][PBFT]checkAndChangeView: Reach consensus,org_view=38110,org_changeCycle=0,cur_changeCycle=0,to_view=38111
info|2019-12-12 12:02:58.347672|[g:1][CONSENSUS]addRawPrepare,height=69,reqIdx=3,hash=40d221c8...
info|2019-12-12 12:02:58.379770|[g:1][CONSENSUS][PBFT]checkTimeout Succ,view=38111,toView=38112,nodeIdx=1,changeCycle=0,myNode=6a73c813...,timecost=13.578
info|2019-12-12 12:02:58.390653|[g:1][CONSENSUS][PBFT]checkAndChangeView: Reach consensus,org_view=38111,org_changeCycle=0,cur_changeCycle=0,to_view=38112
info|2019-12-12 12:02:59.389492|[g:1][CONSENSUS]addRawPrepare,height=69,reqIdx=0,hash=f04f88d5...
info|2019-12-12 12:02:59.389784|[g:1][CONSENSUS][PBFT]checkTimeout Succ,view=38112,toView=38113,nodeIdx=1,changeCycle=0,myNode=6a73c813...,timecost=0.263
info|2019-12-12 12:02:59.393024|[g:1][CONSENSUS][PBFT]checkAndChangeView: Reach consensus,org_view=38112,org_changeCycle=0,cur_changeCycle=0,to_view=38113
info|2019-12-12 12:03:00.396403|[g:1][CONSENSUS][SEALER]++++++++++++++++ Generating seal on,blkNum=69,tx=0,nodeIdx=1,hash=847f2a88...
info|2019-12-12 12:03:00.407495|[g:1][CONSENSUS][PBFT]checkTimeout Succ,view=38113,toView=38114,nodeIdx=1,changeCycle=0,myNode=6a73c813...,timecost=0.381
info|2019-12-12 12:03:00.409376|[g:1][CONSENSUS][PBFT]checkAndChangeView: Reach consensus,org_view=38113,org_changeCycle=0,cur_changeCycle=0,to_view=38114
info|2019-12-12 12:03:01.409383|[g:1][CONSENSUS]addRawPrepare,height=69,reqIdx=2,hash=dadd85d4...
info|2019-12-12 12:03:01.415350|[g:1][CONSENSUS][PBFT]checkTimeout Succ,view=38114,toView=38115,nodeIdx=1,changeCycle=0,myNode=6a73c813...,timecost=5.888
info|2019-12-12 12:03:01.439793|[g:1][CONSENSUS][PBFT]checkAndChangeView: Reach consensus,org_view=38114,org_changeCycle=0,cur_changeCycle=0,to_view=38115
info|2019-12-12 12:03:02.447201|[g:1][CONSENSUS]addRawPrepare,height=69,reqIdx=3,hash=25ab4b8d...
info|2019-12-12 12:03:02.453637|[g:1][CONSENSUS][PBFT]checkTimeout Succ,view=38115,toView=38116,nodeIdx=1,changeCycle=0,myNode=6a73c813...,timecost=6.103
info|2019-12-12 12:03:02.464944|[g:1][CONSENSUS][PBFT]checkAndChangeView: Reach consensus,org_view=38115,org_changeCycle=0,cur_changeCycle=0,to_view=38116
info|2019-12-12 12:03:03.481903|[g:1][CONSENSUS]addRawPrepare,height=69,reqIdx=0,hash=74bbf832...
info|2019-12-12 12:03:03.482377|[g:1][CONSENSUS][PBFT]checkTimeout Succ,view=38116,toView=38117,nodeIdx=1,changeCycle=0,myNode=6a73c813...,timecost=0.425
info|2019-12-12 12:03:03.487747|[g:1][CONSENSUS][PBFT]checkAndChangeView: Reach consensus,org_view=38116,org_changeCycle=0,cur_changeCycle=0,to_view=38117
info|2019-12-12 12:03:04.488501|[g:1][CONSENSUS][SEALER]++++++++++++++++ Generating seal on,blkNum=69,tx=0,nodeIdx=1,hash=abe78191...
info|2019-12-12 12:03:04.499080|[g:1][CONSENSUS][PBFT]checkTimeout Succ,view=38117,toView=38118,nodeIdx=1,changeCycle=0,myNode=6a73c813...,timecost=0.419
info|2019-12-12 12:03:04.500468|[g:1][CONSENSUS][PBFT]checkAndChangeView: Reach consensus,org_view=38117,org_changeCycle=0,cur_changeCycle=0,to_view=38118
info|2019-12-12 12:03:05.500308|[g:1][CONSENSUS]addRawPrepare,height=69,reqIdx=2,hash=56fbd2a7...
info|2019-12-12 12:03:05.502899|[g:1][CONSENSUS][PBFT]checkTimeout Succ,view=38118,toView=38119,nodeIdx=1,changeCycle=0,myNode=6a73c813...,timecost=2.53
info|2019-12-12 12:03:05.508223|[g:1][CONSENSUS][PBFT]checkAndChangeView: Reach consensus,org_view=38118,org_changeCycle=0,cur_changeCycle=0,to_view=38119
info|2019-12-12 12:03:06.059292|[P2P][Service] heartBeat,connected count=4
info|2019-12-12 12:03:06.512182|[g:1][CONSENSUS]addRawPrepare,height=69,reqIdx=3,hash=adf64359...
info|2019-12-12 12:03:06.512532|[g:1][CONSENSUS][PBFT]checkTimeout Succ,view=38119,toView=38120,nodeIdx=1,changeCycle=0,myNode=6a73c813...,timecost=0.251
info|2019-12-12 12:03:06.520378|[g:1][CONSENSUS][PBFT]checkAndChangeView: Reach consensus,org_view=38119,org_changeCycle=0,cur_changeCycle=0,to_view=38120
info|2019-12-12 12:03:07.530381|[g:1][CONSENSUS]addRawPrepare,height=69,reqIdx=0,hash=23184a2c...
info|2019-12-12 12:03:07.533309|[g:1][CONSENSUS][PBFT]checkTimeout Succ,view=38120,toView=38121,nodeIdx=1,changeCycle=0,myNode=6a73c813...,timecost=2.792
info|2019-12-12 12:03:07.539317|[g:1][CONSENSUS][PBFT]checkAndChangeView: Reach consensus,org_view=38120,org_changeCycle=0,cur_changeCycle=0,to_view=38121
info|2019-12-12 12:03:08.542803|[g:1][CONSENSUS][SEALER]++++++++++++++++ Generating seal on,blkNum=69,tx=0,nodeIdx=1,hash=0e355bf8...
info|2019-12-12 12:03:08.552561|[g:1][CONSENSUS][PBFT]checkTimeout Succ,view=38121,toView=38122,nodeIdx=1,changeCycle=0,myNode=6a73c813...,timecost=0.273
info|2019-12-12 12:03:08.553946|[g:1][CONSENSUS][PBFT]checkAndChangeView: Reach consensus,org_view=38121,org_changeCycle=0,cur_changeCycle=0,to_view=38122
info|2019-12-12 12:03:09.554514|[g:1][CONSENSUS]addRawPrepare,height=69,reqIdx=2,hash=55130984...
info|2019-12-12 12:03:09.554807|[g:1][CONSENSUS][PBFT]checkTimeout Succ,view=38122,toView=38123,nodeIdx=1,changeCycle=0,myNode=6a73c813...,timecost=0.255
info|2019-12-12 12:03:09.555373|[g:1][CONSENSUS][PBFT]checkAndChangeView: Reach consensus,org_view=38122,org_changeCycle=0,cur_changeCycle=0,to_view=38123
info|2019-12-12 12:03:10.560390|[g:1][CONSENSUS]addRawPrepare,height=69,reqIdx=3,hash=6010d414...
info|2019-12-12 12:03:10.560756|[g:1][CONSENSUS][PBFT]checkTimeout Succ,view=38123,toView=38124,nodeIdx=1,changeCycle=0,myNode=6a73c813...,timecost=0.28
info|2019-12-12 12:03:10.565479|[g:1][CONSENSUS][PBFT]checkAndChangeView: Reach consensus,org_view=38123,org_changeCycle=0,cur_changeCycle=0,to_view=38124
info|2019-12-12 12:03:11.569340|[g:1][CONSENSUS]addRawPrepare,height=69,reqIdx=0,hash=57ceaa99...
info|2019-12-12 12:03:11.569702|[g:1][CONSENSUS][PBFT]checkTimeout Succ,view=38124,toView=38125,nodeIdx=1,changeCycle=0,myNode=6a73c813...,timecost=0.325
info|2019-12-12 12:03:11.575577|[g:1][CONSENSUS][PBFT]checkAndChangeView: Reach consensus,org_view=38124,org_changeCycle=0,cur_changeCycle=0,to_view=38125
info|2019-12-12 12:03:12.575963|[g:1][CONSENSUS][SEALER]++++++++++++++++ Generating seal on,blkNum=69,tx=0,nodeIdx=1,hash=c032e221...
info|2019-12-12 12:03:12.586069|[g:1][CONSENSUS][PBFT]checkTimeout Succ,view=38125,toView=38126,nodeIdx=1,changeCycle=0,myNode=6a73c813...,timecost=0.282
info|2019-12-12 12:03:12.587559|[g:1][CONSENSUS][PBFT]checkAndChangeView: Reach consensus,org_view=38125,org_changeCycle=0,cur_changeCycle=0,to_view=38126
info|2019-12-12 12:03:13.587016|[g:1][CONSENSUS]addRawPrepare,height=69,reqIdx=2,hash=bfe0a1c6...
info|2019-12-12 12:03:13.587436|[g:1][CONSENSUS][PBFT]checkTimeout Succ,view=38126,toView=38127,nodeIdx=1,changeCycle=0,myNode=6a73c813...,timecost=0.347
info|2019-12-12 12:03:13.592121|[g:1][CONSENSUS][PBFT]checkAndChangeView: Reach consensus,org_view=38126,org_changeCycle=0,cur_changeCycle=0,to_view=38127
info|2019-12-12 12:03:14.599268|[g:1][CONSENSUS]addRawPrepare,height=69,reqIdx=3,hash=eecbfb53...
info|2019-12-12 12:03:14.599598|[g:1][CONSENSUS][PBFT]checkTimeout Succ,view=38127,toView=38128,nodeIdx=1,changeCycle=0,myNode=6a73c813...,timecost=0.215
info|2019-12-12 12:03:14.604048|[g:1][CONSENSUS][PBFT]checkAndChangeView: Reach consensus,org_view=38127,org_changeCycle=0,cur_changeCycle=0,to_view=38128
info|2019-12-12 12:03:15.608985|[g:1][CONSENSUS]addRawPrepare,height=69,reqIdx=0,hash=1c3fcbce...
info|2019-12-12 12:03:15.609271|[g:1][CONSENSUS][PBFT]checkTimeout Succ,view=38128,toView=38129,nodeIdx=1,changeCycle=0,myNode=6a73c813...,timecost=0.259
info|2019-12-12 12:03:15.612480|[g:1][CONSENSUS][PBFT]checkAndChangeView: Reach consensus,org_view=38128,org_changeCycle=0,cur_changeCycle=0,to_view=38129
info|2019-12-12 12:03:16.059407|[P2P][Service] heartBeat,connected count=4
info|2019-12-12 12:03:17.693615|[g:1][CONSENSUS][SEALER]++++++++++++++++ Generating seal on,blkNum=69,tx=0,nodeIdx=1,hash=79f86cc1...
info|2019-12-12 12:03:18.548389|[g:1][CONSENSUS][PBFT]checkTimeout Succ,view=38129,toView=38130,nodeIdx=1,changeCycle=0,myNode=6a73c813...,timecost=836.416
info|2019-12-12 12:03:18.558316|[g:1][CONSENSUS][PBFT]checkAndChangeView: Reach consensus,org_view=38129,org_changeCycle=0,cur_changeCycle=0,to_view=38130
info|2019-12-12 12:03:19.463322|[g:1][CONSENSUS]addRawPrepare,height=69,reqIdx=2,hash=9f80baf2...
info|2019-12-12 12:03:19.997526|[g:1][CONSENSUS][PBFT]checkTimeout Succ,view=38130,toView=38131,nodeIdx=1,changeCycle=0,myNode=6a73c813...,timecost=516.956
info|2019-12-12 12:03:20.128492|[g:1][CONSENSUS][PBFT]checkAndChangeView: Reach consensus,org_view=38130,org_changeCycle=0,cur_changeCycle=0,to_view=38131
info|2019-12-12 12:03:21.321569|[g:1][CONSENSUS]addRawPrepare,height=69,reqIdx=3,hash=8da5a53a...
