[INFO] [2019-10-24 16:32:52] AbstractApplicationContext.prepareRefresh(583) | Refreshing org.springframework.context.support.ClassPathXmlApplicationContext@11028347: startup date [Thu Oct 24 16:32:52 CST 2019]; root of context hierarchy
[INFO] [2019-10-24 16:32:52] XmlBeanDefinitionReader.loadBeanDefinitions(317) | Loading XML bean definitions from class path resource [applicationContext.xml]
[INFO] [2019-10-24 16:32:57] ChannelConnections.init(366) |  add connected node: 127.0.0.1:20200
[INFO] [2019-10-24 16:32:59] ChannelConnections.reconnect(503) | try connect to: 127.0.0.1:20200
[INFO] [2019-10-24 16:33:02] ChannelConnections.reconnect(503) | try connect to: 127.0.0.1:20200
[INFO] [2019-10-24 16:33:04] ChannelConnections.reconnect(503) | try connect to: 127.0.0.1:20200
[INFO] [2019-10-24 16:33:06] ChannelConnections.reconnect(503) | try connect to: 127.0.0.1:20200
[INFO] [2019-10-24 16:33:08] ChannelConnections.reconnect(503) | try connect to: 127.0.0.1:20200
[INFO] [2019-10-24 16:33:10] ChannelConnections.reconnect(503) | try connect to: 127.0.0.1:20200
[INFO] [2019-10-24 16:33:12] ChannelConnections.reconnect(503) | try connect to: 127.0.0.1:20200
[INFO] [2019-10-24 16:33:14] ChannelConnections.reconnect(503) | try connect to: 127.0.0.1:20200
[INFO] [2019-10-24 16:33:16] ChannelConnections.reconnect(503) | try connect to: 127.0.0.1:20200
[INFO] [2019-10-24 16:33:18] ChannelConnections.reconnect(503) | try connect to: 127.0.0.1:20200
[INFO] [2019-10-24 16:33:20] ChannelConnections.reconnect(503) | try connect to: 127.0.0.1:20200
[INFO] [2019-10-24 16:33:22] ChannelConnections.reconnect(503) | try connect to: 127.0.0.1:20200
[INFO] [2019-10-24 16:33:24] ChannelConnections.reconnect(503) | try connect to: 127.0.0.1:20200
[INFO] [2019-10-24 16:33:26] ChannelConnections.reconnect(503) | try connect to: 127.0.0.1:20200
[INFO] [2019-10-24 16:33:28] ChannelConnections.reconnect(503) | try connect to: 127.0.0.1:20200
[INFO] [2019-10-24 16:33:30] ChannelConnections.reconnect(503) | try connect to: 127.0.0.1:20200
[INFO] [2019-10-24 16:33:32] ChannelConnections.reconnect(503) | try connect to: 127.0.0.1:20200
[INFO] [2019-10-24 16:33:34] ChannelConnections.reconnect(503) | try connect to: 127.0.0.1:20200
[INFO] [2019-10-24 16:33:36] ChannelConnections.reconnect(503) | try connect to: 127.0.0.1:20200
[INFO] [2019-10-24 16:33:38] ChannelConnections.reconnect(503) | try connect to: 127.0.0.1:20200
[INFO] [2019-10-24 16:33:40] ChannelConnections.reconnect(503) | try connect to: 127.0.0.1:20200
[INFO] [2019-10-24 16:33:42] ChannelConnections.reconnect(503) | try connect to: 127.0.0.1:20200
[INFO] [2019-10-24 16:33:44] ChannelConnections.reconnect(503) | try connect to: 127.0.0.1:20200
[INFO] [2019-10-24 16:33:46] ChannelConnections.reconnect(503) | try connect to: 127.0.0.1:20200
[INFO] [2019-10-24 16:33:48] ChannelConnections.reconnect(503) | try connect to: 127.0.0.1:20200
[INFO] [2019-10-24 16:33:50] ChannelConnections.reconnect(503) | try connect to: 127.0.0.1:20200
[INFO] [2019-10-24 16:36:01] AbstractApplicationContext.prepareRefresh(583) | Refreshing org.springframework.context.support.ClassPathXmlApplicationContext@11028347: startup date [Thu Oct 24 16:36:01 CST 2019]; root of context hierarchy
[INFO] [2019-10-24 16:36:01] XmlBeanDefinitionReader.loadBeanDefinitions(317) | Loading XML bean definitions from class path resource [applicationContext.xml]
[INFO] [2019-10-24 16:36:03] ChannelConnections.init(366) |  add connected node: 127.0.0.1:20200
[INFO] [2019-10-24 16:36:04] ChannelConnections.reconnect(503) | try connect to: 127.0.0.1:20200
[INFO] [2019-10-24 16:36:04] ConnectionCallback.onConnect(91) |  connect 127.0.0.1:20200 success, ctx: 1375129340
[INFO] [2019-10-24 16:36:05] ConnectionCallback.queryNodeVersion(207) |  query node version host: 127.0.0.1:20200, seq: 059e08b59b92420cb5b2b8e5a5ad05b1, content: {"jsonrpc":"2.0","method":"getClientVersion","params":[],"id":0}
[INFO] [2019-10-24 16:36:05] ConnectionCallback$2.onResponse(258) |  node: Version [buildTime=20190923 13:22:09, buildType=Linux/clang/Release, chainID=1, version=2.1.0, gitBranch=HEAD, gitCommit=cb68124d4fbf3df563a57dfff5f0c6eedc1419cc, supportedVersion=2.1.0], content: {"id":0,"jsonrpc":"2.0","result":{"Build Time":"20190923 13:22:09","Build Type":"Linux/clang/Release","Chain Id":"1","FISCO-BCOS Version":"2.1.0","Git Branch":"HEAD","Git Commit Hash":"cb68124d4fbf3df563a57dfff5f0c6eedc1419cc","Supported Version":"2.1.0"}}

[INFO] [2019-10-24 16:36:05] ConnectionCallback$2.onResponse(267) |  support channel handshake node: Version [buildTime=20190923 13:22:09, buildType=Linux/clang/Release, chainID=1, version=2.1.0, gitBranch=HEAD, gitCommit=cb68124d4fbf3df563a57dfff5f0c6eedc1419cc, supportedVersion=2.1.0], content: {"id":0,"jsonrpc":"2.0","result":{"Build Time":"20190923 13:22:09","Build Type":"Linux/clang/Release","Chain Id":"1","FISCO-BCOS Version":"2.1.0","Git Branch":"HEAD","Git Commit Hash":"cb68124d4fbf3df563a57dfff5f0c6eedc1419cc","Supported Version":"2.1.0"}}

[INFO] [2019-10-24 16:36:05] ConnectionCallback$1.onResponse(167) |  channel protocol handshake success, set socket channel protocol, host: 127.0.0.1:20200, channel protocol: ChannelProtocol [protocol=2, nodeVersion=2.1.0, EnumProtocol=VERSION_2]
[INFO] [2019-10-24 16:36:05] ConnectionCallback.subBlockNotification(338) |  send sub block notification request, seq: 6c14c5b22820459eb1725526081dbaa4, content: ["_block_notify_1"]
[INFO] [2019-10-24 16:36:05] ConnectionCallback.queryBlockNumber(370) |  query block number host: 127.0.0.1:20200, seq: 46755fb5807c4f899849a579fba1ca5f, content: {"jsonrpc":"2.0","method":"getBlockNumber","params":[1],"id":1}
[INFO] [2019-10-24 16:36:05] ConnectionCallback$4.onResponse(395) |  query blocknumer, host:127.0.0.1:20200, blockNumber: 4 
[INFO] [2019-10-24 16:36:15] EventLogFilterManager$1.run(154) |  event filter manager, filter: 0, callback: 0
[INFO] [2019-10-24 16:36:25] EventLogFilterManager$1.run(154) |  event filter manager, filter: 0, callback: 0
[INFO] [2019-10-24 16:36:35] EventLogFilterManager$1.run(154) |  event filter manager, filter: 0, callback: 0
[INFO] [2019-10-24 16:36:45] EventLogFilterManager$1.run(154) |  event filter manager, filter: 0, callback: 0
[INFO] [2019-10-24 16:36:55] EventLogFilterManager$1.run(154) |  event filter manager, filter: 0, callback: 0
[INFO] [2019-10-24 16:37:05] EventLogFilterManager$1.run(154) |  event filter manager, filter: 0, callback: 0
[INFO] [2019-10-24 16:37:15] EventLogFilterManager$1.run(154) |  event filter manager, filter: 0, callback: 0
[INFO] [2019-10-24 16:37:25] EventLogFilterManager$1.run(154) |  event filter manager, filter: 0, callback: 0
[INFO] [2019-10-24 16:37:35] EventLogFilterManager$1.run(154) |  event filter manager, filter: 0, callback: 0
[INFO] [2019-10-24 16:37:45] EventLogFilterManager$1.run(154) |  event filter manager, filter: 0, callback: 0
[INFO] [2019-10-24 16:37:55] EventLogFilterManager$1.run(154) |  event filter manager, filter: 0, callback: 0
[INFO] [2019-10-24 16:38:05] EventLogFilterManager$1.run(154) |  event filter manager, filter: 0, callback: 0
[INFO] [2019-10-24 16:38:15] EventLogFilterManager$1.run(154) |  event filter manager, filter: 0, callback: 0
[INFO] [2019-10-24 16:38:25] EventLogFilterManager$1.run(154) |  event filter manager, filter: 0, callback: 0
[INFO] [2019-10-24 16:38:35] EventLogFilterManager$1.run(154) |  event filter manager, filter: 0, callback: 0
[INFO] [2019-10-24 16:38:45] EventLogFilterManager$1.run(154) |  event filter manager, filter: 0, callback: 0
[INFO] [2019-10-24 16:38:55] EventLogFilterManager$1.run(154) |  event filter manager, filter: 0, callback: 0
[INFO] [2019-10-24 16:39:05] EventLogFilterManager$1.run(154) |  event filter manager, filter: 0, callback: 0
[INFO] [2019-10-24 16:39:15] EventLogFilterManager$1.run(154) |  event filter manager, filter: 0, callback: 0
[INFO] [2019-10-24 16:39:25] EventLogFilterManager$1.run(154) |  event filter manager, filter: 0, callback: 0
[INFO] [2019-10-24 16:39:35] EventLogFilterManager$1.run(154) |  event filter manager, filter: 0, callback: 0
[INFO] [2019-10-24 16:39:45] EventLogFilterManager$1.run(154) |  event filter manager, filter: 0, callback: 0
[INFO] [2019-10-24 16:39:55] EventLogFilterManager$1.run(154) |  event filter manager, filter: 0, callback: 0
[INFO] [2019-10-24 16:40:05] EventLogFilterManager$1.run(154) |  event filter manager, filter: 0, callback: 0
[INFO] [2019-10-24 16:40:15] EventLogFilterManager$1.run(154) |  event filter manager, filter: 0, callback: 0
[INFO] [2019-10-24 16:40:25] EventLogFilterManager$1.run(154) |  event filter manager, filter: 0, callback: 0
[INFO] [2019-10-24 16:40:35] EventLogFilterManager$1.run(154) |  event filter manager, filter: 0, callback: 0
[INFO] [2019-10-24 16:40:45] EventLogFilterManager$1.run(154) |  event filter manager, filter: 0, callback: 0
[INFO] [2019-10-24 16:40:55] EventLogFilterManager$1.run(154) |  event filter manager, filter: 0, callback: 0
[INFO] [2019-10-24 16:41:05] EventLogFilterManager$1.run(154) |  event filter manager, filter: 0, callback: 0
[INFO] [2019-10-24 16:41:15] EventLogFilterManager$1.run(154) |  event filter manager, filter: 0, callback: 0
[INFO] [2019-10-24 16:41:25] EventLogFilterManager$1.run(154) |  event filter manager, filter: 0, callback: 0
[INFO] [2019-10-24 16:41:35] EventLogFilterManager$1.run(154) |  event filter manager, filter: 0, callback: 0
[INFO] [2019-10-24 16:41:45] EventLogFilterManager$1.run(154) |  event filter manager, filter: 0, callback: 0
[INFO] [2019-10-24 16:41:55] EventLogFilterManager$1.run(154) |  event filter manager, filter: 0, callback: 0
[INFO] [2019-10-24 16:42:05] EventLogFilterManager$1.run(154) |  event filter manager, filter: 0, callback: 0
[INFO] [2019-10-24 16:42:15] EventLogFilterManager$1.run(154) |  event filter manager, filter: 0, callback: 0
[INFO] [2019-10-24 16:42:25] EventLogFilterManager$1.run(154) |  event filter manager, filter: 0, callback: 0
[INFO] [2019-10-24 16:42:35] EventLogFilterManager$1.run(154) |  event filter manager, filter: 0, callback: 0
[INFO] [2019-10-24 16:42:45] EventLogFilterManager$1.run(154) |  event filter manager, filter: 0, callback: 0
[INFO] [2019-10-24 16:42:55] EventLogFilterManager$1.run(154) |  event filter manager, filter: 0, callback: 0
[INFO] [2019-10-24 16:43:05] EventLogFilterManager$1.run(154) |  event filter manager, filter: 0, callback: 0
[INFO] [2019-10-24 16:43:15] EventLogFilterManager$1.run(154) |  event filter manager, filter: 0, callback: 0
[INFO] [2019-10-24 16:43:25] EventLogFilterManager$1.run(154) |  event filter manager, filter: 0, callback: 0
[INFO] [2019-10-24 16:43:35] EventLogFilterManager$1.run(154) |  event filter manager, filter: 0, callback: 0
[INFO] [2019-10-24 16:43:45] EventLogFilterManager$1.run(154) |  event filter manager, filter: 0, callback: 0
[INFO] [2019-10-24 16:43:55] EventLogFilterManager$1.run(154) |  event filter manager, filter: 0, callback: 0
[INFO] [2019-10-24 16:44:05] EventLogFilterManager$1.run(154) |  event filter manager, filter: 0, callback: 0
[INFO] [2019-10-24 16:44:15] EventLogFilterManager$1.run(154) |  event filter manager, filter: 0, callback: 0
[INFO] [2019-10-24 16:44:25] EventLogFilterManager$1.run(154) |  event filter manager, filter: 0, callback: 0
[INFO] [2019-10-24 16:44:35] EventLogFilterManager$1.run(154) |  event filter manager, filter: 0, callback: 0
[INFO] [2019-10-24 16:44:45] EventLogFilterManager$1.run(154) |  event filter manager, filter: 0, callback: 0
[INFO] [2019-10-24 16:44:55] EventLogFilterManager$1.run(154) |  event filter manager, filter: 0, callback: 0
[INFO] [2019-10-24 16:45:05] EventLogFilterManager$1.run(154) |  event filter manager, filter: 0, callback: 0
[INFO] [2019-10-24 16:45:15] EventLogFilterManager$1.run(154) |  event filter manager, filter: 0, callback: 0
[INFO] [2019-10-24 16:45:25] EventLogFilterManager$1.run(154) |  event filter manager, filter: 0, callback: 0
[INFO] [2019-10-24 16:45:35] EventLogFilterManager$1.run(154) |  event filter manager, filter: 0, callback: 0
[INFO] [2019-10-24 16:45:45] EventLogFilterManager$1.run(154) |  event filter manager, filter: 0, callback: 0
[INFO] [2019-10-24 16:45:55] EventLogFilterManager$1.run(154) |  event filter manager, filter: 0, callback: 0
[INFO] [2019-10-24 16:46:05] EventLogFilterManager$1.run(154) |  event filter manager, filter: 0, callback: 0
[INFO] [2019-10-24 16:46:15] EventLogFilterManager$1.run(154) |  event filter manager, filter: 0, callback: 0
[INFO] [2019-10-24 16:46:25] EventLogFilterManager$1.run(154) |  event filter manager, filter: 0, callback: 0
[INFO] [2019-10-24 16:46:35] EventLogFilterManager$1.run(154) |  event filter manager, filter: 0, callback: 0
[INFO] [2019-10-24 16:46:45] EventLogFilterManager$1.run(154) |  event filter manager, filter: 0, callback: 0
[INFO] [2019-10-24 16:46:55] EventLogFilterManager$1.run(154) |  event filter manager, filter: 0, callback: 0
[INFO] [2019-10-24 16:47:05] EventLogFilterManager$1.run(154) |  event filter manager, filter: 0, callback: 0
[INFO] [2019-10-24 16:47:15] EventLogFilterManager$1.run(154) |  event filter manager, filter: 0, callback: 0
[INFO] [2019-10-24 16:47:25] EventLogFilterManager$1.run(154) |  event filter manager, filter: 0, callback: 0
[INFO] [2019-10-24 16:47:35] EventLogFilterManager$1.run(154) |  event filter manager, filter: 0, callback: 0
[INFO] [2019-10-24 16:47:45] EventLogFilterManager$1.run(154) |  event filter manager, filter: 0, callback: 0
[INFO] [2019-10-24 16:47:55] EventLogFilterManager$1.run(154) |  event filter manager, filter: 0, callback: 0
[INFO] [2019-10-24 16:48:05] EventLogFilterManager$1.run(154) |  event filter manager, filter: 0, callback: 0
[INFO] [2019-10-24 16:48:15] EventLogFilterManager$1.run(154) |  event filter manager, filter: 0, callback: 0
[INFO] [2019-10-24 16:48:25] EventLogFilterManager$1.run(154) |  event filter manager, filter: 0, callback: 0
[INFO] [2019-10-24 16:48:35] EventLogFilterManager$1.run(154) |  event filter manager, filter: 0, callback: 0
[INFO] [2019-10-24 16:48:45] EventLogFilterManager$1.run(154) |  event filter manager, filter: 0, callback: 0
[INFO] [2019-10-24 16:48:55] EventLogFilterManager$1.run(154) |  event filter manager, filter: 0, callback: 0
[INFO] [2019-10-24 16:49:05] EventLogFilterManager$1.run(154) |  event filter manager, filter: 0, callback: 0
[INFO] [2019-10-24 16:49:15] EventLogFilterManager$1.run(154) |  event filter manager, filter: 0, callback: 0
[INFO] [2019-10-24 16:49:25] EventLogFilterManager$1.run(154) |  event filter manager, filter: 0, callback: 0
[INFO] [2019-10-24 16:49:35] EventLogFilterManager$1.run(154) |  event filter manager, filter: 0, callback: 0
[INFO] [2019-10-24 16:49:45] EventLogFilterManager$1.run(154) |  event filter manager, filter: 0, callback: 0
[INFO] [2019-10-24 16:49:55] EventLogFilterManager$1.run(154) |  event filter manager, filter: 0, callback: 0
[INFO] [2019-10-24 16:50:05] EventLogFilterManager$1.run(154) |  event filter manager, filter: 0, callback: 0
[INFO] [2019-10-24 16:50:15] EventLogFilterManager$1.run(154) |  event filter manager, filter: 0, callback: 0
[INFO] [2019-10-24 16:50:25] EventLogFilterManager$1.run(154) |  event filter manager, filter: 0, callback: 0
[INFO] [2019-10-24 16:50:35] EventLogFilterManager$1.run(154) |  event filter manager, filter: 0, callback: 0
[INFO] [2019-10-24 16:50:45] EventLogFilterManager$1.run(154) |  event filter manager, filter: 0, callback: 0
[INFO] [2019-10-24 16:50:55] EventLogFilterManager$1.run(154) |  event filter manager, filter: 0, callback: 0
[INFO] [2019-10-24 16:51:05] EventLogFilterManager$1.run(154) |  event filter manager, filter: 0, callback: 0
[INFO] [2019-10-24 16:51:15] EventLogFilterManager$1.run(154) |  event filter manager, filter: 0, callback: 0
[INFO] [2019-10-24 16:51:25] EventLogFilterManager$1.run(154) |  event filter manager, filter: 0, callback: 0
[INFO] [2019-10-24 16:51:35] EventLogFilterManager$1.run(154) |  event filter manager, filter: 0, callback: 0
[INFO] [2019-10-24 16:51:45] EventLogFilterManager$1.run(154) |  event filter manager, filter: 0, callback: 0
[INFO] [2019-10-24 16:51:55] EventLogFilterManager$1.run(154) |  event filter manager, filter: 0, callback: 0
[INFO] [2019-10-24 16:52:05] EventLogFilterManager$1.run(154) |  event filter manager, filter: 0, callback: 0
[INFO] [2019-10-24 16:52:15] EventLogFilterManager$1.run(154) |  event filter manager, filter: 0, callback: 0
[INFO] [2019-10-24 16:52:25] EventLogFilterManager$1.run(154) |  event filter manager, filter: 0, callback: 0
[INFO] [2019-10-24 16:52:35] EventLogFilterManager$1.run(154) |  event filter manager, filter: 0, callback: 0
[INFO] [2019-10-24 16:52:45] EventLogFilterManager$1.run(154) |  event filter manager, filter: 0, callback: 0
[INFO] [2019-10-24 16:52:55] EventLogFilterManager$1.run(154) |  event filter manager, filter: 0, callback: 0
[INFO] [2019-10-24 16:53:05] EventLogFilterManager$1.run(154) |  event filter manager, filter: 0, callback: 0
[INFO] [2019-10-24 16:53:15] EventLogFilterManager$1.run(154) |  event filter manager, filter: 0, callback: 0
[INFO] [2019-10-24 16:53:25] EventLogFilterManager$1.run(154) |  event filter manager, filter: 0, callback: 0
[INFO] [2019-10-24 16:53:35] EventLogFilterManager$1.run(154) |  event filter manager, filter: 0, callback: 0
[INFO] [2019-10-24 16:53:45] EventLogFilterManager$1.run(154) |  event filter manager, filter: 0, callback: 0
[INFO] [2019-10-24 16:53:55] EventLogFilterManager$1.run(154) |  event filter manager, filter: 0, callback: 0
[INFO] [2019-10-24 16:54:05] EventLogFilterManager$1.run(154) |  event filter manager, filter: 0, callback: 0
[INFO] [2019-10-24 16:54:15] EventLogFilterManager$1.run(154) |  event filter manager, filter: 0, callback: 0
[INFO] [2019-10-24 16:54:25] EventLogFilterManager$1.run(154) |  event filter manager, filter: 0, callback: 0
[INFO] [2019-10-24 16:54:35] EventLogFilterManager$1.run(154) |  event filter manager, filter: 0, callback: 0
[INFO] [2019-10-24 16:54:45] EventLogFilterManager$1.run(154) |  event filter manager, filter: 0, callback: 0
[INFO] [2019-10-24 16:54:55] EventLogFilterManager$1.run(154) |  event filter manager, filter: 0, callback: 0
[INFO] [2019-10-24 16:55:05] EventLogFilterManager$1.run(154) |  event filter manager, filter: 0, callback: 0
[INFO] [2019-10-24 16:55:15] EventLogFilterManager$1.run(154) |  event filter manager, filter: 0, callback: 0
[INFO] [2019-10-24 16:55:25] EventLogFilterManager$1.run(154) |  event filter manager, filter: 0, callback: 0
[INFO] [2019-10-24 16:55:35] EventLogFilterManager$1.run(154) |  event filter manager, filter: 0, callback: 0
[INFO] [2019-10-24 16:55:45] EventLogFilterManager$1.run(154) |  event filter manager, filter: 0, callback: 0
[INFO] [2019-10-24 16:55:55] EventLogFilterManager$1.run(154) |  event filter manager, filter: 0, callback: 0
[INFO] [2019-10-24 16:56:05] EventLogFilterManager$1.run(154) |  event filter manager, filter: 0, callback: 0
[INFO] [2019-10-24 16:56:15] EventLogFilterManager$1.run(154) |  event filter manager, filter: 0, callback: 0
[INFO] [2019-10-24 16:56:25] EventLogFilterManager$1.run(154) |  event filter manager, filter: 0, callback: 0
[INFO] [2019-10-24 16:56:35] EventLogFilterManager$1.run(154) |  event filter manager, filter: 0, callback: 0
[INFO] [2019-10-24 16:56:45] EventLogFilterManager$1.run(154) |  event filter manager, filter: 0, callback: 0
[INFO] [2019-10-24 16:56:55] EventLogFilterManager$1.run(154) |  event filter manager, filter: 0, callback: 0
[INFO] [2019-10-24 16:57:05] EventLogFilterManager$1.run(154) |  event filter manager, filter: 0, callback: 0
[INFO] [2019-10-24 16:57:15] EventLogFilterManager$1.run(154) |  event filter manager, filter: 0, callback: 0
[INFO] [2019-10-24 16:57:25] EventLogFilterManager$1.run(154) |  event filter manager, filter: 0, callback: 0
[INFO] [2019-10-24 16:57:35] EventLogFilterManager$1.run(154) |  event filter manager, filter: 0, callback: 0
[INFO] [2019-10-24 16:57:45] EventLogFilterManager$1.run(154) |  event filter manager, filter: 0, callback: 0
[INFO] [2019-10-24 16:57:55] EventLogFilterManager$1.run(154) |  event filter manager, filter: 0, callback: 0
[INFO] [2019-10-24 16:58:05] EventLogFilterManager$1.run(154) |  event filter manager, filter: 0, callback: 0
[INFO] [2019-10-24 16:58:15] EventLogFilterManager$1.run(154) |  event filter manager, filter: 0, callback: 0
[INFO] [2019-10-24 16:58:25] EventLogFilterManager$1.run(154) |  event filter manager, filter: 0, callback: 0
[INFO] [2019-10-24 16:58:35] EventLogFilterManager$1.run(154) |  event filter manager, filter: 0, callback: 0
[INFO] [2019-10-24 16:58:45] EventLogFilterManager$1.run(154) |  event filter manager, filter: 0, callback: 0
[INFO] [2019-10-24 16:58:55] EventLogFilterManager$1.run(154) |  event filter manager, filter: 0, callback: 0
[INFO] [2019-10-24 16:59:05] EventLogFilterManager$1.run(154) |  event filter manager, filter: 0, callback: 0
[INFO] [2019-10-24 16:59:15] EventLogFilterManager$1.run(154) |  event filter manager, filter: 0, callback: 0
[INFO] [2019-10-24 16:59:25] EventLogFilterManager$1.run(154) |  event filter manager, filter: 0, callback: 0
[INFO] [2019-10-24 16:59:35] EventLogFilterManager$1.run(154) |  event filter manager, filter: 0, callback: 0
[INFO] [2019-10-24 16:59:45] EventLogFilterManager$1.run(154) |  event filter manager, filter: 0, callback: 0
[INFO] [2019-10-24 16:59:55] EventLogFilterManager$1.run(154) |  event filter manager, filter: 0, callback: 0
[INFO] [2019-10-24 17:00:05] EventLogFilterManager$1.run(154) |  event filter manager, filter: 0, callback: 0
[INFO] [2019-10-24 17:00:15] EventLogFilterManager$1.run(154) |  event filter manager, filter: 0, callback: 0
[INFO] [2019-10-24 17:00:25] EventLogFilterManager$1.run(154) |  event filter manager, filter: 0, callback: 0
[INFO] [2019-10-24 17:00:35] EventLogFilterManager$1.run(154) |  event filter manager, filter: 0, callback: 0
[INFO] [2019-10-24 17:00:45] EventLogFilterManager$1.run(154) |  event filter manager, filter: 0, callback: 0
[INFO] [2019-10-24 17:00:55] EventLogFilterManager$1.run(154) |  event filter manager, filter: 0, callback: 0
[INFO] [2019-10-24 17:01:05] EventLogFilterManager$1.run(154) |  event filter manager, filter: 0, callback: 0
[INFO] [2019-10-24 17:01:15] EventLogFilterManager$1.run(154) |  event filter manager, filter: 0, callback: 0
[INFO] [2019-10-24 17:01:25] EventLogFilterManager$1.run(154) |  event filter manager, filter: 0, callback: 0
[INFO] [2019-10-24 17:01:35] EventLogFilterManager$1.run(154) |  event filter manager, filter: 0, callback: 0
[INFO] [2019-10-24 17:01:45] EventLogFilterManager$1.run(154) |  event filter manager, filter: 0, callback: 0
[INFO] [2019-10-24 17:01:55] EventLogFilterManager$1.run(154) |  event filter manager, filter: 0, callback: 0
[INFO] [2019-10-24 17:02:05] EventLogFilterManager$1.run(154) |  event filter manager, filter: 0, callback: 0
[INFO] [2019-10-24 17:02:15] EventLogFilterManager$1.run(154) |  event filter manager, filter: 0, callback: 0
[INFO] [2019-10-24 17:02:25] EventLogFilterManager$1.run(154) |  event filter manager, filter: 0, callback: 0
[INFO] [2019-10-24 17:02:35] EventLogFilterManager$1.run(154) |  event filter manager, filter: 0, callback: 0
[INFO] [2019-10-24 17:02:45] EventLogFilterManager$1.run(154) |  event filter manager, filter: 0, callback: 0
[INFO] [2019-10-24 17:02:55] EventLogFilterManager$1.run(154) |  event filter manager, filter: 0, callback: 0
[INFO] [2019-10-24 17:03:05] EventLogFilterManager$1.run(154) |  event filter manager, filter: 0, callback: 0
[INFO] [2019-10-24 17:03:15] EventLogFilterManager$1.run(154) |  event filter manager, filter: 0, callback: 0
[INFO] [2019-10-24 17:03:25] EventLogFilterManager$1.run(154) |  event filter manager, filter: 0, callback: 0
[INFO] [2019-10-24 17:03:35] EventLogFilterManager$1.run(154) |  event filter manager, filter: 0, callback: 0
[INFO] [2019-10-24 17:03:45] EventLogFilterManager$1.run(154) |  event filter manager, filter: 0, callback: 0
[INFO] [2019-10-24 17:03:55] EventLogFilterManager$1.run(154) |  event filter manager, filter: 0, callback: 0
[INFO] [2019-10-24 17:04:05] EventLogFilterManager$1.run(154) |  event filter manager, filter: 0, callback: 0
[INFO] [2019-10-24 17:04:15] EventLogFilterManager$1.run(154) |  event filter manager, filter: 0, callback: 0
[INFO] [2019-10-24 17:04:25] EventLogFilterManager$1.run(154) |  event filter manager, filter: 0, callback: 0
[INFO] [2019-10-24 17:04:35] EventLogFilterManager$1.run(154) |  event filter manager, filter: 0, callback: 0
[INFO] [2019-10-24 17:04:45] EventLogFilterManager$1.run(154) |  event filter manager, filter: 0, callback: 0
[INFO] [2019-10-24 17:04:55] EventLogFilterManager$1.run(154) |  event filter manager, filter: 0, callback: 0
[INFO] [2019-10-24 17:05:05] EventLogFilterManager$1.run(154) |  event filter manager, filter: 0, callback: 0
[INFO] [2019-10-24 17:05:15] EventLogFilterManager$1.run(154) |  event filter manager, filter: 0, callback: 0
[INFO] [2019-10-24 17:05:25] EventLogFilterManager$1.run(154) |  event filter manager, filter: 0, callback: 0
[INFO] [2019-10-24 17:05:35] EventLogFilterManager$1.run(154) |  event filter manager, filter: 0, callback: 0
[INFO] [2019-10-24 17:05:45] EventLogFilterManager$1.run(154) |  event filter manager, filter: 0, callback: 0
[INFO] [2019-10-24 17:05:55] EventLogFilterManager$1.run(154) |  event filter manager, filter: 0, callback: 0
[INFO] [2019-10-24 17:06:05] EventLogFilterManager$1.run(154) |  event filter manager, filter: 0, callback: 0
[INFO] [2019-10-24 17:06:15] EventLogFilterManager$1.run(154) |  event filter manager, filter: 0, callback: 0
[INFO] [2019-10-24 17:06:25] EventLogFilterManager$1.run(154) |  event filter manager, filter: 0, callback: 0
[INFO] [2019-10-24 17:06:35] EventLogFilterManager$1.run(154) |  event filter manager, filter: 0, callback: 0
[INFO] [2019-10-24 17:06:45] EventLogFilterManager$1.run(154) |  event filter manager, filter: 0, callback: 0
[INFO] [2019-10-24 17:06:55] EventLogFilterManager$1.run(154) |  event filter manager, filter: 0, callback: 0
[INFO] [2019-10-24 17:07:05] EventLogFilterManager$1.run(154) |  event filter manager, filter: 0, callback: 0
[INFO] [2019-10-24 17:07:15] EventLogFilterManager$1.run(154) |  event filter manager, filter: 0, callback: 0
[INFO] [2019-10-24 17:07:25] EventLogFilterManager$1.run(154) |  event filter manager, filter: 0, callback: 0
[INFO] [2019-10-24 17:07:35] EventLogFilterManager$1.run(154) |  event filter manager, filter: 0, callback: 0
[INFO] [2019-10-24 17:07:45] EventLogFilterManager$1.run(154) |  event filter manager, filter: 0, callback: 0
[INFO] [2019-10-24 17:07:55] EventLogFilterManager$1.run(154) |  event filter manager, filter: 0, callback: 0
[INFO] [2019-10-24 17:08:05] EventLogFilterManager$1.run(154) |  event filter manager, filter: 0, callback: 0
[INFO] [2019-10-24 17:08:15] EventLogFilterManager$1.run(154) |  event filter manager, filter: 0, callback: 0
[INFO] [2019-10-24 17:08:25] EventLogFilterManager$1.run(154) |  event filter manager, filter: 0, callback: 0
[INFO] [2019-10-24 17:08:35] EventLogFilterManager$1.run(154) |  event filter manager, filter: 0, callback: 0
[INFO] [2019-10-24 17:08:45] EventLogFilterManager$1.run(154) |  event filter manager, filter: 0, callback: 0
[INFO] [2019-10-24 17:08:55] EventLogFilterManager$1.run(154) |  event filter manager, filter: 0, callback: 0
[INFO] [2019-10-24 17:09:05] EventLogFilterManager$1.run(154) |  event filter manager, filter: 0, callback: 0
[INFO] [2019-10-24 17:09:15] EventLogFilterManager$1.run(154) |  event filter manager, filter: 0, callback: 0
[INFO] [2019-10-24 17:09:25] EventLogFilterManager$1.run(154) |  event filter manager, filter: 0, callback: 0
[INFO] [2019-10-24 17:09:35] EventLogFilterManager$1.run(154) |  event filter manager, filter: 0, callback: 0
[INFO] [2019-10-24 17:09:45] EventLogFilterManager$1.run(154) |  event filter manager, filter: 0, callback: 0
[INFO] [2019-10-24 17:09:55] EventLogFilterManager$1.run(154) |  event filter manager, filter: 0, callback: 0
[INFO] [2019-10-24 17:10:05] EventLogFilterManager$1.run(154) |  event filter manager, filter: 0, callback: 0
[INFO] [2019-10-24 17:10:15] EventLogFilterManager$1.run(154) |  event filter manager, filter: 0, callback: 0
[INFO] [2019-10-24 17:10:25] EventLogFilterManager$1.run(154) |  event filter manager, filter: 0, callback: 0
[INFO] [2019-10-24 17:10:35] EventLogFilterManager$1.run(154) |  event filter manager, filter: 0, callback: 0
[INFO] [2019-10-24 17:10:45] EventLogFilterManager$1.run(154) |  event filter manager, filter: 0, callback: 0
[INFO] [2019-10-24 17:10:55] EventLogFilterManager$1.run(154) |  event filter manager, filter: 0, callback: 0
[INFO] [2019-10-24 17:11:05] EventLogFilterManager$1.run(154) |  event filter manager, filter: 0, callback: 0
[INFO] [2019-10-24 17:11:15] EventLogFilterManager$1.run(154) |  event filter manager, filter: 0, callback: 0
[INFO] [2019-10-24 17:11:25] EventLogFilterManager$1.run(154) |  event filter manager, filter: 0, callback: 0
[INFO] [2019-10-24 17:11:35] EventLogFilterManager$1.run(154) |  event filter manager, filter: 0, callback: 0
[INFO] [2019-10-24 17:11:45] EventLogFilterManager$1.run(154) |  event filter manager, filter: 0, callback: 0
[INFO] [2019-10-24 17:11:55] EventLogFilterManager$1.run(154) |  event filter manager, filter: 0, callback: 0
[INFO] [2019-10-24 17:12:05] EventLogFilterManager$1.run(154) |  event filter manager, filter: 0, callback: 0
[INFO] [2019-10-24 17:12:15] EventLogFilterManager$1.run(154) |  event filter manager, filter: 0, callback: 0
[INFO] [2019-10-24 17:12:25] EventLogFilterManager$1.run(154) |  event filter manager, filter: 0, callback: 0
[INFO] [2019-10-24 17:12:35] EventLogFilterManager$1.run(154) |  event filter manager, filter: 0, callback: 0
[INFO] [2019-10-24 17:12:45] EventLogFilterManager$1.run(154) |  event filter manager, filter: 0, callback: 0
[INFO] [2019-10-24 17:12:55] EventLogFilterManager$1.run(154) |  event filter manager, filter: 0, callback: 0
[INFO] [2019-10-24 17:13:05] EventLogFilterManager$1.run(154) |  event filter manager, filter: 0, callback: 0
[INFO] [2019-10-24 17:13:15] EventLogFilterManager$1.run(154) |  event filter manager, filter: 0, callback: 0
[INFO] [2019-10-24 17:13:25] EventLogFilterManager$1.run(154) |  event filter manager, filter: 0, callback: 0
[INFO] [2019-10-24 17:13:35] EventLogFilterManager$1.run(154) |  event filter manager, filter: 0, callback: 0
[INFO] [2019-10-24 17:13:45] EventLogFilterManager$1.run(154) |  event filter manager, filter: 0, callback: 0
[INFO] [2019-10-24 17:13:55] EventLogFilterManager$1.run(154) |  event filter manager, filter: 0, callback: 0
[INFO] [2019-10-24 17:14:05] EventLogFilterManager$1.run(154) |  event filter manager, filter: 0, callback: 0
[INFO] [2019-10-24 17:14:15] EventLogFilterManager$1.run(154) |  event filter manager, filter: 0, callback: 0
[INFO] [2019-10-24 17:14:25] EventLogFilterManager$1.run(154) |  event filter manager, filter: 0, callback: 0
[INFO] [2019-10-24 17:14:35] EventLogFilterManager$1.run(154) |  event filter manager, filter: 0, callback: 0
[INFO] [2019-10-24 17:14:45] EventLogFilterManager$1.run(154) |  event filter manager, filter: 0, callback: 0
[INFO] [2019-10-24 17:14:55] EventLogFilterManager$1.run(154) |  event filter manager, filter: 0, callback: 0
[INFO] [2019-10-24 17:15:05] EventLogFilterManager$1.run(154) |  event filter manager, filter: 0, callback: 0
[INFO] [2019-10-24 17:15:15] EventLogFilterManager$1.run(154) |  event filter manager, filter: 0, callback: 0
[INFO] [2019-10-24 17:15:25] EventLogFilterManager$1.run(154) |  event filter manager, filter: 0, callback: 0
[INFO] [2019-10-24 17:15:35] EventLogFilterManager$1.run(154) |  event filter manager, filter: 0, callback: 0
[INFO] [2019-10-24 17:15:45] EventLogFilterManager$1.run(154) |  event filter manager, filter: 0, callback: 0
[INFO] [2019-10-24 17:15:55] EventLogFilterManager$1.run(154) |  event filter manager, filter: 0, callback: 0
[INFO] [2019-10-24 17:16:05] EventLogFilterManager$1.run(154) |  event filter manager, filter: 0, callback: 0
[INFO] [2019-10-24 17:16:15] EventLogFilterManager$1.run(154) |  event filter manager, filter: 0, callback: 0
[INFO] [2019-10-24 17:16:25] EventLogFilterManager$1.run(154) |  event filter manager, filter: 0, callback: 0
[INFO] [2019-10-24 17:16:35] EventLogFilterManager$1.run(154) |  event filter manager, filter: 0, callback: 0
[INFO] [2019-10-24 17:16:45] EventLogFilterManager$1.run(154) |  event filter manager, filter: 0, callback: 0
[INFO] [2019-10-24 17:16:55] EventLogFilterManager$1.run(154) |  event filter manager, filter: 0, callback: 0
[INFO] [2019-10-24 17:17:05] EventLogFilterManager$1.run(154) |  event filter manager, filter: 0, callback: 0
[INFO] [2019-10-24 17:17:15] EventLogFilterManager$1.run(154) |  event filter manager, filter: 0, callback: 0
[INFO] [2019-10-24 17:17:25] EventLogFilterManager$1.run(154) |  event filter manager, filter: 0, callback: 0
[INFO] [2019-10-24 17:17:35] EventLogFilterManager$1.run(154) |  event filter manager, filter: 0, callback: 0
[INFO] [2019-10-24 17:17:45] EventLogFilterManager$1.run(154) |  event filter manager, filter: 0, callback: 0
[INFO] [2019-10-24 17:17:55] EventLogFilterManager$1.run(154) |  event filter manager, filter: 0, callback: 0
[INFO] [2019-10-24 17:18:05] EventLogFilterManager$1.run(154) |  event filter manager, filter: 0, callback: 0
[INFO] [2019-10-24 17:18:15] EventLogFilterManager$1.run(154) |  event filter manager, filter: 0, callback: 0
[INFO] [2019-10-24 17:18:25] EventLogFilterManager$1.run(154) |  event filter manager, filter: 0, callback: 0
[INFO] [2019-10-24 17:18:35] EventLogFilterManager$1.run(154) |  event filter manager, filter: 0, callback: 0
[INFO] [2019-10-24 17:18:45] EventLogFilterManager$1.run(154) |  event filter manager, filter: 0, callback: 0
[INFO] [2019-10-24 17:18:55] EventLogFilterManager$1.run(154) |  event filter manager, filter: 0, callback: 0
[INFO] [2019-10-24 17:19:05] EventLogFilterManager$1.run(154) |  event filter manager, filter: 0, callback: 0
[INFO] [2019-10-24 17:19:15] EventLogFilterManager$1.run(154) |  event filter manager, filter: 0, callback: 0
[INFO] [2019-10-24 17:19:25] EventLogFilterManager$1.run(154) |  event filter manager, filter: 0, callback: 0
