info|2019-12-12 12:00:00.086893|[g:1][CONSENSUS]addRawPrepare,height=69,reqIdx=3,hash=9cd0453f...
info|2019-12-12 12:00:00.087212|[g:1][CONSENSUS][PBFT]checkTimeout Succ,view=37939,toView=37940,nodeIdx=0,changeCycle=0,myNode=1306daf6...,timecost=0.283
info|2019-12-12 12:00:00.096218|[g:1][CONSENSUS][PBFT]checkAndChangeView: Reach consensus,org_view=37939,org_changeCycle=0,cur_changeCycle=0,to_view=37940
info|2019-12-12 12:00:01.108795|[g:1][CONSENSUS][SEALER]++++++++++++++++ Generating seal on,blkNum=69,tx=0,nodeIdx=0,hash=0af805f8...
info|2019-12-12 12:00:01.132559|[g:1][CONSENSUS][PBFT]checkTimeout Succ,view=37940,toView=37941,nodeIdx=0,changeCycle=0,myNode=1306daf6...,timecost=4.545
info|2019-12-12 12:00:01.136459|[g:1][CONSENSUS][PBFT]checkAndChangeView: Reach consensus,org_view=37940,org_changeCycle=0,cur_changeCycle=0,to_view=37941
info|2019-12-12 12:00:02.146023|[g:1][CONSENSUS]addRawPrepare,height=69,reqIdx=1,hash=7137ced8...
info|2019-12-12 12:00:02.160664|[g:1][CONSENSUS][PBFT]checkTimeout Succ,view=37941,toView=37942,nodeIdx=0,changeCycle=0,myNode=1306daf6...,timecost=7.812
info|2019-12-12 12:00:02.174306|[g:1][CONSENSUS][PBFT]checkAndChangeView: Reach consensus,org_view=37941,org_changeCycle=0,cur_changeCycle=0,to_view=37942
info|2019-12-12 12:00:03.175062|[g:1][CONSENSUS]addRawPrepare,height=69,reqIdx=2,hash=d3c00218...
info|2019-12-12 12:00:03.175542|[g:1][CONSENSUS][PBFT]checkTimeout Succ,view=37942,toView=37943,nodeIdx=0,changeCycle=0,myNode=1306daf6...,timecost=0.418
info|2019-12-12 12:00:03.182878|[g:1][CONSENSUS][PBFT]checkAndChangeView: Reach consensus,org_view=37942,org_changeCycle=0,cur_changeCycle=0,to_view=37943
info|2019-12-12 12:00:04.190219|[g:1][CONSENSUS]addRawPrepare,height=69,reqIdx=3,hash=836059d5...
info|2019-12-12 12:00:04.199417|[g:1][CONSENSUS][PBFT]checkTimeout Succ,view=37943,toView=37944,nodeIdx=0,changeCycle=0,myNode=1306daf6...,timecost=3.621
info|2019-12-12 12:00:04.232684|[g:1][CONSENSUS][PBFT]checkAndChangeView: Reach consensus,org_view=37943,org_changeCycle=0,cur_changeCycle=0,to_view=37944
info|2019-12-12 12:00:05.234024|[g:1][CONSENSUS][SEALER]++++++++++++++++ Generating seal on,blkNum=69,tx=0,nodeIdx=0,hash=062aed3b...
info|2019-12-12 12:00:05.252920|[g:1][CONSENSUS][PBFT]checkTimeout Succ,view=37944,toView=37945,nodeIdx=0,changeCycle=0,myNode=1306daf6...,timecost=0.489
info|2019-12-12 12:00:05.257930|[g:1][CONSENSUS][PBFT]checkAndChangeView: Reach consensus,org_view=37944,org_changeCycle=0,cur_changeCycle=0,to_view=37945
info|2019-12-12 12:00:06.261728|[g:1][CONSENSUS]addRawPrepare,height=69,reqIdx=1,hash=e5cc519a...
info|2019-12-12 12:00:06.267697|[g:1][CONSENSUS][PBFT]checkTimeout Succ,view=37945,toView=37946,nodeIdx=0,changeCycle=0,myNode=1306daf6...,timecost=5.907
info|2019-12-12 12:00:06.284913|[g:1][CONSENSUS][PBFT]checkAndChangeView: Reach consensus,org_view=37945,org_changeCycle=0,cur_changeCycle=0,to_view=37946
info|2019-12-12 12:00:06.700266|[P2P][Service] heartBeat,connected count=4
info|2019-12-12 12:00:07.281958|[g:1][CONSENSUS]addRawPrepare,height=69,reqIdx=2,hash=79a707c5...
info|2019-12-12 12:00:07.284049|[g:1][CONSENSUS][PBFT]checkTimeout Succ,view=37946,toView=37947,nodeIdx=0,changeCycle=0,myNode=1306daf6...,timecost=2.045
info|2019-12-12 12:00:07.294229|[g:1][CONSENSUS][PBFT]checkAndChangeView: Reach consensus,org_view=37946,org_changeCycle=0,cur_changeCycle=0,to_view=37947
info|2019-12-12 12:00:08.305650|[g:1][CONSENSUS]addRawPrepare,height=69,reqIdx=3,hash=0a781180...
info|2019-12-12 12:00:08.310824|[g:1][CONSENSUS][PBFT]checkTimeout Succ,view=37947,toView=37948,nodeIdx=0,changeCycle=0,myNode=1306daf6...,timecost=3.844
info|2019-12-12 12:00:08.315733|[g:1][CONSENSUS][PBFT]checkAndChangeView: Reach consensus,org_view=37947,org_changeCycle=0,cur_changeCycle=0,to_view=37948
info|2019-12-12 12:00:09.322390|[g:1][CONSENSUS][SEALER]++++++++++++++++ Generating seal on,blkNum=69,tx=0,nodeIdx=0,hash=b4f12558...
info|2019-12-12 12:00:09.336202|[g:1][CONSENSUS][PBFT]checkTimeout Succ,view=37948,toView=37949,nodeIdx=0,changeCycle=0,myNode=1306daf6...,timecost=0.498
info|2019-12-12 12:00:09.338318|[g:1][CONSENSUS][PBFT]checkAndChangeView: Reach consensus,org_view=37948,org_changeCycle=0,cur_changeCycle=0,to_view=37949
info|2019-12-12 12:00:10.336988|[g:1][CONSENSUS]addRawPrepare,height=69,reqIdx=1,hash=c2db6e74...
info|2019-12-12 12:00:10.337461|[g:1][CONSENSUS][PBFT]checkTimeout Succ,view=37949,toView=37950,nodeIdx=0,changeCycle=0,myNode=1306daf6...,timecost=0.44
info|2019-12-12 12:00:10.343167|[g:1][CONSENSUS][PBFT]checkAndChangeView: Reach consensus,org_view=37949,org_changeCycle=0,cur_changeCycle=0,to_view=37950
info|2019-12-12 12:00:11.357862|[g:1][CONSENSUS]addRawPrepare,height=69,reqIdx=2,hash=9e9a1a5f...
info|2019-12-12 12:00:11.359795|[g:1][CONSENSUS][PBFT]checkTimeout Succ,view=37950,toView=37951,nodeIdx=0,changeCycle=0,myNode=1306daf6...,timecost=1.711
info|2019-12-12 12:00:11.384717|[g:1][CONSENSUS][PBFT]checkAndChangeView: Reach consensus,org_view=37950,org_changeCycle=0,cur_changeCycle=0,to_view=37951
info|2019-12-12 12:00:12.402742|[g:1][CONSENSUS]addRawPrepare,height=69,reqIdx=3,hash=2f780291...
info|2019-12-12 12:00:12.423914|[g:1][CONSENSUS][PBFT]checkTimeout Succ,view=37951,toView=37952,nodeIdx=0,changeCycle=0,myNode=1306daf6...,timecost=19.544
info|2019-12-12 12:00:12.434412|[g:1][CONSENSUS][PBFT]checkAndChangeView: Reach consensus,org_view=37951,org_changeCycle=0,cur_changeCycle=0,to_view=37952
info|2019-12-12 12:00:13.434641|[g:1][CONSENSUS][SEALER]++++++++++++++++ Generating seal on,blkNum=69,tx=0,nodeIdx=0,hash=7e221f86...
info|2019-12-12 12:00:13.455816|[g:1][CONSENSUS][PBFT]checkTimeout Succ,view=37952,toView=37953,nodeIdx=0,changeCycle=0,myNode=1306daf6...,timecost=0.51
info|2019-12-12 12:00:13.460666|[g:1][CONSENSUS][PBFT]checkAndChangeView: Reach consensus,org_view=37952,org_changeCycle=0,cur_changeCycle=0,to_view=37953
info|2019-12-12 12:00:14.481552|[g:1][CONSENSUS]addRawPrepare,height=69,reqIdx=1,hash=3fae50c8...
info|2019-12-12 12:00:14.523259|[g:1][CONSENSUS][PBFT]checkTimeout Succ,view=37953,toView=37954,nodeIdx=0,changeCycle=0,myNode=1306daf6...,timecost=34.144
info|2019-12-12 12:00:14.560436|[g:1][CONSENSUS][PBFT]checkAndChangeView: Reach consensus,org_view=37953,org_changeCycle=0,cur_changeCycle=0,to_view=37954
info|2019-12-12 12:00:15.577117|[g:1][CONSENSUS]addRawPrepare,height=69,reqIdx=2,hash=bd238c1b...
info|2019-12-12 12:00:15.580693|[g:1][CONSENSUS][PBFT]checkTimeout Succ,view=37954,toView=37955,nodeIdx=0,changeCycle=0,myNode=1306daf6...,timecost=3.265
info|2019-12-12 12:00:15.608381|[g:1][CONSENSUS][PBFT]checkAndChangeView: Reach consensus,org_view=37954,org_changeCycle=0,cur_changeCycle=0,to_view=37955
info|2019-12-12 12:00:16.617281|[g:1][CONSENSUS]addRawPrepare,height=69,reqIdx=3,hash=b2752c74...
info|2019-12-12 12:00:16.619191|[g:1][CONSENSUS][PBFT]checkTimeout Succ,view=37955,toView=37956,nodeIdx=0,changeCycle=0,myNode=1306daf6...,timecost=1.87
info|2019-12-12 12:00:16.623032|[g:1][CONSENSUS][PBFT]checkAndChangeView: Reach consensus,org_view=37955,org_changeCycle=0,cur_changeCycle=0,to_view=37956
info|2019-12-12 12:00:16.701816|[P2P][Service] heartBeat,connected count=4
info|2019-12-12 12:00:17.625382|[g:1][CONSENSUS][SEALER]++++++++++++++++ Generating seal on,blkNum=69,tx=0,nodeIdx=0,hash=128b7863...
info|2019-12-12 12:00:17.641841|[g:1][CONSENSUS][PBFT]checkTimeout Succ,view=37956,toView=37957,nodeIdx=0,changeCycle=0,myNode=1306daf6...,timecost=0.31
info|2019-12-12 12:00:17.644888|[g:1][CONSENSUS][PBFT]checkAndChangeView: Reach consensus,org_view=37956,org_changeCycle=0,cur_changeCycle=0,to_view=37957
info|2019-12-12 12:00:18.656968|[g:1][CONSENSUS]addRawPrepare,height=69,reqIdx=1,hash=3db3ff92...
info|2019-12-12 12:00:18.663893|[g:1][CONSENSUS][PBFT]checkTimeout Succ,view=37957,toView=37958,nodeIdx=0,changeCycle=0,myNode=1306daf6...,timecost=6.597
info|2019-12-12 12:00:18.688781|[g:1][CONSENSUS][PBFT]checkAndChangeView: Reach consensus,org_view=37957,org_changeCycle=0,cur_changeCycle=0,to_view=37958
info|2019-12-12 12:00:19.693683|[g:1][CONSENSUS]addRawPrepare,height=69,reqIdx=2,hash=7b0db511...
info|2019-12-12 12:00:19.697495|[g:1][CONSENSUS][PBFT]checkTimeout Succ,view=37958,toView=37959,nodeIdx=0,changeCycle=0,myNode=1306daf6...,timecost=3.697
info|2019-12-12 12:00:19.702155|[g:1][CONSENSUS][PBFT]checkAndChangeView: Reach consensus,org_view=37958,org_changeCycle=0,cur_changeCycle=0,to_view=37959
info|2019-12-12 12:00:20.707079|[g:1][CONSENSUS]addRawPrepare,height=69,reqIdx=3,hash=14a9b535...
info|2019-12-12 12:00:20.712299|[g:1][CONSENSUS][PBFT]checkTimeout Succ,view=37959,toView=37960,nodeIdx=0,changeCycle=0,myNode=1306daf6...,timecost=2.775
info|2019-12-12 12:00:20.715098|[g:1][CONSENSUS][PBFT]checkAndChangeView: Reach consensus,org_view=37959,org_changeCycle=0,cur_changeCycle=0,to_view=37960
info|2019-12-12 12:00:21.715807|[g:1][CONSENSUS][SEALER]++++++++++++++++ Generating seal on,blkNum=69,tx=0,nodeIdx=0,hash=51aa07d4...
info|2019-12-12 12:00:21.730723|[g:1][CONSENSUS][PBFT]checkTimeout Succ,view=37960,toView=37961,nodeIdx=0,changeCycle=0,myNode=1306daf6...,timecost=0.732
info|2019-12-12 12:00:21.734156|[g:1][CONSENSUS][PBFT]checkAndChangeView: Reach consensus,org_view=37960,org_changeCycle=0,cur_changeCycle=0,to_view=37961
info|2019-12-12 12:00:22.731795|[g:1][CONSENSUS]addRawPrepare,height=69,reqIdx=1,hash=bdca29e3...
info|2019-12-12 12:00:22.737922|[g:1][CONSENSUS][PBFT]checkTimeout Succ,view=37961,toView=37962,nodeIdx=0,changeCycle=0,myNode=1306daf6...,timecost=6.079
info|2019-12-12 12:00:22.748462|[g:1][CONSENSUS][PBFT]checkAndChangeView: Reach consensus,org_view=37961,org_changeCycle=0,cur_changeCycle=0,to_view=37962
info|2019-12-12 12:00:23.761883|[g:1][CONSENSUS]addRawPrepare,height=69,reqIdx=2,hash=a6d20ba7...
info|2019-12-12 12:00:23.762274|[g:1][CONSENSUS][PBFT]checkTimeout Succ,view=37962,toView=37963,nodeIdx=0,changeCycle=0,myNode=1306daf6...,timecost=0.361
info|2019-12-12 12:00:23.765418|[g:1][CONSENSUS][PBFT]checkAndChangeView: Reach consensus,org_view=37962,org_changeCycle=0,cur_changeCycle=0,to_view=37963
info|2019-12-12 12:00:24.779417|[g:1][CONSENSUS]addRawPrepare,height=69,reqIdx=3,hash=f1ce432c...
info|2019-12-12 12:00:24.788184|[g:1][CONSENSUS][PBFT]checkTimeout Succ,view=37963,toView=37964,nodeIdx=0,changeCycle=0,myNode=1306daf6...,timecost=8.582
info|2019-12-12 12:00:24.815863|[g:1][CONSENSUS][PBFT]checkAndChangeView: Reach consensus,org_view=37963,org_changeCycle=0,cur_changeCycle=0,to_view=37964
info|2019-12-12 12:00:25.826705|[g:1][CONSENSUS][SEALER]++++++++++++++++ Generating seal on,blkNum=69,tx=0,nodeIdx=0,hash=884ef953...
info|2019-12-12 12:00:25.840385|[g:1][CONSENSUS][PBFT]checkTimeout Succ,view=37964,toView=37965,nodeIdx=0,changeCycle=0,myNode=1306daf6...,timecost=0.404
info|2019-12-12 12:00:25.841929|[g:1][CONSENSUS][PBFT]checkAndChangeView: Reach consensus,org_view=37964,org_changeCycle=0,cur_changeCycle=0,to_view=37965
info|2019-12-12 12:00:26.703509|[P2P][Service] heartBeat,connected count=4
info|2019-12-12 12:00:26.845121|[g:1][CONSENSUS]addRawPrepare,height=69,reqIdx=1,hash=b6ad4c83...
info|2019-12-12 12:00:26.853934|[g:1][CONSENSUS][PBFT]checkTimeout Succ,view=37965,toView=37966,nodeIdx=0,changeCycle=0,myNode=1306daf6...,timecost=8.656
info|2019-12-12 12:00:26.867340|[g:1][CONSENSUS][PBFT]checkAndChangeView: Reach consensus,org_view=37965,org_changeCycle=0,cur_changeCycle=0,to_view=37966
info|2019-12-12 12:00:27.884100|[g:1][CONSENSUS]addRawPrepare,height=69,reqIdx=2,hash=e9aecdb0...
info|2019-12-12 12:00:27.890026|[g:1][CONSENSUS][PBFT]checkTimeout Succ,view=37966,toView=37967,nodeIdx=0,changeCycle=0,myNode=1306daf6...,timecost=5.606
info|2019-12-12 12:00:27.913586|[g:1][CONSENSUS][PBFT]checkAndChangeView: Reach consensus,org_view=37966,org_changeCycle=0,cur_changeCycle=0,to_view=37967
info|2019-12-12 12:00:28.920742|[g:1][CONSENSUS]addRawPrepare,height=69,reqIdx=3,hash=a4493e97...
info|2019-12-12 12:00:28.921199|[g:1][CONSENSUS][PBFT]checkTimeout Succ,view=37967,toView=37968,nodeIdx=0,changeCycle=0,myNode=1306daf6...,timecost=0.404
info|2019-12-12 12:00:28.966925|[g:1][CONSENSUS][PBFT]checkAndChangeView: Reach consensus,org_view=37967,org_changeCycle=0,cur_changeCycle=0,to_view=37968
info|2019-12-12 12:00:29.969177|[g:1][CONSENSUS][SEALER]++++++++++++++++ Generating seal on,blkNum=69,tx=0,nodeIdx=0,hash=31de3edc...
info|2019-12-12 12:00:29.988770|[g:1][CONSENSUS][PBFT]checkTimeout Succ,view=37968,toView=37969,nodeIdx=0,changeCycle=0,myNode=1306daf6...,timecost=0.803
info|2019-12-12 12:00:29.999716|[g:1][CONSENSUS][PBFT]checkAndChangeView: Reach consensus,org_view=37968,org_changeCycle=0,cur_changeCycle=0,to_view=37969
info|2019-12-12 12:00:31.005705|[g:1][CONSENSUS]addRawPrepare,height=69,reqIdx=1,hash=88e620aa...
info|2019-12-12 12:00:31.009331|[g:1][CONSENSUS][PBFT]checkTimeout Succ,view=37969,toView=37970,nodeIdx=0,changeCycle=0,myNode=1306daf6...,timecost=3.566
info|2019-12-12 12:00:31.012995|[g:1][CONSENSUS][PBFT]checkAndChangeView: Reach consensus,org_view=37969,org_changeCycle=0,cur_changeCycle=0,to_view=37970
info|2019-12-12 12:00:32.014062|[g:1][CONSENSUS]addRawPrepare,height=69,reqIdx=2,hash=70521303...
info|2019-12-12 12:00:32.016986|[g:1][CONSENSUS][PBFT]checkTimeout Succ,view=37970,toView=37971,nodeIdx=0,changeCycle=0,myNode=1306daf6...,timecost=2.846
info|2019-12-12 12:00:32.023580|[g:1][CONSENSUS][PBFT]checkAndChangeView: Reach consensus,org_view=37970,org_changeCycle=0,cur_changeCycle=0,to_view=37971
info|2019-12-12 12:00:33.046052|[g:1][CONSENSUS]addRawPrepare,height=69,reqIdx=3,hash=cbbc996b...
info|2019-12-12 12:00:33.063765|[g:1][CONSENSUS][PBFT]checkTimeout Succ,view=37971,toView=37972,nodeIdx=0,changeCycle=0,myNode=1306daf6...,timecost=17.36
info|2019-12-12 12:00:33.081704|[g:1][CONSENSUS][PBFT]checkAndChangeView: Reach consensus,org_view=37971,org_changeCycle=0,cur_changeCycle=0,to_view=37972
info|2019-12-12 12:00:34.085974|[g:1][CONSENSUS][SEALER]++++++++++++++++ Generating seal on,blkNum=69,tx=0,nodeIdx=0,hash=2e036593...
info|2019-12-12 12:00:34.108444|[g:1][CONSENSUS][PBFT]checkTimeout Succ,view=37972,toView=37973,nodeIdx=0,changeCycle=0,myNode=1306daf6...,timecost=0.787
info|2019-12-12 12:00:34.111691|[g:1][CONSENSUS][PBFT]checkAndChangeView: Reach consensus,org_view=37972,org_changeCycle=0,cur_changeCycle=0,to_view=37973
info|2019-12-12 12:00:35.124968|[g:1][CONSENSUS]addRawPrepare,height=69,reqIdx=1,hash=51efa7ca...
info|2019-12-12 12:00:35.128221|[g:1][CONSENSUS][PBFT]checkTimeout Succ,view=37973,toView=37974,nodeIdx=0,changeCycle=0,myNode=1306daf6...,timecost=3.204
info|2019-12-12 12:00:35.142263|[g:1][CONSENSUS][PBFT]checkAndChangeView: Reach consensus,org_view=37973,org_changeCycle=0,cur_changeCycle=0,to_view=37974
info|2019-12-12 12:00:36.163036|[g:1][CONSENSUS]addRawPrepare,height=69,reqIdx=2,hash=ef49f057...
info|2019-12-12 12:00:36.167202|[g:1][CONSENSUS][PBFT]checkTimeout Succ,view=37974,toView=37975,nodeIdx=0,changeCycle=0,myNode=1306daf6...,timecost=3.117
info|2019-12-12 12:00:36.168003|[g:1][CONSENSUS][PBFT]checkAndChangeView: Reach consensus,org_view=37974,org_changeCycle=0,cur_changeCycle=0,to_view=37975
info|2019-12-12 12:00:36.704229|[P2P][Service] heartBeat,connected count=4
info|2019-12-12 12:00:37.176377|[g:1][CONSENSUS]addRawPrepare,height=69,reqIdx=3,hash=ce4f8fc5...
info|2019-12-12 12:00:37.186208|[g:1][CONSENSUS][PBFT]checkTimeout Succ,view=37975,toView=37976,nodeIdx=0,changeCycle=0,myNode=1306daf6...,timecost=9.309
info|2019-12-12 12:00:37.216586|[g:1][CONSENSUS][PBFT]checkAndChangeView: Reach consensus,org_view=37975,org_changeCycle=0,cur_changeCycle=0,to_view=37976
info|2019-12-12 12:00:38.217539|[g:1][CONSENSUS][SEALER]++++++++++++++++ Generating seal on,blkNum=69,tx=0,nodeIdx=0,hash=80dd0ca8...
info|2019-12-12 12:00:38.237871|[g:1][CONSENSUS][PBFT]checkTimeout Succ,view=37976,toView=37977,nodeIdx=0,changeCycle=0,myNode=1306daf6...,timecost=1.107
info|2019-12-12 12:00:38.243943|[g:1][CONSENSUS][PBFT]checkAndChangeView: Reach consensus,org_view=37976,org_changeCycle=0,cur_changeCycle=0,to_view=37977
info|2019-12-12 12:00:39.259453|[g:1][CONSENSUS]addRawPrepare,height=69,reqIdx=1,hash=b19795ba...
info|2019-12-12 12:00:39.262365|[g:1][CONSENSUS][PBFT]checkTimeout Succ,view=37977,toView=37978,nodeIdx=0,changeCycle=0,myNode=1306daf6...,timecost=2.852
info|2019-12-12 12:00:39.273970|[g:1][CONSENSUS][PBFT]checkAndChangeView: Reach consensus,org_view=37977,org_changeCycle=0,cur_changeCycle=0,to_view=37978
info|2019-12-12 12:00:40.280288|[g:1][CONSENSUS]addRawPrepare,height=69,reqIdx=2,hash=60f6b559...
info|2019-12-12 12:00:40.280663|[g:1][CONSENSUS][PBFT]checkTimeout Succ,view=37978,toView=37979,nodeIdx=0,changeCycle=0,myNode=1306daf6...,timecost=0.314
info|2019-12-12 12:00:40.285207|[g:1][CONSENSUS][PBFT]checkAndChangeView: Reach consensus,org_view=37978,org_changeCycle=0,cur_changeCycle=0,to_view=37979
info|2019-12-12 12:00:41.303499|[g:1][CONSENSUS]addRawPrepare,height=69,reqIdx=3,hash=0e859bb6...
info|2019-12-12 12:00:41.345788|[g:1][CONSENSUS][PBFT]checkTimeout Succ,view=37979,toView=37980,nodeIdx=0,changeCycle=0,myNode=1306daf6...,timecost=21.161
info|2019-12-12 12:00:41.364168|[g:1][CONSENSUS][PBFT]checkAndChangeView: Reach consensus,org_view=37979,org_changeCycle=0,cur_changeCycle=0,to_view=37980
info|2019-12-12 12:00:42.371653|[g:1][CONSENSUS][SEALER]++++++++++++++++ Generating seal on,blkNum=69,tx=0,nodeIdx=0,hash=d788c9a3...
info|2019-12-12 12:00:42.393254|[g:1][CONSENSUS][PBFT]checkTimeout Succ,view=37980,toView=37981,nodeIdx=0,changeCycle=0,myNode=1306daf6...,timecost=0.986
info|2019-12-12 12:00:42.401958|[g:1][CONSENSUS][PBFT]checkAndChangeView: Reach consensus,org_view=37980,org_changeCycle=0,cur_changeCycle=0,to_view=37981
info|2019-12-12 12:00:43.418147|[g:1][CONSENSUS]addRawPrepare,height=69,reqIdx=1,hash=8516dde2...
info|2019-12-12 12:00:43.442421|[g:1][CONSENSUS][PBFT]checkTimeout Succ,view=37981,toView=37982,nodeIdx=0,changeCycle=0,myNode=1306daf6...,timecost=16.621
info|2019-12-12 12:00:43.449119|[g:1][CONSENSUS][PBFT]checkAndChangeView: Reach consensus,org_view=37981,org_changeCycle=0,cur_changeCycle=0,to_view=37982
info|2019-12-12 12:00:44.458832|[g:1][CONSENSUS]addRawPrepare,height=69,reqIdx=2,hash=2c041f96...
info|2019-12-12 12:00:44.472714|[g:1][CONSENSUS][PBFT]checkTimeout Succ,view=37982,toView=37983,nodeIdx=0,changeCycle=0,myNode=1306daf6...,timecost=11.14
info|2019-12-12 12:00:44.479110|[g:1][CONSENSUS][PBFT]checkAndChangeView: Reach consensus,org_view=37982,org_changeCycle=0,cur_changeCycle=0,to_view=37983
info|2019-12-12 12:00:45.483601|[g:1][CONSENSUS]addRawPrepare,height=69,reqIdx=3,hash=1be992cb...
info|2019-12-12 12:00:45.496774|[g:1][CONSENSUS][PBFT]checkTimeout Succ,view=37983,toView=37984,nodeIdx=0,changeCycle=0,myNode=1306daf6...,timecost=12.504
info|2019-12-12 12:00:45.522417|[g:1][CONSENSUS][PBFT]checkAndChangeView: Reach consensus,org_view=37983,org_changeCycle=0,cur_changeCycle=0,to_view=37984
info|2019-12-12 12:00:46.525362|[g:1][CONSENSUS][SEALER]++++++++++++++++ Generating seal on,blkNum=69,tx=0,nodeIdx=0,hash=6ae224bd...
info|2019-12-12 12:00:46.547205|[g:1][CONSENSUS][PBFT]checkTimeout Succ,view=37984,toView=37985,nodeIdx=0,changeCycle=0,myNode=1306daf6...,timecost=2.022
info|2019-12-12 12:00:46.563536|[g:1][CONSENSUS][PBFT]checkAndChangeView: Reach consensus,org_view=37984,org_changeCycle=0,cur_changeCycle=0,to_view=37985
info|2019-12-12 12:00:46.704770|[P2P][Service] heartBeat,connected count=4
info|2019-12-12 12:00:47.576387|[g:1][CONSENSUS]addRawPrepare,height=69,reqIdx=1,hash=a2759b12...
info|2019-12-12 12:00:47.584322|[g:1][CONSENSUS][PBFT]checkTimeout Succ,view=37985,toView=37986,nodeIdx=0,changeCycle=0,myNode=1306daf6...,timecost=9.363
info|2019-12-12 12:00:47.599234|[g:1][CONSENSUS][PBFT]checkAndChangeView: Reach consensus,org_view=37985,org_changeCycle=0,cur_changeCycle=0,to_view=37986
info|2019-12-12 12:00:48.606040|[g:1][CONSENSUS]addRawPrepare,height=69,reqIdx=2,hash=ccc378fa...
info|2019-12-12 12:00:48.611625|[g:1][CONSENSUS][PBFT]checkTimeout Succ,view=37986,toView=37987,nodeIdx=0,changeCycle=0,myNode=1306daf6...,timecost=5.496
info|2019-12-12 12:00:48.624527|[g:1][CONSENSUS][PBFT]checkAndChangeView: Reach consensus,org_view=37986,org_changeCycle=0,cur_changeCycle=0,to_view=37987
info|2019-12-12 12:00:49.631077|[g:1][CONSENSUS]addRawPrepare,height=69,reqIdx=3,hash=58fec18b...
info|2019-12-12 12:00:49.633735|[g:1][CONSENSUS][PBFT]checkTimeout Succ,view=37987,toView=37988,nodeIdx=0,changeCycle=0,myNode=1306daf6...,timecost=2.597
info|2019-12-12 12:00:49.637209|[g:1][CONSENSUS][PBFT]checkAndChangeView: Reach consensus,org_view=37987,org_changeCycle=0,cur_changeCycle=0,to_view=37988
info|2019-12-12 12:00:50.637523|[g:1][CONSENSUS][SEALER]++++++++++++++++ Generating seal on,blkNum=69,tx=0,nodeIdx=0,hash=a8e2a350...
info|2019-12-12 12:00:50.657292|[g:1][CONSENSUS][PBFT]checkTimeout Succ,view=37988,toView=37989,nodeIdx=0,changeCycle=0,myNode=1306daf6...,timecost=0.807
info|2019-12-12 12:00:50.661403|[g:1][CONSENSUS][PBFT]checkAndChangeView: Reach consensus,org_view=37988,org_changeCycle=0,cur_changeCycle=0,to_view=37989
info|2019-12-12 12:00:51.666913|[g:1][CONSENSUS]addRawPrepare,height=69,reqIdx=1,hash=8038f4e0...
info|2019-12-12 12:00:51.667296|[g:1][CONSENSUS][PBFT]checkTimeout Succ,view=37989,toView=37990,nodeIdx=0,changeCycle=0,myNode=1306daf6...,timecost=0.341
info|2019-12-12 12:00:51.713910|[g:1][CONSENSUS][PBFT]checkAndChangeView: Reach consensus,org_view=37989,org_changeCycle=0,cur_changeCycle=0,to_view=37990
info|2019-12-12 12:00:52.724613|[g:1][CONSENSUS]addRawPrepare,height=69,reqIdx=2,hash=00459e94...
info|2019-12-12 12:00:52.737515|[g:1][CONSENSUS][PBFT]checkTimeout Succ,view=37990,toView=37991,nodeIdx=0,changeCycle=0,myNode=1306daf6...,timecost=10.461
info|2019-12-12 12:00:52.755252|[g:1][CONSENSUS][PBFT]checkAndChangeView: Reach consensus,org_view=37990,org_changeCycle=0,cur_changeCycle=0,to_view=37991
info|2019-12-12 12:00:53.759324|[g:1][CONSENSUS]addRawPrepare,height=69,reqIdx=3,hash=f82d77ed...
info|2019-12-12 12:00:53.768136|[g:1][CONSENSUS][PBFT]checkTimeout Succ,view=37991,toView=37992,nodeIdx=0,changeCycle=0,myNode=1306daf6...,timecost=8.46
info|2019-12-12 12:00:53.796923|[g:1][CONSENSUS][PBFT]checkAndChangeView: Reach consensus,org_view=37991,org_changeCycle=0,cur_changeCycle=0,to_view=37992
info|2019-12-12 12:00:54.798386|[g:1][CONSENSUS][SEALER]++++++++++++++++ Generating seal on,blkNum=69,tx=0,nodeIdx=0,hash=b730b351...
info|2019-12-12 12:00:54.814970|[g:1][CONSENSUS][PBFT]checkTimeout Succ,view=37992,toView=37993,nodeIdx=0,changeCycle=0,myNode=1306daf6...,timecost=0.515
info|2019-12-12 12:00:54.818006|[g:1][CONSENSUS][PBFT]checkAndChangeView: Reach consensus,org_view=37992,org_changeCycle=0,cur_changeCycle=0,to_view=37993
info|2019-12-12 12:00:55.827077|[g:1][CONSENSUS]addRawPrepare,height=69,reqIdx=1,hash=8851aa93...
info|2019-12-12 12:00:55.830832|[g:1][CONSENSUS][PBFT]checkTimeout Succ,view=37993,toView=37994,nodeIdx=0,changeCycle=0,myNode=1306daf6...,timecost=3.669
info|2019-12-12 12:00:55.848019|[g:1][CONSENSUS][PBFT]checkAndChangeView: Reach consensus,org_view=37993,org_changeCycle=0,cur_changeCycle=0,to_view=37994
info|2019-12-12 12:00:56.705149|[P2P][Service] heartBeat,connected count=4
info|2019-12-12 12:00:56.865139|[g:1][CONSENSUS]addRawPrepare,height=69,reqIdx=2,hash=22c902dc...
info|2019-12-12 12:00:56.889064|[g:1][CONSENSUS][PBFT]checkTimeout Succ,view=37994,toView=37995,nodeIdx=0,changeCycle=0,myNode=1306daf6...,timecost=22.158
info|2019-12-12 12:00:56.903292|[g:1][CONSENSUS][PBFT]checkAndChangeView: Reach consensus,org_view=37994,org_changeCycle=0,cur_changeCycle=0,to_view=37995
info|2019-12-12 12:00:57.922043|[g:1][CONSENSUS]addRawPrepare,height=69,reqIdx=3,hash=2bb19c78...
info|2019-12-12 12:00:57.933728|[g:1][CONSENSUS][PBFT]checkTimeout Succ,view=37995,toView=37996,nodeIdx=0,changeCycle=0,myNode=1306daf6...,timecost=11.51
info|2019-12-12 12:00:57.960313|[g:1][CONSENSUS][PBFT]checkAndChangeView: Reach consensus,org_view=37995,org_changeCycle=0,cur_changeCycle=0,to_view=37996
info|2019-12-12 12:00:58.963785|[g:1][CONSENSUS][SEALER]++++++++++++++++ Generating seal on,blkNum=69,tx=0,nodeIdx=0,hash=7d180834...
info|2019-12-12 12:00:58.984954|[g:1][CONSENSUS][PBFT]checkTimeout Succ,view=37996,toView=37997,nodeIdx=0,changeCycle=0,myNode=1306daf6...,timecost=0.852
info|2019-12-12 12:00:58.989575|[g:1][CONSENSUS][PBFT]checkAndChangeView: Reach consensus,org_view=37996,org_changeCycle=0,cur_changeCycle=0,to_view=37997
info|2019-12-12 12:01:00.015010|[g:1][CONSENSUS]addRawPrepare,height=69,reqIdx=1,hash=017c31bb...
info|2019-12-12 12:01:00.031927|[g:1][CONSENSUS][PBFT]checkTimeout Succ,view=37997,toView=37998,nodeIdx=0,changeCycle=0,myNode=1306daf6...,timecost=16.848
info|2019-12-12 12:01:00.042140|[g:1][CONSENSUS][PBFT]checkAndChangeView: Reach consensus,org_view=37997,org_changeCycle=0,cur_changeCycle=0,to_view=37998
info|2019-12-12 12:01:01.054973|[g:1][CONSENSUS]addRawPrepare,height=69,reqIdx=2,hash=83a5b9cd...
info|2019-12-12 12:01:01.058361|[g:1][CONSENSUS][PBFT]checkTimeout Succ,view=37998,toView=37999,nodeIdx=0,changeCycle=0,myNode=1306daf6...,timecost=3.303
info|2019-12-12 12:01:01.061273|[g:1][CONSENSUS][PBFT]checkAndChangeView: Reach consensus,org_view=37998,org_changeCycle=0,cur_changeCycle=0,to_view=37999
info|2019-12-12 12:01:02.074307|[g:1][CONSENSUS]addRawPrepare,height=69,reqIdx=3,hash=a82c75b9...
info|2019-12-12 12:01:02.074875|[g:1][CONSENSUS][PBFT]checkTimeout Succ,view=37999,toView=38000,nodeIdx=0,changeCycle=0,myNode=1306daf6...,timecost=0.519
info|2019-12-12 12:01:02.079783|[g:1][CONSENSUS][PBFT]checkAndChangeView: Reach consensus,org_view=37999,org_changeCycle=0,cur_changeCycle=0,to_view=38000
info|2019-12-12 12:01:03.086076|[g:1][CONSENSUS][SEALER]++++++++++++++++ Generating seal on,blkNum=69,tx=0,nodeIdx=0,hash=84af4cba...
info|2019-12-12 12:01:03.105589|[g:1][CONSENSUS][PBFT]checkTimeout Succ,view=38000,toView=38001,nodeIdx=0,changeCycle=0,myNode=1306daf6...,timecost=0.728
info|2019-12-12 12:01:03.107496|[g:1][CONSENSUS][PBFT]checkAndChangeView: Reach consensus,org_view=38000,org_changeCycle=0,cur_changeCycle=0,to_view=38001
info|2019-12-12 12:01:04.124695|[g:1][CONSENSUS]addRawPrepare,height=69,reqIdx=1,hash=b1f73621...
info|2019-12-12 12:01:04.133238|[g:1][CONSENSUS][PBFT]checkTimeout Succ,view=38001,toView=38002,nodeIdx=0,changeCycle=0,myNode=1306daf6...,timecost=8.247
info|2019-12-12 12:01:04.148740|[g:1][CONSENSUS][PBFT]checkAndChangeView: Reach consensus,org_view=38001,org_changeCycle=0,cur_changeCycle=0,to_view=38002
info|2019-12-12 12:01:05.173193|[g:1][CONSENSUS]addRawPrepare,height=69,reqIdx=2,hash=170037b2...
info|2019-12-12 12:01:05.181244|[g:1][CONSENSUS][PBFT]checkTimeout Succ,view=38002,toView=38003,nodeIdx=0,changeCycle=0,myNode=1306daf6...,timecost=7.73
info|2019-12-12 12:01:05.197075|[g:1][CONSENSUS][PBFT]checkAndChangeView: Reach consensus,org_view=38002,org_changeCycle=0,cur_changeCycle=0,to_view=38003
info|2019-12-12 12:01:06.215318|[g:1][CONSENSUS]addRawPrepare,height=69,reqIdx=3,hash=528db26e...
info|2019-12-12 12:01:06.233599|[g:1][CONSENSUS][PBFT]checkTimeout Succ,view=38003,toView=38004,nodeIdx=0,changeCycle=0,myNode=1306daf6...,timecost=18.047
info|2019-12-12 12:01:06.267650|[g:1][CONSENSUS][PBFT]checkAndChangeView: Reach consensus,org_view=38003,org_changeCycle=0,cur_changeCycle=0,to_view=38004
info|2019-12-12 12:01:06.705621|[P2P][Service] heartBeat,connected count=4
info|2019-12-12 12:01:07.268690|[g:1][CONSENSUS][SEALER]++++++++++++++++ Generating seal on,blkNum=69,tx=0,nodeIdx=0,hash=e5d1bc96...
info|2019-12-12 12:01:07.291234|[g:1][CONSENSUS][PBFT]checkTimeout Succ,view=38004,toView=38005,nodeIdx=0,changeCycle=0,myNode=1306daf6...,timecost=1.065
info|2019-12-12 12:01:07.306412|[g:1][CONSENSUS][PBFT]checkAndChangeView: Reach consensus,org_view=38004,org_changeCycle=0,cur_changeCycle=0,to_view=38005
info|2019-12-12 12:01:08.328352|[g:1][CONSENSUS]addRawPrepare,height=69,reqIdx=1,hash=8ab649f6...
info|2019-12-12 12:01:08.344175|[g:1][CONSENSUS][PBFT]checkTimeout Succ,view=38005,toView=38006,nodeIdx=0,changeCycle=0,myNode=1306daf6...,timecost=15.359
info|2019-12-12 12:01:08.373642|[g:1][CONSENSUS][PBFT]checkAndChangeView: Reach consensus,org_view=38005,org_changeCycle=0,cur_changeCycle=0,to_view=38006
info|2019-12-12 12:01:09.380857|[g:1][CONSENSUS]addRawPrepare,height=69,reqIdx=2,hash=e1443e16...
info|2019-12-12 12:01:09.382445|[g:1][CONSENSUS][PBFT]checkTimeout Succ,view=38006,toView=38007,nodeIdx=0,changeCycle=0,myNode=1306daf6...,timecost=1.481
info|2019-12-12 12:01:09.386017|[g:1][CONSENSUS][PBFT]checkAndChangeView: Reach consensus,org_view=38006,org_changeCycle=0,cur_changeCycle=0,to_view=38007
info|2019-12-12 12:01:10.391945|[g:1][CONSENSUS]addRawPrepare,height=69,reqIdx=3,hash=00a25bd3...
info|2019-12-12 12:01:10.392375|[g:1][CONSENSUS][PBFT]checkTimeout Succ,view=38007,toView=38008,nodeIdx=0,changeCycle=0,myNode=1306daf6...,timecost=0.401
info|2019-12-12 12:01:10.396789|[g:1][CONSENSUS][PBFT]checkAndChangeView: Reach consensus,org_view=38007,org_changeCycle=0,cur_changeCycle=0,to_view=38008
info|2019-12-12 12:01:11.400276|[g:1][CONSENSUS][SEALER]++++++++++++++++ Generating seal on,blkNum=69,tx=0,nodeIdx=0,hash=c922655f...
info|2019-12-12 12:01:11.427354|[g:1][CONSENSUS][PBFT]checkTimeout Succ,view=38008,toView=38009,nodeIdx=0,changeCycle=0,myNode=1306daf6...,timecost=1.704
info|2019-12-12 12:01:11.441072|[g:1][CONSENSUS][PBFT]checkAndChangeView: Reach consensus,org_view=38008,org_changeCycle=0,cur_changeCycle=0,to_view=38009
info|2019-12-12 12:01:12.471672|[g:1][CONSENSUS]addRawPrepare,height=69,reqIdx=1,hash=bad5a271...
info|2019-12-12 12:01:12.495435|[g:1][CONSENSUS][PBFT]checkTimeout Succ,view=38009,toView=38010,nodeIdx=0,changeCycle=0,myNode=1306daf6...,timecost=9.986
info|2019-12-12 12:01:12.511590|[g:1][CONSENSUS][PBFT]checkAndChangeView: Reach consensus,org_view=38009,org_changeCycle=0,cur_changeCycle=0,to_view=38010
info|2019-12-12 12:01:13.536556|[g:1][CONSENSUS]addRawPrepare,height=69,reqIdx=2,hash=2b39059a...
info|2019-12-12 12:01:13.590616|[g:1][CONSENSUS][PBFT]checkTimeout Succ,view=38010,toView=38011,nodeIdx=0,changeCycle=0,myNode=1306daf6...,timecost=25.639
info|2019-12-12 12:01:13.601701|[g:1][CONSENSUS][PBFT]checkAndChangeView: Reach consensus,org_view=38010,org_changeCycle=0,cur_changeCycle=0,to_view=38011
info|2019-12-12 12:01:14.610937|[g:1][CONSENSUS]addRawPrepare,height=69,reqIdx=3,hash=78ebc3f7...
info|2019-12-12 12:01:14.619892|[g:1][CONSENSUS][PBFT]checkTimeout Succ,view=38011,toView=38012,nodeIdx=0,changeCycle=0,myNode=1306daf6...,timecost=8.8
info|2019-12-12 12:01:14.641351|[g:1][CONSENSUS][PBFT]checkAndChangeView: Reach consensus,org_view=38011,org_changeCycle=0,cur_changeCycle=0,to_view=38012
info|2019-12-12 12:01:15.645726|[g:1][CONSENSUS][SEALER]++++++++++++++++ Generating seal on,blkNum=69,tx=0,nodeIdx=0,hash=0c239904...
info|2019-12-12 12:01:15.671736|[g:1][CONSENSUS][PBFT]checkTimeout Succ,view=38012,toView=38013,nodeIdx=0,changeCycle=0,myNode=1306daf6...,timecost=1.048
info|2019-12-12 12:01:15.675821|[g:1][CONSENSUS][PBFT]checkAndChangeView: Reach consensus,org_view=38012,org_changeCycle=0,cur_changeCycle=0,to_view=38013
info|2019-12-12 12:01:16.693304|[g:1][CONSENSUS]addRawPrepare,height=69,reqIdx=1,hash=d2d481f9...
info|2019-12-12 12:01:16.694814|[g:1][CONSENSUS][PBFT]checkTimeout Succ,view=38013,toView=38014,nodeIdx=0,changeCycle=0,myNode=1306daf6...,timecost=1.504
info|2019-12-12 12:01:16.706405|[P2P][Service] heartBeat,connected count=4
info|2019-12-12 12:01:16.714623|[g:1][CONSENSUS][PBFT]checkAndChangeView: Reach consensus,org_view=38013,org_changeCycle=0,cur_changeCycle=0,to_view=38014
info|2019-12-12 12:01:17.721535|[g:1][CONSENSUS]addRawPrepare,height=69,reqIdx=2,hash=af271484...
info|2019-12-12 12:01:17.738046|[g:1][CONSENSUS][PBFT]checkTimeout Succ,view=38014,toView=38015,nodeIdx=0,changeCycle=0,myNode=1306daf6...,timecost=16.023
info|2019-12-12 12:01:17.766036|[g:1][CONSENSUS][PBFT]checkAndChangeView: Reach consensus,org_view=38014,org_changeCycle=0,cur_changeCycle=0,to_view=38015
info|2019-12-12 12:01:18.780878|[g:1][CONSENSUS]addRawPrepare,height=69,reqIdx=3,hash=c268611a...
info|2019-12-12 12:01:18.810052|[g:1][CONSENSUS][PBFT]checkTimeout Succ,view=38015,toView=38016,nodeIdx=0,changeCycle=0,myNode=1306daf6...,timecost=30.992
info|2019-12-12 12:01:18.833652|[g:1][CONSENSUS][PBFT]checkAndChangeView: Reach consensus,org_view=38015,org_changeCycle=0,cur_changeCycle=0,to_view=38016
info|2019-12-12 12:01:19.836670|[g:1][CONSENSUS][SEALER]++++++++++++++++ Generating seal on,blkNum=69,tx=0,nodeIdx=0,hash=4a1cd3b3...
info|2019-12-12 12:01:19.857161|[g:1][CONSENSUS][PBFT]checkTimeout Succ,view=38016,toView=38017,nodeIdx=0,changeCycle=0,myNode=1306daf6...,timecost=0.839
info|2019-12-12 12:01:19.869109|[g:1][CONSENSUS][PBFT]checkAndChangeView: Reach consensus,org_view=38016,org_changeCycle=0,cur_changeCycle=0,to_view=38017
info|2019-12-12 12:01:20.889515|[g:1][CONSENSUS]addRawPrepare,height=69,reqIdx=1,hash=d0bc73cb...
info|2019-12-12 12:01:20.900996|[g:1][CONSENSUS][PBFT]checkTimeout Succ,view=38017,toView=38018,nodeIdx=0,changeCycle=0,myNode=1306daf6...,timecost=10.256
info|2019-12-12 12:01:20.935529|[g:1][CONSENSUS][PBFT]checkAndChangeView: Reach consensus,org_view=38017,org_changeCycle=0,cur_changeCycle=0,to_view=38018
info|2019-12-12 12:01:21.934989|[g:1][CONSENSUS]addRawPrepare,height=69,reqIdx=2,hash=72304ad3...
info|2019-12-12 12:01:21.942319|[g:1][CONSENSUS][PBFT]checkTimeout Succ,view=38018,toView=38019,nodeIdx=0,changeCycle=0,myNode=1306daf6...,timecost=7.049
info|2019-12-12 12:01:21.946935|[g:1][CONSENSUS][PBFT]checkAndChangeView: Reach consensus,org_view=38018,org_changeCycle=0,cur_changeCycle=0,to_view=38019
info|2019-12-12 12:01:22.951563|[g:1][CONSENSUS]addRawPrepare,height=69,reqIdx=3,hash=2d96d295...
info|2019-12-12 12:01:22.957798|[g:1][CONSENSUS][PBFT]checkTimeout Succ,view=38019,toView=38020,nodeIdx=0,changeCycle=0,myNode=1306daf6...,timecost=6.201
info|2019-12-12 12:01:22.966187|[g:1][CONSENSUS][PBFT]checkAndChangeView: Reach consensus,org_view=38019,org_changeCycle=0,cur_changeCycle=0,to_view=38020
info|2019-12-12 12:01:24.001958|[g:1][CONSENSUS][SEALER]++++++++++++++++ Generating seal on,blkNum=69,tx=0,nodeIdx=0,hash=e1b73579...
info|2019-12-12 12:01:24.026545|[g:1][CONSENSUS][PBFT]checkTimeout Succ,view=38020,toView=38021,nodeIdx=0,changeCycle=0,myNode=1306daf6...,timecost=1.451
info|2019-12-12 12:01:24.033737|[g:1][CONSENSUS][PBFT]checkAndChangeView: Reach consensus,org_view=38020,org_changeCycle=0,cur_changeCycle=0,to_view=38021
info|2019-12-12 12:01:25.087490|[g:1][CONSENSUS]addRawPrepare,height=69,reqIdx=1,hash=140bb601...
info|2019-12-12 12:01:25.098566|[g:1][CONSENSUS][PBFT]checkTimeout Succ,view=38021,toView=38022,nodeIdx=0,changeCycle=0,myNode=1306daf6...,timecost=6.953
info|2019-12-12 12:01:25.112265|[g:1][CONSENSUS][PBFT]checkAndChangeView: Reach consensus,org_view=38021,org_changeCycle=0,cur_changeCycle=0,to_view=38022
info|2019-12-12 12:01:26.122583|[g:1][CONSENSUS]addRawPrepare,height=69,reqIdx=2,hash=14b9294a...
info|2019-12-12 12:01:26.143019|[g:1][CONSENSUS][PBFT]checkTimeout Succ,view=38022,toView=38023,nodeIdx=0,changeCycle=0,myNode=1306daf6...,timecost=19.884
info|2019-12-12 12:01:26.182178|[g:1][CONSENSUS][PBFT]checkAndChangeView: Reach consensus,org_view=38022,org_changeCycle=0,cur_changeCycle=0,to_view=38023
info|2019-12-12 12:01:26.707065|[P2P][Service] heartBeat,connected count=4
info|2019-12-12 12:01:27.186190|[g:1][CONSENSUS]addRawPrepare,height=69,reqIdx=3,hash=71cdfbd7...
info|2019-12-12 12:01:27.186676|[g:1][CONSENSUS][PBFT]checkTimeout Succ,view=38023,toView=38024,nodeIdx=0,changeCycle=0,myNode=1306daf6...,timecost=0.432
info|2019-12-12 12:01:27.193110|[g:1][CONSENSUS][PBFT]checkAndChangeView: Reach consensus,org_view=38023,org_changeCycle=0,cur_changeCycle=0,to_view=38024
info|2019-12-12 12:01:28.196789|[g:1][CONSENSUS][SEALER]++++++++++++++++ Generating seal on,blkNum=69,tx=0,nodeIdx=0,hash=210f5f19...
info|2019-12-12 12:01:28.216817|[g:1][CONSENSUS][PBFT]checkTimeout Succ,view=38024,toView=38025,nodeIdx=0,changeCycle=0,myNode=1306daf6...,timecost=1.022
info|2019-12-12 12:01:28.231368|[g:1][CONSENSUS][PBFT]checkAndChangeView: Reach consensus,org_view=38024,org_changeCycle=0,cur_changeCycle=0,to_view=38025
info|2019-12-12 12:01:29.255959|[g:1][CONSENSUS]addRawPrepare,height=69,reqIdx=1,hash=a2fd4020...
info|2019-12-12 12:01:29.275677|[g:1][CONSENSUS][PBFT]checkTimeout Succ,view=38025,toView=38026,nodeIdx=0,changeCycle=0,myNode=1306daf6...,timecost=19.183
info|2019-12-12 12:01:29.296674|[g:1][CONSENSUS][PBFT]checkAndChangeView: Reach consensus,org_view=38025,org_changeCycle=0,cur_changeCycle=0,to_view=38026
info|2019-12-12 12:01:30.309514|[g:1][CONSENSUS]addRawPrepare,height=69,reqIdx=2,hash=51641aea...
info|2019-12-12 12:01:30.312113|[g:1][CONSENSUS][PBFT]checkTimeout Succ,view=38026,toView=38027,nodeIdx=0,changeCycle=0,myNode=1306daf6...,timecost=1.496
info|2019-12-12 12:01:30.313924|[g:1][CONSENSUS][PBFT]checkAndChangeView: Reach consensus,org_view=38026,org_changeCycle=0,cur_changeCycle=0,to_view=38027
info|2019-12-12 12:01:31.328997|[g:1][CONSENSUS]addRawPrepare,height=69,reqIdx=3,hash=962af993...
info|2019-12-12 12:01:31.331765|[g:1][CONSENSUS][PBFT]checkTimeout Succ,view=38027,toView=38028,nodeIdx=0,changeCycle=0,myNode=1306daf6...,timecost=2.711
info|2019-12-12 12:01:31.340360|[g:1][CONSENSUS][PBFT]checkAndChangeView: Reach consensus,org_view=38027,org_changeCycle=0,cur_changeCycle=0,to_view=38028
info|2019-12-12 12:01:32.341594|[g:1][CONSENSUS][SEALER]++++++++++++++++ Generating seal on,blkNum=69,tx=0,nodeIdx=0,hash=5b917d24...
info|2019-12-12 12:01:32.363789|[g:1][CONSENSUS][PBFT]checkTimeout Succ,view=38028,toView=38029,nodeIdx=0,changeCycle=0,myNode=1306daf6...,timecost=1.081
info|2019-12-12 12:01:32.387842|[g:1][CONSENSUS][PBFT]checkAndChangeView: Reach consensus,org_view=38028,org_changeCycle=0,cur_changeCycle=0,to_view=38029
info|2019-12-12 12:01:33.416521|[g:1][CONSENSUS]addRawPrepare,height=69,reqIdx=1,hash=e7e7a16a...
info|2019-12-12 12:01:33.422266|[g:1][CONSENSUS][PBFT]checkTimeout Succ,view=38029,toView=38030,nodeIdx=0,changeCycle=0,myNode=1306daf6...,timecost=5.27
info|2019-12-12 12:01:33.423489|[g:1][CONSENSUS][PBFT]checkAndChangeView: Reach consensus,org_view=38029,org_changeCycle=0,cur_changeCycle=0,to_view=38030
info|2019-12-12 12:01:34.429685|[g:1][CONSENSUS]addRawPrepare,height=69,reqIdx=2,hash=bc008288...
info|2019-12-12 12:01:34.435666|[g:1][CONSENSUS][PBFT]checkTimeout Succ,view=38030,toView=38031,nodeIdx=0,changeCycle=0,myNode=1306daf6...,timecost=5.71
info|2019-12-12 12:01:34.453929|[g:1][CONSENSUS][PBFT]checkAndChangeView: Reach consensus,org_view=38030,org_changeCycle=0,cur_changeCycle=0,to_view=38031
info|2019-12-12 12:01:35.476938|[g:1][CONSENSUS]addRawPrepare,height=69,reqIdx=3,hash=1004796d...
info|2019-12-12 12:01:35.484199|[g:1][CONSENSUS][PBFT]checkTimeout Succ,view=38031,toView=38032,nodeIdx=0,changeCycle=0,myNode=1306daf6...,timecost=7.082
info|2019-12-12 12:01:35.500998|[g:1][CONSENSUS][PBFT]checkAndChangeView: Reach consensus,org_view=38031,org_changeCycle=0,cur_changeCycle=0,to_view=38032
info|2019-12-12 12:01:36.504389|[g:1][CONSENSUS][SEALER]++++++++++++++++ Generating seal on,blkNum=69,tx=0,nodeIdx=0,hash=ad037e2c...
info|2019-12-12 12:01:36.514585|[g:1][CONSENSUS][PBFT]checkTimeout Succ,view=38032,toView=38033,nodeIdx=0,changeCycle=0,myNode=1306daf6...,timecost=0.354
info|2019-12-12 12:01:36.516108|[g:1][CONSENSUS][PBFT]checkAndChangeView: Reach consensus,org_view=38032,org_changeCycle=0,cur_changeCycle=0,to_view=38033
info|2019-12-12 12:01:36.707371|[P2P][Service] heartBeat,connected count=4
info|2019-12-12 12:01:37.533576|[g:1][CONSENSUS]addRawPrepare,height=69,reqIdx=1,hash=a01d406b...
info|2019-12-12 12:01:37.539717|[g:1][CONSENSUS][PBFT]checkTimeout Succ,view=38033,toView=38034,nodeIdx=0,changeCycle=0,myNode=1306daf6...,timecost=2.317
info|2019-12-12 12:01:37.549904|[g:1][CONSENSUS][PBFT]checkAndChangeView: Reach consensus,org_view=38033,org_changeCycle=0,cur_changeCycle=0,to_view=38034
info|2019-12-12 12:01:38.565984|[g:1][CONSENSUS]addRawPrepare,height=69,reqIdx=2,hash=6d5485c7...
info|2019-12-12 12:01:38.570667|[g:1][CONSENSUS][PBFT]checkTimeout Succ,view=38034,toView=38035,nodeIdx=0,changeCycle=0,myNode=1306daf6...,timecost=4.619
info|2019-12-12 12:01:38.583942|[g:1][CONSENSUS][PBFT]checkAndChangeView: Reach consensus,org_view=38034,org_changeCycle=0,cur_changeCycle=0,to_view=38035
info|2019-12-12 12:01:39.591103|[g:1][CONSENSUS]addRawPrepare,height=69,reqIdx=3,hash=7a981e70...
info|2019-12-12 12:01:39.609216|[g:1][CONSENSUS][PBFT]checkTimeout Succ,view=38035,toView=38036,nodeIdx=0,changeCycle=0,myNode=1306daf6...,timecost=12.404
info|2019-12-12 12:01:39.620827|[g:1][CONSENSUS][PBFT]checkAndChangeView: Reach consensus,org_view=38035,org_changeCycle=0,cur_changeCycle=0,to_view=38036
info|2019-12-12 12:01:40.621687|[g:1][CONSENSUS][SEALER]++++++++++++++++ Generating seal on,blkNum=69,tx=0,nodeIdx=0,hash=1ad8bd12...
info|2019-12-12 12:01:40.648820|[g:1][CONSENSUS][PBFT]checkTimeout Succ,view=38036,toView=38037,nodeIdx=0,changeCycle=0,myNode=1306daf6...,timecost=5.927
info|2019-12-12 12:01:40.664400|[g:1][CONSENSUS][PBFT]checkAndChangeView: Reach consensus,org_view=38036,org_changeCycle=0,cur_changeCycle=0,to_view=38037
info|2019-12-12 12:01:41.673873|[g:1][CONSENSUS]addRawPrepare,height=69,reqIdx=1,hash=d0473e3b...
info|2019-12-12 12:01:41.685646|[g:1][CONSENSUS][PBFT]checkTimeout Succ,view=38037,toView=38038,nodeIdx=0,changeCycle=0,myNode=1306daf6...,timecost=11.614
info|2019-12-12 12:01:41.735185|[g:1][CONSENSUS][PBFT]checkAndChangeView: Reach consensus,org_view=38037,org_changeCycle=0,cur_changeCycle=0,to_view=38038
info|2019-12-12 12:01:42.739786|[g:1][CONSENSUS]addRawPrepare,height=69,reqIdx=2,hash=9d553a0b...
info|2019-12-12 12:01:42.743246|[g:1][CONSENSUS][PBFT]checkTimeout Succ,view=38038,toView=38039,nodeIdx=0,changeCycle=0,myNode=1306daf6...,timecost=1.56
info|2019-12-12 12:01:42.743929|[g:1][CONSENSUS][PBFT]checkAndChangeView: Reach consensus,org_view=38038,org_changeCycle=0,cur_changeCycle=0,to_view=38039
info|2019-12-12 12:01:43.750629|[g:1][CONSENSUS]addRawPrepare,height=69,reqIdx=3,hash=9869aec1...
info|2019-12-12 12:01:43.752101|[g:1][CONSENSUS][PBFT]checkTimeout Succ,view=38039,toView=38040,nodeIdx=0,changeCycle=0,myNode=1306daf6...,timecost=1.419
info|2019-12-12 12:01:43.758099|[g:1][CONSENSUS][PBFT]checkAndChangeView: Reach consensus,org_view=38039,org_changeCycle=0,cur_changeCycle=0,to_view=38040
info|2019-12-12 12:01:44.761448|[g:1][CONSENSUS][SEALER]++++++++++++++++ Generating seal on,blkNum=69,tx=0,nodeIdx=0,hash=e47e79c9...
info|2019-12-12 12:01:44.781021|[g:1][CONSENSUS][PBFT]checkTimeout Succ,view=38040,toView=38041,nodeIdx=0,changeCycle=0,myNode=1306daf6...,timecost=0.881
info|2019-12-12 12:01:44.791007|[g:1][CONSENSUS][PBFT]checkAndChangeView: Reach consensus,org_view=38040,org_changeCycle=0,cur_changeCycle=0,to_view=38041
info|2019-12-12 12:01:45.793567|[g:1][CONSENSUS]addRawPrepare,height=69,reqIdx=1,hash=c0685fd3...
info|2019-12-12 12:01:45.801403|[g:1][CONSENSUS][PBFT]checkTimeout Succ,view=38041,toView=38042,nodeIdx=0,changeCycle=0,myNode=1306daf6...,timecost=7.038
info|2019-12-12 12:01:45.835605|[g:1][CONSENSUS][PBFT]checkAndChangeView: Reach consensus,org_view=38041,org_changeCycle=0,cur_changeCycle=0,to_view=38042
info|2019-12-12 12:01:46.707764|[P2P][Service] heartBeat,connected count=4
info|2019-12-12 12:01:46.847268|[g:1][CONSENSUS]addRawPrepare,height=69,reqIdx=2,hash=107de465...
info|2019-12-12 12:01:46.855303|[g:1][CONSENSUS][PBFT]checkTimeout Succ,view=38042,toView=38043,nodeIdx=0,changeCycle=0,myNode=1306daf6...,timecost=7.875
info|2019-12-12 12:01:46.876403|[g:1][CONSENSUS][PBFT]checkAndChangeView: Reach consensus,org_view=38042,org_changeCycle=0,cur_changeCycle=0,to_view=38043
info|2019-12-12 12:01:47.901903|[g:1][CONSENSUS]addRawPrepare,height=69,reqIdx=3,hash=c746b385...
info|2019-12-12 12:01:47.914966|[g:1][CONSENSUS][PBFT]checkTimeout Succ,view=38043,toView=38044,nodeIdx=0,changeCycle=0,myNode=1306daf6...,timecost=12.66
info|2019-12-12 12:01:47.930144|[g:1][CONSENSUS][PBFT]checkAndChangeView: Reach consensus,org_view=38043,org_changeCycle=0,cur_changeCycle=0,to_view=38044
info|2019-12-12 12:01:48.935244|[g:1][CONSENSUS][SEALER]++++++++++++++++ Generating seal on,blkNum=69,tx=0,nodeIdx=0,hash=0ffc3cc9...
info|2019-12-12 12:01:48.959590|[g:1][CONSENSUS][PBFT]checkTimeout Succ,view=38044,toView=38045,nodeIdx=0,changeCycle=0,myNode=1306daf6...,timecost=1.696
info|2019-12-12 12:01:48.985322|[g:1][CONSENSUS][PBFT]checkAndChangeView: Reach consensus,org_view=38044,org_changeCycle=0,cur_changeCycle=0,to_view=38045
info|2019-12-12 12:01:50.007922|[g:1][CONSENSUS]addRawPrepare,height=69,reqIdx=1,hash=b57ff0d5...
info|2019-12-12 12:01:50.011073|[g:1][CONSENSUS][PBFT]checkTimeout Succ,view=38045,toView=38046,nodeIdx=0,changeCycle=0,myNode=1306daf6...,timecost=3.089
info|2019-12-12 12:01:50.017178|[g:1][CONSENSUS][PBFT]checkAndChangeView: Reach consensus,org_view=38045,org_changeCycle=0,cur_changeCycle=0,to_view=38046
info|2019-12-12 12:01:51.031838|[g:1][CONSENSUS]addRawPrepare,height=69,reqIdx=2,hash=c29aa5da...
info|2019-12-12 12:01:51.032651|[g:1][CONSENSUS][PBFT]checkTimeout Succ,view=38046,toView=38047,nodeIdx=0,changeCycle=0,myNode=1306daf6...,timecost=0.767
info|2019-12-12 12:01:51.043800|[g:1][CONSENSUS][PBFT]checkAndChangeView: Reach consensus,org_view=38046,org_changeCycle=0,cur_changeCycle=0,to_view=38047
info|2019-12-12 12:01:52.067737|[g:1][CONSENSUS]addRawPrepare,height=69,reqIdx=3,hash=bea5e466...
info|2019-12-12 12:01:52.077978|[g:1][CONSENSUS][PBFT]checkTimeout Succ,view=38047,toView=38048,nodeIdx=0,changeCycle=0,myNode=1306daf6...,timecost=7.378
info|2019-12-12 12:01:52.110980|[g:1][CONSENSUS][PBFT]checkAndChangeView: Reach consensus,org_view=38047,org_changeCycle=0,cur_changeCycle=0,to_view=38048
info|2019-12-12 12:01:53.113392|[g:1][CONSENSUS][SEALER]++++++++++++++++ Generating seal on,blkNum=69,tx=0,nodeIdx=0,hash=36b4f010...
info|2019-12-12 12:01:53.134488|[g:1][CONSENSUS][PBFT]checkTimeout Succ,view=38048,toView=38049,nodeIdx=0,changeCycle=0,myNode=1306daf6...,timecost=1.397
info|2019-12-12 12:01:53.143185|[g:1][CONSENSUS][PBFT]checkAndChangeView: Reach consensus,org_view=38048,org_changeCycle=0,cur_changeCycle=0,to_view=38049
info|2019-12-12 12:01:54.149402|[g:1][CONSENSUS]addRawPrepare,height=69,reqIdx=1,hash=932e9d30...
info|2019-12-12 12:01:54.149901|[g:1][CONSENSUS][PBFT]checkTimeout Succ,view=38049,toView=38050,nodeIdx=0,changeCycle=0,myNode=1306daf6...,timecost=0.452
info|2019-12-12 12:01:54.159545|[g:1][CONSENSUS][PBFT]checkAndChangeView: Reach consensus,org_view=38049,org_changeCycle=0,cur_changeCycle=0,to_view=38050
info|2019-12-12 12:01:55.174465|[g:1][CONSENSUS]addRawPrepare,height=69,reqIdx=2,hash=53d747a6...
info|2019-12-12 12:01:55.183161|[g:1][CONSENSUS][PBFT]checkTimeout Succ,view=38050,toView=38051,nodeIdx=0,changeCycle=0,myNode=1306daf6...,timecost=8.424
info|2019-12-12 12:01:55.198234|[g:1][CONSENSUS][PBFT]checkAndChangeView: Reach consensus,org_view=38050,org_changeCycle=0,cur_changeCycle=0,to_view=38051
info|2019-12-12 12:01:56.210920|[g:1][CONSENSUS]addRawPrepare,height=69,reqIdx=3,hash=8ee7f79b...
info|2019-12-12 12:01:56.214500|[g:1][CONSENSUS][PBFT]checkTimeout Succ,view=38051,toView=38052,nodeIdx=0,changeCycle=0,myNode=1306daf6...,timecost=2.95
info|2019-12-12 12:01:56.228571|[g:1][CONSENSUS][PBFT]checkAndChangeView: Reach consensus,org_view=38051,org_changeCycle=0,cur_changeCycle=0,to_view=38052
info|2019-12-12 12:01:56.708077|[P2P][Service] heartBeat,connected count=4
info|2019-12-12 12:01:57.229807|[g:1][CONSENSUS][SEALER]++++++++++++++++ Generating seal on,blkNum=69,tx=0,nodeIdx=0,hash=609e6bb6...
info|2019-12-12 12:01:57.250806|[g:1][CONSENSUS][PBFT]checkTimeout Succ,view=38052,toView=38053,nodeIdx=0,changeCycle=0,myNode=1306daf6...,timecost=1.265
info|2019-12-12 12:01:57.277162|[g:1][CONSENSUS][PBFT]checkAndChangeView: Reach consensus,org_view=38052,org_changeCycle=0,cur_changeCycle=0,to_view=38053
info|2019-12-12 12:01:58.290751|[g:1][CONSENSUS]addRawPrepare,height=69,reqIdx=1,hash=e72dae7e...
info|2019-12-12 12:01:58.298285|[g:1][CONSENSUS][PBFT]checkTimeout Succ,view=38053,toView=38054,nodeIdx=0,changeCycle=0,myNode=1306daf6...,timecost=3.189
info|2019-12-12 12:01:58.307340|[g:1][CONSENSUS][PBFT]checkAndChangeView: Reach consensus,org_view=38053,org_changeCycle=0,cur_changeCycle=0,to_view=38054
info|2019-12-12 12:01:59.321898|[g:1][CONSENSUS]addRawPrepare,height=69,reqIdx=2,hash=aacca819...
info|2019-12-12 12:01:59.341827|[g:1][CONSENSUS][PBFT]checkTimeout Succ,view=38054,toView=38055,nodeIdx=0,changeCycle=0,myNode=1306daf6...,timecost=19.693
info|2019-12-12 12:01:59.373344|[g:1][CONSENSUS][PBFT]checkAndChangeView: Reach consensus,org_view=38054,org_changeCycle=0,cur_changeCycle=0,to_view=38055
info|2019-12-12 12:02:00.387231|[g:1][CONSENSUS]addRawPrepare,height=69,reqIdx=3,hash=bacaf2fc...
info|2019-12-12 12:02:00.392777|[g:1][CONSENSUS][PBFT]checkTimeout Succ,view=38055,toView=38056,nodeIdx=0,changeCycle=0,myNode=1306daf6...,timecost=5.483
info|2019-12-12 12:02:00.420619|[g:1][CONSENSUS][PBFT]checkAndChangeView: Reach consensus,org_view=38055,org_changeCycle=0,cur_changeCycle=0,to_view=38056
info|2019-12-12 12:02:01.423569|[g:1][CONSENSUS][SEALER]++++++++++++++++ Generating seal on,blkNum=69,tx=0,nodeIdx=0,hash=61f68f32...
info|2019-12-12 12:02:01.446667|[g:1][CONSENSUS][PBFT]checkTimeout Succ,view=38056,toView=38057,nodeIdx=0,changeCycle=0,myNode=1306daf6...,timecost=1.258
info|2019-12-12 12:02:01.461273|[g:1][CONSENSUS][PBFT]checkAndChangeView: Reach consensus,org_view=38056,org_changeCycle=0,cur_changeCycle=0,to_view=38057
info|2019-12-12 12:02:02.474682|[g:1][CONSENSUS]addRawPrepare,height=69,reqIdx=1,hash=bf54c6c0...
info|2019-12-12 12:02:02.478233|[g:1][CONSENSUS][PBFT]checkTimeout Succ,view=38057,toView=38058,nodeIdx=0,changeCycle=0,myNode=1306daf6...,timecost=1.748
info|2019-12-12 12:02:02.479398|[g:1][CONSENSUS][PBFT]checkAndChangeView: Reach consensus,org_view=38057,org_changeCycle=0,cur_changeCycle=0,to_view=38058
info|2019-12-12 12:02:03.484803|[g:1][CONSENSUS]addRawPrepare,height=69,reqIdx=2,hash=0c3b85e8...
info|2019-12-12 12:02:03.488789|[g:1][CONSENSUS][PBFT]checkTimeout Succ,view=38058,toView=38059,nodeIdx=0,changeCycle=0,myNode=1306daf6...,timecost=1.971
info|2019-12-12 12:02:03.491070|[g:1][CONSENSUS][PBFT]checkAndChangeView: Reach consensus,org_view=38058,org_changeCycle=0,cur_changeCycle=0,to_view=38059
info|2019-12-12 12:02:04.504190|[g:1][CONSENSUS]addRawPrepare,height=69,reqIdx=3,hash=5c35e136...
info|2019-12-12 12:02:04.566575|[g:1][CONSENSUS][PBFT]checkTimeout Succ,view=38059,toView=38060,nodeIdx=0,changeCycle=0,myNode=1306daf6...,timecost=61.949
info|2019-12-12 12:02:04.580300|[g:1][CONSENSUS][PBFT]checkAndChangeView: Reach consensus,org_view=38059,org_changeCycle=0,cur_changeCycle=0,to_view=38060
info|2019-12-12 12:02:05.586848|[g:1][CONSENSUS][SEALER]++++++++++++++++ Generating seal on,blkNum=69,tx=0,nodeIdx=0,hash=0c89360d...
info|2019-12-12 12:02:05.605883|[g:1][CONSENSUS][PBFT]checkTimeout Succ,view=38060,toView=38061,nodeIdx=0,changeCycle=0,myNode=1306daf6...,timecost=0.828
info|2019-12-12 12:02:05.612147|[g:1][CONSENSUS][PBFT]checkAndChangeView: Reach consensus,org_view=38060,org_changeCycle=0,cur_changeCycle=0,to_view=38061
info|2019-12-12 12:02:06.639534|[g:1][CONSENSUS]addRawPrepare,height=69,reqIdx=1,hash=6af25354...
info|2019-12-12 12:02:06.664503|[g:1][CONSENSUS][PBFT]checkTimeout Succ,view=38061,toView=38062,nodeIdx=0,changeCycle=0,myNode=1306daf6...,timecost=24.746
info|2019-12-12 12:02:06.703325|[g:1][CONSENSUS][PBFT]checkAndChangeView: Reach consensus,org_view=38061,org_changeCycle=0,cur_changeCycle=0,to_view=38062
info|2019-12-12 12:02:06.711497|[P2P][Service] heartBeat,connected count=4
info|2019-12-12 12:02:07.709913|[g:1][CONSENSUS]addRawPrepare,height=69,reqIdx=2,hash=3c05db73...
info|2019-12-12 12:02:07.751432|[g:1][CONSENSUS][PBFT]checkTimeout Succ,view=38062,toView=38063,nodeIdx=0,changeCycle=0,myNode=1306daf6...,timecost=6.948
info|2019-12-12 12:02:07.760602|[g:1][CONSENSUS][PBFT]checkAndChangeView: Reach consensus,org_view=38062,org_changeCycle=0,cur_changeCycle=0,to_view=38063
info|2019-12-12 12:02:08.768938|[g:1][CONSENSUS]addRawPrepare,height=69,reqIdx=3,hash=3557340f...
info|2019-12-12 12:02:08.777057|[g:1][CONSENSUS][PBFT]checkTimeout Succ,view=38063,toView=38064,nodeIdx=0,changeCycle=0,myNode=1306daf6...,timecost=2.58
info|2019-12-12 12:02:08.787991|[g:1][CONSENSUS][PBFT]checkAndChangeView: Reach consensus,org_view=38063,org_changeCycle=0,cur_changeCycle=0,to_view=38064
info|2019-12-12 12:02:09.795286|[g:1][CONSENSUS][SEALER]++++++++++++++++ Generating seal on,blkNum=69,tx=0,nodeIdx=0,hash=147aee43...
info|2019-12-12 12:02:09.839464|[g:1][CONSENSUS][PBFT]checkTimeout Succ,view=38064,toView=38065,nodeIdx=0,changeCycle=0,myNode=1306daf6...,timecost=0.49
info|2019-12-12 12:02:09.843185|[g:1][CONSENSUS][PBFT]checkAndChangeView: Reach consensus,org_view=38064,org_changeCycle=0,cur_changeCycle=0,to_view=38065
info|2019-12-12 12:02:10.859304|[g:1][CONSENSUS]addRawPrepare,height=69,reqIdx=1,hash=b082178b...
info|2019-12-12 12:02:10.869595|[g:1][CONSENSUS][PBFT]checkTimeout Succ,view=38065,toView=38066,nodeIdx=0,changeCycle=0,myNode=1306daf6...,timecost=10.141
info|2019-12-12 12:02:10.890832|[g:1][CONSENSUS][PBFT]checkAndChangeView: Reach consensus,org_view=38065,org_changeCycle=0,cur_changeCycle=0,to_view=38066
info|2019-12-12 12:02:11.915875|[g:1][CONSENSUS]addRawPrepare,height=69,reqIdx=2,hash=b774b20b...
info|2019-12-12 12:02:11.921712|[g:1][CONSENSUS][PBFT]checkTimeout Succ,view=38066,toView=38067,nodeIdx=0,changeCycle=0,myNode=1306daf6...,timecost=5.767
info|2019-12-12 12:02:11.936435|[g:1][CONSENSUS][PBFT]checkAndChangeView: Reach consensus,org_view=38066,org_changeCycle=0,cur_changeCycle=0,to_view=38067
info|2019-12-12 12:02:12.949794|[g:1][CONSENSUS]addRawPrepare,height=69,reqIdx=3,hash=e9fe3b3b...
info|2019-12-12 12:02:12.977921|[g:1][CONSENSUS][PBFT]checkTimeout Succ,view=38067,toView=38068,nodeIdx=0,changeCycle=0,myNode=1306daf6...,timecost=23.115
info|2019-12-12 12:02:13.004735|[g:1][CONSENSUS][PBFT]checkAndChangeView: Reach consensus,org_view=38067,org_changeCycle=0,cur_changeCycle=0,to_view=38068
info|2019-12-12 12:02:14.008498|[g:1][CONSENSUS][SEALER]++++++++++++++++ Generating seal on,blkNum=69,tx=0,nodeIdx=0,hash=6fc955f7...
info|2019-12-12 12:02:14.032566|[g:1][CONSENSUS][PBFT]checkTimeout Succ,view=38068,toView=38069,nodeIdx=0,changeCycle=0,myNode=1306daf6...,timecost=1.116
info|2019-12-12 12:02:14.051540|[g:1][CONSENSUS][PBFT]checkAndChangeView: Reach consensus,org_view=38068,org_changeCycle=0,cur_changeCycle=0,to_view=38069
info|2019-12-12 12:02:15.075442|[g:1][CONSENSUS]addRawPrepare,height=69,reqIdx=1,hash=a615113e...
info|2019-12-12 12:02:15.078160|[g:1][CONSENSUS][PBFT]checkTimeout Succ,view=38069,toView=38070,nodeIdx=0,changeCycle=0,myNode=1306daf6...,timecost=2.523
info|2019-12-12 12:02:15.106421|[g:1][CONSENSUS][PBFT]checkAndChangeView: Reach consensus,org_view=38069,org_changeCycle=0,cur_changeCycle=0,to_view=38070
info|2019-12-12 12:02:16.114868|[g:1][CONSENSUS]addRawPrepare,height=69,reqIdx=2,hash=068589bb...
info|2019-12-12 12:02:16.120248|[g:1][CONSENSUS][PBFT]checkTimeout Succ,view=38070,toView=38071,nodeIdx=0,changeCycle=0,myNode=1306daf6...,timecost=3.693
info|2019-12-12 12:02:16.121665|[g:1][CONSENSUS][PBFT]checkAndChangeView: Reach consensus,org_view=38070,org_changeCycle=0,cur_changeCycle=0,to_view=38071
info|2019-12-12 12:02:16.713692|[P2P][Service] heartBeat,connected count=4
info|2019-12-12 12:02:17.133415|[g:1][CONSENSUS]addRawPrepare,height=69,reqIdx=3,hash=ba769bf7...
info|2019-12-12 12:02:17.135984|[g:1][CONSENSUS][PBFT]checkTimeout Succ,view=38071,toView=38072,nodeIdx=0,changeCycle=0,myNode=1306daf6...,timecost=2.059
info|2019-12-12 12:02:17.138101|[g:1][CONSENSUS][PBFT]checkAndChangeView: Reach consensus,org_view=38071,org_changeCycle=0,cur_changeCycle=0,to_view=38072
info|2019-12-12 12:02:18.144203|[g:1][CONSENSUS][SEALER]++++++++++++++++ Generating seal on,blkNum=69,tx=0,nodeIdx=0,hash=fe5bf0f0...
info|2019-12-12 12:02:18.166473|[g:1][CONSENSUS][PBFT]checkTimeout Succ,view=38072,toView=38073,nodeIdx=0,changeCycle=0,myNode=1306daf6...,timecost=1.175
info|2019-12-12 12:02:18.175772|[g:1][CONSENSUS][PBFT]checkAndChangeView: Reach consensus,org_view=38072,org_changeCycle=0,cur_changeCycle=0,to_view=38073
info|2019-12-12 12:02:19.190716|[g:1][CONSENSUS]addRawPrepare,height=69,reqIdx=1,hash=170650a5...
info|2019-12-12 12:02:19.200808|[g:1][CONSENSUS][PBFT]checkTimeout Succ,view=38073,toView=38074,nodeIdx=0,changeCycle=0,myNode=1306daf6...,timecost=9.891
info|2019-12-12 12:02:19.217026|[g:1][CONSENSUS][PBFT]checkAndChangeView: Reach consensus,org_view=38073,org_changeCycle=0,cur_changeCycle=0,to_view=38074
info|2019-12-12 12:02:20.230611|[g:1][CONSENSUS]addRawPrepare,height=69,reqIdx=2,hash=8b6ddf3d...
info|2019-12-12 12:02:20.233742|[g:1][CONSENSUS][PBFT]checkTimeout Succ,view=38074,toView=38075,nodeIdx=0,changeCycle=0,myNode=1306daf6...,timecost=2.939
info|2019-12-12 12:02:20.234563|[g:1][CONSENSUS][PBFT]checkAndChangeView: Reach consensus,org_view=38074,org_changeCycle=0,cur_changeCycle=0,to_view=38075
info|2019-12-12 12:02:21.242733|[g:1][CONSENSUS]addRawPrepare,height=69,reqIdx=3,hash=258a4733...
info|2019-12-12 12:02:21.250927|[g:1][CONSENSUS][PBFT]checkTimeout Succ,view=38075,toView=38076,nodeIdx=0,changeCycle=0,myNode=1306daf6...,timecost=3.127
info|2019-12-12 12:02:21.256008|[g:1][CONSENSUS][PBFT]checkAndChangeView: Reach consensus,org_view=38075,org_changeCycle=0,cur_changeCycle=0,to_view=38076
info|2019-12-12 12:02:22.261070|[g:1][CONSENSUS][SEALER]++++++++++++++++ Generating seal on,blkNum=69,tx=0,nodeIdx=0,hash=55f989ff...
info|2019-12-12 12:02:22.274763|[g:1][CONSENSUS][PBFT]checkTimeout Succ,view=38076,toView=38077,nodeIdx=0,changeCycle=0,myNode=1306daf6...,timecost=0.291
info|2019-12-12 12:02:22.277017|[g:1][CONSENSUS][PBFT]checkAndChangeView: Reach consensus,org_view=38076,org_changeCycle=0,cur_changeCycle=0,to_view=38077
info|2019-12-12 12:02:23.278328|[g:1][CONSENSUS]addRawPrepare,height=69,reqIdx=1,hash=a5ab8554...
info|2019-12-12 12:02:23.286572|[g:1][CONSENSUS][PBFT]checkTimeout Succ,view=38077,toView=38078,nodeIdx=0,changeCycle=0,myNode=1306daf6...,timecost=8.165
info|2019-12-12 12:02:23.310895|[g:1][CONSENSUS][PBFT]checkAndChangeView: Reach consensus,org_view=38077,org_changeCycle=0,cur_changeCycle=0,to_view=38078
info|2019-12-12 12:02:24.311347|[g:1][CONSENSUS]addRawPrepare,height=69,reqIdx=2,hash=15f1e75e...
info|2019-12-12 12:02:24.313700|[g:1][CONSENSUS][PBFT]checkTimeout Succ,view=38078,toView=38079,nodeIdx=0,changeCycle=0,myNode=1306daf6...,timecost=2.277
info|2019-12-12 12:02:24.315178|[g:1][CONSENSUS][PBFT]checkAndChangeView: Reach consensus,org_view=38078,org_changeCycle=0,cur_changeCycle=0,to_view=38079
info|2019-12-12 12:02:25.324930|[g:1][CONSENSUS]addRawPrepare,height=69,reqIdx=3,hash=377d94c8...
info|2019-12-12 12:02:25.335884|[g:1][CONSENSUS][PBFT]checkTimeout Succ,view=38079,toView=38080,nodeIdx=0,changeCycle=0,myNode=1306daf6...,timecost=10.821
info|2019-12-12 12:02:25.355630|[g:1][CONSENSUS][PBFT]checkAndChangeView: Reach consensus,org_view=38079,org_changeCycle=0,cur_changeCycle=0,to_view=38080
info|2019-12-12 12:02:26.355347|[g:1][CONSENSUS][SEALER]++++++++++++++++ Generating seal on,blkNum=69,tx=0,nodeIdx=0,hash=2c2ed73c...
info|2019-12-12 12:02:26.388739|[g:1][CONSENSUS][PBFT]checkTimeout Succ,view=38080,toView=38081,nodeIdx=0,changeCycle=0,myNode=1306daf6...,timecost=9.741
info|2019-12-12 12:02:26.407437|[g:1][CONSENSUS][PBFT]checkAndChangeView: Reach consensus,org_view=38080,org_changeCycle=0,cur_changeCycle=0,to_view=38081
info|2019-12-12 12:02:26.714732|[P2P][Service] heartBeat,connected count=4
info|2019-12-12 12:02:27.411170|[g:1][CONSENSUS]addRawPrepare,height=69,reqIdx=1,hash=9ec7002d...
info|2019-12-12 12:02:27.411693|[g:1][CONSENSUS][PBFT]checkTimeout Succ,view=38081,toView=38082,nodeIdx=0,changeCycle=0,myNode=1306daf6...,timecost=0.444
info|2019-12-12 12:02:27.417019|[g:1][CONSENSUS][PBFT]checkAndChangeView: Reach consensus,org_view=38081,org_changeCycle=0,cur_changeCycle=0,to_view=38082
info|2019-12-12 12:02:28.445401|[g:1][CONSENSUS]addRawPrepare,height=69,reqIdx=2,hash=6ca518a9...
info|2019-12-12 12:02:28.456957|[g:1][CONSENSUS][PBFT]checkTimeout Succ,view=38082,toView=38083,nodeIdx=0,changeCycle=0,myNode=1306daf6...,timecost=11.02
info|2019-12-12 12:02:28.464819|[g:1][CONSENSUS][PBFT]checkAndChangeView: Reach consensus,org_view=38082,org_changeCycle=0,cur_changeCycle=0,to_view=38083
info|2019-12-12 12:02:29.468373|[g:1][CONSENSUS]addRawPrepare,height=69,reqIdx=3,hash=c18ee10d...
info|2019-12-12 12:02:29.475594|[g:1][CONSENSUS][PBFT]checkTimeout Succ,view=38083,toView=38084,nodeIdx=0,changeCycle=0,myNode=1306daf6...,timecost=7.053
info|2019-12-12 12:02:29.491120|[g:1][CONSENSUS][PBFT]checkAndChangeView: Reach consensus,org_view=38083,org_changeCycle=0,cur_changeCycle=0,to_view=38084
info|2019-12-12 12:02:30.497119|[g:1][CONSENSUS][SEALER]++++++++++++++++ Generating seal on,blkNum=69,tx=0,nodeIdx=0,hash=48295b1e...
info|2019-12-12 12:02:30.510508|[g:1][CONSENSUS][PBFT]checkTimeout Succ,view=38084,toView=38085,nodeIdx=0,changeCycle=0,myNode=1306daf6...,timecost=0.29
info|2019-12-12 12:02:30.511948|[g:1][CONSENSUS][PBFT]checkAndChangeView: Reach consensus,org_view=38084,org_changeCycle=0,cur_changeCycle=0,to_view=38085
info|2019-12-12 12:02:31.510835|[g:1][CONSENSUS]addRawPrepare,height=69,reqIdx=1,hash=b932105b...
info|2019-12-12 12:02:31.525252|[g:1][CONSENSUS][PBFT]checkTimeout Succ,view=38085,toView=38086,nodeIdx=0,changeCycle=0,myNode=1306daf6...,timecost=9.715
info|2019-12-12 12:02:31.543902|[g:1][CONSENSUS][PBFT]checkAndChangeView: Reach consensus,org_view=38085,org_changeCycle=0,cur_changeCycle=0,to_view=38086
info|2019-12-12 12:02:32.563439|[g:1][CONSENSUS]addRawPrepare,height=69,reqIdx=2,hash=133cf1bf...
info|2019-12-12 12:02:32.589997|[g:1][CONSENSUS][PBFT]checkTimeout Succ,view=38086,toView=38087,nodeIdx=0,changeCycle=0,myNode=1306daf6...,timecost=26.147
info|2019-12-12 12:02:32.609744|[g:1][CONSENSUS][PBFT]checkAndChangeView: Reach consensus,org_view=38086,org_changeCycle=0,cur_changeCycle=0,to_view=38087
info|2019-12-12 12:02:33.617243|[g:1][CONSENSUS]addRawPrepare,height=69,reqIdx=3,hash=1082ea74...
info|2019-12-12 12:02:33.621174|[g:1][CONSENSUS][PBFT]checkTimeout Succ,view=38087,toView=38088,nodeIdx=0,changeCycle=0,myNode=1306daf6...,timecost=3.078
info|2019-12-12 12:02:33.621704|[g:1][CONSENSUS][PBFT]checkAndChangeView: Reach consensus,org_view=38087,org_changeCycle=0,cur_changeCycle=0,to_view=38088
info|2019-12-12 12:02:34.623541|[g:1][CONSENSUS][SEALER]++++++++++++++++ Generating seal on,blkNum=69,tx=0,nodeIdx=0,hash=30463283...
info|2019-12-12 12:02:34.640920|[g:1][CONSENSUS][PBFT]checkTimeout Succ,view=38088,toView=38089,nodeIdx=0,changeCycle=0,myNode=1306daf6...,timecost=0.523
info|2019-12-12 12:02:34.649239|[g:1][CONSENSUS][PBFT]checkAndChangeView: Reach consensus,org_view=38088,org_changeCycle=0,cur_changeCycle=0,to_view=38089
info|2019-12-12 12:02:35.659614|[g:1][CONSENSUS]addRawPrepare,height=69,reqIdx=1,hash=0a8c0722...
info|2019-12-12 12:02:35.662548|[g:1][CONSENSUS][PBFT]checkTimeout Succ,view=38089,toView=38090,nodeIdx=0,changeCycle=0,myNode=1306daf6...,timecost=2.85
info|2019-12-12 12:02:35.669354|[g:1][CONSENSUS][PBFT]checkAndChangeView: Reach consensus,org_view=38089,org_changeCycle=0,cur_changeCycle=0,to_view=38090
info|2019-12-12 12:02:36.679695|[g:1][CONSENSUS]addRawPrepare,height=69,reqIdx=2,hash=2fdffb03...
info|2019-12-12 12:02:36.685601|[g:1][CONSENSUS][PBFT]checkTimeout Succ,view=38090,toView=38091,nodeIdx=0,changeCycle=0,myNode=1306daf6...,timecost=5.551
info|2019-12-12 12:02:36.704423|[g:1][CONSENSUS][PBFT]checkAndChangeView: Reach consensus,org_view=38090,org_changeCycle=0,cur_changeCycle=0,to_view=38091
info|2019-12-12 12:02:36.715673|[P2P][Service] heartBeat,connected count=4
info|2019-12-12 12:02:37.723144|[g:1][CONSENSUS]addRawPrepare,height=69,reqIdx=3,hash=44c7061b...
info|2019-12-12 12:02:37.736703|[g:1][CONSENSUS][PBFT]checkTimeout Succ,view=38091,toView=38092,nodeIdx=0,changeCycle=0,myNode=1306daf6...,timecost=9.82
info|2019-12-12 12:02:37.751524|[g:1][CONSENSUS][PBFT]checkAndChangeView: Reach consensus,org_view=38091,org_changeCycle=0,cur_changeCycle=0,to_view=38092
info|2019-12-12 12:02:38.758394|[g:1][CONSENSUS][SEALER]++++++++++++++++ Generating seal on,blkNum=69,tx=0,nodeIdx=0,hash=2c451941...
info|2019-12-12 12:02:38.784370|[g:1][CONSENSUS][PBFT]checkTimeout Succ,view=38092,toView=38093,nodeIdx=0,changeCycle=0,myNode=1306daf6...,timecost=1.312
info|2019-12-12 12:02:38.793921|[g:1][CONSENSUS][PBFT]checkAndChangeView: Reach consensus,org_view=38092,org_changeCycle=0,cur_changeCycle=0,to_view=38093
info|2019-12-12 12:02:39.813145|[g:1][CONSENSUS]addRawPrepare,height=69,reqIdx=1,hash=c771d088...
info|2019-12-12 12:02:39.817316|[g:1][CONSENSUS][PBFT]checkTimeout Succ,view=38093,toView=38094,nodeIdx=0,changeCycle=0,myNode=1306daf6...,timecost=4.111
info|2019-12-12 12:02:39.830366|[g:1][CONSENSUS][PBFT]checkAndChangeView: Reach consensus,org_view=38093,org_changeCycle=0,cur_changeCycle=0,to_view=38094
info|2019-12-12 12:02:40.848309|[g:1][CONSENSUS]addRawPrepare,height=69,reqIdx=2,hash=af619645...
info|2019-12-12 12:02:40.849082|[g:1][CONSENSUS][PBFT]checkTimeout Succ,view=38094,toView=38095,nodeIdx=0,changeCycle=0,myNode=1306daf6...,timecost=0.714
info|2019-12-12 12:02:40.854983|[g:1][CONSENSUS][PBFT]checkAndChangeView: Reach consensus,org_view=38094,org_changeCycle=0,cur_changeCycle=0,to_view=38095
info|2019-12-12 12:02:41.858240|[g:1][CONSENSUS]addRawPrepare,height=69,reqIdx=3,hash=3e6d2598...
info|2019-12-12 12:02:41.858807|[g:1][CONSENSUS][PBFT]checkTimeout Succ,view=38095,toView=38096,nodeIdx=0,changeCycle=0,myNode=1306daf6...,timecost=0.519
info|2019-12-12 12:02:41.863709|[g:1][CONSENSUS][PBFT]checkAndChangeView: Reach consensus,org_view=38095,org_changeCycle=0,cur_changeCycle=0,to_view=38096
info|2019-12-12 12:02:42.866570|[g:1][CONSENSUS][SEALER]++++++++++++++++ Generating seal on,blkNum=69,tx=0,nodeIdx=0,hash=e4ef38e4...
info|2019-12-12 12:02:42.880007|[g:1][CONSENSUS][PBFT]checkTimeout Succ,view=38096,toView=38097,nodeIdx=0,changeCycle=0,myNode=1306daf6...,timecost=0.501
info|2019-12-12 12:02:42.881770|[g:1][CONSENSUS][PBFT]checkAndChangeView: Reach consensus,org_view=38096,org_changeCycle=0,cur_changeCycle=0,to_view=38097
info|2019-12-12 12:02:43.893893|[g:1][CONSENSUS]addRawPrepare,height=69,reqIdx=1,hash=d2e75f4f...
info|2019-12-12 12:02:43.913428|[g:1][CONSENSUS][PBFT]checkTimeout Succ,view=38097,toView=38098,nodeIdx=0,changeCycle=0,myNode=1306daf6...,timecost=16.758
info|2019-12-12 12:02:43.918180|[g:1][CONSENSUS][PBFT]checkAndChangeView: Reach consensus,org_view=38097,org_changeCycle=0,cur_changeCycle=0,to_view=38098
info|2019-12-12 12:02:44.926018|[g:1][CONSENSUS]addRawPrepare,height=69,reqIdx=2,hash=0b422115...
info|2019-12-12 12:02:44.932080|[g:1][CONSENSUS][PBFT]checkTimeout Succ,view=38098,toView=38099,nodeIdx=0,changeCycle=0,myNode=1306daf6...,timecost=3.69
info|2019-12-12 12:02:44.933556|[g:1][CONSENSUS][PBFT]checkAndChangeView: Reach consensus,org_view=38098,org_changeCycle=0,cur_changeCycle=0,to_view=38099
info|2019-12-12 12:02:45.942539|[g:1][CONSENSUS]addRawPrepare,height=69,reqIdx=3,hash=b3ca221b...
info|2019-12-12 12:02:45.953908|[g:1][CONSENSUS][PBFT]checkTimeout Succ,view=38099,toView=38100,nodeIdx=0,changeCycle=0,myNode=1306daf6...,timecost=11.167
info|2019-12-12 12:02:45.988683|[g:1][CONSENSUS][PBFT]checkAndChangeView: Reach consensus,org_view=38099,org_changeCycle=0,cur_changeCycle=0,to_view=38100
info|2019-12-12 12:02:46.716431|[P2P][Service] heartBeat,connected count=4
info|2019-12-12 12:02:46.991500|[g:1][CONSENSUS][SEALER]++++++++++++++++ Generating seal on,blkNum=69,tx=0,nodeIdx=0,hash=56f123c6...
info|2019-12-12 12:02:47.011548|[g:1][CONSENSUS][PBFT]checkTimeout Succ,view=38100,toView=38101,nodeIdx=0,changeCycle=0,myNode=1306daf6...,timecost=0.9
info|2019-12-12 12:02:47.016795|[g:1][CONSENSUS][PBFT]checkAndChangeView: Reach consensus,org_view=38100,org_changeCycle=0,cur_changeCycle=0,to_view=38101
info|2019-12-12 12:02:48.030525|[g:1][CONSENSUS]addRawPrepare,height=69,reqIdx=1,hash=bcf4f37a...
info|2019-12-12 12:02:48.039392|[g:1][CONSENSUS][PBFT]checkTimeout Succ,view=38101,toView=38102,nodeIdx=0,changeCycle=0,myNode=1306daf6...,timecost=8.685
info|2019-12-12 12:02:48.058898|[g:1][CONSENSUS][PBFT]checkAndChangeView: Reach consensus,org_view=38101,org_changeCycle=0,cur_changeCycle=0,to_view=38102
info|2019-12-12 12:02:49.062398|[g:1][CONSENSUS]addRawPrepare,height=69,reqIdx=2,hash=9659dc34...
info|2019-12-12 12:02:49.071390|[g:1][CONSENSUS][PBFT]checkTimeout Succ,view=38102,toView=38103,nodeIdx=0,changeCycle=0,myNode=1306daf6...,timecost=6.742
info|2019-12-12 12:02:49.076458|[g:1][CONSENSUS][PBFT]checkAndChangeView: Reach consensus,org_view=38102,org_changeCycle=0,cur_changeCycle=0,to_view=38103
info|2019-12-12 12:02:50.092055|[g:1][CONSENSUS]addRawPrepare,height=69,reqIdx=3,hash=ab38c5b8...
info|2019-12-12 12:02:50.096199|[g:1][CONSENSUS][PBFT]checkTimeout Succ,view=38103,toView=38104,nodeIdx=0,changeCycle=0,myNode=1306daf6...,timecost=4.012
info|2019-12-12 12:02:50.102919|[g:1][CONSENSUS][PBFT]checkAndChangeView: Reach consensus,org_view=38103,org_changeCycle=0,cur_changeCycle=0,to_view=38104
info|2019-12-12 12:02:51.111509|[g:1][CONSENSUS][SEALER]++++++++++++++++ Generating seal on,blkNum=69,tx=0,nodeIdx=0,hash=833f7821...
info|2019-12-12 12:02:51.137313|[g:1][CONSENSUS][PBFT]checkTimeout Succ,view=38104,toView=38105,nodeIdx=0,changeCycle=0,myNode=1306daf6...,timecost=3.102
info|2019-12-12 12:02:51.142668|[g:1][CONSENSUS][PBFT]checkAndChangeView: Reach consensus,org_view=38104,org_changeCycle=0,cur_changeCycle=0,to_view=38105
info|2019-12-12 12:02:52.159931|[g:1][CONSENSUS]addRawPrepare,height=69,reqIdx=1,hash=ef9f1a9a...
info|2019-12-12 12:02:52.161442|[g:1][CONSENSUS][PBFT]checkTimeout Succ,view=38105,toView=38106,nodeIdx=0,changeCycle=0,myNode=1306daf6...,timecost=1.471
info|2019-12-12 12:02:52.166532|[g:1][CONSENSUS][PBFT]checkAndChangeView: Reach consensus,org_view=38105,org_changeCycle=0,cur_changeCycle=0,to_view=38106
info|2019-12-12 12:02:53.172518|[g:1][CONSENSUS]addRawPrepare,height=69,reqIdx=2,hash=7484313c...
info|2019-12-12 12:02:53.173029|[g:1][CONSENSUS][PBFT]checkTimeout Succ,view=38106,toView=38107,nodeIdx=0,changeCycle=0,myNode=1306daf6...,timecost=0.468
info|2019-12-12 12:02:53.180376|[g:1][CONSENSUS][PBFT]checkAndChangeView: Reach consensus,org_view=38106,org_changeCycle=0,cur_changeCycle=0,to_view=38107
info|2019-12-12 12:02:54.185238|[g:1][CONSENSUS]addRawPrepare,height=69,reqIdx=3,hash=82724305...
info|2019-12-12 12:02:54.189682|[g:1][CONSENSUS][PBFT]checkTimeout Succ,view=38107,toView=38108,nodeIdx=0,changeCycle=0,myNode=1306daf6...,timecost=4.372
info|2019-12-12 12:02:54.191583|[g:1][CONSENSUS][PBFT]checkAndChangeView: Reach consensus,org_view=38107,org_changeCycle=0,cur_changeCycle=0,to_view=38108
info|2019-12-12 12:02:55.195290|[g:1][CONSENSUS][SEALER]++++++++++++++++ Generating seal on,blkNum=69,tx=0,nodeIdx=0,hash=7ff86d52...
info|2019-12-12 12:02:55.221382|[g:1][CONSENSUS][PBFT]checkTimeout Succ,view=38108,toView=38109,nodeIdx=0,changeCycle=0,myNode=1306daf6...,timecost=1.042
info|2019-12-12 12:02:55.230048|[g:1][CONSENSUS][PBFT]checkAndChangeView: Reach consensus,org_view=38108,org_changeCycle=0,cur_changeCycle=0,to_view=38109
info|2019-12-12 12:02:56.244343|[g:1][CONSENSUS]addRawPrepare,height=69,reqIdx=1,hash=5420065b...
info|2019-12-12 12:02:56.246872|[g:1][CONSENSUS][PBFT]checkTimeout Succ,view=38109,toView=38110,nodeIdx=0,changeCycle=0,myNode=1306daf6...,timecost=2.443
info|2019-12-12 12:02:56.258860|[g:1][CONSENSUS][PBFT]checkAndChangeView: Reach consensus,org_view=38109,org_changeCycle=0,cur_changeCycle=0,to_view=38110
info|2019-12-12 12:02:56.720028|[P2P][Service] heartBeat,connected count=4
info|2019-12-12 12:02:57.314764|[g:1][CONSENSUS]addRawPrepare,height=69,reqIdx=2,hash=4e9aaf7a...
info|2019-12-12 12:02:57.321133|[g:1][CONSENSUS][PBFT]checkTimeout Succ,view=38110,toView=38111,nodeIdx=0,changeCycle=0,myNode=1306daf6...,timecost=4.533
info|2019-12-12 12:02:57.329782|[g:1][CONSENSUS][PBFT]checkAndChangeView: Reach consensus,org_view=38110,org_changeCycle=0,cur_changeCycle=0,to_view=38111
info|2019-12-12 12:02:58.340861|[g:1][CONSENSUS]addRawPrepare,height=69,reqIdx=3,hash=40d221c8...
info|2019-12-12 12:02:58.356567|[g:1][CONSENSUS][PBFT]checkTimeout Succ,view=38111,toView=38112,nodeIdx=0,changeCycle=0,myNode=1306daf6...,timecost=11.773
info|2019-12-12 12:02:58.385563|[g:1][CONSENSUS][PBFT]checkAndChangeView: Reach consensus,org_view=38111,org_changeCycle=0,cur_changeCycle=0,to_view=38112
info|2019-12-12 12:02:59.387085|[g:1][CONSENSUS][SEALER]++++++++++++++++ Generating seal on,blkNum=69,tx=0,nodeIdx=0,hash=f04f88d5...
info|2019-12-12 12:02:59.399069|[g:1][CONSENSUS][PBFT]checkTimeout Succ,view=38112,toView=38113,nodeIdx=0,changeCycle=0,myNode=1306daf6...,timecost=0.554
info|2019-12-12 12:02:59.401532|[g:1][CONSENSUS][PBFT]checkAndChangeView: Reach consensus,org_view=38112,org_changeCycle=0,cur_changeCycle=0,to_view=38113
info|2019-12-12 12:03:00.399098|[g:1][CONSENSUS]addRawPrepare,height=69,reqIdx=1,hash=847f2a88...
info|2019-12-12 12:03:00.399508|[g:1][CONSENSUS][PBFT]checkTimeout Succ,view=38113,toView=38114,nodeIdx=0,changeCycle=0,myNode=1306daf6...,timecost=0.337
info|2019-12-12 12:03:00.402860|[g:1][CONSENSUS][PBFT]checkAndChangeView: Reach consensus,org_view=38113,org_changeCycle=0,cur_changeCycle=0,to_view=38114
info|2019-12-12 12:03:01.412431|[g:1][CONSENSUS]addRawPrepare,height=69,reqIdx=2,hash=dadd85d4...
info|2019-12-12 12:03:01.420886|[g:1][CONSENSUS][PBFT]checkTimeout Succ,view=38114,toView=38115,nodeIdx=0,changeCycle=0,myNode=1306daf6...,timecost=8.153
info|2019-12-12 12:03:01.440715|[g:1][CONSENSUS][PBFT]checkAndChangeView: Reach consensus,org_view=38114,org_changeCycle=0,cur_changeCycle=0,to_view=38115
info|2019-12-12 12:03:02.465522|[g:1][CONSENSUS]addRawPrepare,height=69,reqIdx=3,hash=25ab4b8d...
info|2019-12-12 12:03:02.471924|[g:1][CONSENSUS][PBFT]checkTimeout Succ,view=38115,toView=38116,nodeIdx=0,changeCycle=0,myNode=1306daf6...,timecost=4.875
info|2019-12-12 12:03:02.477373|[g:1][CONSENSUS][PBFT]checkAndChangeView: Reach consensus,org_view=38115,org_changeCycle=0,cur_changeCycle=0,to_view=38116
info|2019-12-12 12:03:03.477549|[g:1][CONSENSUS][SEALER]++++++++++++++++ Generating seal on,blkNum=69,tx=0,nodeIdx=0,hash=74bbf832...
info|2019-12-12 12:03:03.490874|[g:1][CONSENSUS][PBFT]checkTimeout Succ,view=38116,toView=38117,nodeIdx=0,changeCycle=0,myNode=1306daf6...,timecost=0.599
info|2019-12-12 12:03:03.493579|[g:1][CONSENSUS][PBFT]checkAndChangeView: Reach consensus,org_view=38116,org_changeCycle=0,cur_changeCycle=0,to_view=38117
info|2019-12-12 12:03:04.492338|[g:1][CONSENSUS]addRawPrepare,height=69,reqIdx=1,hash=abe78191...
info|2019-12-12 12:03:04.492838|[g:1][CONSENSUS][PBFT]checkTimeout Succ,view=38117,toView=38118,nodeIdx=0,changeCycle=0,myNode=1306daf6...,timecost=0.423
info|2019-12-12 12:03:04.496446|[g:1][CONSENSUS][PBFT]checkAndChangeView: Reach consensus,org_view=38117,org_changeCycle=0,cur_changeCycle=0,to_view=38118
info|2019-12-12 12:03:05.501511|[g:1][CONSENSUS]addRawPrepare,height=69,reqIdx=2,hash=56fbd2a7...
info|2019-12-12 12:03:05.503382|[g:1][CONSENSUS][PBFT]checkTimeout Succ,view=38118,toView=38119,nodeIdx=0,changeCycle=0,myNode=1306daf6...,timecost=1.766
info|2019-12-12 12:03:05.509995|[g:1][CONSENSUS][PBFT]checkAndChangeView: Reach consensus,org_view=38118,org_changeCycle=0,cur_changeCycle=0,to_view=38119
info|2019-12-12 12:03:06.515545|[g:1][CONSENSUS]addRawPrepare,height=69,reqIdx=3,hash=adf64359...
info|2019-12-12 12:03:06.521194|[g:1][CONSENSUS][PBFT]checkTimeout Succ,view=38119,toView=38120,nodeIdx=0,changeCycle=0,myNode=1306daf6...,timecost=4.968
info|2019-12-12 12:03:06.522897|[g:1][CONSENSUS][PBFT]checkAndChangeView: Reach consensus,org_view=38119,org_changeCycle=0,cur_changeCycle=0,to_view=38120
info|2019-12-12 12:03:06.720315|[P2P][Service] heartBeat,connected count=4
info|2019-12-12 12:03:07.523763|[g:1][CONSENSUS][SEALER]++++++++++++++++ Generating seal on,blkNum=69,tx=0,nodeIdx=0,hash=23184a2c...
info|2019-12-12 12:03:07.540804|[g:1][CONSENSUS][PBFT]checkTimeout Succ,view=38120,toView=38121,nodeIdx=0,changeCycle=0,myNode=1306daf6...,timecost=0.665
info|2019-12-12 12:03:07.543842|[g:1][CONSENSUS][PBFT]checkAndChangeView: Reach consensus,org_view=38120,org_changeCycle=0,cur_changeCycle=0,to_view=38121
info|2019-12-12 12:03:08.545501|[g:1][CONSENSUS]addRawPrepare,height=69,reqIdx=1,hash=0e355bf8...
info|2019-12-12 12:03:08.545889|[g:1][CONSENSUS][PBFT]checkTimeout Succ,view=38121,toView=38122,nodeIdx=0,changeCycle=0,myNode=1306daf6...,timecost=0.357
info|2019-12-12 12:03:08.549486|[g:1][CONSENSUS][PBFT]checkAndChangeView: Reach consensus,org_view=38121,org_changeCycle=0,cur_changeCycle=0,to_view=38122
info|2019-12-12 12:03:09.552915|[g:1][CONSENSUS]addRawPrepare,height=69,reqIdx=2,hash=55130984...
info|2019-12-12 12:03:09.553253|[g:1][CONSENSUS][PBFT]checkTimeout Succ,view=38122,toView=38123,nodeIdx=0,changeCycle=0,myNode=1306daf6...,timecost=0.287
info|2019-12-12 12:03:09.559958|[g:1][CONSENSUS][PBFT]checkAndChangeView: Reach consensus,org_view=38122,org_changeCycle=0,cur_changeCycle=0,to_view=38123
info|2019-12-12 12:03:10.561545|[g:1][CONSENSUS]addRawPrepare,height=69,reqIdx=3,hash=6010d414...
info|2019-12-12 12:03:10.561852|[g:1][CONSENSUS][PBFT]checkTimeout Succ,view=38123,toView=38124,nodeIdx=0,changeCycle=0,myNode=1306daf6...,timecost=0.267
info|2019-12-12 12:03:10.564633|[g:1][CONSENSUS][PBFT]checkAndChangeView: Reach consensus,org_view=38123,org_changeCycle=0,cur_changeCycle=0,to_view=38124
info|2019-12-12 12:03:11.565839|[g:1][CONSENSUS][SEALER]++++++++++++++++ Generating seal on,blkNum=69,tx=0,nodeIdx=0,hash=57ceaa99...
info|2019-12-12 12:03:11.576691|[g:1][CONSENSUS][PBFT]checkTimeout Succ,view=38124,toView=38125,nodeIdx=0,changeCycle=0,myNode=1306daf6...,timecost=0.248
info|2019-12-12 12:03:11.577751|[g:1][CONSENSUS][PBFT]checkAndChangeView: Reach consensus,org_view=38124,org_changeCycle=0,cur_changeCycle=0,to_view=38125
info|2019-12-12 12:03:12.577954|[g:1][CONSENSUS]addRawPrepare,height=69,reqIdx=1,hash=c032e221...
info|2019-12-12 12:03:12.578276|[g:1][CONSENSUS][PBFT]checkTimeout Succ,view=38125,toView=38126,nodeIdx=0,changeCycle=0,myNode=1306daf6...,timecost=0.293
info|2019-12-12 12:03:12.581760|[g:1][CONSENSUS][PBFT]checkAndChangeView: Reach consensus,org_view=38125,org_changeCycle=0,cur_changeCycle=0,to_view=38126
info|2019-12-12 12:03:13.589320|[g:1][CONSENSUS]addRawPrepare,height=69,reqIdx=2,hash=bfe0a1c6...
info|2019-12-12 12:03:13.590566|[g:1][CONSENSUS][PBFT]checkTimeout Succ,view=38126,toView=38127,nodeIdx=0,changeCycle=0,myNode=1306daf6...,timecost=1.206
info|2019-12-12 12:03:13.592983|[g:1][CONSENSUS][PBFT]checkAndChangeView: Reach consensus,org_view=38126,org_changeCycle=0,cur_changeCycle=0,to_view=38127
info|2019-12-12 12:03:14.600347|[g:1][CONSENSUS]addRawPrepare,height=69,reqIdx=3,hash=eecbfb53...
info|2019-12-12 12:03:14.600608|[g:1][CONSENSUS][PBFT]checkTimeout Succ,view=38127,toView=38128,nodeIdx=0,changeCycle=0,myNode=1306daf6...,timecost=0.233
info|2019-12-12 12:03:14.603360|[g:1][CONSENSUS][PBFT]checkAndChangeView: Reach consensus,org_view=38127,org_changeCycle=0,cur_changeCycle=0,to_view=38128
info|2019-12-12 12:03:15.605946|[g:1][CONSENSUS][SEALER]++++++++++++++++ Generating seal on,blkNum=69,tx=0,nodeIdx=0,hash=1c3fcbce...
info|2019-12-12 12:03:15.615463|[g:1][CONSENSUS][PBFT]checkTimeout Succ,view=38128,toView=38129,nodeIdx=0,changeCycle=0,myNode=1306daf6...,timecost=0.41
info|2019-12-12 12:03:15.617044|[g:1][CONSENSUS][PBFT]checkAndChangeView: Reach consensus,org_view=38128,org_changeCycle=0,cur_changeCycle=0,to_view=38129
info|2019-12-12 12:03:17.677628|[P2P][Service] heartBeat,connected count=4
info|2019-12-12 12:03:17.698602|[g:1][CONSENSUS]addRawPrepare,height=69,reqIdx=1,hash=79f86cc1...
info|2019-12-12 12:03:17.709836|[g:1][CONSENSUS][PBFT]checkTimeout Succ,view=38129,toView=38130,nodeIdx=0,changeCycle=0,myNode=1306daf6...,timecost=11.089
info|2019-12-12 12:03:18.579420|[g:1][CONSENSUS][PBFT]checkAndChangeView: Reach consensus,org_view=38129,org_changeCycle=0,cur_changeCycle=0,to_view=38130
info|2019-12-12 12:03:19.231673|[g:1][CONSENSUS]addRawPrepare,height=69,reqIdx=2,hash=9f80baf2...
info|2019-12-12 12:03:19.475348|[g:1][CONSENSUS][PBFT]checkTimeout Succ,view=38130,toView=38131,nodeIdx=0,changeCycle=0,myNode=1306daf6...,timecost=31.46
info|2019-12-12 12:03:20.001415|[g:1][CONSENSUS][PBFT]checkAndChangeView: Reach consensus,org_view=38130,org_changeCycle=0,cur_changeCycle=0,to_view=38131
info|2019-12-12 12:03:21.117639|[g:1][CONSENSUS]addRawPrepare,height=69,reqIdx=3,hash=8da5a53a...
info|2019-12-12 12:03:21.305641|[g:1][CONSENSUS][PBFT]checkTimeout Succ,view=38131,toView=38132,nodeIdx=0,changeCycle=0,myNode=1306daf6...,timecost=23.863
