info|2019-10-23 21:00:00.177641|[g:1][CONSENSUS]addRawPrepare,height=5,reqIdx=3,hash=e0b1bd26...
info|2019-10-23 21:00:00.183097|[g:1][CONSENSUS][PBFT]checkTimeout Succ,view=291,toView=292,nodeIdx=0,changeCycle=0,myNode=1306daf6...,timecost=5.106
info|2019-10-23 21:00:00.184792|[g:1][CONSENSUS][PBFT]checkAndChangeView: Reach consensus,org_view=291,org_changeCycle=0,cur_changeCycle=0,to_view=292
info|2019-10-23 21:00:01.185799|[g:1][CONSENSUS][SEALER]++++++++++++++++ Generating seal on,blkNum=5,tx=0,nodeIdx=0,hash=b1661b92...
info|2019-10-23 21:00:01.201330|[g:1][CONSENSUS][PBFT]checkTimeout Succ,view=292,toView=293,nodeIdx=0,changeCycle=0,myNode=1306daf6...,timecost=0.664
info|2019-10-23 21:00:01.205575|[g:1][CONSENSUS][PBFT]checkAndChangeView: Reach consensus,org_view=292,org_changeCycle=0,cur_changeCycle=0,to_view=293
info|2019-10-23 21:00:02.201662|[g:1][CONSENSUS]addRawPrepare,height=5,reqIdx=1,hash=c3e1675b...
info|2019-10-23 21:00:02.202036|[g:1][CONSENSUS][PBFT]checkTimeout Succ,view=293,toView=294,nodeIdx=0,changeCycle=0,myNode=1306daf6...,timecost=0.279
info|2019-10-23 21:00:02.205773|[g:1][CONSENSUS][PBFT]checkAndChangeView: Reach consensus,org_view=293,org_changeCycle=0,cur_changeCycle=0,to_view=294
info|2019-10-23 21:00:03.214647|[g:1][CONSENSUS]addRawPrepare,height=5,reqIdx=2,hash=8de45d39...
info|2019-10-23 21:00:03.217265|[g:1][CONSENSUS][PBFT]checkTimeout Succ,view=294,toView=295,nodeIdx=0,changeCycle=0,myNode=1306daf6...,timecost=2.545
info|2019-10-23 21:00:03.220075|[g:1][CONSENSUS][PBFT]checkAndChangeView: Reach consensus,org_view=294,org_changeCycle=0,cur_changeCycle=0,to_view=295
info|2019-10-23 21:00:04.245690|[g:1][CONSENSUS]addRawPrepare,height=5,reqIdx=3,hash=66d1783f...
info|2019-10-23 21:00:04.246182|[g:1][CONSENSUS][PBFT]checkTimeout Succ,view=295,toView=296,nodeIdx=0,changeCycle=0,myNode=1306daf6...,timecost=0.447
info|2019-10-23 21:00:04.256079|[g:1][CONSENSUS][PBFT]checkAndChangeView: Reach consensus,org_view=295,org_changeCycle=0,cur_changeCycle=0,to_view=296
info|2019-10-23 21:00:05.261166|[g:1][CONSENSUS][SEALER]++++++++++++++++ Generating seal on,blkNum=5,tx=0,nodeIdx=0,hash=5fd8f43d...
info|2019-10-23 21:00:05.272097|[g:1][CONSENSUS][PBFT]checkTimeout Succ,view=296,toView=297,nodeIdx=0,changeCycle=0,myNode=1306daf6...,timecost=0.444
info|2019-10-23 21:00:05.274284|[g:1][CONSENSUS][PBFT]checkAndChangeView: Reach consensus,org_view=296,org_changeCycle=0,cur_changeCycle=0,to_view=297
info|2019-10-23 21:00:06.273508|[g:1][CONSENSUS]addRawPrepare,height=5,reqIdx=1,hash=0d438a47...
info|2019-10-23 21:00:06.278631|[g:1][CONSENSUS][PBFT]checkTimeout Succ,view=297,toView=298,nodeIdx=0,changeCycle=0,myNode=1306daf6...,timecost=2.917
info|2019-10-23 21:00:06.282134|[g:1][CONSENSUS][PBFT]checkAndChangeView: Reach consensus,org_view=297,org_changeCycle=0,cur_changeCycle=0,to_view=298
info|2019-10-23 21:00:07.133998|[P2P][Service] heartBeat,connected count=3
info|2019-10-23 21:00:07.288402|[g:1][CONSENSUS]addRawPrepare,height=5,reqIdx=2,hash=1db56a36...
info|2019-10-23 21:00:07.294325|[g:1][CONSENSUS][PBFT]checkTimeout Succ,view=298,toView=299,nodeIdx=0,changeCycle=0,myNode=1306daf6...,timecost=4.834
info|2019-10-23 21:00:07.295553|[g:1][CONSENSUS][PBFT]checkAndChangeView: Reach consensus,org_view=298,org_changeCycle=0,cur_changeCycle=0,to_view=299
info|2019-10-23 21:00:08.311455|[g:1][CONSENSUS]addRawPrepare,height=5,reqIdx=3,hash=5a3906f6...
info|2019-10-23 21:00:08.312027|[g:1][CONSENSUS][PBFT]checkTimeout Succ,view=299,toView=300,nodeIdx=0,changeCycle=0,myNode=1306daf6...,timecost=0.475
info|2019-10-23 21:00:08.315721|[g:1][CONSENSUS][PBFT]checkAndChangeView: Reach consensus,org_view=299,org_changeCycle=0,cur_changeCycle=0,to_view=300
info|2019-10-23 21:00:09.318343|[g:1][CONSENSUS][SEALER]++++++++++++++++ Generating seal on,blkNum=5,tx=0,nodeIdx=0,hash=841cb2f6...
info|2019-10-23 21:00:09.333648|[g:1][CONSENSUS][PBFT]checkTimeout Succ,view=300,toView=301,nodeIdx=0,changeCycle=0,myNode=1306daf6...,timecost=0.457
info|2019-10-23 21:00:09.336375|[g:1][CONSENSUS][PBFT]checkAndChangeView: Reach consensus,org_view=300,org_changeCycle=0,cur_changeCycle=0,to_view=301
info|2019-10-23 21:00:10.348813|[g:1][CONSENSUS]addRawPrepare,height=5,reqIdx=1,hash=08e079c8...
info|2019-10-23 21:00:10.349426|[g:1][CONSENSUS][PBFT]checkTimeout Succ,view=301,toView=302,nodeIdx=0,changeCycle=0,myNode=1306daf6...,timecost=0.445
info|2019-10-23 21:00:10.358871|[g:1][CONSENSUS][PBFT]checkAndChangeView: Reach consensus,org_view=301,org_changeCycle=0,cur_changeCycle=0,to_view=302
info|2019-10-23 21:00:11.371207|[g:1][CONSENSUS]addRawPrepare,height=5,reqIdx=2,hash=a38b7a2e...
info|2019-10-23 21:00:11.371470|[g:1][CONSENSUS][PBFT]checkTimeout Succ,view=302,toView=303,nodeIdx=0,changeCycle=0,myNode=1306daf6...,timecost=0.228
info|2019-10-23 21:00:11.376134|[g:1][CONSENSUS][PBFT]checkAndChangeView: Reach consensus,org_view=302,org_changeCycle=0,cur_changeCycle=0,to_view=303
info|2019-10-23 21:00:12.386333|[g:1][CONSENSUS]addRawPrepare,height=5,reqIdx=3,hash=46825069...
info|2019-10-23 21:00:12.396001|[g:1][CONSENSUS][PBFT]checkTimeout Succ,view=303,toView=304,nodeIdx=0,changeCycle=0,myNode=1306daf6...,timecost=8.192
info|2019-10-23 21:00:12.403961|[g:1][CONSENSUS][PBFT]checkAndChangeView: Reach consensus,org_view=303,org_changeCycle=0,cur_changeCycle=0,to_view=304
info|2019-10-23 21:00:13.412232|[g:1][CONSENSUS][SEALER]++++++++++++++++ Generating seal on,blkNum=5,tx=0,nodeIdx=0,hash=2d42bbf1...
info|2019-10-23 21:00:13.436507|[g:1][CONSENSUS][PBFT]checkTimeout Succ,view=304,toView=305,nodeIdx=0,changeCycle=0,myNode=1306daf6...,timecost=0.819
info|2019-10-23 21:00:13.441861|[g:1][CONSENSUS][PBFT]checkAndChangeView: Reach consensus,org_view=304,org_changeCycle=0,cur_changeCycle=0,to_view=305
info|2019-10-23 21:00:14.456809|[g:1][CONSENSUS]addRawPrepare,height=5,reqIdx=1,hash=ca393750...
info|2019-10-23 21:00:14.457280|[g:1][CONSENSUS][PBFT]checkTimeout Succ,view=305,toView=306,nodeIdx=0,changeCycle=0,myNode=1306daf6...,timecost=0.431
info|2019-10-23 21:00:14.464991|[g:1][CONSENSUS][PBFT]checkAndChangeView: Reach consensus,org_view=305,org_changeCycle=0,cur_changeCycle=0,to_view=306
info|2019-10-23 21:00:15.482289|[g:1][CONSENSUS]addRawPrepare,height=5,reqIdx=2,hash=b4147dbe...
info|2019-10-23 21:00:15.482708|[g:1][CONSENSUS][PBFT]checkTimeout Succ,view=306,toView=307,nodeIdx=0,changeCycle=0,myNode=1306daf6...,timecost=0.369
info|2019-10-23 21:00:15.486119|[g:1][CONSENSUS][PBFT]checkAndChangeView: Reach consensus,org_view=306,org_changeCycle=0,cur_changeCycle=0,to_view=307
info|2019-10-23 21:00:16.496240|[g:1][CONSENSUS]addRawPrepare,height=5,reqIdx=3,hash=ae9abe8f...
info|2019-10-23 21:00:16.497557|[g:1][CONSENSUS][PBFT]checkTimeout Succ,view=307,toView=308,nodeIdx=0,changeCycle=0,myNode=1306daf6...,timecost=1.253
info|2019-10-23 21:00:16.503642|[g:1][CONSENSUS][PBFT]checkAndChangeView: Reach consensus,org_view=307,org_changeCycle=0,cur_changeCycle=0,to_view=308
info|2019-10-23 21:00:17.134214|[P2P][Service] heartBeat,connected count=3
info|2019-10-23 21:00:17.505009|[g:1][CONSENSUS][SEALER]++++++++++++++++ Generating seal on,blkNum=5,tx=0,nodeIdx=0,hash=8bc54b99...
info|2019-10-23 21:00:17.517607|[g:1][CONSENSUS][PBFT]checkTimeout Succ,view=308,toView=309,nodeIdx=0,changeCycle=0,myNode=1306daf6...,timecost=0.322
info|2019-10-23 21:00:17.519588|[g:1][CONSENSUS][PBFT]checkAndChangeView: Reach consensus,org_view=308,org_changeCycle=0,cur_changeCycle=0,to_view=309
info|2019-10-23 21:00:18.526955|[g:1][CONSENSUS]addRawPrepare,height=5,reqIdx=1,hash=845cd7d4...
info|2019-10-23 21:00:18.528572|[g:1][CONSENSUS][PBFT]checkTimeout Succ,view=309,toView=310,nodeIdx=0,changeCycle=0,myNode=1306daf6...,timecost=1.536
info|2019-10-23 21:00:18.544725|[g:1][CONSENSUS][PBFT]checkAndChangeView: Reach consensus,org_view=309,org_changeCycle=0,cur_changeCycle=0,to_view=310
info|2019-10-23 21:00:19.555916|[g:1][CONSENSUS]addRawPrepare,height=5,reqIdx=2,hash=11734dce...
info|2019-10-23 21:00:19.558828|[g:1][CONSENSUS][PBFT]checkTimeout Succ,view=310,toView=311,nodeIdx=0,changeCycle=0,myNode=1306daf6...,timecost=2.687
info|2019-10-23 21:00:19.576864|[g:1][CONSENSUS][PBFT]checkAndChangeView: Reach consensus,org_view=310,org_changeCycle=0,cur_changeCycle=0,to_view=311
info|2019-10-23 21:00:20.586280|[g:1][CONSENSUS]addRawPrepare,height=5,reqIdx=3,hash=45b9f7ba...
info|2019-10-23 21:00:20.591106|[g:1][CONSENSUS][PBFT]checkTimeout Succ,view=311,toView=312,nodeIdx=0,changeCycle=0,myNode=1306daf6...,timecost=4.613
info|2019-10-23 21:00:20.600117|[g:1][CONSENSUS][PBFT]checkAndChangeView: Reach consensus,org_view=311,org_changeCycle=0,cur_changeCycle=0,to_view=312
info|2019-10-23 21:00:21.607312|[g:1][CONSENSUS][SEALER]++++++++++++++++ Generating seal on,blkNum=5,tx=0,nodeIdx=0,hash=f2ebe390...
info|2019-10-23 21:00:21.665489|[g:1][CONSENSUS][PBFT]checkTimeout Succ,view=312,toView=313,nodeIdx=0,changeCycle=0,myNode=1306daf6...,timecost=31.329
info|2019-10-23 21:00:21.671982|[g:1][CONSENSUS][PBFT]checkAndChangeView: Reach consensus,org_view=312,org_changeCycle=0,cur_changeCycle=0,to_view=313
info|2019-10-23 21:00:22.692763|[g:1][CONSENSUS]addRawPrepare,height=5,reqIdx=1,hash=2cd713c7...
info|2019-10-23 21:00:22.705099|[g:1][CONSENSUS][PBFT]checkTimeout Succ,view=313,toView=314,nodeIdx=0,changeCycle=0,myNode=1306daf6...,timecost=11.91
info|2019-10-23 21:00:22.733217|[g:1][CONSENSUS][PBFT]checkAndChangeView: Reach consensus,org_view=313,org_changeCycle=0,cur_changeCycle=0,to_view=314
info|2019-10-23 21:00:23.741832|[g:1][CONSENSUS]addRawPrepare,height=5,reqIdx=2,hash=dd2212f9...
info|2019-10-23 21:00:23.747900|[g:1][CONSENSUS][PBFT]checkTimeout Succ,view=314,toView=315,nodeIdx=0,changeCycle=0,myNode=1306daf6...,timecost=6.021
info|2019-10-23 21:00:23.766812|[g:1][CONSENSUS][PBFT]checkAndChangeView: Reach consensus,org_view=314,org_changeCycle=0,cur_changeCycle=0,to_view=315
info|2019-10-23 21:00:24.790685|[g:1][CONSENSUS]addRawPrepare,height=5,reqIdx=3,hash=a38f4a1e...
info|2019-10-23 21:00:24.825866|[g:1][CONSENSUS][PBFT]checkTimeout Succ,view=315,toView=316,nodeIdx=0,changeCycle=0,myNode=1306daf6...,timecost=33.808
info|2019-10-23 21:00:24.880241|[g:1][CONSENSUS][PBFT]checkAndChangeView: Reach consensus,org_view=315,org_changeCycle=0,cur_changeCycle=0,to_view=316
info|2019-10-23 21:00:25.886756|[g:1][CONSENSUS][SEALER]++++++++++++++++ Generating seal on,blkNum=5,tx=0,nodeIdx=0,hash=1f4dd14b...
info|2019-10-23 21:00:25.913656|[g:1][CONSENSUS][PBFT]checkTimeout Succ,view=316,toView=317,nodeIdx=0,changeCycle=0,myNode=1306daf6...,timecost=1.022
info|2019-10-23 21:00:25.924168|[g:1][CONSENSUS][PBFT]checkAndChangeView: Reach consensus,org_view=316,org_changeCycle=0,cur_changeCycle=0,to_view=317
info|2019-10-23 21:00:26.959998|[g:1][CONSENSUS]addRawPrepare,height=5,reqIdx=1,hash=84174f12...
info|2019-10-23 21:00:26.961107|[g:1][CONSENSUS][PBFT]checkTimeout Succ,view=317,toView=318,nodeIdx=0,changeCycle=0,myNode=1306daf6...,timecost=1.06
info|2019-10-23 21:00:26.969355|[g:1][CONSENSUS][PBFT]checkAndChangeView: Reach consensus,org_view=317,org_changeCycle=0,cur_changeCycle=0,to_view=318
info|2019-10-23 21:00:27.134767|[P2P][Service] heartBeat,connected count=3
info|2019-10-23 21:00:27.983288|[g:1][CONSENSUS]addRawPrepare,height=5,reqIdx=2,hash=97dbe81a...
info|2019-10-23 21:00:27.986719|[g:1][CONSENSUS][PBFT]checkTimeout Succ,view=318,toView=319,nodeIdx=0,changeCycle=0,myNode=1306daf6...,timecost=3.345
info|2019-10-23 21:00:27.987548|[g:1][CONSENSUS][PBFT]checkAndChangeView: Reach consensus,org_view=318,org_changeCycle=0,cur_changeCycle=0,to_view=319
info|2019-10-23 21:00:29.000507|[g:1][CONSENSUS]addRawPrepare,height=5,reqIdx=3,hash=20d31b44...
info|2019-10-23 21:00:29.025526|[g:1][CONSENSUS][PBFT]checkTimeout Succ,view=319,toView=320,nodeIdx=0,changeCycle=0,myNode=1306daf6...,timecost=24.73
info|2019-10-23 21:00:29.038588|[g:1][CONSENSUS][PBFT]checkAndChangeView: Reach consensus,org_view=319,org_changeCycle=0,cur_changeCycle=0,to_view=320
info|2019-10-23 21:00:30.040150|[g:1][CONSENSUS][SEALER]++++++++++++++++ Generating seal on,blkNum=5,tx=0,nodeIdx=0,hash=3c2b3c8e...
info|2019-10-23 21:00:30.061715|[g:1][CONSENSUS][PBFT]checkTimeout Succ,view=320,toView=321,nodeIdx=0,changeCycle=0,myNode=1306daf6...,timecost=0.735
info|2019-10-23 21:00:30.072137|[g:1][CONSENSUS][PBFT]checkAndChangeView: Reach consensus,org_view=320,org_changeCycle=0,cur_changeCycle=0,to_view=321
info|2019-10-23 21:00:31.080505|[g:1][CONSENSUS]addRawPrepare,height=5,reqIdx=1,hash=d24244e8...
info|2019-10-23 21:00:31.083076|[g:1][CONSENSUS][PBFT]checkTimeout Succ,view=321,toView=322,nodeIdx=0,changeCycle=0,myNode=1306daf6...,timecost=2.516
info|2019-10-23 21:00:31.139765|[g:1][CONSENSUS][PBFT]checkAndChangeView: Reach consensus,org_view=321,org_changeCycle=0,cur_changeCycle=0,to_view=322
info|2019-10-23 21:00:32.153715|[g:1][CONSENSUS]addRawPrepare,height=5,reqIdx=2,hash=36972449...
info|2019-10-23 21:00:32.155857|[g:1][CONSENSUS][PBFT]checkTimeout Succ,view=322,toView=323,nodeIdx=0,changeCycle=0,myNode=1306daf6...,timecost=1.519
info|2019-10-23 21:00:32.182361|[g:1][CONSENSUS][PBFT]checkAndChangeView: Reach consensus,org_view=322,org_changeCycle=0,cur_changeCycle=0,to_view=323
info|2019-10-23 21:00:33.191181|[g:1][CONSENSUS]addRawPrepare,height=5,reqIdx=3,hash=684bcfa3...
info|2019-10-23 21:00:33.196681|[g:1][CONSENSUS][PBFT]checkTimeout Succ,view=323,toView=324,nodeIdx=0,changeCycle=0,myNode=1306daf6...,timecost=5.329
info|2019-10-23 21:00:33.212905|[g:1][CONSENSUS][PBFT]checkAndChangeView: Reach consensus,org_view=323,org_changeCycle=0,cur_changeCycle=0,to_view=324
info|2019-10-23 21:00:34.217370|[g:1][CONSENSUS][SEALER]++++++++++++++++ Generating seal on,blkNum=5,tx=0,nodeIdx=0,hash=2868e315...
info|2019-10-23 21:00:34.246433|[g:1][CONSENSUS][PBFT]checkTimeout Succ,view=324,toView=325,nodeIdx=0,changeCycle=0,myNode=1306daf6...,timecost=3.924
info|2019-10-23 21:00:34.250402|[g:1][CONSENSUS][PBFT]checkAndChangeView: Reach consensus,org_view=324,org_changeCycle=0,cur_changeCycle=0,to_view=325
info|2019-10-23 21:00:35.271756|[g:1][CONSENSUS]addRawPrepare,height=5,reqIdx=1,hash=4790bbd2...
info|2019-10-23 21:00:35.289116|[g:1][CONSENSUS][PBFT]checkTimeout Succ,view=325,toView=326,nodeIdx=0,changeCycle=0,myNode=1306daf6...,timecost=16.625
info|2019-10-23 21:00:35.298370|[g:1][CONSENSUS][PBFT]checkAndChangeView: Reach consensus,org_view=325,org_changeCycle=0,cur_changeCycle=0,to_view=326
info|2019-10-23 21:00:36.309186|[g:1][CONSENSUS]addRawPrepare,height=5,reqIdx=2,hash=50e9f4ec...
info|2019-10-23 21:00:36.310792|[g:1][CONSENSUS][PBFT]checkTimeout Succ,view=326,toView=327,nodeIdx=0,changeCycle=0,myNode=1306daf6...,timecost=1.527
info|2019-10-23 21:00:36.334892|[g:1][CONSENSUS][PBFT]checkAndChangeView: Reach consensus,org_view=326,org_changeCycle=0,cur_changeCycle=0,to_view=327
info|2019-10-23 21:00:37.135667|[P2P][Service] heartBeat,connected count=3
info|2019-10-23 21:00:37.346850|[g:1][CONSENSUS]addRawPrepare,height=5,reqIdx=3,hash=74087950...
info|2019-10-23 21:00:37.362532|[g:1][CONSENSUS][PBFT]checkTimeout Succ,view=327,toView=328,nodeIdx=0,changeCycle=0,myNode=1306daf6...,timecost=15.437
info|2019-10-23 21:00:37.393322|[g:1][CONSENSUS][PBFT]checkAndChangeView: Reach consensus,org_view=327,org_changeCycle=0,cur_changeCycle=0,to_view=328
info|2019-10-23 21:00:38.397587|[g:1][CONSENSUS][SEALER]++++++++++++++++ Generating seal on,blkNum=5,tx=0,nodeIdx=0,hash=f988e6dc...
info|2019-10-23 21:00:38.417333|[g:1][CONSENSUS][PBFT]checkTimeout Succ,view=328,toView=329,nodeIdx=0,changeCycle=0,myNode=1306daf6...,timecost=0.815
info|2019-10-23 21:00:38.421850|[g:1][CONSENSUS][PBFT]checkAndChangeView: Reach consensus,org_view=328,org_changeCycle=0,cur_changeCycle=0,to_view=329
info|2019-10-23 21:00:39.441228|[g:1][CONSENSUS]addRawPrepare,height=5,reqIdx=1,hash=76f3be7e...
info|2019-10-23 21:00:39.444703|[g:1][CONSENSUS][PBFT]checkTimeout Succ,view=329,toView=330,nodeIdx=0,changeCycle=0,myNode=1306daf6...,timecost=3.276
info|2019-10-23 21:00:39.474210|[g:1][CONSENSUS][PBFT]checkAndChangeView: Reach consensus,org_view=329,org_changeCycle=0,cur_changeCycle=0,to_view=330
info|2019-10-23 21:00:40.499731|[g:1][CONSENSUS]addRawPrepare,height=5,reqIdx=2,hash=3018cd12...
info|2019-10-23 21:00:40.516634|[g:1][CONSENSUS][PBFT]checkTimeout Succ,view=330,toView=331,nodeIdx=0,changeCycle=0,myNode=1306daf6...,timecost=16.461
info|2019-10-23 21:00:40.527610|[g:1][CONSENSUS][PBFT]checkAndChangeView: Reach consensus,org_view=330,org_changeCycle=0,cur_changeCycle=0,to_view=331
info|2019-10-23 21:00:41.529218|[g:1][CONSENSUS]addRawPrepare,height=5,reqIdx=3,hash=1877c693...
info|2019-10-23 21:00:41.535324|[g:1][CONSENSUS][PBFT]checkTimeout Succ,view=331,toView=332,nodeIdx=0,changeCycle=0,myNode=1306daf6...,timecost=6.059
info|2019-10-23 21:00:41.541415|[g:1][CONSENSUS][PBFT]checkAndChangeView: Reach consensus,org_view=331,org_changeCycle=0,cur_changeCycle=0,to_view=332
info|2019-10-23 21:00:42.546861|[g:1][CONSENSUS][SEALER]++++++++++++++++ Generating seal on,blkNum=5,tx=0,nodeIdx=0,hash=b9f0ced7...
info|2019-10-23 21:00:42.562138|[g:1][CONSENSUS][PBFT]checkTimeout Succ,view=332,toView=333,nodeIdx=0,changeCycle=0,myNode=1306daf6...,timecost=0.297
info|2019-10-23 21:00:42.565087|[g:1][CONSENSUS][PBFT]checkAndChangeView: Reach consensus,org_view=332,org_changeCycle=0,cur_changeCycle=0,to_view=333
info|2019-10-23 21:00:43.561052|[g:1][CONSENSUS]addRawPrepare,height=5,reqIdx=1,hash=94bc0a1d...
info|2019-10-23 21:00:43.561464|[g:1][CONSENSUS][PBFT]checkTimeout Succ,view=333,toView=334,nodeIdx=0,changeCycle=0,myNode=1306daf6...,timecost=0.382
info|2019-10-23 21:00:43.563967|[g:1][CONSENSUS][PBFT]checkAndChangeView: Reach consensus,org_view=333,org_changeCycle=0,cur_changeCycle=0,to_view=334
info|2019-10-23 21:00:44.569037|[g:1][CONSENSUS]addRawPrepare,height=5,reqIdx=2,hash=c0d253de...
info|2019-10-23 21:00:44.569938|[g:1][CONSENSUS][PBFT]checkTimeout Succ,view=334,toView=335,nodeIdx=0,changeCycle=0,myNode=1306daf6...,timecost=0.852
info|2019-10-23 21:00:44.570722|[g:1][CONSENSUS][PBFT]checkAndChangeView: Reach consensus,org_view=334,org_changeCycle=0,cur_changeCycle=0,to_view=335
info|2019-10-23 21:00:45.587790|[g:1][CONSENSUS]addRawPrepare,height=5,reqIdx=3,hash=01fe4ef8...
info|2019-10-23 21:00:45.599522|[g:1][CONSENSUS][PBFT]checkTimeout Succ,view=335,toView=336,nodeIdx=0,changeCycle=0,myNode=1306daf6...,timecost=10.927
info|2019-10-23 21:00:45.601464|[g:1][CONSENSUS][PBFT]checkAndChangeView: Reach consensus,org_view=335,org_changeCycle=0,cur_changeCycle=0,to_view=336
info|2019-10-23 21:00:46.603025|[g:1][CONSENSUS][SEALER]++++++++++++++++ Generating seal on,blkNum=5,tx=0,nodeIdx=0,hash=08606903...
info|2019-10-23 21:00:46.620414|[g:1][CONSENSUS][PBFT]checkTimeout Succ,view=336,toView=337,nodeIdx=0,changeCycle=0,myNode=1306daf6...,timecost=0.418
info|2019-10-23 21:00:46.624064|[g:1][CONSENSUS][PBFT]checkAndChangeView: Reach consensus,org_view=336,org_changeCycle=0,cur_changeCycle=0,to_view=337
info|2019-10-23 21:00:47.135860|[P2P][Service] heartBeat,connected count=3
info|2019-10-23 21:00:47.639456|[g:1][CONSENSUS]addRawPrepare,height=5,reqIdx=1,hash=68389afb...
info|2019-10-23 21:00:47.643451|[g:1][CONSENSUS][PBFT]checkTimeout Succ,view=337,toView=338,nodeIdx=0,changeCycle=0,myNode=1306daf6...,timecost=3.542
info|2019-10-23 21:00:47.671970|[g:1][CONSENSUS][PBFT]checkAndChangeView: Reach consensus,org_view=337,org_changeCycle=0,cur_changeCycle=0,to_view=338
info|2019-10-23 21:00:48.683160|[g:1][CONSENSUS]addRawPrepare,height=5,reqIdx=2,hash=ea733912...
info|2019-10-23 21:00:48.683501|[g:1][CONSENSUS][PBFT]checkTimeout Succ,view=338,toView=339,nodeIdx=0,changeCycle=0,myNode=1306daf6...,timecost=0.313
info|2019-10-23 21:00:48.685949|[g:1][CONSENSUS][PBFT]checkAndChangeView: Reach consensus,org_view=338,org_changeCycle=0,cur_changeCycle=0,to_view=339
info|2019-10-23 21:00:49.692101|[g:1][CONSENSUS]addRawPrepare,height=5,reqIdx=3,hash=8a7b0bdf...
info|2019-10-23 21:00:49.692558|[g:1][CONSENSUS][PBFT]checkTimeout Succ,view=339,toView=340,nodeIdx=0,changeCycle=0,myNode=1306daf6...,timecost=0.373
info|2019-10-23 21:00:49.699165|[g:1][CONSENSUS][PBFT]checkAndChangeView: Reach consensus,org_view=339,org_changeCycle=0,cur_changeCycle=0,to_view=340
info|2019-10-23 21:00:50.699778|[g:1][CONSENSUS][SEALER]++++++++++++++++ Generating seal on,blkNum=5,tx=0,nodeIdx=0,hash=3b357271...
info|2019-10-23 21:00:50.724918|[g:1][CONSENSUS][PBFT]checkTimeout Succ,view=340,toView=341,nodeIdx=0,changeCycle=0,myNode=1306daf6...,timecost=0.445
info|2019-10-23 21:00:50.726984|[g:1][CONSENSUS][PBFT]checkAndChangeView: Reach consensus,org_view=340,org_changeCycle=0,cur_changeCycle=0,to_view=341
info|2019-10-23 21:00:51.713984|[g:1][CONSENSUS]addRawPrepare,height=5,reqIdx=1,hash=6de1b859...
info|2019-10-23 21:00:51.714475|[g:1][CONSENSUS][PBFT]checkTimeout Succ,view=341,toView=342,nodeIdx=0,changeCycle=0,myNode=1306daf6...,timecost=0.457
info|2019-10-23 21:00:51.719477|[g:1][CONSENSUS][PBFT]checkAndChangeView: Reach consensus,org_view=341,org_changeCycle=0,cur_changeCycle=0,to_view=342
info|2019-10-23 21:00:52.724033|[g:1][CONSENSUS]addRawPrepare,height=5,reqIdx=2,hash=fa233f17...
info|2019-10-23 21:00:52.728824|[g:1][CONSENSUS][PBFT]checkTimeout Succ,view=342,toView=343,nodeIdx=0,changeCycle=0,myNode=1306daf6...,timecost=4.723
info|2019-10-23 21:00:52.733104|[g:1][CONSENSUS][PBFT]checkAndChangeView: Reach consensus,org_view=342,org_changeCycle=0,cur_changeCycle=0,to_view=343
info|2019-10-23 21:00:53.748673|[g:1][CONSENSUS]addRawPrepare,height=5,reqIdx=3,hash=5524f8b9...
info|2019-10-23 21:00:53.780611|[g:1][CONSENSUS][PBFT]checkTimeout Succ,view=343,toView=344,nodeIdx=0,changeCycle=0,myNode=1306daf6...,timecost=29.673
info|2019-10-23 21:00:53.794285|[g:1][CONSENSUS][PBFT]checkAndChangeView: Reach consensus,org_view=343,org_changeCycle=0,cur_changeCycle=0,to_view=344
info|2019-10-23 21:00:54.795355|[g:1][CONSENSUS][SEALER]++++++++++++++++ Generating seal on,blkNum=5,tx=0,nodeIdx=0,hash=4163c5b2...
info|2019-10-23 21:00:54.817497|[g:1][CONSENSUS][PBFT]checkTimeout Succ,view=344,toView=345,nodeIdx=0,changeCycle=0,myNode=1306daf6...,timecost=0.842
info|2019-10-23 21:00:54.821701|[g:1][CONSENSUS][PBFT]checkAndChangeView: Reach consensus,org_view=344,org_changeCycle=0,cur_changeCycle=0,to_view=345
info|2019-10-23 21:00:55.845116|[g:1][CONSENSUS]addRawPrepare,height=5,reqIdx=1,hash=5469c118...
info|2019-10-23 21:00:55.857667|[g:1][CONSENSUS][PBFT]checkTimeout Succ,view=345,toView=346,nodeIdx=0,changeCycle=0,myNode=1306daf6...,timecost=12.136
info|2019-10-23 21:00:55.859013|[g:1][CONSENSUS][PBFT]checkAndChangeView: Reach consensus,org_view=345,org_changeCycle=0,cur_changeCycle=0,to_view=346
info|2019-10-23 21:00:56.864289|[g:1][CONSENSUS]addRawPrepare,height=5,reqIdx=2,hash=978d8eda...
info|2019-10-23 21:00:56.871934|[g:1][CONSENSUS][PBFT]checkTimeout Succ,view=346,toView=347,nodeIdx=0,changeCycle=0,myNode=1306daf6...,timecost=6.462
info|2019-10-23 21:00:56.873343|[g:1][CONSENSUS][PBFT]checkAndChangeView: Reach consensus,org_view=346,org_changeCycle=0,cur_changeCycle=0,to_view=347
info|2019-10-23 21:00:57.136982|[P2P][Service] heartBeat,connected count=3
info|2019-10-23 21:00:57.881502|[g:1][CONSENSUS][PBFT]Trigger fast-viewchange,view=347,toView=347,minView=348,INFO=,reqNum=4,curNum=4,GenIdx=1,Cview=348,view=347,fromIdx=1,fromNode=6a73c813...,fromIp=127.0.0.1:30302,hash=8cece3cf...,nodeIdx=0,myNode=1306daf6...
info|2019-10-23 21:00:57.886141|[g:1][CONSENSUS][PBFT]checkAndChangeView: Reach consensus,org_view=347,org_changeCycle=0,cur_changeCycle=0,to_view=348
info|2019-10-23 21:00:57.886264|[g:1][CONSENSUS][PBFT]checkTimeout Succ,view=348,toView=348,nodeIdx=0,changeCycle=0,myNode=1306daf6...,timecost=3.173
info|2019-10-23 21:00:58.886616|[g:1][CONSENSUS][SEALER]++++++++++++++++ Generating seal on,blkNum=5,tx=0,nodeIdx=0,hash=6f2093f7...
info|2019-10-23 21:00:58.896651|[g:1][CONSENSUS][PBFT]checkTimeout Succ,view=348,toView=349,nodeIdx=0,changeCycle=0,myNode=1306daf6...,timecost=0.27
info|2019-10-23 21:00:58.897930|[g:1][CONSENSUS][PBFT]checkAndChangeView: Reach consensus,org_view=348,org_changeCycle=0,cur_changeCycle=0,to_view=349
info|2019-10-23 21:00:59.897972|[g:1][CONSENSUS]addRawPrepare,height=5,reqIdx=1,hash=edfb041a...
info|2019-10-23 21:00:59.898257|[g:1][CONSENSUS][PBFT]checkTimeout Succ,view=349,toView=350,nodeIdx=0,changeCycle=0,myNode=1306daf6...,timecost=0.257
info|2019-10-23 21:00:59.901530|[g:1][CONSENSUS][PBFT]checkAndChangeView: Reach consensus,org_view=349,org_changeCycle=0,cur_changeCycle=0,to_view=350
info|2019-10-23 21:01:00.917524|[g:1][CONSENSUS]addRawPrepare,height=5,reqIdx=2,hash=f3ad711d...
info|2019-10-23 21:01:00.934062|[g:1][CONSENSUS][PBFT]checkTimeout Succ,view=350,toView=351,nodeIdx=0,changeCycle=0,myNode=1306daf6...,timecost=14.561
info|2019-10-23 21:01:00.936286|[g:1][CONSENSUS][PBFT]checkAndChangeView: Reach consensus,org_view=350,org_changeCycle=0,cur_changeCycle=0,to_view=351
info|2019-10-23 21:01:01.934404|[g:1][CONSENSUS]addRawPrepare,height=5,reqIdx=3,hash=ec132fd3...
info|2019-10-23 21:01:01.934851|[g:1][CONSENSUS][PBFT]checkTimeout Succ,view=351,toView=352,nodeIdx=0,changeCycle=0,myNode=1306daf6...,timecost=0.422
info|2019-10-23 21:01:01.939025|[g:1][CONSENSUS][PBFT]checkAndChangeView: Reach consensus,org_view=351,org_changeCycle=0,cur_changeCycle=0,to_view=352
info|2019-10-23 21:01:02.940222|[g:1][CONSENSUS][SEALER]++++++++++++++++ Generating seal on,blkNum=5,tx=0,nodeIdx=0,hash=8f497a85...
info|2019-10-23 21:01:02.952548|[g:1][CONSENSUS][PBFT]checkTimeout Succ,view=352,toView=353,nodeIdx=0,changeCycle=0,myNode=1306daf6...,timecost=0.412
info|2019-10-23 21:01:02.954501|[g:1][CONSENSUS][PBFT]checkAndChangeView: Reach consensus,org_view=352,org_changeCycle=0,cur_changeCycle=0,to_view=353
info|2019-10-23 21:01:03.953849|[g:1][CONSENSUS]addRawPrepare,height=5,reqIdx=1,hash=a86b9e01...
info|2019-10-23 21:01:03.954108|[g:1][CONSENSUS][PBFT]checkTimeout Succ,view=353,toView=354,nodeIdx=0,changeCycle=0,myNode=1306daf6...,timecost=0.226
info|2019-10-23 21:01:03.959103|[g:1][CONSENSUS][PBFT]checkAndChangeView: Reach consensus,org_view=353,org_changeCycle=0,cur_changeCycle=0,to_view=354
info|2019-10-23 21:01:04.959407|[g:1][CONSENSUS]addRawPrepare,height=5,reqIdx=2,hash=96892122...
info|2019-10-23 21:01:04.964146|[g:1][CONSENSUS][PBFT]checkTimeout Succ,view=354,toView=355,nodeIdx=0,changeCycle=0,myNode=1306daf6...,timecost=4.677
info|2019-10-23 21:01:04.971315|[g:1][CONSENSUS][PBFT]checkAndChangeView: Reach consensus,org_view=354,org_changeCycle=0,cur_changeCycle=0,to_view=355
info|2019-10-23 21:01:05.983938|[g:1][CONSENSUS]addRawPrepare,height=5,reqIdx=3,hash=362f88e5...
info|2019-10-23 21:01:05.984321|[g:1][CONSENSUS][PBFT]checkTimeout Succ,view=355,toView=356,nodeIdx=0,changeCycle=0,myNode=1306daf6...,timecost=0.347
info|2019-10-23 21:01:05.989344|[g:1][CONSENSUS][PBFT]checkAndChangeView: Reach consensus,org_view=355,org_changeCycle=0,cur_changeCycle=0,to_view=356
info|2019-10-23 21:01:06.992838|[g:1][CONSENSUS][SEALER]++++++++++++++++ Generating seal on,blkNum=5,tx=0,nodeIdx=0,hash=7be0852d...
info|2019-10-23 21:01:07.024045|[g:1][CONSENSUS][PBFT]checkTimeout Succ,view=356,toView=357,nodeIdx=0,changeCycle=0,myNode=1306daf6...,timecost=7.225
info|2019-10-23 21:01:07.065668|[g:1][CONSENSUS][PBFT]checkAndChangeView: Reach consensus,org_view=356,org_changeCycle=0,cur_changeCycle=0,to_view=357
info|2019-10-23 21:01:07.137252|[P2P][Service] heartBeat,connected count=3
info|2019-10-23 21:01:08.066611|[g:1][CONSENSUS]addRawPrepare,height=5,reqIdx=1,hash=de478514...
info|2019-10-23 21:01:08.066899|[g:1][CONSENSUS][PBFT]checkTimeout Succ,view=357,toView=358,nodeIdx=0,changeCycle=0,myNode=1306daf6...,timecost=0.259
info|2019-10-23 21:01:08.071517|[g:1][CONSENSUS][PBFT]checkAndChangeView: Reach consensus,org_view=357,org_changeCycle=0,cur_changeCycle=0,to_view=358
info|2019-10-23 21:01:09.077232|[g:1][CONSENSUS]addRawPrepare,height=5,reqIdx=2,hash=cfab1543...
info|2019-10-23 21:01:09.079704|[g:1][CONSENSUS][PBFT]checkTimeout Succ,view=358,toView=359,nodeIdx=0,changeCycle=0,myNode=1306daf6...,timecost=2.411
info|2019-10-23 21:01:09.085433|[g:1][CONSENSUS][PBFT]checkAndChangeView: Reach consensus,org_view=358,org_changeCycle=0,cur_changeCycle=0,to_view=359
info|2019-10-23 21:01:10.145444|[g:1][CONSENSUS]addRawPrepare,height=5,reqIdx=3,hash=cc5d7409...
info|2019-10-23 21:01:10.148114|[g:1][CONSENSUS][PBFT]checkTimeout Succ,view=359,toView=360,nodeIdx=0,changeCycle=0,myNode=1306daf6...,timecost=2.361
info|2019-10-23 21:01:10.189102|[g:1][CONSENSUS][PBFT]checkAndChangeView: Reach consensus,org_view=359,org_changeCycle=0,cur_changeCycle=0,to_view=360
info|2019-10-23 21:01:11.191524|[g:1][CONSENSUS][SEALER]++++++++++++++++ Generating seal on,blkNum=5,tx=0,nodeIdx=0,hash=7c97da77...
info|2019-10-23 21:01:11.226915|[g:1][CONSENSUS][PBFT]checkTimeout Succ,view=360,toView=361,nodeIdx=0,changeCycle=0,myNode=1306daf6...,timecost=9.772
info|2019-10-23 21:01:11.252183|[g:1][CONSENSUS][PBFT]checkAndChangeView: Reach consensus,org_view=360,org_changeCycle=0,cur_changeCycle=0,to_view=361
info|2019-10-23 21:01:12.266003|[g:1][CONSENSUS]addRawPrepare,height=5,reqIdx=1,hash=cfe01aa2...
info|2019-10-23 21:01:12.269693|[g:1][CONSENSUS][PBFT]checkTimeout Succ,view=361,toView=362,nodeIdx=0,changeCycle=0,myNode=1306daf6...,timecost=3.476
info|2019-10-23 21:01:12.294633|[g:1][CONSENSUS][PBFT]checkAndChangeView: Reach consensus,org_view=361,org_changeCycle=0,cur_changeCycle=0,to_view=362
info|2019-10-23 21:01:13.310914|[g:1][CONSENSUS]addRawPrepare,height=5,reqIdx=2,hash=ae5deaa4...
info|2019-10-23 21:01:13.316759|[g:1][CONSENSUS][PBFT]checkTimeout Succ,view=362,toView=363,nodeIdx=0,changeCycle=0,myNode=1306daf6...,timecost=5.787
info|2019-10-23 21:01:13.321642|[g:1][CONSENSUS][PBFT]checkAndChangeView: Reach consensus,org_view=362,org_changeCycle=0,cur_changeCycle=0,to_view=363
info|2019-10-23 21:01:14.338055|[g:1][CONSENSUS]addRawPrepare,height=5,reqIdx=3,hash=f81c66cd...
info|2019-10-23 21:01:14.338415|[g:1][CONSENSUS][PBFT]checkTimeout Succ,view=363,toView=364,nodeIdx=0,changeCycle=0,myNode=1306daf6...,timecost=0.309
info|2019-10-23 21:01:14.348026|[g:1][CONSENSUS][PBFT]checkAndChangeView: Reach consensus,org_view=363,org_changeCycle=0,cur_changeCycle=0,to_view=364
info|2019-10-23 21:01:15.349131|[g:1][CONSENSUS][SEALER]++++++++++++++++ Generating seal on,blkNum=5,tx=0,nodeIdx=0,hash=5d19344e...
info|2019-10-23 21:01:15.358056|[g:1][CONSENSUS][PBFT]checkTimeout Succ,view=364,toView=365,nodeIdx=0,changeCycle=0,myNode=1306daf6...,timecost=0.276
info|2019-10-23 21:01:15.359268|[g:1][CONSENSUS][PBFT]checkAndChangeView: Reach consensus,org_view=364,org_changeCycle=0,cur_changeCycle=0,to_view=365
info|2019-10-23 21:01:16.361844|[g:1][CONSENSUS]addRawPrepare,height=5,reqIdx=1,hash=2583a004...
info|2019-10-23 21:01:16.362271|[g:1][CONSENSUS][PBFT]checkTimeout Succ,view=365,toView=366,nodeIdx=0,changeCycle=0,myNode=1306daf6...,timecost=0.384
info|2019-10-23 21:01:16.367389|[g:1][CONSENSUS][PBFT]checkAndChangeView: Reach consensus,org_view=365,org_changeCycle=0,cur_changeCycle=0,to_view=366
info|2019-10-23 21:01:17.137746|[P2P][Service] heartBeat,connected count=3
info|2019-10-23 21:01:17.372013|[g:1][CONSENSUS]addRawPrepare,height=5,reqIdx=2,hash=cd8628ea...
info|2019-10-23 21:01:17.372335|[g:1][CONSENSUS][PBFT]checkTimeout Succ,view=366,toView=367,nodeIdx=0,changeCycle=0,myNode=1306daf6...,timecost=0.276
info|2019-10-23 21:01:17.375389|[g:1][CONSENSUS][PBFT]checkAndChangeView: Reach consensus,org_view=366,org_changeCycle=0,cur_changeCycle=0,to_view=367
info|2019-10-23 21:01:18.383066|[g:1][CONSENSUS]addRawPrepare,height=5,reqIdx=3,hash=5f1fef2b...
info|2019-10-23 21:01:18.385559|[g:1][CONSENSUS][PBFT]checkTimeout Succ,view=367,toView=368,nodeIdx=0,changeCycle=0,myNode=1306daf6...,timecost=2.439
info|2019-10-23 21:01:18.400682|[g:1][CONSENSUS][PBFT]checkAndChangeView: Reach consensus,org_view=367,org_changeCycle=0,cur_changeCycle=0,to_view=368
info|2019-10-23 21:01:19.410044|[g:1][CONSENSUS][SEALER]++++++++++++++++ Generating seal on,blkNum=5,tx=0,nodeIdx=0,hash=9285d069...
info|2019-10-23 21:01:19.431888|[g:1][CONSENSUS][PBFT]checkTimeout Succ,view=368,toView=369,nodeIdx=0,changeCycle=0,myNode=1306daf6...,timecost=0.882
info|2019-10-23 21:01:19.435814|[g:1][CONSENSUS][PBFT]checkAndChangeView: Reach consensus,org_view=368,org_changeCycle=0,cur_changeCycle=0,to_view=369
info|2019-10-23 21:01:20.447167|[g:1][CONSENSUS]addRawPrepare,height=5,reqIdx=1,hash=f1684485...
info|2019-10-23 21:01:20.451153|[g:1][CONSENSUS][PBFT]checkTimeout Succ,view=369,toView=370,nodeIdx=0,changeCycle=0,myNode=1306daf6...,timecost=3.892
info|2019-10-23 21:01:20.454315|[g:1][CONSENSUS][PBFT]checkAndChangeView: Reach consensus,org_view=369,org_changeCycle=0,cur_changeCycle=0,to_view=370
info|2019-10-23 21:01:21.467600|[g:1][CONSENSUS]addRawPrepare,height=5,reqIdx=2,hash=51b7316e...
info|2019-10-23 21:01:21.474127|[g:1][CONSENSUS][PBFT]checkTimeout Succ,view=370,toView=371,nodeIdx=0,changeCycle=0,myNode=1306daf6...,timecost=1.426
info|2019-10-23 21:01:21.489200|[g:1][CONSENSUS][PBFT]checkAndChangeView: Reach consensus,org_view=370,org_changeCycle=0,cur_changeCycle=0,to_view=371
info|2019-10-23 21:01:22.502369|[g:1][CONSENSUS]addRawPrepare,height=5,reqIdx=3,hash=cb74123d...
info|2019-10-23 21:01:22.506771|[g:1][CONSENSUS][PBFT]checkTimeout Succ,view=371,toView=372,nodeIdx=0,changeCycle=0,myNode=1306daf6...,timecost=4.342
info|2019-10-23 21:01:22.511205|[g:1][CONSENSUS][PBFT]checkAndChangeView: Reach consensus,org_view=371,org_changeCycle=0,cur_changeCycle=0,to_view=372
info|2019-10-23 21:01:23.513221|[g:1][CONSENSUS][SEALER]++++++++++++++++ Generating seal on,blkNum=5,tx=0,nodeIdx=0,hash=c1ff2cc9...
info|2019-10-23 21:01:23.523374|[g:1][CONSENSUS][PBFT]checkTimeout Succ,view=372,toView=373,nodeIdx=0,changeCycle=0,myNode=1306daf6...,timecost=0.274
info|2019-10-23 21:01:23.524708|[g:1][CONSENSUS][PBFT]checkAndChangeView: Reach consensus,org_view=372,org_changeCycle=0,cur_changeCycle=0,to_view=373
info|2019-10-23 21:01:24.524498|[g:1][CONSENSUS]addRawPrepare,height=5,reqIdx=1,hash=07e5b7f4...
info|2019-10-23 21:01:24.525028|[g:1][CONSENSUS][PBFT]checkTimeout Succ,view=373,toView=374,nodeIdx=0,changeCycle=0,myNode=1306daf6...,timecost=0.482
info|2019-10-23 21:01:24.530749|[g:1][CONSENSUS][PBFT]checkAndChangeView: Reach consensus,org_view=373,org_changeCycle=0,cur_changeCycle=0,to_view=374
info|2019-10-23 21:01:25.536101|[g:1][CONSENSUS]addRawPrepare,height=5,reqIdx=2,hash=54bb685d...
info|2019-10-23 21:01:25.536456|[g:1][CONSENSUS][PBFT]checkTimeout Succ,view=374,toView=375,nodeIdx=0,changeCycle=0,myNode=1306daf6...,timecost=0.321
info|2019-10-23 21:01:25.537449|[g:1][CONSENSUS][PBFT]checkAndChangeView: Reach consensus,org_view=374,org_changeCycle=0,cur_changeCycle=0,to_view=375
info|2019-10-23 21:01:26.547898|[g:1][CONSENSUS]addRawPrepare,height=5,reqIdx=3,hash=32650c9e...
info|2019-10-23 21:01:26.551811|[g:1][CONSENSUS][PBFT]checkTimeout Succ,view=375,toView=376,nodeIdx=0,changeCycle=0,myNode=1306daf6...,timecost=3.587
info|2019-10-23 21:01:26.555010|[g:1][CONSENSUS][PBFT]checkAndChangeView: Reach consensus,org_view=375,org_changeCycle=0,cur_changeCycle=0,to_view=376
info|2019-10-23 21:01:27.137927|[P2P][Service] heartBeat,connected count=3
info|2019-10-23 21:01:27.556974|[g:1][CONSENSUS][SEALER]++++++++++++++++ Generating seal on,blkNum=5,tx=0,nodeIdx=0,hash=c228b351...
info|2019-10-23 21:01:27.576852|[g:1][CONSENSUS][PBFT]checkTimeout Succ,view=376,toView=377,nodeIdx=0,changeCycle=0,myNode=1306daf6...,timecost=0.665
info|2019-10-23 21:01:27.580855|[g:1][CONSENSUS][PBFT]checkAndChangeView: Reach consensus,org_view=376,org_changeCycle=0,cur_changeCycle=0,to_view=377
info|2019-10-23 21:01:28.598330|[g:1][CONSENSUS]addRawPrepare,height=5,reqIdx=1,hash=594efd6c...
info|2019-10-23 21:01:28.599917|[g:1][CONSENSUS][PBFT]checkTimeout Succ,view=377,toView=378,nodeIdx=0,changeCycle=0,myNode=1306daf6...,timecost=1.316
info|2019-10-23 21:01:28.621182|[g:1][CONSENSUS][PBFT]checkAndChangeView: Reach consensus,org_view=377,org_changeCycle=0,cur_changeCycle=0,to_view=378
info|2019-10-23 21:01:29.642790|[g:1][CONSENSUS]addRawPrepare,height=5,reqIdx=2,hash=5674b45d...
info|2019-10-23 21:01:29.646268|[g:1][CONSENSUS][PBFT]checkTimeout Succ,view=378,toView=379,nodeIdx=0,changeCycle=0,myNode=1306daf6...,timecost=3.322
info|2019-10-23 21:01:29.672837|[g:1][CONSENSUS][PBFT]checkAndChangeView: Reach consensus,org_view=378,org_changeCycle=0,cur_changeCycle=0,to_view=379
info|2019-10-23 21:01:30.681407|[g:1][CONSENSUS]addRawPrepare,height=5,reqIdx=3,hash=ad2fcb6d...
info|2019-10-23 21:01:30.681740|[g:1][CONSENSUS][PBFT]checkTimeout Succ,view=379,toView=380,nodeIdx=0,changeCycle=0,myNode=1306daf6...,timecost=0.244
info|2019-10-23 21:01:30.684147|[g:1][CONSENSUS][PBFT]checkAndChangeView: Reach consensus,org_view=379,org_changeCycle=0,cur_changeCycle=0,to_view=380
info|2019-10-23 21:01:31.686845|[g:1][CONSENSUS][SEALER]++++++++++++++++ Generating seal on,blkNum=5,tx=0,nodeIdx=0,hash=c8595d5e...
info|2019-10-23 21:01:31.715020|[g:1][CONSENSUS][PBFT]checkTimeout Succ,view=380,toView=381,nodeIdx=0,changeCycle=0,myNode=1306daf6...,timecost=2.89
info|2019-10-23 21:01:31.720251|[g:1][CONSENSUS][PBFT]checkAndChangeView: Reach consensus,org_view=380,org_changeCycle=0,cur_changeCycle=0,to_view=381
info|2019-10-23 21:01:32.737509|[g:1][CONSENSUS]addRawPrepare,height=5,reqIdx=1,hash=25757e49...
info|2019-10-23 21:01:32.738636|[g:1][CONSENSUS][PBFT]checkTimeout Succ,view=381,toView=382,nodeIdx=0,changeCycle=0,myNode=1306daf6...,timecost=1.016
info|2019-10-23 21:01:32.746312|[g:1][CONSENSUS][PBFT]checkAndChangeView: Reach consensus,org_view=381,org_changeCycle=0,cur_changeCycle=0,to_view=382
info|2019-10-23 21:01:33.765781|[g:1][CONSENSUS]addRawPrepare,height=5,reqIdx=2,hash=eb57dc63...
info|2019-10-23 21:01:33.771657|[g:1][CONSENSUS][PBFT]checkTimeout Succ,view=382,toView=383,nodeIdx=0,changeCycle=0,myNode=1306daf6...,timecost=5.215
info|2019-10-23 21:01:33.772651|[g:1][CONSENSUS][PBFT]checkAndChangeView: Reach consensus,org_view=382,org_changeCycle=0,cur_changeCycle=0,to_view=383
info|2019-10-23 21:01:34.777913|[g:1][CONSENSUS]addRawPrepare,height=5,reqIdx=3,hash=3f591041...
info|2019-10-23 21:01:34.778227|[g:1][CONSENSUS][PBFT]checkTimeout Succ,view=383,toView=384,nodeIdx=0,changeCycle=0,myNode=1306daf6...,timecost=0.272
info|2019-10-23 21:01:34.781139|[g:1][CONSENSUS][PBFT]checkAndChangeView: Reach consensus,org_view=383,org_changeCycle=0,cur_changeCycle=0,to_view=384
info|2019-10-23 21:01:35.782311|[g:1][CONSENSUS][SEALER]++++++++++++++++ Generating seal on,blkNum=5,tx=0,nodeIdx=0,hash=800b18e9...
info|2019-10-23 21:01:35.795576|[g:1][CONSENSUS][PBFT]checkTimeout Succ,view=384,toView=385,nodeIdx=0,changeCycle=0,myNode=1306daf6...,timecost=0.373
info|2019-10-23 21:01:35.797196|[g:1][CONSENSUS][PBFT]checkAndChangeView: Reach consensus,org_view=384,org_changeCycle=0,cur_changeCycle=0,to_view=385
info|2019-10-23 21:01:36.798358|[g:1][CONSENSUS]addRawPrepare,height=5,reqIdx=1,hash=02b9a869...
info|2019-10-23 21:01:36.801631|[g:1][CONSENSUS][PBFT]checkTimeout Succ,view=385,toView=386,nodeIdx=0,changeCycle=0,myNode=1306daf6...,timecost=3.197
info|2019-10-23 21:01:36.817161|[g:1][CONSENSUS][PBFT]checkAndChangeView: Reach consensus,org_view=385,org_changeCycle=0,cur_changeCycle=0,to_view=386
info|2019-10-23 21:01:37.138172|[P2P][Service] heartBeat,connected count=3
info|2019-10-23 21:01:37.824863|[g:1][CONSENSUS]addRawPrepare,height=5,reqIdx=2,hash=d520374c...
info|2019-10-23 21:01:37.831644|[g:1][CONSENSUS][PBFT]checkTimeout Succ,view=386,toView=387,nodeIdx=0,changeCycle=0,myNode=1306daf6...,timecost=2.783
info|2019-10-23 21:01:37.835611|[g:1][CONSENSUS][PBFT]checkAndChangeView: Reach consensus,org_view=386,org_changeCycle=0,cur_changeCycle=0,to_view=387
info|2019-10-23 21:01:38.851308|[g:1][CONSENSUS]addRawPrepare,height=5,reqIdx=3,hash=7459a4a6...
info|2019-10-23 21:01:38.857236|[g:1][CONSENSUS][PBFT]checkTimeout Succ,view=387,toView=388,nodeIdx=0,changeCycle=0,myNode=1306daf6...,timecost=5.776
info|2019-10-23 21:01:38.876360|[g:1][CONSENSUS][PBFT]checkAndChangeView: Reach consensus,org_view=387,org_changeCycle=0,cur_changeCycle=0,to_view=388
info|2019-10-23 21:01:39.883033|[g:1][CONSENSUS][SEALER]++++++++++++++++ Generating seal on,blkNum=5,tx=0,nodeIdx=0,hash=40246e90...
info|2019-10-23 21:01:39.893994|[g:1][CONSENSUS][PBFT]checkTimeout Succ,view=388,toView=389,nodeIdx=0,changeCycle=0,myNode=1306daf6...,timecost=0.359
info|2019-10-23 21:01:39.895398|[g:1][CONSENSUS][PBFT]checkAndChangeView: Reach consensus,org_view=388,org_changeCycle=0,cur_changeCycle=0,to_view=389
info|2019-10-23 21:01:40.929226|[g:1][CONSENSUS]addRawPrepare,height=5,reqIdx=1,hash=3018492d...
info|2019-10-23 21:01:40.932107|[g:1][CONSENSUS][PBFT]checkTimeout Succ,view=389,toView=390,nodeIdx=0,changeCycle=0,myNode=1306daf6...,timecost=2.02
info|2019-10-23 21:01:40.941450|[g:1][CONSENSUS][PBFT]checkAndChangeView: Reach consensus,org_view=389,org_changeCycle=0,cur_changeCycle=0,to_view=390
info|2019-10-23 21:01:41.985891|[g:1][CONSENSUS]addRawPrepare,height=5,reqIdx=2,hash=a77f85d0...
info|2019-10-23 21:01:41.988672|[g:1][CONSENSUS][PBFT]checkTimeout Succ,view=390,toView=391,nodeIdx=0,changeCycle=0,myNode=1306daf6...,timecost=2.364
info|2019-10-23 21:01:42.039822|[g:1][CONSENSUS][PBFT]checkAndChangeView: Reach consensus,org_view=390,org_changeCycle=0,cur_changeCycle=0,to_view=391
info|2019-10-23 21:01:43.028099|[g:1][CONSENSUS]addRawPrepare,height=5,reqIdx=3,hash=a2f0c4c7...
info|2019-10-23 21:01:43.034859|[g:1][CONSENSUS][PBFT]checkTimeout Succ,view=391,toView=392,nodeIdx=0,changeCycle=0,myNode=1306daf6...,timecost=4.298
info|2019-10-23 21:01:43.035740|[g:1][CONSENSUS][PBFT]checkAndChangeView: Reach consensus,org_view=391,org_changeCycle=0,cur_changeCycle=0,to_view=392
info|2019-10-23 21:01:44.036553|[g:1][CONSENSUS][SEALER]++++++++++++++++ Generating seal on,blkNum=5,tx=0,nodeIdx=0,hash=a924cbd8...
info|2019-10-23 21:01:44.044823|[g:1][CONSENSUS][PBFT]checkTimeout Succ,view=392,toView=393,nodeIdx=0,changeCycle=0,myNode=1306daf6...,timecost=0.229
info|2019-10-23 21:01:44.045888|[g:1][CONSENSUS][PBFT]checkAndChangeView: Reach consensus,org_view=392,org_changeCycle=0,cur_changeCycle=0,to_view=393
info|2019-10-23 21:01:45.046565|[g:1][CONSENSUS]addRawPrepare,height=5,reqIdx=1,hash=3b63f70a...
info|2019-10-23 21:01:45.047017|[g:1][CONSENSUS][PBFT]checkTimeout Succ,view=393,toView=394,nodeIdx=0,changeCycle=0,myNode=1306daf6...,timecost=0.421
info|2019-10-23 21:01:45.051663|[g:1][CONSENSUS][PBFT]checkAndChangeView: Reach consensus,org_view=393,org_changeCycle=0,cur_changeCycle=0,to_view=394
info|2019-10-23 21:01:46.055612|[g:1][CONSENSUS]addRawPrepare,height=5,reqIdx=2,hash=ae71ff63...
info|2019-10-23 21:01:46.056111|[g:1][CONSENSUS][PBFT]checkTimeout Succ,view=394,toView=395,nodeIdx=0,changeCycle=0,myNode=1306daf6...,timecost=0.458
info|2019-10-23 21:01:46.060914|[g:1][CONSENSUS][PBFT]checkAndChangeView: Reach consensus,org_view=394,org_changeCycle=0,cur_changeCycle=0,to_view=395
info|2019-10-23 21:01:47.064900|[g:1][CONSENSUS]addRawPrepare,height=5,reqIdx=3,hash=92405f5a...
info|2019-10-23 21:01:47.065223|[g:1][CONSENSUS][PBFT]checkTimeout Succ,view=395,toView=396,nodeIdx=0,changeCycle=0,myNode=1306daf6...,timecost=0.283
info|2019-10-23 21:01:47.069993|[g:1][CONSENSUS][PBFT]checkAndChangeView: Reach consensus,org_view=395,org_changeCycle=0,cur_changeCycle=0,to_view=396
info|2019-10-23 21:01:47.139562|[P2P][Service] heartBeat,connected count=3
info|2019-10-23 21:01:48.071625|[g:1][CONSENSUS][SEALER]++++++++++++++++ Generating seal on,blkNum=5,tx=0,nodeIdx=0,hash=9ec55491...
info|2019-10-23 21:01:48.088797|[g:1][CONSENSUS][PBFT]checkTimeout Succ,view=396,toView=397,nodeIdx=0,changeCycle=0,myNode=1306daf6...,timecost=0.587
info|2019-10-23 21:01:48.092076|[g:1][CONSENSUS][PBFT]checkAndChangeView: Reach consensus,org_view=396,org_changeCycle=0,cur_changeCycle=0,to_view=397
info|2019-10-23 21:01:49.091062|[g:1][CONSENSUS]addRawPrepare,height=5,reqIdx=1,hash=03e254e8...
info|2019-10-23 21:01:49.091503|[g:1][CONSENSUS][PBFT]checkTimeout Succ,view=397,toView=398,nodeIdx=0,changeCycle=0,myNode=1306daf6...,timecost=0.393
info|2019-10-23 21:01:49.096358|[g:1][CONSENSUS][PBFT]checkAndChangeView: Reach consensus,org_view=397,org_changeCycle=0,cur_changeCycle=0,to_view=398
info|2019-10-23 21:01:50.103010|[g:1][CONSENSUS]addRawPrepare,height=5,reqIdx=2,hash=3ec055ca...
info|2019-10-23 21:01:50.105944|[g:1][CONSENSUS][PBFT]checkTimeout Succ,view=398,toView=399,nodeIdx=0,changeCycle=0,myNode=1306daf6...,timecost=2.866
info|2019-10-23 21:01:50.134524|[g:1][CONSENSUS][PBFT]checkAndChangeView: Reach consensus,org_view=398,org_changeCycle=0,cur_changeCycle=0,to_view=399
info|2019-10-23 21:01:51.132782|[g:1][CONSENSUS]addRawPrepare,height=5,reqIdx=3,hash=fb71b76d...
info|201