info|2019-12-12 18:00:00.456484|[g:1][CONSENSUS]addRawPrepare,height=69,reqIdx=3,hash=81cd31b9...
info|2019-12-12 18:00:00.457087|[g:1][CONSENSUS][PBFT]checkTimeout Succ,view=5611,toView=5612,nodeIdx=0,changeCycle=0,myNode=1306daf6...,timecost=0.398
info|2019-12-12 18:00:00.466397|[g:1][CONSENSUS][PBFT]checkAndChangeView: Reach consensus,org_view=5611,org_changeCycle=0,cur_changeCycle=0,to_view=5612
info|2019-12-12 18:00:01.468448|[g:1][CONSENSUS][SEALER]++++++++++++++++ Generating seal on,blkNum=69,tx=0,nodeIdx=0,hash=b07817e5...
info|2019-12-12 18:00:01.482687|[g:1][CONSENSUS][PBFT]checkTimeout Succ,view=5612,toView=5613,nodeIdx=0,changeCycle=0,myNode=1306daf6...,timecost=0.345
info|2019-12-12 18:00:01.484579|[g:1][CONSENSUS][PBFT]checkAndChangeView: Reach consensus,org_view=5612,org_changeCycle=0,cur_changeCycle=0,to_view=5613
info|2019-12-12 18:00:02.484729|[g:1][CONSENSUS]addRawPrepare,height=69,reqIdx=1,hash=3ce481a1...
info|2019-12-12 18:00:02.485190|[g:1][CONSENSUS][PBFT]checkTimeout Succ,view=5613,toView=5614,nodeIdx=0,changeCycle=0,myNode=1306daf6...,timecost=0.291
info|2019-12-12 18:00:02.492836|[g:1][CONSENSUS][PBFT]checkAndChangeView: Reach consensus,org_view=5613,org_changeCycle=0,cur_changeCycle=0,to_view=5614
info|2019-12-12 18:00:02.595669|[P2P][Service] heartBeat,connected count=4
info|2019-12-12 18:00:03.495659|[g:1][CONSENSUS]addRawPrepare,height=69,reqIdx=2,hash=9e7d4630...
info|2019-12-12 18:00:03.495998|[g:1][CONSENSUS][PBFT]checkTimeout Succ,view=5614,toView=5615,nodeIdx=0,changeCycle=0,myNode=1306daf6...,timecost=0.246
info|2019-12-12 18:00:03.500139|[g:1][CONSENSUS][PBFT]checkAndChangeView: Reach consensus,org_view=5614,org_changeCycle=0,cur_changeCycle=0,to_view=5615
info|2019-12-12 18:00:04.503503|[g:1][CONSENSUS]addRawPrepare,height=69,reqIdx=3,hash=bcf8b354...
info|2019-12-12 18:00:04.503907|[g:1][CONSENSUS][PBFT]checkTimeout Succ,view=5615,toView=5616,nodeIdx=0,changeCycle=0,myNode=1306daf6...,timecost=0.26
info|2019-12-12 18:00:04.508998|[g:1][CONSENSUS][PBFT]checkAndChangeView: Reach consensus,org_view=5615,org_changeCycle=0,cur_changeCycle=0,to_view=5616
info|2019-12-12 18:00:05.512381|[g:1][CONSENSUS][SEALER]++++++++++++++++ Generating seal on,blkNum=69,tx=0,nodeIdx=0,hash=759da1aa...
info|2019-12-12 18:00:05.522954|[g:1][CONSENSUS][PBFT]checkTimeout Succ,view=5616,toView=5617,nodeIdx=0,changeCycle=0,myNode=1306daf6...,timecost=0.57
info|2019-12-12 18:00:05.525983|[g:1][CONSENSUS][PBFT]checkAndChangeView: Reach consensus,org_view=5616,org_changeCycle=0,cur_changeCycle=0,to_view=5617
info|2019-12-12 18:00:06.523906|[g:1][CONSENSUS]addRawPrepare,height=69,reqIdx=1,hash=fb64505d...
info|2019-12-12 18:00:06.532197|[g:1][CONSENSUS][PBFT]checkTimeout Succ,view=5617,toView=5618,nodeIdx=0,changeCycle=0,myNode=1306daf6...,timecost=5.664
info|2019-12-12 18:00:06.542557|[g:1][CONSENSUS][PBFT]checkAndChangeView: Reach consensus,org_view=5617,org_changeCycle=0,cur_changeCycle=0,to_view=5618
info|2019-12-12 18:00:07.551251|[g:1][CONSENSUS]addRawPrepare,height=69,reqIdx=2,hash=5d350bd1...
info|2019-12-12 18:00:07.551676|[g:1][CONSENSUS][PBFT]checkTimeout Succ,view=5618,toView=5619,nodeIdx=0,changeCycle=0,myNode=1306daf6...,timecost=0.381
info|2019-12-12 18:00:07.557139|[g:1][CONSENSUS][PBFT]checkAndChangeView: Reach consensus,org_view=5618,org_changeCycle=0,cur_changeCycle=0,to_view=5619
info|2019-12-12 18:00:08.559010|[g:1][CONSENSUS]addRawPrepare,height=69,reqIdx=3,hash=22a68cab...
info|2019-12-12 18:00:08.564131|[g:1][CONSENSUS][PBFT]checkTimeout Succ,view=5619,toView=5620,nodeIdx=0,changeCycle=0,myNode=1306daf6...,timecost=5.003
info|2019-12-12 18:00:08.568941|[g:1][CONSENSUS][PBFT]checkAndChangeView: Reach consensus,org_view=5619,org_changeCycle=0,cur_changeCycle=0,to_view=5620
info|2019-12-12 18:00:09.569881|[g:1][CONSENSUS][SEALER]++++++++++++++++ Generating seal on,blkNum=69,tx=0,nodeIdx=0,hash=fed969f1...
info|2019-12-12 18:00:09.582752|[g:1][CONSENSUS][PBFT]checkTimeout Succ,view=5620,toView=5621,nodeIdx=0,changeCycle=0,myNode=1306daf6...,timecost=0.391
info|2019-12-12 18:00:09.584616|[g:1][CONSENSUS][PBFT]checkAndChangeView: Reach consensus,org_view=5620,org_changeCycle=0,cur_changeCycle=0,to_view=5621
info|2019-12-12 18:00:10.582135|[g:1][CONSENSUS]addRawPrepare,height=69,reqIdx=1,hash=873654a9...
info|2019-12-12 18:00:10.588968|[g:1][CONSENSUS][PBFT]checkTimeout Succ,view=5621,toView=5622,nodeIdx=0,changeCycle=0,myNode=1306daf6...,timecost=6.543
info|2019-12-12 18:00:10.593299|[g:1][CONSENSUS][PBFT]checkAndChangeView: Reach consensus,org_view=5621,org_changeCycle=0,cur_changeCycle=0,to_view=5622
info|2019-12-12 18:00:11.597032|[g:1][CONSENSUS]addRawPrepare,height=69,reqIdx=2,hash=9403283a...
info|2019-12-12 18:00:11.601390|[g:1][CONSENSUS][PBFT]checkTimeout Succ,view=5622,toView=5623,nodeIdx=0,changeCycle=0,myNode=1306daf6...,timecost=4.274
info|2019-12-12 18:00:11.606943|[g:1][CONSENSUS][PBFT]checkAndChangeView: Reach consensus,org_view=5622,org_changeCycle=0,cur_changeCycle=0,to_view=5623
info|2019-12-12 18:00:12.596066|[P2P][Service] heartBeat,connected count=4
info|2019-12-12 18:00:12.607657|[g:1][CONSENSUS]addRawPrepare,height=69,reqIdx=3,hash=c3d28e01...
info|2019-12-12 18:00:12.608172|[g:1][CONSENSUS][PBFT]checkTimeout Succ,view=5623,toView=5624,nodeIdx=0,changeCycle=0,myNode=1306daf6...,timecost=0.404
info|2019-12-12 18:00:12.617152|[g:1][CONSENSUS][PBFT]checkAndChangeView: Reach consensus,org_view=5623,org_changeCycle=0,cur_changeCycle=0,to_view=5624
info|2019-12-12 18:00:13.619296|[g:1][CONSENSUS][SEALER]++++++++++++++++ Generating seal on,blkNum=69,tx=0,nodeIdx=0,hash=def259c1...
info|2019-12-12 18:00:13.634334|[g:1][CONSENSUS][PBFT]checkTimeout Succ,view=5624,toView=5625,nodeIdx=0,changeCycle=0,myNode=1306daf6...,timecost=0.607
info|2019-12-12 18:00:13.637740|[g:1][CONSENSUS][PBFT]checkAndChangeView: Reach consensus,org_view=5624,org_changeCycle=0,cur_changeCycle=0,to_view=5625
info|2019-12-12 18:00:14.632454|[g:1][CONSENSUS]addRawPrepare,height=69,reqIdx=1,hash=15f4c85e...
info|2019-12-12 18:00:14.639165|[g:1][CONSENSUS][PBFT]checkTimeout Succ,view=5625,toView=5626,nodeIdx=0,changeCycle=0,myNode=1306daf6...,timecost=6.552
info|2019-12-12 18:00:14.642666|[g:1][CONSENSUS][PBFT]checkAndChangeView: Reach consensus,org_view=5625,org_changeCycle=0,cur_changeCycle=0,to_view=5626
info|2019-12-12 18:00:15.645665|[g:1][CONSENSUS]addRawPrepare,height=69,reqIdx=2,hash=0d8c648b...
info|2019-12-12 18:00:15.646002|[g:1][CONSENSUS][PBFT]checkTimeout Succ,view=5626,toView=5627,nodeIdx=0,changeCycle=0,myNode=1306daf6...,timecost=0.301
info|2019-12-12 18:00:15.649667|[g:1][CONSENSUS][PBFT]checkAndChangeView: Reach consensus,org_view=5626,org_changeCycle=0,cur_changeCycle=0,to_view=5627
info|2019-12-12 18:00:16.652949|[g:1][CONSENSUS]addRawPrepare,height=69,reqIdx=3,hash=5f0c2cc1...
info|2019-12-12 18:00:16.653461|[g:1][CONSENSUS][PBFT]checkTimeout Succ,view=5627,toView=5628,nodeIdx=0,changeCycle=0,myNode=1306daf6...,timecost=0.395
info|2019-12-12 18:00:16.661029|[g:1][CONSENSUS][PBFT]checkAndChangeView: Reach consensus,org_view=5627,org_changeCycle=0,cur_changeCycle=0,to_view=5628
info|2019-12-12 18:00:17.663515|[g:1][CONSENSUS][SEALER]++++++++++++++++ Generating seal on,blkNum=69,tx=0,nodeIdx=0,hash=3a4fe5a0...
info|2019-12-12 18:00:17.683138|[g:1][CONSENSUS][PBFT]checkTimeout Succ,view=5628,toView=5629,nodeIdx=0,changeCycle=0,myNode=1306daf6...,timecost=0.759
info|2019-12-12 18:00:17.687198|[g:1][CONSENSUS][PBFT]checkAndChangeView: Reach consensus,org_view=5628,org_changeCycle=0,cur_changeCycle=0,to_view=5629
info|2019-12-12 18:00:18.698515|[g:1][CONSENSUS]addRawPrepare,height=69,reqIdx=1,hash=14957660...
info|2019-12-12 18:00:18.698930|[g:1][CONSENSUS][PBFT]checkTimeout Succ,view=5629,toView=5630,nodeIdx=0,changeCycle=0,myNode=1306daf6...,timecost=0.285
info|2019-12-12 18:00:18.706701|[g:1][CONSENSUS][PBFT]checkAndChangeView: Reach consensus,org_view=5629,org_changeCycle=0,cur_changeCycle=0,to_view=5630
info|2019-12-12 18:00:19.709090|[g:1][CONSENSUS]addRawPrepare,height=69,reqIdx=2,hash=8b6268d7...
info|2019-12-12 18:00:19.709449|[g:1][CONSENSUS][PBFT]checkTimeout Succ,view=5630,toView=5631,nodeIdx=0,changeCycle=0,myNode=1306daf6...,timecost=0.314
info|2019-12-12 18:00:19.717184|[g:1][CONSENSUS][PBFT]checkAndChangeView: Reach consensus,org_view=5630,org_changeCycle=0,cur_changeCycle=0,to_view=5631
info|2019-12-12 18:00:20.719352|[g:1][CONSENSUS]addRawPrepare,height=69,reqIdx=3,hash=68c98b56...
info|2019-12-12 18:00:20.719718|[g:1][CONSENSUS][PBFT]checkTimeout Succ,view=5631,toView=5632,nodeIdx=0,changeCycle=0,myNode=1306daf6...,timecost=0.257
info|2019-12-12 18:00:20.725745|[g:1][CONSENSUS][PBFT]checkAndChangeView: Reach consensus,org_view=5631,org_changeCycle=0,cur_changeCycle=0,to_view=5632
info|2019-12-12 18:00:21.726517|[g:1][CONSENSUS][SEALER]++++++++++++++++ Generating seal on,blkNum=69,tx=0,nodeIdx=0,hash=2fe35810...
info|2019-12-12 18:00:21.738730|[g:1][CONSENSUS][PBFT]checkTimeout Succ,view=5632,toView=5633,nodeIdx=0,changeCycle=0,myNode=1306daf6...,timecost=0.382
info|2019-12-12 18:00:21.740714|[g:1][CONSENSUS][PBFT]checkAndChangeView: Reach consensus,org_view=5632,org_changeCycle=0,cur_changeCycle=0,to_view=5633
info|2019-12-12 18:00:22.596166|[P2P][Service] heartBeat,connected count=4
info|2019-12-12 18:00:22.737627|[g:1][CONSENSUS]addRawPrepare,height=69,reqIdx=1,hash=5a3d09a7...
info|2019-12-12 18:00:22.738413|[g:1][CONSENSUS][PBFT]checkTimeout Succ,view=5633,toView=5634,nodeIdx=0,changeCycle=0,myNode=1306daf6...,timecost=0.361
info|2019-12-12 18:00:22.749675|[g:1][CONSENSUS][PBFT]checkAndChangeView: Reach consensus,org_view=5633,org_changeCycle=0,cur_changeCycle=0,to_view=5634
info|2019-12-12 18:00:23.753426|[g:1][CONSENSUS]addRawPrepare,height=69,reqIdx=2,hash=5f0af70e...
info|2019-12-12 18:00:23.753833|[g:1][CONSENSUS][PBFT]checkTimeout Succ,view=5634,toView=5635,nodeIdx=0,changeCycle=0,myNode=1306daf6...,timecost=0.353
info|2019-12-12 18:00:23.759354|[g:1][CONSENSUS][PBFT]checkAndChangeView: Reach consensus,org_view=5634,org_changeCycle=0,cur_changeCycle=0,to_view=5635
info|2019-12-12 18:00:24.764186|[g:1][CONSENSUS]addRawPrepare,height=69,reqIdx=3,hash=896616ed...
info|2019-12-12 18:00:24.764715|[g:1][CONSENSUS][PBFT]checkTimeout Succ,view=5635,toView=5636,nodeIdx=0,changeCycle=0,myNode=1306daf6...,timecost=0.378
info|2019-12-12 18:00:24.773078|[g:1][CONSENSUS][PBFT]checkAndChangeView: Reach consensus,org_view=5635,org_changeCycle=0,cur_changeCycle=0,to_view=5636
info|2019-12-12 18:00:25.774179|[g:1][CONSENSUS][SEALER]++++++++++++++++ Generating seal on,blkNum=69,tx=0,nodeIdx=0,hash=2660847c...
info|2019-12-12 18:00:25.786443|[g:1][CONSENSUS][PBFT]checkTimeout Succ,view=5636,toView=5637,nodeIdx=0,changeCycle=0,myNode=1306daf6...,timecost=0.376
info|2019-12-12 18:00:25.788871|[g:1][CONSENSUS][PBFT]checkAndChangeView: Reach consensus,org_view=5636,org_changeCycle=0,cur_changeCycle=0,to_view=5637
info|2019-12-12 18:00:26.785530|[g:1][CONSENSUS]addRawPrepare,height=69,reqIdx=1,hash=18519f05...
info|2019-12-12 18:00:26.786075|[g:1][CONSENSUS][PBFT]checkTimeout Succ,view=5637,toView=5638,nodeIdx=0,changeCycle=0,myNode=1306daf6...,timecost=0.453
info|2019-12-12 18:00:26.793901|[g:1][CONSENSUS][PBFT]checkAndChangeView: Reach consensus,org_view=5637,org_changeCycle=0,cur_changeCycle=0,to_view=5638
info|2019-12-12 18:00:27.802026|[g:1][CONSENSUS]addRawPrepare,height=69,reqIdx=2,hash=dcfa07ba...
info|2019-12-12 18:00:27.806653|[g:1][CONSENSUS][PBFT]checkTimeout Succ,view=5638,toView=5639,nodeIdx=0,changeCycle=0,myNode=1306daf6...,timecost=4.384
info|2019-12-12 18:00:27.809666|[g:1][CONSENSUS][PBFT]checkAndChangeView: Reach consensus,org_view=5638,org_changeCycle=0,cur_changeCycle=0,to_view=5639
info|2019-12-12 18:00:28.812650|[g:1][CONSENSUS]addRawPrepare,height=69,reqIdx=3,hash=73ef9993...
info|2019-12-12 18:00:28.813211|[g:1][CONSENSUS][PBFT]checkTimeout Succ,view=5639,toView=5640,nodeIdx=0,changeCycle=0,myNode=1306daf6...,timecost=0.36
info|2019-12-12 18:00:28.822781|[g:1][CONSENSUS][PBFT]checkAndChangeView: Reach consensus,org_view=5639,org_changeCycle=0,cur_changeCycle=0,to_view=5640
info|2019-12-12 18:00:29.825097|[g:1][CONSENSUS][SEALER]++++++++++++++++ Generating seal on,blkNum=69,tx=0,nodeIdx=0,hash=78d74cbb...
info|2019-12-12 18:00:29.838972|[g:1][CONSENSUS][PBFT]checkTimeout Succ,view=5640,toView=5641,nodeIdx=0,changeCycle=0,myNode=1306daf6...,timecost=0.507
info|2019-12-12 18:00:29.841094|[g:1][CONSENSUS][PBFT]checkAndChangeView: Reach consensus,org_view=5640,org_changeCycle=0,cur_changeCycle=0,to_view=5641
info|2019-12-12 18:00:30.837933|[g:1][CONSENSUS]addRawPrepare,height=69,reqIdx=1,hash=5f4a2a67...
info|2019-12-12 18:00:30.838469|[g:1][CONSENSUS][PBFT]checkTimeout Succ,view=5641,toView=5642,nodeIdx=0,changeCycle=0,myNode=1306daf6...,timecost=0.368
info|2019-12-12 18:00:30.852179|[g:1][CONSENSUS][PBFT]checkAndChangeView: Reach consensus,org_view=5641,org_changeCycle=0,cur_changeCycle=0,to_view=5642
info|2019-12-12 18:00:31.867773|[g:1][CONSENSUS]addRawPrepare,height=69,reqIdx=2,hash=5b6335c8...
info|2019-12-12 18:00:31.877182|[g:1][CONSENSUS][PBFT]checkTimeout Succ,view=5642,toView=5643,nodeIdx=0,changeCycle=0,myNode=1306daf6...,timecost=9.275
info|2019-12-12 18:00:31.893902|[g:1][CONSENSUS][PBFT]checkAndChangeView: Reach consensus,org_view=5642,org_changeCycle=0,cur_changeCycle=0,to_view=5643
info|2019-12-12 18:00:32.597197|[P2P][Service] heartBeat,connected count=4
info|2019-12-12 18:00:32.914344|[g:1][CONSENSUS]addRawPrepare,height=69,reqIdx=3,hash=8e6430ee...
info|2019-12-12 18:00:32.914747|[g:1][CONSENSUS][PBFT]checkTimeout Succ,view=5643,toView=5644,nodeIdx=0,changeCycle=0,myNode=1306daf6...,timecost=0.312
info|2019-12-12 18:00:32.920707|[g:1][CONSENSUS][PBFT]checkAndChangeView: Reach consensus,org_view=5643,org_changeCycle=0,cur_changeCycle=0,to_view=5644
info|2019-12-12 18:00:33.923578|[g:1][CONSENSUS][SEALER]++++++++++++++++ Generating seal on,blkNum=69,tx=0,nodeIdx=0,hash=bc88abed...
info|2019-12-12 18:00:33.940384|[g:1][CONSENSUS][PBFT]checkTimeout Succ,view=5644,toView=5645,nodeIdx=0,changeCycle=0,myNode=1306daf6...,timecost=0.9
info|2019-12-12 18:00:33.943829|[g:1][CONSENSUS][PBFT]checkAndChangeView: Reach consensus,org_view=5644,org_changeCycle=0,cur_changeCycle=0,to_view=5645
info|2019-12-12 18:00:34.940709|[g:1][CONSENSUS]addRawPrepare,height=69,reqIdx=1,hash=71743cbc...
info|2019-12-12 18:00:34.947320|[g:1][CONSENSUS][PBFT]checkTimeout Succ,view=5645,toView=5646,nodeIdx=0,changeCycle=0,myNode=1306daf6...,timecost=6.458
info|2019-12-12 18:00:34.951850|[g:1][CONSENSUS][PBFT]checkAndChangeView: Reach consensus,org_view=5645,org_changeCycle=0,cur_changeCycle=0,to_view=5646
info|2019-12-12 18:00:35.961900|[g:1][CONSENSUS]addRawPrepare,height=69,reqIdx=2,hash=fb478269...
info|2019-12-12 18:00:35.966146|[g:1][CONSENSUS][PBFT]checkTimeout Succ,view=5646,toView=5647,nodeIdx=0,changeCycle=0,myNode=1306daf6...,timecost=4.181
info|2019-12-12 18:00:35.975455|[g:1][CONSENSUS][PBFT]checkAndChangeView: Reach consensus,org_view=5646,org_changeCycle=0,cur_changeCycle=0,to_view=5647
info|2019-12-12 18:00:36.989129|[g:1][CONSENSUS]addRawPrepare,height=69,reqIdx=3,hash=914ff136...
info|2019-12-12 18:00:37.003783|[g:1][CONSENSUS][PBFT]checkTimeout Succ,view=5647,toView=5648,nodeIdx=0,changeCycle=0,myNode=1306daf6...,timecost=7.718
info|2019-12-12 18:00:37.037826|[g:1][CONSENSUS][PBFT]checkAndChangeView: Reach consensus,org_view=5647,org_changeCycle=0,cur_changeCycle=0,to_view=5648
info|2019-12-12 18:00:38.039526|[g:1][CONSENSUS][SEALER]++++++++++++++++ Generating seal on,blkNum=69,tx=0,nodeIdx=0,hash=879d1bc5...
info|2019-12-12 18:00:38.059590|[g:1][CONSENSUS][PBFT]checkTimeout Succ,view=5648,toView=5649,nodeIdx=0,changeCycle=0,myNode=1306daf6...,timecost=0.972
info|2019-12-12 18:00:38.064028|[g:1][CONSENSUS][PBFT]checkAndChangeView: Reach consensus,org_view=5648,org_changeCycle=0,cur_changeCycle=0,to_view=5649
info|2019-12-12 18:00:39.079134|[g:1][CONSENSUS]addRawPrepare,height=69,reqIdx=1,hash=4c36b9f2...
info|2019-12-12 18:00:39.109094|[g:1][CONSENSUS][PBFT]checkTimeout Succ,view=5649,toView=5650,nodeIdx=0,changeCycle=0,myNode=1306daf6...,timecost=21.436
info|2019-12-12 18:00:39.118946|[g:1][CONSENSUS][PBFT]checkAndChangeView: Reach consensus,org_view=5649,org_changeCycle=0,cur_changeCycle=0,to_view=5650
info|2019-12-12 18:00:40.123976|[g:1][CONSENSUS]addRawPrepare,height=69,reqIdx=2,hash=90d31af6...
info|2019-12-12 18:00:40.124415|[g:1][CONSENSUS][PBFT]checkTimeout Succ,view=5650,toView=5651,nodeIdx=0,changeCycle=0,myNode=1306daf6...,timecost=0.365
info|2019-12-12 18:00:40.128710|[g:1][CONSENSUS][PBFT]checkAndChangeView: Reach consensus,org_view=5650,org_changeCycle=0,cur_changeCycle=0,to_view=5651
info|2019-12-12 18:00:41.132346|[g:1][CONSENSUS]addRawPrepare,height=69,reqIdx=3,hash=b7850866...
info|2019-12-12 18:00:41.139481|[g:1][CONSENSUS][PBFT]checkTimeout Succ,view=5651,toView=5652,nodeIdx=0,changeCycle=0,myNode=1306daf6...,timecost=4.26
info|2019-12-12 18:00:41.143222|[g:1][CONSENSUS][PBFT]checkAndChangeView: Reach consensus,org_view=5651,org_changeCycle=0,cur_changeCycle=0,to_view=5652
info|2019-12-12 18:00:42.144579|[g:1][CONSENSUS][SEALER]++++++++++++++++ Generating seal on,blkNum=69,tx=0,nodeIdx=0,hash=ce27e977...
info|2019-12-12 18:00:42.156138|[g:1][CONSENSUS][PBFT]checkTimeout Succ,view=5652,toView=5653,nodeIdx=0,changeCycle=0,myNode=1306daf6...,timecost=0.637
info|2019-12-12 18:00:42.158301|[g:1][CONSENSUS][PBFT]checkAndChangeView: Reach consensus,org_view=5652,org_changeCycle=0,cur_changeCycle=0,to_view=5653
info|2019-12-12 18:00:42.597486|[P2P][Service] heartBeat,connected count=4
info|2019-12-12 18:00:43.155521|[g:1][CONSENSUS]addRawPrepare,height=69,reqIdx=1,hash=76495455...
info|2019-12-12 18:00:43.156040|[g:1][CONSENSUS][PBFT]checkTimeout Succ,view=5653,toView=5654,nodeIdx=0,changeCycle=0,myNode=1306daf6...,timecost=0.374
info|2019-12-12 18:00:43.164440|[g:1][CONSENSUS][PBFT]checkAndChangeView: Reach consensus,org_view=5653,org_changeCycle=0,cur_changeCycle=0,to_view=5654
info|2019-12-12 18:00:44.171009|[g:1][CONSENSUS]addRawPrepare,height=69,reqIdx=2,hash=8244e0a1...
info|2019-12-12 18:00:44.174218|[g:1][CONSENSUS][PBFT]checkTimeout Succ,view=5654,toView=5655,nodeIdx=0,changeCycle=0,myNode=1306daf6...,timecost=3.184
info|2019-12-12 18:00:44.177038|[g:1][CONSENSUS][PBFT]checkAndChangeView: Reach consensus,org_view=5654,org_changeCycle=0,cur_changeCycle=0,to_view=5655
info|2019-12-12 18:00:45.179053|[g:1][CONSENSUS]addRawPrepare,height=69,reqIdx=3,hash=5c1f2c58...
info|2019-12-12 18:00:45.179486|[g:1][CONSENSUS][PBFT]checkTimeout Succ,view=5655,toView=5656,nodeIdx=0,changeCycle=0,myNode=1306daf6...,timecost=0.327
info|2019-12-12 18:00:45.186297|[g:1][CONSENSUS][PBFT]checkAndChangeView: Reach consensus,org_view=5655,org_changeCycle=0,cur_changeCycle=0,to_view=5656
info|2019-12-12 18:00:46.186551|[g:1][CONSENSUS][SEALER]++++++++++++++++ Generating seal on,blkNum=69,tx=0,nodeIdx=0,hash=d80368ab...
info|2019-12-12 18:00:46.194675|[g:1][CONSENSUS][PBFT]checkTimeout Succ,view=5656,toView=5657,nodeIdx=0,changeCycle=0,myNode=1306daf6...,timecost=0.271
info|2019-12-12 18:00:46.195812|[g:1][CONSENSUS][PBFT]checkAndChangeView: Reach consensus,org_view=5656,org_changeCycle=0,cur_changeCycle=0,to_view=5657
info|2019-12-12 18:00:47.194478|[g:1][CONSENSUS]addRawPrepare,height=69,reqIdx=1,hash=d0a10bee...
info|2019-12-12 18:00:47.194844|[g:1][CONSENSUS][PBFT]checkTimeout Succ,view=5657,toView=5658,nodeIdx=0,changeCycle=0,myNode=1306daf6...,timecost=0.28
info|2019-12-12 18:00:47.198946|[g:1][CONSENSUS][PBFT]checkAndChangeView: Reach consensus,org_view=5657,org_changeCycle=0,cur_changeCycle=0,to_view=5658
info|2019-12-12 18:00:48.202337|[g:1][CONSENSUS]addRawPrepare,height=69,reqIdx=2,hash=c5dd03a7...
info|2019-12-12 18:00:48.202592|[g:1][CONSENSUS][PBFT]checkTimeout Succ,view=5658,toView=5659,nodeIdx=0,changeCycle=0,myNode=1306daf6...,timecost=0.227
info|2019-12-12 18:00:48.205480|[g:1][CONSENSUS][PBFT]checkAndChangeView: Reach consensus,org_view=5658,org_changeCycle=0,cur_changeCycle=0,to_view=5659
info|2019-12-12 18:00:49.251027|[g:1][CONSENSUS]addRawPrepare,height=69,reqIdx=3,hash=fe424d87...
info|2019-12-12 18:00:49.262585|[g:1][CONSENSUS][PBFT]checkTimeout Succ,view=5659,toView=5660,nodeIdx=0,changeCycle=0,myNode=1306daf6...,timecost=11.529
info|2019-12-12 18:00:49.273072|[g:1][CONSENSUS][PBFT]checkAndChangeView: Reach consensus,org_view=5659,org_changeCycle=0,cur_changeCycle=0,to_view=5660
info|2019-12-12 18:57:18.203448|[g:1][CONSENSUS][SEALER]++++++++++++++++ Generating seal on,blkNum=69,tx=0,nodeIdx=0,hash=17a79297...
info|2019-12-12 18:57:18.309116|[g:1][CONSENSUS][PBFT]checkTimeout Succ,view=5660,toView=5661,nodeIdx=0,changeCycle=0,myNode=1306daf6...,timecost=0.391
info|2019-12-12 18:57:18.317685|[g:1][CONSENSUS][PBFT]checkAndChangeView: Reach consensus,org_view=5660,org_changeCycle=0,cur_changeCycle=0,to_view=5661
info|2019-12-12 18:57:19.330529|[g:1][CONSENSUS]addRawPrepare,height=69,reqIdx=1,hash=6557a303...
info|2019-12-12 18:57:19.331178|[g:1][CONSENSUS][PBFT]checkTimeout Succ,view=5661,toView=5662,nodeIdx=0,changeCycle=0,myNode=1306daf6...,timecost=0.45
info|2019-12-12 18:57:19.340156|[g:1][CONSENSUS][PBFT]checkAndChangeView: Reach consensus,org_view=5661,org_changeCycle=0,cur_changeCycle=0,to_view=5662
info|2019-12-12 18:57:20.388320|[g:1][CONSENSUS]addRawPrepare,height=69,reqIdx=2,hash=44a3ee8f...
info|2019-12-12 18:57:20.390286|[g:1][CONSENSUS][PBFT]checkTimeout Succ,view=5662,toView=5663,nodeIdx=0,changeCycle=0,myNode=1306daf6...,timecost=1.927
info|2019-12-12 18:57:20.396303|[g:1][CONSENSUS][PBFT]checkAndChangeView: Reach consensus,org_view=5662,org_changeCycle=0,cur_changeCycle=0,to_view=5663
info|2019-12-12 18:57:21.406653|[P2P][Service] heartBeat,connected count=4
info|2019-12-12 18:57:21.420426|[g:1][CONSENSUS]addRawPrepare,height=69,reqIdx=3,hash=c239bdb9...
info|2019-12-12 18:57:21.420929|[g:1][CONSENSUS][PBFT]checkTimeout Succ,view=5663,toView=5664,nodeIdx=0,changeCycle=0,myNode=1306daf6...,timecost=0.35
info|2019-12-12 18:57:21.428962|[g:1][CONSENSUS][PBFT]checkAndChangeView: Reach consensus,org_view=5663,org_changeCycle=0,cur_changeCycle=0,to_view=5664
info|2019-12-12 18:57:22.430514|[g:1][CONSENSUS][SEALER]++++++++++++++++ Generating seal on,blkNum=69,tx=0,nodeIdx=0,hash=0835693d...
info|2019-12-12 18:57:22.439955|[g:1][CONSENSUS][PBFT]checkTimeout Succ,view=5664,toView=5665,nodeIdx=0,changeCycle=0,myNode=1306daf6...,timecost=0.245
info|2019-12-12 18:57:22.441327|[g:1][CONSENSUS][PBFT]checkAndChangeView: Reach consensus,org_view=5664,org_changeCycle=0,cur_changeCycle=0,to_view=5665
info|2019-12-12 18:57:23.439907|[g:1][CONSENSUS]addRawPrepare,height=69,reqIdx=1,hash=46615e40...
info|2019-12-12 18:57:23.443500|[g:1][CONSENSUS][PBFT]checkTimeout Succ,view=5665,toView=5666,nodeIdx=0,changeCycle=0,myNode=1306daf6...,timecost=3.481
info|2019-12-12 18:57:23.446288|[g:1][CONSENSUS][PBFT]checkAndChangeView: Reach consensus,org_view=5665,org_changeCycle=0,cur_changeCycle=0,to_view=5666
info|2019-12-12 18:57:24.447723|[g:1][CONSENSUS]addRawPrepare,height=69,reqIdx=2,hash=f956e4c2...
info|2019-12-12 18:57:24.448015|[g:1][CONSENSUS][PBFT]checkTimeout Succ,view=5666,toView=5667,nodeIdx=0,changeCycle=0,myNode=1306daf6...,timecost=0.26
info|2019-12-12 18:57:24.452774|[g:1][CONSENSUS][PBFT]checkAndChangeView: Reach consensus,org_view=5666,org_changeCycle=0,cur_changeCycle=0,to_view=5667
info|2019-12-12 18:57:25.454440|[g:1][CONSENSUS]addRawPrepare,height=69,reqIdx=3,hash=8553dc18...
info|2019-12-12 18:57:25.454836|[g:1][CONSENSUS][PBFT]checkTimeout Succ,view=5667,toView=5668,nodeIdx=0,changeCycle=0,myNode=1306daf6...,timecost=0.253
info|2019-12-12 18:57:25.459348|[g:1][CONSENSUS][PBFT]checkAndChangeView: Reach consensus,org_view=5667,org_changeCycle=0,cur_changeCycle=0,to_view=5668
info|2019-12-12 18:57:26.461450|[g:1][CONSENSUS][SEALER]++++++++++++++++ Generating seal on,blkNum=69,tx=0,nodeIdx=0,hash=6e290f06...
info|2019-12-12 18:57:26.469329|[g:1][CONSENSUS][PBFT]checkTimeout Succ,view=5668,toView=5669,nodeIdx=0,changeCycle=0,myNode=1306daf6...,timecost=0.274
info|2019-12-12 18:57:26.470549|[g:1][CONSENSUS][PBFT]checkAndChangeView: Reach consensus,org_view=5668,org_changeCycle=0,cur_changeCycle=0,to_view=5669
info|2019-12-12 18:57:27.469394|[g:1][CONSENSUS]addRawPrepare,height=69,reqIdx=1,hash=bdd03269...
info|2019-12-12 18:57:27.469776|[g:1][CONSENSUS][PBFT]checkTimeout Succ,view=5669,toView=5670,nodeIdx=0,changeCycle=0,myNode=1306daf6...,timecost=0.255
info|2019-12-12 18:57:27.474153|[g:1][CONSENSUS][PBFT]checkAndChangeView: Reach consensus,org_view=5669,org_changeCycle=0,cur_changeCycle=0,to_view=5670
info|2019-12-12 18:57:28.476240|[g:1][CONSENSUS]addRawPrepare,height=69,reqIdx=2,hash=90fe66ee...
info|2019-12-12 18:57:28.476528|[g:1][CONSENSUS][PBFT]checkTimeout Succ,view=5670,toView=5671,nodeIdx=0,changeCycle=0,myNode=1306daf6...,timecost=0.259
info|2019-12-12 18:57:28.479586|[g:1][CONSENSUS][PBFT]checkAndChangeView: Reach consensus,org_view=5670,org_changeCycle=0,cur_changeCycle=0,to_view=5671
info|2019-12-12 18:57:29.483249|[g:1][CONSENSUS]addRawPrepare,height=69,reqIdx=3,hash=cfe98eaa...
info|2019-12-12 18:57:29.483680|[g:1][CONSENSUS][PBFT]checkTimeout Succ,view=5671,toView=5672,nodeIdx=0,changeCycle=0,myNode=1306daf6...,timecost=0.344
info|2019-12-12 18:57:29.488418|[g:1][CONSENSUS][PBFT]checkAndChangeView: Reach consensus,org_view=5671,org_changeCycle=0,cur_changeCycle=0,to_view=5672
info|2019-12-12 18:57:30.491112|[g:1][CONSENSUS][SEALER]++++++++++++++++ Generating seal on,blkNum=69,tx=0,nodeIdx=0,hash=202b796e...
info|2019-12-12 18:57:30.500340|[g:1][CONSENSUS][PBFT]checkTimeout Succ,view=5672,toView=5673,nodeIdx=0,changeCycle=0,myNode=1306daf6...,timecost=0.322
info|2019-12-12 18:57:30.501531|[g:1][CONSENSUS][PBFT]checkAndChangeView: Reach consensus,org_view=5672,org_changeCycle=0,cur_changeCycle=0,to_view=5673
info|2019-12-12 18:57:31.407459|[P2P][Service] heartBeat,connected count=4
info|2019-12-12 18:57:31.500467|[g:1][CONSENSUS]addRawPrepare,height=69,reqIdx=1,hash=80c0ca3a...
info|2019-12-12 18:57:31.501131|[g:1][CONSENSUS][PBFT]checkTimeout Succ,view=5673,toView=5674,nodeIdx=0,changeCycle=0,myNode=1306daf6...,timecost=0.399
info|2019-12-12 18:57:31.510057|[g:1][CONSENSUS][PBFT]checkAndChangeView: Reach consensus,org_view=5673,org_changeCycle=0,cur_changeCycle=0,to_view=5674
info|2019-12-12 18:57:32.512367|[g:1][CONSENSUS]addRawPrepare,height=69,reqIdx=2,hash=41545054...
info|2019-12-12 18:57:32.512656|[g:1][CONSENSUS][PBFT]checkTimeout Succ,view=5674,toView=5675,nodeIdx=0,changeCycle=0,myNode=1306daf6...,timecost=0.261
info|2019-12-12 18:57:32.516008|[g:1][CONSENSUS][PBFT]checkAndChangeView: Reach consensus,org_view=5674,org_changeCycle=0,cur_changeCycle=0,to_view=5675
info|2019-12-12 18:57:33.518745|[g:1][CONSENSUS]addRawPrepare,height=69,reqIdx=3,hash=1d4a8bf2...
info|2019-12-12 18:57:33.519185|[g:1][CONSENSUS][PBFT]checkTimeout Succ,view=5675,toView=5676,nodeIdx=0,changeCycle=0,myNode=1306daf6...,timecost=0.35
info|2019-12-12 18:57:33.525984|[g:1][CONSENSUS][PBFT]checkAndChangeView: Reach consensus,org_view=5675,org_changeCycle=0,cur_changeCycle=0,to_view=5676
info|2019-12-12 18:57:34.527513|[g:1][CONSENSUS][SEALER]++++++++++++++++ Generating seal on,blkNum=69,tx=0,nodeIdx=0,hash=21bdd59c...
info|2019-12-12 18:57:34.541376|[g:1][CONSENSUS][PBFT]checkTimeout Succ,view=5676,toView=5677,nodeIdx=0,changeCycle=0,myNode=1306daf6...,timecost=0.353
info|2019-12-12 18:57:34.543623|[g:1][CONSENSUS][PBFT]checkAndChangeView: Reach consensus,org_view=5676,org_changeCycle=0,cur_changeCycle=0,to_view=5677
info|2019-12-12 18:57:35.540276|[g:1][CONSENSUS]addRawPrepare,height=69,reqIdx=1,hash=de932720...
info|2019-12-12 18:57:35.540617|[g:1][CONSENSUS][PBFT]checkTimeout Succ,view=5677,toView=5678,nodeIdx=0,changeCycle=0,myNode=1306daf6...,timecost=0.248
info|2019-12-12 18:57:35.546011|[g:1][CONSENSUS][PBFT]checkAndChangeView: Reach consensus,org_view=5677,org_changeCycle=0,cur_changeCycle=0,to_view=5678
info|2019-12-12 18:57:36.549176|[g:1][CONSENSUS]addRawPrepare,height=69,reqIdx=2,hash=aac71876...
info|2019-12-12 18:57:36.549468|[g:1][CONSENSUS][PBFT]checkTimeout Succ,view=5678,toView=5679,nodeIdx=0,changeCycle=0,myNode=1306daf6...,timecost=0.263
info|2019-12-12 18:57:36.552531|[g:1][CONSENSUS][PBFT]checkAndChangeView: Reach consensus,org_view=5678,org_changeCycle=0,cur_changeCycle=0,to_view=5679
info|2019-12-12 18:57:37.554732|[g:1][CONSENSUS]addRawPrepare,height=69,reqIdx=3,hash=444eb716...
info|2019-12-12 18:57:37.555365|[g:1][CONSENSUS][PBFT]checkTimeout Succ,view=5679,toView=5680,nodeIdx=0,changeCycle=0,myNode=1306daf6...,timecost=0.435
info|2019-12-12 18:57:37.564084|[g:1][CONSENSUS][PBFT]checkAndChangeView: Reach consensus,org_view=5679,org_changeCycle=0,cur_changeCycle=0,to_view=5680
info|2019-12-12 18:57:38.571508|[g:1][CONSENSUS][SEALER]++++++++++++++++ Generating seal on,blkNum=69,tx=0,nodeIdx=0,hash=bcd0b6da...
info|2019-12-12 18:57:38.578289|[g:1][CONSENSUS][PBFT]checkTimeout Succ,view=5680,toView=5681,nodeIdx=0,changeCycle=0,myNode=1306daf6...,timecost=0.273
info|2019-12-12 18:57:38.579444|[g:1][CONSENSUS][PBFT]checkAndChangeView: Reach consensus,org_view=5680,org_changeCycle=0,cur_changeCycle=0,to_view=5681
info|2019-12-12 18:57:39.578348|[g:1][CONSENSUS]addRawPrepare,height=69,reqIdx=1,hash=b4d4fd8c...
info|2019-12-12 18:57:39.578968|[g:1][CONSENSUS][PBFT]checkTimeout Succ,view=5681,toView=5682,nodeIdx=0,changeCycle=0,myNode=1306daf6...,timecost=0.491
info|2019-12-12 18:57:39.590474|[g:1][CONSENSUS][PBFT]checkAndChangeView: Reach consensus,org_view=5681,org_changeCycle=0,cur_changeCycle=0,to_view=5682
info|2019-12-12 18:57:40.589906|[g:1][CONSENSUS]addRawPrepare,height=69,reqIdx=2,hash=e1c56613...
info|2019-12-12 18:57:40.590248|[g:1][CONSENSUS][PBFT]checkTimeout Succ,view=5682,toView=5683,nodeIdx=0,changeCycle=0,myNode=1306daf6...,timecost=0.256
info|2019-12-12 18:57:40.590815|[g:1][CONSENSUS][PBFT]checkAndChangeView: Reach consensus,org_view=5682,org_changeCycle=0,cur_changeCycle=0,to_view=5683
info|2019-12-12 18:57:41.407875|[P2P][Service] heartBeat,connected count=4
info|2019-12-12 18:57:41.594392|[g:1][CONSENSUS]addRawPrepare,height=69,reqIdx=3,hash=33d301bc...
info|2019-12-12 18:57:41.594803|[g:1][CONSENSUS][PBFT]checkTimeout Succ,view=5683,toView=5684,nodeIdx=0,changeCycle=0,myNode=1306daf6...,timecost=0.309
info|2019-12-12 18:57:41.599685|[g:1][CONSENSUS][PBFT]checkAndChangeView: Reach consensus,org_view=5683,org_changeCycle=0,cur_changeCycle=0,to_view=5684
info|2019-12-12 18:57:42.601460|[g:1][CONSENSUS][SEALER]++++++++++++++++ Generating seal on,blkNum=69,tx=0,nodeIdx=0,hash=1a5ea8fa...
info|2019-12-12 18:57:42.610080|[g:1][CONSENSUS][PBFT]checkTimeout Succ,view=5684,toView=5685,nodeIdx=0,changeCycle=0,myNode=1306daf6...,timecost=0.303
info|2019-12-12 18:57:42.611252|[g:1][CONSENSUS][PBFT]checkAndChangeView: Reach consensus,org_view=5684,org_changeCycle=0,cur_changeCycle=0,to_view=5685
info|2019-12-12 18:57:43.609300|[g:1][CONSENSUS]addRawPrepare,height=69,reqIdx=1,hash=82ca7d10...
info|2019-12-12 18:57:43.609682|[g:1][CONSENSUS][PBFT]checkTimeout Succ,view=5685,toView=5686,nodeIdx=0,changeCycle=0,myNode=1306daf6...,timecost=0.266
info|2019-12-12 18:57:43.616344|[g:1][CONSENSUS][PBFT]checkAndChangeView: Reach consensus,org_view=5685,org_changeCycle=0,cur_changeCycle=0,to_view=5686
info|2019-12-12 18:57:44.620608|[g:1][CONSENSUS]addRawPrepare,height=69,reqIdx=2,hash=6df7a945...
info|2019-12-12 18:57:44.624433|[g:1][CONSENSUS][PBFT]checkTimeout Succ,view=5686,toView=5687,nodeIdx=0,changeCycle=0,myNode=1306daf6...,timecost=3.322
info|2019-12-12 18:57:44.626018|[g:1][CONSENSUS][PBFT]checkAndChangeView: Reach consensus,org_view=5686,org_changeCycle=0,cur_changeCycle=0,to_view=5687
info|2019-12-12 18:57:45.627167|[g:1][CONSENSUS]addRawPrepare,height=69,reqIdx=3,hash=a64abd15...
info|2019-12-12 18:57:45.627523|[g:1][CONSENSUS][PBFT]checkTimeout Succ,view=5687,toView=5688,nodeIdx=0,changeCycle=0,myNode=1306daf6...,timecost=0.257
info|2019-12-12 18:57:45.634026|[g:1][CONSENSUS][PBFT]checkAndChangeView: Reach consensus,org_view=5687,org_changeCycle=0,cur_changeCycle=0,to_view=5688
info|2019-12-12 18:57:46.635359|[g:1][CONSENSUS][SEALER]++++++++++++++++ Generating seal on,blkNum=69,tx=0,nodeIdx=0,hash=3c02b10e...
info|2019-12-12 18:57:46.648077|[g:1][CONSENSUS][PBFT]checkTimeout Succ,view=5688,toView=5689,nodeIdx=0,changeCycle=0,myNode=1306daf6...,timecost=0.449
info|2019-12-12 18:57:46.649643|[g:1][CONSENSUS][PBFT]checkAndChangeView: Reach consensus,org_view=5688,org_changeCycle=0,cur_changeCycle=0,to_view=5689
info|2019-12-12 18:57:47.647059|[g:1][CONSENSUS]addRawPrepare,height=69,reqIdx=1,hash=eb456b04...
info|2019-12-12 18:57:47.647448|[g:1][CONSENSUS][PBFT]checkTimeout Succ,view=5689,toView=5690,nodeIdx=0,changeCycle=0,myNode=1306daf6...,timecost=0.254
info|2019-12-12 18:57:47.652109|[g:1][CONSENSUS][PBFT]checkAndChangeView: Reach consensus,org_view=5689,org_changeCycle=0,cur_changeCycle=0,to_view=5690
info|2019-12-12 18:57:48.656403|[g:1][CONSENSUS]addRawPrepare,height=69,reqIdx=2,hash=f1ca0846...
info|2019-12-12 18:57:48.656691|[g:1][CONSENSUS][PBFT]checkTimeout Succ,view=5690,toView=5691,nodeIdx=0,changeCycle=0,myNode=1306daf6...,timecost=0.26
info|2019-12-12 18:57:48.660313|[g:1][CONSENSUS][PBFT]checkAndChangeView: Reach consensus,org_view=5690,org_changeCycle=0,cur_changeCycle=0,to_view=5691
info|2019-12-12 18:57:49.663383|[g:1][CONSENSUS]addRawPrepare,height=69,reqIdx=3,hash=304a77ba...
info|2019-12-12 18:57:49.663736|[g:1][CONSENSUS][PBFT]checkTimeout Succ,view=5691,toView=5692,nodeIdx=0,changeCycle=0,myNode=1306daf6...,timecost=0.255
info|2019-12-12 18:57:49.669426|[g:1][CONSENSUS][PBFT]checkAndChangeView: Reach consensus,org_view=5691,org_changeCycle=0,cur_changeCycle=0,to_view=5692
info|2019-12-12 18:57:50.669427|[g:1][CONSENSUS][SEALER]++++++++++++++++ Generating seal on,blkNum=69,tx=0,nodeIdx=0,hash=24ca89bb...
info|2019-12-12 18:57:50.684454|[g:1][CONSENSUS][PBFT]checkTimeout Succ,view=5692,toView=5693,nodeIdx=0,changeCycle=0,myNode=1306daf6...,timecost=0.972
info|2019-12-12 18:57:50.688027|[g:1][CONSENSUS][PBFT]checkAndChangeView: Reach consensus,org_view=5692,org_changeCycle=0,cur_changeCycle=0,to_view=5693
info|2019-12-12 18:57:51.408707|[P2P][Service] heartBeat,connected count=4
info|2019-12-12 18:57:51.683700|[g:1][CONSENSUS]addRawPrepare,height=69,reqIdx=1,hash=e3e0f8d6...
info|2019-12-12 18:57:51.691822|[g:1][CONSENSUS][PBFT]checkTimeout Succ,view=5693,toView=5694,nodeIdx=0,changeCycle=0,myNode=1306daf6...,timecost=3.671
info|2019-12-12 18:57:51.693824|[g:1][CONSENSUS][PBFT]checkAndChangeView: Reach consensus,org_view=5693,org_changeCycle=0,cur_changeCycle=0,to_view=5694
info|2019-12-12 18:57:52.701012|[g:1][CONSENSUS]addRawPrepare,height=69,reqIdx=2,hash=a0bb0f4a...
info|2019-12-12 18:57:52.701446|[g:1][CONSENSUS][PBFT]checkTimeout Succ,view=5694,toView=5695,nodeIdx=0,changeCycle=0,myNode=1306daf6...,timecost=0.37
info|2019-12-12 18:57:52.709088|[g:1][CONSENSUS][PBFT]checkAndChangeView: Reach consensus,org_view=5694,org_changeCycle=0,cur_changeCycle=0,to_view=5695
info|2019-12-12 18:57:53.710653|[g:1][CONSENSUS]addRawPrepare,height=69,reqIdx=3,hash=89d02afe...
info|2019-12-12 18:57:53.711180|[g:1][CONSENSUS][PBFT]checkTimeout Succ,view=5695,toView=5696,nodeIdx=0,changeCycle=0,myNode=1306daf6...,timecost=0.38
info|2019-12-12 18:57:53.719701|[g:1][CONSENSUS][PBFT]checkAndChangeView: Reach consensus,org_view=5695,org_changeCycle=0,cur_changeCycle=0,to_view=5696
info|2019-12-12 18:57:54.721587|[g:1][CONSENSUS][SEALER]++++++++++++++++ Generating seal on,blkNum=69,tx=0,nodeIdx=0,hash=8f576602...
info|2019-12-12 18:57:54.733595|[g:1][CONSENSUS][PBFT]checkTimeout Succ,view=5696,toView=5697,nodeIdx=0,changeCycle=0,myNode=1306daf6...,timecost=0.342
info|2019-12-12 18:57:54.735291|[g:1][CONSENSUS][PBFT]checkAndChangeView: Reach consensus,org_view=5696,org_changeCycle=0,cur_changeCycle=0,to_view=5697
info|2019-12-12 18:57:55.733429|[g:1][CONSENSUS]addRawPrepare,height=69,reqIdx=1,hash=59e2c9a2...
info|2019-12-12 18:57:55.733848|[g:1][CONSENSUS][PBFT]checkTimeout Succ,view=5697,toView=5698,nodeIdx=0,changeCycle=0,myNode=1306daf6...,timecost=0.262
info|2019-12-12 18:57:55.740164|[g:1][CONSENSUS][PBFT]checkAndChangeView: Reach consensus,org_view=5697,org_changeCycle=0,cur_changeCycle=0,to_view=5698
info|2019-12-12 18:57:56.741831|[g:1][CONSENSUS]addRawPrepare,height=69,reqIdx=2,hash=fe2d2fc0...
info|2019-12-12 18:57:56.742209|[g:1][CONSENSUS][PBFT]checkTimeout Succ,view=5698,toView=5699,nodeIdx=0,changeCycle=0,myNode=1306daf6...,timecost=0.348
info|2019-12-12 18:57:56.747334|[g:1][CONSENSUS][PBFT]checkAndChangeView: Reach consensus,org_view=5698,org_changeCycle=0,cur_changeCycle=0,to_view=5699
info|2019-12-12 18:57:57.750787|[g:1][CONSENSUS]addRawPrepare,height=69,reqIdx=3,hash=d609097a...
info|2019-12-12 18:57:57.751270|[g:1][CONSENSUS][PBFT]checkTimeout Succ,view=5699,toView=5700,nodeIdx=0,changeCycle=0,myNode=1306daf6...,timecost=0.327
info|2019-12-12 18:57:57.760540|[g:1][CONSENSUS][PBFT]checkAndChangeView: Reach consensus,org_view=5699,org_changeCycle=0,cur_changeCycle=0,to_view=5700
info|2019-12-12 18:57:58.770600|[g:1][CONSENSUS][SEALER]++++++++++++++++ Generating seal on,blkNum=69,tx=0,nodeIdx=0,hash=38799c44...
info|2019-12-12 18:57:58.788753|[g:1][CONSENSUS][PBFT]checkTimeout Succ,view=5700,toView=5701,nodeIdx=0,changeCycle=0,myNode=1306daf6...,timecost=0.391
info|2019-12-12 18:57:58.791316|[g:1][CONSENSUS][PBFT]checkAndChangeView: Reach consensus,org_view=5700,org_changeCycle=0,cur_changeCycle=0,to_view=5701
info|2019-12-12 18:57:59.788415|[g:1][CONSENSUS]addRawPrepare,height=69,reqIdx=1,hash=68c14a17...
info|2019-12-12 18:57:59.788732|[g:1][CONSENSUS][PBFT]checkTimeout Succ,view=5701,toView=5702,nodeIdx=0,changeCycle=0,myNode=1306daf6...,timecost=0.227
info|2019-12-12 18:57:59.797381|[g:1][CONSENSUS][PBFT]checkAndChangeView: Reach consensus,org_view=5701,org_changeCycle=0,cur_changeCycle=0,to_view=5702
info|2019-12-12 18:58:00.804501|[g:1][CONSENSUS]addRawPrepare,height=69,reqIdx=2,hash=eec14b5f...
info|2019-12-12 18:58:00.808865|[g:1][CONSENSUS][PBFT]checkTimeout Succ,view=5702,toView=5703,nodeIdx=0,changeCycle=0,myNode=1306daf6...,timecost=4.313
info|2019-12-12 18:58:00.810885|[g:1][CONSENSUS][PBFT]checkAndChangeView: Reach consensus,org_view=5702,org_changeCycle=0,cur_changeCycle=0,to_view=5703
info|2019-12-12 18:58:01.409474|[P2P][Service] heartBeat,connected count=4
info|2019-12-12 18:58:01.813204|[g:1][CONSENSUS]addRawPrepare,height=69,reqIdx=3,hash=e2de1c1c...
info|2019-12-12 18:58:01.813698|[g:1][CONSENSUS][PBFT]checkTimeout Succ,view=5703,toView=5704,nodeIdx=0,changeCycle=0,myNode=1306daf6...,timecost=0.329
info|2019-12-12 18:58:01.820118|[g:1][CONSENSUS][PBFT]checkAndChangeView: Reach consensus,org_view=5703,org_changeCycle=0,cur_changeCycle=0,to_view=5704
info|2019-12-12 18:58:02.821959|[g:1][CONSENSUS][SEALER]++++++++++++++++ Generating seal on,blkNum=69,tx=0,nodeIdx=0,hash=50194cd5...
info|2019-12-12 18:58:02.836178|[g:1][CONSENSUS][PBFT]checkTimeout Succ,view=5704,toView=5705,nodeIdx=0,changeCycle=0,myNode=1306daf6...,timecost=0.451
info|2019-12-12 18:58:02.838981|[g:1][CONSENSUS][PBFT]checkAndChangeView: Reach consensus,org_view=5704,org_changeCycle=0,cur_changeCycle=0,to_view=5705
info|2019-12-12 18:58:03.837989|[g:1][CONSENSUS]addRawPrepare,height=69,reqIdx=1,hash=989edc57...
info|2019-12-12 18:58:03.838528|[g:1][CONSENSUS][PBFT]checkTimeout Succ,view=5705,toView=5706,nodeIdx=0,changeCycle=0,myNode=1306daf6...,timecost=0.386
info|2019-12-12 18:58:03.845873|[g:1][CONSENSUS][PBFT]checkAndChangeView: Reach consensus,org_view=5705,org_changeCycle=0,cur_changeCycle=0,to_view=5706
info|2019-12-12 18:58:04.854768|[g:1][CONSENSUS]addRawPrepare,height=69,reqIdx=2,hash=ec0ebc52...
info|2019-12-12 18:58:04.861666|[g:1][CONSENSUS][PBFT]checkTimeout Succ,view=5706,toView=5707,nodeIdx=0,changeCycle=0,myNode=1306daf6...,timecost=6.848
info|2019-12-12 18:58:04.864984|[g:1][CONSENSUS][PBFT]checkAndChangeView: Reach consensus,org_view=5706,org_changeCycle=0,cur_changeCycle=0,to_view=5707
info|2019-12-12 18:58:05.867805|[g:1][CONSENSUS]addRawPrepare,height=69,reqIdx=3,hash=79d008fd...
info|2019-12-12 18:58:05.868721|[g:1][CONSENSUS][PBFT]checkTimeout Succ,view=5707,toView=5708,nodeIdx=0,changeCycle=0,myNode=1306daf6...,timecost=0.586
info|2019-12-12 18:58:05.877808|[g:1][CONSENSUS][PBFT]checkAndChangeView: Reach consensus,org_view=5707,org_changeCycle=0,cur_changeCycle=0,to_view=5708
info|2019-12-12 18:58:06.878258|[g:1][CONSENSUS][SEALER]++++++++++++++++ Generating seal on,blkNum=69,tx=0,nodeIdx=0,hash=475a94e2...
info|2019-12-12 18:58:06.892737|[g:1][CONSENSUS][PBFT]checkTimeout Succ,view=5708,toView=5709,nodeIdx=0,changeCycle=0,myNode=1306daf6...,timecost=0.379
info|2019-12-12 18:58:06.894354|[g:1][CONSENSUS][PBFT]checkAndChangeView: Reach consensus,org_view=5708,org_changeCycle=0,cur_changeCycle=0,to_view=5709
info|2019-12-12 18:58:07.893553|[g:1][CONSENSUS]addRawPrepare,height=69,reqIdx=1,hash=667a684c...
info|2019-12-12 18:58:07.894110|[g:1][CONSENSUS][PBFT]checkTimeout Succ,view=5709,toView=5710,nodeIdx=0,changeCycle=0,myNode=1306daf6...,timecost=0.384
info|2019-12-12 18:58:07.906863|[g:1][CONSENSUS][PBFT]checkAndChangeView: Reach consensus,org_view=5709,org_changeCycle=0,cur_changeCycle=0,to_view=5710
info|2019-12-12 18:58:08.917684|[g:1][CONSENSUS]addRawPrepare,height=69,reqIdx=2,hash=983faac6...
info|2019-12-12 18:58:08.921760|[g:1][CONSENSUS][PBFT]checkTimeout Succ,view=5710,toView=5711,nodeIdx=0,changeCycle=0,myNode=1306daf6...,timecost=3.873
info|2019-12-12 18:58:08.922666|[g:1][CONSENSUS][PBFT]checkAndChangeView: Reach consensus,org_view=5710,org_changeCycle=0,cur_changeCycle=0,to_view=5711
info|2019-12-12 18:58:09.923160|[g:1][CONSENSUS]addRawPrepare,height=69,reqIdx=3,hash=0fd2cccc...
info|2019-12-12 18:58:09.923758|[g:1][CONSENSUS][PBFT]checkTimeout Succ,view=5711,toView=5712,nodeIdx=0,changeCycle=0,myNode=1306daf6...,timecost=0.489
info|2019-12-12 18:58:09.932802|[g:1][CONSENSUS][PBFT]checkAndChangeView: Reach consensus,org_view=5711,org_changeCycle=0,cur_changeCycle=0,to_view=5712
info|2019-12-12 18:58:10.934549|[g:1][CONSENSUS][SEALER]++++++++++++++++ Generating seal on,blkNum=69,tx=0,nodeIdx=0,hash=35bdda8c...
info|2019-12-12 18:58:10.950666|[g:1][CONSENSUS][PBFT]checkTimeout Succ,view=5712,toView=5713,nodeIdx=0,changeCycle=0,myNode=1306daf6...,timecost=2.122
info|2019-12-12 18:58:10.952637|[g:1][CONSENSUS][PBFT]checkAndChangeView: Reach consensus,org_view=5712,org_changeCycle=0,cur_changeCycle=0,to_view=5713
info|2019-12-12 18:58:11.410132|[P2P][Service] heartBeat,connected count=4
info|2019-12-12 18:58:11.944281|[g:1][CONSENSUS]addRawPrepare,height=69,reqIdx=1,hash=cdaee004...
info|2019-12-12 18:58:11.944662|[g:1][CONSENSUS][PBFT]checkTimeout Succ,view=5713,toView=5714,nodeIdx=0,changeCycle=0,myNode=1306daf6...,timecost=0.282
info|2019-12-12 18:58:11.952510|[g:1][CONSENSUS][PBFT]checkAndChangeView: Reach consensus,org_view=5713,org_changeCycle=0,cur_changeCycle=0,to_view=5714
info|2019-12-12 18:58:12.960553|[g:1][CONSENSUS]addRawPrepare,height=69,reqIdx=2,hash=a5571e4a...
info|2019-12-12 18:58:12.961359|[g:1][CONSENSUS][PBFT]checkTimeout Succ,view=5714,toView=5715,nodeIdx=0,changeCycle=0,myNode=1306daf6...,timecost=0.629
info|2019-12-12 18:58:12.964406|[g:1][CONSENSUS][PBFT]checkAndChangeView: Reach consensus,org_view=5714,org_changeCycle=0,cur_changeCycle=0,to_view=5715
info|2019-12-12 18:58:13.970602|[g:1][CONSENSUS]addRawPrepare,height=69,reqIdx=3,hash=07b30eac...
info|2019-12-12 18:58:13.971162|[g:1][CONSENSUS][PBFT]checkTimeout Succ,view=5715,toView=5716,nodeIdx=0,changeCycle=0,myNode=1306daf6...,timecost=0.359
info|2019-12-12 18:58:13.985799|[g:1][CONSENSUS][PBFT]checkAndChangeView: Reach consensus,org_view=5715,org_changeCycle=0,cur_changeCycle=0,to_view=5716
info|2019-12-12 18:58:14.986687|[g:1][CONSENSUS][SEALER]++++++++++++++++ Generating seal on,blkNum=69,tx=0,nodeIdx=0,hash=cea5b47d...
info|2019-12-12 18:58:15.001882|[g:1][CONSENSUS][PBFT]checkTimeout Succ,view=5716,toView=5717,nodeIdx=0,changeCycle=0,myNode=1306daf6...,timecost=0.432
info|2019-12-12 18:58:15.003931|[g:1][CONSENSUS][PBFT]checkAndChangeView: Reach consensus,org_view=5716,org_changeCycle=0,cur_changeCycle=0,to_view=5717
info|2019-12-12 18:58:16.000651|[g:1][CONSENSUS]addRawPrepare,height=69,reqIdx=1,hash=b5a980c6...
info|2019-12-12 18:58:16.001177|[g:1][CONSENSUS][PBFT]checkTimeout Succ,view=5717,toView=5718,nodeIdx=0,changeCycle=0,myNode=1306daf6...,timecost=0.375
info|2019-12-12 18:58:16.009665|[g:1][CONSENSUS][PBFT]checkAndChangeView: Reach consensus,org_view=5717,org_changeCycle=0,cur_changeCycle=0,to_view=5718
info|2019-12-12 18:58:17.017226|[g:1][CONSENSUS]addRawPrepare,height=69,reqIdx=2,hash=7ba18b9b...
info|2019-12-12 18:58:17.017608|[g:1][CONSENSUS][PBFT]checkTimeout Succ,view=5718,toView=5719,nodeIdx=0,changeCycle=0,myNode=1306daf6...,timecost=0.339
info|2019-12-12 18:58:17.022141|[g:1][CONSENSUS][PBFT]checkAndChangeView: Reach consensus,org_view=5718,org_changeCycle=0,cur_changeCycle=0,to_view=5719
info|2019-12-12 18:58:18.028188|[g:1][CONSENSUS]addRawPrepare,height=69,reqIdx=3,hash=0a4ad0b1...
info|2019-12-12 18:58:18.028686|[g:1][CONSENSUS][PBFT]checkTimeout Succ,view=5719,toView=5720,nodeIdx=0,changeCycle=0,myNode=1306daf6...,timecost=0.324
info|2019-12-12 18:58:18.034881|[g:1][CONSENSUS][PBFT]checkAndChangeView: Reach consensus,org_view=5719,org_changeCycle=0,cur_changeCycle=0,to_view=5720
info|2019-12-12 18:58:19.037256|[g:1][CONSENSUS][SEALER]++++++++++++++++ Generating seal on,blkNum=69,tx=0,nodeIdx=0,hash=c1f0bc01...
info|2019-12-12 18:58:19.052149|[g:1][CONSENSUS][PBFT]checkTimeout Succ,view=5720,toView=5721,nodeIdx=0,changeCycle=0,myNode=1306daf6...,timecost=0.35
info|2019-12-12 18:58:19.053993|[g:1][CONSENSUS][PBFT]checkAndChangeView: Reach consensus,org_view=5720,org_changeCycle=0,cur_changeCycle=0,to_view=5721
info|2019-12-12 18:58:20.051863|[g:1][CONSENSUS]addRawPrepare,height=69,reqIdx=1,hash=3855b648...
info|2019-12-12 18:58:20.052334|[g:1][CONSENSUS][PBFT]checkTimeout Succ,view=5721,toView=5722,nodeIdx=0,changeCycle=0,myNode=1306daf6...,timecost=0.34
info|2019-12-12 18:58:20.065371|[g:1][CONSENSUS][PBFT]checkAndChangeView: Reach consensus,org_view=5721,org_changeCycle=0,cur_changeCycle=0,to_view=5722
info|2019-12-12 18:58:21.070843|[g:1][CONSENSUS]addRawPrepare,height=69,reqIdx=2,hash=dd30a3f6...
info|2019-12-12 18:58:21.071291|[g:1][CONSENSUS][PBFT]checkTimeout Succ,view=5722,toView=5723,nodeIdx=0,changeCycle=0,myNode=1306daf6...,timecost=0.364
info|2019-12-12 18:58:21.076270|[g:1][CONSENSUS][PBFT]checkAndChangeView: Reach consensus,org_view=5722,org_changeCycle=0,cur_changeCycle=0,to_view=5723
info|2019-12-12 18:58:21.410617|[P2P][Service] heartBeat,connected count=4
info|2019-12-12 18:58:22.080462|[g:1][CONSENSUS]addRawPrepare,height=69,reqIdx=3,hash=2e8e1b46...
info|2019-12-12 18:58:22.080957|[g:1][CONSENSUS][PBFT]checkTimeout Succ,view=5723,toView=5724,nodeIdx=0,changeCycle=0,myNode=1306daf6...,timecost=0.348
info|2019-12-12 18:58:22.089390|[g:1][CONSENSUS][PBFT]checkAndChangeView: Reach consensus,org_view=5723,org_changeCycle=0,cur_changeCycle=0,to_view=5724
info|2019-12-12 18:58:23.090228|[g:1][CONSENSUS][SEALER]++++++++++++++++ Generating seal on,blkNum=69,tx=0,nodeIdx=0,hash=52bf3d56...
info|2019-12-12 18:58:23.102970|[g:1][CONSENSUS][PBFT]checkTimeout Succ,view=5724,toView=5725,nodeIdx=0,changeCycle=0,myNode=1306daf6...,timecost=0.386
info|2019-12-12 18:58:23.105535|[g:1][CONSENSUS][PBFT]checkAndChangeView: Reach consensus,org_view=5724,org_changeCycle=0,cur_changeCycle=0,to_view=5725
info|2019-12-12 18:58:24.101998|[g:1][CONSENSUS]addRawPrepare,height=69,reqIdx=1,hash=031ed430...
info|2019-12-12 18:58:24.102433|[g:1][CONSENSUS][PBFT]checkTimeout Succ,view=5725,toView=5726,nodeIdx=0,changeCycle=0,myNode=1306daf6...,timecost=0.312
info|2019-12-12 18:58:24.111743|[g:1][CONSENSUS][PBFT]checkAndChangeView: Reach consensus,org_view=5725,org_changeCycle=0,cur_changeCycle=0,to_view=5726
info|2019-12-12 18:58:25.115812|[g:1][CONSENSUS]addRawPrepare,height=69,reqIdx=2,hash=b2db737a...
info|2019-12-12 18:58:25.116378|[g:1][CONSENSUS][PBFT]checkTimeout Succ,view=5726,toView=5727,nodeIdx=0,changeCycle=0,myNode=1306daf6...,timecost=0.484
info|2019-12-12 18:58:25.126447|[g:1][CONSENSUS][PBFT]checkAndChangeView: Reach consensus,org_view=5726,org_changeCycle=0,cur_changeCycle=0,to_view=5727
info|2019-12-12 18:58:26.136720|[g:1][CONSENSUS]addRawPrepare,height=69,reqIdx=3,hash=02383c93...
info|2019-12-12 18:58:26.137280|[g:1][CONSENSUS][PBFT]checkTimeout Succ,view=5727,toView=5728,nodeIdx=0,changeCycle=0,myNode=1306daf6...,timecost=0.403
info|2019-12-12 18:58:26.145611|[g:1][CONSENSUS][PBFT]checkAndChangeView: Reach consensus,org_view=5727,org_changeCycle=0,cur_changeCycle=0,to_view=5728
info|2019-12-12 18:58:27.146343|[g:1][CONSENSUS][SEALER]++++++++++++++++ Generating seal on,blkNum=69,tx=0,nodeIdx=0,hash=79a3ccfe...
info|2019-12-12 18:58:27.163790|[g:1][CONSENSUS][PBFT]checkTimeout Succ,view=5728,toView=5729,nodeIdx=0,changeCycle=0,myNode=1306daf6...,timecost=0.517
info|2019-12-12 18:58:27.166629|[g:1][CONSENSUS][PBFT]checkAndChangeView: Reach consensus,org_view=5728,org_changeCycle=0,cur_changeCycle=0,to_view=5729
info|2019-12-12 18:58:28.161443|[g:1][CONSENSUS]addRawPrepare,height=69,reqIdx=1,hash=ac82b6a6...
info|2019-12-12 18:58:28.169342|[g:1][CONSENSUS][PBFT]checkTimeout Succ,view=5729,toView=5730,nodeIdx=0,changeCycle=0,myNode=1306daf6...,timecost=7.573
info|2019-12-12 18:58:28.173674|[g:1][CONSENSUS][PBFT]checkAndChangeView: Reach consensus,org_view=5729,org_changeCycle=0,cur_changeCycle=0,to_view=5730
info|2019-12-12 18:58:29.173996|[g:1][CONSENSUS]addRawPrepare,height=69,reqIdx=2,hash=be3596c4...
info|2019-12-12 18:58:29.174417|[g:1][CONSENSUS][PBFT]checkTimeout Succ,view=5730,toView=5731,nodeIdx=0,changeCycle=0,myNode=1306daf6...,timecost=0.342
info|2019-12-12 18:58:29.220302|[g:1][CONSENSUS][PBFT]checkAndChangeView: Reach consensus,org_view=5730,org_changeCycle=0,cur_changeCycle=0,to_view=5731
info|2019-12-12 18:58:30.184006|[g:1][CONSENSUS]addRawPrepare,height=69,reqIdx=3,hash=9e221e9c...
info|2019-12-12 18:58:30.184325|[g:1][CONSENSUS][PBFT]checkTimeout Succ,view=5731,toView=5732,nodeIdx=0,changeCycle=0,myNode=1306daf6...,timecost=0.223
info|2019-12-12 18:58:30.189043|[g:1][CONSENSUS][PBFT]checkAndChangeView: Reach consensus,org_view=5731,org_changeCycle=0,cur_changeCycle=0,to_view=5732
info|2019-12-12 18:58:31.191839|[g:1][CONSENSUS][SEALER]++++++++++++++++ Generating seal on,blkNum=69,tx=0,nodeIdx=0,hash=fa2143fa...
info|2019-12-12 18:58:31.204148|[g:1][CONSENSUS][PBFT]checkTimeout Succ,view=5732,toView=5733,nodeIdx=0,changeCycle=0,myNode=1306daf6...,timecost=0.384
info|2019-12-12 18:58:31.206198|[g:1][CONSENSUS][PBFT]checkAndChangeView: Reach consensus,org_view=5732,org_changeCycle=0,cur_changeCycle=0,to_view=5733
info|2019-12-12 18:58:31.412501|[P2P][Service] heartBeat,connected count=4
info|2019-12-12 18:58:32.204381|[g:1][CONSENSUS]addRawPrepare,height=69,reqIdx=1,hash=6b3a880c...
info|2019-12-12 18:58:32.204803|[g:1][CONSENSUS][PBFT]checkTimeout Succ,view=5733,toView=5734,nodeIdx=0,changeCycle=0,myNode=1306daf6...,timecost=0.38
info|2019-12-12 18:58:32.213223|[g:1][CONSENSUS][PBFT]checkAndChangeView: Reach consensus,org_view=5733,org_changeCycle=0,cur_changeCycle=0,to_view=5734
info|2019-12-12 18:58:33.229367|[g:1][CONSENSUS]addRawPrepare,height=69,reqIdx=2,hash=b2d84969...
info|2019-12-12 18:58:33.229883|[g:1][CONSENSUS][PBFT]checkTimeout Succ,view=5734,toView=5735,nodeIdx=0,changeCycle=0,myNode=1306daf6...,timecost=0.457
info|2019-12-12 18:58:33.236423|[g:1][CONSENSUS][PBFT]checkAndChangeView: Reach consensus,org_view=5734,org_changeCycle=0,cur_changeCycle=0,to_view=5735
info|2019-12-12 18:58:34.238470|[g:1][CONSENSUS]addRawPrepare,height=69,reqIdx=3,hash=d3111aba...
info|2019-12-12 18:58:34.239334|[g:1][CONSENSUS][PBFT]checkTimeout Succ,view=5735,toView=5736,nodeIdx=0,changeCycle=0,myNode=1306daf6...,timecost=0.733
info|2019-12-12 18:58:34.249865|[g:1][CONSENSUS][PBFT]checkAndChangeView: Reach consensus,org_view=5735,org_changeCycle=0,cur_changeCycle=0,to_view=5736
info|2019-12-12 18:58:35.251084|[g:1][CONSENSUS][SEALER]++++++++++++++++ Generating seal on,blkNum=69,tx=0,nodeIdx=0,hash=0b79af13...
info|2019-12-12 18:58:35.265308|[g:1][CONSENSUS][PBFT]checkTimeout Succ,view=5736,toView=5737,nodeIdx=0,changeCycle=0,myNode=1306daf6...,timecost=0.323
info|2019-12-12 18:58:35.266666|[g:1][CONSENSUS][PBFT]checkAndChangeView: Reach consensus,org_view=5736,org_changeCycle=0,cur_changeCycle=0,to_view=5737
info|2019-12-12 18:58:36.264508|[g:1][CONSENSUS]addRawPrepare,height=69,reqIdx=1,hash=17ca5c40...
info|2019-12-12 18:58:36.265007|[g:1][CONSENSUS][PBFT]checkTimeout Succ,view=5737,toView=5738,nodeIdx=0,changeCycle=0,myNode=1306daf6...,timecost=0.396
info|2019-12-12 18:58:36.273513|[g:1][CONSENSUS][PBFT]checkAndChangeView: Reach consensus,org_view=5737,org_changeCycle=0,cur_changeCycle=0,to_view=5738
info|2019-12-12 18:58:37.277772|[g:1][CONSENSUS]addRawPrepare,height=69,reqIdx=2,hash=62331f35...
info|2019-12-12 18:58:37.282315|[g:1][CONSENSUS][PBFT]checkTimeout Succ,view=5738,toView=5739,nodeIdx=0,changeCycle=0,myNode=1306daf6...,timecost=4.432
info|2019-12-12 18:58:37.286575|[g:1][CONSENSUS][PBFT]checkAndChangeView: Reach consensus,org_view=5738,org_changeCycle=0,cur_changeCycle=0,to_view=5739
info|2019-12-12 18:58:38.289902|[g:1][CONSENSUS]addRawPrepare,height=69,reqIdx=3,hash=fe8a35e7...
info|2019-12-12 18:58:38.290369|[g:1][CONSENSUS][PBFT]checkTimeout Succ,view=5739,toView=5740,nodeIdx=0,changeCycle=0,myNode=1306daf6...,timecost=0.325
info|2019-12-12 18:58:38.297159|[g:1][CONSENSUS][PBFT]checkAndChangeView: Reach consensus,org_view=5739,org_changeCycle=0,cur_changeCycle=0,to_view=5740
info|2019-12-12 18:58:39.297373|[g:1][CONSENSUS][SEALER]++++++++++++++++ Generating seal on,blkNum=69,tx=0,nodeIdx=0,hash=a1151aa8...
info|2019-12-12 18:58:39.317149|[g:1][CONSENSUS][PBFT]checkTimeout Succ,view=5740,toView=5741,nodeIdx=0,changeCycle=0,myNode=1306daf6...,timecost=0.481
info|2019-12-12 18:58:39.320365|[g:1][CONSENSUS][PBFT]checkAndChangeView: Reach consensus,org_view=5740,org_changeCycle=0,cur_changeCycle=0,to_view=5741
info|2019-12-12 18:58:40.316668|[g:1][CONSENSUS]addRawPrepare,height=69,reqIdx=1,hash=6d0196a8...
info|2019-12-12 18:58:40.325153|[g:1][CONSENSUS][PBFT]checkTimeout Succ,view=5741,toView=5742,nodeIdx=0,changeCycle=0,myNode=1306daf6...,timecost=4.776
info|2019-12-12 18:58:40.328614|[g:1][CONSENSUS][PBFT]checkAndChangeView: Reach consensus,org_view=5741,org_changeCycle=0,cur_changeCycle=0,to_view=5742
info|2019-12-12 18:58:41.336721|[g:1][CONSENSUS]addRawPrepare,height=69,reqIdx=2,hash=5f1367ea...
info|2019-12-12 18:58:41.339018|[g:1][CONSENSUS][PBFT]checkTimeout Succ,view=5742,toView=5743,nodeIdx=0,changeCycle=0,myNode=1306daf6...,timecost=2.238
info|2019-12-12 18:58:41.342946|[g:1][CONSENSUS][PBFT]checkAndChangeView: Reach consensus,org_view=5742,org_changeCycle=0,cur_changeCycle=0,to_view=5743
info|2019-12-12 18:58:41.412923|[P2P][Service] heartBeat,connected count=4
info|2019-12-12 18:58:42.348489|[g:1][CONSENSUS]addRawPrepare,height=69,reqIdx=3,hash=2d82dfa7...
info|2019-12-12 18:58:42.359186|[g:1][CONSENSUS][PBFT]checkTimeout Succ,view=5743,toView=5744,nodeIdx=0,changeCycle=0,myNode=1306daf6...,timecost=3.084
info|2019-12-12 18:58:42.360593|[g:1][CONSENSUS][PBFT]checkAndChangeView: Reach consensus,org_view=5743,org_changeCycle=0,cur_changeCycle=0,to_view=5744
info|2019-12-12 18:58:43.367267|[g:1][CONSENSUS][SEALER]++++++++++++++++ Generating seal on,blkNum=69,tx=0,nodeIdx=0,hash=3ce4c1a8...
info|2019-12-12 18:58:43.385485|[g:1][CONSENSUS][PBFT]checkTimeout Succ,view=5744,toView=5745,nodeIdx=0,changeCycle=0,myNode=1306daf6...,timecost=0.551
info|2019-12-12 18:58:43.388031|[g:1][CONSENSUS][PBFT]checkAndChangeView: Reach consensus,org_view=5744,org_changeCycle=0,cur_changeCycle=0,to_view=5745
info|2019-12-12 18:58:44.392128|[g:1][CONSENSUS]addRawPrepare,height=69,reqIdx=1,hash=5bef4c59...
info|2019-12-12 18:58:44.392572|[g:1][CONSENSUS][PBFT]checkTimeout Succ,view=5745,toView=5746,nodeIdx=0,changeCycle=0,myNode=1306daf6...,timecost=0.389
info|2019-12-12 18:58:44.402852|[g:1][CONSENSUS][PBFT]checkAndChangeView: Reach consensus,org_view=5745,org_changeCycle=0,cur_changeCycle=0,to_view=5746
info|2019-12-12 18:58:45.405882|[g:1][CONSENSUS]addRawPrepare,height=69,reqIdx=2,hash=cdddb61f...
info|2019-12-12 18:58:45.406322|[g:1][CONSENSUS][PBFT]checkTimeout Succ,view=5746,toView=5747,nodeIdx=0,changeCycle=0,myNode=1306daf6...,timecost=0.372
info|2019-12-12 18:58:45.410818|[g:1][CONSENSUS][PBFT]checkAndChangeView: Reach consensus,org_view=5746,org_changeCycle=0,cur_changeCycle=0,to_view=5747
info|2019-12-12 18:58:46.415988|[g:1][CONSENSUS]addRawPrepare,height=69,reqIdx=3,hash=42252f8f...
info|2019-12-12 18:58:46.416493|[g:1][CONSENSUS][PBFT]checkTimeout Succ,view=5747,toView=5748,nodeIdx=0,changeCycle=0,myNode=1306daf6...,timecost=0.377
info|2019-12-12 18:58:46.421900|[g:1][CONSENSUS][PBFT]checkAndChangeView: Reach consensus,org_view=5747,org_changeCycle=0,cur_changeCycle=0,to_view=5748
info|2019-12-12 18:58:47.424744|[g:1][CONSENSUS][SEALER]++++++++++++++++ Generating seal on,blkNum=69,tx=0,nodeIdx=0,hash=8e78419a...
info|2019-12-12 18:58:47.439492|[g:1][CONSENSUS][PBFT]checkTimeout Succ,view=5748,toView=5749,nodeIdx=0,changeCycle=0,myNode=1306daf6...,timecost=0.461
info|2019-12-12 18:58:47.442069|[g:1][CONSENSUS][PBFT]checkAndChangeView: Reach consensus,org_view=5748,org_changeCycle=0,cur_changeCycle=0,to_view=5749
info|2019-12-12 18:58:48.440682|[g:1][CONSENSUS]addRawPrepare,height=69,reqIdx=1,hash=f9912079...
info|2019-12-12 18:58:48.441250|[g:1][CONSENSUS][PBFT]checkTimeout Succ,view=5749,toView=5750,nodeIdx=0,changeCycle=0,myNode=1306daf6...,timecost=0.419
info|2019-12-12 18:58:48.451796|[g:1][CONSENSUS][PBFT]checkAndChangeView: Reach consensus,org_view=5749,org_changeCycle=0,cur_changeCycle=0,to_view=5750
info|2019-12-12 18:58:49.455449|[g:1][CONSENSUS]addRawPrepare,height=69,reqIdx=2,hash=7787dfbd...
info|2019-12-12 18:58:49.458213|[g:1][CONSENSUS][PBFT]checkTimeout Succ,view=5750,toView=5751,nodeIdx=0,changeCycle=0,myNode=1306daf6...,timecost=2.712
info|2019-12-12 18:58:49.465997|[g:1][CONSENSUS][PBFT]checkAndChangeView: Reach consensus,org_view=5750,org_changeCycle=0,cur_changeCycle=0,to_view=5751
info|2019-12-12 18:58:50.478038|[g:1][CONSENSUS]addRawPrepare,height=69,reqIdx=3,hash=6ae5b0df...
info|2019-12-12 18:58:50.478588|[g:1][CONSENSUS][PBFT]checkTimeout Succ,view=5751,toView=5752,nodeIdx=0,changeCycle=0,myNode=1306daf6...,timecost=0.354
info|2019-12-12 18:58:50.486295|[g:1][CONSENSUS][PBFT]checkAndChangeView: Reach consensus,org_view=5751,org_changeCycle=0,cur_changeCycle=0,to_view=5752
info|2019-12-12 18:58:51.413135|[P2P][Service] heartBeat,connected count=4
info|2019-12-12 18:58:51.489363|[g:1][CONSENSUS][SEALER]++++++++++++++++ Generating seal on,blkNum=69,tx=0,nodeIdx=0,hash=b9f925d6...
info|2019-12-12 18:58:51.504350|[g:1][CONSENSUS][PBFT]checkTimeout Succ,view=5752,toView=5753,nodeIdx=0,changeCycle=0,myNode=1306daf6...,timecost=0.436
info|2019-12-12 18:58:51.506873|[g:1][CONSENSUS][PBFT]checkAndChangeView: Reach consensus,org_view=5752,org_changeCycle=0,cur_changeCycle=0,to_view=5753
info|2019-12-12 18:58:52.505337|[g:1][CONSENSUS]addRawPrepare,height=69,reqIdx=1,hash=5d4b2ab6...
info|2019-12-12 18:58:52.515075|[g:1][CONSENSUS][PBFT]checkTimeout Succ,view=5753,toView=5754,nodeIdx=0,changeCycle=0,myNode=1306daf6...,timecost=9.381
info|2019-12-12 18:58:52.520116|[g:1][CONSENSUS][PBFT]checkAndChangeView: Reach consensus,org_view=5753,org_changeCycle=0,cur_changeCycle=0,to_view=5754
info|2019-12-12 18:58:53.525830|[g:1][CONSENSUS]addRawPrepare,height=69,reqIdx=2,hash=083793a3...
info|2019-12-12 18:58:53.526252|[g:1][CONSENSUS][PBFT]checkTimeout Succ,view=5754,toView=5755,nodeIdx=0,changeCycle=0,myNode=1306daf6...,timecost=0.383
info|2019-12-12 18:58:53.529835|[g:1][CONSENSUS][PBFT]checkAndChangeView: Reach consensus,org_view=5754,org_changeCycle=0,cur_changeCycle=0,to_view=5755
info|2019-12-12 18:58:54.533100|[g:1][CONSENSUS]addRawPrepare,height=69,reqIdx=3,hash=0349e0de...
info|2019-12-12 18:58:54.533479|[g:1][CONSENSUS][PBFT]checkTimeout Succ,view=5755,toView=5756,nodeIdx=0,changeCycle=0,myNode=1306daf6...,timecost=0.271
info|2019-12-12 18:58:54.539932|[g:1][CONSENSUS][PBFT]checkAndChangeView: Reach consensus,org_view=5755,org_changeCycle=0,cur_changeCycle=0,to_view=5756
info|2019-12-12 18:58:55.542045|[g:1][CONSENSUS][SEALER]++++++++++++++++ Generating seal on,blkNum=69,tx=0,nodeIdx=0,hash=24c3185c...
info|2019-12-12 18:58:55.556091|[g:1][CONSENSUS][PBFT]checkTimeout Succ,view=5756,toView=5757,nodeIdx=0,changeCycle=0,myNode=1306daf6...,timecost=0.462
info|2019-12-12 18:58:55.558553|[g:1][CONSENSUS][PBFT]checkAndChangeView: Reach consensus,org_view=5756,org_changeCycle=0,cur_changeCycle=0,to_view=5757
info|2019-12-12 18:58:56.555764|[g:1][CONSENSUS]addRawPrepare,height=69,reqIdx=1,hash=9faacf67...
info|2019-12-12 18:58:56.556312|[g:1][CONSENSUS][PBFT]checkTimeout Succ,view=5757,toView=5758,nodeIdx=0,changeCycle=0,myNode=1306daf6...,timecost=0.419
info|2019-12-12 18:58:56.563570|[g:1][CONSENSUS][PBFT]checkAndChangeView: Reach consensus,org_view=5757,org_changeCycle=0,cur_changeCycle=0,to_view=5758
info|2019-12-12 18:58:57.576682|[g:1][CONSENSUS]addRawPrepare,height=69,reqIdx=2,hash=101ad68f...
info|2019-12-12 18:58:57.580051|[g:1][CONSENSUS][PBFT]checkTimeout Succ,view=5758,toView=5759,nodeIdx=0,changeCycle=0,myNode=1306daf6...,timecost=2.697
info|2019-12-12 18:58:57.581374|[g:1][CONSENSUS][PBFT]checkAndChangeView: Reach consensus,org_view=5758,org_changeCycle=0,cur_changeCycle=0,to_view=5759
info|2019-12-12 18:58:58.580614|[g:1][CONSENSUS]addRawPrepare,height=69,reqIdx=3,hash=c148e650...
info|2019-12-12 18:58:58.581146|[g:1][CONSENSUS][PBFT]checkTimeout Succ,view=5759,toView=5760,nodeIdx=0,changeCycle=0,myNode=1306daf6...,timecost=0.353
info|2019-12-12 18:58:58.589416|[g:1][CONSENSUS][PBFT]checkAndChangeView: Reach consensus,org_view=5759,org_changeCycle=0,cur_changeCycle=0,to_view=5760
info|2019-12-12 18:58:59.590017|[g:1][CONSENSUS][SEALER]++++++++++++++++ Generating seal on,blkNum=69,tx=0,nodeIdx=0,hash=95be6f02...
info|2019-12-12 18:58:59.605513|[g:1][CONSENSUS][PBFT]checkTimeout Succ,view=5760,toView=5761,nodeIdx=0,changeCycle=0,myNode=1306daf6...,timecost=0.407
info|2019-12-12 18:58:59.607310|[g:1][CONSENSUS][PBFT]checkAndChangeView: Reach consensus,org_view=5760,org_changeCycle=0,cur_changeCycle=0,to_view=5761
info|2019-12-12 18:59:00.605562|[g:1][CONSENSUS]addRawPrepare,height=69,reqIdx=1,hash=4dcb9d2e...
info|2019-12-12 18:59:00.606010|[g:1][CONSENSUS][PBFT]checkTimeout Succ,view=5761,toView=5762,nodeIdx=0,changeCycle=0,myNode=1306daf6...,timecost=0.318
info|2019-12-12 18:59:00.614265|[g:1][CONSENSUS][PBFT]checkAndChangeView: Reach consensus,org_view=5761,org_changeCycle=0,cur_changeCycle=0,to_view=5762
info|2019-12-12 18:59:01.413593|[P2P][Service] heartBeat,connected count=4
info|2019-12-12 18:59:01.617778|[g:1][CONSENSUS]addRawPrepare,height=69,reqIdx=2,hash=365bbd59...
info|2019-12-12 18:59:01.618284|[g:1][CONSENSUS][PBFT]checkTimeout Succ,view=5762,toView=5763,nodeIdx=0,changeCycle=0,myNode=1306daf6...,timecost=0.388
info|2019-12-12 18:59:01.626292|[g:1][CONSENSUS][PBFT]checkAndChangeView: Reach consensus,org_view=5762,org_changeCycle=0,cur_changeCycle=0,to_view=5763
info|2019-12-12 18:59:02.641396|[g:1][CONSENSUS]addRawPrepare,height=69,reqIdx=3,hash=bd4c10bc...
info|2019-12-12 18:59:02.641926|[g:1][CONSENSUS][PBFT]checkTimeout Succ,view=5763,toView=5764,nodeIdx=0,changeCycle=0,myNode=1306daf6...,timecost=0.401
info|2019-12-12 18:59:02.651862|[g:1][CONSENSUS][PBFT]checkAndChangeView: Reach consensus,org_view=5763,org_changeCycle=0,cur_changeCycle=0,to_view=5764
info|2019-12-12 18:59:03.653190|[g:1][CONSENSUS][SEALER]++++++++++++++++ Generating seal on,blkNum=69,tx=0,nodeIdx=0,hash=75a813bf...
info|2019-12-12 18:59:03.667755|[g:1][CONSENSUS][PBFT]checkTimeout Succ,view=5764,toView=5765,nodeIdx=0,changeCycle=0,myNode=1306daf6...,timecost=0.329
info|2019-12-12 18:59:03.669788|[g:1][CONSENSUS][PBFT]checkAndChangeView: Reach consensus,org_view=5764,org_changeCycle=0,cur_changeCycle=0,to_view=5765
info|2019-12-12 18:59:04.667658|[g:1][CONSENSUS]addRawPrepare,height=69,reqIdx=1,hash=4a2e3495...
info|2019-12-12 18:59:04.671684|[g:1][CONSENSUS][PBFT]checkTimeout Succ,view=5765,toView=5766,nodeIdx=0,changeCycle=0,myNode=1306daf6...,timecost=3.895
info|2019-12-12 18:59:04.674665|[g:1][CONSENSUS][PBFT]checkAndChangeView: Reach consensus,org_view=5765,org_changeCycle=0,cur_changeCycle=0,to_view=5766
info|2019-12-12 18:59:05.682563|[g:1][CONSENSUS]addRawPrepare,height=69,reqIdx=2,hash=fadace3b...
info|2019-12-12 18:59:05.683200|[g:1][CONSENSUS][PBFT]checkTimeout Succ,view=5766,toView=5767,nodeIdx=0,changeCycle=0,myNode=1306daf6...,timecost=0.521
info|2019-12-12 18:59:05.687246|[g:1][CONSENSUS][PBFT]checkAndChangeView: Reach consensus,org_view=5766,org_changeCycle=0,cur_changeCycle=0,to_view=5767
info|2019-12-12 18:59:06.692040|[g:1][CONSENSUS]addRawPrepare,height=69,reqIdx=3,hash=d9c286e0...
info|2019-12-12 18:59:06.692640|[g:1][CONSENSUS][PBFT]checkTimeout Succ,view=5767,toView=5768,nodeIdx=0,changeCycle=0,myNode=1306daf6...,timecost=0.417
info|2019-12-12 18:59:06.701227|[g:1][CONSENSUS][PBFT]checkAndChangeView: Reach consensus,org_view=5767,org_changeCycle=0,cur_changeCycle=0,to_view=5768
info|2019-12-12 18:59:07.703322|[g:1][CONSENSUS][SEALER]++++++++++++++++ Generating seal on,blkNum=69,tx=0,nodeIdx=0,hash=623d5ca3...
info|2019-12-12 18:59:07.717103|[g:1][CONSENSUS][PBFT]checkTimeout Succ,view=5768,toView=5769,nodeIdx=0,changeCycle=0,myNode=1306daf6...,timecost=0.375
info|2019-12-12 18:59:07.719192|[g:1][CONSENSUS][PBFT]checkAndChangeView: Reach consensus,org_view=5768,org_changeCycle=0,cur_changeCycle=0,to_view=5769
info|2019-12-12 18:59:08.715976|[g:1][CONSENSUS]addRawPrepare,height=69,reqIdx=1,hash=22ba6d2f...
info|2019-12-12 18:59:08.716457|[g:1][CONSENSUS][PBFT]checkTimeout Succ,view=5769,toView=5770,nodeIdx=0,changeCycle=0,myNode=1306daf6...,timecost=0.318
info|2019-12-12 18:59:08.724435|[g:1][CONSENSUS][PBFT]checkAndChangeView: Reach consensus,org_view=5769,org_changeCycle=0,cur_changeCycle=0,to_view=5770
info|2019-12-12 18:59:09.733110|[g:1][CONSENSUS]addRawPrepare,height=69,reqIdx=2,hash=766a388a...
info|2019-12-12 18:59:09.733537|[g:1][CONSENSUS][PBFT]checkTimeout Succ,view=5770,toView=5771,nodeIdx=0,changeCycle=0,myNode=1306daf6...,timecost=0.327
info|2019-12-12 18:59:09.741716|[g:1][CONSENSUS][PBFT]checkAndChangeView: Reach consensus,org_view=5770,org_changeCycle=0,cur_changeCycle=0,to_view=5771
info|2019-12-12 18:59:10.745125|[g:1][CONSENSUS]addRawPrepare,height=69,reqIdx=3,hash=4ea3806c...
info|2019-12-12 18:59:10.745645|[g:1][CONSENSUS][PBFT]checkTimeout Succ,view=5771,toView=5772,nodeIdx=0,changeCycle=0,myNode=1306daf6...,timecost=0.343
info|2019-12-12 18:59:10.751727|[g:1][CONSENSUS][PBFT]checkAndChangeView: Reach consensus,org_view=5771,org_changeCycle=0,cur_changeCycle=0,to_view=5772
info|2019-12-12 18:59:11.414020|[P2P][Service] heartBeat,connected count=4
info|2019-12-12 18:59:11.753748|[g:1][CONSENSUS][SEALER]++++++++++++++++ Generating seal on,blkNum=69,tx=0,nodeIdx=0,hash=c3280085...
info|2019-12-12 18:59:11.771080|[g:1][CONSENSUS][PBFT]checkTimeout Succ,view=5772,toView=5773,nodeIdx=0,changeCycle=0,myNode=1306daf6...,timecost=0.388
info|2019-12-12 18:59:11.775824|[g:1][CONSENSUS][PBFT]checkAndChangeView: Reach consensus,org_view=5772,org_changeCycle=0,cur_changeCycle=0,to_view=5773
info|2019-12-12 18:59:12.769744|[g:1][CONSENSUS]addRawPrepare,height=69,reqIdx=1,hash=609a49dc...
info|2019-12-12 18:59:12.770220|[g:1][CONSENSUS][PBFT]checkTimeout Succ,view=5773,toView=5774,nodeIdx=0,changeCycle=0,myNode=1306daf6...,timecost=0.341
info|2019-12-12 18:59:12.777275|[g:1][CONSENSUS][PBFT]checkAndChangeView: Reach consensus,org_view=5773,org_changeCycle=0,cur_changeCycle=0,to_view=5774
info|2019-12-12 18:59:13.789570|[g:1][CONSENSUS]addRawPrepare,height=69,reqIdx=2,hash=3ef78057...
info|2019-12-12 18:59:13.792202|[g:1][CONSENSUS][PBFT]checkTimeout Succ,view=5774,toView=5775,nodeIdx=0,changeCycle=0,myNode=1306daf6...,timecost=2.545
info|2019-12-12 18:59:13.792658|[g:1][CONSENSUS][PBFT]checkAndChangeView: Reach consensus,org_view=5774,org_changeCycle=0,cur_changeCycle=0,to_view=5775
info|2019-12-12 18:59:14.794415|[g:1][CONSENSUS]addRawPrepare,height=69,reqIdx=3,hash=8e16970e...
info|2019-12-12 18:59:14.794910|[g:1][CONSENSUS][PBFT]checkTimeout Succ,view=5775,toView=5776,nodeIdx=0,changeCycle=0,myNode=1306daf6...,timecost=0.389
info|2019-12-12 18:59:14.804145|[g:1][CONSENSUS][PBFT]checkAndChangeView: Reach consensus,org_view=5775,org_changeCycle=0,cur_changeCycle=0,to_view=5776
info|2019-12-12 18:59:15.804912|[g:1][CONSENSUS][SEALER]++++++++++++++++ Generating seal on,blkNum=69,tx=0,nodeIdx=0,hash=44680679...
info|2019-12-12 18:59:15.824319|[g:1][CONSENSUS][PBFT]checkTimeout Succ,view=5776,toView=5777,nodeIdx=0,changeCycle=0,myNode=1306daf6...,timecost=0.411
info|2019-12-12 18:59:15.826455|[g:1][CONSENSUS][PBFT]checkAndChangeView: Reach consensus,org_view=5776,org_changeCycle=0,cur_changeCycle=0,to_view=5777
info|2019-12-12 18:59:16.823675|[g:1][CONSENSUS]addRawPrepare,height=69,reqIdx=1,hash=dead8f5d...
info|2019-12-12 18:59:16.824186|[g:1][CONSENSUS][PBFT]checkTimeout Succ,view=5777,toView=5778,nodeIdx=0,changeCycle=0,myNode=1306daf6...,timecost=0.329
info|2019-12-12 18:59:16.831244|[g:1][CONSENSUS][PBFT]checkAndChangeView: Reach consensus,org_view=5777,org_changeCycle=0,cur_changeCycle=0,to_view=5778
info|2019-12-12 18:59:17.839802|[g:1][CONSENSUS]addRawPrepare,height=69,reqIdx=2,hash=9d2b1f26...
info|2019-12-12 18:59:17.840196|[g:1][CONSENSUS][PBFT]checkTimeout Succ,view=5778,toView=5779,nodeIdx=0,changeCycle=0,myNode=1306daf6...,timecost=0.349
info|2019-12-12 18:59:17.845161|[g:1][CONSENSUS][PBFT]checkAndChangeView: Reach consensus,org_view=5778,org_changeCycle=0,cur_changeCycle=0,to_view=5779
info|2019-12-12 18:59:18.848890|[g:1][CONSENSUS]addRawPrepare,height=69,reqIdx=3,hash=5af7cfcc...
info|2019-12-12 18:59:18.849504|[g:1][CONSENSUS][PBFT]checkTimeout Succ,view=5779,toView=5780,nodeIdx=0,changeCycle=0,myNode=1306daf6...,timecost=0.392
info|2019-12-12 18:59:18.857880|[g:1][CONSENSUS][PBFT]checkAndChangeView: Reach consensus,org_view=5779,org_changeCycle=0,cur_changeCycle=0,to_view=5780
info|2019-12-12 18:59:19.859157|[g:1][CONSENSUS][SEALER]++++++++++++++++ Generating seal on,blkNum=69,tx=0,nodeIdx=0,hash=b212a2f8...
info|2019-12-12 18:59:19.879008|[g:1][CONSENSUS][PBFT]checkTimeout Succ,view=5780,toView=5781,nodeIdx=0,changeCycle=0,myNode=1306daf6...,timecost=0.445
info|2019-12-12 18:59:19.882958|[g:1][CONSENSUS][PBFT]checkAndChangeView: Reach consensus,org_view=5780,org_changeCycle=0,cur_changeCycle=0,to_view=5781
info|2019-12-12 18:59:20.878251|[g:1][CONSENSUS]addRawPrepare,height=69,reqIdx=1,hash=e93b5cd2...
info|2019-12-12 18:59:20.885035|[g:1][CONSENSUS][PBFT]checkTimeout Succ,view=5781,toView=5782,nodeIdx=0,changeCycle=0,myNode=1306daf6...,timecost=6.616
info|2019-12-12 18:59:20.888822|[g:1][CONSENSUS][PBFT]checkAndChangeView: Reach consensus,org_view=5781,org_changeCycle=0,cur_changeCycle=0,to_view=5782
info|2019-12-12 18:59:21.414684|[P2P][Service] heartBeat,connected count=4
info|2019-12-12 18:59:21.892516|[g:1][CONSENSUS]addRawPrepare,height=69,reqIdx=2,hash=8e2fa566...
info|2019-12-12 18:59:21.892983|[g:1][CONSENSUS][PBFT]checkTimeout Succ,view=5782,toView=5783,nodeIdx=0,changeCycle=0,myNode=1306daf6...,timecost=0.396
info|2019-12-12 18:59:21.899418|[g:1][CONSENSUS][PBFT]checkAndChangeView: Reach consensus,org_view=5782,org_changeCycle=0,cur_changeCycle=0,to_view=5783
info|2019-12-12 18:59:22.904086|[g:1][CONSENSUS]addRawPrepare,height=69,reqIdx=3,hash=07cd5e1d...
info|2019-12-12 18:59:22.904620|[g:1][CONSENSUS][PBFT]checkTimeout Succ,view=5783,toView=5784,nodeIdx=0,changeCycle=0,myNode=1306daf6...,timecost=0.404
info|2019-12-12 18:59:22.913733|[g:1][CONSENSUS][PBFT]checkAndChangeView: Reach consensus,org_view=5783,org_changeCycle=0,cur_changeCycle=0,to_view=5784
info|2019-12-12 18:59:23.913233|[g:1][CONSENSUS][SEALER]++++++++++++++++ Generating seal on,blkNum=69,tx=0,nodeIdx=0,hash=dbe762a8...
info|2019-12-12 18:59:23.929630|[g:1][CONSENSUS][PBFT]checkTimeout Succ,view=5784,toView=5785,nodeIdx=0,changeCycle=0,myNode=1306daf6...,timecost=0.479
info|2019-12-12 18:59:23.932132|[g:1][CONSENSUS][PBFT]checkAndChangeView: Reach consensus,org_view=5784,org_changeCycle=0,cur_changeCycle=0,to_view=5785
info|2019-12-12 18:59:24.927907|[g:1][CONSENSUS]addRawPrepare,height=69,reqIdx=1,hash=b004cdc6...
info|2019-12-12 18:59:24.928212|[g:1][CONSENSUS][PBFT]checkTimeout Succ,view=5785,toView=5786,nodeIdx=0,changeCycle=0,myNode=1306daf6...,timecost=0.222
info|2019-12-12 18:59:24.933703|[g:1][CONSENSUS][PBFT]checkAndChangeView: Reach consensus,org_view=5785,org_changeCycle=0,cur_changeCycle=0,to_view=5786
info|2019-12-12 18:59:25.944091|[g:1][CONSENSUS]addRawPrepare,height=69,reqIdx=2,hash=435bd694...
info|2019-12-12 18:59:25.944440|[g:1][CONSENSUS][PBFT]checkTimeout Succ,view=5786,toView=5787,nodeIdx=0,changeCycle=0,myNode=1306daf6...,timecost=0.318
info|2019-12-12 18:59:25.949491|[g:1][CONSENSUS][PBFT]checkAndChangeView: Reach consensus,org_view=5786,org_changeCycle=0,cur_changeCycle=0,to_view=5787
info|2019-12-12 18:59:26.953369|[g:1][CONSENSUS]addRawPrepare,height=69,reqIdx=3,hash=e7411ada...
info|2019-12-12 18:59:26.960013|[g:1][CONSENSUS][PBFT]checkTimeout Succ,view=5787,toView=5788,nodeIdx=0,changeCycle=0,myNode=1306daf6...,timecost=6.195
info|2019-12-12 18:59:26.962671|[g:1][CONSENSUS][PBFT]checkAndChangeView: Reach consensus,org_view=5787,org_changeCycle=0,cur_changeCycle=0,to_view=5788
info|2019-12-12 18:59:27.963326|[g:1][CONSENSUS][SEALER]++++++++++++++++ Generating seal on,blkNum=69,tx=0,nodeIdx=0,hash=0233fde9...
info|2019-12-12 18:59:27.977499|[g:1][CONSENSUS][PBFT]checkTimeout Succ,view=5788,toView=5789,nodeIdx=0,changeCycle=0,myNode=1306daf6...,timecost=0.405
info|2019-12-12 18:59:27.980072|[g:1][CONSENSUS][PBFT]checkAndChangeView: Reach consensus,org_view=5788,org_changeCycle=0,cur_changeCycle=0,to_view=5789
info|2019-12-12 18:59:28.978275|[g:1][CONSENSUS]addRawPrepare,height=69,reqIdx=1,hash=d33da88d...
info|2019-12-12 18:59:28.978804|[g:1][CONSENSUS][PBFT]checkTimeout Succ,view=5789,toView=5790,nodeIdx=0,changeCycle=0,myNode=1306daf6...,timecost=0.391
info|2019-12-12 18:59:28.987049|[g:1][CONSENSUS][PBFT]checkAndChangeView: Reach consensus,org_view=5789,org_changeCycle=0,cur_changeCycle=0,to_view=5790
info|2019-12-12 18:59:29.991735|[g:1][CONSENSUS]addRawPrepare,height=69,reqIdx=2,hash=6b4388b2...
info|2019-12-12 18:59:29.992140|[g:1][CONSENSUS][PBFT]checkTimeout Succ,view=5790,toView=5791,nodeIdx=0,changeCycle=0,myNode=1306daf6...,timecost=0.344
info|2019-12-12 18:59:29.998008|[g:1][CONSENSUS][PBFT]checkAndChangeView: Reach consensus,org_view=5790,org_changeCycle=0,cur_changeCycle=0,to_view=5791
info|2019-12-12 18:59:31.003062|[g:1][CONSENSUS]addRawPrepare,height=69,reqIdx=3,hash=da59f635...
info|2019-12-12 18:59:31.010143|[g:1][CONSENSUS][PBFT]checkTimeout Succ,view=5791,toView=5792,nodeIdx=0,changeCycle=0,myNode=1306daf6...,timecost=3.441
info|2019-12-12 18:59:31.012717|[g:1][CONSENSUS][PBFT]checkAndChangeView: Reach consensus,org_view=5791,org_changeCycle=0,cur_changeCycle=0,to_view=5792
info|2019-12-12 18:59:31.415198|[P2P][Service] heartBeat,connected count=4
info|2019-12-12 18:59:32.013236|[g:1][CONSENSUS][SEALER]++++++++++++++++ Generating seal on,blkNum=69,tx=0,nodeIdx=0,hash=6476e236...
info|2019-12-12 18:59:32.037421|[g:1][CONSENSUS][PBFT]checkTimeout Succ,view=5792,toView=5793,nodeIdx=0,changeCycle=0,myNode=1306daf6...,timecost=0.89
info|2019-12-12 18:59:32.039923|[g:1][CONSENSUS][PBFT]checkAndChangeView: Reach consensus,org_view=5792,org_changeCycle=0,cur_changeCycle=0,to_view=5793
info|2019-12-12 18:59:33.036549|[g:1][CONSENSUS]addRawPrepare,height=69,reqIdx=1,hash=358890b6...
info|2019-12-12 18:59:33.037069|[g:1][CONSENSUS][PBFT]checkTimeout Succ,view=5793,toView=5794,nodeIdx=0,changeCycle=0,myNode=1306daf6...,timecost=0.386
info|2019-12-12 18:59:33.045001|[g:1][CONSENSUS][PBFT]checkAndChangeView: Reach consensus,org_view=5793,org_changeCycle=0,cur_changeCycle=0,to_view=5794
info|2019-12-12 18:59:34.051107|[g:1][CONSENSUS]addRawPrepare,height=69,reqIdx=2,hash=d8e82277...
info|2019-12-12 18:59:34.051544|[g:1][CONSENSUS][PBFT]checkTimeout Succ,view=5794,toView=5795,nodeIdx=0,changeCycle=0,myNode=1306daf6...,timecost=0.382
info|2019-12-12 18:59:34.056897|[g:1][CONSENSUS][PBFT]checkAndChangeView: Reach consensus,org_view=5794,org_changeCycle=0,cur_changeCycle=0,to_view=5795
info|2019-12-12 18:59:35.066115|[g:1][CONSENSUS]addRawPrepare,height=69,reqIdx=3,hash=c22da8ca...
info|2019-12-12 18:59:35.074716|[g:1][CONSENSUS][PBFT]checkTimeout Succ,view=5795,toView=5796,nodeIdx=0,changeCycle=0,myNode=1306daf6...,timecost=2.819
info|2019-12-12 18:59:35.077525|[g:1][CONSENSUS][PBFT]checkAndChangeView: Reach consensus,org_view=5795,org_changeCycle=0,cur_changeCycle=0,to_view=5796
info|2019-12-12 18:59:36.082296|[g:1][CONSENSUS][SEALER]++++++++++++++++ Generating seal on,blkNum=69,tx=0,nodeIdx=0,hash=88151b03...
info|2019-12-12 18:59:36.101985|[g:1][CONSENSUS][PBFT]checkTimeout Succ,view=5796,toView=5797,nodeIdx=0,changeCycle=0,myNode=1306daf6...,timecost=0.389
info|2019-12-12 18:59:36.105064|[g:1][CONSENSUS][PBFT]checkAndChangeView: Reach consensus,org_view=5796,org_changeCycle=0,cur_changeCycle=0,to_view=5797
info|2019-12-12 18:59:37.109253|[g:1][CONSENSUS]addRawPrepare,height=69,reqIdx=1,hash=e04195cd...
info|2019-12-12 18:59:37.110518|[g:1][CONSENSUS][PBFT]checkTimeout Succ,view=5797,toView=5798,nodeIdx=0,changeCycle=0,myNode=1306daf6...,timecost=1.108
info|2019-12-12 18:59:37.121686|[g:1][CONSENSUS][PBFT]checkAndChangeView: Reach consensus,org_view=5797,org_changeCycle=0,cur_changeCycle=0,to_view=5798
info|2019-12-12 18:59:38.122351|[g:1][CONSENSUS]addRawPrepare,height=69,reqIdx=2,hash=4045da36...
info|2019-12-12 18:59:38.122839|[g:1][CONSENSUS][PBFT]checkTimeout Succ,view=5798,toView=5799,nodeIdx=0,changeCycle=0,myNode=1306daf6...,timecost=0.432
info|2019-12-12 18:59:38.130962|[g:1][CONSENSUS][PBFT]checkAndChangeView: Reach consensus,org_view=5798,org_changeCycle=0,cur_changeCycle=0,to_view=5799
info|2019-12-12 18:59:39.133695|[g:1][CONSENSUS]addRawPrepare,height=69,reqIdx=3,hash=84dc37ef...
info|2019-12-12 18:59:39.134233|[g:1][CONSENSUS][PBFT]checkTimeout Succ,view=5799,toView=5800,nodeIdx=0,changeCycle=0,myNode=1306daf6...,timecost=0.354
info|2019-12-12 18:59:39.141881|[g:1][CONSENSUS][PBFT]checkAndChangeView: Reach consensus,org_view=5799,org_changeCycle=0,cur_changeCycle=0,to_view=5800
info|2019-12-12 18:59:40.144338|[g:1][CONSENSUS][SEALER]++++++++++++++++ Generating seal on,blkNum=69,tx=0,nodeIdx=0,hash=f337aeac...
info|2019-12-12 18:59:40.160761|[g:1][CONSENSUS][PBFT]checkTimeout Succ,view=5800,toView=5801,nodeIdx=0,changeCycle=0,myNode=1306daf6...,timecost=0.764
info|2019-12-12 18:59:40.162761|[g:1][CONSENSUS][PBFT]checkAndChangeView: Reach consensus,org_view=5800,org_changeCycle=0,cur_changeCycle=0,to_view=5801
info|2019-12-12 18:59:41.156519|[g:1][CONSENSUS]addRawPrepare,height=69,reqIdx=1,hash=7d004a98...
info|2019-12-12 18:59:41.157597|[g:1][CONSENSUS][PBFT]checkTimeout Succ,view=5801,toView=5802,nodeIdx=0,changeCycle=0,myNode=1306daf6...,timecost=0.708
info|2019-12-12 18:59:41.166170|[g:1][CONSENSUS][PBFT]checkAndChangeView: Reach consensus,org_view=5801,org_changeCycle=0,cur_changeCycle=0,to_view=5802
info|2019-12-12 18:59:41.415677|[P2P][Service] heartBeat,connected count=4
info|2019-12-12 18:59:42.176339|[g:1][CONSENSUS]addRawPrepare,height=69,reqIdx=2,hash=451401a4...
info|2019-12-12 18:59:42.179179|[g:1][CONSENSUS][PBFT]checkTimeout Succ,view=5802,toView=5803,nodeIdx=0,changeCycle=0,myNode=1306daf6...,timecost=2.703
info|2019-12-12 18:59:42.182454|[g:1][CONSENSUS][PBFT]checkAndChangeView: Reach consensus,org_view=5802,org_changeCycle=0,cur_changeCycle=0,to_view=5803
info|2019-12-12 18:59:43.184539|[g:1][CONSENSUS]addRawPrepare,height=69,reqIdx=3,hash=b2fd77ef...
info|2019-12-12 18:59:43.185065|[g:1][CONSENSUS][PBFT]checkTimeout Succ,view=5803,toView=5804,nodeIdx=0,changeCycle=0,myNode=1306daf6...,timecost=0.353
info|2019-12-12 18:59:43.194116|[g:1][CONSENSUS][PBFT]checkAndChangeView: Reach consensus,org_view=5803,org_changeCycle=0,cur_changeCycle=0,to_view=5804
info|2019-12-12 18:59:44.196072|[g:1][CONSENSUS][SEALER]++++++++++++++++ Generating seal on,blkNum=69,tx=0,nodeIdx=0,hash=245f052a...
info|2019-12-12 18:59:44.209555|[g:1][CONSENSUS][PBFT]checkTimeout Succ,view=5804,toView=5805,nodeIdx=0,changeCycle=0,myNode=1306daf6...,timecost=0.367
info|2019-12-12 18:59:44.211665|[g:1][CONSENSUS][PBFT]checkAndChangeView: Reach consensus,org_view=5804,org_changeCycle=0,cur_changeCycle=0,to_view=5805
info|2019-12-12 18:59:45.208373|[g:1][CONSENSUS]addRawPrepare,height=69,reqIdx=1,hash=30d2c134...
info|2019-12-12 18:59:45.208884|[g:1][CONSENSUS][PBFT]checkTimeout Succ,view=5805,toView=5806,nodeIdx=0,changeCycle=0,myNode=1306daf6...,timecost=0.344
info|2019-12-12 18:59:45.216967|[g:1][CONSENSUS][PBFT]checkAndChangeView: Reach consensus,org_view=5805,org_changeCycle=0,cur_changeCycle=0,to_view=5806
info|2019-12-12 18:59:46.223810|[g:1][CONSENSUS]addRawPrepare,height=69,reqIdx=2,hash=6c88bb77...
info|2019-12-12 18:59:46.224225|[g:1][CONSENSUS][PBFT]checkTimeout Succ,view=5806,toView=5807,nodeIdx=0,changeCycle=0,myNode=1306daf6...,timecost=0.365
info|2019-12-12 18:59:46.227934|[g:1][CONSENSUS][PBFT]checkAndChangeView: Reach consensus,org_view=5806,org_changeCycle=0,cur_changeCycle=0,to_view=5807
info|2019-12-12 18:59:47.230391|[g:1][CONSENSUS]addRawPrepare,height=69,reqIdx=3,hash=54d60ea4...
info|2019-12-12 18:59:47.230905|[g:1][CONSENSUS][PBFT]checkTimeout Succ,view=5807,toView=5808,nodeIdx=0,changeCycle=0,myNode=1306daf6...,timecost=0.389
info|2019-12-12 18:59:47.240341|[g:1][CONSENSUS][PBFT]checkAndChangeView: Reach consensus,org_view=5807,org_changeCycle=0,cur_changeCycle=0,to_view=5808
info|2019-12-12 18:59:48.241464|[g:1][CONSENSUS][SEALER]++++++++++++++++ Generating seal on,blkNum=69,tx=0,nodeIdx=0,hash=6a517ecd...
info|2019-12-12 18:59:48.256994|[g:1][CONSENSUS][PBFT]checkTimeout Succ,view=5808,toView=5809,nodeIdx=0,changeCycle=0,myNode=1306daf6...,timecost=0.437
info|2019-12-12 18:59:48.258744|[g:1][CONSENSUS][PBFT]checkAndChangeView: Reach consensus,org_view=5808,org_changeCycle=0,cur_changeCycle=0,to_view=5809
info|2019-12-12 18:59:49.256594|[g:1][CONSENSUS]addRawPrepare,height=69,reqIdx=1,hash=d9da26a7...
info|2019-12-12 18:59:49.257109|[g:1][CONSENSUS][PBFT]checkTimeout Succ,view=5809,toView=5810,nodeIdx=0,changeCycle=0,myNode=1306daf6...,timecost=0.401
info|2019-12-12 18:59:49.265441|[g:1][CONSENSUS][PBFT]checkAndChangeView: Reach consensus,org_view=5809,org_changeCycle=0,cur_changeCycle=0,to_view=5810
info|2019-12-12 18:59:50.272039|[g:1][CONSENSUS]addRawPrepare,height=69,reqIdx=2,hash=e42ad68c...
info|2019-12-12 18:59:50.272392|[g:1][CONSENSUS][PBFT]checkTimeout Succ,view=5810,toView=5811,nodeIdx=0,changeCycle=0,myNode=1306daf6...,timecost=0.345
info|2019-12-12 18:59:50.274990|[g:1][CONSENSUS][PBFT]checkAndChangeView: Reach consensus,org_view=5810,org_changeCycle=0,cur_changeCycle=0,to_view=5811
info|2019-12-12 18:59:51.277234|[g:1][CONSENSUS]addRawPrepare,height=69,reqIdx=3,hash=661e2701...
info|2019-12-12 18:59:51.277789|[g:1][CONSENSUS][PBFT]checkTimeout Succ,view=5811,toView=5812,nodeIdx=0,changeCycle=0,myNode=1306daf6...,timecost=0.401
info|2019-12-12 18:59:51.286180|[g:1][CONSENSUS][PBFT]checkAndChangeView: Reach consensus,org_view=5811,org_changeCycle=0,cur_changeCycle=0,to_view=5812
info|2019-12-12 18:59:51.415855|[P2P][Service] heartBeat,connected count=4
info|2019-12-12 18:59:52.286830|[g:1][CONSENSUS][SEALER]++++++++++++++++ Generating seal on,blkNum=69,tx=0,nodeIdx=0,hash=c53c7255...
info|2019-12-12 18:59:52.301849|[g:1][CONSENSUS][PBFT]checkTimeout Succ,view=5812,toView=5813,nodeIdx=0,changeCycle=0,myNode=1306daf6...,timecost=0.392
info|2019-12-12 18:59:52.303347|[g:1][CONSENSUS][PBFT]checkAndChangeView: Reach consensus,org_view=5812,org_changeCycle=0,cur_changeCycle=0,to_view=5813
info|2019-12-12 18:59:53.300711|[g:1][CONSENSUS]addRawPrepare,height=69,reqIdx=1,hash=4d82148b...
info|2019-12-12 18:59:53.301176|[g:1][CONSENSUS][PBFT]checkTimeout Succ,view=5813,toView=5814,nodeIdx=0,changeCycle=0,myNode=1306daf6...,timecost=0.336
info|2019-12-12 18:59:53.308831|[g:1][CONSENSUS][PBFT]checkAndChangeView: Reach consensus,org_view=5813,org_changeCycle=0,cur_changeCycle=0,to_view=5814
info|2019-12-12 18:59:54.314889|[g:1][CONSENSUS]addRawPrepare,height=69,reqIdx=2,hash=5ba4cb9d...
info|2019-12-12 18:59:54.315369|[g:1][CONSENSUS][PBFT]checkTimeout Succ,view=5814,toView=5815,nodeIdx=0,changeCycle=0,myNode=1306daf6...,timecost=0.413
info|2019-12-12 18:59:54.320045|[g:1][CONSENSUS][PBFT]checkAndChangeView: Reach consensus,org_view=5814,org_changeCycle=0,cur_changeCycle=0,to_view=5815
info|2019-12-12 18:59:55.324550|[g:1][CONSENSUS]addRawPrepare,height=69,reqIdx=3,hash=06092cc3...
info|2019-12-12 18:59:55.324862|[g:1][CONSENSUS][PBFT]checkTimeout Succ,view=5815,toView=5816,nodeIdx=0,changeCycle=0,myNode=1306daf6...,timecost=0.218
info|2019-12-12 18:59:55.337294|[g:1][CONSENSUS][PBFT]checkAndChangeView: Reach consensus,org_view=5815,org_changeCycle=0,cur_changeCycle=0,to_view=5816
info|2019-12-12 18:59:56.337237|[g:1][CONSENSUS][SEALER]++++++++++++++++ Generating seal on,blkNum=69,tx=0,nodeIdx=0,hash=d5242f93...
info|2019-12-12 18:59:56.350262|[g:1][CONSENSUS][PBFT]checkTimeout Succ,view=5816,toView=5817,nodeIdx=0,changeCycle=0,myNode=1306daf6...,timecost=0.365
info|2019-12-12 18:59:56.351923|[g:1][CONSENSUS][PBFT]checkAndChangeView: Reach consensus,org_view=5816,org_changeCycle=0,cur_changeCycle=0,to_view=5817
info|2019-12-12 18:59:57.350090|[g:1][CONSENSUS]addRawPrepare,height=69,reqIdx=1,hash=9915a73a...
info|2019-12-12 18:59:57.350611|[g:1][CONSENSUS][PBFT]checkTimeout Succ,view=5817,toView=5818,nodeIdx=0,changeCycle=0,myNode=1306daf6...,timecost=0.333
info|2019-12-12 18:59:57.357949|[g:1][CONSENSUS][PBFT]checkAndChangeView: Reach consensus,org_view=5817,org_changeCycle=0,cur_changeCycle=0,to_view=5818
info|2019-12-12 18:59:58.363016|[g:1][CONSENSUS]addRawPrepare,height=69,reqIdx=2,hash=280d196a...
info|2019-12-12 18:59:58.363447|[g:1][CONSENSUS][PBFT]checkTimeout Succ,view=5818,toView=5819,nodeIdx=0,changeCycle=0,myNode=1306daf6...,timecost=0.393
info|2019-12-12 18:59:58.368510|[g:1][CONSENSUS][PBFT]checkAndChangeView: Reach consensus,org_view=5818,org_changeCycle=0,cur_changeCycle=0,to_view=5819
info|2019-12-12 18:59:59.370883|[g:1][CONSENSUS]addRawPrepare,height=69,reqIdx=3,hash=7c043d66...
info|2019-12-12 18:59:59.371358|[g:1][CONSENSUS][PBFT]checkTimeout Succ,view=5819,toView=5820,nodeIdx=0,changeCycle=0,myNode=1306daf6...,timecost=0.362
info|2019-12-12 18:59:59.378503|[g:1][CONSENSUS][PBFT]checkAndChangeView: Reach consensus,org_view=5819,org_changeCycle=0,cur_changeCycle=0,to_view=5820
