info|2019-11-13 16:56:41.153582|[INITIALIZER][initGlobalConfig],enableCompress=true,compatibilityVersion=2.1.0,versionNumber=33619968,chainId=1
info|2019-11-13 16:56:41.277591|[NETWORK][Host]Connecting to node,endpoint=127.0.0.1:30300
info|2019-11-13 16:56:41.279143|[NETWORK][Host]P2P StartAccept,Host=0.0.0.0:30303
info|2019-11-13 16:56:41.281349|[NETWORK][Host]Connecting to node,endpoint=127.0.0.1:30301
info|2019-11-13 16:56:41.281419|[NETWORK][Host]Connecting to node,endpoint=127.0.0.1:30302
info|2019-11-13 16:56:41.281458|[NETWORK][Host]Connecting to node,endpoint=127.0.0.1:30303
info|2019-11-13 16:56:41.281502|[P2P][Service] heartBeat,connected count=0
info|2019-11-13 16:56:41.283803|[CHANNEL]ChannelRPCServer started
info|2019-11-13 16:56:41.283813|[INITIALIZER][RPCInitializer]ChannelRPCHttpServer started.
info|2019-11-13 16:56:41.283822|[LedgerInitializer],groupConfigPath=conf/
info|2019-11-13 16:56:41.288044|[INITIALIZER][initSingleLedger] [GroupId]:  1
info|2019-11-13 16:56:41.288197|[g:1][LEDGER]LedgerConstructor,configPath=conf/group.1.genesis,baseDir=data//group1
info|2019-11-13 16:56:41.288250|[g:1][LEDGER][initGenesisConfig]initConsensusConfig/initDBConfig/initTxConfig,configFile=conf/group.1.genesis
info|2019-11-13 16:56:41.288402|[g:1][LEDGER][initConsensusConfig],it.first=824ae14a1c492a3b61d96b8fa5f51cf89b7cf60e32d0427f255c92bc5f712227af9cb010a0060848e49fc1d000476574576117d63732d6d10048b54b759ab9fd
info|2019-11-13 16:56:41.288461|[g:1][LEDGER][initConsensusConfig],it.first=82d7b9b6e624f1b9b8a44203b996e8c3fbe58020da540a317a76163ca2b0c53c6f95be274bba842b7dd1a0fc909f7d9cc74123065f77d79b23f988dc5f5efbdf
info|2019-11-13 16:56:41.288478|[g:1][LEDGER][initConsensusConfig],it.first=6a73c8131c3296502b6c1afaa888d73bb78659801a40317e63fdf7f6936eb455a4c5b3d10fe3f89f359c9bbdb31e2fdcca19dce5e133d9de2624e766605f14cf
info|2019-11-13 16:56:41.288494|[g:1][LEDGER][initConsensusConfig],it.first=1306daf6c04d2ac96e80e252f890bcaf391bc051feee63617fa88f69e216f370947fdb2ab06e2fd7645fcac76a3f605d56f23001f16a125660f0c14a93602043
info|2019-11-13 16:56:41.288547|[g:1][LEDGER][initIniConfig]initTxPoolConfig/initSyncConfig/initTxExecuteConfig,configFile=conf/group.1.ini
info|2019-11-13 16:56:41.291099|[g:1][LEDGER][initLedger][DBInitializer]
info|2019-11-13 16:56:41.291131|[g:1][DBINITIALIZER] [initRocksDBStorage]
info|2019-11-13 16:56:41.293624|[NETWORK][Host]P2P Recv Connect, From=127.0.0.1:48594
info|2019-11-13 16:56:41.293745|[NETWORK][Host]P2P StartAccept,Host=0.0.0.0:30303
info|2019-11-13 16:56:41.297399|[g:1][ROCKSDB]open rocksDB handler
info|2019-11-13 16:56:41.323019|[NETWORK][ASIO]asyncResolveConnect,endpoint=127.0.0.1:30300
info|2019-11-13 16:56:41.324385|[NETWORK][ASIO]asyncResolveConnect,endpoint=127.0.0.1:30301
info|2019-11-13 16:56:41.328152|[NETWORK][ASIO]asyncResolveConnect,endpoint=127.0.0.1:30302
info|2019-11-13 16:56:41.328525|[NETWORK][ASIO]asyncResolveConnect,endpoint=127.0.0.1:30303
info|2019-11-13 16:56:41.330144|[NETWORK][Host]P2P Recv Connect, From=127.0.0.1:48602
info|2019-11-13 16:56:41.342302|[NETWORK][Host]P2P StartAccept,Host=0.0.0.0:30303
info|2019-11-13 16:56:41.343996|[NETWORK][Host]P2P Recv Connect, From=127.0.0.1:48612
info|2019-11-13 16:56:41.368106|[NETWORK][Host]P2P StartAccept,Host=0.0.0.0:30303
info|2019-11-13 16:56:41.368392|[NETWORK][Host]P2P Recv Connect, From=127.0.0.1:48620
info|2019-11-13 16:56:41.368436|[NETWORK][Host]P2P StartAccept,Host=0.0.0.0:30303
info|2019-11-13 16:56:41.371258|[NETWORK][Host]P2P Recv Connect, From=127.0.0.1:48628
info|2019-11-13 16:56:41.395790|[NETWORK][Host]P2P StartAccept,Host=0.0.0.0:30303
info|2019-11-13 16:56:41.401321|[g:1][g:0][STORAGE][CachedStorage]Init flushStorage thread
info|2019-11-13 16:56:41.420725|[g:1][BLOCKCHAIN][#checkAndBuildGenesisBlock]Already have the 0th block, 0th groupMark is equal to file groupMark.
info|2019-11-13 16:56:41.421525|[g:1][CONSENSUS][PBFT]Register handler for PBFTEngine
info|2019-11-13 16:56:41.421567|[g:1][CONSENSUS][PBFT],minBlockGenerationTime=500
info|2019-11-13 16:56:41.421593|[LedgerInitializer init group succ],groupID=1
info|2019-11-13 16:56:41.421826|[INITIALIZER][RPCInitializer]JsonrpcHttpServer started.
info|2019-11-13 16:56:41.421854|[g:1][LEDGER]startAll...
info|2019-11-13 16:56:41.446894|[g:1][CONSENSUS][PBFT]^^^^^^^^Report,num=4,sealerIdx=0,hash=8cece3cf...,next=5,tx=1,nodeIdx=0
info|2019-11-13 16:56:41.457872|[g:1][CONSENSUS][PBFT][PBFT init env successfully]
info|2019-11-13 16:56:41.457914|[g:1][CONSENSUS][ConsensusEngine][Start ConsensusEngineBase]
info|2019-11-13 16:56:41.458617|[g:1][CONSENSUS][PBFT][Start PBFTEngine...]
info|2019-11-13 16:56:41.458750|[g:1][CONSENSUS][SEALER][Start sealer module]
info|2019-11-13 16:56:41.472206|[g:1][EVENT][EventLogFilterManager]start,m_maxBlockRange=0,m_maxBlockPerLoopFilter=3
info|2019-11-13 16:56:41.489902|[P2P][Service] Connection established,nodeID=824ae14a...,endpoint=127.0.0.1:48594
info|2019-11-13 16:56:41.490719|[NETWORK][Host]startPeerSession, From=127.0.0.1:48594,nodeID=824ae14a...
info|2019-11-13 16:56:41.490929|[NETWORK][Host]startPeerSession, From=127.0.0.1:48612,nodeID=1306daf6...
info|2019-11-13 16:56:41.525555|[NETWORK][Host]startPeerSession, From=127.0.0.1:30303,nodeID=1306daf6...
info|2019-11-13 16:56:41.535048|[P2P][Service] Connection established,nodeID=ef24e9ea...,endpoint=127.0.0.1:48602
info|2019-11-13 16:56:41.535125|[NETWORK][Host]startPeerSession, From=127.0.0.1:48602,nodeID=ef24e9ea...
info|2019-11-13 16:56:41.535201|[P2P][Service] Connection established,nodeID=82d7b9b6...,endpoint=127.0.0.1:48620
info|2019-11-13 16:56:41.535218|[NETWORK][Host]startPeerSession, From=127.0.0.1:48620,nodeID=82d7b9b6...
info|2019-11-13 16:56:41.549002|[P2P][Service] Connection established,nodeID=6a73c813...,endpoint=127.0.0.1:30302
info|2019-11-13 16:56:41.549038|[NETWORK][Host]startPeerSession, From=127.0.0.1:30302,nodeID=6a73c813...
info|2019-11-13 16:56:41.549087|[NETWORK][Host]startPeerSession, From=127.0.0.1:48628,nodeID=6a73c813...
info|2019-11-13 16:56:41.549551|[NETWORK][Host]startPeerSession, From=127.0.0.1:30301,nodeID=82d7b9b6...
info|2019-11-13 16:56:41.549702|[NETWORK][Host]startPeerSession, From=127.0.0.1:30300,nodeID=824ae14a...
warning|2019-11-13 16:56:41.554752|[NETWORK][Session]doRead error,endpoint=127.0.0.1:48620,message=stream truncated
info|2019-11-13 16:56:41.554795|[NETWORK][Session]drop, call and erase all callbackFunc in this session!,endpoint=127.0.0.1:48620
warning|2019-11-13 16:56:41.554816|[P2P][Service] disconnect error P2PSession,nodeID=82d7b9b6...,endpoint=127.0.0.1:48620,errorCode=3,what=Disconnect
warning|2019-11-13 16:56:41.554829|[P2P][Service] onDisconnect,errorCode=3,what=Dynamic exception type: dev::network::NetworkException
std::exception::what: Disconnect

warning|2019-11-13 16:56:41.554857|[NETWORK][Session][drop] closing remote 127.0.0.1:48620,reason=Low-level TCP communication error.,endpoint=127.0.0.1:48620
warning|2019-11-13 16:56:41.554915|[NETWORK][Session][drop] shutdown failed ,errorValue=9,message=Bad file descriptor
warning|2019-11-13 16:56:41.653790|[SYNC][id:1306daf6...][Status]Peer data not found,nodeId=824ae14a...
info|2019-11-13 16:56:42.459888|[g:1][CONSENSUS][SEALER]++++++++++++++++ Generating seal on,blkNum=5,tx=0,nodeIdx=0,hash=b54d187e...
info|2019-11-13 16:56:42.468614|[g:1][CONSENSUS][PBFT]checkTimeout Succ,view=0,toView=1,nodeIdx=0,changeCycle=0,myNode=1306daf6...,timecost=0.235
info|2019-11-13 16:56:42.472716|[g:1][CONSENSUS][PBFT]checkAndChangeView: Reach consensus,org_view=0,org_changeCycle=0,cur_changeCycle=0,to_view=1
info|2019-11-13 16:56:43.483974|[g:1][CONSENSUS]addRawPrepare,height=5,reqIdx=1,hash=60c92729...
info|2019-11-13 16:56:43.484246|[g:1][CONSENSUS][PBFT]checkTimeout Succ,view=1,toView=2,nodeIdx=0,changeCycle=0,myNode=1306daf6...,timecost=0.199
info|2019-11-13 16:56:43.485098|[g:1][CONSENSUS][PBFT]checkAndChangeView: Reach consensus,org_view=1,org_changeCycle=0,cur_changeCycle=0,to_view=2
info|2019-11-13 16:56:44.489282|[g:1][CONSENSUS][PBFT]Trigger fast-viewchange,view=2,toView=2,minView=3,INFO=,reqNum=4,curNum=4,GenIdx=3,Cview=3,view=2,fromIdx=1,fromNode=6a73c813...,fromIp=127.0.0.1:30302,hash=8cece3cf...,nodeIdx=0,myNode=1306daf6...
info|2019-11-13 16:56:44.489489|[g:1][CONSENSUS][PBFT]checkAndChangeView: Reach consensus,org_view=2,org_changeCycle=0,cur_changeCycle=0,to_view=3
info|2019-11-13 16:56:44.489495|[g:1][CONSENSUS][PBFT]checkTimeout Succ,view=3,toView=3,nodeIdx=0,changeCycle=0,myNode=1306daf6...,timecost=0.203
info|2019-11-13 16:56:45.499219|[g:1][CONSENSUS]addRawPrepare,height=5,reqIdx=3,hash=0c465276...
info|2019-11-13 16:56:45.499456|[g:1][CONSENSUS][PBFT]checkTimeout Succ,view=3,toView=4,nodeIdx=0,changeCycle=0,myNode=1306daf6...,timecost=0.21
info|2019-11-13 16:56:45.500866|[g:1][CONSENSUS][PBFT]checkAndChangeView: Reach consensus,org_view=3,org_changeCycle=0,cur_changeCycle=0,to_view=4
info|2019-11-13 16:56:46.501759|[g:1][CONSENSUS][SEALER]++++++++++++++++ Generating seal on,blkNum=5,tx=0,nodeIdx=0,hash=e0dd05f2...
info|2019-11-13 16:56:46.510054|[g:1][CONSENSUS][PBFT]checkTimeout Succ,view=4,toView=5,nodeIdx=0,changeCycle=0,myNode=1306daf6...,timecost=0.219
info|2019-11-13 16:56:46.512172|[g:1][CONSENSUS][PBFT]checkAndChangeView: Reach consensus,org_view=4,org_changeCycle=0,cur_changeCycle=0,to_view=5
info|2019-11-13 16:56:46.553000|[NETWORK][Session]Received topic: [3	_block_notify_1] from 824ae14a1c492a3b61d96b8fa5f51cf89b7cf60e32d0427f255c92bc5f712227af9cb010a0060848e49fc1d000476574576117d63732d6d10048b54b759ab9fd
info|2019-11-13 16:56:47.512248|[g:1][CONSENSUS][PBFT]Trigger fast-viewchange,view=5,toView=5,minView=6,INFO=,reqNum=4,curNum=4,GenIdx=3,Cview=6,view=5,fromIdx=2,fromNode=824ae14a...,fromIp=127.0.0.1:48594,hash=8cece3cf...,nodeIdx=0,myNode=1306daf6...
info|2019-11-13 16:56:47.514501|[g:1][CONSENSUS][PBFT]checkAndChangeView: Reach consensus,org_view=5,org_changeCycle=0,cur_changeCycle=0,to_view=6
info|2019-11-13 16:56:47.515393|[g:1][CONSENSUS][PBFT]checkTimeout Succ,view=6,toView=6,nodeIdx=0,changeCycle=0,myNode=1306daf6...,timecost=3.113
info|2019-11-13 16:56:48.523006|[g:1][CONSENSUS][PBFT]Trigger fast-viewchange,view=6,toView=6,minView=7,INFO=,reqNum=4,curNum=4,GenIdx=3,Cview=7,view=6,fromIdx=1,fromNode=6a73c813...,fromIp=127.0.0.1:30302,hash=8cece3cf...,nodeIdx=0,myNode=1306daf6...
info|2019-11-13 16:56:48.525711|[g:1][CONSENSUS][PBFT]checkAndChangeView: Reach consensus,org_view=6,org_changeCycle=0,cur_changeCycle=0,to_view=7
info|2019-11-13 16:56:48.526043|[g:1][CONSENSUS][PBFT]checkTimeout Succ,view=7,toView=7,nodeIdx=0,changeCycle=0,myNode=1306daf6...,timecost=2.689
info|2019-11-13 16:56:49.531269|[g:1][CONSENSUS]addRawPrepare,height=5,reqIdx=3,hash=c25efa43...
info|2019-11-13 16:56:49.531510|[g:1][CONSENSUS][PBFT]checkTimeout Succ,view=7,toView=8,nodeIdx=0,changeCycle=0,myNode=1306daf6...,timecost=0.198
info|2019-11-13 16:56:49.533342|[g:1][CONSENSUS][PBFT]checkAndChangeView: Reach consensus,org_view=7,org_changeCycle=0,cur_changeCycle=0,to_view=8
info|2019-11-13 16:56:50.534670|[g:1][CONSENSUS][SEALER]++++++++++++++++ Generating seal on,blkNum=5,tx=0,nodeIdx=0,hash=fd3f4aff...
info|2019-11-13 16:56:50.542611|[g:1][CONSENSUS][PBFT]checkTimeout Succ,view=8,toView=9,nodeIdx=0,changeCycle=0,myNode=1306daf6...,timecost=0.353
info|2019-11-13 16:56:50.543762|[g:1][CONSENSUS][PBFT]checkAndChangeView: Reach consensus,org_view=8,org_changeCycle=0,cur_changeCycle=0,to_view=9
info|2019-11-13 16:56:51.282203|[NETWORK][Host]P2P Recv Connect, From=127.0.0.1:48636
info|2019-11-13 16:56:51.282336|[NETWORK][Host]P2P StartAccept,Host=0.0.0.0:30303
info|2019-11-13 16:56:51.282414|[NETWORK][Host]Connecting to node,endpoint=127.0.0.1:30301
info|2019-11-13 16:56:51.282465|[P2P][Service] heartBeat,connected count=3
info|2019-11-13 16:56:51.292400|[NETWORK][ASIO]asyncResolveConnect,endpoint=127.0.0.1:30301
info|2019-11-13 16:56:51.308854|[P2P][Service] Connection established,nodeID=82d7b9b6...,endpoint=127.0.0.1:48636
info|2019-11-13 16:56:51.309589|[NETWORK][Host]startPeerSession, From=127.0.0.1:48636,nodeID=82d7b9b6...
info|2019-11-13 16:56:51.322097|[NETWORK][Host]startPeerSession, From=127.0.0.1:30301,nodeID=82d7b9b6...
warning|2019-11-13 16:56:51.343963|[SYNC][id:1306daf6...][Status]Peer data not found,nodeId=82d7b9b6...
info|2019-11-13 16:56:51.548626|[g:1][CONSENSUS]addRawPrepare,height=5,reqIdx=1,hash=76511fe3...
info|2019-11-13 16:56:51.548885|[g:1][CONSENSUS][PBFT]checkTimeout Succ,view=9,toView=10,nodeIdx=0,changeCycle=0,myNode=1306daf6...,timecost=0.227
info|2019-11-13 16:56:51.551064|[g:1][CONSENSUS][PBFT]checkAndChangeView: Reach consensus,org_view=9,org_changeCycle=0,cur_changeCycle=0,to_view=10
info|2019-11-13 16:56:52.553389|[g:1][CONSENSUS]addRawPrepare,height=5,reqIdx=2,hash=5169d8d2...
info|2019-11-13 16:56:52.553721|[g:1][CONSENSUS][PBFT]checkTimeout Succ,view=10,toView=11,nodeIdx=0,changeCycle=0,myNode=1306daf6...,timecost=0.248
info|2019-11-13 16:56:52.557143|[g:1][CONSENSUS][PBFT]checkAndChangeView: Reach consensus,org_view=10,org_changeCycle=0,cur_changeCycle=0,to_view=11
info|2019-11-13 16:56:53.560683|[g:1][CONSENSUS]addRawPrepare,height=5,reqIdx=3,hash=222ff060...
info|2019-11-13 16:56:53.561047|[g:1][CONSENSUS][PBFT]checkTimeout Succ,view=11,toView=12,nodeIdx=0,changeCycle=0,myNode=1306daf6...,timecost=0.302
info|2019-11-13 16:56:53.561796|[g:1][CONSENSUS][PBFT]checkAndChangeView: Reach consensus,org_view=11,org_changeCycle=0,cur_changeCycle=0,to_view=12
info|2019-11-13 16:56:54.565231|[g:1][CONSENSUS][SEALER]++++++++++++++++ Generating seal on,blkNum=5,tx=0,nodeIdx=0,hash=0728f257...
info|2019-11-13 16:56:54.572257|[g:1][CONSENSUS][PBFT]checkTimeout Succ,view=12,toView=13,nodeIdx=0,changeCycle=0,myNode=1306daf6...,timecost=0.274
info|2019-11-13 16:56:54.573335|[g:1][CONSENSUS][PBFT]checkAndChangeView: Reach consensus,org_view=12,org_changeCycle=0,cur_changeCycle=0,to_view=13
info|2019-11-13 16:56:55.572948|[g:1][CONSENSUS]addRawPrepare,height=5,reqIdx=1,hash=a985d0f5...
info|2019-11-13 16:56:55.573179|[g:1][CONSENSUS][PBFT]checkTimeout Succ,view=13,toView=14,nodeIdx=0,changeCycle=0,myNode=1306daf6...,timecost=0.208
info|2019-11-13 16:56:55.575206|[g:1][CONSENSUS][PBFT]checkAndChangeView: Reach consensus,org_view=13,org_changeCycle=0,cur_changeCycle=0,to_view=14
info|2019-11-13 16:56:56.583285|[g:1][CONSENSUS]addRawPrepare,height=5,reqIdx=2,hash=7a71de6d...
info|2019-11-13 16:56:56.595976|[g:1][CONSENSUS][PBFT]checkTimeout Succ,view=14,toView=15,nodeIdx=0,changeCycle=0,myNode=1306daf6...,timecost=12.606
info|2019-11-13 16:56:56.600522|[g:1][CONSENSUS][PBFT]checkAndChangeView: Reach consensus,org_view=14,org_changeCycle=0,cur_changeCycle=0,to_view=15
info|2019-11-13 16:56:57.616279|[g:1][CONSENSUS]addRawPrepare,height=5,reqIdx=3,hash=4168fbbb...
info|2019-11-13 16:56:57.616551|[g:1][CONSENSUS][PBFT]checkTimeout Succ,view=15,toView=16,nodeIdx=0,changeCycle=0,myNode=1306daf6...,timecost=0.243
info|2019-11-13 16:56:57.618416|[g:1][CONSENSUS][PBFT]checkAndChangeView: Reach consensus,org_view=15,org_changeCycle=0,cur_changeCycle=0,to_view=16
info|2019-11-13 16:56:58.619769|[g:1][CONSENSUS][SEALER]++++++++++++++++ Generating seal on,blkNum=5,tx=0,nodeIdx=0,hash=952738a1...
info|2019-11-13 16:56:58.637203|[g:1][CONSENSUS][PBFT]checkTimeout Succ,view=16,toView=17,nodeIdx=0,changeCycle=0,myNode=1306daf6...,timecost=0.498
info|2019-11-13 16:56:58.640783|[g:1][CONSENSUS][PBFT]checkAndChangeView: Reach consensus,org_view=16,org_changeCycle=0,cur_changeCycle=0,to_view=17
info|2019-11-13 16:56:59.638323|[g:1][CONSENSUS]addRawPrepare,height=5,reqIdx=1,hash=5b130a84...
info|2019-11-13 16:56:59.638569|[g:1][CONSENSUS][PBFT]checkTimeout Succ,view=17,toView=18,nodeIdx=0,changeCycle=0,myNode=1306daf6...,timecost=0.218
info|2019-11-13 16:56:59.642793|[g:1][CONSENSUS][PBFT]checkAndChangeView: Reach consensus,org_view=17,org_changeCycle=0,cur_changeCycle=0,to_view=18
info|2019-11-13 16:57:00.649454|[g:1][CONSENSUS]addRawPrepare,height=5,reqIdx=2,hash=75fb898f...
info|2019-11-13 16:57:00.649694|[g:1][CONSENSUS][PBFT]checkTimeout Succ,view=18,toView=19,nodeIdx=0,changeCycle=0,myNode=1306daf6...,timecost=0.215
info|2019-11-13 16:57:00.656798|[g:1][CONSENSUS][PBFT]checkAndChangeView: Reach consensus,org_view=18,org_changeCycle=0,cur_changeCycle=0,to_view=19
info|2019-11-13 16:57:01.282641|[P2P][Service] heartBeat,connected count=4
info|2019-11-13 16:57:01.662331|[g:1][CONSENSUS]addRawPrepare,height=5,reqIdx=3,hash=19eebf9e...
info|2019-11-13 16:57:01.662632|[g:1][CONSENSUS][PBFT]checkTimeout Succ,view=19,toView=20,nodeIdx=0,changeCycle=0,myNode=1306daf6...,timecost=0.278
info|2019-11-13 16:57:01.676020|[g:1][CONSENSUS][PBFT]checkAndChangeView: Reach consensus,org_view=19,org_changeCycle=0,cur_changeCycle=0,to_view=20
info|2019-11-13 16:57:02.676471|[g:1][CONSENSUS][SEALER]++++++++++++++++ Generating seal on,blkNum=5,tx=0,nodeIdx=0,hash=ae1acac6...
info|2019-11-13 16:57:02.696379|[g:1][CONSENSUS][PBFT]checkTimeout Succ,view=20,toView=21,nodeIdx=0,changeCycle=0,myNode=1306daf6...,timecost=0.22
info|2019-11-13 16:57:02.701968|[g:1][CONSENSUS][PBFT]checkAndChangeView: Reach consensus,org_view=20,org_changeCycle=0,cur_changeCycle=0,to_view=21
info|2019-11-13 16:57:03.689855|[g:1][CONSENSUS]addRawPrepare,height=5,reqIdx=1,hash=e7c7d705...
info|2019-11-13 16:57:03.690088|[g:1][CONSENSUS][PBFT]checkTimeout Succ,view=21,toView=22,nodeIdx=0,changeCycle=0,myNode=1306daf6...,timecost=0.205
info|2019-11-13 16:57:03.702654|[g:1][CONSENSUS][PBFT]checkAndChangeView: Reach consensus,org_view=21,org_changeCycle=0,cur_changeCycle=0,to_view=22
info|2019-11-13 16:57:04.705998|[g:1][CONSENSUS]addRawPrepare,height=5,reqIdx=2,hash=c72cde67...
info|2019-11-13 16:57:04.706337|[g:1][CONSENSUS][PBFT]checkTimeout Succ,view=22,toView=23,nodeIdx=0,changeCycle=0,myNode=1306daf6...,timecost=0.314
info|2019-11-13 16:57:04.716018|[g:1][CONSENSUS][PBFT]checkAndChangeView: Reach consensus,org_view=22,org_changeCycle=0,cur_changeCycle=0,to_view=23
info|2019-11-13 16:57:05.723222|[g:1][CONSENSUS]addRawPrepare,height=5,reqIdx=3,hash=5e83a2f0...
info|2019-11-13 16:57:05.723494|[g:1][CONSENSUS][PBFT]checkTimeout Succ,view=23,toView=24,nodeIdx=0,changeCycle=0,myNode=1306daf6...,timecost=0.232
info|2019-11-13 16:57:05.735900|[g:1][CONSENSUS][PBFT]checkAndChangeView: Reach consensus,org_view=23,org_changeCycle=0,cur_changeCycle=0,to_view=24
info|2019-11-13 16:57:06.739441|[g:1][CONSENSUS][SEALER]++++++++++++++++ Generating seal on,blkNum=5,tx=0,nodeIdx=0,hash=7d752c7d...
info|2019-11-13 16:57:06.770435|[g:1][CONSENSUS][PBFT]checkTimeout Succ,view=24,toView=25,nodeIdx=0,changeCycle=0,myNode=1306daf6...,timecost=0.237
info|2019-11-13 16:57:06.771626|[g:1][CONSENSUS][PBFT]checkAndChangeView: Reach consensus,org_view=24,org_changeCycle=0,cur_changeCycle=0,to_view=25
info|2019-11-13 16:57:07.765965|[g:1][CONSENSUS]addRawPrepare,height=5,reqIdx=1,hash=74474b48...
info|2019-11-13 16:57:07.766306|[g:1][CONSENSUS][PBFT]checkTimeout Succ,view=25,toView=26,nodeIdx=0,changeCycle=0,myNode=1306daf6...,timecost=0.255
info|2019-11-13 16:57:07.778254|[g:1][CONSENSUS][PBFT]checkAndChangeView: Reach consensus,org_view=25,org_changeCycle=0,cur_changeCycle=0,to_view=26
info|2019-11-13 16:57:08.780594|[g:1][CONSENSUS]addRawPrepare,height=5,reqIdx=2,hash=dd9dad0f...
info|2019-11-13 16:57:08.780848|[g:1][CONSENSUS][PBFT]checkTimeout Succ,view=26,toView=27,nodeIdx=0,changeCycle=0,myNode=1306daf6...,timecost=0.222
info|2019-11-13 16:57:08.793960|[g:1][CONSENSUS][PBFT]checkAndChangeView: Reach consensus,org_view=26,org_changeCycle=0,cur_changeCycle=0,to_view=27
info|2019-11-13 16:57:09.796700|[g:1][CONSENSUS]addRawPrepare,height=5,reqIdx=3,hash=b04829a9...
info|2019-11-13 16:57:09.797038|[g:1][CONSENSUS][PBFT]checkTimeout Succ,view=27,toView=28,nodeIdx=0,changeCycle=0,myNode=1306daf6...,timecost=0.245
info|2019-11-13 16:57:09.801810|[g:1][CONSENSUS][PBFT]checkAndChangeView: Reach consensus,org_view=27,org_changeCycle=0,cur_changeCycle=0,to_view=28
info|2019-11-13 16:57:10.809737|[g:1][CONSENSUS][SEALER]++++++++++++++++ Generating seal on,blkNum=5,tx=0,nodeIdx=0,hash=234eec14...
info|2019-11-13 16:57:10.847949|[g:1][CONSENSUS][PBFT]checkTimeout Succ,view=28,toView=29,nodeIdx=0,changeCycle=0,myNode=1306daf6...,timecost=0.412
info|2019-11-13 16:57:10.849223|[g:1][CONSENSUS][PBFT]checkAndChangeView: Reach consensus,org_view=28,org_changeCycle=0,cur_changeCycle=0,to_view=29
info|2019-11-13 16:57:11.283229|[P2P][Service] heartBeat,connected count=4
info|2019-11-13 16:57:11.846484|[g:1][CONSENSUS]addRawPrepare,height=5,reqIdx=1,hash=23c69fc1...
info|2019-11-13 16:57:11.846827|[g:1][CONSENSUS][PBFT]checkTimeout Succ,view=29,toView=30,nodeIdx=0,changeCycle=0,myNode=1306daf6...,timecost=0.279
info|2019-11-13 16:57:11.857948|[g:1][CONSENSUS][PBFT]checkAndChangeView: Reach consensus,org_view=29,org_changeCycle=0,cur_changeCycle=0,to_view=30
info|2019-11-13 16:57:12.861499|[g:1][CONSENSUS]addRawPrepare,height=5,reqIdx=2,hash=e58f41e9...
info|2019-11-13 16:57:12.861741|[g:1][CONSENSUS][PBFT]checkTimeout Succ,view=30,toView=31,nodeIdx=0,changeCycle=0,myNode=1306daf6...,timecost=0.212
info|2019-11-13 16:57:12.872096|[g:1][CONSENSUS][PBFT]checkAndChangeView: Reach consensus,org_view=30,org_changeCycle=0,cur_changeCycle=0,to_view=31
info|2019-11-13 16:57:13.879552|[g:1][CONSENSUS]addRawPrepare,height=5,reqIdx=3,hash=042af096...
info|2019-11-13 16:57:13.884673|[g:1][CONSENSUS][PBFT]checkTimeout Succ,view=31,toView=32,nodeIdx=0,changeCycle=0,myNode=1306daf6...,timecost=5.088
info|2019-11-13 16:57:13.890504|[g:1][CONSENSUS][PBFT]checkAndChangeView: Reach consensus,org_view=31,org_changeCycle=0,cur_changeCycle=0,to_view=32
info|2019-11-13 16:57:14.897494|[g:1][CONSENSUS][SEALER]++++++++++++++++ Generating seal on,blkNum=5,tx=0,nodeIdx=0,hash=deb9cbc2...
info|2019-11-13 16:57:14.923135|[g:1][CONSENSUS][PBFT]checkTimeout Succ,view=32,toView=33,nodeIdx=0,changeCycle=0,myNode=1306daf6...,timecost=0.228
info|2019-11-13 16:57:14.924554|[g:1][CONSENSUS][PBFT]checkAndChangeView: Reach consensus,org_view=32,org_changeCycle=0,cur_changeCycle=0,to_view=33
info|2019-11-13 16:57:15.919209|[g:1][CONSENSUS]addRawPrepare,height=5,reqIdx=1,hash=2efacc49...
info|2019-11-13 16:57:15.919455|[g:1][CONSENSUS][PBFT]checkTimeout Succ,view=33,toView=34,nodeIdx=0,changeCycle=0,myNode=1306daf6...,timecost=0.218
info|2019-11-13 16:57:15.931534|[g:1][CONSENSUS][PBFT]checkAndChangeView: Reach consensus,org_view=33,org_changeCycle=0,cur_changeCycle=0,to_view=34
info|2019-11-13 16:57:16.933235|[g:1][CONSENSUS]addRawPrepare,height=5,reqIdx=2,hash=35b6eb12...
info|2019-11-13 16:57:16.933500|[g:1][CONSENSUS][PBFT]checkTimeout Succ,view=34,toView=35,nodeIdx=0,changeCycle=0,myNode=1306daf6...,timecost=0.241
info|2019-11-13 16:57:16.946978|[g:1][CONSENSUS][PBFT]checkAndChangeView: Reach consensus,org_view=34,org_changeCycle=0,cur_changeCycle=0,to_view=35
info|2019-11-13 16:57:17.955330|[g:1][CONSENSUS]addRawPrepare,height=5,reqIdx=3,hash=fcf451bb...
info|2019-11-13 16:57:17.955616|[g:1][CONSENSUS][PBFT]checkTimeout Succ,view=35,toView=36,nodeIdx=0,changeCycle=0,myNode=1306daf6...,timecost=0.243
info|2019-11-13 16:57:17.962564|[g:1][CONSENSUS][PBFT]checkAndChangeView: Reach consensus,org_view=35,org_changeCycle=0,cur_changeCycle=0,to_view=36
info|2019-11-13 16:57:18.962372|[g:1][CONSENSUS][SEALER]++++++++++++++++ Generating seal on,blkNum=5,tx=0,nodeIdx=0,hash=74ea1158...
info|2019-11-13 16:57:18.980294|[g:1][CONSENSUS][PBFT]checkTimeout Succ,view=36,toView=37,nodeIdx=0,changeCycle=0,myNode=1306daf6...,timecost=0.263
info|2019-11-13 16:57:18.985402|[g:1][CONSENSUS][PBFT]checkAndChangeView: Reach consensus,org_view=36,org_changeCycle=0,cur_changeCycle=0,to_view=37
info|2019-11-13 16:57:19.981707|[g:1][CONSENSUS]addRawPrepare,height=5,reqIdx=1,hash=51cf5cc0...
info|2019-11-13 16:57:19.982008|[g:1][CONSENSUS][PBFT]checkTimeout Succ,view=37,toView=38,nodeIdx=0,changeCycle=0,myNode=1306daf6...,timecost=0.235
info|2019-11-13 16:57:19.984625|[g:1][CONSENSUS][PBFT]checkAndChangeView: Reach consensus,org_view=37,org_changeCycle=0,cur_changeCycle=0,to_view=38
info|2019-11-13 16:57:20.997825|[g:1][CONSENSUS]addRawPrepare,height=5,reqIdx=2,hash=1fcc4268...
info|2019-11-13 16:57:20.998181|[g:1][CONSENSUS][PBFT]checkTimeout Succ,view=38,toView=39,nodeIdx=0,changeCycle=0,myNode=1306daf6...,timecost=0.293
info|2019-11-13 16:57:21.023163|[g:1][CONSENSUS][PBFT]checkAndChangeView: Reach consensus,org_view=38,org_changeCycle=0,cur_changeCycle=0,to_view=39
info|2019-11-13 16:57:21.283442|[P2P][Service] heartBeat,connected count=4
info|2019-11-13 16:57:22.023299|[g:1][CONSENSUS]addRawPrepare,height=5,reqIdx=3,hash=becda5f0...
info|2019-11-13 16:57:22.027820|[g:1][CONSENSUS][PBFT]checkTimeout Succ,view=39,toView=40,nodeIdx=0,changeCycle=0,myNode=1306daf6...,timecost=4.277
info|2019-11-13 16:57:22.032151|[g:1][CONSENSUS][PBFT]checkAndChangeView: Reach consensus,org_view=39,org_changeCycle=0,cur_changeCycle=0,to_view=40
info|2019-11-13 16:57:23.032638|[g:1][CONSENSUS][SEALER]++++++++++++++++ Generating seal on,blkNum=5,tx=0,nodeIdx=0,hash=47a97802...
info|2019-11-13 16:57:23.052435|[g:1][CONSENSUS][PBFT]checkTimeout Succ,view=40,toView=41,nodeIdx=0,changeCycle=0,myNode=1306daf6...,timecost=0.305
info|2019-11-13 16:57:23.053678|[g:1][CONSENSUS][PBFT]checkAndChangeView: Reach consensus,org_view=40,org_changeCycle=0,cur_changeCycle=0,to_view=41
info|2019-11-13 16:57:24.055962|[g:1][CONSENSUS]addRawPrepare,height=5,reqIdx=1,hash=9b18d159...
info|2019-11-13 16:57:24.056302|[g:1][CONSENSUS][PBFT]checkTimeout Succ,view=41,toView=42,nodeIdx=0,changeCycle=0,myNode=1306daf6...,timecost=0.261
info|2019-11-13 16:57:24.080583|[g:1][CONSENSUS][PBFT]checkAndChangeView: Reach consensus,org_view=41,org_changeCycle=0,cur_changeCycle=0,to_view=42
info|2019-11-13 16:57:25.099937|[g:1][CONSENSUS]addRawPrepare,height=5,reqIdx=2,hash=443825a3...
info|2019-11-13 16:57:25.103825|[g:1][CONSENSUS][PBFT]checkTimeout Succ,view=42,toView=43,nodeIdx=0,changeCycle=0,myNode=1306daf6...,timecost=3.822
info|2019-11-13 16:57:25.104702|[g:1][CONSENSUS][PBFT]checkAndChangeView: Reach consensus,org_view=42,org_changeCycle=0,cur_changeCycle=0,to_view=43
info|2019-11-13 16:57:26.109021|[g:1][CONSENSUS]addRawPrepare,height=5,reqIdx=3,hash=58d3a9fa...
info|2019-11-13 16:57:26.109266|[g:1][CONSENSUS][PBFT]checkTimeout Succ,view=43,toView=44,nodeIdx=0,changeCycle=0,myNode=1306daf6...,timecost=0.217
info|2019-11-13 16:57:26.119323|[g:1][CONSENSUS][PBFT]checkAndChangeView: Reach consensus,org_view=43,org_changeCycle=0,cur_changeCycle=0,to_view=44
info|2019-11-13 16:57:27.120335|[g:1][CONSENSUS][SEALER]++++++++++++++++ Generating seal on,blkNum=5,tx=0,nodeIdx=0,hash=cf82886d...
info|2019-11-13 16:57:27.134444|[g:1][CONSENSUS][PBFT]checkTimeout Succ,view=44,toView=45,nodeIdx=0,changeCycle=0,myNode=1306daf6...,timecost=0.278
info|2019-11-13 16:57:27.135371|[g:1][CONSENSUS][PBFT]checkAndChangeView: Reach consensus,org_view=44,org_changeCycle=0,cur_changeCycle=0,to_view=45
info|2019-11-13 16:57:28.130474|[g:1][CONSENSUS]addRawPrepare,height=5,reqIdx=1,hash=22260531...
info|2019-11-13 16:57:28.130726|[g:1][CONSENSUS][PBFT]checkTimeout Succ,view=45,toView=46,nodeIdx=0,changeCycle=0,myNode=1306daf6...,timecost=0.209
info|2019-11-13 16:57:28.134914|[g:1][CONSENSUS][PBFT]checkAndChangeView: Reach consensus,org_view=45,org_changeCycle=0,cur_changeCycle=0,to_view=46
info|2019-11-13 16:57:29.142405|[g:1][CONSENSUS]addRawPrepare,height=5,reqIdx=2,hash=a3237d18...
info|2019-11-13 16:57:29.142649|[g:1][CONSENSUS][PBFT]checkTimeout Succ,view=46,toView=47,nodeIdx=0,changeCycle=0,myNode=1306daf6...,timecost=0.215
info|2019-11-13 16:57:29.150197|[g:1][CONSENSUS][PBFT]checkAndChangeView: Reach consensus,org_view=46,org_changeCycle=0,cur_changeCycle=0,to_view=47
info|2019-11-13 16:57:30.155668|[g:1][CONSENSUS]addRawPrepare,height=5,reqIdx=3,hash=9927beab...
info|2019-11-13 16:57:30.159129|[g:1][CONSENSUS][PBFT]checkTimeout Succ,view=47,toView=48,nodeIdx=0,changeCycle=0,myNode=1306daf6...,timecost=0.303
info|2019-11-13 16:57:30.159838|[g:1][CONSENSUS][PBFT]checkAndChangeView: Reach consensus,org_view=47,org_changeCycle=0,cur_changeCycle=0,to_view=48
info|2019-11-13 16:57:31.163031|[g:1][CONSENSUS][SEALER]++++++++++++++++ Generating seal on,blkNum=5,tx=0,nodeIdx=0,hash=8296371f...
info|2019-11-13 16:57:31.175823|[g:1][CONSENSUS][PBFT]checkTimeout Succ,view=48,toView=49,nodeIdx=0,changeCycle=0,myNode=1306daf6...,timecost=0.243
info|2019-11-13 16:57:31.181403|[g:1][CONSENSUS][PBFT]checkAndChangeView: Reach consensus,org_view=48,org_changeCycle=0,cur_changeCycle=0,to_view=49
info|2019-11-13 16:57:31.283767|[P2P][Service] heartBeat,connected count=4
info|2019-11-13 16:57:32.177790|[g:1][CONSENSUS]addRawPrepare,height=5,reqIdx=1,hash=28fcfd55...
info|2019-11-13 16:57:32.178049|[g:1][CONSENSUS][PBFT]checkTimeout Succ,view=49,toView=50,nodeIdx=0,changeCycle=0,myNode=1306daf6...,timecost=0.219
info|2019-11-13 16:57:32.185251|[g:1][CONSENSUS][PBFT]checkAndChangeView: Reach consensus,org_view=49,org_changeCycle=0,cur_changeCycle=0,to_view=50
info|2019-11-13 16:57:33.190145|[g:1][CONSENSUS]addRawPrepare,height=5,reqIdx=2,hash=872254e7...
info|2019-11-13 16:57:33.190581|[g:1][CONSENSUS][PBFT]checkTimeout Succ,view=50,toView=51,nodeIdx=0,changeCycle=0,myNode=1306daf6...,timecost=0.406
info|2019-11-13 16:57:33.204018|[g:1][CONSENSUS][PBFT]checkAndChangeView: Reach consensus,org_view=50,org_changeCycle=0,cur_changeCycle=0,to_view=51
info|2019-11-13 16:57:34.213064|[g:1][CONSENSUS]addRawPrepare,height=5,reqIdx=3,hash=7b0c167c...
info|2019-11-13 16:57:34.224247|[g:1][CONSENSUS][PBFT]checkTimeout Succ,view=51,toView=52,nodeIdx=0,changeCycle=0,myNode=1306daf6...,timecost=4.23
info|2019-11-13 16:57:34.225062|[g:1][CONSENSUS][PBFT]checkAndChangeView: Reach consensus,org_view=51,org_changeCycle=0,cur_changeCycle=0,to_view=52
info|2019-11-13 16:57:35.226265|[g:1][CONSENSUS][SEALER]++++++++++++++++ Generating seal on,blkNum=5,tx=0,nodeIdx=0,hash=6c3ba1f1...
info|2019-11-13 16:57:35.245153|[g:1][CONSENSUS][PBFT]checkTimeout Succ,view=52,toView=53,nodeIdx=0,changeCycle=0,myNode=1306daf6...,timecost=0.292
info|2019-11-13 16:57:35.246301|[g:1][CONSENSUS][PBFT]checkAndChangeView: Reach consensus,org_view=52,org_changeCycle=0,cur_changeCycle=0,to_view=53
info|2019-11-13 16:57:36.241982|[g:1][CONSENSUS]addRawPrepare,height=5,reqIdx=1,hash=6873e331...
info|2019-11-13 16:57:36.242233|[g:1][CONSENSUS][PBFT]checkTimeout Succ,view=53,toView=54,nodeIdx=0,changeCycle=0,myNode=1306daf6...,timecost=0.217
info|2019-11-13 16:57:36.250210|[g:1][CONSENSUS][PBFT]checkAndChangeView: Reach consensus,org_view=53,org_changeCycle=0,cur_changeCycle=0,to_view=54
info|2019-11-13 16:57:36.519457|[NETWORK][Session]Received topic: [4	_block_notify_1] from 824ae14a1c492a3b61d96b8fa5f51cf89b7cf60e32d0427f255c92bc5f712227af9cb010a0060848e49fc1d000476574576117d63732d6d10048b54b759ab9fd
info|2019-11-13 16:57:37.257201|[g:1][CONSENSUS]addRawPrepare,height=5,reqIdx=2,hash=969fe4f0...
info|2019-11-13 16:57:37.257541|[g:1][CONSENSUS][PBFT]checkTimeout Succ,view=54,toView=55,nodeIdx=0,changeCycle=0,myNode=1306daf6...,timecost=0.31
info|2019-11-13 16:57:37.258067|[g:1][CONSENSUS][PBFT]checkAndChangeView: Reach consensus,org_view=54,org_changeCycle=0,cur_changeCycle=0,to_view=55
info|2019-11-13 16:57:38.264084|[g:1][CONSENSUS]addRawPrepare,height=5,reqIdx=3,hash=0be221f9...
info|2019-11-13 16:57:38.264353|[g:1][CONSENSUS][PBFT]checkTimeout Succ,view=55,toView=56,nodeIdx=0,changeCycle=0,myNode=1306daf6...,timecost=0.245
info|2019-11-13 16:57:38.274826|[g:1][CONSENSUS][PBFT]checkAndChangeView: Reach consensus,org_view=55,org_changeCycle=0,cur_changeCycle=0,to_view=56
info|2019-11-13 16:57:39.274411|[g:1][CONSENSUS][SEALER]++++++++++++++++ Generating seal on,blkNum=5,tx=0,nodeIdx=0,hash=1520fae6...
info|2019-11-13 16:57:39.290480|[g:1][CONSENSUS][PBFT]checkTimeout Succ,view=56,toView=57,nodeIdx=0,changeCycle=0,myNode=1306daf6...,timecost=0.328
info|2019-11-13 16:57:39.295245|[g:1][CONSENSUS][PBFT]checkAndChangeView: Reach consensus,org_view=56,org_changeCycle=0,cur_changeCycle=0,to_view=57
info|2019-11-13 16:57:40.287668|[g:1][CONSENSUS]addRawPrepare,height=5,reqIdx=1,hash=53232caf...
info|2019-11-13 16:57:40.287945|[g:1][CONSENSUS][PBFT]checkTimeout Succ,view=57,toView=58,nodeIdx=0,changeCycle=0,myNode=1306daf6...,timecost=0.236
info|2019-11-13 16:57:40.293483|[g:1][CONSENSUS][PBFT]checkAndChangeView: Reach consensus,org_view=57,org_changeCycle=0,cur_changeCycle=0,to_view=58
info|2019-11-13 16:57:41.283929|[P2P][Service] heartBeat,connected count=4
info|2019-11-13 16:57:41.299460|[g:1][CONSENSUS]addRawPrepare,height=5,reqIdx=2,hash=cf6ca2b5...
info|2019-11-13 16:57:41.304538|[g:1][CONSENSUS][PBFT]checkTimeout Succ,view=58,toView=59,nodeIdx=0,changeCycle=0,myNode=1306daf6...,timecost=5.039
info|2019-11-13 16:57:41.305200|[g:1][CONSENSUS][PBFT]checkAndChangeView: Reach consensus,org_view=58,org_changeCycle=0,cur_changeCycle=0,to_view=59
info|2019-11-13 16:57:41.518597|[NETWORK][Session]Received topic: [5	_block_notify_1] from 824ae14a1c492a3b61d96b8fa5f51cf89b7cf60e32d0427f255c92bc5f712227af9cb010a0060848e49fc1d000476574576117d63732d6d10048b54b759ab9fd
info|2019-11-13 16:57:42.316617|[g:1][CONSENSUS]addRawPrepare,height=5,reqIdx=3,hash=e56c83f0...
info|2019-11-13 16:57:42.316888|[g:1][CONSENSUS][PBFT]checkTimeout Succ,view=59,toView=60,nodeIdx=0,changeCycle=0,myNode=1306daf6...,timecost=0.227
info|2019-11-13 16:57:42.317224|[g:1][CONSENSUS][PBFT]checkAndChangeView: Reach consensus,org_view=59,org_changeCycle=0,cur_changeCycle=0,to_view=60
info|2019-11-13 16:57:43.317337|[g:1][CONSENSUS][SEALER]++++++++++++++++ Generating seal on,blkNum=5,tx=0,nodeIdx=0,hash=7b28e79e...
info|2019-11-13 16:57:43.330651|[g:1][CONSENSUS][PBFT]checkTimeout Succ,view=60,toView=61,nodeIdx=0,changeCycle=0,myNode=1306daf6...,timecost=0.296
info|2019-11-13 16:57:43.331844|[g:1][CONSENSUS][PBFT]checkAndChangeView: Reach consensus,org_view=60,org_changeCycle=0,cur_changeCycle=0,to_view=61
info|2019-11-13 16:57:44.332308|[g:1][CONSENSUS]addRawPrepare,height=5,reqIdx=1,hash=2b970be7...
info|2019-11-13 16:57:44.332616|[g:1][CONSENSUS][PBFT]checkTimeout Succ,view=61,toView=62,nodeIdx=0,changeCycle=0,myNode=1306daf6...,timecost=0.286
info|2019-11-13 16:57:44.336903|[g:1][CONSENSUS][PBFT]checkAndChangeView: Reach consensus,org_view=61,org_changeCycle=0,cur_changeCycle=0,to_view=62
info|2019-11-13 16:57:45.344601|[g:1][CONSENSUS]addRawPrepare,height=5,reqIdx=2,hash=44134599...
info|2019-11-13 16:57:45.344882|[g:1][CONSENSUS][PBFT]checkTimeout Succ,view=62,toView=63,nodeIdx=0,changeCycle=0,myNode=1306daf6...,timecost=0.246
info|2019-11-13 16:57:45.352317|[g:1][CONSENSUS][PBFT]checkAndChangeView: Reach consensus,org_view=62,org_changeCycle=0,cur_changeCycle=0,to_view=63
info|2019-11-13 16:57:46.356589|[g:1][CONSENSUS]addRawPrepare,height=5,reqIdx=3,hash=2c0b3415...
info|2019-11-13 16:57:46.356833|[g:1][CONSENSUS][PBFT]checkTimeout Succ,view=63,toView=64,nodeIdx=0,changeCycle=0,myNode=1306daf6...,timecost=0.223
info|2019-11-13 16:57:46.362949|[g:1][CONSENSUS][PBFT]checkAndChangeView: Reach consensus,org_view=63,org_changeCycle=0,cur_changeCycle=0,to_view=64
info|2019-11-13 16:57:47.363370|[g:1][CONSENSUS][SEALER]++++++++++++++++ Generating seal on,blkNum=5,tx=0,nodeIdx=0,hash=064dd0f1...
info|2019-11-13 16:57:47.376389|[g:1][CONSENSUS][PBFT]checkTimeout Succ,view=64,toView=65,nodeIdx=0,changeCycle=0,myNode=1306daf6...,timecost=0.221
info|2019-11-13 16:57:47.381090|[g:1][CONSENSUS][PBFT]checkAndChangeView: Reach consensus,org_view=64,org_changeCycle=0,cur_changeCycle=0,to_view=65
info|2019-11-13 16:57:48.377883|[g:1][CONSENSUS]addRawPrepare,height=5,reqIdx=1,hash=6fc07a04...
info|2019-11-13 16:57:48.378201|[g:1][CONSENSUS][PBFT]checkTimeout Succ,view=65,toView=66,nodeIdx=0,changeCycle=0,myNode=1306daf6...,timecost=0.296
info|2019-11-13 16:57:48.379323|[g:1][CONSENSUS][PBFT]checkAndChangeView: Reach consensus,org_view=65,org_changeCycle=0,cur_changeCycle=0,to_view=66
info|2019-11-13 16:57:49.388652|[g:1][CONSENSUS]addRawPrepare,height=5,reqIdx=2,hash=02f396d7...
info|2019-11-13 16:57:49.389063|[g:1][CONSENSUS][PBFT]checkTimeout Succ,view=66,toView=67,nodeIdx=0,changeCycle=0,myNode=1306daf6...,timecost=0.379
info|2019-11-13 16:57:49.393108|[g:1][CONSENSUS][PBFT]checkAndChangeView: Reach consensus,org_view=66,org_changeCycle=0,cur_changeCycle=0,to_view=67
info|2019-11-13 16:57:50.398353|[g:1][CONSENSUS]addRawPrepare,height=5,reqIdx=3,hash=032e6922...
info|2019-11-13 16:57:50.398593|[g:1][CONSENSUS][PBFT]checkTimeout Succ,view=67,toView=68,nodeIdx=0,changeCycle=0,myNode=1306daf6...,timecost=0.213
info|2019-11-13 16:57:50.400502|[g:1][CONSENSUS][PBFT]checkAndChangeView: Reach consensus,org_view=67,org_changeCycle=0,cur_changeCycle=0,to_view=68
info|2019-11-13 16:57:51.284503|[P2P][Service] heartBeat,connected count=4
info|2019-11-13 16:57:51.400524|[g:1][CONSENSUS][SEALER]++++++++++++++++ Generating seal on,blkNum=5,tx=0,nodeIdx=0,hash=91ebbfec...
info|2019-11-13 16:57:51.407666|[g:1][CONSENSUS][PBFT]checkTimeout Succ,view=68,toView=69,nodeIdx=0,changeCycle=0,myNode=1306daf6...,timecost=0.226
info|2019-11-13 16:57:51.408699|[g:1][CONSENSUS][PBFT]checkAndChangeView: Reach consensus,org_view=68,org_changeCycle=0,cur_changeCycle=0,to_view=69
info|2019-11-13 16:57:52.409945|[g:1][CONSENSUS]addRawPrepare,height=5,reqIdx=1,hash=0f10acaa...
info|2019-11-13 16:57:52.410817|[g:1][CONSENSUS][PBFT]checkTimeout Succ,view=69,toView=70,nodeIdx=0,changeCycle=0,myNode=1306daf6...,timecost=0.849
info|2019-11-13 16:57:52.411482|[g:1][CONSENSUS][PBFT]checkAndChangeView: Reach consensus,org_view=69,org_changeCycle=0,cur_changeCycle=0,to_view=70
info|2019-11-13 16:57:53.414816|[g:1][CONSENSUS]addRawPrepare,height=5,reqIdx=2,hash=874efc67...
info|2019-11-13 16:57:53.415088|[g:1][CONSENSUS][PBFT]checkTimeout Succ,view=70,toView=71,nodeIdx=0,changeCycle=0,myNode=1306daf6...,timecost=0.236
info|2019-11-13 16:57:53.418031|[g:1][CONSENSUS][PBFT]checkAndChangeView: Reach consensus,org_view=70,org_changeCycle=0,cur_changeCycle=0,to_view=71
info|2019-11-13 16:57:54.422679|[g:1][CONSENSUS]addRawPrepare,height=5,reqIdx=3,hash=96b1055d...
info|2019-11-13 16:57:54.424592|[g:1][CONSENSUS][PBFT]checkTimeout Succ,view=71,toView=72,nodeIdx=0,changeCycle=0,myNode=1306daf6...,timecost=1.885
info|2019-11-13 16:57:54.425337|[g:1][CONSENSUS][PBFT]checkAndChangeView: Reach consensus,org_view=71,org_changeCycle=0,cur_changeCycle=0,to_view=72
info|2019-11-13 16:57:55.425235|[g:1][CONSENSUS][SEALER]++++++++++++++++ Generating seal on,blkNum=5,tx=0,nodeIdx=0,hash=74c95c7e...
info|2019-11-13 16:57:55.432867|[g:1][CONSENSUS][PBFT]checkTimeout Succ,view=72,toView=73,nodeIdx=0,changeCycle=0,myNode=1306daf6...,timecost=0.252
info|2019-11-13 16:57:55.434044|[g:1][CONSENSUS][PBFT]checkAndChangeView: Reach consensus,org_view=72,org_changeCycle=0,cur_changeCycle=0,to_view=73
info|2019-11-13 16:57:56.445423|[g:1][CONSENSUS]addRawPrepare,height=5,reqIdx=1,hash=5a3dd4f5...
info|2019-11-13 16:57:56.447619|[g:1][CONSENSUS][PBFT]checkTimeout Succ,view=73,toView=74,nodeIdx=0,changeCycle=0,myNode=1306daf6...,timecost=1.985
info|2019-11-13 16:57:56.457846|[g:1][CONSENSUS][PBFT]checkAndChangeView: Reach consensus,org_view=73,org_changeCycle=0,cur_changeCycle=0,to_view=74
info|2019-11-13 16:57:57.465758|[g:1][CONSENSUS]addRawPrepare,height=5,reqIdx=2,hash=31627ee2...
info|2019-11-13 16:57:57.466087|[g:1][CONSENSUS][PBFT]checkTimeout Succ,view=74,toView=75,nodeIdx=0,changeCycle=0,myNode=1306daf6...,timecost=0.301
info|2019-11-13 16:57:57.468522|[g:1][CONSENSUS][PBFT]checkAndChangeView: Reach consensus,org_view=74,org_changeCycle=0,cur_changeCycle=0,to_view=75
info|2019-11-13 16:57:58.474556|[g:1][CONSENSUS]addRawPrepare,height=5,reqIdx=3,hash=868bb757...
info|2019-11-13 16:57:58.476563|[g:1][CONSENSUS][PBFT]checkTimeout Succ,view=75,toView=76,nodeIdx=0,changeCycle=0,myNode=1306daf6...,timecost=1.967
info|2019-11-13 16:57:58.478798|[g:1][CONSENSUS][PBFT]checkAndChangeView: Reach consensus,org_view=75,org_changeCycle=0,cur_changeCycle=0,to_view=76
info|2019-11-13 16:57:59.480092|[g:1][CONSENSUS][SEALER]++++++++++++++++ Generating seal on,blkNum=5,tx=0,nodeIdx=0,hash=d7b8d88b...
info|2019-11-13 16:57:59.488397|[g:1][CONSENSUS][PBFT]checkTimeout Succ,view=76,toView=77,nodeIdx=0,changeCycle=0,myNode=1306daf6...,timecost=0.266
info|2019-11-13 16:57:59.489853|[g:1][CONSENSUS][PBFT]checkAndChangeView: Reach consensus,org_view=76,org_changeCycle=0,cur_changeCycle=0,to_view=77
info|2019-11-13 16:58:00.489319|[g:1][CONSENSUS]addRawPrepare,height=5,reqIdx=1,hash=48e4401f...
info|2019-11-13 16:58:00.489626|[g:1][CONSENSUS][PBFT]checkTimeout Succ,view=77,toView=78,nodeIdx=0,changeCycle=0,myNode=1306daf6...,timecost=0.271
info|2019-11-13 16:58:00.492950|[g:1][CONSENSUS][PBFT]checkAndChangeView: Reach consensus,org_view=77,org_changeCycle=0,cur_changeCycle=0,to_view=78
info|2019-11-13 16:58:01.284680|[P2P][Service] heartBeat,connected count=4
info|2019-11-13 16:58:01.500711|[g:1][CONSENSUS]addRawPrepare,height=5,reqIdx=2,hash=a5c6f96e...
info|2019-11-13 16:58:01.502083|[g:1][CONSENSUS][PBFT]checkTimeout Succ,view=78,toView=79,nodeIdx=0,changeCycle=0,myNode=1306daf6...,timecost=1.296
info|2019-11-13 16:58:01.502651|[g:1][CONSENSUS][PBFT]checkAndChangeView: Reach consensus,org_view=78,org_changeCycle=0,cur_changeCycle=0,to_view=79
info|2019-11-13 16:58:02.507678|[g:1][CONSENSUS]addRawPrepare,height=5,reqIdx=3,hash=bc1bb973...
info|2019-11-13 16:58:02.507923|[g:1][CONSENSUS][PBFT]checkTimeout Succ,view=79,toView=80,nodeIdx=0,changeCycle=0,myNode=1306daf6...,timecost=0.217
info|2019-11-13 16:58:02.509162|[g:1][CONSENSUS][PBFT]checkAndChangeView: Reach consensus,org_view=79,org_changeCycle=0,cur_changeCycle=0,to_view=80
info|2019-11-13 16:58:03.510806|[g:1][CONSENSUS][SEALER]++++++++++++++++ Generating seal on,blkNum=5,tx=0,nodeIdx=0,hash=f3ace2e8...
info|2019-11-13 16:58:03.518625|[g:1][CONSENSUS][PBFT]checkTimeout Succ,view=80,toView=81,nodeIdx=0,changeCycle=0,myNode=1306daf6...,timecost=0.29
info|2019-11-13 16:58:03.519837|[g:1][CONSENSUS][PBFT]checkAndChangeView: Reach consensus,org_view=80,org_changeCycle=0,cur_changeCycle=0,to_view=81
info|2019-11-13 16:58:04.522446|[g:1][CONSENSUS]addRawPrepare,height=5,reqIdx=1,hash=f20ce7fe...
info|2019-11-13 16:58:04.522873|[g:1][CONSENSUS][PBFT]checkTimeout Succ,view=81,toView=82,nodeIdx=0,changeCycle=0,myNode=1306daf6...,timecost=0.369
info|2019-11-13 16:58:04.532725|[g:1][CONSENSUS][PBFT]checkAndChangeView: Reach consensus,org_view=81,org_changeCycle=0,cur_changeCycle=0,to_view=82
info|2019-11-13 16:58:05.536747|[g:1][CONSENSUS]addRawPrepare,height=5,reqIdx=2,hash=31e6d1e2...
info|2019-11-13 16:58:05.537037|[g:1][CONSENSUS][PBFT]checkTimeout Succ,view=82,toView=83,nodeIdx=0,changeCycle=0,myNode=1306daf6...,timecost=0.264
info|2019-11-13 16:58:05.540268|[g:1][CONSENSUS][PBFT]checkAndChangeView: Reach consensus,org_view=82,org_changeCycle=0,cur_changeCycle=0,to_view=83
info|2019-11-13 16:58:06.555852|[g:1][CONSENSUS]addRawPrepare,height=5,reqIdx=3,hash=e134b1ce...
info|2019-11-13 16:58:06.563565|[g:1][CONSENSUS][PBFT]checkTimeout Succ,view=83,toView=84,nodeIdx=0,changeCycle=0,myNode=1306daf6...,timecost=4.919
info|2019-11-13 16:58:06.566586|[g:1][CONSENSUS][PBFT]checkAndChangeView: Reach consensus,org_view=83,org_changeCycle=0,cur_changeCycle=0,to_view=84
info|2019-11-13 16:58:07.568154|[g:1][CONSENSUS][SEALER]++++++++++++++++ Generating seal on,blkNum=5,tx=0,nodeIdx=0,hash=0c3b3c63...
info|2019-11-13 16:58:07.578619|[g:1][CONSENSUS][PBFT]checkTimeout Succ,view=84,toView=85,nodeIdx=0,changeCycle=0,myNode=1306daf6...,timecost=0.323
info|2019-11-13 16:58:07.579624|[g:1][CONSENSUS][PBFT]checkAndChangeView: Reach consensus,org_view=84,org_changeCycle=0,cur_changeCycle=0,to_view=85
info|2019-11-13 16:58:08.578617|[g:1][CONSENSUS]addRawPrepare,height=5,reqIdx=1,hash=58263883...
info|2019-11-13 16:58:08.578862|[g:1][CONSENSUS][PBFT]checkTimeout Succ,view=85,toView=86,nodeIdx=0,changeCycle=0,myNode=1306daf6...,timecost=0.22
info|2019-11-13 16:58:08.580083|[g:1][CONSENSUS][PBFT]checkAndChangeView: Reach consensus,org_view=85,org_changeCycle=0,cur_changeCycle=0,to_view=86
info|2019-11-13 16:58:09.583846|[g:1][CONSENSUS]addRawPrepare,height=5,reqIdx=2,hash=17f4d7ee...
info|2019-11-13 16:58:09.584230|[g:1][CONSENSUS][PBFT]checkTimeout Succ,view=86,toView=87,nodeIdx=0,changeCycle=0,myNode=1306daf6...,timecost=0.344
info|2019-11-13 16:58:09.588674|[g:1][CONSENSUS][PBFT]checkAndChangeView: Reach consensus,org_view=86,org_changeCycle=0,cur_changeCycle=0,to_view=87
info|2019-11-13 16:58:10.591130|[g:1][CONSENSUS]addRawPrepare,height=5,reqIdx=3,hash=4428df9d...
info|2019-11-13 16:58:10.591401|[g:1][CONSENSUS][PBFT]checkTimeout Succ,view=87,toView=88,nodeIdx=0,changeCycle=0,myNode=1306daf6...,timecost=0.234
info|2019-11-13 16:58:10.596322|[g:1][CONSENSUS][PBFT]checkAndChangeView: Reach consensus,org_view=87,org_changeCycle=0,cur_changeCycle=0,to_view=88
info|2019-11-13 16:58:11.285097|[P2P][Service] heartBeat,connected count=4
info|2019-11-13 16:58:11.598199|[g:1][CONSENSUS][SEALER]++++++++++++++++ Generating seal on,blkNum=5,tx=0,nodeIdx=0,hash=404c1b52...
info|2019-11-13 16:58:11.606788|[g:1][CONSENSUS][PBFT]checkTimeout Succ,view=88,toView=89,nodeIdx=0,changeCycle=0,myNode=1306daf6...,timecost=0.236
info|2019-11-13 16:58:11.608037|[g:1][CONSENSUS][PBFT]checkAndChangeView: Reach consensus,org_view=88,org_changeCycle=0,cur_changeCycle=0,to_view=89
info|2019-11-13 16:58:12.611367|[g:1][CONSENSUS]addRawPrepare,height=5,reqIdx=1,hash=b67d513f...
info|2019-11-13 16:58:12.612139|[g:1][CONSENSUS][PBFT]checkTimeout Succ,view=89,toView=90,nodeIdx=0,changeCycle=0,myNode=1306daf6...,timecost=0.688
info|2019-11-13 16:58:12.656652|[g:1][CONSENSUS][PBFT]checkAndChangeView: Reach consensus,org_view=89,org_changeCycle=0,cur_changeCycle=0,to_view=90
info|2019-11-13 16:58:13.618729|[g:1][CONSENSUS]addRawPrepare,height=5,reqIdx=2,hash=34b39ef9...
info|2019-11-13 16:58:13.619164|[g:1][CONSENSUS][PBFT]checkTimeout Succ,view=90,toView=91,nodeIdx=0,changeCycle=0,myNode=1306daf6...,timecost=0.392
info|2019-11-13 16:58:13.622929|[g:1][CONSENSUS][PBFT]checkAndChangeView: Reach consensus,org_view=90,org_changeCycle=0,cur_changeCycle=0,to_view=91
info|2019-11-13 16:58:14.629660|[g:1][CONSENSUS]addRawPrepare,height=5,reqIdx=3,hash=5b3489e3...
info|2019-11-13 16:58:14.630076|[g:1][CONSENSUS][PBFT]checkTimeout Succ,view=91,toView=92,nodeIdx=0,changeCycle=0,myNode=1306daf6...,timecost=0.367
info|2019-11-13 16:58:14.638577|[g:1][CONSENSUS][PBFT]checkAndChangeView: Reach consensus,org_view=91,org_changeCycle=0,cur_changeCycle=0,to_view=92
info|2019-11-13 16:58:15.638831|[g:1][CONSENSUS][SEALER]++++++++++++++++ Generating seal on,blkNum=5,tx=0,nodeIdx=0,hash=6efe9732...
info|2019-11-13 16:58:15.651785|[g:1][CONSENSUS][PBFT]checkTimeout Succ,view=92,toView=93,nodeIdx=0,changeCycle=0,myNode=1306daf6...,timecost=0.581
info|2019-11-13 16:58:15.653354|[g:1][CONSENSUS][PBFT]checkAndChangeView: Reach consensus,org_view=92,org_changeCycle=0,cur_changeCycle=0,to_view=93
info|2019-11-13 16:58:16.652521|[g:1][CONSENSUS]addRawPrepare,height=5,reqIdx=1,hash=a1fd4b0b...
info|2019-11-13 16:58:16.656137|[g:1][CONSENSUS][PBFT]checkTimeout Succ,view=93,toView=94,nodeIdx=0,changeCycle=0,myNode=1306daf6...,timecost=3.559
info|2019-11-13 16:58:16.666546|[g:1][CONSENSUS][PBFT]checkAndChangeView: Reach consensus,org_view=93,org_changeCycle=0,cur_changeCycle=0,to_view=94
info|2019-11-13 16:58:17.677805|[g:1][CONSENSUS]addRawPrepare,height=5,reqIdx=2,hash=f1b37134...
info|2019-11-13 16:58:17.680035|[g:1][CONSENSUS][PBFT]checkTimeout Succ,view=94,toView=95,nodeIdx=0,changeCycle=0,myNode=1306daf6...,timecost=2.235
info|2019-11-13 16:58:17.687176|[g:1][CONSENSUS][PBFT]checkAndChangeView: Reach consensus,org_view=94,org_changeCycle=0,cur_changeCycle=0,to_view=95
info|2019-11-13 16:58:18.694560|[g:1][CONSENSUS]addRawPrepare,height=5,reqIdx=3,hash=752e17ab...
info|2019-11-13 16:58:18.694865|[g:1][CONSENSUS][PBFT]checkTimeout Succ,view=95,toView=96,nodeIdx=0,changeCycle=0,myNode=1306daf6...,timecost=0.279
info|2019-11-13 16:58:18.696940|[g:1][CONSENSUS][PBFT]checkAndChangeView: Reach consensus,org_view=95,org_changeCycle=0,cur_changeCycle=0,to_view=96
info|2019-11-13 16:58:19.698475|[g:1][CONSENSUS][SEALER]++++++++++++++++ Generating seal on,blkNum=5,tx=0,nodeIdx=0,hash=062fc18d...
info|2019-11-13 16:58:19.707541|[g:1][CONSENSUS][PBFT]checkTimeout Succ,view=96,toView=97,nodeIdx=0,changeCycle=0,myNode=1306daf6...,timecost=0.294
info|2019-11-13 16:58:19.708909|[g:1][CONSENSUS][PBFT]checkAndChangeView: Reach consensus,org_view=96,org_changeCycle=0,cur_changeCycle=0,to_view=97
info|2019-11-13 16:58:20.710118|[g:1][CONSENSUS]addRawPrepare,height=5,reqIdx=1,hash=09303ed7...
info|2019-11-13 16:58:20.710970|[g:1][CONSENSUS][PBFT]checkTimeout Succ,view=97,toView=98,nodeIdx=0,changeCycle=0,myNode=1306daf6...,timecost=0.791
info|2019-11-13 16:58:20.712691|[g:1][CONSENSUS][PBFT]checkAndChangeView: Reach consensus,org_view=97,org_changeCycle=0,cur_changeCycle=0,to_view=98
info|2019-11-13 16:58:21.285932|[P2P][Service] heartBeat,connected count=4
info|2019-11-13 16:58:21.716903|[g:1][CONSENSUS][PBFT]Trigger fast-viewchange,view=98,toView=98,minView=99,INFO=,reqNum=4,curNum=4,GenIdx=1,Cview=99,view=98,fromIdx=1,fromNode=6a73c813...,fromIp=127.0.0.1:30302,hash=8cece3cf...,nodeIdx=0,myNode=1306daf6...
info|2019-11-13 16:58:21.717170|[g:1][CONSENSUS][PBFT]checkAndChangeView: Reach consensus,org_view=98,org_changeCycle=0,cur_changeCycle=0,to_view=99
info|2019-11-13 16:58:21.717178|[g:1][CONSENSUS][PBFT]checkTimeout Succ,view=99,toView=99,nodeIdx=0,changeCycle=0,myNode=1306daf6...,timecost=0.237
info|2019-11-13 16:58:22.723130|[g:1][CONSENSUS]addRawPrepare,height=5,reqIdx=3,hash=8d3076cf...
info|2019-11-13 16:58:22.724928|[g:1][CONSENSUS][PBFT]checkTimeout Succ,view=99,toView=100,nodeIdx=0,changeCycle=0,myNode=1306daf6...,timecost=1.772
info|2019-11-13 16:58:22.725587|[g:1][CONSENSUS][PBFT]checkAndChangeView: Reach consensus,org_view=99,org_changeCycle=0,cur_changeCycle=0,to_view=100
info|2019-11-13 16:58:23.726261|[g:1][CONSENSUS][SEALER]++++++++++++++++ Generating seal on,blkNum=5,tx=0,nodeIdx=0,hash=85e6dd8e...
info|2019-11-13 16:58:23.733116|[g:1][CONSENSUS][PBFT]checkTimeout Succ,view=100,toView=101,nodeIdx=0,changeCycle=0,myNode=1306daf6...,timecost=0.257
info|2019-11-13 16:58:23.734220|[g:1][CONSENSUS][PBFT]checkAndChangeView: Reach consensus,org_view=100,org_changeCycle=0,cur_changeCycle=0,to_view=101
info|2019-11-13 16:58:24.739377|[g:1][CONSENSUS]addRawPrepare,height=5,reqIdx=1,hash=28c60c50...
info|2019-11-13 16:58:24.739781|[g:1][CONSENSUS][PBFT]checkTimeout Succ,view=101,toView=102,nodeIdx=0,changeCycle=0,myNode=1306daf6...,timecost=0.309
info|2019-11-13 16:58:24.742047|[g:1][CONSENSUS][PBFT]checkAndChangeView: Reach consensus,org_view=101,org_changeCycle=0,cur_changeCycle=0,to_view=102
info|2019-11-13 16:58:25.749413|[g:1][CONSENSUS]addRawPrepare,height=5,reqIdx=2,hash=bbabb2e1...
info|2019-11-13 16:58:25.749655|[g:1][CONSENSUS][PBFT]checkTimeout Succ,view=102,toView=103,nodeIdx=0,changeCycle=0,myNode=1306daf6...,timecost=0.215
info|2019-11-13 16:58:25.755228|[g:1][CONSENSUS][PBFT]checkAndChangeView: Reach consensus,org_view=102,org_changeCycle=0,cur_changeCycle=0,to_view=103
info|2019-11-13 16:58:26.759710|[g:1][CONSENSUS]addRawPrepare,height=5,reqIdx=3,hash=8d4c4df6...
info|2019-11-13 16:58:26.764007|[g:1][CONSENSUS][PBFT]checkTimeout Succ,view=103,toView=104,nodeIdx=0,changeCycle=0,myNode=1306daf6...,timecost=4.243
info|2019-11-13 16:58:26.770595|[g:1][CONSENSUS][PBFT]checkAndChangeView: Reach consensus,org_view=103,org_changeCycle=0,cur_changeCycle=0,to_view=104
info|2019-11-13 16:58:27.771992|[g:1][CONSENSUS][SEALER]++++++++++++++++ Generating seal on,blkNum=5,tx=0,nodeIdx=0,hash=b3cd2f5a...
info|2019-11-13 16:58:27.779689|[g:1][CONSENSUS][PBFT]checkTimeout Succ,view=104,toView=105,nodeIdx=0,changeCycle=0,myNode=1306daf6...,timecost=0.221
info|2019-11-13 16:58:27.780545|[g:1][CONSENSUS][PBFT]checkAndChangeView: Reach consensus,org_view=104,org_changeCycle=0,cur_changeCycle=0,to_view=105
info|2019-11-13 16:58:28.783582|[g:1][CONSENSUS]addRawPrepare,height=5,reqIdx=1,hash=3c905b40...
info|2019-11-13 16:58:28.786468|[g:1][CONSENSUS][PBFT]checkTimeout Succ,view=105,toView=106,nodeIdx=0,changeCycle=0,myNode=1306daf6...,timecost=2.817
info|2019-11-13 16:58:28.793047|[g:1][CONSENSUS][PBFT]checkAndChangeView: Reach consensus,org_view=105,org_changeCycle=0,cur_changeCycle=0,to_view=106
info|2019-11-13 16:58:29.811405|[g:1][CONSENSUS]addRawPrepare,height=5,reqIdx=2,hash=5afd9a26...
info|2019-11-13 16:58:29.817879|[g:1][CONSENSUS][PBFT]checkTimeout Succ,view=106,toView=107,nodeIdx=0,changeCycle=0,myNode=1306daf6...,timecost=6.407
info|2019-11-13 16:58:29.838859|[g:1][CONSENSUS][PBFT]checkAndChangeView: Reach consensus,org_view=106,org_changeCycle=0,cur_changeCycle=0,to_view=107
info|2019-11-13 16:58:30.842574|[g:1][CONSENSUS]addRawPrepare,height=5,reqIdx=3,hash=bcbfee99...
info|2019-11-13 16:58:30.843013|[g:1][CONSENSUS][PBFT]checkTimeout Succ,view=107,toView=108,nodeIdx=0,changeCycle=0,myNode=1306daf6...,timecost=0.388
info|2019-11-13 16:58:30.848635|[g:1][CONSENSUS][PBFT]checkAndChangeView: Reach consensus,org_view=107,org_changeCycle=0,cur_changeCycle=0,to_view=108
info|2019-11-13 16:58:31.286310|[P2P][Service] heartBeat,connected count=4
info|2019-11-13 16:58:31.851446|[g:1][CONSENSUS][SEALER]++++++++++++++++ Generating seal on,blkNum=5,tx=0,nodeIdx=0,hash=9aa7246f...
info|2019-11-13 16:58:31.878042|[g:1][CONSENSUS][PBFT]checkTimeout Succ,view=108,toView=109,nodeIdx=0,changeCycle=0,myNode=1306daf6...,timecost=2.136
info|2019-11-13 16:58:31.901434|[g:1][CONSENSUS][PBFT]checkAndChangeView: Reach consensus,org_view=108,org_changeCycle=0,cur_changeCycle=0,to_view=109
info|2019-11-13 16:58:32.914755|[g:1][CONSENSUS]addRawPrepare,height=5,reqIdx=1,hash=1bb57c4b...
info|2019-11-13 16:58:32.917156|[g:1][CONSENSUS][PBFT]checkTimeout Succ,view=109,toView=110,nodeIdx=0,changeCycle=0,myNode=1306daf6...,timecost=2.349
info|2019-11-13 16:58:32.917795|[g:1][CONSENSUS][PBFT]checkAndChangeView: Reach consensus,org_view=109,org_changeCycle=0,cur_changeCycle=0,to_view=110
info|2019-11-13 16:58:33.922177|[g:1][CONSENSUS]addRawPrepare,height=5,reqIdx=2,hash=fba5efec...
info|2019-11-13 16:58:33.923479|[g:1][CONSENSUS][PBFT]checkTimeout Succ,view=110,toView=111,nodeIdx=0,changeCycle=0,myNode=1306daf6...,timecost=1.278
info|2019-11-13 16:58:33.927206|[g:1][CONSENSUS][PBFT]checkAndChangeView: Reach consensus,org_view=110,org_changeCycle=0,cur_changeCycle=0,to_view=111
info|2019-11-13 16:58:34.936754|[g:1][CONSENSUS]addRawPrepare,height=5,reqIdx=3,hash=29d7f2c6...
info|2019-11-13 16:58:34.937054|[g:1][CONSENSUS][PBFT]checkTimeout Succ,view=111,toView=112,nodeIdx=0,changeCycle=0,myNode=1306daf6...,timecost=0.261
info|2019-11-13 16:58:34.942573|[g:1][CONSENSUS][PBFT]checkAndChangeView: Reach consensus,org_view=111,org_changeCycle=0,cur_changeCycle=0,to_view=112
info|2019-11-13 16:58:35.951446|[g:1][CONSENSUS][SEALER]++++++++++++++++ Generating seal on,blkNum=5,tx=0,nodeIdx=0,hash=28aea0f4...
info|2019-11-13 16:58:35.989574|[g:1][CONSENSUS][PBFT]checkTimeout Succ,view=112,toView=113,nodeIdx=0,changeCycle=0,myNode=1306daf6...,timecost=0.273
info|2019-11-13 16:58:35.994940|[g:1][CONSENSUS][PBFT]checkAndChangeView: Reach consensus,org_view=112,org_changeCycle=0,cur_changeCycle=0,to_view=113
info|2019-11-13 16:58:36.987801|[g:1][CONSENSUS]addRawPrepare,height=5,reqIdx=1,hash=fbcfd26a...
info|2019-11-13 16:58:36.993408|[g:1][CONSENSUS][PBFT]checkTimeout Succ,view=113,toView=114,nodeIdx=0,changeCycle=0,myNode=1306daf6...,timecost=5.577
info|2019-11-13 16:58:36.994360|[g:1][CONSENSUS][PBFT]checkAndChangeView: Reach consensus,org_view=113,org_changeCycle=0,cur_changeCycle=0,to_view=114
info|2019-11-13 16:58:38.001077|[g:1][CONSENSUS]addRawPrepare,height=5,reqIdx=2,hash=48b6a9bf...
info|2019-11-13 16:58:38.001605|[g:1][CONSENSUS][PBFT]checkTimeout Succ,view=114,toView=115,nodeIdx=0,changeCycle=0,myNode=1306daf6...,timecost=0.465
info|2019-11-13 16:58:38.015712|[g:1][CONSENSUS][PBFT]checkAndChangeView: Reach consensus,org_view=114,org_changeCycle=0,cur_changeCycle=0,to_view=115
info|2019-11-13 16:58:39.027081|[g:1][CONSENSUS]addRawPrepare,height=5,reqIdx=3,hash=9cf87e47...
info|2019-11-13 16:58:39.034685|[g:1][CONSENSUS][PBFT]checkTimeout Succ,view=115,toView=116,nodeIdx=0,changeCycle=0,myNode=1306daf6...,timecost=6.699
info|2019-11-13 16:58:39.040863|[g:1][CONSENSUS][PBFT]checkAndChangeView: Reach consensus,org_view=115,org_changeCycle=0,cur_changeCycle=0,to_view=116
info|2019-11-13 16:58:40.055178|[g:1][CONSENSUS][SEALER]++++++++++++++++ Generating seal on,blkNum=5,tx=0,nodeIdx=0,hash=870eb1d4...
info|2019-11-13 16:58:40.082315|[g:1][CONSENSUS][PBFT]checkTimeout Succ,view=116,toView=117,nodeIdx=0,changeCycle=0,myNode=1306daf6...,timecost=0.902
info|2019-11-13 16:58:40.088034|[g:1][CONSENSUS][PBFT]checkAndChangeView: Reach consensus,org_view=116,org_changeCycle=0,cur_changeCycle=0,to_view=117
info|2019-11-13 16:58:41.078944|[g:1][CONSENSUS]addRawPrepare,height=5,reqIdx=1,hash=87523501...
info|2019-11-13 16:58:41.079248|[g:1][CONSENSUS][PBFT]checkTimeout Succ,view=117,toView=118,nodeIdx=0,changeCycle=0,myNode=1306daf6...,timecost=0.302
info|2019-11-13 16:58:41.087679|[g:1][CONSENSUS][PBFT]checkAndChangeView: Reach consensus,org_view=117,org_changeCycle=0,cur_changeCycle=0,to_view=118
info|2019-11-13 16:58:41.286757|[P2P][Service] heartBeat,connected count=4
info|2019-11-13 16:58:42.097495|[g:1][CONSENSUS]addRawPrepare,height=5,reqIdx=2,hash=eacfed14...
info|2019-11-13 16:58:42.098014|[g:1][CONSENSUS][PBFT]checkTimeout Succ,view=118,toView=119,nodeIdx=0,changeCycle=0,myNode=1306daf6...,timecost=0.41
info|2019-11-13 16:58:42.105170|[g:1][CONSENSUS][PBFT]checkAndChangeView: Reach consensus,org_view=118,org_changeCycle=0,cur_changeCycle=0,to_view=119
info|2019-11-13 16:58:43.107253|[g:1][CONSENSUS]addRawPrepare,height=5,reqIdx=3,hash=d08d7ab1...
info|2019-11-13 16:58:43.107542|[g:1][CONSENSUS][PBFT]checkTimeout Succ,view=119,toView=120,nodeIdx=0,changeCycle=0,myNode=1306daf6...,timecost=0.269
info|2019-11-13 16:58:43.117697|[g:1][CONSENSUS][PBFT]checkAndChangeView: Reach consensus,org_view=119,org_changeCycle=0,cur_changeCycle=0,to_view=120
info|2019-11-13 16:58:44.119073|[g:1][CONSENSUS][SEALER]++++++++++++++++ Generating seal on,blkNum=5,tx=0,nodeIdx=0,hash=eb77ead2...
info|2019-11-13 16:58:44.126456|[g:1][CONSENSUS][PBFT]checkTimeout Succ,view=120,toView=121,nodeIdx=0,changeCycle=0,myNode=1306daf6...,timecost=0.275
info|2019-11-13 16:58:44.127613|[g:1][CONSENSUS][PBFT]checkAndChangeView: Reach consensus,org_view=120,org_changeCycle=0,cur_changeCycle=0,to_view=121
info|2019-11-13 16:58:45.134777|[g:1][CONSENSUS]addRawPrepare,height=5,reqIdx=1,hash=fb55ce3f...
info|2019-11-13 16:58:45.135078|[g:1][CONSENSUS][PBFT]checkTimeout Succ,view=121,toView=122,nodeIdx=0,changeCycle=0,myNode=1306daf6...,timecost=0.267
info|2019-11-13 16:58:45.137931|[g:1][CONSENSUS][PBFT]checkAndChangeView: Reach consensus,org_view=121,org_changeCycle=0,cur_changeCycle=0,to_view=122
info|2019-11-13 16:58:46.145921|[g:1][CONSENSUS]addRawPrepare,height=5,reqIdx=2,hash=d2280309...
info|2019-11-13 16:58:46.146189|[g:1][CONSENSUS][PBFT]checkTimeout Succ,view=122,toView=123,nodeIdx=0,changeCycle=0,myNode=1306daf6...,timecost=0.238
info|2019-11-13 16:58:46.155222|[g:1][CONSENSUS][PBFT]checkAndChangeView: Reach consensus,org_view=122,org_changeCycle=0,cur_changeCycle=0,to_view=123
info|2019-11-13 16:58:47.161667|[g:1][CONSENSUS]addRawPrepare,height=5,reqIdx=3,hash=accea413...
info|2019-11-13 16:58:47.161903|[g:1][CONSENSUS][PBFT]checkTimeout Succ,view=123,toView=124,nodeIdx=0,changeCycle=0,myNode=1306daf6...,timecost=0.208
info|2019-11-13 16:58:47.164672|[g:1][CONSENSUS][PBFT]checkAndChangeView: Reach consensus,org_view=123,org_changeCycle=0,cur_changeCycle=0,to_view=124
info|2019-11-13 16:58:48.166105|[g:1][CONSENSUS][SEALER]++++++++++++++++ Generating seal on,blkNum=5,tx=0,nodeIdx=0,hash=32f0a59b...
info|2019-11-13 16:58:48.176910|[g:1][CONSENSUS][PBFT]checkTimeout Succ,view=124,toView=125,nodeIdx=0,changeCycle=0,myNode=1306daf6...,timecost=0.465
info|2019-11-13 16:58:48.178994|[g:1][CONSENSUS][PBFT]checkAndChangeView: Reach consensus,org_view=124,org_changeCycle=0,cur_changeCycle=0,to_view=125
info|2019-11-13 16:58:49.177835|[g:1][CONSENSUS]addRawPrepare,height=5,reqIdx=1,hash=c11152af...
info|2019-11-13 16:58:49.178194|[g:1][CONSENSUS][PBFT]checkTimeout Succ,view=125,toView=126,nodeIdx=0,changeCycle=0,myNode=1306daf6...,timecost=0.315
info|2019-11-13 16:58:49.184548|[g:1][CONSENSUS][PBFT]checkAndChangeView: Reach consensus,org_view=125,org_changeCycle=0,cur_changeCycle=0,to_view=126
info|2019-11-13 16:58:50.184451|[g:1][CONSENSUS][PBFT]Trigger fast-viewchange,view=126,toView=126,minView=127,INFO=,reqNum=4,curNum=4,GenIdx=1,Cview=127,view=126,fromIdx=1,fromNode=6a73c813...,fromIp=127.0.0.1:30302,hash=8cece3cf...,nodeIdx=0,myNode=1306daf6...
info|2019-11-13 16:58:50.184761|[g:1][CONSENSUS][PBFT]checkAndChangeView: Reach consensus,org_view=126,org_changeCycle=0,cur_changeCycle=0,to_view=127
info|2019-11-13 16:58:50.184769|[g:1][CONSENSUS][PBFT]checkTimeout Succ,view=127,toView=127,nodeIdx=0,changeCycle=0,myNode=1306daf6...,timecost=0.273
info|2019-11-13 16:58:51.190267|[g:1][CONSENSUS]addRawPrepare,height=5,reqIdx=3,hash=a125cd96...
info|2019-11-13 16:58:51.190575|[g:1][CONSENSUS][PBFT]checkTimeout Succ,view=127,toView=128,nodeIdx=0,changeCycle=0,myNode=1306daf6...,timecost=0.278
info|2019-11-13 16:58:51.192752|[g:1][CONSENSUS][PBFT]checkAndChangeView: Reach consensus,org_view=127,org_changeCycle=0,cur_changeCycle=0,to_view=128
info|2019-11-13 16:58:51.287382|[P2P][Service] heartBeat,connected count=4
info|2019-11-13 16:58:52.195446|[g:1][CONSENSUS][SEALER]++++++++++++++++ Generating seal on,blkNum=5,tx=0,nodeIdx=0,hash=1a2625c6...
info|2019-11-13 16:58:52.204350|[g:1][CONSENSUS][PBFT]checkTimeout Succ,view=128,toView=129,nodeIdx=0,changeCycle=0,myNode=1306daf6...,timecost=0.282
info|2019-11-13 16:58:52.205611|[g:1][CONSENSUS][PBFT]checkAndChangeView: Reach consensus,org_view=128,org_changeCycle=0,cur_changeCycle=0,to_view=129
info|2019-11-13 16:58:53.205808|[g:1][CONSENSUS]addRawPrepare,height=5,reqIdx=1,hash=2ef39a61...
info|2019-11-13 16:58:53.206288|[g:1][CONSENSUS][PBFT]checkTimeout Succ,view=129,toView=130,nodeIdx=0,changeCycle=0,myNode=1306daf6...,timecost=0.424
info|2019-11-13 16:58:53.210351|[g:1][CONSENSUS][PBFT]checkAndChangeView: Reach consensus,org_view=129,org_changeCycle=0,cur_changeCycle=0,to_view=130
info|2019-11-13 16:58:54.211787|[g:1][CONSENSUS]addRawPrepare,height=5,reqIdx=2,hash=a27f6ee8...
info|2019-11-13 16:58:54.212060|[g:1][CONSENSUS][PBFT]checkTimeout Succ,view=130,toView=131,nodeIdx=0,changeCycle=0,myNode=1306daf6...,timecost=0.236
info|2019-11-13 16:58:54.215887|[g:1][CONSENSUS][PBFT]checkAndChangeView: Reach consensus,org_view=130,org_changeCycle=0,cur_changeCycle=0,to_view=131
info|2019-11-13 16:58:55.221169|[g:1][CONSENSUS]addRawPrepare,height=5,reqIdx=3,hash=d074825b...
info|2019-11-13 16:58:55.221461|[g:1][CONSENSUS][PBFT]checkTimeout Succ,view=131,toView=132,nodeIdx=0,changeCycle=0,myNode=1306daf6...,timecost=0.259
info|2019-11-13 16:58:55.223979|[g:1][CONSENSUS][PBFT]checkAndChangeView: Reach consensus,org_view=131,org_changeCycle=0,cur_changeCycle=0,to_view=132
info|2019-11-13 16:58:56.224314|[g:1][CONSENSUS][SEALER]++++++++++++++++ Generating seal on,blkNum=5,tx=0,nodeIdx=0,hash=6413e095...
info|2019-11-13 16:58:56.232469|[g:1][CONSENSUS][PBFT]checkTimeout Succ,view=132,toView=133,nodeIdx=0,changeCycle=0,myNode=1306daf6...,timecost=0.266
info|2019-11-13 16:58:56.233842|[g:1][CONSENSUS][PBFT]checkAndChangeView: Reach consensus,org_view=132,org_changeCycle=0,cur_changeCycle=0,to_view=133
info|2019-11-13 16:58:57.234720|[g:1][CONSENSUS]addRawPrepare,height=5,reqIdx=1,hash=20167978...
info|2019-11-13 16:58:57.235264|[g:1][CONSENSUS][PBFT]checkTimeout Succ,view=133,toView=134,nodeIdx=0,changeCycle=0,myNode=1306daf6...,timecost=0.553
info|2019-11-13 16:58:57.236788|[g:1][CONSENSUS][PBFT]checkAndChangeView: Reach consensus,org_view=133,org_changeCycle=0,cur_changeCycle=0,to_view=134
info|2019-11-13 16:58:58.241055|[g:1][CONSENSUS]addRawPrepare,height=5,reqIdx=2,hash=87d692bd...
info|2019-11-13 16:58:58.241303|[g:1][CONSENSUS][PBFT]checkTimeout Succ,view=134,toView=135,nodeIdx=0,changeCycle=0,myNode=1306daf6...,timecost=0.22
info|2019-11-13 16:58:58.245090|[g:1][CONSENSUS][PBFT]checkAndChangeView: Reach consensus,org_view=134,org_changeCycle=0,cur_changeCycle=0,to_view=135
info|2019-11-13 16:58:59.249143|[g:1][CONSENSUS]addRawPrepare,height=5,reqIdx=3,hash=4db08a92...
info|2019-11-13 16:58:59.249382|[g:1][CONSENSUS][PBFT]checkTimeout Succ,view=135,toView=136,nodeIdx=0,changeCycle=0,myNode=1306daf6...,timecost=0.213
info|2019-11-13 16:58:59.251687|[g:1][CONSENSUS][PBFT]checkAndChangeView: Reach consensus,org_view=135,org_changeCycle=0,cur_changeCycle=0,to_view=136
info|2019-11-13 16:59:00.254645|[g:1][CONSENSUS][SEALER]++++++++++++++++ Generating seal on,blkNum=5,tx=0,nodeIdx=0,hash=1a686c76...
info|2019-11-13 16:59:00.273690|[g:1][CONSENSUS][PBFT]checkTimeout Succ,view=136,toView=137,nodeIdx=0,changeCycle=0,myNode=1306daf6...,timecost=0.722
info|2019-11-13 16:59:00.277362|[g:1][CONSENSUS][PBFT]checkAndChangeView: Reach consensus,org_view=136,org_changeCycle=0,cur_changeCycle=0,to_view=137
info|2019-11-13 16:59:01.284878|[g:1][CONSENSUS]addRawPrepare,height=5,reqIdx=1,hash=c0ea0e38...
info|2019-11-13 16:59:01.285148|[g:1][CONSENSUS][PBFT]checkTimeout Succ,view=137,toView=138,nodeIdx=0,changeCycle=0,myNode=1306daf6...,timecost=0.235
info|2019-11-13 16:59:01.287940|[g:1][CONSENSUS][PBFT]checkAndChangeView: Reach consensus,org_view=137,org_changeCycle=0,cur_changeCycle=0,to_view=138
info|2019-11-13 16:59:01.288031|[P2P][Service] heartBeat,connected count=4
info|2019-11-13 16:59:02.289610|[g:1][CONSENSUS]addRawPrepare,height=5,reqIdx=2,hash=844e6371...
info|2019-11-13 16:59:02.289969|[g:1][CONSENSUS][PBFT]checkTimeout Succ,view=138,toView=139,nodeIdx=0,changeCycle=0,myNode=1306daf6...,timecost=0.33
info|2019-11-13 16:59:02.292525|[g:1][CONSENSUS][PBFT]checkAndChangeView: Reach consensus,org_view=138,org_changeCycle=0,cur_changeCycle=0,to_view=139
info|2019-11-13 16:59:03.298532|[g:1][CONSENSUS]addRawPrepare,height=5,reqIdx=3,hash=77a925f6...
info|2019-11-13 16:59:03.298768|[g:1][CONSENSUS][PBFT]checkTimeout Succ,view=139,toView=140,nodeIdx=0,changeCycle=0,myNode=1306daf6...,timecost=0.211
info|2019-11-13 16:59:03.302221|[g:1][CONSENSUS][PBFT]checkAndChangeView: Reach consensus,org_view=139,org_changeCycle=0,cur_changeCycle=0,to_view=140
info|2019-11-13 16:59:04.303278|[g:1][CONSENSUS][SEALER]++++++++++++++++ Generating seal on,blkNum=5,tx=0,nodeIdx=0,hash=559b57d0...
info|2019-11-13 16:59:04.311492|[g:1][CONSENSUS][PBFT]checkTimeout Succ,view=140,toView=141,nodeIdx=0,changeCycle=0,myNode=1306daf6...,timecost=0.265
info|2019-11-13 16:59:04.313120|[g:1][CONSENSUS][PBFT]checkAndChangeView: Reach consensus,org_view=140,org_changeCycle=0,cur_changeCycle=0,to_view=141
info|2019-11-13 16:59:05.314920|[g:1][CONSENSUS]addRawPrepare,height=5,reqIdx=1,hash=69861765...
info|2019-11-13 16:59:05.316129|[g:1][CONSENSUS][PBFT]checkTimeout Succ,view=141,toView=142,nodeIdx=0,changeCycle=0,myNode=1306daf6...,timecost=1.099
info|2019-11-13 16:59:05.320536|[g:1][CONSENSUS][PBFT]checkAndChangeView: Reach consensus,org_view=141,org_changeCycle=0,cur_changeCycle=0,to_view=142
info|2019-11-13 16:59:06.326325|[g:1][CONSENSUS]addRawPrepare,height=5,reqIdx=2,hash=3b77b72f...
info|2019-11-13 16:59:06.326554|[g:1][CONSENSUS][PBFT]checkTimeout Succ,view=142,toView=143,nodeIdx=0,changeCycle=0,myNode=1306daf6...,timecost=0.203
info|2019-11-13 16:59:06.329576|[g:1][CONSENSUS][PBFT]checkAndChangeView: Reach consensus,org_view=142,org_changeCycle=0,cur_changeCycle=0,to_view=143
info|2019-11-13 16:59:07.335169|[g:1][CONSENSUS]addRawPrepare,height=5,reqIdx=3,hash=0d306a9a...
info|2019-11-13 16:59:07.335453|[g:1][CONSENSUS][PBFT]checkTimeout Succ,view=143,toView=144,nodeIdx=0,changeCycle=0,myNode=1306daf6...,timecost=0.255
info|2019-11-13 16:59:07.338661|[g:1][CONSENSUS][PBFT]checkAndChangeView: Reach consensus,org_view=143,org_changeCycle=0,cur_changeCycle=0,to_view=144
info|2019-11-13 16:59:08.338183|[g:1][CONSENSUS][SEALER]++++++++++++++++ Generating seal on,blkNum=5,tx=0,nodeIdx=0,hash=da50f7fc...
info|2019-11-13 16:59:08.349715|[g:1][CONSENSUS][PBFT]checkTimeout Succ,view=144,toView=145,nodeIdx=0,changeCycle=0,myNode=1306daf6...,timecost=0.385
info|2019-11-13 16:59:08.351158|[g:1][CONSENSUS][PBFT]checkAndChangeView: Reach consensus,org_view=144,org_changeCycle=0,cur_changeCycle=0,to_view=145
info|2019-11-13 16:59:09.352511|[g:1][CONSENSUS]addRawPrepare,height=5,reqIdx=1,hash=0e0c5b1b...
info|2019-11-13 16:59:09.355043|[g:1][CONSENSUS][PBFT]checkTimeout Succ,view=145,toView=146,nodeIdx=0,changeCycle=0,myNode=1306daf6...,timecost=2.476
info|2019-11-13 16:59:09.360479|[g:1][CONSENSUS][PBFT]checkAndChangeView: Reach consensus,org_view=145,org_changeCycle=0,cur_changeCycle=0,to_view=146
info|2019-11-13 16:59:10.365460|[g:1][CONSENSUS]addRawPrepare,height=5,reqIdx=2,hash=94197c15...
info|2019-11-13 16:59:10.365758|[g:1][CONSENSUS][PBFT]checkTimeout Succ,view=146,toView=147,nodeIdx=0,changeCycle=0,myNode=1306daf6...,timecost=0.227
info|2019-11-13 16:59:10.369461|[g:1][CONSENSUS][PBFT]checkAndChangeView: Reach consensus,org_view=146,org_changeCycle=0,cur_changeCycle=0,to_view=147
info|2019-11-13 16:59:11.288607|[P2P][Service] heartBeat,connected count=4
info|2019-11-13 16:59:11.373039|[g:1][CONSENSUS]addRawPrepare,height=5,reqIdx=3,hash=e59111fd...
info|2019-11-13 16:59:11.373377|[g:1][CONSENSUS][PBFT]checkTimeout Succ,view=147,toView=148,nodeIdx=0,changeCycle=0,myNode=1306daf6...,timecost=0.313
info|2019-11-13 16:59:11.376659|[g:1][CONSENSUS][PBFT]checkAndChangeView: Reach consensus,org_view=147,org_changeCycle=0,cur_changeCycle=0,to_view=148
info|2019-11-13 16:59:12.377580|[g:1][CONSENSUS][SEALER]++++++++++++++++ Generating seal on,blkNum=5,tx=0,nodeIdx=0,hash=84c7ba20...
info|2019-11-13 16:59:12.389206|[g:1][CONSENSUS][PBFT]checkTimeout Succ,view=148,toView=149,nodeIdx=0,changeCycle=0,myNode=1306daf6...,timecost=0.284
info|2019-11-13 16:59:12.391304|[g:1][CONSENSUS][PBFT]checkAndChangeView: Reach consensus,org_view=148,org_changeCycle=0,cur_changeCycle=0,to_view=149
info|2019-11-13 16:59:13.391551|[g:1][CONSENSUS]addRawPrepare,height=5,reqIdx=1,hash=7e75f9d4...
info|2019-11-13 16:59:13.391800|[g:1][CONSENSUS][PBFT]checkTimeout Succ,view=149,toView=150,nodeIdx=0,changeCycle=0,myNode=1306daf6...,timecost=0.222
info|2019-11-13 16:59:13.393243|[g:1][CONSENSUS][PBFT]checkAndChangeView: Reach consensus,org_view=149,org_changeCycle=0,cur_changeCycle=0,to_view=150
info|2019-11-13 16:59:14.397429|[g:1][CONSENSUS]addRawPrepare,height=5,reqIdx=2,hash=1904255a...
info|2019-11-13 16:59:14.397717|[g:1][CONSENSUS][PBFT]checkTimeout Succ,view=150,toView=151,nodeIdx=0,changeCycle=0,myNode=1306daf6...,timecost=0.255
info|2019-11-13 16:59:14.399987|[g:1][CONSENSUS][PBFT]checkAndChangeView: Reach consensus,org_view=150,org_changeCycle=0,cur_changeCycle=0,to_view=151
info|2019-11-13 16:59:15.406721|[g:1][CONSENSUS]addRawPrepare,height=5,reqIdx=3,hash=6fc744c8...
info|2019-11-13 16:59:15.406968|[g:1][CONSENSUS][PBFT]checkTimeout Succ,view=151,toView=152,nodeIdx=0,changeCycle=0,myNode=1306daf6...,timecost=0.218
info|2019-11-13 16:59:15.409683|[g:1][CONSENSUS][PBFT]checkAndChangeView: Reach consensus,org_view=151,org_changeCycle=0,cur_changeCycle=0,to_view=152
info|2019-11-13 16:59:16.409781|[g:1][CONSENSUS][SEALER]++++++++++++++++ Generating seal on,blkNum=5,tx=0,nodeIdx=0,hash=f1ea471c...
info|2019-11-13 16:59:16.420319|[g:1][CONSENSUS][PBFT]checkTimeout Succ,view=152,toView=153,nodeIdx=0,changeCycle=0,myNode=1306daf6...,timecost=0.265
info|2019-11-13 16:59:16.421618|[g:1][CONSENSUS][PBFT]checkAndChangeView: Reach consensus,org_view=152,org_changeCycle=0,cur_changeCycle=0,to_view=153
info|2019-11-13 16:59:17.421514|[g:1][CONSENSUS]addRawPrepare,height=5,reqIdx=1,hash=d42454c5...
info|2019-11-13 16:59:17.421759|[g:1][CONSENSUS][PBFT]checkTimeout Succ,view=153,toView=154,nodeIdx=0,changeCycle=0,myNode=1306daf6...,timecost=0.217
info|2019-11-13 16:59:17.423963|[g:1][CONSENSUS][PBFT]checkAndChangeView: Reach consensus,org_view=153,org_changeCycle=0,cur_changeCycle=0,to_view=154
info|2019-11-13 16:59:18.430982|[g:1][CONSENSUS]addRawPrepare,height=5,reqIdx=2,hash=8fe541b4...
info|2019-11-13 16:59:18.431278|[g:1][CONSENSUS][PBFT]checkTimeout Succ,view=154,toView=155,nodeIdx=0,changeCycle=0,myNode=1306daf6...,timecost=0.237
info|2019-11-13 16:59:18.435307|[g:1][CONSENSUS][PBFT]checkAndChangeView: Reach consensus,org_view=154,org_changeCycle=0,cur_changeCycle=0,to_view=155
info|2019-11-13 16:59:19.443549|[g:1][CONSENSUS]addRawPrepare,height=5,reqIdx=3,hash=b28ea13e...
info|2019-11-13 16:59:19.443917|[g:1][CONSENSUS][PBFT]checkTimeout Succ,view=155,toView=156,nodeIdx=0,changeCycle=0,myNode=1306daf6...,timecost=0.326
info|2019-11-13 16:59:19.453050|[g:1][CONSENSUS][PBFT]checkAndChangeView: Reach consensus,org_view=155,org_changeCycle=0,cur_changeCycle=0,to_view=156
info|2019-11-13 16:59:20.455097|[g:1][CONSENSUS][SEALER]++++++++++++++++ Generating seal on,blkNum=5,tx=0,nodeIdx=0,hash=1fe9b58f...
info|2019-11-13 16:59:20.480179|[g:1][CONSENSUS][PBFT]checkTimeout Succ,view=156,toView=157,nodeIdx=0,changeCycle=0,myNode=1306daf6...,timecost=0.516
info|2019-11-13 16:59:20.486332|[g:1][CONSENSUS][PBFT]checkAndChangeView: Reach consensus,org_view=156,org_changeCycle=0,cur_changeCycle=0,to_view=157
info|2019-11-13 16:59:21.288715|[P2P][Service] heartBeat,connected count=4
info|2019-11-13 16:59:21.477079|[g:1][CONSENSUS]addRawPrepare,height=5,reqIdx=1,hash=a761e83c...
info|2019-11-13 16:59:21.477377|[g:1][CONSENSUS][PBFT]checkTimeout Succ,view=157,toView=158,nodeIdx=0,changeCycle=0,myNode=1306daf6...,timecost=0.249
info|2019-11-13 16:59:21.485364|[g:1][CONSENSUS][PBFT]checkAndChangeView: Reach consensus,org_view=157,org_changeCycle=0,cur_changeCycle=0,to_view=158
info|2019-11-13 16:59:22.486993|[g:1][CONSENSUS]addRawPrepare,height=5,reqIdx=2,hash=ce4447e2...
info|2019-11-13 16:59:22.487236|[g:1][CONSENSUS][PBFT]checkTimeout Succ,view=158,toView=159,nodeIdx=0,changeCycle=0,myNode=1306daf6...,timecost=0.214
info|2019-11-13 16:59:22.493736|[g:1][CONSENSUS][PBFT]checkAndChangeView: Reach consensus,org_view=158,org_changeCycle=0,cur_changeCycle=0,to_view=159
info|2019-11-13 16:59:23.505703|[g:1][CONSENSUS][PBFT]Trigger fast-viewchange,view=159,toView=159,minView=160,INFO=,reqNum=4,curNum=4,GenIdx=2,Cview=160,view=159,fromIdx=1,fromNode=6a73c813...,fromIp=127.0.0.1:30302,hash=8cece3cf...,nodeIdx=0,myNode=1306daf6...
info|2019-11-13 16:59:23.505928|[g:1][CONSENSUS][PBFT]checkAndChangeView: Reach consensus,org_view=159,org_changeCycle=0,cur_changeCycle=0,to_view=160
info|2019-11-13 16:59:23.505968|[g:1][CONSENSUS][PBFT]checkTimeout Succ,view=160,toView=160,nodeIdx=0,changeCycle=0,myNode=1306daf6...,timecost=0.257
info|2019-11-13 16:59:24.505908|[g:1][CONSENSUS][SEALER]++++++++++++++++ Generating seal on,blkNum=5,tx=0,nodeIdx=0,hash=74f1067f...
info|2019-11-13 16:59:24.521636|[g:1][CONSENSUS][PBFT]checkTimeout Succ,view=160,toView=161,nodeIdx=0,changeCycle=0,myNode=1306daf6...,timecost=0.297
info|2019-11-13 16:59:24.523027|[g:1][CONSENSUS][PBFT]checkAndChangeView: Reach consensus,org_view=160,org_changeCycle=0,cur_changeCycle=0,to_view=161
info|2019-11-13 16:59:25.521120|[g:1][CONSENSUS]addRawPrepare,height=5,reqIdx=1,hash=02d68a98...
info|2019-11-13 16:59:25.521406|[g:1][CONSENSUS][PBFT]checkTimeout Succ,view=161,toView=162,nodeIdx=0,changeCycle=0,myNode=1306daf6...,timecost=0.259
info|2019-11-13 16:59:25.524567|[g:1][CONSENSUS][PBFT]checkAndChangeView: Reach consensus,org_view=161,org_changeCycle=0,cur_changeCycle=0,to_view=162
info|2019-11-13 16:59:26.529257|[g:1][CONSENSUS]addRawPrepare,height=5,reqIdx=2,hash=6e078a4e...
info|2019-11-13 16:59:26.529649|[g:1][CONSENSUS][PBFT]checkTimeout Succ,view=162,toView=163,nodeIdx=0,changeCycle=0,myNode=1306daf6...,timecost=0.352
info|2019-11-13 16:59:26.537579|[g:1][CONSENSUS][PBFT]checkAndChangeView: Reach consensus,org_view=162,org_changeCycle=0,cur_changeCycle=0,to_view=163
info|2019-11-13 16:59:27.541849|[g:1][CONSENSUS]addRawPrepare,height=5,reqIdx=3,hash=52fdf766...
info|2019-11-13 16:59:27.542121|[g:1][CONSENSUS][PBFT]checkTimeout Succ,view=163,toView=164,nodeIdx=0,changeCycle=0,myNode=1306daf6...,timecost=0.236
info|2019-11-13 16:59:27.547623|[g:1][CONSENSUS][PBFT]checkAndChangeView: Reach consensus,org_view=163,org_changeCycle=0,cur_changeCycle=0,to_view=164
info|2019-11-13 16:59:28.552270|[g:1][CONSENSUS][SEALER]++++++++++++++++ Generating seal on,blkNum=5,tx=0,nodeIdx=0,hash=94ad77c4...
info|2019-11-13 16:59:28.572459|[g:1][CONSENSUS][PBFT]checkTimeout Succ,view=164,toView=165,nodeIdx=0,changeCycle=0,myNode=1306daf6...,timecost=0.247
info|2019-11-13 16:59:28.573634|[g:1][CONSENSUS][PBFT]checkAndChangeView: Reach consensus,org_view=164,org_changeCycle=0,cur_changeCycle=0,to_view=165
info|2019-11-13 16:59:29.564657|[g:1][CONSENSUS]addRawPrepare,height=5,reqIdx=1,hash=ed48a21a...
info|2019-11-13 16:59:29.565077|[g:1][CONSENSUS][PBFT]checkTimeout Succ,view=165,toView=166,nodeIdx=0,changeCycle=0,myNode=1306daf6...,timecost=0.325
info|2019-11-13 16:59:29.572692|[g:1][CONSENSUS][PBFT]checkAndChangeView: Reach consensus,org_view=165,org_changeCycle=0,cur_changeCycle=0,to_view=166
info|2019-11-13 16:59:30.579111|[g:1][CONSENSUS]addRawPrepare,height=5,reqIdx=2,hash=d4b06519...
info|2019-11-13 16:59:30.579353|[g:1][CONSENSUS][PBFT]checkTimeout Succ,view=166,toView=167,nodeIdx=0,changeCycle=0,myNode=1306daf6...,timecost=0.214
info|2019-11-13 16:59:30.589038|[g:1][CONSENSUS][PBFT]checkAndChangeView: Reach consensus,org_view=166,org_changeCycle=0,cur_changeCycle=0,to_view=167
info|2019-11-13 16:59:31.289386|[P2P][Service] heartBeat,connected count=4
info|2019-11-13 16:59:31.596413|[g:1][CONSENSUS]addRawPrepare,height=5,reqIdx=3,hash=e79c0c37...
info|2019-11-13 16:59:31.596654|[g:1][CONSENSUS][PBFT]checkTimeout Succ,view=167,toView=168,nodeIdx=0,changeCycle=0,myNode=1306daf6...,timecost=0.213
info|2019-11-13 16:59:31.602197|[g:1][CONSENSUS][PBFT]checkAndChangeView: Reach consensus,org_view=167,org_changeCycle=0,cur_changeCycle=0,to_view=168
info|2019-11-13 16:59:32.604372|[g:1][CONSENSUS][SEALER]++++++++++++++++ Generating seal on,blkNum=5,tx=0,nodeIdx=0,hash=94bb7f30...
info|2019-11-13 16:59:32.626250|[g:1][CONSENSUS][PBFT]checkTimeout Succ,view=168,toView=169,nodeIdx=0,changeCycle=0,myNode=1306daf6...,timecost=0.313
info|2019-11-13 16:59:32.631538|[g:1][CONSENSUS][PBFT]checkAndChangeView: Reach consensus,org_view=168,org_changeCycle=0,cur_changeCycle=0,to_view=169
info|2019-11-13 16:59:33.620678|[g:1][CONSENSUS]addRawPrepare,height=5,reqIdx=1,hash=809f07cc...
info|2019-11-13 16:59:33.621013|[g:1][CONSENSUS][PBFT]checkTimeout Succ,view=169,toView=170,nodeIdx=0,changeCycle=0,myNode=1306daf6...,timecost=0.296
info|2019-11-13 16:59:33.639356|[g:1][CONSENSUS][PBFT]checkAndChangeView: Reach consensus,org_view=169,org_changeCycle=0,cur_changeCycle=0,to_view=170
info|2019-11-13 16:59:34.664354|[g:1][CONSENSUS]addRawPrepare,height=5,reqIdx=2,hash=10284339...
info|2019-11-13 16:59:34.664647|[g:1][CONSENSUS][PBFT]checkTimeout Succ,view=170,toView=171,nodeIdx=0,changeCycle=0,myNode=1306daf6...,timecost=0.241
info|2019-11-13 16:59:34.666767|[g:1][CONSENSUS][PBFT]checkAndChangeView: Reach consensus,org_view=170,org_changeCycle=0,cur_changeCycle=0,to_view=171
info|2019-11-13 16:59:35.782032|[g:1][CONSENSUS]addRawPrepare,height=5,reqIdx=3,hash=4acc4b03...
info|2019-11-13 16:59:35.782396|[g:1][CONSENSUS][PBFT]checkTimeout Succ,view=171,toView=172,nodeIdx=0,changeCycle=0,myNode=1306daf6...,timecost=0.337
info|2019-11-13 16:59:35.807203|[g:1][CONSENSUS][PBFT]checkAndChangeView: Reach consensus,org_view=171,org_changeCycle=0,cur_changeCycle=0,to_view=172
info|2019-11-13 16:59:36.924547|[g:1][CONSENSUS][SEALER]++++++++++++++++ Generating seal on,blkNum=5,tx=0,nodeIdx=0,hash=ce3687e2...
info|2019-11-13 16:59:37.385185|[g:1][CONSENSUS][PBFT]checkTimeout Succ,view=172,toView=173,nodeIdx=0,changeCycle=0,myNode=1306daf6...,timecost=0.224
info|2019-11-13 16:59:37.396074|[g:1][CONSENSUS][PBFT]checkAndChangeView: Reach consensus,org_view=172,org_changeCycle=0,cur_changeCycle=0,to_view=173
info|2019-11-13 16:59:38.527774|[g:1][CONSENSUS]addRawPrepare,height=5,reqIdx=1,hash=1add3c2b...
info|2019-11-13 16:59:38.531334|[g:1][CONSENSUS][PBFT]checkTimeout Succ,view=173,toView=174,nodeIdx=0,changeCycle=0,myNode=1306daf6...,timecost=3.5
info|2019-11-13 16:59:38.539260|[g:1][CONSENSUS][PBFT]checkAndChangeView: Reach consensus,org_view=173,org_changeCycle=0,cur_changeCycle=0,to_view=174
info|2019-11-13 16:59:40.093172|[g:1][CONSENSUS]addRawPrepare,height=5,reqIdx=2,hash=cd3555bf...
info|2019-11-13 16:59:40.143258|[g:1][CONSENSUS][PBFT]checkTimeout Succ,view=174,toView=175,nodeIdx=0,changeCycle=0,myNode=1306daf6...,timecost=3.806
info|2019-11-13 16:59:40.159195|[g:1][CONSENSUS][PBFT]checkAndChangeView: Reach consensus,org_view=174,org_changeCycle=0,cur_changeCycle=0,to_view=175
info|2019-11-13 16:59:41.253022|[g:1][CONSENSUS]addRawPrepare,height=5,reqIdx=3,hash=15feb2c2...
info|2019-11-13 16:59:41.283302|[g:1][CONSENSUS][PBFT]checkTimeout Succ,view=175,toView=176,nodeIdx=0,changeCycle=0,myNode=1306daf6...,timecost=10.537
info|2019-11-13 16:59:41.290942|[P2P][Service] heartBeat,connected count=4
info|2019-11-13 16:59:41.291290|[g:1][CONSENSUS][PBFT]checkAndChangeView: Reach consensus,org_view=175,org_changeCycle=0,cur_changeCycle=0,to_view=176
info|2019-11-13 16:59:42.404512|[g:1][CONSENSUS][SEALER]++++++++++++++++ Generating seal on,blkNum=5,tx=0,nodeIdx=0,hash=c219e774...
info|2019-11-13 16:59:42.509177|[g:1][CONSENSUS][PBFT]checkTimeout Succ,view=176,toView=177,nodeIdx=0,changeCycle=0,myNode=1306daf6...,timecost=0.298
info|2019-11-13 16:59:42.525480|[g:1][CONSENSUS][PBFT]checkAndChangeView: Reach consensus,org_view=176,org_changeCycle=0,cur_changeCycle=0,to_view=177
info|2019-11-13 16:59:43.580023|[g:1][CONSENSUS]addRawPrepare,height=5,reqIdx=1,hash=e8bc1483...
info|2019-11-13 16:59:43.580399|[g:1][CONSENSUS][PBFT]checkTimeout Succ,view=177,toView=178,nodeIdx=0,changeCycle=0,myNode=1306daf6...,timecost=0.299
info|2019-11-13 16:59:43.591766|[g:1][CONSENSUS][PBFT]checkAndChangeView: Reach consensus,org_view=177,org_changeCycle=0,cur_changeCycle=0,to_view=178
info|2019-11-13 16:59:45.072991|[g:1][CONSENSUS]addRawPrepare,height=5,reqIdx=2,hash=8536540e...
info|2019-11-13 16:59:45.078871|[g:1][CONSENSUS][PBFT]checkTimeout Succ,view=178,toView=179,nodeIdx=0,changeCycle=0,myNode=1306daf6...,timecost=5.628
info|2019-11-13 16:59:45.166723|[g:1][CONSENSUS][PBFT]checkAndChangeView: Reach consensus,org_view=178,org_changeCycle=0,cur_changeCycle=0,to_view=179
info|2019-11-13 16:59:46.476843|[g:1][CONSENSUS]addRawPrepare,height=5,reqIdx=3,hash=e31b265f...
info|2019-11-13 16:59:46.485404|[g:1][CONSENSUS][PBFT]checkTimeout Succ,view=179,toView=180,nodeIdx=0,changeCycle=0,myNode=1306daf6...,timecost=8.508
info|2019-11-13 16:59:46.524452|[g:1][CONSENSUS][PBFT]checkAndChangeView: Reach consensus,org_view=179,org_changeCycle=0,cur_changeCycle=0,to_view=180
info|2019-11-13 16:59:47.712930|[g:1][CONSENSUS][SEALER]++++++++++++++++ Generating seal on,blkNum=5,tx=0,nodeIdx=0,hash=f85a0de7...
info|2019-11-13 16:59:47.741664|[g:1][CONSENSUS][PBFT]checkTimeout Succ,view=180,toView=181,nodeIdx=0,changeCycle=0,myNode=1306daf6...,timecost=0.798
info|2019-11-13 16:59:47.803187|[g:1][CONSENSUS][PBFT]checkAndChangeView: Reach consensus,org_view=180,org_changeCycle=0,cur_changeCycle=0,to_view=181
info|2019-11-13 16:59:49.041444|[g:1][CONSENSUS]addRawPrepare,height=5,reqIdx=1,hash=4ca28e76...
info|2019-11-13 16:59:49.042300|[g:1][CONSENSUS][PBFT]checkTimeout Succ,view=181,toView=182,nodeIdx=0,changeCycle=0,myNode=1306daf6...,timecost=0.245
info|2019-11-13 16:59:49.052943|[g:1][CONSENSUS][PBFT]checkAndChangeView: Reach consensus,org_view=181,org_changeCycle=0,cur_changeCycle=0,to_view=182
info|2019-11-13 16:59:50.325579|[g:1][CONSENSUS]addRawPrepare,height=5,reqIdx=2,hash=7f7d856a...
info|2019-11-13 16:59:50.325943|[g:1][CONSENSUS][PBFT]checkTimeout Succ,view=182,toView=183,nodeIdx=0,changeCycle=0,myNode=1306daf6...,timecost=0.276
info|2019-11-13 16:59:50.433037|[g:1][CONSENSUS][PBFT]checkAndChangeView: Reach consensus,org_view=182,org_changeCycle=0,cur_changeCycle=0,to_view=183
info|2019-11-13 16:59:51.292064|[P2P][Service] heartBeat,connected count=4
info|2019-11-13 16:59:51.475708|[g:1][CONSENSUS]addRawPrepare,height=5,reqIdx=3,hash=e9eb343a...
info|2019-11-13 16:59:51.476812|[g:1][CONSENSUS][PBFT]checkTimeout Succ,view=183,toView=184,nodeIdx=0,changeCycle=0,myNode=1306daf6...,timecost=1.036
info|2019-11-13 16:59:52.098910|[g:1][CONSENSUS][PBFT]checkAndChangeView: Reach consensus,org_view=183,org_changeCycle=0,cur_changeCycle=0,to_view=184
info|2019-11-13 16:59:53.163685|[g:1][CONSENSUS][SEALER]++++++++++++++++ Generating seal on,blkNum=5,tx=0,nodeIdx=0,hash=06e9ab8a...
info|2019-11-13 16:59:53.195322|[g:1][CONSENSUS][PBFT]checkTimeout Succ,view=184,toView=185,nodeIdx=0,changeCycle=0,myNode=1306daf6...,timecost=0.379
info|2019-11-13 16:59:53.251070|[g:1][CONSENSUS][PBFT]checkAndChangeView: Reach consensus,org_view=184,org_changeCycle=0,cur_changeCycle=0,to_view=185
info|2019-11-13 16:59:54.367479|[g:1][CONSENSUS]addRawPrepare,height=5,reqIdx=1,hash=39ee6c65...
info|2019-11-13 16:59:54.369614|[g:1][CONSENSUS][PBFT]checkTimeout Succ,view=185,toView=186,nodeIdx=0,changeCycle=0,myNode=1306daf6...,timecost=2.017
info|2019-11-13 16:59:54.378959|[g:1][CONSENSUS][PBFT]checkAndChangeView: Reach consensus,org_view=185,org_changeCycle=0,cur_changeCycle=0,to_view=186
info|2019-11-13 16:59:55.478260|[g:1][CONSENSUS]addRawPrepare,height=5,reqIdx=2,hash=909dd850...
info|2019-11-13 16:59:55.478581|[g:1][CONSENSUS][PBFT]checkTimeout Succ,view=186,toView=187,nodeIdx=0,changeCycle=0,myNode=1306daf6...,timecost=0.243
info|2019-11-13 16:59:55.490333|[g:1][CONSENSUS][PBFT]checkAndChangeView: Reach consensus,org_view=186,org_changeCycle=0,cur_changeCycle=0,to_view=187
info|2019-11-13 16:59:56.532142|[g:1][CONSENSUS]addRawPrepare,height=5,reqIdx=3,hash=70d0bf22...
info|2019-11-13 16:59:56.537179|[g:1][CONSENSUS][PBFT]checkTimeout Succ,view=187,toView=188,nodeIdx=0,changeCycle=0,myNode=1306daf6...,timecost=4.443
info|2019-11-13 16:59:56.537731|[g:1][CONSENSUS][PBFT]checkAndChangeView: Reach consensus,org_view=187,org_changeCycle=0,cur_changeCycle=0,to_view=188
info|2019-11-13 16:59:57.553981|[g:1][CONSENSUS][SEALER]++++++++++++++++ Generating seal on,blkNum=5,tx=0,nodeIdx=0,hash=9d3393c2...
info|2019-11-13 16:59:57.591799|[g:1][CONSENSUS][PBFT]checkTimeout Succ,view=188,toView=189,nodeIdx=0,changeCycle=0,myNode=1306daf6...,timecost=0.442
info|2019-11-13 16:59:57.629819|[g:1][CONSENSUS][PBFT]checkAndChangeView: Reach consensus,org_view=188,org_changeCycle=0,cur_changeCycle=0,to_view=189
info|2019-11-13 16:59:58.711254|[g:1][CONSENSUS]addRawPrepare,height=5,reqIdx=1,hash=7407c0a6...
info|2019-11-13 16:59:58.711692|[g:1][CONSENSUS][PBFT]checkTimeout Succ,view=189,toView=190,nodeIdx=0,changeCycle=0,myNode=1306daf6...,timecost=0.363
info|2019-11-13 16:59:58.735703|[g:1][CONSENSUS][PBFT]checkAndChangeView: Reach consensus,org_view=189,org_changeCycle=0,cur_changeCycle=0,to_view=190
info|2019-11-13 16:59:59.808006|[g:1][CONSENSUS]addRawPrepare,height=5,reqIdx=2,hash=4a8d18b4...
info|2019-11-13 16:59:59.811777|[g:1][CONSENSUS][PBFT]checkTimeout Succ,view=190,toView=191,nodeIdx=0,changeCycle=0,myNode=1306daf6...,timecost=1.637
info|2019-11-13 16:59:59.817469|[g:1][CONSENSUS][PBFT]checkAndChangeView: Reach consensus,org_view=190,org_changeCycle=0,cur_changeCycle=0,to_view=191
