info|2019-12-12 18:00:00.454369|[g:1][CONSENSUS][SEALER]++++++++++++++++ Generating seal on,blkNum=69,tx=0,nodeIdx=3,hash=81cd31b9...
info|2019-12-12 18:00:00.470879|[g:1][CONSENSUS][PBFT]checkTimeout Succ,view=5611,toView=5612,nodeIdx=3,changeCycle=0,myNode=82d7b9b6...,timecost=0.482
info|2019-12-12 18:00:00.474944|[g:1][CONSENSUS][PBFT]checkAndChangeView: Reach consensus,org_view=5611,org_changeCycle=0,cur_changeCycle=0,to_view=5612
info|2019-12-12 18:00:01.475636|[g:1][CONSENSUS]addRawPrepare,height=69,reqIdx=0,hash=b07817e5...
info|2019-12-12 18:00:01.476019|[g:1][CONSENSUS][PBFT]checkTimeout Succ,view=5612,toView=5613,nodeIdx=3,changeCycle=0,myNode=82d7b9b6...,timecost=0.313
info|2019-12-12 18:00:01.479911|[g:1][CONSENSUS][PBFT]checkAndChangeView: Reach consensus,org_view=5612,org_changeCycle=0,cur_changeCycle=0,to_view=5613
info|2019-12-12 18:00:02.488371|[g:1][CONSENSUS]addRawPrepare,height=69,reqIdx=1,hash=3ce481a1...
info|2019-12-12 18:00:02.488685|[g:1][CONSENSUS][PBFT]checkTimeout Succ,view=5613,toView=5614,nodeIdx=3,changeCycle=0,myNode=82d7b9b6...,timecost=0.277
info|2019-12-12 18:00:02.491330|[g:1][CONSENSUS][PBFT]checkAndChangeView: Reach consensus,org_view=5613,org_changeCycle=0,cur_changeCycle=0,to_view=5614
info|2019-12-12 18:00:02.578932|[P2P][Service] heartBeat,connected count=4
info|2019-12-12 18:00:03.494111|[g:1][CONSENSUS]addRawPrepare,height=69,reqIdx=2,hash=9e7d4630...
info|2019-12-12 18:00:03.494613|[g:1][CONSENSUS][PBFT]checkTimeout Succ,view=5614,toView=5615,nodeIdx=3,changeCycle=0,myNode=82d7b9b6...,timecost=0.377
info|2019-12-12 18:00:03.501205|[g:1][CONSENSUS][PBFT]checkAndChangeView: Reach consensus,org_view=5614,org_changeCycle=0,cur_changeCycle=0,to_view=5615
info|2019-12-12 18:00:04.502526|[g:1][CONSENSUS][SEALER]++++++++++++++++ Generating seal on,blkNum=69,tx=0,nodeIdx=3,hash=bcf8b354...
info|2019-12-12 18:00:04.514528|[g:1][CONSENSUS][PBFT]checkTimeout Succ,view=5615,toView=5616,nodeIdx=3,changeCycle=0,myNode=82d7b9b6...,timecost=0.336
info|2019-12-12 18:00:04.516166|[g:1][CONSENSUS][PBFT]checkAndChangeView: Reach consensus,org_view=5615,org_changeCycle=0,cur_changeCycle=0,to_view=5616
info|2019-12-12 18:00:05.514867|[g:1][CONSENSUS]addRawPrepare,height=69,reqIdx=0,hash=759da1aa...
info|2019-12-12 18:00:05.515246|[g:1][CONSENSUS][PBFT]checkTimeout Succ,view=5616,toView=5617,nodeIdx=3,changeCycle=0,myNode=82d7b9b6...,timecost=0.342
info|2019-12-12 18:00:05.519426|[g:1][CONSENSUS][PBFT]checkAndChangeView: Reach consensus,org_view=5616,org_changeCycle=0,cur_changeCycle=0,to_view=5617
info|2019-12-12 18:00:06.532998|[g:1][CONSENSUS]addRawPrepare,height=69,reqIdx=1,hash=fb64505d...
info|2019-12-12 18:00:06.537627|[g:1][CONSENSUS][PBFT]checkTimeout Succ,view=5617,toView=5618,nodeIdx=3,changeCycle=0,myNode=82d7b9b6...,timecost=2.366
info|2019-12-12 18:00:06.551104|[g:1][CONSENSUS][PBFT]checkAndChangeView: Reach consensus,org_view=5617,org_changeCycle=0,cur_changeCycle=0,to_view=5618
info|2019-12-12 18:00:07.549849|[g:1][CONSENSUS]addRawPrepare,height=69,reqIdx=2,hash=5d350bd1...
info|2019-12-12 18:00:07.550156|[g:1][CONSENSUS][PBFT]checkTimeout Succ,view=5618,toView=5619,nodeIdx=3,changeCycle=0,myNode=82d7b9b6...,timecost=0.22
info|2019-12-12 18:00:07.556393|[g:1][CONSENSUS][PBFT]checkAndChangeView: Reach consensus,org_view=5618,org_changeCycle=0,cur_changeCycle=0,to_view=5619
info|2019-12-12 18:00:08.557895|[g:1][CONSENSUS][SEALER]++++++++++++++++ Generating seal on,blkNum=69,tx=0,nodeIdx=3,hash=22a68cab...
info|2019-12-12 18:00:08.570721|[g:1][CONSENSUS][PBFT]checkTimeout Succ,view=5619,toView=5620,nodeIdx=3,changeCycle=0,myNode=82d7b9b6...,timecost=0.382
info|2019-12-12 18:00:08.572620|[g:1][CONSENSUS][PBFT]checkAndChangeView: Reach consensus,org_view=5619,org_changeCycle=0,cur_changeCycle=0,to_view=5620
info|2019-12-12 18:00:09.572592|[g:1][CONSENSUS]addRawPrepare,height=69,reqIdx=0,hash=fed969f1...
info|2019-12-12 18:00:09.573138|[g:1][CONSENSUS][PBFT]checkTimeout Succ,view=5620,toView=5621,nodeIdx=3,changeCycle=0,myNode=82d7b9b6...,timecost=0.507
info|2019-12-12 18:00:09.579892|[g:1][CONSENSUS][PBFT]checkAndChangeView: Reach consensus,org_view=5620,org_changeCycle=0,cur_changeCycle=0,to_view=5621
info|2019-12-12 18:00:10.584700|[g:1][CONSENSUS]addRawPrepare,height=69,reqIdx=1,hash=873654a9...
info|2019-12-12 18:00:10.585096|[g:1][CONSENSUS][PBFT]checkTimeout Succ,view=5621,toView=5622,nodeIdx=3,changeCycle=0,myNode=82d7b9b6...,timecost=0.356
info|2019-12-12 18:00:10.589710|[g:1][CONSENSUS][PBFT]checkAndChangeView: Reach consensus,org_view=5621,org_changeCycle=0,cur_changeCycle=0,to_view=5622
info|2019-12-12 18:00:11.595051|[g:1][CONSENSUS]addRawPrepare,height=69,reqIdx=2,hash=9403283a...
info|2019-12-12 18:00:11.595647|[g:1][CONSENSUS][PBFT]checkTimeout Succ,view=5622,toView=5623,nodeIdx=3,changeCycle=0,myNode=82d7b9b6...,timecost=0.483
info|2019-12-12 18:00:11.604478|[g:1][CONSENSUS][PBFT]checkAndChangeView: Reach consensus,org_view=5622,org_changeCycle=0,cur_changeCycle=0,to_view=5623
info|2019-12-12 18:00:12.579079|[P2P][Service] heartBeat,connected count=4
info|2019-12-12 18:00:12.606346|[g:1][CONSENSUS][SEALER]++++++++++++++++ Generating seal on,blkNum=69,tx=0,nodeIdx=3,hash=c3d28e01...
info|2019-12-12 18:00:12.621684|[g:1][CONSENSUS][PBFT]checkTimeout Succ,view=5623,toView=5624,nodeIdx=3,changeCycle=0,myNode=82d7b9b6...,timecost=0.496
info|2019-12-12 18:00:12.624411|[g:1][CONSENSUS][PBFT]checkAndChangeView: Reach consensus,org_view=5623,org_changeCycle=0,cur_changeCycle=0,to_view=5624
info|2019-12-12 18:00:13.622675|[g:1][CONSENSUS]addRawPrepare,height=69,reqIdx=0,hash=def259c1...
info|2019-12-12 18:00:13.627502|[g:1][CONSENSUS][PBFT]checkTimeout Succ,view=5624,toView=5625,nodeIdx=3,changeCycle=0,myNode=82d7b9b6...,timecost=4.791
info|2019-12-12 18:00:13.630427|[g:1][CONSENSUS][PBFT]checkAndChangeView: Reach consensus,org_view=5624,org_changeCycle=0,cur_changeCycle=0,to_view=5625
info|2019-12-12 18:00:14.635111|[g:1][CONSENSUS]addRawPrepare,height=69,reqIdx=1,hash=15f4c85e...
info|2019-12-12 18:00:14.635676|[g:1][CONSENSUS][PBFT]checkTimeout Succ,view=5625,toView=5626,nodeIdx=3,changeCycle=0,myNode=82d7b9b6...,timecost=0.517
info|2019-12-12 18:00:14.641734|[g:1][CONSENSUS][PBFT]checkAndChangeView: Reach consensus,org_view=5625,org_changeCycle=0,cur_changeCycle=0,to_view=5626
info|2019-12-12 18:00:15.643469|[g:1][CONSENSUS]addRawPrepare,height=69,reqIdx=2,hash=0d8c648b...
info|2019-12-12 18:00:15.643923|[g:1][CONSENSUS][PBFT]checkTimeout Succ,view=5626,toView=5627,nodeIdx=3,changeCycle=0,myNode=82d7b9b6...,timecost=0.346
info|2019-12-12 18:00:15.650636|[g:1][CONSENSUS][PBFT]checkAndChangeView: Reach consensus,org_view=5626,org_changeCycle=0,cur_changeCycle=0,to_view=5627
info|2019-12-12 18:00:16.651567|[g:1][CONSENSUS][SEALER]++++++++++++++++ Generating seal on,blkNum=69,tx=0,nodeIdx=3,hash=5f0c2cc1...
info|2019-12-12 18:00:16.664638|[g:1][CONSENSUS][PBFT]checkTimeout Succ,view=5627,toView=5628,nodeIdx=3,changeCycle=0,myNode=82d7b9b6...,timecost=0.366
info|2019-12-12 18:00:16.666108|[g:1][CONSENSUS][PBFT]checkAndChangeView: Reach consensus,org_view=5627,org_changeCycle=0,cur_changeCycle=0,to_view=5628
info|2019-12-12 18:00:17.669053|[g:1][CONSENSUS]addRawPrepare,height=69,reqIdx=0,hash=3a4fe5a0...
info|2019-12-12 18:00:17.675209|[g:1][CONSENSUS][PBFT]checkTimeout Succ,view=5628,toView=5629,nodeIdx=3,changeCycle=0,myNode=82d7b9b6...,timecost=6.068
info|2019-12-12 18:00:17.693767|[g:1][CONSENSUS][PBFT]checkAndChangeView: Reach consensus,org_view=5628,org_changeCycle=0,cur_changeCycle=0,to_view=5629
info|2019-12-12 18:00:18.700108|[g:1][CONSENSUS]addRawPrepare,height=69,reqIdx=1,hash=14957660...
info|2019-12-12 18:00:18.700500|[g:1][CONSENSUS][PBFT]checkTimeout Succ,view=5629,toView=5630,nodeIdx=3,changeCycle=0,myNode=82d7b9b6...,timecost=0.33
info|2019-12-12 18:00:18.705752|[g:1][CONSENSUS][PBFT]checkAndChangeView: Reach consensus,org_view=5629,org_changeCycle=0,cur_changeCycle=0,to_view=5630
info|2019-12-12 18:00:19.707449|[g:1][CONSENSUS]addRawPrepare,height=69,reqIdx=2,hash=8b6268d7...
info|2019-12-12 18:00:19.708038|[g:1][CONSENSUS][PBFT]checkTimeout Succ,view=5630,toView=5631,nodeIdx=3,changeCycle=0,myNode=82d7b9b6...,timecost=0.443
info|2019-12-12 18:00:19.716184|[g:1][CONSENSUS][PBFT]checkAndChangeView: Reach consensus,org_view=5630,org_changeCycle=0,cur_changeCycle=0,to_view=5631
info|2019-12-12 18:00:20.718309|[g:1][CONSENSUS][SEALER]++++++++++++++++ Generating seal on,blkNum=69,tx=0,nodeIdx=3,hash=68c98b56...
info|2019-12-12 18:00:20.728981|[g:1][CONSENSUS][PBFT]checkTimeout Succ,view=5631,toView=5632,nodeIdx=3,changeCycle=0,myNode=82d7b9b6...,timecost=0.313
info|2019-12-12 18:00:20.730713|[g:1][CONSENSUS][PBFT]checkAndChangeView: Reach consensus,org_view=5631,org_changeCycle=0,cur_changeCycle=0,to_view=5632
info|2019-12-12 18:00:21.729079|[g:1][CONSENSUS]addRawPrepare,height=69,reqIdx=0,hash=2fe35810...
info|2019-12-12 18:00:21.729508|[g:1][CONSENSUS][PBFT]checkTimeout Succ,view=5632,toView=5633,nodeIdx=3,changeCycle=0,myNode=82d7b9b6...,timecost=0.325
info|2019-12-12 18:00:21.732249|[g:1][CONSENSUS][PBFT]checkAndChangeView: Reach consensus,org_view=5632,org_changeCycle=0,cur_changeCycle=0,to_view=5633
info|2019-12-12 18:00:22.579396|[P2P][Service] heartBeat,connected count=4
info|2019-12-12 18:00:22.740919|[g:1][CONSENSUS]addRawPrepare,height=69,reqIdx=1,hash=5a3d09a7...
info|2019-12-12 18:00:22.746703|[g:1][CONSENSUS][PBFT]checkTimeout Succ,view=5633,toView=5634,nodeIdx=3,changeCycle=0,myNode=82d7b9b6...,timecost=5.468
info|2019-12-12 18:00:22.747484|[g:1][CONSENSUS][PBFT]checkAndChangeView: Reach consensus,org_view=5633,org_changeCycle=0,cur_changeCycle=0,to_view=5634
info|2019-12-12 18:00:23.751801|[g:1][CONSENSUS]addRawPrepare,height=69,reqIdx=2,hash=5f0af70e...
info|2019-12-12 18:00:23.752158|[g:1][CONSENSUS][PBFT]checkTimeout Succ,view=5634,toView=5635,nodeIdx=3,changeCycle=0,myNode=82d7b9b6...,timecost=0.25
info|2019-12-12 18:00:23.757986|[g:1][CONSENSUS][PBFT]checkAndChangeView: Reach consensus,org_view=5634,org_changeCycle=0,cur_changeCycle=0,to_view=5635
info|2019-12-12 18:00:24.761494|[g:1][CONSENSUS][SEALER]++++++++++++++++ Generating seal on,blkNum=69,tx=0,nodeIdx=3,hash=896616ed...
info|2019-12-12 18:00:24.775162|[g:1][CONSENSUS][PBFT]checkTimeout Succ,view=5635,toView=5636,nodeIdx=3,changeCycle=0,myNode=82d7b9b6...,timecost=0.285
info|2019-12-12 18:00:24.777267|[g:1][CONSENSUS][PBFT]checkAndChangeView: Reach consensus,org_view=5635,org_changeCycle=0,cur_changeCycle=0,to_view=5636
info|2019-12-12 18:00:25.778502|[g:1][CONSENSUS]addRawPrepare,height=69,reqIdx=0,hash=2660847c...
info|2019-12-12 18:00:25.779084|[g:1][CONSENSUS][PBFT]checkTimeout Succ,view=5636,toView=5637,nodeIdx=3,changeCycle=0,myNode=82d7b9b6...,timecost=0.527
info|2019-12-12 18:00:25.783449|[g:1][CONSENSUS][PBFT]checkAndChangeView: Reach consensus,org_view=5636,org_changeCycle=0,cur_changeCycle=0,to_view=5637
info|2019-12-12 18:00:26.790003|[g:1][CONSENSUS]addRawPrepare,height=69,reqIdx=1,hash=18519f05...
info|2019-12-12 18:00:26.794982|[g:1][CONSENSUS][PBFT]checkTimeout Succ,view=5637,toView=5638,nodeIdx=3,changeCycle=0,myNode=82d7b9b6...,timecost=3.968
info|2019-12-12 18:00:26.798126|[g:1][CONSENSUS][PBFT]checkAndChangeView: Reach consensus,org_view=5637,org_changeCycle=0,cur_changeCycle=0,to_view=5638
info|2019-12-12 18:00:27.797066|[g:1][CONSENSUS]addRawPrepare,height=69,reqIdx=2,hash=dcfa07ba...
info|2019-12-12 18:00:27.797882|[g:1][CONSENSUS][PBFT]checkTimeout Succ,view=5638,toView=5639,nodeIdx=3,changeCycle=0,myNode=82d7b9b6...,timecost=0.465
info|2019-12-12 18:00:27.809114|[g:1][CONSENSUS][PBFT]checkAndChangeView: Reach consensus,org_view=5638,org_changeCycle=0,cur_changeCycle=0,to_view=5639
info|2019-12-12 18:00:28.811322|[g:1][CONSENSUS][SEALER]++++++++++++++++ Generating seal on,blkNum=69,tx=0,nodeIdx=3,hash=73ef9993...
info|2019-12-12 18:00:28.826788|[g:1][CONSENSUS][PBFT]checkTimeout Succ,view=5639,toView=5640,nodeIdx=3,changeCycle=0,myNode=82d7b9b6...,timecost=0.255
info|2019-12-12 18:00:28.829558|[g:1][CONSENSUS][PBFT]checkAndChangeView: Reach consensus,org_view=5639,org_changeCycle=0,cur_changeCycle=0,to_view=5640
info|2019-12-12 18:00:29.829715|[g:1][CONSENSUS]addRawPrepare,height=69,reqIdx=0,hash=78d74cbb...
info|2019-12-12 18:00:29.830137|[g:1][CONSENSUS][PBFT]checkTimeout Succ,view=5640,toView=5641,nodeIdx=3,changeCycle=0,myNode=82d7b9b6...,timecost=0.378
info|2019-12-12 18:00:29.832646|[g:1][CONSENSUS][PBFT]checkAndChangeView: Reach consensus,org_view=5640,org_changeCycle=0,cur_changeCycle=0,to_view=5641
info|2019-12-12 18:00:30.840212|[g:1][CONSENSUS]addRawPrepare,height=69,reqIdx=1,hash=5f4a2a67...
info|2019-12-12 18:00:30.840653|[g:1][CONSENSUS][PBFT]checkTimeout Succ,view=5641,toView=5642,nodeIdx=3,changeCycle=0,myNode=82d7b9b6...,timecost=0.39
info|2019-12-12 18:00:30.857661|[g:1][CONSENSUS][PBFT]checkAndChangeView: Reach consensus,org_view=5641,org_changeCycle=0,cur_changeCycle=0,to_view=5642
info|2019-12-12 18:00:31.866044|[g:1][CONSENSUS]addRawPrepare,height=69,reqIdx=2,hash=5b6335c8...
info|2019-12-12 18:00:31.878623|[g:1][CONSENSUS][PBFT]checkTimeout Succ,view=5642,toView=5643,nodeIdx=3,changeCycle=0,myNode=82d7b9b6...,timecost=5.305
info|2019-12-12 18:00:31.898315|[g:1][CONSENSUS][PBFT]checkAndChangeView: Reach consensus,org_view=5642,org_changeCycle=0,cur_changeCycle=0,to_view=5643
info|2019-12-12 18:00:32.580267|[P2P][Service] heartBeat,connected count=4
info|2019-12-12 18:00:32.913439|[g:1][CONSENSUS][SEALER]++++++++++++++++ Generating seal on,blkNum=69,tx=0,nodeIdx=3,hash=8e6430ee...
info|2019-12-12 18:00:32.924805|[g:1][CONSENSUS][PBFT]checkTimeout Succ,view=5643,toView=5644,nodeIdx=3,changeCycle=0,myNode=82d7b9b6...,timecost=0.284
info|2019-12-12 18:00:32.926275|[g:1][CONSENSUS][PBFT]checkAndChangeView: Reach consensus,org_view=5643,org_changeCycle=0,cur_changeCycle=0,to_view=5644
info|2019-12-12 18:00:33.930011|[g:1][CONSENSUS]addRawPrepare,height=69,reqIdx=0,hash=bc88abed...
info|2019-12-12 18:00:33.930449|[g:1][CONSENSUS][PBFT]checkTimeout Succ,view=5644,toView=5645,nodeIdx=3,changeCycle=0,myNode=82d7b9b6...,timecost=0.4
info|2019-12-12 18:00:33.932963|[g:1][CONSENSUS][PBFT]checkAndChangeView: Reach consensus,org_view=5644,org_changeCycle=0,cur_changeCycle=0,to_view=5645
info|2019-12-12 18:00:34.945035|[g:1][CONSENSUS]addRawPrepare,height=69,reqIdx=1,hash=71743cbc...
info|2019-12-12 18:00:34.954343|[g:1][CONSENSUS][PBFT]checkTimeout Succ,view=5645,toView=5646,nodeIdx=3,changeCycle=0,myNode=82d7b9b6...,timecost=5.623
info|2019-12-12 18:00:34.966376|[g:1][CONSENSUS][PBFT]checkAndChangeView: Reach consensus,org_view=5645,org_changeCycle=0,cur_changeCycle=0,to_view=5646
info|2019-12-12 18:00:35.958549|[g:1][CONSENSUS]addRawPrepare,height=69,reqIdx=2,hash=fb478269...
info|2019-12-12 18:00:35.967918|[g:1][CONSENSUS][PBFT]checkTimeout Succ,view=5646,toView=5647,nodeIdx=3,changeCycle=0,myNode=82d7b9b6...,timecost=9.072
info|2019-12-12 18:00:35.985306|[g:1][CONSENSUS][PBFT]checkAndChangeView: Reach consensus,org_view=5646,org_changeCycle=0,cur_changeCycle=0,to_view=5647
info|2019-12-12 18:00:36.985484|[g:1][CONSENSUS][SEALER]++++++++++++++++ Generating seal on,blkNum=69,tx=0,nodeIdx=3,hash=914ff136...
info|2019-12-12 18:00:37.009061|[g:1][CONSENSUS][PBFT]checkTimeout Succ,view=5647,toView=5648,nodeIdx=3,changeCycle=0,myNode=82d7b9b6...,timecost=0.96
info|2019-12-12 18:00:37.017053|[g:1][CONSENSUS][PBFT]checkAndChangeView: Reach consensus,org_view=5647,org_changeCycle=0,cur_changeCycle=0,to_view=5648
info|2019-12-12 18:00:38.044503|[g:1][CONSENSUS]addRawPrepare,height=69,reqIdx=0,hash=879d1bc5...
info|2019-12-12 18:00:38.050427|[g:1][CONSENSUS][PBFT]checkTimeout Succ,view=5648,toView=5649,nodeIdx=3,changeCycle=0,myNode=82d7b9b6...,timecost=5.749
info|2019-12-12 18:00:38.071737|[g:1][CONSENSUS][PBFT]checkAndChangeView: Reach consensus,org_view=5648,org_changeCycle=0,cur_changeCycle=0,to_view=5649
info|2019-12-12 18:00:39.085675|[g:1][CONSENSUS]addRawPrepare,height=69,reqIdx=1,hash=4c36b9f2...
info|2019-12-12 18:00:39.090256|[g:1][CONSENSUS][PBFT]checkTimeout Succ,view=5649,toView=5650,nodeIdx=3,changeCycle=0,myNode=82d7b9b6...,timecost=4.209
info|2019-12-12 18:00:39.115547|[g:1][CONSENSUS][PBFT]checkAndChangeView: Reach consensus,org_view=5649,org_changeCycle=0,cur_changeCycle=0,to_view=5650
info|2019-12-12 18:00:40.120928|[g:1][CONSENSUS]addRawPrepare,height=69,reqIdx=2,hash=90d31af6...
info|2019-12-12 18:00:40.121418|[g:1][CONSENSUS][PBFT]checkTimeout Succ,view=5650,toView=5651,nodeIdx=3,changeCycle=0,myNode=82d7b9b6...,timecost=0.359
info|2019-12-12 18:00:40.129542|[g:1][CONSENSUS][PBFT]checkAndChangeView: Reach consensus,org_view=5650,org_changeCycle=0,cur_changeCycle=0,to_view=5651
info|2019-12-12 18:00:41.130328|[g:1][CONSENSUS][SEALER]++++++++++++++++ Generating seal on,blkNum=69,tx=0,nodeIdx=3,hash=b7850866...
info|2019-12-12 18:00:41.146362|[g:1][CONSENSUS][PBFT]checkTimeout Succ,view=5651,toView=5652,nodeIdx=3,changeCycle=0,myNode=82d7b9b6...,timecost=0.455
info|2019-12-12 18:00:41.150850|[g:1][CONSENSUS][PBFT]checkAndChangeView: Reach consensus,org_view=5651,org_changeCycle=0,cur_changeCycle=0,to_view=5652
info|2019-12-12 18:00:42.146867|[g:1][CONSENSUS]addRawPrepare,height=69,reqIdx=0,hash=ce27e977...
info|2019-12-12 18:00:42.149049|[g:1][CONSENSUS][PBFT]checkTimeout Succ,view=5652,toView=5653,nodeIdx=3,changeCycle=0,myNode=82d7b9b6...,timecost=2.143
info|2019-12-12 18:00:42.152308|[g:1][CONSENSUS][PBFT]checkAndChangeView: Reach consensus,org_view=5652,org_changeCycle=0,cur_changeCycle=0,to_view=5653
info|2019-12-12 18:00:42.580430|[P2P][Service] heartBeat,connected count=4
info|2019-12-12 18:00:43.158765|[g:1][CONSENSUS]addRawPrepare,height=69,reqIdx=1,hash=76495455...
info|2019-12-12 18:00:43.160194|[g:1][CONSENSUS][PBFT]checkTimeout Succ,view=5653,toView=5654,nodeIdx=3,changeCycle=0,myNode=82d7b9b6...,timecost=1.378
info|2019-12-12 18:00:43.165191|[g:1][CONSENSUS][PBFT]checkAndChangeView: Reach consensus,org_view=5653,org_changeCycle=0,cur_changeCycle=0,to_view=5654
info|2019-12-12 18:00:44.167805|[g:1][CONSENSUS]addRawPrepare,height=69,reqIdx=2,hash=8244e0a1...
info|2019-12-12 18:00:44.168258|[g:1][CONSENSUS][PBFT]checkTimeout Succ,view=5654,toView=5655,nodeIdx=3,changeCycle=0,myNode=82d7b9b6...,timecost=0.329
info|2019-12-12 18:00:44.176535|[g:1][CONSENSUS][PBFT]checkAndChangeView: Reach consensus,org_view=5654,org_changeCycle=0,cur_changeCycle=0,to_view=5655
info|2019-12-12 18:00:45.177638|[g:1][CONSENSUS][SEALER]++++++++++++++++ Generating seal on,blkNum=69,tx=0,nodeIdx=3,hash=5c1f2c58...
info|2019-12-12 18:00:45.187545|[g:1][CONSENSUS][PBFT]checkTimeout Succ,view=5655,toView=5656,nodeIdx=3,changeCycle=0,myNode=82d7b9b6...,timecost=0.316
info|2019-12-12 18:00:45.189013|[g:1][CONSENSUS][PBFT]checkAndChangeView: Reach consensus,org_view=5655,org_changeCycle=0,cur_changeCycle=0,to_view=5656
info|2019-12-12 18:00:46.188549|[g:1][CONSENSUS]addRawPrepare,height=69,reqIdx=0,hash=d80368ab...
info|2019-12-12 18:00:46.188843|[g:1][CONSENSUS][PBFT]checkTimeout Succ,view=5656,toView=5657,nodeIdx=3,changeCycle=0,myNode=82d7b9b6...,timecost=0.262
info|2019-12-12 18:00:46.191499|[g:1][CONSENSUS][PBFT]checkAndChangeView: Reach consensus,org_view=5656,org_changeCycle=0,cur_changeCycle=0,to_view=5657
info|2019-12-12 18:00:47.196894|[g:1][CONSENSUS]addRawPrepare,height=69,reqIdx=1,hash=d0a10bee...
info|2019-12-12 18:00:47.197192|[g:1][CONSENSUS][PBFT]checkTimeout Succ,view=5657,toView=5658,nodeIdx=3,changeCycle=0,myNode=82d7b9b6...,timecost=0.264
info|2019-12-12 18:00:47.199747|[g:1][CONSENSUS][PBFT]checkAndChangeView: Reach consensus,org_view=5657,org_changeCycle=0,cur_changeCycle=0,to_view=5658
info|2019-12-12 18:00:48.201229|[g:1][CONSENSUS]addRawPrepare,height=69,reqIdx=2,hash=c5dd03a7...
info|2019-12-12 18:00:48.201614|[g:1][CONSENSUS][PBFT]checkTimeout Succ,view=5658,toView=5659,nodeIdx=3,changeCycle=0,myNode=82d7b9b6...,timecost=0.305
info|2019-12-12 18:00:48.204952|[g:1][CONSENSUS][PBFT]checkAndChangeView: Reach consensus,org_view=5658,org_changeCycle=0,cur_changeCycle=0,to_view=5659
info|2019-12-12 18:00:49.249784|[g:1][CONSENSUS][SEALER]++++++++++++++++ Generating seal on,blkNum=69,tx=0,nodeIdx=3,hash=fe424d87...
info|2019-12-12 18:00:49.271734|[g:1][CONSENSUS][PBFT]checkTimeout Succ,view=5659,toView=5660,nodeIdx=3,changeCycle=0,myNode=82d7b9b6...,timecost=0.435
info|2019-12-12 18:00:49.287458|[g:1][CONSENSUS][PBFT]checkAndChangeView: Reach consensus,org_view=5659,org_changeCycle=0,cur_changeCycle=0,to_view=5660
warning|2019-12-12 18:57:18.303319|[g:1][CONSENSUS][PBFT]ViewChangeWarning: not caused by omit empty block ,v=5660,toV=5661,curNum=68,hash=3aedf695...,nodeIdx=3,myNode=82d7b9b6...
info|2019-12-12 18:57:18.310548|[g:1][CONSENSUS][PBFT]checkTimeout Succ,view=5660,toView=5661,nodeIdx=3,changeCycle=1,myNode=82d7b9b6...,timecost=7.548
info|2019-12-12 18:57:18.318581|[g:1][CONSENSUS][PBFT]checkAndChangeView: Reach consensus,org_view=5660,org_changeCycle=1,cur_changeCycle=1,to_view=5661
info|2019-12-12 18:57:19.333242|[g:1][CONSENSUS]addRawPrepare,height=69,reqIdx=1,hash=6557a303...
info|2019-12-12 18:57:19.338255|[g:1][CONSENSUS][PBFT]checkTimeout Succ,view=5661,toView=5662,nodeIdx=3,changeCycle=0,myNode=82d7b9b6...,timecost=2.62
info|2019-12-12 18:57:19.395962|[g:1][CONSENSUS][PBFT]checkAndChangeView: Reach consensus,org_view=5661,org_changeCycle=0,cur_changeCycle=0,to_view=5662
info|2019-12-12 18:57:20.387002|[g:1][CONSENSUS]addRawPrepare,height=69,reqIdx=2,hash=44a3ee8f...
info|2019-12-12 18:57:20.397861|[g:1][CONSENSUS][PBFT]checkTimeout Succ,view=5662,toView=5663,nodeIdx=3,changeCycle=0,myNode=82d7b9b6...,timecost=2.785
info|2019-12-12 18:57:20.399138|[g:1][CONSENSUS][PBFT]checkAndChangeView: Reach consensus,org_view=5662,org_changeCycle=0,cur_changeCycle=0,to_view=5663
info|2019-12-12 18:57:21.389196|[P2P][Service] heartBeat,connected count=4
info|2019-12-12 18:57:21.419163|[g:1][CONSENSUS][SEALER]++++++++++++++++ Generating seal on,blkNum=69,tx=0,nodeIdx=3,hash=c239bdb9...
info|2019-12-12 18:57:21.431842|[g:1][CONSENSUS][PBFT]checkTimeout Succ,view=5663,toView=5664,nodeIdx=3,changeCycle=0,myNode=82d7b9b6...,timecost=0.395
info|2019-12-12 18:57:21.436599|[g:1][CONSENSUS][PBFT]checkAndChangeView: Reach consensus,org_view=5663,org_changeCycle=0,cur_changeCycle=0,to_view=5664
info|2019-12-12 18:57:22.433208|[g:1][CONSENSUS]addRawPrepare,height=69,reqIdx=0,hash=0835693d...
info|2019-12-12 18:57:22.433621|[g:1][CONSENSUS][PBFT]checkTimeout Succ,view=5664,toView=5665,nodeIdx=3,changeCycle=0,myNode=82d7b9b6...,timecost=0.366
info|2019-12-12 18:57:22.436453|[g:1][CONSENSUS][PBFT]checkAndChangeView: Reach consensus,org_view=5664,org_changeCycle=0,cur_changeCycle=0,to_view=5665
info|2019-12-12 18:57:23.441930|[g:1][CONSENSUS]addRawPrepare,height=69,reqIdx=1,hash=46615e40...
info|2019-12-12 18:57:23.442211|[g:1][CONSENSUS][PBFT]checkTimeout Succ,view=5665,toView=5666,nodeIdx=3,changeCycle=0,myNode=82d7b9b6...,timecost=0.257
info|2019-12-12 18:57:23.445543|[g:1][CONSENSUS][PBFT]checkAndChangeView: Reach consensus,org_view=5665,org_changeCycle=0,cur_changeCycle=0,to_view=5666
info|2019-12-12 18:57:24.446565|[g:1][CONSENSUS]addRawPrepare,height=69,reqIdx=2,hash=f956e4c2...
info|2019-12-12 18:57:24.446947|[g:1][CONSENSUS][PBFT]checkTimeout Succ,view=5666,toView=5667,nodeIdx=3,changeCycle=0,myNode=82d7b9b6...,timecost=0.251
info|2019-12-12 18:57:24.452044|[g:1][CONSENSUS][PBFT]checkAndChangeView: Reach consensus,org_view=5666,org_changeCycle=0,cur_changeCycle=0,to_view=5667
info|2019-12-12 18:57:25.453542|[g:1][CONSENSUS][SEALER]++++++++++++++++ Generating seal on,blkNum=69,tx=0,nodeIdx=3,hash=8553dc18...
info|2019-12-12 18:57:25.461418|[g:1][CONSENSUS][PBFT]checkTimeout Succ,view=5667,toView=5668,nodeIdx=3,changeCycle=0,myNode=82d7b9b6...,timecost=0.267
info|2019-12-12 18:57:25.462653|[g:1][CONSENSUS][PBFT]checkAndChangeView: Reach consensus,org_view=5667,org_changeCycle=0,cur_changeCycle=0,to_view=5668
info|2019-12-12 18:57:26.463527|[g:1][CONSENSUS]addRawPrepare,height=69,reqIdx=0,hash=6e290f06...
info|2019-12-12 18:57:26.463820|[g:1][CONSENSUS][PBFT]checkTimeout Succ,view=5668,toView=5669,nodeIdx=3,changeCycle=0,myNode=82d7b9b6...,timecost=0.262
info|2019-12-12 18:57:26.467561|[g:1][CONSENSUS][PBFT]checkAndChangeView: Reach consensus,org_view=5668,org_changeCycle=0,cur_changeCycle=0,to_view=5669
info|2019-12-12 18:57:27.472275|[g:1][CONSENSUS]addRawPrepare,height=69,reqIdx=1,hash=bdd03269...
info|2019-12-12 18:57:27.472547|[g:1][CONSENSUS][PBFT]checkTimeout Succ,view=5669,toView=5670,nodeIdx=3,changeCycle=0,myNode=82d7b9b6...,timecost=0.246
info|2019-12-12 18:57:27.474958|[g:1][CONSENSUS][PBFT]checkAndChangeView: Reach consensus,org_view=5669,org_changeCycle=0,cur_changeCycle=0,to_view=5670
info|2019-12-12 18:57:28.475004|[g:1][CONSENSUS]addRawPrepare,height=69,reqIdx=2,hash=90fe66ee...
info|2019-12-12 18:57:28.475410|[g:1][CONSENSUS][PBFT]checkTimeout Succ,view=5670,toView=5671,nodeIdx=3,changeCycle=0,myNode=82d7b9b6...,timecost=0.253
info|2019-12-12 18:57:28.480995|[g:1][CONSENSUS][PBFT]checkAndChangeView: Reach consensus,org_view=5670,org_changeCycle=0,cur_changeCycle=0,to_view=5671
info|2019-12-12 18:57:29.482269|[g:1][CONSENSUS][SEALER]++++++++++++++++ Generating seal on,blkNum=69,tx=0,nodeIdx=3,hash=cfe98eaa...
info|2019-12-12 18:57:29.493299|[g:1][CONSENSUS][PBFT]checkTimeout Succ,view=5671,toView=5672,nodeIdx=3,changeCycle=0,myNode=82d7b9b6...,timecost=0.313
info|2019-12-12 18:57:29.495459|[g:1][CONSENSUS][PBFT]checkAndChangeView: Reach consensus,org_view=5671,org_changeCycle=0,cur_changeCycle=0,to_view=5672
info|2019-12-12 18:57:30.493342|[g:1][CONSENSUS]addRawPrepare,height=69,reqIdx=0,hash=202b796e...
info|2019-12-12 18:57:30.493645|[g:1][CONSENSUS][PBFT]checkTimeout Succ,view=5672,toView=5673,nodeIdx=3,changeCycle=0,myNode=82d7b9b6...,timecost=0.267
info|2019-12-12 18:57:30.498318|[g:1][CONSENSUS][PBFT]checkAndChangeView: Reach consensus,org_view=5672,org_changeCycle=0,cur_changeCycle=0,to_view=5673
info|2019-12-12 18:57:31.389504|[P2P][Service] heartBeat,connected count=4
info|2019-12-12 18:57:31.504872|[g:1][CONSENSUS]addRawPrepare,height=69,reqIdx=1,hash=80c0ca3a...
info|2019-12-12 18:57:31.507318|[g:1][CONSENSUS][PBFT]checkTimeout Succ,view=5673,toView=5674,nodeIdx=3,changeCycle=0,myNode=82d7b9b6...,timecost=2.355
info|2019-12-12 18:57:31.509328|[g:1][CONSENSUS][PBFT]checkAndChangeView: Reach consensus,org_view=5673,org_changeCycle=0,cur_changeCycle=0,to_view=5674
info|2019-12-12 18:57:32.511180|[g:1][CONSENSUS]addRawPrepare,height=69,reqIdx=2,hash=41545054...
info|2019-12-12 18:57:32.511592|[g:1][CONSENSUS][PBFT]checkTimeout Succ,view=5674,toView=5675,nodeIdx=3,changeCycle=0,myNode=82d7b9b6...,timecost=0.251
info|2019-12-12 18:57:32.516405|[g:1][CONSENSUS][PBFT]checkAndChangeView: Reach consensus,org_view=5674,org_changeCycle=0,cur_changeCycle=0,to_view=5675
info|2019-12-12 18:57:33.517664|[g:1][CONSENSUS][SEALER]++++++++++++++++ Generating seal on,blkNum=69,tx=0,nodeIdx=3,hash=1d4a8bf2...
info|2019-12-12 18:57:33.528299|[g:1][CONSENSUS][PBFT]checkTimeout Succ,view=5675,toView=5676,nodeIdx=3,changeCycle=0,myNode=82d7b9b6...,timecost=0.388
info|2019-12-12 18:57:33.529937|[g:1][CONSENSUS][PBFT]checkAndChangeView: Reach consensus,org_view=5675,org_changeCycle=0,cur_changeCycle=0,to_view=5676
info|2019-12-12 18:57:34.531064|[g:1][CONSENSUS]addRawPrepare,height=69,reqIdx=0,hash=21bdd59c...
info|2019-12-12 18:57:34.534821|[g:1][CONSENSUS][PBFT]checkTimeout Succ,view=5676,toView=5677,nodeIdx=3,changeCycle=0,myNode=82d7b9b6...,timecost=3.672
info|2019-12-12 18:57:34.544373|[g:1][CONSENSUS][PBFT]checkAndChangeView: Reach consensus,org_view=5676,org_changeCycle=0,cur_changeCycle=0,to_view=5677
info|2019-12-12 18:57:35.542745|[g:1][CONSENSUS]addRawPrepare,height=69,reqIdx=1,hash=de932720...
info|2019-12-12 18:57:35.543038|[g:1][CONSENSUS][PBFT]checkTimeout Succ,view=5677,toView=5678,nodeIdx=3,changeCycle=0,myNode=82d7b9b6...,timecost=0.264
info|2019-12-12 18:57:35.545123|[g:1][CONSENSUS][PBFT]checkAndChangeView: Reach consensus,org_view=5677,org_changeCycle=0,cur_changeCycle=0,to_view=5678
info|2019-12-12 18:57:36.548061|[g:1][CONSENSUS]addRawPrepare,height=69,reqIdx=2,hash=aac71876...
info|2019-12-12 18:57:36.548405|[g:1][CONSENSUS][PBFT]checkTimeout Succ,view=5678,toView=5679,nodeIdx=3,changeCycle=0,myNode=82d7b9b6...,timecost=0.249
info|2019-12-12 18:57:36.553341|[g:1][CONSENSUS][PBFT]checkAndChangeView: Reach consensus,org_view=5678,org_changeCycle=0,cur_changeCycle=0,to_view=5679
info|2019-12-12 18:57:37.553526|[g:1][CONSENSUS][SEALER]++++++++++++++++ Generating seal on,blkNum=69,tx=0,nodeIdx=3,hash=444eb716...
info|2019-12-12 18:57:37.572940|[g:1][CONSENSUS][PBFT]checkTimeout Succ,view=5679,toView=5680,nodeIdx=3,changeCycle=0,myNode=82d7b9b6...,timecost=0.378
info|2019-12-12 18:57:37.576859|[g:1][CONSENSUS][PBFT]checkAndChangeView: Reach consensus,org_view=5679,org_changeCycle=0,cur_changeCycle=0,to_view=5680
info|2019-12-12 18:57:38.573289|[g:1][CONSENSUS]addRawPrepare,height=69,reqIdx=0,hash=bcd0b6da...
info|2019-12-12 18:57:38.573542|[g:1][CONSENSUS][PBFT]checkTimeout Succ,view=5680,toView=5681,nodeIdx=3,changeCycle=0,myNode=82d7b9b6...,timecost=0.226
info|2019-12-12 18:57:38.576840|[g:1][CONSENSUS][PBFT]checkAndChangeView: Reach consensus,org_view=5680,org_changeCycle=0,cur_changeCycle=0,to_view=5681
info|2019-12-12 18:57:39.581606|[g:1][CONSENSUS]addRawPrepare,height=69,reqIdx=1,hash=b4d4fd8c...
info|2019-12-12 18:57:39.582039|[g:1][CONSENSUS][PBFT]checkTimeout Succ,view=5681,toView=5682,nodeIdx=3,changeCycle=0,myNode=82d7b9b6...,timecost=0.386
info|2019-12-12 18:57:39.586676|[g:1][CONSENSUS][PBFT]checkAndChangeView: Reach consensus,org_view=5681,org_changeCycle=0,cur_changeCycle=0,to_view=5682
info|2019-12-12 18:57:40.587076|[g:1][CONSENSUS]addRawPrepare,height=69,reqIdx=2,hash=e1c56613...
info|2019-12-12 18:57:40.587477|[g:1][CONSENSUS][PBFT]checkTimeout Succ,view=5682,toView=5683,nodeIdx=3,changeCycle=0,myNode=82d7b9b6...,timecost=0.316
info|2019-12-12 18:57:40.593053|[g:1][CONSENSUS][PBFT]checkAndChangeView: Reach consensus,org_view=5682,org_changeCycle=0,cur_changeCycle=0,to_view=5683
info|2019-12-12 18:57:41.389627|[P2P][Service] heartBeat,connected count=4
info|2019-12-12 18:57:41.593446|[g:1][CONSENSUS][SEALER]++++++++++++++++ Generating seal on,blkNum=69,tx=0,nodeIdx=3,hash=33d301bc...
info|2019-12-12 18:57:41.601401|[g:1][CONSENSUS][PBFT]checkTimeout Succ,view=5683,toView=5684,nodeIdx=3,changeCycle=0,myNode=82d7b9b6...,timecost=0.314
info|2019-12-12 18:57:41.602506|[g:1][CONSENSUS][PBFT]checkAndChangeView: Reach consensus,org_view=5683,org_changeCycle=0,cur_changeCycle=0,to_view=5684
info|2019-12-12 18:57:42.604646|[g:1][CONSENSUS]addRawPrepare,height=69,reqIdx=0,hash=1a5ea8fa...
info|2019-12-12 18:57:42.604938|[g:1][CONSENSUS][PBFT]checkTimeout Succ,view=5684,toView=5685,nodeIdx=3,changeCycle=0,myNode=82d7b9b6...,timecost=0.262
info|2019-12-12 18:57:42.607560|[g:1][CONSENSUS][PBFT]checkAndChangeView: Reach consensus,org_view=5684,org_changeCycle=0,cur_changeCycle=0,to_view=5685
info|2019-12-12 18:57:43.611275|[g:1][CONSENSUS]addRawPrepare,height=69,reqIdx=1,hash=82ca7d10...
info|2019-12-12 18:57:43.614391|[g:1][CONSENSUS][PBFT]checkTimeout Succ,view=5685,toView=5686,nodeIdx=3,changeCycle=0,myNode=82d7b9b6...,timecost=3.082
info|2019-12-12 18:57:43.615919|[g:1][CONSENSUS][PBFT]checkAndChangeView: Reach consensus,org_view=5685,org_changeCycle=0,cur_changeCycle=0,to_view=5686
info|2019-12-12 18:57:44.617434|[g:1][CONSENSUS]addRawPrepare,height=69,reqIdx=2,hash=6df7a945...
info|2019-12-12 18:57:44.617846|[g:1][CONSENSUS][PBFT]checkTimeout Succ,view=5686,toView=5687,nodeIdx=3,changeCycle=0,myNode=82d7b9b6...,timecost=0.322
info|2019-12-12 18:57:44.624355|[g:1][CONSENSUS][PBFT]checkAndChangeView: Reach consensus,org_view=5686,org_changeCycle=0,cur_changeCycle=0,to_view=5687
info|2019-12-12 18:57:45.626318|[g:1][CONSENSUS][SEALER]++++++++++++++++ Generating seal on,blkNum=69,tx=0,nodeIdx=3,hash=a64abd15...
info|2019-12-12 18:57:45.636028|[g:1][CONSENSUS][PBFT]checkTimeout Succ,view=5687,toView=5688,nodeIdx=3,changeCycle=0,myNode=82d7b9b6...,timecost=0.271
info|2019-12-12 18:57:45.637197|[g:1][CONSENSUS][PBFT]checkAndChangeView: Reach consensus,org_view=5687,org_changeCycle=0,cur_changeCycle=0,to_view=5688
info|2019-12-12 18:57:46.639411|[g:1][CONSENSUS]addRawPrepare,height=69,reqIdx=0,hash=3c02b10e...
info|2019-12-12 18:57:46.640526|[g:1][CONSENSUS][PBFT]checkTimeout Succ,view=5688,toView=5689,nodeIdx=3,changeCycle=0,myNode=82d7b9b6...,timecost=1.063
info|2019-12-12 18:57:46.645460|[g:1][CONSENSUS][PBFT]checkAndChangeView: Reach consensus,org_view=5688,org_changeCycle=0,cur_changeCycle=0,to_view=5689
info|2019-12-12 18:57:47.648711|[g:1][CONSENSUS]addRawPrepare,height=69,reqIdx=1,hash=eb456b04...
info|2019-12-12 18:57:47.648997|[g:1][CONSENSUS][PBFT]checkTimeout Succ,view=5689,toView=5690,nodeIdx=3,changeCycle=0,myNode=82d7b9b6...,timecost=0.254
info|2019-12-12 18:57:47.652980|[g:1][CONSENSUS][PBFT]checkAndChangeView: Reach consensus,org_view=5689,org_changeCycle=0,cur_changeCycle=0,to_view=5690
info|2019-12-12 18:57:48.655254|[g:1][CONSENSUS]addRawPrepare,height=69,reqIdx=2,hash=f1ca0846...
info|2019-12-12 18:57:48.655599|[g:1][CONSENSUS][PBFT]checkTimeout Succ,view=5690,toView=5691,nodeIdx=3,changeCycle=0,myNode=82d7b9b6...,timecost=0.251
info|2019-12-12 18:57:48.660678|[g:1][CONSENSUS][PBFT]checkAndChangeView: Reach consensus,org_view=5690,org_changeCycle=0,cur_changeCycle=0,to_view=5691
info|2019-12-12 18:57:49.662361|[g:1][CONSENSUS][SEALER]++++++++++++++++ Generating seal on,blkNum=69,tx=0,nodeIdx=3,hash=304a77ba...
info|2019-12-12 18:57:49.670643|[g:1][CONSENSUS][PBFT]checkTimeout Succ,view=5691,toView=5692,nodeIdx=3,changeCycle=0,myNode=82d7b9b6...,timecost=0.27
info|2019-12-12 18:57:49.671754|[g:1][CONSENSUS][PBFT]checkAndChangeView: Reach consensus,org_view=5691,org_changeCycle=0,cur_changeCycle=0,to_view=5692
info|2019-12-12 18:57:50.674283|[g:1][CONSENSUS]addRawPrepare,height=69,reqIdx=0,hash=24ca89bb...
info|2019-12-12 18:57:50.674730|[g:1][CONSENSUS][PBFT]checkTimeout Succ,view=5692,toView=5693,nodeIdx=3,changeCycle=0,myNode=82d7b9b6...,timecost=0.382
info|2019-12-12 18:57:50.680212|[g:1][CONSENSUS][PBFT]checkAndChangeView: Reach consensus,org_view=5692,org_changeCycle=0,cur_changeCycle=0,to_view=5693
info|2019-12-12 18:57:51.390388|[P2P][Service] heartBeat,connected count=4
info|2019-12-12 18:57:51.689036|[g:1][CONSENSUS]addRawPrepare,height=69,reqIdx=1,hash=e3e0f8d6...
info|2019-12-12 18:57:51.692270|[g:1][CONSENSUS][PBFT]checkTimeout Succ,view=5693,toView=5694,nodeIdx=3,changeCycle=0,myNode=82d7b9b6...,timecost=3.667
info|2019-12-12 18:57:51.694607|[g:1][CONSENSUS][PBFT]checkAndChangeView: Reach consensus,org_view=5693,org_changeCycle=0,cur_changeCycle=0,to_view=5694
info|2019-12-12 18:57:52.699161|[g:1][CONSENSUS]addRawPrepare,height=69,reqIdx=2,hash=a0bb0f4a...
info|2019-12-12 18:57:52.699737|[g:1][CONSENSUS][PBFT]checkTimeout Succ,view=5694,toView=5695,nodeIdx=3,changeCycle=0,myNode=82d7b9b6...,timecost=0.383
info|2019-12-12 18:57:52.708613|[g:1][CONSENSUS][PBFT]checkAndChangeView: Reach consensus,org_view=5694,org_changeCycle=0,cur_changeCycle=0,to_view=5695
info|2019-12-12 18:57:53.709499|[g:1][CONSENSUS][SEALER]++++++++++++++++ Generating seal on,blkNum=69,tx=0,nodeIdx=3,hash=89d02afe...
info|2019-12-12 18:57:53.723999|[g:1][CONSENSUS][PBFT]checkTimeout Succ,view=5695,toView=5696,nodeIdx=3,changeCycle=0,myNode=82d7b9b6...,timecost=0.402
info|2019-12-12 18:57:53.726094|[g:1][CONSENSUS][PBFT]checkAndChangeView: Reach consensus,org_view=5695,org_changeCycle=0,cur_changeCycle=0,to_view=5696
info|2019-12-12 18:57:54.726004|[g:1][CONSENSUS]addRawPrepare,height=69,reqIdx=0,hash=8f576602...
info|2019-12-12 18:57:54.726385|[g:1][CONSENSUS][PBFT]checkTimeout Succ,view=5696,toView=5697,nodeIdx=3,changeCycle=0,myNode=82d7b9b6...,timecost=0.323
info|2019-12-12 18:57:54.729246|[g:1][CONSENSUS][PBFT]checkAndChangeView: Reach consensus,org_view=5696,org_changeCycle=0,cur_changeCycle=0,to_view=5697
info|2019-12-12 18:57:55.735854|[g:1][CONSENSUS]addRawPrepare,height=69,reqIdx=1,hash=59e2c9a2...
info|2019-12-12 18:57:55.736123|[g:1][CONSENSUS][PBFT]checkTimeout Succ,view=5697,toView=5698,nodeIdx=3,changeCycle=0,myNode=82d7b9b6...,timecost=0.24
info|2019-12-12 18:57:55.739103|[g:1][CONSENSUS][PBFT]checkAndChangeView: Reach consensus,org_view=5697,org_changeCycle=0,cur_changeCycle=0,to_view=5698
info|2019-12-12 18:57:56.740471|[g:1][CONSENSUS]addRawPrepare,height=69,reqIdx=2,hash=fe2d2fc0...
info|2019-12-12 18:57:56.740825|[g:1][CONSENSUS][PBFT]checkTimeout Succ,view=5698,toView=5699,nodeIdx=3,changeCycle=0,myNode=82d7b9b6...,timecost=0.227
info|2019-12-12 18:57:56.746907|[g:1][CONSENSUS][PBFT]checkAndChangeView: Reach consensus,org_view=5698,org_changeCycle=0,cur_changeCycle=0,to_view=5699
info|2019-12-12 18:57:57.749159|[g:1][CONSENSUS][SEALER]++++++++++++++++ Generating seal on,blkNum=69,tx=0,nodeIdx=3,hash=d609097a...
info|2019-12-12 18:57:57.766070|[g:1][CONSENSUS][PBFT]checkTimeout Succ,view=5699,toView=5700,nodeIdx=3,changeCycle=0,myNode=82d7b9b6...,timecost=0.442
info|2019-12-12 18:57:57.768324|[g:1][CONSENSUS][PBFT]checkAndChangeView: Reach consensus,org_view=5699,org_changeCycle=0,cur_changeCycle=0,to_view=5700
info|2019-12-12 18:57:58.783142|[g:1][CONSENSUS]addRawPrepare,height=69,reqIdx=0,hash=38799c44...
info|2019-12-12 18:57:58.784647|[g:1][CONSENSUS][PBFT]checkTimeout Succ,view=5700,toView=5701,nodeIdx=3,changeCycle=0,myNode=82d7b9b6...,timecost=1.4
info|2019-12-12 18:57:58.785361|[g:1][CONSENSUS][PBFT]checkAndChangeView: Reach consensus,org_view=5700,org_changeCycle=0,cur_changeCycle=0,to_view=5701
info|2019-12-12 18:57:59.790553|[g:1][CONSENSUS]addRawPrepare,height=69,reqIdx=1,hash=68c14a17...
info|2019-12-12 18:57:59.797650|[g:1][CONSENSUS][PBFT]checkTimeout Succ,view=5701,toView=5702,nodeIdx=3,changeCycle=0,myNode=82d7b9b6...,timecost=7.038
info|2019-12-12 18:57:59.799083|[g:1][CONSENSUS][PBFT]checkAndChangeView: Reach consensus,org_view=5701,org_changeCycle=0,cur_changeCycle=0,to_view=5702
info|2019-12-12 18:58:00.801679|[g:1][CONSENSUS]addRawPrepare,height=69,reqIdx=2,hash=eec14b5f...
info|2019-12-12 18:58:00.802221|[g:1][CONSENSUS][PBFT]checkTimeout Succ,view=5702,toView=5703,nodeIdx=3,changeCycle=0,myNode=82d7b9b6...,timecost=0.353
info|2019-12-12 18:58:00.811606|[g:1][CONSENSUS][PBFT]checkAndChangeView: Reach consensus,org_view=5702,org_changeCycle=0,cur_changeCycle=0,to_view=5703
info|2019-12-12 18:58:01.391335|[P2P][Service] heartBeat,connected count=4
info|2019-12-12 18:58:01.812243|[g:1][CONSENSUS][SEALER]++++++++++++++++ Generating seal on,blkNum=69,tx=0,nodeIdx=3,hash=e2de1c1c...
info|2019-12-12 18:58:01.827004|[g:1][CONSENSUS][PBFT]checkTimeout Succ,view=5703,toView=5704,nodeIdx=3,changeCycle=0,myNode=82d7b9b6...,timecost=0.379
info|2019-12-12 18:58:01.829101|[g:1][CONSENSUS][PBFT]checkAndChangeView: Reach consensus,org_view=5703,org_changeCycle=0,cur_changeCycle=0,to_view=5704
info|2019-12-12 18:58:02.826375|[g:1][CONSENSUS]addRawPrepare,height=69,reqIdx=0,hash=50194cd5...
info|2019-12-12 18:58:02.826785|[g:1][CONSENSUS][PBFT]checkTimeout Succ,view=5704,toView=5705,nodeIdx=3,changeCycle=0,myNode=82d7b9b6...,timecost=0.354
info|2019-12-12 18:58:02.832318|[g:1][CONSENSUS][PBFT]checkAndChangeView: Reach consensus,org_view=5704,org_changeCycle=0,cur_changeCycle=0,to_view=5705
info|2019-12-12 18:58:03.843282|[g:1][CONSENSUS]addRawPrepare,height=69,reqIdx=1,hash=989edc57...
info|2019-12-12 18:58:03.843866|[g:1][CONSENSUS][PBFT]checkTimeout Succ,view=5705,toView=5706,nodeIdx=3,changeCycle=0,myNode=82d7b9b6...,timecost=0.533
info|2019-12-12 18:58:03.848677|[g:1][CONSENSUS][PBFT]checkAndChangeView: Reach consensus,org_view=5705,org_changeCycle=0,cur_changeCycle=0,to_view=5706
info|2019-12-12 18:58:04.852456|[g:1][CONSENSUS]addRawPrepare,height=69,reqIdx=2,hash=ec0ebc52...
info|2019-12-12 18:58:04.853408|[g:1][CONSENSUS][PBFT]checkTimeout Succ,view=5706,toView=5707,nodeIdx=3,changeCycle=0,myNode=82d7b9b6...,timecost=0.748
info|2019-12-12 18:58:04.863441|[g:1][CONSENSUS][PBFT]checkAndChangeView: Reach consensus,org_view=5706,org_changeCycle=0,cur_changeCycle=0,to_view=5707
info|2019-12-12 18:58:05.866487|[g:1][CONSENSUS][SEALER]++++++++++++++++ Generating seal on,blkNum=69,tx=0,nodeIdx=3,hash=79d008fd...
info|2019-12-12 18:58:05.882017|[g:1][CONSENSUS][PBFT]checkTimeout Succ,view=5707,toView=5708,nodeIdx=3,changeCycle=0,myNode=82d7b9b6...,timecost=0.391
info|2019-12-12 18:58:05.883544|[g:1][CONSENSUS][PBFT]checkAndChangeView: Reach consensus,org_view=5707,org_changeCycle=0,cur_changeCycle=0,to_view=5708
info|2019-12-12 18:58:06.883183|[g:1][CONSENSUS]addRawPrepare,height=69,reqIdx=0,hash=475a94e2...
info|2019-12-12 18:58:06.884310|[g:1][CONSENSUS][PBFT]checkTimeout Succ,view=5708,toView=5709,nodeIdx=3,changeCycle=0,myNode=82d7b9b6...,timecost=1.059
info|2019-12-12 18:58:06.889179|[g:1][CONSENSUS][PBFT]checkAndChangeView: Reach consensus,org_view=5708,org_changeCycle=0,cur_changeCycle=0,to_view=5709
info|2019-12-12 18:58:07.897788|[g:1][CONSENSUS]addRawPrepare,height=69,reqIdx=1,hash=667a684c...
info|2019-12-12 18:58:07.907263|[g:1][CONSENSUS][PBFT]checkTimeout Succ,view=5709,toView=5710,nodeIdx=3,changeCycle=0,myNode=82d7b9b6...,timecost=8.884
info|2019-12-12 18:58:07.908491|[g:1][CONSENSUS][PBFT]checkAndChangeView: Reach consensus,org_view=5709,org_changeCycle=0,cur_changeCycle=0,to_view=5710
info|2019-12-12 18:58:08.911623|[g:1][CONSENSUS]addRawPrepare,height=69,reqIdx=2,hash=983faac6...
info|2019-12-12 18:58:08.911938|[g:1][CONSENSUS][PBFT]checkTimeout Succ,view=5710,toView=5711,nodeIdx=3,changeCycle=0,myNode=82d7b9b6...,timecost=0.234
info|2019-12-12 18:58:08.921226|[g:1][CONSENSUS][PBFT]checkAndChangeView: Reach consensus,org_view=5710,org_changeCycle=0,cur_changeCycle=0,to_view=5711
info|2019-12-12 18:58:09.921984|[g:1][CONSENSUS][SEALER]++++++++++++++++ Generating seal on,blkNum=69,tx=0,nodeIdx=3,hash=0fd2cccc...
info|2019-12-12 18:58:09.936279|[g:1][CONSENSUS][PBFT]checkTimeout Succ,view=5711,toView=5712,nodeIdx=3,changeCycle=0,myNode=82d7b9b6...,timecost=0.528
info|2019-12-12 18:58:09.938902|[g:1][CONSENSUS][PBFT]checkAndChangeView: Reach consensus,org_view=5711,org_changeCycle=0,cur_changeCycle=0,to_view=5712
info|2019-12-12 18:58:10.936595|[g:1][CONSENSUS]addRawPrepare,height=69,reqIdx=0,hash=35bdda8c...
info|2019-12-12 18:58:10.936880|[g:1][CONSENSUS][PBFT]checkTimeout Succ,view=5712,toView=5713,nodeIdx=3,changeCycle=0,myNode=82d7b9b6...,timecost=0.249
info|2019-12-12 18:58:10.943334|[g:1][CONSENSUS][PBFT]checkAndChangeView: Reach consensus,org_view=5712,org_changeCycle=0,cur_changeCycle=0,to_view=5713
info|2019-12-12 18:58:11.392041|[P2P][Service] heartBeat,connected count=4
info|2019-12-12 18:58:11.949971|[g:1][CONSENSUS]addRawPrepare,height=69,reqIdx=1,hash=cdaee004...
info|2019-12-12 18:58:11.950399|[g:1][CONSENSUS][PBFT]checkTimeout Succ,view=5713,toView=5714,nodeIdx=3,changeCycle=0,myNode=82d7b9b6...,timecost=0.366
info|2019-12-12 18:58:11.954391|[g:1][CONSENSUS][PBFT]checkAndChangeView: Reach consensus,org_view=5713,org_changeCycle=0,cur_changeCycle=0,to_view=5714
info|2019-12-12 18:58:12.957045|[g:1][CONSENSUS]addRawPrepare,height=69,reqIdx=2,hash=a5571e4a...
info|2019-12-12 18:58:12.957607|[g:1][CONSENSUS][PBFT]checkTimeout Succ,view=5714,toView=5715,nodeIdx=3,changeCycle=0,myNode=82d7b9b6...,timecost=0.394
info|2019-12-12 18:58:12.967417|[g:1][CONSENSUS][PBFT]checkAndChangeView: Reach consensus,org_view=5714,org_changeCycle=0,cur_changeCycle=0,to_view=5715
info|2019-12-12 18:58:13.969491|[g:1][CONSENSUS][SEALER]++++++++++++++++ Generating seal on,blkNum=69,tx=0,nodeIdx=3,hash=07b30eac...
info|2019-12-12 18:58:13.989035|[g:1][CONSENSUS][PBFT]checkTimeout Succ,view=5715,toView=5716,nodeIdx=3,changeCycle=0,myNode=82d7b9b6...,timecost=0.36
info|2019-12-12 18:58:13.990323|[g:1][CONSENSUS][PBFT]checkAndChangeView: Reach consensus,org_view=5715,org_changeCycle=0,cur_changeCycle=0,to_view=5716
info|2019-12-12 18:58:14.991607|[g:1][CONSENSUS]addRawPrepare,height=69,reqIdx=0,hash=cea5b47d...
info|2019-12-12 18:58:14.992178|[g:1][CONSENSUS][PBFT]checkTimeout Succ,view=5716,toView=5717,nodeIdx=3,changeCycle=0,myNode=82d7b9b6...,timecost=0.513
info|2019-12-12 18:58:14.996184|[g:1][CONSENSUS][PBFT]checkAndChangeView: Reach consensus,org_view=5716,org_changeCycle=0,cur_changeCycle=0,to_view=5717
info|2019-12-12 18:58:16.004573|[g:1][CONSENSUS]addRawPrepare,height=69,reqIdx=1,hash=b5a980c6...
info|2019-12-12 18:58:16.005215|[g:1][CONSENSUS][PBFT]checkTimeout Succ,view=5717,toView=5718,nodeIdx=3,changeCycle=0,myNode=82d7b9b6...,timecost=0.618
info|2019-12-12 18:58:16.010388|[g:1][CONSENSUS][PBFT]checkAndChangeView: Reach consensus,org_view=5717,org_changeCycle=0,cur_changeCycle=0,to_view=5718
info|2019-12-12 18:58:17.014584|[g:1][CONSENSUS]addRawPrepare,height=69,reqIdx=2,hash=7ba18b9b...
info|2019-12-12 18:58:17.015145|[g:1][CONSENSUS][PBFT]checkTimeout Succ,view=5718,toView=5719,nodeIdx=3,changeCycle=0,myNode=82d7b9b6...,timecost=0.358
info|2019-12-12 18:58:17.022989|[g:1][CONSENSUS][PBFT]checkAndChangeView: Reach consensus,org_view=5718,org_changeCycle=0,cur_changeCycle=0,to_view=5719
info|2019-12-12 18:58:18.025843|[g:1][CONSENSUS][SEALER]++++++++++++++++ Generating seal on,blkNum=69,tx=0,nodeIdx=3,hash=0a4ad0b1...
info|2019-12-12 18:58:18.039081|[g:1][CONSENSUS][PBFT]checkTimeout Succ,view=5719,toView=5720,nodeIdx=3,changeCycle=0,myNode=82d7b9b6...,timecost=0.579
info|2019-12-12 18:58:18.042495|[g:1][CONSENSUS][PBFT]checkAndChangeView: Reach consensus,org_view=5719,org_changeCycle=0,cur_changeCycle=0,to_view=5720
info|2019-12-12 18:58:19.043812|[g:1][CONSENSUS]addRawPrepare,height=69,reqIdx=0,hash=c1f0bc01...
info|2019-12-12 18:58:19.044115|[g:1][CONSENSUS][PBFT]checkTimeout Succ,view=5720,toView=5721,nodeIdx=3,changeCycle=0,myNode=82d7b9b6...,timecost=0.255
info|2019-12-12 18:58:19.047042|[g:1][CONSENSUS][PBFT]checkAndChangeView: Reach consensus,org_view=5720,org_changeCycle=0,cur_changeCycle=0,to_view=5721
info|2019-12-12 18:58:20.054795|[g:1][CONSENSUS]addRawPrepare,height=69,reqIdx=1,hash=3855b648...
info|2019-12-12 18:58:20.063579|[g:1][CONSENSUS][PBFT]checkTimeout Succ,view=5721,toView=5722,nodeIdx=3,changeCycle=0,myNode=82d7b9b6...,timecost=7.747
info|2019-12-12 18:58:20.066318|[g:1][CONSENSUS][PBFT]checkAndChangeView: Reach consensus,org_view=5721,org_changeCycle=0,cur_changeCycle=0,to_view=5722
info|2019-12-12 18:58:21.068500|[g:1][CONSENSUS]addRawPrepare,height=69,reqIdx=2,hash=dd30a3f6...
info|2019-12-12 18:58:21.074496|[g:1][CONSENSUS][PBFT]checkTimeout Succ,view=5722,toView=5723,nodeIdx=3,changeCycle=0,myNode=82d7b9b6...,timecost=5.759
info|2019-12-12 18:58:21.078187|[g:1][CONSENSUS][PBFT]checkAndChangeView: Reach consensus,org_view=5722,org_changeCycle=0,cur_changeCycle=0,to_view=5723
info|2019-12-12 18:58:21.392281|[P2P][Service] heartBeat,connected count=4
info|2019-12-12 18:58:22.079150|[g:1][CONSENSUS][SEALER]++++++++++++++++ Generating seal on,blkNum=69,tx=0,nodeIdx=3,hash=2e8e1b46...
info|2019-12-12 18:58:22.093974|[g:1][CONSENSUS][PBFT]checkTimeout Succ,view=5723,toView=5724,nodeIdx=3,changeCycle=0,myNode=82d7b9b6...,timecost=0.382
info|2019-12-12 18:58:22.096193|[g:1][CONSENSUS][PBFT]checkAndChangeView: Reach consensus,org_view=5723,org_changeCycle=0,cur_changeCycle=0,to_view=5724
info|2019-12-12 18:58:23.092991|[g:1][CONSENSUS]addRawPrepare,height=69,reqIdx=0,hash=52bf3d56...
info|2019-12-12 18:58:23.093313|[g:1][CONSENSUS][PBFT]checkTimeout Succ,view=5724,toView=5725,nodeIdx=3,changeCycle=0,myNode=82d7b9b6...,timecost=0.273
info|2019-12-12 18:58:23.097356|[g:1][CONSENSUS][PBFT]checkAndChangeView: Reach consensus,org_view=5724,org_changeCycle=0,cur_changeCycle=0,to_view=5725
info|2019-12-12 18:58:24.105140|[g:1][CONSENSUS]addRawPrepare,height=69,reqIdx=1,hash=031ed430...
info|2019-12-12 18:58:24.110296|[g:1][CONSENSUS][PBFT]checkTimeout Succ,view=5725,toView=5726,nodeIdx=3,changeCycle=0,myNode=82d7b9b6...,timecost=3.001
info|2019-12-12 18:58:24.110989|[g:1][CONSENSUS][PBFT]checkAndChangeView: Reach consensus,org_view=5725,org_changeCycle=0,cur_changeCycle=0,to_view=5726
info|2019-12-12 18:58:25.114141|[g:1][CONSENSUS]addRawPrepare,height=69,reqIdx=2,hash=b2db737a...
info|2019-12-12 18:58:25.123207|[g:1][CONSENSUS][PBFT]checkTimeout Succ,view=5726,toView=5727,nodeIdx=3,changeCycle=0,myNode=82d7b9b6...,timecost=8.863
info|2019-12-12 18:58:25.129975|[g:1][CONSENSUS][PBFT]checkAndChangeView: Reach consensus,org_view=5726,org_changeCycle=0,cur_changeCycle=0,to_view=5727
info|2019-12-12 18:58:26.134509|[g:1][CONSENSUS][SEALER]++++++++++++++++ Generating seal on,blkNum=69,tx=0,nodeIdx=3,hash=02383c93...
info|2019-12-12 18:58:26.155585|[g:1][CONSENSUS][PBFT]checkTimeout Succ,view=5727,toView=5728,nodeIdx=3,changeCycle=0,myNode=82d7b9b6...,timecost=3.499
info|2019-12-12 18:58:26.158572|[g:1][CONSENSUS][PBFT]checkAndChangeView: Reach consensus,org_view=5727,org_changeCycle=0,cur_changeCycle=0,to_view=5728
info|2019-12-12 18:58:27.153278|[g:1][CONSENSUS]addRawPrepare,height=69,reqIdx=0,hash=79a3ccfe...
info|2019-12-12 18:58:27.158512|[g:1][CONSENSUS][PBFT]checkTimeout Succ,view=5728,toView=5729,nodeIdx=3,changeCycle=0,myNode=82d7b9b6...,timecost=4.372
info|2019-12-12 18:58:27.159524|[g:1][CONSENSUS][PBFT]checkAndChangeView: Reach consensus,org_view=5728,org_changeCycle=0,cur_changeCycle=0,to_view=5729
info|2019-12-12 18:58:28.164656|[g:1][CONSENSUS]addRawPrepare,height=69,reqIdx=1,hash=ac82b6a6...
info|2019-12-12 18:58:28.168745|[g:1][CONSENSUS][PBFT]checkTimeout Succ,view=5729,toView=5730,nodeIdx=3,changeCycle=0,myNode=82d7b9b6...,timecost=3.957
info|2019-12-12 18:58:28.172567|[g:1][CONSENSUS][PBFT]checkAndChangeView: Reach consensus,org_view=5729,org_changeCycle=0,cur_changeCycle=0,to_view=5730
info|2019-12-12 18:58:29.172259|[g:1][CONSENSUS]addRawPrepare,height=69,reqIdx=2,hash=be3596c4...
info|2019-12-12 18:58:29.172854|[g:1][CONSENSUS][PBFT]checkTimeout Succ,view=5730,toView=5731,nodeIdx=3,changeCycle=0,myNode=82d7b9b6...,timecost=0.454
info|2019-12-12 18:58:29.182018|[g:1][CONSENSUS][PBFT]checkAndChangeView: Reach consensus,org_view=5730,org_changeCycle=0,cur_changeCycle=0,to_view=5731
info|2019-12-12 18:58:30.183201|[g:1][CONSENSUS][SEALER]++++++++++++++++ Generating seal on,blkNum=69,tx=0,nodeIdx=3,hash=9e221e9c...
info|2019-12-12 18:58:30.196480|[g:1][CONSENSUS][PBFT]checkTimeout Succ,view=5731,toView=5732,nodeIdx=3,changeCycle=0,myNode=82d7b9b6...,timecost=0.755
info|2019-12-12 18:58:30.202423|[g:1][CONSENSUS][PBFT]checkAndChangeView: Reach consensus,org_view=5731,org_changeCycle=0,cur_changeCycle=0,to_view=5732
info|2019-12-12 18:58:31.195709|[g:1][CONSENSUS]addRawPrepare,height=69,reqIdx=0,hash=fa2143fa...
info|2019-12-12 18:58:31.196074|[g:1][CONSENSUS][PBFT]checkTimeout Succ,view=5732,toView=5733,nodeIdx=3,changeCycle=0,myNode=82d7b9b6...,timecost=0.33
info|2019-12-12 18:58:31.200059|[g:1][CONSENSUS][PBFT]checkAndChangeView: Reach consensus,org_view=5732,org_changeCycle=0,cur_changeCycle=0,to_view=5733
info|2019-12-12 18:58:31.393800|[P2P][Service] heartBeat,connected count=4
info|2019-12-12 18:58:32.207468|[g:1][CONSENSUS]addRawPrepare,height=69,reqIdx=1,hash=6b3a880c...
info|2019-12-12 18:58:32.211403|[g:1][CONSENSUS][PBFT]checkTimeout Succ,view=5733,toView=5734,nodeIdx=3,changeCycle=0,myNode=82d7b9b6...,timecost=3.833
info|2019-12-12 18:58:32.221395|[g:1][CONSENSUS][PBFT]checkAndChangeView: Reach consensus,org_view=5733,org_changeCycle=0,cur_changeCycle=0,to_view=5734
info|2019-12-12 18:58:33.223786|[g:1][CONSENSUS]addRawPrepare,height=69,reqIdx=2,hash=b2d84969...
info|2019-12-12 18:58:33.234185|[g:1][CONSENSUS][PBFT]checkTimeout Succ,view=5734,toView=5735,nodeIdx=3,changeCycle=0,myNode=82d7b9b6...,timecost=10.082
info|2019-12-12 18:58:33.237163|[g:1][CONSENSUS][PBFT]checkAndChangeView: Reach consensus,org_view=5734,org_changeCycle=0,cur_changeCycle=0,to_view=5735
info|2019-12-12 18:58:34.237369|[g:1][CONSENSUS][SEALER]++++++++++++++++ Generating seal on,blkNum=69,tx=0,nodeIdx=3,hash=d3111aba...
info|2019-12-12 18:58:34.252591|[g:1][CONSENSUS][PBFT]checkTimeout Succ,view=5735,toView=5736,nodeIdx=3,changeCycle=0,myNode=82d7b9b6...,timecost=0.553
info|2019-12-12 18:58:34.254869|[g:1][CONSENSUS][PBFT]checkAndChangeView: Reach consensus,org_view=5735,org_changeCycle=0,cur_changeCycle=0,to_view=5736
info|2019-12-12 18:58:35.254443|[g:1][CONSENSUS]addRawPrepare,height=69,reqIdx=0,hash=0b79af13...
info|2019-12-12 18:58:35.255032|[g:1][CONSENSUS][PBFT]checkTimeout Succ,view=5736,toView=5737,nodeIdx=3,changeCycle=0,myNode=82d7b9b6...,timecost=0.565
info|2019-12-12 18:58:35.261582|[g:1][CONSENSUS][PBFT]checkAndChangeView: Reach consensus,org_view=5736,org_changeCycle=0,cur_changeCycle=0,to_view=5737
info|2019-12-12 18:58:36.266187|[g:1][CONSENSUS]addRawPrepare,height=69,reqIdx=1,hash=17ca5c40...
info|2019-12-12 18:58:36.266511|[g:1][CONSENSUS][PBFT]checkTimeout Succ,view=5737,toView=5738,nodeIdx=3,changeCycle=0,myNode=82d7b9b6...,timecost=0.255
info|2019-12-12 18:58:36.269802|[g:1][CONSENSUS][PBFT]checkAndChangeView: Reach consensus,org_view=5737,org_changeCycle=0,cur_changeCycle=0,to_view=5738
info|2019-12-12 18:58:37.275204|[g:1][CONSENSUS]addRawPrepare,height=69,reqIdx=2,hash=62331f35...
info|2019-12-12 18:58:37.275830|[g:1][CONSENSUS][PBFT]checkTimeout Succ,view=5738,toView=5739,nodeIdx=3,changeCycle=0,myNode=82d7b9b6...,timecost=0.476
info|2019-12-12 18:58:37.285300|[g:1][CONSENSUS][PBFT]checkAndChangeView: Reach consensus,org_view=5738,org_changeCycle=0,cur_changeCycle=0,to_view=5739
info|2019-12-12 18:58:38.288437|[g:1][CONSENSUS][SEALER]++++++++++++++++ Generating seal on,blkNum=69,tx=0,nodeIdx=3,hash=fe8a35e7...
info|2019-12-12 18:58:38.300848|[g:1][CONSENSUS][PBFT]checkTimeout Succ,view=5739,toView=5740,nodeIdx=3,changeCycle=0,myNode=82d7b9b6...,timecost=0.336
info|2019-12-12 18:58:38.303825|[g:1][CONSENSUS][PBFT]checkAndChangeView: Reach consensus,org_view=5739,org_changeCycle=0,cur_changeCycle=0,to_view=5740
info|2019-12-12 18:58:39.301049|[g:1][CONSENSUS]addRawPrepare,height=69,reqIdx=0,hash=a1151aa8...
info|2019-12-12 18:58:39.309777|[g:1][CONSENSUS][PBFT]checkTimeout Succ,view=5740,toView=5741,nodeIdx=3,changeCycle=0,myNode=82d7b9b6...,timecost=5.611
info|2019-12-12 18:58:39.313406|[g:1][CONSENSUS][PBFT]checkAndChangeView: Reach consensus,org_view=5740,org_changeCycle=0,cur_changeCycle=0,to_view=5741
info|2019-12-12 18:58:40.321264|[g:1][CONSENSUS]addRawPrepare,height=69,reqIdx=1,hash=6d0196a8...
info|2019-12-12 18:58:40.321738|[g:1][CONSENSUS][PBFT]checkTimeout Succ,view=5741,toView=5742,nodeIdx=3,changeCycle=0,myNode=82d7b9b6...,timecost=0.425
info|2019-12-12 18:58:40.325012|[g:1][CONSENSUS][PBFT]checkAndChangeView: Reach consensus,org_view=5741,org_changeCycle=0,cur_changeCycle=0,to_view=5742
info|2019-12-12 18:58:41.335150|[g:1][CONSENSUS]addRawPrepare,height=69,reqIdx=2,hash=5f1367ea...
info|2019-12-12 18:58:41.342043|[g:1][CONSENSUS][PBFT]checkTimeout Succ,view=5742,toView=5743,nodeIdx=3,changeCycle=0,myNode=82d7b9b6...,timecost=2.723
info|2019-12-12 18:58:41.345755|[g:1][CONSENSUS][PBFT]checkAndChangeView: Reach consensus,org_view=5742,org_changeCycle=0,cur_changeCycle=0,to_view=5743
info|2019-12-12 18:58:41.394034|[P2P][Service] heartBeat,connected count=4
info|2019-12-12 18:58:42.346480|[g:1][CONSENSUS][SEALER]++++++++++++++++ Generating seal on,blkNum=69,tx=0,nodeIdx=3,hash=2d82dfa7...
info|2019-12-12 18:58:42.363087|[g:1][CONSENSUS][PBFT]checkTimeout Succ,view=5743,toView=5744,nodeIdx=3,changeCycle=0,myNode=82d7b9b6...,timecost=0.371
info|2019-12-12 18:58:42.365515|[g:1][CONSENSUS][PBFT]checkAndChangeView: Reach consensus,org_view=5743,org_changeCycle=0,cur_changeCycle=0,to_view=5744
info|2019-12-12 18:58:43.371006|[g:1][CONSENSUS]addRawPrepare,height=69,reqIdx=0,hash=3ce4c1a8...
info|2019-12-12 18:58:43.376911|[g:1][CONSENSUS][PBFT]checkTimeout Succ,view=5744,toView=5745,nodeIdx=3,changeCycle=0,myNode=82d7b9b6...,timecost=5.843
info|2019-12-12 18:58:43.380871|[g:1][CONSENSUS][PBFT]checkAndChangeView: Reach consensus,org_view=5744,org_changeCycle=0,cur_changeCycle=0,to_view=5745
info|2019-12-12 18:58:44.390617|[g:1][CONSENSUS]addRawPrepare,height=69,reqIdx=1,hash=5bef4c59...
info|2019-12-12 18:58:44.391062|[g:1][CONSENSUS][PBFT]checkTimeout Succ,view=5745,toView=5746,nodeIdx=3,changeCycle=0,myNode=82d7b9b6...,timecost=0.363
info|2019-12-12 18:58:44.400355|[g:1][CONSENSUS][PBFT]checkAndChangeView: Reach consensus,org_view=5745,org_changeCycle=0,cur_changeCycle=0,to_view=5746
info|2019-12-12 18:58:45.402934|[g:1][CONSENSUS]addRawPrepare,height=69,reqIdx=2,hash=cdddb61f...
info|2019-12-12 18:58:45.403403|[g:1][CONSENSUS][PBFT]checkTimeout Succ,view=5746,toView=5747,nodeIdx=3,changeCycle=0,myNode=82d7b9b6...,timecost=0.294
info|2019-12-12 18:58:45.409983|[g:1][CONSENSUS][PBFT]checkAndChangeView: Reach consensus,org_view=5746,org_changeCycle=0,cur_changeCycle=0,to_view=5747
info|2019-12-12 18:58:46.412072|[g:1][CONSENSUS][SEALER]++++++++++++++++ Generating seal on,blkNum=69,tx=0,nodeIdx=3,hash=42252f8f...
info|2019-12-12 18:58:46.427467|[g:1][CONSENSUS][PBFT]checkTimeout Succ,view=5747,toView=5748,nodeIdx=3,changeCycle=0,myNode=82d7b9b6...,timecost=0.456
info|2019-12-12 18:58:46.435573|[g:1][CONSENSUS][PBFT]checkAndChangeView: Reach consensus,org_view=5747,org_changeCycle=0,cur_changeCycle=0,to_view=5748
info|2019-12-12 18:58:47.427997|[g:1][CONSENSUS]addRawPrepare,height=69,reqIdx=0,hash=8e78419a...
info|2019-12-12 18:58:47.433774|[g:1][CONSENSUS][PBFT]checkTimeout Succ,view=5748,toView=5749,nodeIdx=3,changeCycle=0,myNode=82d7b9b6...,timecost=5.725
info|2019-12-12 18:58:47.436858|[g:1][CONSENSUS][PBFT]checkAndChangeView: Reach consensus,org_view=5748,org_changeCycle=0,cur_changeCycle=0,to_view=5749
info|2019-12-12 18:58:48.444104|[g:1][CONSENSUS]addRawPrepare,height=69,reqIdx=1,hash=f9912079...
info|2019-12-12 18:58:48.444536|[g:1][CONSENSUS][PBFT]checkTimeout Succ,view=5749,toView=5750,nodeIdx=3,changeCycle=0,myNode=82d7b9b6...,timecost=0.377
info|2019-12-12 18:58:48.449491|[g:1][CONSENSUS][PBFT]checkAndChangeView: Reach consensus,org_view=5749,org_changeCycle=0,cur_changeCycle=0,to_view=5750
info|2019-12-12 18:58:49.453511|[g:1][CONSENSUS]addRawPrepare,height=69,reqIdx=2,hash=7787dfbd...
info|2019-12-12 18:58:49.461994|[g:1][CONSENSUS][PBFT]checkTimeout Succ,view=5750,toView=5751,nodeIdx=3,changeCycle=0,myNode=82d7b9b6...,timecost=7.867
info|2019-12-12 18:58:49.469781|[g:1][CONSENSUS][PBFT]checkAndChangeView: Reach consensus,org_view=5750,org_changeCycle=0,cur_changeCycle=0,to_view=5751
info|2019-12-12 18:58:50.476664|[g:1][CONSENSUS][SEALER]++++++++++++++++ Generating seal on,blkNum=69,tx=0,nodeIdx=3,hash=6ae5b0df...
info|2019-12-12 18:58:50.498554|[g:1][CONSENSUS][PBFT]checkTimeout Succ,view=5751,toView=5752,nodeIdx=3,changeCycle=0,myNode=82d7b9b6...,timecost=0.368
info|2019-12-12 18:58:50.500958|[g:1][CONSENSUS][PBFT]checkAndChangeView: Reach consensus,org_view=5751,org_changeCycle=0,cur_changeCycle=0,to_view=5752
info|2019-12-12 18:58:51.394659|[P2P][Service] heartBeat,connected count=4
info|2019-12-12 18:58:51.493454|[g:1][CONSENSUS]addRawPrepare,height=69,reqIdx=0,hash=b9f925d6...
info|2019-12-12 18:58:51.493935|[g:1][CONSENSUS][PBFT]checkTimeout Succ,view=5752,toView=5753,nodeIdx=3,changeCycle=0,myNode=82d7b9b6...,timecost=0.448
info|2019-12-12 18:58:51.502896|[g:1][CONSENSUS][PBFT]checkAndChangeView: Reach consensus,org_view=5752,org_changeCycle=0,cur_changeCycle=0,to_view=5753
info|2019-12-12 18:58:52.511267|[g:1][CONSENSUS]addRawPrepare,height=69,reqIdx=1,hash=5d4b2ab6...
info|2019-12-12 18:58:52.511681|[g:1][CONSENSUS][PBFT]checkTimeout Succ,view=5753,toView=5754,nodeIdx=3,changeCycle=0,myNode=82d7b9b6...,timecost=0.353
info|2019-12-12 18:58:52.516250|[g:1][CONSENSUS][PBFT]checkAndChangeView: Reach consensus,org_view=5753,org_changeCycle=0,cur_changeCycle=0,to_view=5754
info|2019-12-12 18:58:53.521221|[g:1][CONSENSUS]addRawPrepare,height=69,reqIdx=2,hash=083793a3...
info|2019-12-12 18:58:53.522420|[g:1][CONSENSUS][PBFT]checkTimeout Succ,view=5754,toView=5755,nodeIdx=3,changeCycle=0,myNode=82d7b9b6...,timecost=1.039
info|2019-12-12 18:58:53.530288|[g:1][CONSENSUS][PBFT]checkAndChangeView: Reach consensus,org_view=5754,org_changeCycle=0,cur_changeCycle=0,to_view=5755
info|2019-12-12 18:58:54.532229|[g:1][CONSENSUS][SEALER]++++++++++++++++ Generating seal on,blkNum=69,tx=0,nodeIdx=3,hash=0349e0de...
info|2019-12-12 18:58:54.545113|[g:1][CONSENSUS][PBFT]checkTimeout Succ,view=5755,toView=5756,nodeIdx=3,changeCycle=0,myNode=82d7b9b6...,timecost=0.338
info|2019-12-12 18:58:54.547033|[g:1][CONSENSUS][PBFT]checkAndChangeView: Reach consensus,org_view=5755,org_changeCycle=0,cur_changeCycle=0,to_view=5756
info|2019-12-12 18:58:55.544731|[g:1][CONSENSUS]addRawPrepare,height=69,reqIdx=0,hash=24c3185c...
info|2019-12-12 18:58:55.545193|[g:1][CONSENSUS][PBFT]checkTimeout Succ,view=5756,toView=5757,nodeIdx=3,changeCycle=0,myNode=82d7b9b6...,timecost=0.348
info|2019-12-12 18:58:55.549420|[g:1][CONSENSUS][PBFT]checkAndChangeView: Reach consensus,org_view=5756,org_changeCycle=0,cur_changeCycle=0,to_view=5757
info|2019-12-12 18:58:56.558696|[g:1][CONSENSUS]addRawPrepare,height=69,reqIdx=1,hash=9faacf67...
info|2019-12-12 18:58:56.559098|[g:1][CONSENSUS][PBFT]checkTimeout Succ,view=5757,toView=5758,nodeIdx=3,changeCycle=0,myNode=82d7b9b6...,timecost=0.353
info|2019-12-12 18:58:56.562462|[g:1][CONSENSUS][PBFT]checkAndChangeView: Reach consensus,org_view=5757,org_changeCycle=0,cur_changeCycle=0,to_view=5758
info|2019-12-12 18:58:57.566926|[g:1][CONSENSUS]addRawPrepare,height=69,reqIdx=2,hash=101ad68f...
info|2019-12-12 18:58:57.567533|[g:1][CONSENSUS][PBFT]checkTimeout Succ,view=5758,toView=5759,nodeIdx=3,changeCycle=0,myNode=82d7b9b6...,timecost=0.459
info|2019-12-12 18:58:57.579545|[g:1][CONSENSUS][PBFT]checkAndChangeView: Reach consensus,org_view=5758,org_changeCycle=0,cur_changeCycle=0,to_view=5759
info|2019-12-12 18:58:58.579547|[g:1][CONSENSUS][SEALER]++++++++++++++++ Generating seal on,blkNum=69,tx=0,nodeIdx=3,hash=c148e650...
info|2019-12-12 18:58:58.593141|[g:1][CONSENSUS][PBFT]checkTimeout Succ,view=5759,toView=5760,nodeIdx=3,changeCycle=0,myNode=82d7b9b6...,timecost=0.409
info|2019-12-12 18:58:58.595323|[g:1][CONSENSUS][PBFT]checkAndChangeView: Reach consensus,org_view=5759,org_changeCycle=0,cur_changeCycle=0,to_view=5760
info|2019-12-12 18:58:59.592985|[g:1][CONSENSUS]addRawPrepare,height=69,reqIdx=0,hash=95be6f02...
info|2019-12-12 18:58:59.593409|[g:1][CONSENSUS][PBFT]checkTimeout Succ,view=5760,toView=5761,nodeIdx=3,changeCycle=0,myNode=82d7b9b6...,timecost=0.372
info|2019-12-12 18:58:59.600128|[g:1][CONSENSUS][PBFT]checkAndChangeView: Reach consensus,org_view=5760,org_changeCycle=0,cur_changeCycle=0,to_view=5761
info|2019-12-12 18:59:00.607351|[g:1][CONSENSUS]addRawPrepare,height=69,reqIdx=1,hash=4dcb9d2e...
info|2019-12-12 18:59:00.609717|[g:1][CONSENSUS][PBFT]checkTimeout Succ,view=5761,toView=5762,nodeIdx=3,changeCycle=0,myNode=82d7b9b6...,timecost=2.313
info|2019-12-12 18:59:00.612437|[g:1][CONSENSUS][PBFT]checkAndChangeView: Reach consensus,org_view=5761,org_changeCycle=0,cur_changeCycle=0,to_view=5762
info|2019-12-12 18:59:01.395648|[P2P][Service] heartBeat,connected count=4
info|2019-12-12 18:59:01.616649|[g:1][CONSENSUS]addRawPrepare,height=69,reqIdx=2,hash=365bbd59...
info|2019-12-12 18:59:01.627654|[g:1][CONSENSUS][PBFT]checkTimeout Succ,view=5762,toView=5763,nodeIdx=3,changeCycle=0,myNode=82d7b9b6...,timecost=4.553
info|2019-12-12 18:59:01.634957|[g:1][CONSENSUS][PBFT]checkAndChangeView: Reach consensus,org_view=5762,org_changeCycle=0,cur_changeCycle=0,to_view=5763
info|2019-12-12 18:59:02.640233|[g:1][CONSENSUS][SEALER]++++++++++++++++ Generating seal on,blkNum=69,tx=0,nodeIdx=3,hash=bd4c10bc...
info|2019-12-12 18:59:02.655130|[g:1][CONSENSUS][PBFT]checkTimeout Succ,view=5763,toView=5764,nodeIdx=3,changeCycle=0,myNode=82d7b9b6...,timecost=0.338
info|2019-12-12 18:59:02.656878|[g:1][CONSENSUS][PBFT]checkAndChangeView: Reach consensus,org_view=5763,org_changeCycle=0,cur_changeCycle=0,to_view=5764
info|2019-12-12 18:59:03.656338|[g:1][CONSENSUS]addRawPrepare,height=69,reqIdx=0,hash=75a813bf...
info|2019-12-12 18:59:03.656817|[g:1][CONSENSUS][PBFT]checkTimeout Succ,view=5764,toView=5765,nodeIdx=3,changeCycle=0,myNode=82d7b9b6...,timecost=0.431
info|2019-12-12 18:59:03.663874|[g:1][CONSENSUS][PBFT]checkAndChangeView: Reach consensus,org_view=5764,org_changeCycle=0,cur_changeCycle=0,to_view=5765
info|2019-12-12 18:59:04.670481|[g:1][CONSENSUS]addRawPrepare,height=69,reqIdx=1,hash=4a2e3495...
info|2019-12-12 18:59:04.670913|[g:1][CONSENSUS][PBFT]checkTimeout Succ,view=5765,toView=5766,nodeIdx=3,changeCycle=0,myNode=82d7b9b6...,timecost=0.374
info|2019-12-12 18:59:04.675170|[g:1][CONSENSUS][PBFT]checkAndChangeView: Reach consensus,org_view=5765,org_changeCycle=0,cur_changeCycle=0,to_view=5766
info|2019-12-12 18:59:05.680846|[g:1][CONSENSUS]addRawPrepare,height=69,reqIdx=2,hash=fadace3b...
info|2019-12-12 18:59:05.681387|[g:1][CONSENSUS][PBFT]checkTimeout Succ,view=5766,toView=5767,nodeIdx=3,changeCycle=0,myNode=82d7b9b6...,timecost=0.388
info|2019-12-12 18:59:05.688859|[g:1][CONSENSUS][PBFT]checkAndChangeView: Reach consensus,org_view=5766,org_changeCycle=0,cur_changeCycle=0,to_view=5767
info|2019-12-12 18:59:06.689668|[g:1][CONSENSUS][SEALER]++++++++++++++++ Generating seal on,blkNum=69,tx=0,nodeIdx=3,hash=d9c286e0...
info|2019-12-12 18:59:06.713686|[g:1][CONSENSUS][PBFT]checkTimeout Succ,view=5767,toView=5768,nodeIdx=3,changeCycle=0,myNode=82d7b9b6...,timecost=0.379
info|2019-12-12 18:59:06.715380|[g:1][CONSENSUS][PBFT]checkAndChangeView: Reach consensus,org_view=5767,org_changeCycle=0,cur_changeCycle=0,to_view=5768
info|2019-12-12 18:59:07.705854|[g:1][CONSENSUS]addRawPrepare,height=69,reqIdx=0,hash=623d5ca3...
info|2019-12-12 18:59:07.711825|[g:1][CONSENSUS][PBFT]checkTimeout Succ,view=5768,toView=5769,nodeIdx=3,changeCycle=0,myNode=82d7b9b6...,timecost=5.839
info|2019-12-12 18:59:07.714312|[g:1][CONSENSUS][PBFT]checkAndChangeView: Reach consensus,org_view=5768,org_changeCycle=0,cur_changeCycle=0,to_view=5769
info|2019-12-12 18:59:08.720448|[g:1][CONSENSUS]addRawPrepare,height=69,reqIdx=1,hash=22ba6d2f...
info|2019-12-12 18:59:08.725626|[g:1][CONSENSUS][PBFT]checkTimeout Succ,view=5769,toView=5770,nodeIdx=3,changeCycle=0,myNode=82d7b9b6...,timecost=4.495
info|2019-12-12 18:59:08.726233|[g:1][CONSENSUS][PBFT]checkAndChangeView: Reach consensus,org_view=5769,org_changeCycle=0,cur_changeCycle=0,to_view=5770
info|2019-12-12 18:59:09.727912|[g:1][CONSENSUS]addRawPrepare,height=69,reqIdx=2,hash=766a388a...
info|2019-12-12 18:59:09.736599|[g:1][CONSENSUS][PBFT]checkTimeout Succ,view=5770,toView=5771,nodeIdx=3,changeCycle=0,myNode=82d7b9b6...,timecost=8.444
info|2019-12-12 18:59:09.742655|[g:1][CONSENSUS][PBFT]checkAndChangeView: Reach consensus,org_view=5770,org_changeCycle=0,cur_changeCycle=0,to_view=5771
info|2019-12-12 18:59:10.743962|[g:1][CONSENSUS][SEALER]++++++++++++++++ Generating seal on,blkNum=69,tx=0,nodeIdx=3,hash=4ea3806c...
info|2019-12-12 18:59:10.755178|[g:1][CONSENSUS][PBFT]checkTimeout Succ,view=5771,toView=5772,nodeIdx=3,changeCycle=0,myNode=82d7b9b6...,timecost=0.243
info|2019-12-12 18:59:10.756583|[g:1][CONSENSUS][PBFT]checkAndChangeView: Reach consensus,org_view=5771,org_changeCycle=0,cur_changeCycle=0,to_view=5772
info|2019-12-12 18:59:11.396234|[P2P][Service] heartBeat,connected count=4
info|2019-12-12 18:59:11.760128|[g:1][CONSENSUS]addRawPrepare,height=69,reqIdx=0,hash=c3280085...
info|2019-12-12 18:59:11.763118|[g:1][CONSENSUS][PBFT]checkTimeout Succ,view=5772,toView=5773,nodeIdx=3,changeCycle=0,myNode=82d7b9b6...,timecost=2.906
info|2019-12-12 18:59:11.767025|[g:1][CONSENSUS][PBFT]checkAndChangeView: Reach consensus,org_view=5772,org_changeCycle=0,cur_changeCycle=0,to_view=5773
info|2019-12-12 18:59:12.771826|[g:1][CONSENSUS]addRawPrepare,height=69,reqIdx=1,hash=609a49dc...
info|2019-12-12 18:59:12.776071|[g:1][CONSENSUS][PBFT]checkTimeout Succ,view=5773,toView=5774,nodeIdx=3,changeCycle=0,myNode=82d7b9b6...,timecost=4.2
info|2019-12-12 18:59:12.778841|[g:1][CONSENSUS][PBFT]checkAndChangeView: Reach consensus,org_view=5773,org_changeCycle=0,cur_changeCycle=0,to_view=5774
info|2019-12-12 18:59:13.782424|[g:1][CONSENSUS]addRawPrepare,height=69,reqIdx=2,hash=3ef78057...
info|2019-12-12 18:59:13.782855|[g:1][CONSENSUS][PBFT]checkTimeout Succ,view=5774,toView=5775,nodeIdx=3,changeCycle=0,myNode=82d7b9b6...,timecost=0.307
info|2019-12-12 18:59:13.791695|[g:1][CONSENSUS][PBFT]checkAndChangeView: Reach consensus,org_view=5774,org_changeCycle=0,cur_changeCycle=0,to_view=5775
info|2019-12-12 18:59:14.793408|[g:1][CONSENSUS][SEALER]++++++++++++++++ Generating seal on,blkNum=69,tx=0,nodeIdx=3,hash=8e16970e...
info|2019-12-12 18:59:14.806928|[g:1][CONSENSUS][PBFT]checkTimeout Succ,view=5775,toView=5776,nodeIdx=3,changeCycle=0,myNode=82d7b9b6...,timecost=0.381
info|2019-12-12 18:59:14.809032|[g:1][CONSENSUS][PBFT]checkAndChangeView: Reach consensus,org_view=5775,org_changeCycle=0,cur_changeCycle=0,to_view=5776
info|2019-12-12 18:59:15.808354|[g:1][CONSENSUS]addRawPrepare,height=69,reqIdx=0,hash=44680679...
info|2019-12-12 18:59:15.808780|[g:1][CONSENSUS][PBFT]checkTimeout Succ,view=5776,toView=5777,nodeIdx=3,changeCycle=0,myNode=82d7b9b6...,timecost=0.374
info|2019-12-12 18:59:15.821004|[g:1][CONSENSUS][PBFT]checkAndChangeView: Reach consensus,org_view=5776,org_changeCycle=0,cur_changeCycle=0,to_view=5777
info|2019-12-12 18:59:16.829249|[g:1][CONSENSUS]addRawPrepare,height=69,reqIdx=1,hash=dead8f5d...
info|2019-12-12 18:59:16.832283|[g:1][CONSENSUS][PBFT]checkTimeout Succ,view=5777,toView=5778,nodeIdx=3,changeCycle=0,myNode=82d7b9b6...,timecost=2.945
info|2019-12-12 18:59:16.833011|[g:1][CONSENSUS][PBFT]checkAndChangeView: Reach consensus,org_view=5777,org_changeCycle=0,cur_changeCycle=0,to_view=5778
info|2019-12-12 18:59:17.837095|[g:1][CONSENSUS]addRawPrepare,height=69,reqIdx=2,hash=9d2b1f26...
info|2019-12-12 18:59:17.837489|[g:1][CONSENSUS][PBFT]checkTimeout Succ,view=5778,toView=5779,nodeIdx=3,changeCycle=0,myNode=82d7b9b6...,timecost=0.235
info|2019-12-12 18:59:17.844437|[g:1][CONSENSUS][PBFT]checkAndChangeView: Reach consensus,org_view=5778,org_changeCycle=0,cur_changeCycle=0,to_view=5779
info|2019-12-12 18:59:18.846494|[g:1][CONSENSUS][SEALER]++++++++++++++++ Generating seal on,blkNum=69,tx=0,nodeIdx=3,hash=5af7cfcc...
info|2019-12-12 18:59:18.866139|[g:1][CONSENSUS][PBFT]checkTimeout Succ,view=5779,toView=5780,nodeIdx=3,changeCycle=0,myNode=82d7b9b6...,timecost=0.566
info|2019-12-12 18:59:18.868098|[g:1][CONSENSUS][PBFT]checkAndChangeView: Reach consensus,org_view=5779,org_changeCycle=0,cur_changeCycle=0,to_view=5780
info|2019-12-12 18:59:19.869108|[g:1][CONSENSUS]addRawPrepare,height=69,reqIdx=0,hash=b212a2f8...
info|2019-12-12 18:59:19.870838|[g:1][CONSENSUS][PBFT]checkTimeout Succ,view=5780,toView=5781,nodeIdx=3,changeCycle=0,myNode=82d7b9b6...,timecost=0.989
info|2019-12-12 18:59:19.872288|[g:1][CONSENSUS][PBFT]checkAndChangeView: Reach consensus,org_view=5780,org_changeCycle=0,cur_changeCycle=0,to_view=5781
info|2019-12-12 18:59:20.884489|[g:1][CONSENSUS]addRawPrepare,height=69,reqIdx=1,hash=e93b5cd2...
info|2019-12-12 18:59:20.886419|[g:1][CONSENSUS][PBFT]checkTimeout Succ,view=5781,toView=5782,nodeIdx=3,changeCycle=0,myNode=82d7b9b6...,timecost=1.819
info|2019-12-12 18:59:20.887175|[g:1][CONSENSUS][PBFT]checkAndChangeView: Reach consensus,org_view=5781,org_changeCycle=0,cur_changeCycle=0,to_view=5782
info|2019-12-12 18:59:21.396497|[P2P][Service] heartBeat,connected count=4
info|2019-12-12 18:59:21.890347|[g:1][CONSENSUS]addRawPrepare,height=69,reqIdx=2,hash=8e2fa566...
info|2019-12-12 18:59:21.890976|[g:1][CONSENSUS][PBFT]checkTimeout Succ,view=5782,toView=5783,nodeIdx=3,changeCycle=0,myNode=82d7b9b6...,timecost=0.508
info|2019-12-12 18:59:21.898706|[g:1][CONSENSUS][PBFT]checkAndChangeView: Reach consensus,org_view=5782,org_changeCycle=0,cur_changeCycle=0,to_view=5783
info|2019-12-12 18:59:22.902288|[g:1][CONSENSUS][SEALER]++++++++++++++++ Generating seal on,blkNum=69,tx=0,nodeIdx=3,hash=07cd5e1d...
info|2019-12-12 18:59:22.919062|[g:1][CONSENSUS][PBFT]checkTimeout Succ,view=5783,toView=5784,nodeIdx=3,changeCycle=0,myNode=82d7b9b6...,timecost=0.531
info|2019-12-12 18:59:22.921745|[g:1][CONSENSUS][PBFT]checkAndChangeView: Reach consensus,org_view=5783,org_changeCycle=0,cur_changeCycle=0,to_view=5784
info|2019-12-12 18:59:23.916794|[g:1][CONSENSUS]addRawPrepare,height=69,reqIdx=0,hash=dbe762a8...
info|2019-12-12 18:59:23.917334|[g:1][CONSENSUS][PBFT]checkTimeout Succ,view=5784,toView=5785,nodeIdx=3,changeCycle=0,myNode=82d7b9b6...,timecost=0.487
info|2019-12-12 18:59:23.925094|[g:1][CONSENSUS][PBFT]checkAndChangeView: Reach consensus,org_view=5784,org_changeCycle=0,cur_changeCycle=0,to_view=5785
info|2019-12-12 18:59:24.930284|[g:1][CONSENSUS]addRawPrepare,height=69,reqIdx=1,hash=b004cdc6...
info|2019-12-12 18:59:24.930754|[g:1][CONSENSUS][PBFT]checkTimeout Succ,view=5785,toView=5786,nodeIdx=3,changeCycle=0,myNode=82d7b9b6...,timecost=0.423
info|2019-12-12 18:59:24.934579|[g:1][CONSENSUS][PBFT]checkAndChangeView: Reach consensus,org_view=5785,org_changeCycle=0,cur_changeCycle=0,to_view=5786
info|2019-12-12 18:59:25.938819|[g:1][CONSENSUS]addRawPrepare,height=69,reqIdx=2,hash=435bd694...
info|2019-12-12 18:59:25.948439|[g:1][CONSENSUS][PBFT]checkTimeout Succ,view=5786,toView=5787,nodeIdx=3,changeCycle=0,myNode=82d7b9b6...,timecost=9.467
info|2019-12-12 18:59:25.951094|[g:1][CONSENSUS][PBFT]checkAndChangeView: Reach consensus,org_view=5786,org_changeCycle=0,cur_changeCycle=0,to_view=5787
info|2019-12-12 18:59:26.951371|[g:1][CONSENSUS][SEALER]++++++++++++++++ Generating seal on,blkNum=69,tx=0,nodeIdx=3,hash=e7411ada...
info|2019-12-12 18:59:26.965997|[g:1][CONSENSUS][PBFT]checkTimeout Succ,view=5787,toView=5788,nodeIdx=3,changeCycle=0,myNode=82d7b9b6...,timecost=0.378
info|2019-12-12 18:59:26.967909|[g:1][CONSENSUS][PBFT]checkAndChangeView: Reach consensus,org_view=5787,org_changeCycle=0,cur_changeCycle=0,to_view=5788
info|2019-12-12 18:59:27.965662|[g:1][CONSENSUS]addRawPrepare,height=69,reqIdx=0,hash=0233fde9...
info|2019-12-12 18:59:27.966137|[g:1][CONSENSUS][PBFT]checkTimeout Succ,view=5788,toView=5789,nodeIdx=3,changeCycle=0,myNode=82d7b9b6...,timecost=0.369
info|2019-12-12 18:59:27.971094|[g:1][CONSENSUS][PBFT]checkAndChangeView: Reach consensus,org_view=5788,org_changeCycle=0,cur_changeCycle=0,to_view=5789
info|2019-12-12 18:59:28.980691|[g:1][CONSENSUS]addRawPrepare,height=69,reqIdx=1,hash=d33da88d...
info|2019-12-12 18:59:28.981059|[g:1][CONSENSUS][PBFT]checkTimeout Succ,view=5789,toView=5790,nodeIdx=3,changeCycle=0,myNode=82d7b9b6...,timecost=0.323
info|2019-12-12 18:59:28.985309|[g:1][CONSENSUS][PBFT]checkAndChangeView: Reach consensus,org_view=5789,org_changeCycle=0,cur_changeCycle=0,to_view=5790
info|2019-12-12 18:59:29.990029|[g:1][CONSENSUS]addRawPrepare,height=69,reqIdx=2,hash=6b4388b2...
info|2019-12-12 18:59:29.990511|[g:1][CONSENSUS][PBFT]checkTimeout Succ,view=5790,toView=5791,nodeIdx=3,changeCycle=0,myNode=82d7b9b6...,timecost=0.322
info|2019-12-12 18:59:29.998550|[g:1][CONSENSUS][PBFT]checkAndChangeView: Reach consensus,org_view=5790,org_changeCycle=0,cur_changeCycle=0,to_view=5791
info|2019-12-12 18:59:31.000953|[g:1][CONSENSUS][SEALER]++++++++++++++++ Generating seal on,blkNum=69,tx=0,nodeIdx=3,hash=da59f635...
info|2019-12-12 18:59:31.020868|[g:1][CONSENSUS][PBFT]checkTimeout Succ,view=5791,toView=5792,nodeIdx=3,changeCycle=0,myNode=82d7b9b6...,timecost=0.42
info|2019-12-12 18:59:31.024106|[g:1][CONSENSUS][PBFT]checkAndChangeView: Reach consensus,org_view=5791,org_changeCycle=0,cur_changeCycle=0,to_view=5792
info|2019-12-12 18:59:31.397172|[P2P][Service] heartBeat,connected count=4
info|2019-12-12 18:59:32.018323|[g:1][CONSENSUS]addRawPrepare,height=69,reqIdx=0,hash=6476e236...
info|2019-12-12 18:59:32.028147|[g:1][CONSENSUS][PBFT]checkTimeout Succ,view=5792,toView=5793,nodeIdx=3,changeCycle=0,myNode=82d7b9b6...,timecost=4.247
info|2019-12-12 18:59:32.030259|[g:1][CONSENSUS][PBFT]checkAndChangeView: Reach consensus,org_view=5792,org_changeCycle=0,cur_changeCycle=0,to_view=5793
info|2019-12-12 18:59:33.038982|[g:1][CONSENSUS]addRawPrepare,height=69,reqIdx=1,hash=358890b6...
info|2019-12-12 18:59:33.042314|[g:1][CONSENSUS][PBFT]checkTimeout Succ,view=5793,toView=5794,nodeIdx=3,changeCycle=0,myNode=82d7b9b6...,timecost=1.781
info|2019-12-12 18:59:33.044385|[g:1][CONSENSUS][PBFT]checkAndChangeView: Reach consensus,org_view=5793,org_changeCycle=0,cur_changeCycle=0,to_view=5794
info|2019-12-12 18:59:34.048825|[g:1][CONSENSUS]addRawPrepare,height=69,reqIdx=2,hash=d8e82277...
info|2019-12-12 18:59:34.057206|[g:1][CONSENSUS][PBFT]checkTimeout Succ,view=5794,toView=5795,nodeIdx=3,changeCycle=0,myNode=82d7b9b6...,timecost=4.202
info|2019-12-12 18:59:34.060269|[g:1][CONSENSUS][PBFT]checkAndChangeView: Reach consensus,org_view=5794,org_changeCycle=0,cur_changeCycle=0,to_view=5795
info|2019-12-12 18:59:35.061610|[g:1][CONSENSUS][SEALER]++++++++++++++++ Generating seal on,blkNum=69,tx=0,nodeIdx=3,hash=c22da8ca...
info|2019-12-12 18:59:35.079077|[g:1][CONSENSUS][PBFT]checkTimeout Succ,view=5795,toView=5796,nodeIdx=3,changeCycle=0,myNode=82d7b9b6...,timecost=0.827
info|2019-12-12 18:59:35.085301|[g:1][CONSENSUS][PBFT]checkAndChangeView: Reach consensus,org_view=5795,org_changeCycle=0,cur_changeCycle=0,to_view=5796
info|2019-12-12 18:59:36.086363|[g:1][CONSENSUS]addRawPrepare,height=69,reqIdx=0,hash=88151b03...
info|2019-12-12 18:59:36.086791|[g:1][CONSENSUS][PBFT]checkTimeout Succ,view=5796,toView=5797,nodeIdx=3,changeCycle=0,myNode=82d7b9b6...,timecost=0.389
info|2019-12-12 18:59:36.096752|[g:1][CONSENSUS][PBFT]checkAndChangeView: Reach consensus,org_view=5796,org_changeCycle=0,cur_changeCycle=0,to_view=5797
info|2019-12-12 18:59:37.112829|[g:1][CONSENSUS]addRawPrepare,height=69,reqIdx=1,hash=e04195cd...
info|2019-12-12 18:59:37.116197|[g:1][CONSENSUS][PBFT]checkTimeout Succ,view=5797,toView=5798,nodeIdx=3,changeCycle=0,myNode=82d7b9b6...,timecost=3.156
info|2019-12-12 18:59:37.119766|[g:1][CONSENSUS][PBFT]checkAndChangeView: Reach consensus,org_view=5797,org_changeCycle=0,cur_changeCycle=0,to_view=5798
info|2019-12-12 18:59:38.120762|[g:1][CONSENSUS]addRawPrepare,height=69,reqIdx=2,hash=4045da36...
info|2019-12-12 18:59:38.121175|[g:1][CONSENSUS][PBFT]checkTimeout Succ,view=5798,toView=5799,nodeIdx=3,changeCycle=0,myNode=82d7b9b6...,timecost=0.312
info|2019-12-12 18:59:38.129287|[g:1][CONSENSUS][PBFT]checkAndChangeView: Reach consensus,org_view=5798,org_changeCycle=0,cur_changeCycle=0,to_view=5799
info|2019-12-12 18:59:39.132469|[g:1][CONSENSUS][SEALER]++++++++++++++++ Generating seal on,blkNum=69,tx=0,nodeIdx=3,hash=84dc37ef...
info|2019-12-12 18:59:39.163245|[g:1][CONSENSUS][PBFT]checkTimeout Succ,view=5799,toView=5800,nodeIdx=3,changeCycle=0,myNode=82d7b9b6...,timecost=0.473
info|2019-12-12 18:59:39.165269|[g:1][CONSENSUS][PBFT]checkAndChangeView: Reach consensus,org_view=5799,org_changeCycle=0,cur_changeCycle=0,to_view=5800
info|2019-12-12 18:59:40.147487|[g:1][CONSENSUS]addRawPrepare,height=69,reqIdx=0,hash=f337aeac...
info|2019-12-12 18:59:40.148000|[g:1][CONSENSUS][PBFT]checkTimeout Succ,view=5800,toView=5801,nodeIdx=3,changeCycle=0,myNode=82d7b9b6...,timecost=0.46
info|2019-12-12 18:59:40.155586|[g:1][CONSENSUS][PBFT]checkAndChangeView: Reach consensus,org_view=5800,org_changeCycle=0,cur_changeCycle=0,to_view=5801
info|2019-12-12 18:59:41.160394|[g:1][CONSENSUS]addRawPrepare,height=69,reqIdx=1,hash=7d004a98...
info|2019-12-12 18:59:41.164017|[g:1][CONSENSUS][PBFT]checkTimeout Succ,view=5801,toView=5802,nodeIdx=3,changeCycle=0,myNode=82d7b9b6...,timecost=3.291
info|2019-12-12 18:59:41.165137|[g:1][CONSENSUS][PBFT]checkAndChangeView: Reach consensus,org_view=5801,org_changeCycle=0,cur_changeCycle=0,to_view=5802
info|2019-12-12 18:59:41.397813|[P2P][Service] heartBeat,connected count=4
info|2019-12-12 18:59:42.173641|[g:1][CONSENSUS]addRawPrepare,height=69,reqIdx=2,hash=451401a4...
info|2019-12-12 18:59:42.178316|[g:1][CONSENSUS][PBFT]checkTimeout Succ,view=5802,toView=5803,nodeIdx=3,changeCycle=0,myNode=82d7b9b6...,timecost=4.52
info|2019-12-12 18:59:42.181435|[g:1][CONSENSUS][PBFT]checkAndChangeView: Reach consensus,org_view=5802,org_changeCycle=0,cur_changeCycle=0,to_view=5803
info|2019-12-12 18:59:43.183343|[g:1][CONSENSUS][SEALER]++++++++++++++++ Generating seal on,blkNum=69,tx=0,nodeIdx=3,hash=b2fd77ef...
info|2019-12-12 18:59:43.198261|[g:1][CONSENSUS][PBFT]checkTimeout Succ,view=5803,toView=5804,nodeIdx=3,changeCycle=0,myNode=82d7b9b6...,timecost=0.421
info|2019-12-12 18:59:43.200435|[g:1][CONSENSUS][PBFT]checkAndChangeView: Reach consensus,org_view=5803,org_changeCycle=0,cur_changeCycle=0,to_view=5804
info|2019-12-12 18:59:44.199115|[g:1][CONSENSUS]addRawPrepare,height=69,reqIdx=0,hash=245f052a...
info|2019-12-12 18:59:44.201877|[g:1][CONSENSUS][PBFT]checkTimeout Succ,view=5804,toView=5805,nodeIdx=3,changeCycle=0,myNode=82d7b9b6...,timecost=2.712
info|2019-12-12 18:59:44.207348|[g:1][CONSENSUS][PBFT]checkAndChangeView: Reach consensus,org_view=5804,org_changeCycle=0,cur_changeCycle=0,to_view=5805
info|2019-12-12 18:59:45.212000|[g:1][CONSENSUS]addRawPrepare,height=69,reqIdx=1,hash=30d2c134...
info|2019-12-12 18:59:45.213102|[g:1][CONSENSUS][PBFT]checkTimeout Succ,view=5805,toView=5806,nodeIdx=3,changeCycle=0,myNode=82d7b9b6...,timecost=1.057
info|2019-12-12 18:59:45.215408|[g:1][CONSENSUS][PBFT]checkAndChangeView: Reach consensus,org_view=5805,org_changeCycle=0,cur_changeCycle=0,to_view=5806
info|2019-12-12 18:59:46.219296|[g:1][CONSENSUS]addRawPrepare,height=69,reqIdx=2,hash=6c88bb77...
info|2019-12-12 18:59:46.219912|[g:1][CONSENSUS][PBFT]checkTimeout Succ,view=5806,toView=5807,nodeIdx=3,changeCycle=0,myNode=82d7b9b6...,timecost=0.46
info|2019-12-12 18:59:46.228291|[g:1][CONSENSUS][PBFT]checkAndChangeView: Reach consensus,org_view=5806,org_changeCycle=0,cur_changeCycle=0,to_view=5807
info|2019-12-12 18:59:47.228722|[g:1][CONSENSUS][SEALER]++++++++++++++++ Generating seal on,blkNum=69,tx=0,nodeIdx=3,hash=54d60ea4...
info|2019-12-12 18:59:47.242144|[g:1][CONSENSUS][PBFT]checkTimeout Succ,view=5807,toView=5808,nodeIdx=3,changeCycle=0,myNode=82d7b9b6...,timecost=0.241
info|2019-12-12 18:59:47.243925|[g:1][CONSENSUS][PBFT]checkAndChangeView: Reach consensus,org_view=5807,org_changeCycle=0,cur_changeCycle=0,to_view=5808
info|2019-12-12 18:59:48.244323|[g:1][CONSENSUS]addRawPrepare,height=69,reqIdx=0,hash=6a517ecd...
info|2019-12-12 18:59:48.244737|[g:1][CONSENSUS][PBFT]checkTimeout Succ,view=5808,toView=5809,nodeIdx=3,changeCycle=0,myNode=82d7b9b6...,timecost=0.361
info|2019-12-12 18:59:48.251147|[g:1][CONSENSUS][PBFT]checkAndChangeView: Reach consensus,org_view=5808,org_changeCycle=0,cur_changeCycle=0,to_view=5809
info|2019-12-12 18:59:49.258153|[g:1][CONSENSUS]addRawPrepare,height=69,reqIdx=1,hash=d9da26a7...
info|2019-12-12 18:59:49.258660|[g:1][CONSENSUS][PBFT]checkTimeout Succ,view=5809,toView=5810,nodeIdx=3,changeCycle=0,myNode=82d7b9b6...,timecost=0.449
info|2019-12-12 18:59:49.266125|[g:1][CONSENSUS][PBFT]checkAndChangeView: Reach consensus,org_view=5809,org_changeCycle=0,cur_changeCycle=0,to_view=5810
info|2019-12-12 18:59:50.268866|[g:1][CONSENSUS]addRawPrepare,height=69,reqIdx=2,hash=e42ad68c...
info|2019-12-12 18:59:50.269277|[g:1][CONSENSUS][PBFT]checkTimeout Succ,view=5810,toView=5811,nodeIdx=3,changeCycle=0,myNode=82d7b9b6...,timecost=0.274
info|2019-12-12 18:59:50.275898|[g:1][CONSENSUS][PBFT]checkAndChangeView: Reach consensus,org_view=5810,org_changeCycle=0,cur_changeCycle=0,to_view=5811
info|2019-12-12 18:59:51.276364|[g:1][CONSENSUS][SEALER]++++++++++++++++ Generating seal on,blkNum=69,tx=0,nodeIdx=3,hash=661e2701...
info|2019-12-12 18:59:51.290442|[g:1][CONSENSUS][PBFT]checkTimeout Succ,view=5811,toView=5812,nodeIdx=3,changeCycle=0,myNode=82d7b9b6...,timecost=0.366
info|2019-12-12 18:59:51.292974|[g:1][CONSENSUS][PBFT]checkAndChangeView: Reach consensus,org_view=5811,org_changeCycle=0,cur_changeCycle=0,to_view=5812
info|2019-12-12 18:59:51.397988|[P2P][Service] heartBeat,connected count=4
info|2019-12-12 18:59:52.290366|[g:1][CONSENSUS]addRawPrepare,height=69,reqIdx=0,hash=c53c7255...
info|2019-12-12 18:59:52.290785|[g:1][CONSENSUS][PBFT]checkTimeout Succ,view=5812,toView=5813,nodeIdx=3,changeCycle=0,myNode=82d7b9b6...,timecost=0.366
info|2019-12-12 18:59:52.297236|[g:1][CONSENSUS][PBFT]checkAndChangeView: Reach consensus,org_view=5812,org_changeCycle=0,cur_changeCycle=0,to_view=5813
info|2019-12-12 18:59:53.302871|[g:1][CONSENSUS]addRawPrepare,height=69,reqIdx=1,hash=4d82148b...
info|2019-12-12 18:59:53.303271|[g:1][CONSENSUS][PBFT]checkTimeout Succ,view=5813,toView=5814,nodeIdx=3,changeCycle=0,myNode=82d7b9b6...,timecost=0.352
info|2019-12-12 18:59:53.308068|[g:1][CONSENSUS][PBFT]checkAndChangeView: Reach consensus,org_view=5813,org_changeCycle=0,cur_changeCycle=0,to_view=5814
info|2019-12-12 18:59:54.312142|[g:1][CONSENSUS]addRawPrepare,height=69,reqIdx=2,hash=5ba4cb9d...
info|2019-12-12 18:59:54.318967|[g:1][CONSENSUS][PBFT]checkTimeout Succ,view=5814,toView=5815,nodeIdx=3,changeCycle=0,myNode=82d7b9b6...,timecost=6.627
info|2019-12-12 18:59:54.322610|[g:1][CONSENSUS][PBFT]checkAndChangeView: Reach consensus,org_view=5814,org_changeCycle=0,cur_changeCycle=0,to_view=5815
info|2019-12-12 18:59:55.323767|[g:1][CONSENSUS][SEALER]++++++++++++++++ Generating seal on,blkNum=69,tx=0,nodeIdx=3,hash=06092cc3...
info|2019-12-12 18:59:55.340762|[g:1][CONSENSUS][PBFT]checkTimeout Succ,view=5815,toView=5816,nodeIdx=3,changeCycle=0,myNode=82d7b9b6...,timecost=0.325
info|2019-12-12 18:59:55.343774|[g:1][CONSENSUS][PBFT]checkAndChangeView: Reach consensus,org_view=5815,org_changeCycle=0,cur_changeCycle=0,to_view=5816
info|2019-12-12 18:59:56.339991|[g:1][CONSENSUS]addRawPrepare,height=69,reqIdx=0,hash=d5242f93...
info|2019-12-12 18:59:56.340281|[g:1][CONSENSUS][PBFT]checkTimeout Succ,view=5816,toView=5817,nodeIdx=3,changeCycle=0,myNode=82d7b9b6...,timecost=0.249
info|2019-12-12 18:59:56.345899|[g:1][CONSENSUS][PBFT]checkAndChangeView: Reach consensus,org_view=5816,org_changeCycle=0,cur_changeCycle=0,to_view=5817
info|2019-12-12 18:59:57.354576|[g:1][CONSENSUS][PBFT]Trigger fast-viewchange,view=5817,toView=5817,minView=5818,INFO=,reqNum=68,curNum=68,GenIdx=2,Cview=5818,view=5817,fromIdx=2,fromNode=824ae14a...,fromIp=127.0.0.1:30300,hash=3aedf695...,nodeIdx=3,myNode=82d7b9b6...
info|2019-12-12 18:59:57.356570|[g:1][CONSENSUS][PBFT]checkAndChangeView: Reach consensus,org_view=5817,org_changeCycle=0,cur_changeCycle=0,to_view=5818
info|2019-12-12 18:59:57.356780|[g:1][CONSENSUS][PBFT]checkTimeout Succ,view=5818,toView=5818,nodeIdx=3,changeCycle=0,myNode=82d7b9b6...,timecost=2.944
info|2019-12-12 18:59:58.361396|[g:1][CONSENSUS]addRawPrepare,height=69,reqIdx=2,hash=280d196a...
info|2019-12-12 18:59:58.361896|[g:1][CONSENSUS][PBFT]checkTimeout Succ,view=5818,toView=5819,nodeIdx=3,changeCycle=0,myNode=82d7b9b6...,timecost=0.387
info|2019-12-12 18:59:58.367792|[g:1][CONSENSUS][PBFT]checkAndChangeView: Reach consensus,org_view=5818,org_changeCycle=0,cur_changeCycle=0,to_view=5819
info|2019-12-12 18:59:59.369625|[g:1][CONSENSUS][SEALER]++++++++++++++++ Generating seal on,blkNum=69,tx=0,nodeIdx=3,hash=7c043d66...
info|2019-12-12 18:59:59.380601|[g:1][CONSENSUS][PBFT]checkTimeout Succ,view=5819,toView=5820,nodeIdx=3,changeCycle=0,myNode=82d7b9b6...,timecost=0.422
info|2019-12-12 18:59:59.382293|[g:1][CONSENSUS][PBFT]checkAndChangeView: Reach consensus,org_view=5819,org_changeCycle=0,cur_changeCycle=0,to_view=5820
