info|2019-12-12 15:56:03.384761|[INITIALIZER][initGlobalConfig],enableCompress=true,compatibilityVersion=2.1.0,versionNumber=33619968,chainId=1
info|2019-12-12 15:56:03.720812|[NETWORK][Host]Connecting to node,endpoint=127.0.0.1:30300
info|2019-12-12 15:56:03.733775|[NETWORK][Host]P2P StartAccept,Host=0.0.0.0:30301
info|2019-12-12 15:56:03.733976|[NETWORK][Host]P2P Recv Connect, From=127.0.0.1:51894
info|2019-12-12 15:56:03.734060|[NETWORK][Host]P2P StartAccept,Host=0.0.0.0:30301
info|2019-12-12 15:56:03.735170|[NETWORK][Host]Connecting to node,endpoint=127.0.0.1:30301
info|2019-12-12 15:56:03.735232|[NETWORK][Host]Connecting to node,endpoint=127.0.0.1:30302
info|2019-12-12 15:56:03.735438|[NETWORK][Host]Connecting to node,endpoint=127.0.0.1:30303
info|2019-12-12 15:56:03.735661|[P2P][Service] heartBeat,connected count=0
info|2019-12-12 15:56:03.768737|[NETWORK][Host]P2P Recv Connect, From=127.0.0.1:51902
info|2019-12-12 15:56:03.768835|[NETWORK][Host]P2P StartAccept,Host=0.0.0.0:30301
info|2019-12-12 15:56:03.768981|[NETWORK][ASIO]asyncResolveConnect,endpoint=127.0.0.1:30300
info|2019-12-12 15:56:03.769274|[NETWORK][ASIO]asyncResolveConnect,endpoint=127.0.0.1:30301
info|2019-12-12 15:56:03.769452|[NETWORK][ASIO]asyncResolveConnect,endpoint=127.0.0.1:30302
info|2019-12-12 15:56:03.769541|[NETWORK][ASIO]asyncResolveConnect,endpoint=127.0.0.1:30303
info|2019-12-12 15:56:03.771159|[NETWORK][Host]P2P Recv Connect, From=127.0.0.1:51912
info|2019-12-12 15:56:03.803466|[NETWORK][Host]P2P StartAccept,Host=0.0.0.0:30301
info|2019-12-12 15:56:03.816473|[CHANNEL]ChannelRPCServer started
info|2019-12-12 15:56:03.816539|[INITIALIZER][RPCInitializer]ChannelRPCHttpServer started.
info|2019-12-12 15:56:03.816581|[LedgerInitializer],groupConfigPath=conf/
info|2019-12-12 15:56:03.834044|[INITIALIZER][initSingleLedger] [GroupId]:  1
info|2019-12-12 15:56:03.834115|[g:1][LEDGER]LedgerConstructor,configPath=conf/group.1.genesis,baseDir=data//group1
info|2019-12-12 15:56:03.834146|[g:1][LEDGER][initGenesisConfig]initConsensusConfig/initDBConfig/initTxConfig,configFile=conf/group.1.genesis
info|2019-12-12 15:56:03.834264|[g:1][LEDGER][initConsensusConfig],it.first=824ae14a1c492a3b61d96b8fa5f51cf89b7cf60e32d0427f255c92bc5f712227af9cb010a0060848e49fc1d000476574576117d63732d6d10048b54b759ab9fd
info|2019-12-12 15:56:03.834296|[g:1][LEDGER][initConsensusConfig],it.first=82d7b9b6e624f1b9b8a44203b996e8c3fbe58020da540a317a76163ca2b0c53c6f95be274bba842b7dd1a0fc909f7d9cc74123065f77d79b23f988dc5f5efbdf
info|2019-12-12 15:56:03.834322|[g:1][LEDGER][initConsensusConfig],it.first=6a73c8131c3296502b6c1afaa888d73bb78659801a40317e63fdf7f6936eb455a4c5b3d10fe3f89f359c9bbdb31e2fdcca19dce5e133d9de2624e766605f14cf
info|2019-12-12 15:56:03.834346|[g:1][LEDGER][initConsensusConfig],it.first=1306daf6c04d2ac96e80e252f890bcaf391bc051feee63617fa88f69e216f370947fdb2ab06e2fd7645fcac76a3f605d56f23001f16a125660f0c14a93602043
info|2019-12-12 15:56:03.834402|[g:1][LEDGER][initIniConfig]initTxPoolConfig/initSyncConfig/initTxExecuteConfig,configFile=conf/group.1.ini
info|2019-12-12 15:56:03.848480|[g:1][LEDGER][initLedger][DBInitializer]
info|2019-12-12 15:56:03.848552|[g:1][DBINITIALIZER] [initRocksDBStorage]
info|2019-12-12 15:56:03.866523|[g:1][ROCKSDB]open rocksDB handler
info|2019-12-12 15:56:04.004267|[P2P][Service] Connection established,nodeID=6a73c813...,endpoint=127.0.0.1:51894
info|2019-12-12 15:56:04.017585|[NETWORK][Host]startPeerSession, From=127.0.0.1:51894,nodeID=6a73c813...
info|2019-12-12 15:56:04.017680|[NETWORK][Host]startPeerSession, From=127.0.0.1:51912,nodeID=82d7b9b6...
info|2019-12-12 15:56:04.067972|[NETWORK][Host]startPeerSession, From=127.0.0.1:30301,nodeID=82d7b9b6...
info|2019-12-12 15:56:04.068147|[P2P][Service] Connection established,nodeID=ef24e9ea...,endpoint=127.0.0.1:51902
info|2019-12-12 15:56:04.068833|[NETWORK][Host]startPeerSession, From=127.0.0.1:51902,nodeID=ef24e9ea...
info|2019-12-12 15:56:04.140612|[g:1][g:0][STORAGE][CachedStorage]Init flushStorage thread
info|2019-12-12 15:56:04.141128|[g:1][BLOCKCHAIN][#checkAndBuildGenesisBlock]Already have the 0th block, 0th groupMark is equal to file groupMark.
info|2019-12-12 15:56:04.180552|[P2P][Service] Connection established,nodeID=1306daf6...,endpoint=127.0.0.1:30303
info|2019-12-12 15:56:04.180594|[NETWORK][Host]startPeerSession, From=127.0.0.1:30303,nodeID=1306daf6...
info|2019-12-12 15:56:04.191685|[P2P][Service] Connection established,nodeID=824ae14a...,endpoint=127.0.0.1:30300
info|2019-12-12 15:56:04.191772|[NETWORK][Host]startPeerSession, From=127.0.0.1:30300,nodeID=824ae14a...
info|2019-12-12 15:56:04.208232|[NETWORK][Host]startPeerSession, From=127.0.0.1:30302,nodeID=6a73c813...
info|2019-12-12 15:56:04.219651|[g:1][CONSENSUS][PBFT]Register handler for PBFTEngine
info|2019-12-12 15:56:04.219705|[g:1][CONSENSUS][PBFT],minBlockGenerationTime=500
info|2019-12-12 15:56:04.219729|[LedgerInitializer init group succ],groupID=1
info|2019-12-12 15:56:04.220661|[INITIALIZER][RPCInitializer]JsonrpcHttpServer started.
info|2019-12-12 15:56:04.228669|[g:1][LEDGER]startAll...
info|2019-12-12 15:56:04.231601|[g:1][CONSENSUS][PBFT]^^^^^^^^Report,num=68,sealerIdx=0,hash=3aedf695...,next=69,tx=1,nodeIdx=3
warning|2019-12-12 15:56:04.238921|[SYNC][id:82d7b9b6...][Status]Peer data not found,nodeId=824ae14a...
info|2019-12-12 15:56:04.291467|[g:1][CONSENSUS][PBFT][PBFT init env successfully]
info|2019-12-12 15:56:04.292064|[g:1][CONSENSUS][ConsensusEngine][Start ConsensusEngineBase]
info|2019-12-12 15:56:04.301846|[g:1][CONSENSUS][PBFT][Start PBFTEngine...]
info|2019-12-12 15:56:04.301902|[g:1][CONSENSUS][SEALER][Start sealer module]
info|2019-12-12 15:56:04.307734|[g:1][EVENT][EventLogFilterManager]start,m_maxBlockRange=0,m_maxBlockPerLoopFilter=3
info|2019-12-12 15:56:05.317088|[g:1][CONSENSUS]addRawPrepare,height=69,reqIdx=0,hash=063d72aa...
info|2019-12-12 15:56:05.317622|[g:1][CONSENSUS][PBFT]checkTimeout Succ,view=0,toView=1,nodeIdx=3,changeCycle=0,myNode=82d7b9b6...,timecost=0.346
info|2019-12-12 15:56:05.327716|[g:1][CONSENSUS][PBFT]checkAndChangeView: Reach consensus,org_view=0,org_changeCycle=0,cur_changeCycle=0,to_view=1
info|2019-12-12 15:56:06.332040|[g:1][CONSENSUS]addRawPrepare,height=69,reqIdx=1,hash=c18eee29...
info|2019-12-12 15:56:06.367505|[g:1][CONSENSUS][PBFT]checkTimeout Succ,view=1,toView=2,nodeIdx=3,changeCycle=0,myNode=82d7b9b6...,timecost=28.104
info|2019-12-12 15:56:06.371486|[g:1][CONSENSUS][PBFT]checkAndChangeView: Reach consensus,org_view=1,org_changeCycle=0,cur_changeCycle=0,to_view=2
info|2019-12-12 15:56:07.374967|[g:1][CONSENSUS]addRawPrepare,height=69,reqIdx=2,hash=3536f888...
info|2019-12-12 15:56:07.385503|[g:1][CONSENSUS][PBFT]checkTimeout Succ,view=2,toView=3,nodeIdx=3,changeCycle=0,myNode=82d7b9b6...,timecost=2.697
info|2019-12-12 15:56:07.394924|[g:1][CONSENSUS][PBFT]checkAndChangeView: Reach consensus,org_view=2,org_changeCycle=0,cur_changeCycle=0,to_view=3
info|2019-12-12 15:56:08.396999|[g:1][CONSENSUS][SEALER]++++++++++++++++ Generating seal on,blkNum=69,tx=0,nodeIdx=3,hash=cad85c07...
info|2019-12-12 15:56:08.428706|[g:1][CONSENSUS][PBFT]checkTimeout Succ,view=3,toView=4,nodeIdx=3,changeCycle=0,myNode=82d7b9b6...,timecost=0.255
info|2019-12-12 15:56:08.433750|[g:1][CONSENSUS][PBFT]checkAndChangeView: Reach consensus,org_view=3,org_changeCycle=0,cur_changeCycle=0,to_view=4
info|2019-12-12 15:56:09.450972|[g:1][CONSENSUS]addRawPrepare,height=69,reqIdx=0,hash=74975d66...
info|2019-12-12 15:56:09.451426|[g:1][CONSENSUS][PBFT]checkTimeout Succ,view=4,toView=5,nodeIdx=3,changeCycle=0,myNode=82d7b9b6...,timecost=0.264
info|2019-12-12 15:56:09.458895|[g:1][CONSENSUS][PBFT]checkAndChangeView: Reach consensus,org_view=4,org_changeCycle=0,cur_changeCycle=0,to_view=5
info|2019-12-12 15:56:10.473192|[g:1][CONSENSUS]addRawPrepare,height=69,reqIdx=1,hash=f44ec5d0...
info|2019-12-12 15:56:10.473680|[g:1][CONSENSUS][PBFT]checkTimeout Succ,view=5,toView=6,nodeIdx=3,changeCycle=0,myNode=82d7b9b6...,timecost=0.428
info|2019-12-12 15:56:10.483514|[g:1][CONSENSUS][PBFT]checkAndChangeView: Reach consensus,org_view=5,org_changeCycle=0,cur_changeCycle=0,to_view=6
info|2019-12-12 15:56:11.489643|[g:1][CONSENSUS]addRawPrepare,height=69,reqIdx=2,hash=bc1d7292...
info|2019-12-12 15:56:11.494835|[g:1][CONSENSUS][PBFT]checkTimeout Succ,view=6,toView=7,nodeIdx=3,changeCycle=0,myNode=82d7b9b6...,timecost=5.099
info|2019-12-12 15:56:11.506149|[g:1][CONSENSUS][PBFT]checkAndChangeView: Reach consensus,org_view=6,org_changeCycle=0,cur_changeCycle=0,to_view=7
info|2019-12-12 15:56:12.506767|[g:1][CONSENSUS][SEALER]++++++++++++++++ Generating seal on,blkNum=69,tx=0,nodeIdx=3,hash=759389bc...
info|2019-12-12 15:56:12.528372|[g:1][CONSENSUS][PBFT]checkTimeout Succ,view=7,toView=8,nodeIdx=3,changeCycle=0,myNode=82d7b9b6...,timecost=0.247
info|2019-12-12 15:56:12.532866|[g:1][CONSENSUS][PBFT]checkAndChangeView: Reach consensus,org_view=7,org_changeCycle=0,cur_changeCycle=0,to_view=8
info|2019-12-12 15:56:13.526551|[g:1][CONSENSUS]addRawPrepare,height=69,reqIdx=0,hash=dc704895...
info|2019-12-12 15:56:13.527052|[g:1][CONSENSUS][PBFT]checkTimeout Succ,view=8,toView=9,nodeIdx=3,changeCycle=0,myNode=82d7b9b6...,timecost=0.346
info|2019-12-12 15:56:13.537112|[g:1][CONSENSUS][PBFT]checkAndChangeView: Reach consensus,org_view=8,org_changeCycle=0,cur_changeCycle=0,to_view=9
info|2019-12-12 15:56:13.669770|[NETWORK][Host]P2P Recv Connect, From=127.0.0.1:51926
info|2019-12-12 15:56:13.669845|[NETWORK][Host]P2P StartAccept,Host=0.0.0.0:30301
info|2019-12-12 15:56:13.700897|[NETWORK][Host]P2P Recv Connect, From=127.0.0.1:51932
info|2019-12-12 15:56:13.701406|[NETWORK][Host]P2P StartAccept,Host=0.0.0.0:30301
info|2019-12-12 15:56:13.735990|[P2P][Service] heartBeat,connected count=4
info|2019-12-12 15:56:13.749104|[NETWORK][Host]startPeerSession, From=127.0.0.1:51926,nodeID=824ae14a...
info|2019-12-12 15:56:13.816279|[NETWORK][Host]startPeerSession, From=127.0.0.1:51932,nodeID=1306daf6...
info|2019-12-12 15:56:14.556463|[g:1][CONSENSUS]addRawPrepare,height=69,reqIdx=1,hash=32772df4...
info|2019-12-12 15:56:14.556787|[g:1][CONSENSUS][PBFT]checkTimeout Succ,view=9,toView=10,nodeIdx=3,changeCycle=0,myNode=82d7b9b6...,timecost=0.298
info|2019-12-12 15:56:14.559466|[g:1][CONSENSUS][PBFT]checkAndChangeView: Reach consensus,org_view=9,org_changeCycle=0,cur_changeCycle=0,to_view=10
info|2019-12-12 15:56:15.569723|[g:1][CONSENSUS]addRawPrepare,height=69,reqIdx=2,hash=12763599...
info|2019-12-12 15:56:15.570143|[g:1][CONSENSUS][PBFT]checkTimeout Succ,view=10,toView=11,nodeIdx=3,changeCycle=0,myNode=82d7b9b6...,timecost=0.306
info|2019-12-12 15:56:15.576604|[g:1][CONSENSUS][PBFT]checkAndChangeView: Reach consensus,org_view=10,org_changeCycle=0,cur_changeCycle=0,to_view=11
info|2019-12-12 15:56:16.578264|[g:1][CONSENSUS][SEALER]++++++++++++++++ Generating seal on,blkNum=69,tx=0,nodeIdx=3,hash=7b6a57fe...
info|2019-12-12 15:56:16.649810|[g:1][CONSENSUS][PBFT]checkTimeout Succ,view=11,toView=12,nodeIdx=3,changeCycle=0,myNode=82d7b9b6...,timecost=0.732
info|2019-12-12 15:56:16.695532|[g:1][CONSENSUS][PBFT]checkAndChangeView: Reach consensus,org_view=11,org_changeCycle=0,cur_changeCycle=0,to_view=12
info|2019-12-12 15:56:17.692393|[g:1][CONSENSUS]addRawPrepare,height=69,reqIdx=0,hash=7c046305...
info|2019-12-12 15:56:17.692724|[g:1][CONSENSUS][PBFT]checkTimeout Succ,view=12,toView=13,nodeIdx=3,changeCycle=0,myNode=82d7b9b6...,timecost=0.227
info|2019-12-12 15:56:17.705059|[g:1][CONSENSUS][PBFT]checkAndChangeView: Reach consensus,org_view=12,org_changeCycle=0,cur_changeCycle=0,to_view=13
info|2019-12-12 15:56:18.719080|[g:1][CONSENSUS]addRawPrepare,height=69,reqIdx=1,hash=39a3b897...
info|2019-12-12 15:56:18.725216|[g:1][CONSENSUS][PBFT]checkTimeout Succ,view=13,toView=14,nodeIdx=3,changeCycle=0,myNode=82d7b9b6...,timecost=6.079
info|2019-12-12 15:56:18.741525|[g:1][CONSENSUS][PBFT]checkAndChangeView: Reach consensus,org_view=13,org_changeCycle=0,cur_changeCycle=0,to_view=14
info|2019-12-12 15:56:19.742259|[g:1][CONSENSUS]addRawPrepare,height=69,reqIdx=2,hash=e4104f78...
info|2019-12-12 15:56:19.742643|[g:1][CONSENSUS][PBFT]checkTimeout Succ,view=14,toView=15,nodeIdx=3,changeCycle=0,myNode=82d7b9b6...,timecost=0.285
info|2019-12-12 15:56:19.771399|[g:1][CONSENSUS][PBFT]checkAndChangeView: Reach consensus,org_view=14,org_changeCycle=0,cur_changeCycle=0,to_view=15
info|2019-12-12 15:56:20.771214|[g:1][CONSENSUS][SEALER]++++++++++++++++ Generating seal on,blkNum=69,tx=0,nodeIdx=3,hash=8506cba0...
info|2019-12-12 15:56:20.785488|[g:1][CONSENSUS][PBFT]checkTimeout Succ,view=15,toView=16,nodeIdx=3,changeCycle=0,myNode=82d7b9b6...,timecost=0.474
info|2019-12-12 15:56:20.787758|[g:1][CONSENSUS][PBFT]checkAndChangeView: Reach consensus,org_view=15,org_changeCycle=0,cur_changeCycle=0,to_view=16
info|2019-12-12 15:56:21.783115|[g:1][CONSENSUS]addRawPrepare,height=69,reqIdx=0,hash=7e26b01b...
info|2019-12-12 15:56:21.783649|[g:1][CONSENSUS][PBFT]checkTimeout Succ,view=16,toView=17,nodeIdx=3,changeCycle=0,myNode=82d7b9b6...,timecost=0.216
info|2019-12-12 15:56:21.792291|[g:1][CONSENSUS][PBFT]checkAndChangeView: Reach consensus,org_view=16,org_changeCycle=0,cur_changeCycle=0,to_view=17
info|2019-12-12 15:56:22.793500|[g:1][CONSENSUS]addRawPrepare,height=69,reqIdx=1,hash=07981d5b...
info|2019-12-12 15:56:22.793874|[g:1][CONSENSUS][PBFT]checkTimeout Succ,view=17,toView=18,nodeIdx=3,changeCycle=0,myNode=82d7b9b6...,timecost=0.341
info|2019-12-12 15:56:22.798087|[g:1][CONSENSUS][PBFT]checkAndChangeView: Reach consensus,org_view=17,org_changeCycle=0,cur_changeCycle=0,to_view=18
info|2019-12-12 15:56:23.736256|[P2P][Service] heartBeat,connected count=4
info|2019-12-12 15:56:23.801173|[g:1][CONSENSUS]addRawPrepare,height=69,reqIdx=2,hash=8b514eb3...
info|2019-12-12 15:56:23.801509|[g:1][CONSENSUS][PBFT]checkTimeout Succ,view=18,toView=19,nodeIdx=3,changeCycle=0,myNode=82d7b9b6...,timecost=0.245
info|2019-12-12 15:56:23.807792|[g:1][CONSENSUS][PBFT]checkAndChangeView: Reach consensus,org_view=18,org_changeCycle=0,cur_changeCycle=0,to_view=19
info|2019-12-12 15:56:24.808872|[g:1][CONSENSUS][SEALER]++++++++++++++++ Generating seal on,blkNum=69,tx=0,nodeIdx=3,hash=6851d219...
info|2019-12-12 15:56:24.822458|[g:1][CONSENSUS][PBFT]checkTimeout Succ,view=19,toView=20,nodeIdx=3,changeCycle=0,myNode=82d7b9b6...,timecost=0.454
info|2019-12-12 15:56:24.824106|[g:1][CONSENSUS][PBFT]checkAndChangeView: Reach consensus,org_view=19,org_changeCycle=0,cur_changeCycle=0,to_view=20
info|2019-12-12 15:56:25.822816|[g:1][CONSENSUS]addRawPrepare,height=69,reqIdx=0,hash=1f7d232d...
info|2019-12-12 15:56:25.823397|[g:1][CONSENSUS][PBFT]checkTimeout Succ,view=20,toView=21,nodeIdx=3,changeCycle=0,myNode=82d7b9b6...,timecost=0.438
info|2019-12-12 15:56:25.834137|[g:1][CONSENSUS][PBFT]checkAndChangeView: Reach consensus,org_view=20,org_changeCycle=0,cur_changeCycle=0,to_view=21
info|2019-12-12 15:56:26.837397|[g:1][CONSENSUS]addRawPrepare,height=69,reqIdx=1,hash=b75d1618...
info|2019-12-12 15:56:26.837773|[g:1][CONSENSUS][PBFT]checkTimeout Succ,view=21,toView=22,nodeIdx=3,changeCycle=0,myNode=82d7b9b6...,timecost=0.282
info|2019-12-12 15:56:26.842648|[g:1][CONSENSUS][PBFT]checkAndChangeView: Reach consensus,org_view=21,org_changeCycle=0,cur_changeCycle=0,to_view=22
info|2019-12-12 15:56:27.843485|[g:1][CONSENSUS]addRawPrepare,height=69,reqIdx=2,hash=fe5bfb6f...
info|2019-12-12 15:56:27.843837|[g:1][CONSENSUS][PBFT]checkTimeout Succ,view=22,toView=23,nodeIdx=3,changeCycle=0,myNode=82d7b9b6...,timecost=0.251
info|2019-12-12 15:56:27.849973|[g:1][CONSENSUS][PBFT]checkAndChangeView: Reach consensus,org_view=22,org_changeCycle=0,cur_changeCycle=0,to_view=23
info|2019-12-12 15:56:28.850459|[g:1][CONSENSUS][SEALER]++++++++++++++++ Generating seal on,blkNum=69,tx=0,nodeIdx=3,hash=bdd4f477...
info|2019-12-12 15:56:28.865653|[g:1][CONSENSUS][PBFT]checkTimeout Succ,view=23,toView=24,nodeIdx=3,changeCycle=0,myNode=82d7b9b6...,timecost=0.31
info|2019-12-12 15:56:28.870504|[g:1][CONSENSUS][PBFT]checkAndChangeView: Reach consensus,org_view=23,org_changeCycle=0,cur_changeCycle=0,to_view=24
info|2019-12-12 15:56:29.866178|[g:1][CONSENSUS]addRawPrepare,height=69,reqIdx=0,hash=fbf0b872...
info|2019-12-12 15:56:29.866755|[g:1][CONSENSUS][PBFT]checkTimeout Succ,view=24,toView=25,nodeIdx=3,changeCycle=0,myNode=82d7b9b6...,timecost=0.383
info|2019-12-12 15:56:29.873319|[g:1][CONSENSUS][PBFT]checkAndChangeView: Reach consensus,org_view=24,org_changeCycle=0,cur_changeCycle=0,to_view=25
info|2019-12-12 15:56:30.874593|[g:1][CONSENSUS]addRawPrepare,height=69,reqIdx=1,hash=ce17c9b0...
info|2019-12-12 15:56:30.874931|[g:1][CONSENSUS][PBFT]checkTimeout Succ,view=25,toView=26,nodeIdx=3,changeCycle=0,myNode=82d7b9b6...,timecost=0.309
info|2019-12-12 15:56:30.877813|[g:1][CONSENSUS][PBFT]checkAndChangeView: Reach consensus,org_view=25,org_changeCycle=0,cur_changeCycle=0,to_view=26
info|2019-12-12 15:56:31.880610|[g:1][CONSENSUS]addRawPrepare,height=69,reqIdx=2,hash=ce07f6e1...
info|2019-12-12 15:56:31.882386|[g:1][CONSENSUS][PBFT]checkTimeout Succ,view=26,toView=27,nodeIdx=3,changeCycle=0,myNode=82d7b9b6...,timecost=1.555
info|2019-12-12 15:56:31.896237|[g:1][CONSENSUS][PBFT]checkAndChangeView: Reach consensus,org_view=26,org_changeCycle=0,cur_changeCycle=0,to_view=27
info|2019-12-12 15:56:32.896680|[g:1][CONSENSUS][SEALER]++++++++++++++++ Generating seal on,blkNum=69,tx=0,nodeIdx=3,hash=7c9130c7...
info|2019-12-12 15:56:32.912411|[g:1][CONSENSUS][PBFT]checkTimeout Succ,view=27,toView=28,nodeIdx=3,changeCycle=0,myNode=82d7b9b6...,timecost=0.251
info|2019-12-12 15:56:32.914522|[g:1][CONSENSUS][PBFT]checkAndChangeView: Reach consensus,org_view=27,org_changeCycle=0,cur_changeCycle=0,to_view=28
info|2019-12-12 15:56:33.737141|[P2P][Service] heartBeat,connected count=4
info|2019-12-12 15:56:33.912165|[g:1][CONSENSUS]addRawPrepare,height=69,reqIdx=0,hash=3f9970b6...
info|2019-12-12 15:56:33.912882|[g:1][CONSENSUS][PBFT]checkTimeout Succ,view=28,toView=29,nodeIdx=3,changeCycle=0,myNode=82d7b9b6...,timecost=0.407
info|2019-12-12 15:56:33.921887|[g:1][CONSENSUS][PBFT]checkAndChangeView: Reach consensus,org_view=28,org_changeCycle=0,cur_changeCycle=0,to_view=29
info|2019-12-12 15:56:34.926656|[g:1][CONSENSUS]addRawPrepare,height=69,reqIdx=1,hash=1bac02de...
info|2019-12-12 15:56:34.928267|[g:1][CONSENSUS][PBFT]checkTimeout Succ,view=29,toView=30,nodeIdx=3,changeCycle=0,myNode=82d7b9b6...,timecost=1.562
info|2019-12-12 15:56:34.930985|[g:1][CONSENSUS][PBFT]checkAndChangeView: Reach consensus,org_view=29,org_changeCycle=0,cur_changeCycle=0,to_view=30
info|2019-12-12 15:56:35.934867|[g:1][CONSENSUS]addRawPrepare,height=69,reqIdx=2,hash=d2ba2a99...
info|2019-12-12 15:56:35.941570|[g:1][CONSENSUS][PBFT]checkTimeout Succ,view=30,toView=31,nodeIdx=3,changeCycle=0,myNode=82d7b9b6...,timecost=6.423
info|2019-12-12 15:56:35.944554|[g:1][CONSENSUS][PBFT]checkAndChangeView: Reach consensus,org_view=30,org_changeCycle=0,cur_changeCycle=0,to_view=31
info|2019-12-12 15:56:36.944849|[g:1][CONSENSUS][SEALER]++++++++++++++++ Generating seal on,blkNum=69,tx=0,nodeIdx=3,hash=71ccd7b6...
info|2019-12-12 15:56:36.956571|[g:1][CONSENSUS][PBFT]checkTimeout Succ,view=31,toView=32,nodeIdx=3,changeCycle=0,myNode=82d7b9b6...,timecost=0.27
info|2019-12-12 15:56:36.957908|[g:1][CONSENSUS][PBFT]checkAndChangeView: Reach consensus,org_view=31,org_changeCycle=0,cur_changeCycle=0,to_view=32
info|2019-12-12 15:56:37.958548|[g:1][CONSENSUS]addRawPrepare,height=69,reqIdx=0,hash=6093fad3...
info|2019-12-12 15:56:37.959056|[g:1][CONSENSUS][PBFT]checkTimeout Succ,view=32,toView=33,nodeIdx=3,changeCycle=0,myNode=82d7b9b6...,timecost=0.356
info|2019-12-12 15:56:37.965785|[g:1][CONSENSUS][PBFT]checkAndChangeView: Reach consensus,org_view=32,org_changeCycle=0,cur_changeCycle=0,to_view=33
info|2019-12-12 15:56:38.972367|[g:1][CONSENSUS]addRawPrepare,height=69,reqIdx=1,hash=f918c44a...
info|2019-12-12 15:56:38.976606|[g:1][CONSENSUS][PBFT]checkTimeout Succ,view=33,toView=34,nodeIdx=3,changeCycle=0,myNode=82d7b9b6...,timecost=3.944
info|2019-12-12 15:56:38.977129|[g:1][CONSENSUS][PBFT]checkAndChangeView: Reach consensus,org_view=33,org_changeCycle=0,cur_changeCycle=0,to_view=34
info|2019-12-12 15:56:39.979493|[g:1][CONSENSUS]addRawPrepare,height=69,reqIdx=2,hash=5aad10b0...
info|2019-12-12 15:56:39.986505|[g:1][CONSENSUS][PBFT]checkTimeout Succ,view=34,toView=35,nodeIdx=3,changeCycle=0,myNode=82d7b9b6...,timecost=6.802
info|2019-12-12 15:56:39.990165|[g:1][CONSENSUS][PBFT]checkAndChangeView: Reach consensus,org_view=34,org_changeCycle=0,cur_changeCycle=0,to_view=35
info|2019-12-12 15:56:40.990536|[g:1][CONSENSUS][SEALER]++++++++++++++++ Generating seal on,blkNum=69,tx=0,nodeIdx=3,hash=f59cf0b4...
info|2019-12-12 15:56:40.999445|[g:1][CONSENSUS][PBFT]checkTimeout Succ,view=35,toView=36,nodeIdx=3,changeCycle=0,myNode=82d7b9b6...,timecost=0.248
info|2019-12-12 15:56:41.000836|[g:1][CONSENSUS][PBFT]checkAndChangeView: Reach consensus,org_view=35,org_changeCycle=0,cur_changeCycle=0,to_view=36
info|2019-12-12 15:56:42.000661|[g:1][CONSENSUS]addRawPrepare,height=69,reqIdx=0,hash=70868d83...
info|2019-12-12 15:56:42.001403|[g:1][CONSENSUS][PBFT]checkTimeout Succ,view=36,toView=37,nodeIdx=3,changeCycle=0,myNode=82d7b9b6...,timecost=0.607
info|2019-12-12 15:56:42.008538|[g:1][CONSENSUS][PBFT]checkAndChangeView: Reach consensus,org_view=36,org_changeCycle=0,cur_changeCycle=0,to_view=37
info|2019-12-12 15:56:43.010395|[g:1][CONSENSUS]addRawPrepare,height=69,reqIdx=1,hash=492b03b6...
info|2019-12-12 15:56:43.010799|[g:1][CONSENSUS][PBFT]checkTimeout Succ,view=37,toView=38,nodeIdx=3,changeCycle=0,myNode=82d7b9b6...,timecost=0.371
info|2019-12-12 15:56:43.016396|[g:1][CONSENSUS][PBFT]checkAndChangeView: Reach consensus,org_view=37,org_changeCycle=0,cur_changeCycle=0,to_view=38
info|2019-12-12 15:56:43.737518|[P2P][Service] heartBeat,connected count=4
info|2019-12-12 15:56:44.018692|[g:1][CONSENSUS]addRawPrepare,height=69,reqIdx=2,hash=1b3e2936...
info|2019-12-12 15:56:44.021708|[g:1][CONSENSUS][PBFT]checkTimeout Succ,view=38,toView=39,nodeIdx=3,changeCycle=0,myNode=82d7b9b6...,timecost=2.889
info|2019-12-12 15:56:44.026437|[g:1][CONSENSUS][PBFT]checkAndChangeView: Reach consensus,org_view=38,org_changeCycle=0,cur_changeCycle=0,to_view=39
info|2019-12-12 15:56:45.026522|[g:1][CONSENSUS][SEALER]++++++++++++++++ Generating seal on,blkNum=69,tx=0,nodeIdx=3,hash=b3db7448...
info|2019-12-12 15:56:45.040125|[g:1][CONSENSUS][PBFT]checkTimeout Succ,view=39,toView=40,nodeIdx=3,changeCycle=0,myNode=82d7b9b6...,timecost=0.35
info|2019-12-12 15:56:45.041355|[g:1][CONSENSUS][PBFT]checkAndChangeView: Reach consensus,org_view=39,org_changeCycle=0,cur_changeCycle=0,to_view=40
info|2019-12-12 15:56:46.039885|[g:1][CONSENSUS]addRawPrepare,height=69,reqIdx=0,hash=b89364ec...
info|2019-12-12 15:56:46.047524|[g:1][CONSENSUS][PBFT]checkTimeout Succ,view=40,toView=41,nodeIdx=3,changeCycle=0,myNode=82d7b9b6...,timecost=7.504
info|2019-12-12 15:56:46.051781|[g:1][CONSENSUS][PBFT]checkAndChangeView: Reach consensus,org_view=40,org_changeCycle=0,cur_changeCycle=0,to_view=41
info|2019-12-12 15:56:47.054023|[g:1][CONSENSUS]addRawPrepare,height=69,reqIdx=1,hash=0238d81d...
info|2019-12-12 15:56:47.054490|[g:1][CONSENSUS][PBFT]checkTimeout Succ,view=41,toView=42,nodeIdx=3,changeCycle=0,myNode=82d7b9b6...,timecost=0.4
info|2019-12-12 15:56:47.061652|[g:1][CONSENSUS][PBFT]checkAndChangeView: Reach consensus,org_view=41,org_changeCycle=0,cur_changeCycle=0,to_view=42
info|2019-12-12 15:56:48.062703|[g:1][CONSENSUS]addRawPrepare,height=69,reqIdx=2,hash=cb4ff3b1...
info|2019-12-12 15:56:48.063273|[g:1][CONSENSUS][PBFT]checkTimeout Succ,view=42,toView=43,nodeIdx=3,changeCycle=0,myNode=82d7b9b6...,timecost=0.366
info|2019-12-12 15:56:48.070190|[g:1][CONSENSUS][PBFT]checkAndChangeView: Reach consensus,org_view=42,org_changeCycle=0,cur_changeCycle=0,to_view=43
info|2019-12-12 15:56:49.071190|[g:1][CONSENSUS][SEALER]++++++++++++++++ Generating seal on,blkNum=69,tx=0,nodeIdx=3,hash=cb92a569...
info|2019-12-12 15:56:49.081744|[g:1][CONSENSUS][PBFT]checkTimeout Succ,view=43,toView=44,nodeIdx=3,changeCycle=0,myNode=82d7b9b6...,timecost=0.278
info|2019-12-12 15:56:49.083558|[g:1][CONSENSUS][PBFT]checkAndChangeView: Reach consensus,org_view=43,org_changeCycle=0,cur_changeCycle=0,to_view=44
info|2019-12-12 15:56:50.083183|[g:1][CONSENSUS]addRawPrepare,height=69,reqIdx=0,hash=929c23a5...
info|2019-12-12 15:56:50.083590|[g:1][CONSENSUS][PBFT]checkTimeout Succ,view=44,toView=45,nodeIdx=3,changeCycle=0,myNode=82d7b9b6...,timecost=0.321
info|2019-12-12 15:56:50.091111|[g:1][CONSENSUS][PBFT]checkAndChangeView: Reach consensus,org_view=44,org_changeCycle=0,cur_changeCycle=0,to_view=45
info|2019-12-12 15:56:51.093670|[g:1][CONSENSUS]addRawPrepare,height=69,reqIdx=1,hash=a4a33bcd...
info|2019-12-12 15:56:51.093950|[g:1][CONSENSUS][PBFT]checkTimeout Succ,view=45,toView=46,nodeIdx=3,changeCycle=0,myNode=82d7b9b6...,timecost=0.246
info|2019-12-12 15:56:51.094724|[g:1][CONSENSUS][PBFT]checkAndChangeView: Reach consensus,org_view=45,org_changeCycle=0,cur_changeCycle=0,to_view=46
info|2019-12-12 15:56:52.099777|[g:1][CONSENSUS]addRawPrepare,height=69,reqIdx=2,hash=9a983b3c...
info|2019-12-12 15:56:52.100148|[g:1][CONSENSUS][PBFT]checkTimeout Succ,view=46,toView=47,nodeIdx=3,changeCycle=0,myNode=82d7b9b6...,timecost=0.286
info|2019-12-12 15:56:52.104279|[g:1][CONSENSUS][PBFT]checkAndChangeView: Reach consensus,org_view=46,org_changeCycle=0,cur_changeCycle=0,to_view=47
info|2019-12-12 15:56:53.105168|[g:1][CONSENSUS][SEALER]++++++++++++++++ Generating seal on,blkNum=69,tx=0,nodeIdx=3,hash=37f4e93c...
info|2019-12-12 15:56:53.114920|[g:1][CONSENSUS][PBFT]checkTimeout Succ,view=47,toView=48,nodeIdx=3,changeCycle=0,myNode=82d7b9b6...,timecost=0.227
info|2019-12-12 15:56:53.116083|[g:1][CONSENSUS][PBFT]checkAndChangeView: Reach consensus,org_view=47,org_changeCycle=0,cur_changeCycle=0,to_view=48
info|2019-12-12 15:56:53.737647|[P2P][Service] heartBeat,connected count=4
info|2019-12-12 15:56:54.114906|[g:1][CONSENSUS]addRawPrepare,height=69,reqIdx=0,hash=5c9cef06...
info|2019-12-12 15:56:54.116193|[g:1][CONSENSUS][PBFT]checkTimeout Succ,view=48,toView=49,nodeIdx=3,changeCycle=0,myNode=82d7b9b6...,timecost=0.258
info|2019-12-12 15:56:54.127529|[g:1][CONSENSUS][PBFT]checkAndChangeView: Reach consensus,org_view=48,org_changeCycle=0,cur_changeCycle=0,to_view=49
info|2019-12-12 15:56:55.132291|[g:1][CONSENSUS]addRawPrepare,height=69,reqIdx=1,hash=281f9dde...
info|2019-12-12 15:56:55.132602|[g:1][CONSENSUS][PBFT]checkTimeout Succ,view=49,toView=50,nodeIdx=3,changeCycle=0,myNode=82d7b9b6...,timecost=0.281
info|2019-12-12 15:56:55.135658|[g:1][CONSENSUS][PBFT]checkAndChangeView: Reach consensus,org_view=49,org_changeCycle=0,cur_changeCycle=0,to_view=50
info|2019-12-12 15:56:56.152650|[g:1][CONSENSUS]addRawPrepare,height=69,reqIdx=2,hash=b378859f...
info|2019-12-12 15:56:56.152990|[g:1][CONSENSUS][PBFT]checkTimeout Succ,view=50,toView=51,nodeIdx=3,changeCycle=0,myNode=82d7b9b6...,timecost=0.248
info|2019-12-12 15:56:56.160168|[g:1][CONSENSUS][PBFT]checkAndChangeView: Reach consensus,org_view=50,org_changeCycle=0,cur_changeCycle=0,to_view=51
info|2019-12-12 15:56:57.162137|[g:1][CONSENSUS][SEALER]++++++++++++++++ Generating seal on,blkNum=69,tx=0,nodeIdx=3,hash=f2fff236...
info|2019-12-12 15:56:57.175099|[g:1][CONSENSUS][PBFT]checkTimeout Succ,view=51,toView=52,nodeIdx=3,changeCycle=0,myNode=82d7b9b6...,timecost=0.341
info|2019-12-12 15:56:57.176418|[g:1][CONSENSUS][PBFT]checkAndChangeView: Reach consensus,org_view=51,org_changeCycle=0,cur_changeCycle=0,to_view=52
info|2019-12-12 15:56:58.175069|[g:1][CONSENSUS]addRawPrepare,height=69,reqIdx=0,hash=14c28717...
info|2019-12-12 15:56:58.175528|[g:1][CONSENSUS][PBFT]checkTimeout Succ,view=52,toView=53,nodeIdx=3,changeCycle=0,myNode=82d7b9b6...,timecost=0.378
info|2019-12-12 15:56:58.182949|[g:1][CONSENSUS][PBFT]checkAndChangeView: Reach consensus,org_view=52,org_changeCycle=0,cur_changeCycle=0,to_view=53
info|2019-12-12 15:56:59.191580|[g:1][CONSENSUS]addRawPrepare,height=69,reqIdx=1,hash=786e8cb9...
info|2019-12-12 15:56:59.193622|[g:1][CONSENSUS][PBFT]checkTimeout Succ,view=53,toView=54,nodeIdx=3,changeCycle=0,myNode=82d7b9b6...,timecost=1.986
info|2019-12-12 15:56:59.195828|[g:1][CONSENSUS][PBFT]checkAndChangeView: Reach consensus,org_view=53,org_changeCycle=0,cur_changeCycle=0,to_view=54
info|2019-12-12 15:57:00.199228|[g:1][CONSENSUS]addRawPrepare,height=69,reqIdx=2,hash=f37240bd...
info|2019-12-12 15:57:00.199866|[g:1][CONSENSUS][PBFT]checkTimeout Succ,view=54,toView=55,nodeIdx=3,changeCycle=0,myNode=82d7b9b6...,timecost=0.374
info|2019-12-12 15:57:00.208236|[g:1][CONSENSUS][PBFT]checkAndChangeView: Reach consensus,org_view=54,org_changeCycle=0,cur_changeCycle=0,to_view=55
info|2019-12-12 15:57:01.208406|[g:1][CONSENSUS][SEALER]++++++++++++++++ Generating seal on,blkNum=69,tx=0,nodeIdx=3,hash=cd8da75a...
info|2019-12-12 15:57:01.219164|[g:1][CONSENSUS][PBFT]checkTimeout Succ,view=55,toView=56,nodeIdx=3,changeCycle=0,myNode=82d7b9b6...,timecost=0.289
info|2019-12-12 15:57:01.220698|[g:1][CONSENSUS][PBFT]checkAndChangeView: Reach consensus,org_view=55,org_changeCycle=0,cur_changeCycle=0,to_view=56
info|2019-12-12 15:57:02.221470|[g:1][CONSENSUS]addRawPrepare,height=69,reqIdx=0,hash=f4fdb3f5...
info|2019-12-12 15:57:02.227262|[g:1][CONSENSUS][PBFT]checkTimeout Succ,view=56,toView=57,nodeIdx=3,changeCycle=0,myNode=82d7b9b6...,timecost=5.601
info|2019-12-12 15:57:02.229191|[g:1][CONSENSUS][PBFT]checkAndChangeView: Reach consensus,org_view=56,org_changeCycle=0,cur_changeCycle=0,to_view=57
info|2019-12-12 15:57:03.234828|[g:1][CONSENSUS]addRawPrepare,height=69,reqIdx=1,hash=e096c21c...
info|2019-12-12 15:57:03.236206|[g:1][CONSENSUS][PBFT]checkTimeout Succ,view=57,toView=58,nodeIdx=3,changeCycle=0,myNode=82d7b9b6...,timecost=1.297
info|2019-12-12 15:57:03.239753|[g:1][CONSENSUS][PBFT]checkAndChangeView: Reach consensus,org_view=57,org_changeCycle=0,cur_changeCycle=0,to_view=58
info|2019-12-12 15:57:03.738413|[P2P][Service] heartBeat,connected count=4
info|2019-12-12 15:57:04.243762|[g:1][CONSENSUS]addRawPrepare,height=69,reqIdx=2,hash=d4d8d70b...
info|2019-12-12 15:57:04.244271|[g:1][CONSENSUS][PBFT]checkTimeout Succ,view=58,toView=59,nodeIdx=3,changeCycle=0,myNode=82d7b9b6...,timecost=0.425
info|2019-12-12 15:57:04.253885|[g:1][CONSENSUS][PBFT]checkAndChangeView: Reach consensus,org_view=58,org_changeCycle=0,cur_changeCycle=0,to_view=59
info|2019-12-12 15:57:05.254834|[g:1][CONSENSUS][SEALER]++++++++++++++++ Generating seal on,blkNum=69,tx=0,nodeIdx=3,hash=bf51ef8c...
info|2019-12-12 15:57:05.279956|[g:1][CONSENSUS][PBFT]checkTimeout Succ,view=59,toView=60,nodeIdx=3,changeCycle=0,myNode=82d7b9b6...,timecost=0.876
info|2019-12-12 15:57:05.305951|[g:1][CONSENSUS][PBFT]checkAndChangeView: Reach consensus,org_view=59,org_changeCycle=0,cur_changeCycle=0,to_view=60
info|2019-12-12 15:57:06.353489|[g:1][CONSENSUS]addRawPrepare,height=69,reqIdx=0,hash=360aba23...
info|2019-12-12 15:57:06.354122|[g:1][CONSENSUS][PBFT]checkTimeout Succ,view=60,toView=61,nodeIdx=3,changeCycle=0,myNode=82d7b9b6...,timecost=0.484
info|2019-12-12 15:57:06.364260|[g:1][CONSENSUS][PBFT]checkAndChangeView: Reach consensus,org_view=60,org_changeCycle=0,cur_changeCycle=0,to_view=61
info|2019-12-12 15:57:07.377410|[g:1][CONSENSUS]addRawPrepare,height=69,reqIdx=1,hash=bf3d1148...
info|2019-12-12 15:57:07.378521|[g:1][CONSENSUS][PBFT]checkTimeout Succ,view=61,toView=62,nodeIdx=3,changeCycle=0,myNode=82d7b9b6...,timecost=1.281
info|2019-12-12 15:57:07.386198|[g:1][CONSENSUS][PBFT]checkAndChangeView: Reach consensus,org_view=61,org_changeCycle=0,cur_changeCycle=0,to_view=62
info|2019-12-12 15:57:08.390631|[g:1][CONSENSUS]addRawPrepare,height=69,reqIdx=2,hash=ec7c1e9e...
info|2019-12-12 15:57:08.391522|[g:1][CONSENSUS][PBFT]checkTimeout Succ,view=62,toView=63,nodeIdx=3,changeCycle=0,myNode=82d7b9b6...,timecost=0.75
info|2019-12-12 15:57:08.399844|[g:1][CONSENSUS][PBFT]checkAndChangeView: Reach consensus,org_view=62,org_changeCycle=0,cur_changeCycle=0,to_view=63
info|2019-12-12 15:57:09.401169|[g:1][CONSENSUS][SEALER]++++++++++++++++ Generating seal on,blkNum=69,tx=0,nodeIdx=3,hash=de83be3c...
info|2019-12-12 15:57:09.413864|[g:1][CONSENSUS][PBFT]checkTimeout Succ,view=63,toView=64,nodeIdx=3,changeCycle=0,myNode=82d7b9b6...,timecost=0.334
info|2019-12-12 15:57:09.415454|[g:1][CONSENSUS][PBFT]checkAndChangeView: Reach consensus,org_view=63,org_changeCycle=0,cur_changeCycle=0,to_view=64
info|2019-12-12 15:57:10.409979|[g:1][CONSENSUS]addRawPrepare,height=69,reqIdx=0,hash=e6f66a16...
info|2019-12-12 15:57:10.410356|[g:1][CONSENSUS][PBFT]checkTimeout Succ,view=64,toView=65,nodeIdx=3,changeCycle=0,myNode=82d7b9b6...,timecost=0.261
info|2019-12-12 15:57:10.422878|[g:1][CONSENSUS][PBFT]checkAndChangeView: Reach consensus,org_view=64,org_changeCycle=0,cur_changeCycle=0,to_view=65
info|2019-12-12 15:57:11.421856|[g:1][CONSENSUS]addRawPrepare,height=69,reqIdx=1,hash=7dfe6fa1...
info|2019-12-12 15:57:11.422207|[g:1][CONSENSUS][PBFT]checkTimeout Succ,view=65,toView=66,nodeIdx=3,changeCycle=0,myNode=82d7b9b6...,timecost=0.32
info|2019-12-12 15:57:11.426952|[g:1][CONSENSUS][PBFT]checkAndChangeView: Reach consensus,org_view=65,org_changeCycle=0,cur_changeCycle=0,to_view=66
info|2019-12-12 15:57:12.431419|[g:1][CONSENSUS]addRawPrepare,height=69,reqIdx=2,hash=1909e32e...
info|2019-12-12 15:57:12.431860|[g:1][CONSENSUS][PBFT]checkTimeout Succ,view=66,toView=67,nodeIdx=3,changeCycle=0,myNode=82d7b9b6...,timecost=0.367
info|2019-12-12 15:57:12.439827|[g:1][CONSENSUS][PBFT]checkAndChangeView: Reach consensus,org_view=66,org_changeCycle=0,cur_changeCycle=0,to_view=67
info|2019-12-12 15:57:13.441917|[g:1][CONSENSUS][SEALER]++++++++++++++++ Generating seal on,blkNum=69,tx=0,nodeIdx=3,hash=1b702848...
info|2019-12-12 15:57:13.454459|[g:1][CONSENSUS][PBFT]checkTimeout Succ,view=67,toView=68,nodeIdx=3,changeCycle=0,myNode=82d7b9b6...,timecost=0.651
info|2019-12-12 15:57:13.456886|[g:1][CONSENSUS][PBFT]checkAndChangeView: Reach consensus,org_view=67,org_changeCycle=0,cur_changeCycle=0,to_view=68
info|2019-12-12 15:57:13.739159|[P2P][Service] heartBeat,connected count=4
info|2019-12-12 15:57:14.453894|[g:1][CONSENSUS]addRawPrepare,height=69,reqIdx=0,hash=56144726...
info|2019-12-12 15:57:14.455156|[g:1][CONSENSUS][PBFT]checkTimeout Succ,view=68,toView=69,nodeIdx=3,changeCycle=0,myNode=82d7b9b6...,timecost=0.987
info|2019-12-12 15:57:14.461511|[g:1][CONSENSUS][PBFT]checkAndChangeView: Reach consensus,org_view=68,org_changeCycle=0,cur_changeCycle=0,to_view=69
info|2019-12-12 15:57:15.465449|[g:1][CONSENSUS]addRawPrepare,height=69,reqIdx=1,hash=94fa3b6a...
info|2019-12-12 15:57:15.471341|[g:1][CONSENSUS][PBFT]checkTimeout Succ,view=69,toView=70,nodeIdx=3,changeCycle=0,myNode=82d7b9b6...,timecost=5.744
info|2019-12-12 15:57:15.474558|[g:1][CONSENSUS][PBFT]checkAndChangeView: Reach consensus,org_view=69,org_changeCycle=0,cur_changeCycle=0,to_view=70
info|2019-12-12 15:57:16.476416|[g:1][CONSENSUS]addRawPrepare,height=69,reqIdx=2,hash=90876379...
info|2019-12-12 15:57:16.476704|[g:1][CONSENSUS][PBFT]checkTimeout Succ,view=70,toView=71,nodeIdx=3,changeCycle=0,myNode=82d7b9b6...,timecost=0.207
info|2019-12-12 15:57:16.481751|[g:1][CONSENSUS][PBFT]checkAndChangeView: Reach consensus,org_view=70,org_changeCycle=0,cur_changeCycle=0,to_view=71
info|2019-12-12 15:57:17.482331|[g:1][CONSENSUS][SEALER]++++++++++++++++ Generating seal on,blkNum=69,tx=0,nodeIdx=3,hash=28824d84...
info|2019-12-12 15:57:17.495151|[g:1][CONSENSUS][PBFT]checkTimeout Succ,view=71,toView=72,nodeIdx=3,changeCycle=0,myNode=82d7b9b6...,timecost=0.411
info|2019-12-12 15:57:17.496646|[g:1][CONSENSUS][PBFT]checkAndChangeView: Reach consensus,org_view=71,org_changeCycle=0,cur_changeCycle=0,to_view=72
info|2019-12-12 15:57:18.496527|[g:1][CONSENSUS]addRawPrepare,height=69,reqIdx=0,hash=edcf7060...
info|2019-12-12 15:57:18.497727|[g:1][CONSENSUS][PBFT]checkTimeout Succ,view=72,toView=73,nodeIdx=3,changeCycle=0,myNode=82d7b9b6...,timecost=1.11
info|2019-12-12 15:57:18.506156|[g:1][CONSENSUS][PBFT]checkAndChangeView: Reach consensus,org_view=72,org_changeCycle=0,cur_changeCycle=0,to_view=73
info|2019-12-12 15:57:19.514415|[g:1][CONSENSUS]addRawPrepare,height=69,reqIdx=1,hash=0f265d65...
info|2019-12-12 15:57:19.517573|[g:1][CONSENSUS][PBFT]checkTimeout Succ,view=73,toView=74,nodeIdx=3,changeCycle=0,myNode=82d7b9b6...,timecost=3.066
info|2019-12-12 15:57:19.523044|[g:1][CONSENSUS][PBFT]checkAndChangeView: Reach consensus,org_view=73,org_changeCycle=0,cur_changeCycle=0,to_view=74
info|2019-12-12 15:57:20.522021|[g:1][CONSENSUS]addRawPrepare,height=69,reqIdx=2,hash=34209611...
info|2019-12-12 15:57:20.522475|[g:1][CONSENSUS][PBFT]checkTimeout Succ,view=74,toView=75,nodeIdx=3,changeCycle=0,myNode=82d7b9b6...,timecost=0.351
info|2019-12-12 15:57:20.527959|[g:1][CONSENSUS][PBFT]checkAndChangeView: Reach consensus,org_view=74,org_changeCycle=0,cur_changeCycle=0,to_view=75
info|2019-12-12 15:57:21.528310|[g:1][CONSENSUS][SEALER]++++++++++++++++ Generating seal on,blkNum=69,tx=0,nodeIdx=3,hash=7e236241...
info|2019-12-12 15:57:21.540874|[g:1][CONSENSUS][PBFT]checkTimeout Succ,view=75,toView=76,nodeIdx=3,changeCycle=0,myNode=82d7b9b6...,timecost=0.24
info|2019-12-12 15:57:21.542093|[g:1][CONSENSUS][PBFT]checkAndChangeView: Reach consensus,org_view=75,org_changeCycle=0,cur_changeCycle=0,to_view=76
info|2019-12-12 15:57:22.541284|[g:1][CONSENSUS]addRawPrepare,height=69,reqIdx=0,hash=ee082db5...
info|2019-12-12 15:57:22.541746|[g:1][CONSENSUS][PBFT]checkTimeout Succ,view=76,toView=77,nodeIdx=3,changeCycle=0,myNode=82d7b9b6...,timecost=0.384
info|2019-12-12 15:57:22.550717|[g:1][CONSENSUS][PBFT]checkAndChangeView: Reach consensus,org_view=76,org_changeCycle=0,cur_changeCycle=0,to_view=77
info|2019-12-12 15:57:23.552713|[g:1][CONSENSUS]addRawPrepare,height=69,reqIdx=1,hash=6673437a...
info|2019-12-12 15:57:23.553071|[g:1][CONSENSUS][PBFT]checkTimeout Succ,view=77,toView=78,nodeIdx=3,changeCycle=0,myNode=82d7b9b6...,timecost=0.339
info|2019-12-12 15:57:23.555612|[g:1][CONSENSUS][PBFT]checkAndChangeView: Reach consensus,org_view=77,org_changeCycle=0,cur_changeCycle=0,to_view=78
info|2019-12-12 15:57:23.739883|[P2P][Service] heartBeat,connected count=4
info|2019-12-12 15:57:24.557072|[g:1][CONSENSUS]addRawPrepare,height=69,reqIdx=2,hash=963d88f6...
info|2019-12-12 15:57:24.557411|[g:1][CONSENSUS][PBFT]checkTimeout Succ,view=78,toView=79,nodeIdx=3,changeCycle=0,myNode=82d7b9b6...,timecost=0.244
info|2019-12-12 15:57:24.563676|[g:1][CONSENSUS][PBFT]checkAndChangeView: Reach consensus,org_view=78,org_changeCycle=0,cur_changeCycle=0,to_view=79
info|2019-12-12 15:57:25.563200|[g:1][CONSENSUS][SEALER]++++++++++++++++ Generating seal on,blkNum=69,tx=0,nodeIdx=3,hash=2748dbe1...
info|2019-12-12 15:57:25.577147|[g:1][CONSENSUS][PBFT]checkTimeout Succ,view=79,toView=80,nodeIdx=3,changeCycle=0,myNode=82d7b9b6...,timecost=0.384
info|2019-12-12 15:57:25.579751|[g:1][CONSENSUS][PBFT]checkAndChangeView: Reach consensus,org_view=79,org_changeCycle=0,cur_changeCycle=0,to_view=80
info|2019-12-12 15:57:26.574588|[g:1][CONSENSUS]addRawPrepare,height=69,reqIdx=0,hash=f9417974...
info|2019-12-12 15:57:26.574907|[g:1][CONSENSUS][PBFT]checkTimeout Succ,view=80,toView=81,nodeIdx=3,changeCycle=0,myNode=82d7b9b6...,timecost=0.214
info|2019-12-12 15:57:26.584547|[g:1][CONSENSUS][PBFT]checkAndChangeView: Reach consensus,org_view=80,org_changeCycle=0,cur_changeCycle=0,to_view=81
info|2019-12-12 15:57:27.588033|[g:1][CONSENSUS]addRawPrepare,height=69,reqIdx=1,hash=665eecc5...
info|2019-12-12 15:57:27.588639|[g:1][CONSENSUS][PBFT]checkTimeout Succ,view=81,toView=82,nodeIdx=3,changeCycle=0,myNode=82d7b9b6...,timecost=0.27
info|2019-12-12 15:57:27.591311|[g:1][CONSENSUS][PBFT]checkAndChangeView: Reach consensus,org_view=81,org_changeCycle=0,cur_changeCycle=0,to_view=82
info|2019-12-12 15:57:28.592343|[g:1][CONSENSUS]addRawPrepare,height=69,reqIdx=2,hash=2455316f...
info|2019-12-12 15:57:28.592764|[g:1][CONSENSUS][PBFT]checkTimeout Succ,view=82,toView=83,nodeIdx=3,changeCycle=0,myNode=82d7b9b6...,timecost=0.336
info|2019-12-12 15:57:28.597598|[g:1][CONSENSUS][PBFT]checkAndChangeView: Reach consensus,org_view=82,org_changeCycle=0,cur_changeCycle=0,to_view=83
info|2019-12-12 15:57:29.605145|[g:1][CONSENSUS][SEALER]++++++++++++++++ Generating seal on,blkNum=69,tx=0,nodeIdx=3,hash=225e1af0...
info|2019-12-12 15:57:29.618179|[g:1][CONSENSUS][PBFT]checkTimeout Succ,view=83,toView=84,nodeIdx=3,changeCycle=0,myNode=82d7b9b6...,timecost=0.478
info|2019-12-12 15:57:29.620475|[g:1][CONSENSUS][PBFT]checkAndChangeView: Reach consensus,org_view=83,org_changeCycle=0,cur_changeCycle=0,to_view=84
info|2019-12-12 15:57:30.617640|[g:1][CONSENSUS]addRawPrepare,height=69,reqIdx=0,hash=ece24705...
info|2019-12-12 15:57:30.617924|[g:1][CONSENSUS][PBFT]checkTimeout Succ,view=84,toView=85,nodeIdx=3,changeCycle=0,myNode=82d7b9b6...,timecost=0.208
info|2019-12-12 15:57:30.623291|[g:1][CONSENSUS][PBFT]checkAndChangeView: Reach consensus,org_view=84,org_changeCycle=0,cur_changeCycle=0,to_view=85
info|2019-12-12 15:57:31.630509|[g:1][CONSENSUS]addRawPrepare,height=69,reqIdx=1,hash=33e727ba...
info|2019-12-12 15:57:31.630749|[g:1][CONSENSUS][PBFT]checkTimeout Succ,view=85,toView=86,nodeIdx=3,changeCycle=0,myNode=82d7b9b6...,timecost=0.21
info|2019-12-12 15:57:31.632888|[g:1][CONSENSUS][PBFT]checkAndChangeView: Reach consensus,org_view=85,org_changeCycle=0,cur_changeCycle=0,to_view=86
info|2019-12-12 15:57:32.635467|[g:1][CONSENSUS]addRawPrepare,height=69,reqIdx=2,hash=d6c0c3da...
info|2019-12-12 15:57:32.635843|[g:1][CONSENSUS][PBFT]checkTimeout Succ,view=86,toView=87,nodeIdx=3,changeCycle=0,myNode=82d7b9b6...,timecost=0.307
info|2019-12-12 15:57:32.641234|[g:1][CONSENSUS][PBFT]checkAndChangeView: Reach consensus,org_view=86,org_changeCycle=0,cur_changeCycle=0,to_view=87
info|2019-12-12 15:57:33.643729|[g:1][CONSENSUS][SEALER]++++++++++++++++ Generating seal on,blkNum=69,tx=0,nodeIdx=3,hash=4753a9d6...
info|2019-12-12 15:57:33.652621|[g:1][CONSENSUS][PBFT]checkTimeout Succ,view=87,toView=88,nodeIdx=3,changeCycle=0,myNode=82d7b9b6...,timecost=0.25
info|2019-12-12 15:57:33.654165|[g:1][CONSENSUS][PBFT]checkAndChangeView: Reach consensus,org_view=87,org_changeCycle=0,cur_changeCycle=0,to_view=88
info|2019-12-12 15:57:33.740028|[P2P][Service] heartBeat,connected count=4
info|2019-12-12 15:57:34.652604|[g:1][CONSENSUS]addRawPrepare,height=69,reqIdx=0,hash=ea4c7736...
info|2019-12-12 15:57:34.653188|[g:1][CONSENSUS][PBFT]checkTimeout Succ,view=88,toView=89,nodeIdx=3,changeCycle=0,myNode=82d7b9b6...,timecost=0.385
info|2019-12-12 15:57:34.665383|[g:1][CONSENSUS][PBFT]checkAndChangeView: Reach consensus,org_view=88,org_changeCycle=0,cur_changeCycle=0,to_view=89
info|2019-12-12 15:57:35.663710|[g:1][CONSENSUS]addRawPrepare,height=69,reqIdx=1,hash=77687b74...
info|2019-12-12 15:57:35.663965|[g:1][CONSENSUS][PBFT]checkTimeout Succ,view=89,toView=90,nodeIdx=3,changeCycle=0,myNode=82d7b9b6...,timecost=0.222
info|2019-12-12 15:57:35.667023|[g:1][CONSENSUS][PBFT]checkAndChangeView: Reach consensus,org_view=89,org_changeCycle=0,cur_changeCycle=0,to_view=90
info|2019-12-12 15:57:36.670556|[g:1][CONSENSUS]addRawPrepare,height=69,reqIdx=2,hash=25fbc3af...
info|2019-12-12 15:57:36.674916|[g:1][CONSENSUS][PBFT]checkTimeout Succ,view=90,toView=91,nodeIdx=3,changeCycle=0,myNode=82d7b9b6...,timecost=4.251
info|2019-12-12 15:57:36.675683|[g:1][CONSENSUS][PBFT]checkAndChangeView: Reach consensus,org_view=90,org_changeCycle=0,cur_changeCycle=0,to_view=91
info|2019-12-12 15:57:37.676651|[g:1][CONSENSUS][SEALER]++++++++++++++++ Generating seal on,blkNum=69,tx=0,nodeIdx=3,hash=ed5d2159...
info|2019-12-12 15:57:37.691216|[g:1][CONSENSUS][PBFT]checkTimeout Succ,view=91,toView=92,nodeIdx=3,changeCycle=0,myNode=82d7b9b6...,timecost=0.362
info|2019-12-12 15:57:37.693531|[g:1][CONSENSUS][PBFT]checkAndChangeView: Reach consensus,org_view=91,org_changeCycle=0,cur_changeCycle=0,to_view=92
info|2019-12-12 15:57:38.691973|[g:1][CONSENSUS]addRawPrepare,height=69,reqIdx=0,hash=9565b569...
info|2019-12-12 15:57:38.692303|[g:1][CONSENSUS][PBFT]checkTimeout Succ,view=92,toView=93,nodeIdx=3,changeCycle=0,myNode=82d7b9b6...,timecost=0.243
info|2019-12-12 15:57:38.697119|[g:1][CONSENSUS][PBFT]checkAndChangeView: Reach consensus,org_view=92,org_changeCycle=0,cur_changeCycle=0,to_view=93
info|2019-12-12 15:57:39.700497|[g:1][CONSENSUS]addRawPrepare,height=69,reqIdx=1,hash=87975e2f...
info|2019-12-12 15:57:39.700896|[g:1][CONSENSUS][PBFT]checkTimeout Succ,view=93,toView=94,nodeIdx=3,changeCycle=0,myNode=82d7b9b6...,timecost=0.351
info|2019-12-12 15:57:39.706872|[g:1][CONSENSUS][PBFT]checkAndChangeView: Reach consensus,org_view=93,org_changeCycle=0,cur_changeCycle=0,to_view=94
info|2019-12-12 15:57:40.710881|[g:1][CONSENSUS]addRawPrepare,height=69,reqIdx=2,hash=43ace332...
info|2019-12-12 15:57:40.711384|[g:1][CONSENSUS][PBFT]checkTimeout Succ,view=94,toView=95,nodeIdx=3,changeCycle=0,myNode=82d7b9b6...,timecost=0.379
info|2019-12-12 15:57:40.720265|[g:1][CONSENSUS][PBFT]checkAndChangeView: Reach consensus,org_view=94,org_changeCycle=0,cur_changeCycle=0,to_view=95
info|2019-12-12 15:57:41.723522|[g:1][CONSENSUS][SEALER]++++++++++++++++ Generating seal on,blkNum=69,tx=0,nodeIdx=3,hash=093faf69...
info|2019-12-12 15:57:41.732358|[g:1][CONSENSUS][PBFT]checkTimeout Succ,view=95,toView=96,nodeIdx=3,changeCycle=0,myNode=82d7b9b6...,timecost=0.356
info|2019-12-12 15:57:41.733962|[g:1][CONSENSUS][PBFT]checkAndChangeView: Reach consensus,org_view=95,org_changeCycle=0,cur_changeCycle=0,to_view=96
info|2019-12-12 15:57:42.732713|[g:1][CONSENSUS]addRawPrepare,height=69,reqIdx=0,hash=479eff94...
info|2019-12-12 15:57:42.737700|[g:1][CONSENSUS][PBFT]checkTimeout Succ,view=96,toView=97,nodeIdx=3,changeCycle=0,myNode=82d7b9b6...,timecost=4.767
info|2019-12-12 15:57:42.741514|[g:1][CONSENSUS][PBFT]checkAndChangeView: Reach consensus,org_view=96,org_changeCycle=0,cur_changeCycle=0,to_view=97
info|2019-12-12 15:57:43.740473|[P2P][Service] heartBeat,connected count=4
info|2019-12-12 15:57:43.746602|[g:1][CONSENSUS]addRawPrepare,height=69,reqIdx=1,hash=00334100...
info|2019-12-12 15:57:43.746943|[g:1][CONSENSUS][PBFT]checkTimeout Succ,view=97,toView=98,nodeIdx=3,changeCycle=0,myNode=82d7b9b6...,timecost=0.23
info|2019-12-12 15:57:43.750748|[g:1][CONSENSUS][PBFT]checkAndChangeView: Reach consensus,org_view=97,org_changeCycle=0,cur_changeCycle=0,to_view=98
info|2019-12-12 15:57:44.752467|[g:1][CONSENSUS]addRawPrepare,height=69,reqIdx=2,hash=a48909ce...
info|2019-12-12 15:57:44.752801|[g:1][CONSENSUS][PBFT]checkTimeout Succ,view=98,toView=99,nodeIdx=3,changeCycle=0,myNode=82d7b9b6...,timecost=0.265
info|2019-12-12 15:57:44.757165|[g:1][CONSENSUS][PBFT]checkAndChangeView: Reach consensus,org_view=98,org_changeCycle=0,cur_changeCycle=0,to_view=99
info|2019-12-12 15:57:45.759581|[g:1][CONSENSUS][SEALER]++++++++++++++++ Generating seal on,blkNum=69,tx=0,nodeIdx=3,hash=4cfd7e14...
info|2019-12-12 15:57:45.772849|[g:1][CONSENSUS][PBFT]checkTimeout Succ,view=99,toView=100,nodeIdx=3,changeCycle=0,myNode=82d7b9b6...,timecost=0.337
info|2019-12-12 15:57:45.773907|[g:1][CONSENSUS][PBFT]checkAndChangeView: Reach consensus,org_view=99,org_changeCycle=0,cur_changeCycle=0,to_view=100
info|2019-12-12 15:57:46.771588|[g:1][CONSENSUS]addRawPrepare,height=69,reqIdx=0,hash=fddb6683...
info|2019-12-12 15:57:46.771900|[g:1][CONSENSUS][PBFT]checkTimeout Succ,view=100,toView=101,nodeIdx=3,changeCycle=0,myNode=82d7b9b6...,timecost=0.213
info|2019-12-12 15:57:46.780525|[g:1][CONSENSUS][PBFT]checkAndChangeView: Reach consensus,org_view=100,org_changeCycle=0,cur_changeCycle=0,to_view=101
info|2019-12-12 15:57:47.782564|[g:1][CONSENSUS]addRawPrepare,height=69,reqIdx=1,hash=9fbb8eba...
info|2019-12-12 15:57:47.791155|[g:1][CONSENSUS][PBFT]checkTimeout Succ,view=101,toView=102,nodeIdx=3,changeCycle=0,myNode=82d7b9b6...,timecost=3.6
info|2019-12-12 15:57:47.792184|[g:1][CONSENSUS][PBFT]checkAndChangeView: Reach consensus,org_view=101,org_changeCycle=0,cur_changeCycle=0,to_view=102
info|2019-12-12 15:57:48.793687|[g:1][CONSENSUS]addRawPrepare,height=69,reqIdx=2,hash=ff3f9558...
info|2019-12-12 15:57:48.794155|[g:1][CONSENSUS][PBFT]checkTimeout Succ,view=102,toView=103,nodeIdx=3,changeCycle=0,myNode=82d7b9b6...,timecost=0.344
info|2019-12-12 15:57:48.802212|[g:1][CONSENSUS][PBFT]checkAndChangeView: Reach consensus,org_view=102,org_changeCycle=0,cur_changeCycle=0,to_view=103
info|2019-12-12 15:57:49.802947|[g:1][CONSENSUS][SEALER]++++++++++++++++ Generating seal on,blkNum=69,tx=0,nodeIdx=3,hash=37d9ecfb...
info|2019-12-12 15:57:49.816718|[g:1][CONSENSUS][PBFT]checkTimeout Succ,view=103,toView=104,nodeIdx=3,changeCycle=0,myNode=82d7b9b6...,timecost=0.455
info|2019-12-12 15:57:49.819319|[g:1][CONSENSUS][PBFT]checkAndChangeView: Reach consensus,org_view=103,org_changeCycle=0,cur_changeCycle=0,to_view=104
info|2019-12-12 15:57:50.817656|[g:1][CONSENSUS]addRawPrepare,height=69,reqIdx=0,hash=e41e4080...
info|2019-12-12 15:57:50.818140|[g:1][CONSENSUS][PBFT]checkTimeout Succ,view=104,toView=105,nodeIdx=3,changeCycle=0,myNode=82d7b9b6...,timecost=0.347
info|2019-12-12 15:57:50.826294|[g:1][CONSENSUS][PBFT]checkAndChangeView: Reach consensus,org_view=104,org_changeCycle=0,cur_changeCycle=0,to_view=105
info|2019-12-12 15:57:51.832510|[g:1][CONSENSUS]addRawPrepare,height=69,reqIdx=1,hash=3fe841f4...
info|2019-12-12 15:57:51.832861|[g:1][CONSENSUS][PBFT]checkTimeout Succ,view=105,toView=106,nodeIdx=3,changeCycle=0,myNode=82d7b9b6...,timecost=0.303
info|2019-12-12 15:57:51.836831|[g:1][CONSENSUS][PBFT]checkAndChangeView: Reach consensus,org_view=105,org_changeCycle=0,cur_changeCycle=0,to_view=106
info|2019-12-12 15:57:52.838995|[g:1][CONSENSUS]addRawPrepare,height=69,reqIdx=2,hash=711fb4ea...
info|2019-12-12 15:57:52.839279|[g:1][CONSENSUS][PBFT]checkTimeout Succ,view=106,toView=107,nodeIdx=3,changeCycle=0,myNode=82d7b9b6...,timecost=0.209
info|2019-12-12 15:57:52.844271|[g:1][CONSENSUS][PBFT]checkAndChangeView: Reach consensus,org_view=106,org_changeCycle=0,cur_changeCycle=0,to_view=107
info|2019-12-12 15:57:53.741029|[P2P][Service] heartBeat,connected count=4
info|2019-12-12 15:57:53.844208|[g:1][CONSENSUS][SEALER]++++++++++++++++ Generating seal on,blkNum=69,tx=0,nodeIdx=3,hash=6e99ee29...
info|2019-12-12 15:57:53.855537|[g:1][CONSENSUS][PBFT]checkTimeout Succ,view=107,toView=108,nodeIdx=3,changeCycle=0,myNode=82d7b9b6...,timecost=0.284
info|2019-12-12 15:57:53.858339|[g:1][CONSENSUS][PBFT]checkAndChangeView: Reach consensus,org_view=107,org_changeCycle=0,cur_changeCycle=0,to_view=108
info|2019-12-12 15:57:54.854506|[g:1][CONSENSUS]addRawPrepare,height=69,reqIdx=0,hash=b96d0911...
info|2019-12-12 15:57:54.854792|[g:1][CONSENSUS][PBFT]checkTimeout Succ,view=108,toView=109,nodeIdx=3,changeCycle=0,myNode=82d7b9b6...,timecost=0.209
info|2019-12-12 15:57:54.861655|[g:1][CONSENSUS][PBFT]checkAndChangeView: Reach consensus,org_view=108,org_changeCycle=0,cur_changeCycle=0,to_view=109
info|2019-12-12 15:57:55.862602|[g:1][CONSENSUS]addRawPrepare,height=69,reqIdx=1,hash=53008f31...
info|2019-12-12 15:57:55.862915|[g:1][CONSENSUS][PBFT]checkTimeout Succ,view=109,toView=110,nodeIdx=3,changeCycle=0,myNode=82d7b9b6...,timecost=0.27
info|2019-12-12 15:57:55.866616|[g:1][CONSENSUS][PBFT]checkAndChangeView: Reach consensus,org_view=109,org_changeCycle=0,cur_changeCycle=0,to_view=110
info|2019-12-12 15:57:56.868063|[g:1][CONSENSUS]addRawPrepare,height=69,reqIdx=2,hash=b9a525bd...
info|2019-12-12 15:57:56.868583|[g:1][CONSENSUS][PBFT]checkTimeout Succ,view=110,toView=111,nodeIdx=3,changeCycle=0,myNode=82d7b9b6...,timecost=0.43
info|2019-12-12 15:57:56.875890|[g:1][CONSENSUS][PBFT]checkAndChangeView: Reach consensus,org_view=110,org_changeCycle=0,cur_changeCycle=0,to_view=111
info|2019-12-12 15:57:57.875657|[g:1][CONSENSUS][SEALER]++++++++++++++++ Generating seal on,blkNum=69,tx=0,nodeIdx=3,hash=01dd9fee...
info|2019-12-12 15:57:57.886132|[g:1][CONSENSUS][PBFT]checkTimeout Succ,view=111,toView=112,nodeIdx=3,changeCycle=0,myNode=82d7b9b6...,timecost=0.321
info|2019-12-12 15:57:57.888904|[g:1][CONSENSUS][PBFT]checkAndChangeView: Reach consensus,org_view=111,org_changeCycle=0,cur_changeCycle=0,to_view=112
info|2019-12-12 15:57:58.884266|[g:1][CONSENSUS]addRawPrepare,height=69,reqIdx=0,hash=057eb410...
info|2019-12-12 15:57:58.885142|[g:1][CONSENSUS][PBFT]checkTimeout Succ,view=112,toView=113,nodeIdx=3,changeCycle=0,myNode=82d7b9b6...,timecost=0.688
info|2019-12-12 15:57:58.892852|[g:1][CONSENSUS][PBFT]checkAndChangeView: Reach consensus,org_view=112,org_changeCycle=0,cur_changeCycle=0,to_view=113
info|2019-12-12 15:57:59.896758|[g:1][CONSENSUS]addRawPrepare,height=69,reqIdx=1,hash=ca0514df...
info|2019-12-12 15:57:59.897210|[g:1][CONSENSUS][PBFT]checkTimeout Succ,view=113,toView=114,nodeIdx=3,changeCycle=0,myNode=82d7b9b6...,timecost=0.391
info|2019-12-12 15:57:59.902023|[g:1][CONSENSUS][PBFT]checkAndChangeView: Reach consensus,org_view=113,org_changeCycle=0,cur_changeCycle=0,to_view=114
info|2019-12-12 15:58:00.905021|[g:1][CONSENSUS]addRawPrepare,height=69,reqIdx=2,hash=e18e5b59...
info|2019-12-12 15:58:00.905400|[g:1][CONSENSUS][PBFT]checkTimeout Succ,view=114,toView=115,nodeIdx=3,changeCycle=0,myNode=82d7b9b6...,timecost=0.269
info|2019-12-12 15:58:00.912991|[g:1][CONSENSUS][PBFT]checkAndChangeView: Reach consensus,org_view=114,org_changeCycle=0,cur_changeCycle=0,to_view=115
info|2019-12-12 15:58:01.913688|[g:1][CONSENSUS][SEALER]++++++++++++++++ Generating seal on,blkNum=69,tx=0,nodeIdx=3,hash=c9c34354...
info|2019-12-12 15:58:01.925133|[g:1][CONSENSUS][PBFT]checkTimeout Succ,view=115,toView=116,nodeIdx=3,changeCycle=0,myNode=82d7b9b6...,timecost=0.326
info|2019-12-12 15:58:01.927002|[g:1][CONSENSUS][PBFT]checkAndChangeView: Reach consensus,org_view=115,org_changeCycle=0,cur_changeCycle=0,to_view=116
info|2019-12-12 15:58:02.924317|[g:1][CONSENSUS]addRawPrepare,height=69,reqIdx=0,hash=dd8df4bc...
info|2019-12-12 15:58:02.924649|[g:1][CONSENSUS][PBFT]checkTimeout Succ,view=116,toView=117,nodeIdx=3,changeCycle=0,myNode=82d7b9b6...,timecost=0.234
info|2019-12-12 15:58:02.928513|[g:1][CONSENSUS][PBFT]checkAndChangeView: Reach consensus,org_view=116,org_changeCycle=0,cur_changeCycle=0,to_view=117
info|2019-12-12 15:58:03.741887|[P2P][Service] heartBeat,connected count=4
info|2019-12-12 15:58:03.932363|[g:1][CONSENSUS]addRawPrepare,height=69,reqIdx=1,hash=9d082894...
info|2019-12-12 15:58:03.932694|[g:1][CONSENSUS][PBFT]checkTimeout Succ,view=117,toView=118,nodeIdx=3,changeCycle=0,myNode=82d7b9b6...,timecost=0.303
info|2019-12-12 15:58:03.936887|[g:1][CONSENSUS][PBFT]checkAndChangeView: Reach consensus,org_view=117,org_changeCycle=0,cur_changeCycle=0,to_view=118
info|2019-12-12 15:58:04.938145|[g:1][CONSENSUS]addRawPrepare,height=69,reqIdx=2,hash=40a617f3...
info|2019-12-12 15:58:04.938439|[g:1][CONSENSUS][PBFT]checkTimeout Succ,view=118,toView=119,nodeIdx=3,changeCycle=0,myNode=82d7b9b6...,timecost=0.213
info|2019-12-12 15:58:04.942138|[g:1][CONSENSUS][PBFT]checkAndChangeView: Reach consensus,org_view=118,org_changeCycle=0,cur_changeCycle=0,to_view=119
info|2019-12-12 15:58:05.942679|[g:1][CONSENSUS][SEALER]++++++++++++++++ Generating seal on,blkNum=69,tx=0,nodeIdx=3,hash=cac4191a...
info|2019-12-12 15:58:05.959611|[g:1][CONSENSUS][PBFT]checkTimeout Succ,view=119,toView=120,nodeIdx=3,changeCycle=0,myNode=82d7b9b6...,timecost=0.368
info|2019-12-12 15:58:05.961295|[g:1][CONSENSUS][PBFT]checkAndChangeView: Reach consensus,org_view=119,org_changeCycle=0,cur_changeCycle=0,to_view=120
info|2019-12-12 15:58:06.960946|[g:1][CONSENSUS]addRawPrepare,height=69,reqIdx=0,hash=75e9eb1d...
info|2019-12-12 15:58:06.961679|[g:1][CONSENSUS][PBFT]checkTimeout Succ,view=120,toView=121,nodeIdx=3,changeCycle=0,myNode=82d7b9b6...,timecost=0.55
info|2019-12-12 15:58:06.969218|[g:1][CONSENSUS][PBFT]checkAndChangeView: Reach consensus,org_view=120,org_changeCycle=0,cur_changeCycle=0,to_view=121
info|2019-12-12 15:58:07.969667|[g:1][CONSENSUS]addRawPrepare,height=69,reqIdx=1,hash=1bedca12...
info|2019-12-12 15:58:07.970179|[g:1][CONSENSUS][PBFT]checkTimeout Succ,view=121,toView=122,nodeIdx=3,changeCycle=0,myNode=82d7b9b6...,timecost=0.465
info|2019-12-12 15:58:07.978386|[g:1][CONSENSUS][PBFT]checkAndChangeView: Reach consensus,org_view=121,org_changeCycle=0,cur_changeCycle=0,to_view=122
info|2019-12-12 15:58:08.980140|[g:1][CONSENSUS]addRawPrepare,height=69,reqIdx=2,hash=589de834...
info|2019-12-12 15:58:08.980736|[g:1][CONSENSUS][PBFT]checkTimeout Succ,view=122,toView=123,nodeIdx=3,changeCycle=0,myNode=82d7b9b6...,timecost=0.357
info|2019-12-12 15:58:08.988922|[g:1][CONSENSUS][PBFT]checkAndChangeView: Reach consensus,org_view=122,org_changeCycle=0,cur_changeCycle=0,to_view=123
info|2019-12-12 15:58:09.992203|[g:1][CONSENSUS][SEALER]++++++++++++++++ Generating seal on,blkNum=69,tx=0,nodeIdx=3,hash=5aa7c758...
info|2019-12-12 15:58:10.000795|[g:1][CONSENSUS][PBFT]checkTimeout Succ,view=123,toView=124,nodeIdx=3,changeCycle=0,myNode=82d7b9b6...,timecost=0.282
info|2019-12-12 15:58:10.002212|[g:1][CONSENSUS][PBFT]checkAndChangeView: Reach consensus,org_view=123,org_changeCycle=0,cur_changeCycle=0,to_view=124
info|2019-12-12 15:58:11.001436|[g:1][CONSENSUS]addRawPrepare,height=69,reqIdx=0,hash=17b427ea...
info|2019-12-12 15:58:11.001730|[g:1][CONSENSUS][PBFT]checkTimeout Succ,view=124,toView=125,nodeIdx=3,changeCycle=0,myNode=82d7b9b6...,timecost=0.209
info|2019-12-12 15:58:11.007177|[g:1][CONSENSUS][PBFT]checkAndChangeView: Reach consensus,org_view=124,org_changeCycle=0,cur_changeCycle=0,to_view=125
info|2019-12-12 15:58:12.010135|[g:1][CONSENSUS]addRawPrepare,height=69,reqIdx=1,hash=ddae0692...
info|2019-12-12 15:58:12.010659|[g:1][CONSENSUS][PBFT]checkTimeout Succ,view=125,toView=126,nodeIdx=3,changeCycle=0,myNode=82d7b9b6...,timecost=0.502
info|2019-12-12 15:58:12.012755|[g:1][CONSENSUS][PBFT]checkAndChangeView: Reach consensus,org_view=125,org_changeCycle=0,cur_changeCycle=0,to_view=126
info|2019-12-12 15:58:13.016057|[g:1][CONSENSUS]addRawPrepare,height=69,reqIdx=2,hash=37d2aa9a...
info|2019-12-12 15:58:13.016428|[g:1][CONSENSUS][PBFT]checkTimeout Succ,view=126,toView=127,nodeIdx=3,changeCycle=0,myNode=82d7b9b6...,timecost=0.251
info|2019-12-12 15:58:13.021430|[g:1][CONSENSUS][PBFT]checkAndChangeView: Reach consensus,org_view=126,org_changeCycle=0,cur_changeCycle=0,to_view=127
info|2019-12-12 15:58:13.742417|[P2P][Service] heartBeat,connected count=4
info|2019-12-12 15:58:14.021923|[g:1][CONSENSUS][SEALER]++++++++++++++++ Generating seal on,blkNum=69,tx=0,nodeIdx=3,hash=5aef6c8f...
info|2019-12-12 15:58:14.037303|[g:1][CONSENSUS][PBFT]checkTimeout Succ,view=127,toView=128,nodeIdx=3,changeCycle=0,myNode=82d7b9b6...,timecost=0.432
info|2019-12-12 15:58:14.039203|[g:1][CONSENSUS][PBFT]checkAndChangeView: Reach consensus,org_view=127,org_changeCycle=0,cur_changeCycle=0,to_view=128
info|2019-12-12 15:58:15.034925|[g:1][CONSENSUS]addRawPrepare,height=69,reqIdx=0,hash=4a47d09d...
info|2019-12-12 15:58:15.035277|[g:1][CONSENSUS][PBFT]checkTimeout Succ,view=128,toView=129,nodeIdx=3,changeCycle=0,myNode=82d7b9b6...,timecost=0.245
info|2019-12-12 15:58:15.040153|[g:1][CONSENSUS][PBFT]checkAndChangeView: Reach consensus,org_view=128,org_changeCycle=0,cur_changeCycle=0,to_view=129
info|2019-12-12 15:58:16.049380|[g:1][CONSENSUS]addRawPrepare,height=69,reqIdx=1,hash=92cd1c27...
info|2019-12-12 15:58:16.049758|[g:1][CONSENSUS][PBFT]checkTimeout Succ,view=129,toView=130,nodeIdx=3,changeCycle=0,myNode=82d7b9b6...,timecost=0.308
info|2019-12-12 15:58:16.050943|[g:1][CONSENSUS][PBFT]checkAndChangeView: Reach consensus,org_view=129,org_changeCycle=0,cur_changeCycle=0,to_view=130
info|2019-12-12 15:58:17.054969|[g:1][CONSENSUS]addRawPrepare,height=69,reqIdx=2,hash=2088319a...
info|2019-12-12 15:58:17.055275|[g:1][CONSENSUS][PBFT]checkTimeout Succ,view=130,toView=131,nodeIdx=3,changeCycle=0,myNode=82d7b9b6...,timecost=0.214
info|2019-12-12 15:58:17.060995|[g:1][CONSENSUS][PBFT]checkAndChangeView: Reach consensus,org_view=130,org_changeCycle=0,cur_changeCycle=0,to_view=131
info|2019-12-12 15:58:18.062917|[g:1][CONSENSUS][SEALER]++++++++++++++++ Generating seal on,blkNum=69,tx=0,nodeIdx=3,hash=377285ad...
info|2019-12-12 15:58:18.073359|[g:1][CONSENSUS][PBFT]checkTimeout Succ,view=131,toView=132,nodeIdx=3,changeCycle=0,myNode=82d7b9b6...,timecost=0.357
info|2019-12-12 15:58:18.074818|[g:1][CONSENSUS][PBFT]checkAndChangeView: Reach consensus,org_view=131,org_changeCycle=0,cur_changeCycle=0,to_view=132
info|2019-12-12 15:58:19.073038|[g:1][CONSENSUS]addRawPrepare,height=69,reqIdx=0,hash=ea63e048...
info|2019-12-12 15:58:19.073319|[g:1][CONSENSUS][PBFT]checkTimeout Succ,view=132,toView=133,nodeIdx=3,changeCycle=0,myNode=82d7b9b6...,timecost=0.209
info|2019-12-12 15:58:19.081184|[g:1][CONSENSUS][PBFT]checkAndChangeView: Reach consensus,org_view=132,org_changeCycle=0,cur_changeCycle=0,to_view=133
info|2019-12-12 15:58:20.082363|[g:1][CONSENSUS]addRawPrepare,height=69,reqIdx=1,hash=45033fa4...
info|2019-12-12 15:58:20.082786|[g:1][CONSENSUS][PBFT]checkTimeout Succ,view=133,toView=134,nodeIdx=3,changeCycle=0,myNode=82d7b9b6...,timecost=0.358
info|2019-12-12 15:58:20.088397|[g:1][CONSENSUS][PBFT]checkAndChangeView: Reach consensus,org_view=133,org_changeCycle=0,cur_changeCycle=0,to_view=134
info|2019-12-12 15:58:21.114209|[g:1][CONSENSUS]addRawPrepare,height=69,reqIdx=2,hash=77615f0b...
info|2019-12-12 15:58:21.114688|[g:1][CONSENSUS][PBFT]checkTimeout Succ,view=134,toView=135,nodeIdx=3,changeCycle=0,myNode=82d7b9b6...,timecost=0.287
info|2019-12-12 15:58:21.123028|[g:1][CONSENSUS][PBFT]checkAndChangeView: Reach consensus,org_view=134,org_changeCycle=0,cur_changeCycle=0,to_view=135
info|2019-12-12 15:58:22.126698|[g:1][CONSENSUS][SEALER]++++++++++++++++ Generating seal on,blkNum=69,tx=0,nodeIdx=3,hash=7c07d8d3...
info|2019-12-12 15:58:22.145128|[g:1][CONSENSUS][PBFT]checkTimeout Succ,view=135,toView=136,nodeIdx=3,changeCycle=0,myNode=82d7b9b6...,timecost=0.376
info|2019-12-12 15:58:22.146779|[g:1][CONSENSUS][PBFT]checkAndChangeView: Reach consensus,org_view=135,org_changeCycle=0,cur_changeCycle=0,to_view=136
info|2019-12-12 15:58:23.142231|[g:1][CONSENSUS]addRawPrepare,height=69,reqIdx=0,hash=a0f1354a...
info|2019-12-12 15:58:23.149256|[g:1][CONSENSUS][PBFT]checkTimeout Succ,view=136,toView=137,nodeIdx=3,changeCycle=0,myNode=82d7b9b6...,timecost=4.066
info|2019-12-12 15:58:23.152661|[g:1][CONSENSUS][PBFT]checkAndChangeView: Reach consensus,org_view=136,org_changeCycle=0,cur_changeCycle=0,to_view=137
info|2019-12-12 15:58:23.742701|[P2P][Service] heartBeat,connected count=4
info|2019-12-12 15:58:24.154102|[g:1][CONSENSUS]addRawPrepare,height=69,reqIdx=1,hash=adecb283...
info|2019-12-12 15:58:24.156901|[g:1][CONSENSUS][PBFT]checkTimeout Succ,view=137,toView=138,nodeIdx=3,changeCycle=0,myNode=82d7b9b6...,timecost=2.714
info|2019-12-12 15:58:24.162048|[g:1][CONSENSUS][PBFT]checkAndChangeView: Reach consensus,org_view=137,org_changeCycle=0,cur_changeCycle=0,to_view=138
info|2019-12-12 15:58:25.166469|[g:1][CONSENSUS]addRawPrepare,height=69,reqIdx=2,hash=cf63924c...
info|2019-12-12 15:58:25.166780|[g:1][CONSENSUS][PBFT]checkTimeout Succ,view=138,toView=139,nodeIdx=3,changeCycle=0,myNode=82d7b9b6...,timecost=0.217
info|2019-12-12 15:58:25.179507|[g:1][CONSENSUS][PBFT]checkAndChangeView: Reach consensus,org_view=138,org_changeCycle=0,cur_changeCycle=0,to_view=139
info|2019-12-12 15:58:26.180355|[g:1][CONSENSUS][SEALER]++++++++++++++++ Generating seal on,blkNum=69,tx=0,nodeIdx=3,hash=bff697df...
info|2019-12-12 15:58:26.191909|[g:1][CONSENSUS][PBFT]checkTimeout Succ,view=139,toView=140,nodeIdx=3,changeCycle=0,myNode=82d7b9b6...,timecost=0.265
info|2019-12-12 15:58:26.195955|[g:1][CONSENSUS][PBFT]checkAndChangeView: Reach consensus,org_view=139,org_changeCycle=0,cur_changeCycle=0,to_view=140
info|2019-12-12 15:58:27.195707|[g:1][CONSENSUS]addRawPrepare,height=69,reqIdx=0,hash=a49d5475...
info|2019-12-12 15:58:27.196178|[g:1][CONSENSUS][PBFT]checkTimeout Succ,view=140,toView=141,nodeIdx=3,changeCycle=0,myNode=82d7b9b6...,timecost=0.383
info|2019-12-12 15:58:27.209484|[g:1][CONSENSUS][PBFT]checkAndChangeView: Reach consensus,org_view=140,org_changeCycle=0,cur_changeCycle=0,to_view=141
info|2019-12-12 15:58:28.212255|[g:1][CONSENSUS]addRawPrepare,height=69,reqIdx=1,hash=a2664fd6...
info|2019-12-12 15:58:28.212773|[g:1][CONSENSUS][PBFT]checkTimeout Succ,view=141,toView=142,nodeIdx=3,changeCycle=0,myNode=82d7b9b6...,timecost=0.446
info|2019-12-12 15:58:28.219163|[g:1][CONSENSUS][PBFT]checkAndChangeView: Reach consensus,org_view=141,org_changeCycle=0,cur_changeCycle=0,to_view=142
info|2019-12-12 15:58:29.221338|[g:1][CONSENSUS]addRawPrepare,height=69,reqIdx=2,hash=c54e875f...
info|2019-12-12 15:58:29.221873|[g:1][CONSENSUS][PBFT]checkTimeout Succ,view=142,toView=143,nodeIdx=3,changeCycle=0,myNode=82d7b9b6...,timecost=0.33
info|2019-12-12 15:58:29.231467|[g:1][CONSENSUS][PBFT]checkAndChangeView: Reach consensus,org_view=142,org_changeCycle=0,cur_changeCycle=0,to_view=143
info|2019-12-12 15:58:30.231910|[g:1][CONSENSUS][SEALER]++++++++++++++++ Generating seal on,blkNum=69,tx=0,nodeIdx=3,hash=3a65ea25...
info|2019-12-12 15:58:30.242521|[g:1][CONSENSUS][PBFT]checkTimeout Succ,view=143,toView=144,nodeIdx=3,changeCycle=0,myNode=82d7b9b6...,timecost=0.422
info|2019-12-12 15:58:30.244314|[g:1][CONSENSUS][PBFT]checkAndChangeView: Reach consensus,org_view=143,org_changeCycle=0,cur_changeCycle=0,to_view=144
info|2019-12-12 15:58:31.243228|[g:1][CONSENSUS]addRawPrepare,height=69,reqIdx=0,hash=b9a89e27...
info|2019-12-12 15:58:31.243628|[g:1][CONSENSUS][PBFT]checkTimeout Succ,view=144,toView=145,nodeIdx=3,changeCycle=0,myNode=82d7b9b6...,timecost=0.224
info|2019-12-12 15:58:31.251129|[g:1][CONSENSUS][PBFT]checkAndChangeView: Reach consensus,org_view=144,org_changeCycle=0,cur_changeCycle=0,to_view=145
info|2019-12-12 15:58:32.257308|[g:1][CONSENSUS]addRawPrepare,height=69,reqIdx=1,hash=e3eb886c...
info|2019-12-12 15:58:32.263441|[g:1][CONSENSUS][PBFT]checkTimeout Succ,view=145,toView=146,nodeIdx=3,changeCycle=0,myNode=82d7b9b6...,timecost=6.066
info|2019-12-12 15:58:32.270506|[g:1][CONSENSUS][PBFT]checkAndChangeView: Reach consensus,org_view=145,org_changeCycle=0,cur_changeCycle=0,to_view=146
info|2019-12-12 15:58:33.274134|[g:1][CONSENSUS]addRawPrepare,height=69,reqIdx=2,hash=8a4a54c4...
info|2019-12-12 15:58:33.274508|[g:1][CONSENSUS][PBFT]checkTimeout Succ,view=146,toView=147,nodeIdx=3,changeCycle=0,myNode=82d7b9b6...,timecost=0.285
info|2019-12-12 15:58:33.280885|[g:1][CONSENSUS][PBFT]checkAndChangeView: Reach consensus,org_view=146,org_changeCycle=0,cur_changeCycle=0,to_view=147
info|2019-12-12 15:58:33.743412|[P2P][Service] heartBeat,connected count=4
info|2019-12-12 15:58:34.282673|[g:1][CONSENSUS][SEALER]++++++++++++++++ Generating seal on,blkNum=69,tx=0,nodeIdx=3,hash=f6d9d362...
info|2019-12-12 15:58:34.300109|[g:1][CONSENSUS][PBFT]checkTimeout Succ,view=147,toView=148,nodeIdx=3,changeCycle=0,myNode=82d7b9b6...,timecost=0.386
info|2019-12-12 15:58:34.302496|[g:1][CONSENSUS][PBFT]checkAndChangeView: Reach consensus,org_view=147,org_changeCycle=0,cur_changeCycle=0,to_view=148
info|2019-12-12 15:58:35.295597|[g:1][CONSENSUS]addRawPrepare,height=69,reqIdx=0,hash=9b7c753e...
info|2019-12-12 15:58:35.296064|[g:1][CONSENSUS][PBFT]checkTimeout Succ,view=148,toView=149,nodeIdx=3,changeCycle=0,myNode=82d7b9b6...,timecost=0.34
info|2019-12-12 15:58:35.303798|[g:1][CONSENSUS][PBFT]checkAndChangeView: Reach consensus,org_view=148,org_changeCycle=0,cur_changeCycle=0,to_view=149
info|2019-12-12 15:58:36.312562|[g:1][CONSENSUS]addRawPrepare,height=69,reqIdx=1,hash=05382548...
info|2019-12-12 15:58:36.313113|[g:1][CONSENSUS][PBFT]checkTimeout Succ,view=149,toView=150,nodeIdx=3,changeCycle=0,myNode=82d7b9b6...,timecost=0.383
info|2019-12-12 15:58:36.318195|[g:1][CONSENSUS][PBFT]checkAndChangeView: Reach consensus,org_view=149,org_changeCycle=0,cur_changeCycle=0,to_view=150
info|2019-12-12 15:58:37.319402|[g:1][CONSENSUS]addRawPrepare,height=69,reqIdx=2,hash=4ae1344b...
info|2019-12-12 15:58:37.319916|[g:1][CONSENSUS][PBFT]checkTimeout Succ,view=150,toView=151,nodeIdx=3,changeCycle=0,myNode=82d7b9b6...,timecost=0.357
info|2019-12-12 15:58:37.331640|[g:1][CONSENSUS][PBFT]checkAndChangeView: Reach consensus,org_view=150,org_changeCycle=0,cur_changeCycle=0,to_view=151
info|2019-12-12 15:58:38.337066|[g:1][CONSENSUS][SEALER]++++++++++++++++ Generating seal on,blkNum=69,tx=0,nodeIdx=3,hash=e8232a7a...
info|2019-12-12 15:58:38.349456|[g:1][CONSENSUS][PBFT]checkTimeout Succ,view=151,toView=152,nodeIdx=3,changeCycle=0,myNode=82d7b9b6...,timecost=0.371
info|2019-12-12 15:58:38.351232|[g:1][CONSENSUS][PBFT]checkAndChangeView: Reach consensus,org_view=151,org_changeCycle=0,cur_changeCycle=0,to_view=152
info|2019-12-12 15:58:39.347813|[g:1][CONSENSUS]addRawPrepare,height=69,reqIdx=0,hash=59135051...
info|2019-12-12 15:58:39.348191|[g:1][CONSENSUS][PBFT]checkTimeout Succ,view=152,toView=153,nodeIdx=3,changeCycle=0,myNode=82d7b9b6...,timecost=0.22
info|2019-12-12 15:58:39.351985|[g:1][CONSENSUS][PBFT]checkAndChangeView: Reach consensus,org_view=152,org_changeCycle=0,cur_changeCycle=0,to_view=153
info|2019-12-12 15:58:40.356826|[g:1][CONSENSUS]addRawPrepare,height=69,reqIdx=1,hash=d28377b8...
info|2019-12-12 15:58:40.357260|[g:1][CONSENSUS][PBFT]checkTimeout Succ,view=153,toView=154,nodeIdx=3,changeCycle=0,myNode=82d7b9b6...,timecost=0.404
info|2019-12-12 15:58:40.359901|[g:1][CONSENSUS][PBFT]checkAndChangeView: Reach consensus,org_view=153,org_changeCycle=0,cur_changeCycle=0,to_view=154
info|2019-12-12 15:58:41.363832|[g:1][CONSENSUS]addRawPrepare,height=69,reqIdx=2,hash=992eb82b...
info|2019-12-12 15:58:41.364189|[g:1][CONSENSUS][PBFT]checkTimeout Succ,view=154,toView=155,nodeIdx=3,changeCycle=0,myNode=82d7b9b6...,timecost=0.243
info|2019-12-12 15:58:41.370721|[g:1][CONSENSUS][PBFT]checkAndChangeView: Reach consensus,org_view=154,org_changeCycle=0,cur_changeCycle=0,to_view=155
info|2019-12-12 15:58:42.372234|[g:1][CONSENSUS][SEALER]++++++++++++++++ Generating seal on,blkNum=69,tx=0,nodeIdx=3,hash=2bbb59f3...
info|2019-12-12 15:58:42.384037|[g:1][CONSENSUS][PBFT]checkTimeout Succ,view=155,toView=156,nodeIdx=3,changeCycle=0,myNode=82d7b9b6...,timecost=0.404
info|2019-12-12 15:58:42.385309|[g:1][CONSENSUS][PBFT]checkAndChangeView: Reach consensus,org_view=155,org_changeCycle=0,cur_changeCycle=0,to_view=156
info|2019-12-12 15:58:43.383338|[g:1][CONSENSUS]addRawPrepare,height=69,reqIdx=0,hash=86ee8424...
info|2019-12-12 15:58:43.383809|[g:1][CONSENSUS][PBFT]checkTimeout Succ,view=156,toView=157,nodeIdx=3,changeCycle=0,myNode=82d7b9b6...,timecost=0.331
info|2019-12-12 15:58:43.391637|[g:1][CONSENSUS][PBFT]checkAndChangeView: Reach consensus,org_view=156,org_changeCycle=0,cur_changeCycle=0,to_view=157
info|2019-12-12 15:58:43.743871|[P2P][Service] heartBeat,connected count=4
info|2019-12-12 15:58:44.395819|[g:1][CONSENSUS]addRawPrepare,height=69,reqIdx=1,hash=f3feefa6...
info|2019-12-12 15:58:44.399583|[g:1][CONSENSUS][PBFT]checkTimeout Succ,view=157,toView=158,nodeIdx=3,changeCycle=0,myNode=82d7b9b6...,timecost=3.682
info|2019-12-12 15:58:44.402181|[g:1][CONSENSUS][PBFT]checkAndChangeView: Reach consensus,org_view=157,org_changeCycle=0,cur_changeCycle=0,to_view=158
info|2019-12-12 15:58:45.403968|[g:1][CONSENSUS]addRawPrepare,height=69,reqIdx=2,hash=764eb8ea...
info|2019-12-12 15:58:45.404396|[g:1][CONSENSUS][PBFT]checkTimeout Succ,view=158,toView=159,nodeIdx=3,changeCycle=0,myNode=82d7b9b6...,timecost=0.31
info|2019-12-12 15:58:45.412731|[g:1][CONSENSUS][PBFT]checkAndChangeView: Reach consensus,org_view=158,org_changeCycle=0,cur_changeCycle=0,to_view=159
info|2019-12-12 15:58:46.413795|[g:1][CONSENSUS][SEALER]++++++++++++++++ Generating seal on,blkNum=69,tx=0,nodeIdx=3,hash=80f3abd1...
info|2019-12-12 15:58:46.429750|[g:1][CONSENSUS][PBFT]checkTimeout Succ,view=159,toView=160,nodeIdx=3,changeCycle=0,myNode=82d7b9b6...,timecost=0.419
info|2019-12-12 15:58:46.431711|[g:1][CONSENSUS][PBFT]checkAndChangeView: Reach consensus,org_view=159,org_changeCycle=0,cur_changeCycle=0,to_view=160
info|2019-12-12 15:58:47.428458|[g:1][CONSENSUS]addRawPrepare,height=69,reqIdx=0,hash=c7ac4213...
info|2019-12-12 15:58:47.429241|[g:1][CONSENSUS][PBFT]checkTimeout Succ,view=160,toView=161,nodeIdx=3,changeCycle=0,myNode=82d7b9b6...,timecost=0.619
info|2019-12-12 15:58:47.447757|[g:1][CONSENSUS][PBFT]checkAndChangeView: Reach consensus,org_view=160,org_changeCycle=0,cur_changeCycle=0,to_view=161
info|2019-12-12 15:58:48.453413|[g:1][CONSENSUS]addRawPrepare,height=69,reqIdx=1,hash=31692737...
info|2019-12-12 15:58:48.457645|[g:1][CONSENSUS][PBFT]checkTimeout Succ,view=161,toView=162,nodeIdx=3,changeCycle=0,myNode=82d7b9b6...,timecost=4.189
info|2019-12-12 15:58:48.460351|[g:1][CONSENSUS][PBFT]checkAndChangeView: Reach consensus,org_view=161,org_changeCycle=0,cur_changeCycle=0,to_view=162
info|2019-12-12 15:58:49.461829|[g:1][CONSENSUS]addRawPrepare,height=69,reqIdx=2,hash=ea8ba945...
info|2019-12-12 15:58:49.462111|[g:1][CONSENSUS][PBFT]checkTimeout Succ,view=162,toView=163,nodeIdx=3,changeCycle=0,myNode=82d7b9b6...,timecost=0.208
info|2019-12-12 15:58:49.467552|[g:1][CONSENSUS][PBFT]checkAndChangeView: Reach consensus,org_view=162,org_changeCycle=0,cur_changeCycle=0,to_view=163
info|2019-12-12 15:58:50.468776|[g:1][CONSENSUS][SEALER]++++++++++++++++ Generating seal on,blkNum=69,tx=0,nodeIdx=3,hash=6d502f01...
info|2019-12-12 15:58:50.476682|[g:1][CONSENSUS][PBFT]checkTimeout Succ,view=163,toView=164,nodeIdx=3,changeCycle=0,myNode=82d7b9b6...,timecost=0.281
info|2019-12-12 15:58:50.477660|[g:1][CONSENSUS][PBFT]checkAndChangeView: Reach consensus,org_view=163,org_changeCycle=0,cur_changeCycle=0,to_view=164
info|2019-12-12 15:58:51.478559|[g:1][CONSENSUS]addRawPrepare,height=69,reqIdx=0,hash=5e247514...
info|2019-12-12 15:58:51.479140|[g:1][CONSENSUS][PBFT]checkTimeout Succ,view=164,toView=165,nodeIdx=3,changeCycle=0,myNode=82d7b9b6...,timecost=0.471
info|2019-12-12 15:58:51.488747|[g:1][CONSENSUS][PBFT]checkAndChangeView: Reach consensus,org_view=164,org_changeCycle=0,cur_changeCycle=0,to_view=165
info|2019-12-12 15:58:52.816745|[g:1][CONSENSUS]addRawPrepare,height=69,reqIdx=1,hash=6907d0ac...
info|2019-12-12 15:58:52.820926|[g:1][CONSENSUS][PBFT]checkTimeout Succ,view=165,toView=166,nodeIdx=3,changeCycle=0,myNode=82d7b9b6...,timecost=2.479
info|2019-12-12 15:58:52.824756|[g:1][CONSENSUS][PBFT]checkAndChangeView: Reach consensus,org_view=165,org_changeCycle=0,cur_changeCycle=0,to_view=166
info|2019-12-12 15:58:53.744226|[P2P][Service] heartBeat,connected count=4
info|2019-12-12 15:58:53.831304|[g:1][CONSENSUS]addRawPrepare,height=69,reqIdx=2,hash=6be4b275...
info|2019-12-12 15:58:53.831855|[g:1][CONSENSUS][PBFT]checkTimeout Succ,view=166,toView=167,nodeIdx=3,changeCycle=0,myNode=82d7b9b6...,timecost=0.369
info|2019-12-12 15:58:53.839938|[g:1][CONSENSUS][PBFT]checkAndChangeView: Reach consensus,org_view=166,org_changeCycle=0,cur_changeCycle=0,to_view=167
info|2019-12-12 15:58:54.847412|[g:1][CONSENSUS][SEALER]++++++++++++++++ Generating seal on,blkNum=69,tx=0,nodeIdx=3,hash=8c23ebd2...
info|2019-12-12 15:58:54.862001|[g:1][CONSENSUS][PBFT]checkTimeout Succ,view=167,toView=168,nodeIdx=3,changeCycle=0,myNode=82d7b9b6...,timecost=1.05
info|2019-12-12 15:58:54.873266|[g:1][CONSENSUS][PBFT]checkAndChangeView: Reach consensus,org_view=167,org_changeCycle=0,cur_changeCycle=0,to_view=168
info|2019-12-12 15:58:55.859415|[g:1][CONSENSUS]addRawPrepare,height=69,reqIdx=0,hash=ff3405c0...
info|2019-12-12 15:58:55.859811|[g:1][CONSENSUS][PBFT]checkTimeout Succ,view=168,toView=169,nodeIdx=3,changeCycle=0,myNode=82d7b9b6...,timecost=0.292
info|2019-12-12 15:58:55.864845|[g:1][CONSENSUS][PBFT]checkAndChangeView: Reach consensus,org_view=168,org_changeCycle=0,cur_changeCycle=0,to_view=169
warning|2019-12-12 15:58:59.059903|[g:1][CONSENSUS][PBFT]ViewChangeWarning: not caused by omit empty block ,v=169,toV=170,curNum=68,hash=3aedf695...,nodeIdx=3,myNode=82d7b9b6...
info|2019-12-12 15:58:59.060436|[g:1][CONSENSUS][PBFT]checkTimeout Succ,view=169,toView=170,nodeIdx=3,changeCycle=1,myNode=82d7b9b6...,timecost=47.446
info|2019-12-12 15:59:00.826222|[g:1][CONSENSUS][PBFT]checkAndChangeView: Reach consensus,org_view=169,org_changeCycle=1,cur_changeCycle=1,to_view=170
info|2019-12-12 15:59:01.759162|[g:1][CONSENSUS]addRawPrepare,height=69,reqIdx=2,hash=6916ca75...
info|2019-12-12 15:59:02.011995|[g:1][CONSENSUS][PBFT]checkTimeout Succ,view=170,toView=171,nodeIdx=3,changeCycle=0,myNode=82d7b9b6...,timecost=154.929
info|2019-12-12 15:59:02.092103|[g:1][CONSENSUS][PBFT]checkAndChangeView: Reach consensus,org_view=170,org_changeCycle=0,cur_changeCycle=0,to_view=171
info|2019-12-12 15:59:03.094508|[g:1][CONSENSUS][SEALER]++++++++++++++++ Generating seal on,blkNum=69,tx=0,nodeIdx=3,hash=899d2c63...
info|2019-12-12 15:59:03.146974|[g:1][CONSENSUS][PBFT]checkTimeout Succ,view=171,toView=172,nodeIdx=3,changeCycle=0,myNode=82d7b9b6...,timecost=4.467
info|2019-12-12 15:59:03.211537|[g:1][CONSENSUS][PBFT]checkAndChangeView: Reach consensus,org_view=171,org_changeCycle=0,cur_changeCycle=0,to_view=172
info|2019-12-12 15:59:03.744582|[P2P][Service] heartBeat,connected count=4
info|2019-12-12 15:59:04.215105|[g:1][CONSENSUS]addRawPrepare,height=69,reqIdx=0,hash=0c5d19c1...
info|2019-12-12 15:59:04.262013|[g:1][CONSENSUS][PBFT]checkTimeout Succ,view=172,toView=173,nodeIdx=3,changeCycle=0,myNode=82d7b9b6...,timecost=31.919
info|2019-12-12 15:59:04.294045|[g:1][CONSENSUS][PBFT]checkAndChangeView: Reach consensus,org_view=172,org_changeCycle=0,cur_changeCycle=0,to_view=173
info|2019-12-12 15:59:05.401724|[g:1][CONSENSUS]addRawPrepare,height=69,reqIdx=1,hash=5902f2f6...
info|2019-12-12 15:59:05.449235|[g:1][CONSENSUS][PBFT]checkTimeout Succ,view=173,toView=174,nodeIdx=3,changeCycle=0,myNode=82d7b9b6...,timecost=37.815
info|2019-12-12 15:59:05.468504|[g:1][CONSENSUS][PBFT]checkAndChangeView: Reach consensus,org_view=173,org_changeCycle=0,cur_changeCycle=0,to_view=174
info|2019-12-12 15:59:06.501756|[g:1][CONSENSUS]addRawPrepare,height=69,reqIdx=2,hash=db5fd809...
info|2019-12-12 15:59:06.581336|[g:1][CONSENSUS][PBFT]checkTimeout Succ,view=174,toView=175,nodeIdx=3,changeCycle=0,myNode=82d7b9b6...,timecost=69.079
info|2019-12-12 15:59:06.606841|[g:1][CONSENSUS][PBFT]checkAndChangeView: Reach consensus,org_view=174,org_changeCycle=0,cur_changeCycle=0,to_view=175
info|2019-12-12 15:59:07.656191|[g:1][CONSENSUS][SEALER]++++++++++++++++ Generating seal on,blkNum=69,tx=0,nodeIdx=3,hash=a73a2ed2...
info|2019-12-12 15:59:07.709050|[g:1][CONSENSUS][PBFT]checkTimeout Succ,view=175,toView=176,nodeIdx=3,changeCycle=0,myNode=82d7b9b6...,timecost=11.039
info|2019-12-12 15:59:07.780597|[g:1][CONSENSUS][PBFT]checkAndChangeView: Reach consensus,org_view=175,org_changeCycle=0,cur_changeCycle=0,to_view=176
info|2019-12-12 15:59:08.996575|[g:1][CONSENSUS]addRawPrepare,height=69,reqIdx=0,hash=8e46b93d...
info|2019-12-12 15:59:09.026895|[g:1][CONSENSUS][PBFT]checkTimeout Succ,view=176,toView=177,nodeIdx=3,changeCycle=0,myNode=82d7b9b6...,timecost=21.307
info|2019-12-12 15:59:09.093382|[g:1][CONSENSUS][PBFT]checkAndChangeView: Reach consensus,org_view=176,org_changeCycle=0,cur_changeCycle=0,to_view=177
info|2019-12-12 15:59:10.119390|[g:1][CONSENSUS]addRawPrepare,height=69,reqIdx=1,hash=454a14d4...
info|2019-12-12 15:59:10.147168|[g:1][CONSENSUS][PBFT]checkTimeout Succ,view=177,toView=178,nodeIdx=3,changeCycle=0,myNode=82d7b9b6...,timecost=24.056
info|2019-12-12 15:59:10.206155|[g:1][CONSENSUS][PBFT]checkAndChangeView: Reach consensus,org_view=177,org_changeCycle=0,cur_changeCycle=0,to_view=178
info|2019-12-12 15:59:11.240838|[g:1][CONSENSUS]addRawPrepare,height=69,reqIdx=2,hash=403edaa7...
info|2019-12-12 15:59:11.333049|[g:1][CONSENSUS][PBFT]checkTimeout Succ,view=178,toView=179,nodeIdx=3,changeCycle=0,myNode=82d7b9b6...,timecost=69.913
info|2019-12-12 15:59:11.366582|[g:1][CONSENSUS][PBFT]checkAndChangeView: Reach consensus,org_view=178,org_changeCycle=0,cur_changeCycle=0,to_view=179
info|2019-12-12 15:59:12.371457|[g:1][CONSENSUS][SEALER]++++++++++++++++ Generating seal on,blkNum=69,tx=0,nodeIdx=3,hash=b1960ce0...
info|2019-12-12 15:59:12.501092|[g:1][CONSENSUS][PBFT]checkTimeout Succ,view=179,toView=180,nodeIdx=3,changeCycle=0,myNode=82d7b9b6...,timecost=2.416
info|2019-12-12 15:59:12.794218|[g:1][CONSENSUS][PBFT]checkAndChangeView: Reach consensus,org_view=179,org_changeCycle=0,cur_changeCycle=0,to_view=180
info|2019-12-12 15:59:13.666007|[g:1][CONSENSUS]addRawPrepare,height=69,reqIdx=0,hash=31f5e26b...
info|2019-12-12 15:59:13.682195|[g:1][CONSENSUS][PBFT]checkTimeout Succ,view=180,toView=181,nodeIdx=3,changeCycle=0,myNode=82d7b9b6...,timecost=4.218
info|2019-12-12 15:59:13.715579|[g:1][CONSENSUS][PBFT]checkAndChangeView: Reach consensus,org_view=180,org_changeCycle=0,cur_changeCycle=0,to_view=181
info|2019-12-12 15:59:13.745221|[P2P][Service] heartBeat,connected count=4
info|2019-12-12 15:59:14.746715|[g:1][CONSENSUS]addRawPrepare,height=69,reqIdx=1,hash=c261a42d...
info|2019-12-12 15:59:14.771504|[g:1][CONSENSUS][PBFT]checkTimeout Succ,view=181,toView=182,nodeIdx=3,changeCycle=0,myNode=82d7b9b6...,timecost=23.931
info|2019-12-12 15:59:14.804827|[g:1][CONSENSUS][PBFT]checkAndChangeView: Reach consensus,org_view=181,org_changeCycle=0,cur_changeCycle=0,to_view=182
info|2019-12-12 15:59:15.816534|[g:1][CONSENSUS]addRawPrepare,height=69,reqIdx=2,hash=06de1036...
info|2019-12-12 15:59:15.855519|[g:1][CONSENSUS][PBFT]checkTimeout Succ,view=182,toView=183,nodeIdx=3,changeCycle=0,myNode=82d7b9b6...,timecost=27.355
info|2019-12-12 15:59:15.942670|[g:1][CONSENSUS][PBFT]checkAndChangeView: Reach consensus,org_view=182,org_changeCycle=0,cur_changeCycle=0,to_view=183
info|2019-12-12 15:59:16.950681|[g:1][CONSENSUS][SEALER]++++++++++++++++ Generating seal on,blkNum=69,tx=0,nodeIdx=3,hash=4ef86dfe...
info|2019-12-12 15:59:16.976045|[g:1][CONSENSUS][PBFT]checkTimeout Succ,view=183,toView=184,nodeIdx=3,changeCycle=0,myNode=82d7b9b6...,timecost=7.559
info|2019-12-12 15:59:17.050177|[g:1][CONSENSUS][PBFT]checkAndChangeView: Reach consensus,org_view=183,org_changeCycle=0,cur_changeCycle=0,to_view=184
info|2019-12-12 15:59:18.044399|[g:1][CONSENSUS]addRawPrepare,height=69,reqIdx=0,hash=dcf70820...
info|2019-12-12 15:59:18.094818|[g:1][CONSENSUS][PBFT]checkTimeout Succ,view=184,toView=185,nodeIdx=3,changeCycle=0,myNode=82d7b9b6...,timecost=13.263
info|2019-12-12 15:59:18.113368|[g:1][CONSENSUS][PBFT]checkAndChangeView: Reach consensus,org_view=184,org_changeCycle=0,cur_changeCycle=0,to_view=185
info|2019-12-12 15:59:19.119059|[g:1][CONSENSUS]addRawPrepare,height=69,reqIdx=1,hash=69cfbc27...
info|2019-12-12 15:59:19.138195|[g:1][CONSENSUS][PBFT]checkTimeout Succ,view=185,toView=186,nodeIdx=3,changeCycle=0,myNode=82d7b9b6...,timecost=18.832
info|2019-12-12 15:59:19.164001|[g:1][CONSENSUS][PBFT]checkAndChangeView: Reach consensus,org_view=185,org_changeCycle=0,cur_changeCycle=0,to_view=186
info|2019-12-12 15:59:20.194522|[g:1][CONSENSUS]addRawPrepare,height=69,reqIdx=2,hash=c875aec1...
info|2019-12-12 15:59:20.211407|[g:1][CONSENSUS][PBFT]checkTimeout Succ,view=186,toView=187,nodeIdx=3,changeCycle=0,myNode=82d7b9b6...,timecost=11.126
info|2019-12-12 15:59:20.243477|[g:1][CONSENSUS][PBFT]checkAndChangeView: Reach consensus,org_view=186,org_changeCycle=0,cur_changeCycle=0,to_view=187
info|2019-12-12 15:59:21.243810|[g:1][CONSENSUS][SEALER]++++++++++++++++ Generating seal on,blkNum=69,tx=0,nodeIdx=3,hash=9150c801...
info|2019-12-12 15:59:21.267363|[g:1][CONSENSUS][PBFT]checkTimeout Succ,view=187,toView=188,nodeIdx=3,changeCycle=0,myNode=82d7b9b6...,timecost=0.931
info|2019-12-12 15:59:21.276497|[g:1][CONSENSUS][PBFT]checkAndChangeView: Reach consensus,org_view=187,org_changeCycle=0,cur_changeCycle=0,to_view=188
info|2019-12-12 15:59:22.299884|[g:1][CONSENSUS]addRawPrepare,height=69,reqIdx=0,hash=bd080175...
info|2019-12-12 15:59:22.321562|[g:1][CONSENSUS][PBFT]checkTimeout Succ,view=188,toView=189,nodeIdx=3,changeCycle=0,myNode=82d7b9b6...,timecost=14.792
info|2019-12-12 15:59:22.345024|[g:1][CONSENSUS][PBFT]checkAndChangeView: Reach consensus,org_view=188,org_changeCycle=0,cur_changeCycle=0,to_view=189
info|2019-12-12 15:59:23.348779|[g:1][CONSENSUS]addRawPrepare,height=69,reqIdx=1,hash=618763d6...
info|2019-12-12 15:59:23.360370|[g:1][CONSENSUS][PBFT]checkTimeout Succ,view=189,toView=190,nodeIdx=3,changeCycle=0,myNode=82d7b9b6...,timecost=9.887
info|2019-12-12 15:59:23.383805|[g:1][CONSENSUS][PBFT]checkAndChangeView: Reach consensus,org_view=189,org_changeCycle=0,cur_changeCycle=0,to_view=190
info|2019-12-12 15:59:23.745973|[P2P][Service] heartBeat,connected count=4
info|2019-12-12 15:59:24.376290|[g:1][CONSENSUS]addRawPrepare,height=69,reqIdx=2,hash=b7ee5a58...
info|2019-12-12 15:59:24.384640|[g:1][CONSENSUS][PBFT]checkTimeout Succ,view=190,toView=191,nodeIdx=3,changeCycle=0,myNode=82d7b9b6...,timecost=8.174
info|2019-12-12 15:59:24.404006|[g:1][CONSENSUS][PBFT]checkAndChangeView: Reach consensus,org_view=190,org_changeCycle=0,cur_changeCycle=0,to_view=191
info|2019-12-12 15:59:25.407286|[g:1][CONSENSUS][SEALER]++++++++++++++++ Generating seal on,blkNum=69,tx=0,nodeIdx=3,hash=569d12ac...
info|2019-12-12 15:59:25.426293|[g:1][CONSENSUS][PBFT]checkTimeout Succ,view=191,toView=192,nodeIdx=3,changeCycle=0,myNode=82d7b9b6...,timecost=0.514
info|2019-12-12 15:59:25.429480|[g:1][CONSENSUS][PBFT]checkAndChangeView: Reach consensus,org_view=191,org_changeCycle=0,cur_changeCycle=0,to_view=192
info|2019-12-12 15:59:26.449328|[g:1][CONSENSUS]addRawPrepare,height=69,reqIdx=0,hash=cb4542de...
info|2019-12-12 15:59:26.473496|[g:1][CONSENSUS][PBFT]checkTimeout Succ,view=192,toView=193,nodeIdx=3,changeCycle=0,myNode=82d7b9b6...,timecost=16.836
info|2019-12-12 15:59:26.492438|[g:1][CONSENSUS][PBFT]checkAndChangeView: Reach consensus,org_view=192,org_changeCycle=0,cur_changeCycle=0,to_view=193
info|2019-12-12 15:59:27.509112|[g:1][CONSENSUS]addRawPrepare,height=69,reqIdx=1,hash=c9a5f46f...
info|2019-12-12 15:59:27.517538|[g:1][CONSENSUS][PBFT]checkTimeout Succ,view=193,toView=194,nodeIdx=3,changeCycle=0,myNode=82d7b9b6...,timecost=8.372
info|2019-12-12 15:59:27.526886|[g:1][CONSENSUS][PBFT]checkAndChangeView: Reach consensus,org_view=193,org_changeCycle=0,cur_changeCycle=0,to_view=194
info|2019-12-12 15:59:28.566405|[g:1][CONSENSUS]addRawPrepare,height=69,reqIdx=2,hash=44abd71f...
info|2019-12-12 15:59:28.571710|[g:1][CONSENSUS][PBFT]checkTimeout Succ,view=194,toView=195,nodeIdx=3,changeCycle=0,myNode=82d7b9b6...,timecost=2.116
info|2019-12-12 15:59:28.593139|[g:1][CONSENSUS][PBFT]checkAndChangeView: Reach consensus,org_view=194,org_changeCycle=0,cur_changeCycle=0,to_view=195
info|2019-12-12 15:59:29.593938|[g:1][CONSENSUS][SEALER]++++++++++++++++ Generating seal on,blkNum=69,tx=0,nodeIdx=3,hash=ef2ffcfa...
info|2019-12-12 15:59:29.613165|[g:1][CONSENSUS][PBFT]checkTimeout Succ,view=195,toView=196,nodeIdx=3,changeCycle=0,myNode=82d7b9b6...,timecost=0.554
info|2019-12-12 15:59:29.616664|[g:1][CONSENSUS][PBFT]checkAndChangeView: Reach consensus,org_view=195,org_changeCycle=0,cur_changeCycle=0,to_view=196
info|2019-12-12 15:59:30.631991|[g:1][CONSENSUS]addRawPrepare,height=69,reqIdx=0,hash=524ec53c...
info|2019-12-12 15:59:30.667990|[g:1][CONSENSUS][PBFT]checkTimeout Succ,view=196,toView=197,nodeIdx=3,changeCycle=0,myNode=82d7b9b6...,timecost=20.212
info|2019-12-12 15:59:30.694628|[g:1][CONSENSUS][PBFT]checkAndChangeView: Reach consensus,org_view=196,org_changeCycle=0,cur_changeCycle=0,to_view=197
info|2019-12-12 15:59:31.713544|[g:1][CONSENSUS]addRawPrepare,height=69,reqIdx=1,hash=d98bef36...
info|2019-12-12 15:59:31.718683|[g:1][CONSENSUS][PBFT]checkTimeout Succ,view=197,toView=198,nodeIdx=3,changeCycle=0,myNode=82d7b9b6...,timecost=5.084
info|2019-12-12 15:59:31.743802|[g:1][CONSENSUS][PBFT]checkAndChangeView: Reach consensus,org_view=197,org_changeCycle=0,cur_changeCycle=0,to_view=198
info|2019-12-12 15:59:32.744187|[g:1][CONSENSUS]addRawPrepare,height=69,reqIdx=2,hash=44f29aa3...
info|2019-12-12 15:59:32.755345|[g:1][CONSENSUS][PBFT]checkTimeout Succ,view=198,toView=199,nodeIdx=3,changeCycle=0,myNode=82d7b9b6...,timecost=4.847
info|2019-12-12 15:59:32.775227|[g:1][CONSENSUS][PBFT]checkAndChangeView: Reach consensus,org_view=198,org_changeCycle=0,cur_changeCycle=0,to_view=199
info|2019-12-12 15:59:33.746923|[P2P][Service] heartBeat,connected count=4
info|2019-12-12 15:59:33.779822|[g:1][CONSENSUS][SEALER]++++++++++++++++ Generating seal on,blkNum=69,tx=0,nodeIdx=3,hash=480e60ec...
info|2019-12-12 15:59:33.802162|[g:1][CONSENSUS][PBFT]checkTimeout Succ,view=199,toView=200,nodeIdx=3,changeCycle=0,myNode=82d7b9b6...,timecost=0.552
info|2019-12-12 15:59:33.805802|[g:1][CONSENSUS][PBFT]checkAndChangeView: Reach consensus,org_view=199,org_changeCycle=0,cur_changeCycle=0,to_view=200
info|2019-12-12 15:59:34.809507|[g:1][CONSENSUS]addRawPrepare,height=69,reqIdx=0,hash=f1505530...
info|2019-12-12 15:59:34.817885|[g:1][CONSENSUS][PBFT]checkTimeout Succ,view=200,toView=201,nodeIdx=3,changeCycle=0,myNode=82d7b9b6...,timecost=8.072
info|2019-12-12 15:59:34.828394|[g:1][CONSENSUS][PBFT]checkAndChangeView: Reach consensus,org_view=200,org_changeCycle=0,cur_changeCycle=0,to_view=201
info|2019-12-12 15:59:35.843784|[g:1][CONSENSUS]addRawPrepare,height=69,reqIdx=1,hash=04626779...
info|2019-12-12 15:59:35.848611|[g:1][CONSENSUS][PBFT]checkTimeout Succ,view=201,toView=202,nodeIdx=3,changeCycle=0,myNode=82d7b9b6...,timecost=4.837
info|2019-12-12 15:59:35.876649|[g:1][CONSENSUS][PBFT]checkAndChangeView: Reach consensus,org_view=201,org_changeCycle=0,cur_changeCycle=0,to_view=202
info|2019-12-12 15:59:36.882875|[g:1][CONSENSUS]addRawPrepare,height=69,reqIdx=2,hash=9c24d3c5...
info|2019-12-12 15:59:36.886718|[g:1][CONSENSUS][PBFT]checkTimeout Succ,view=202,toView=203,nodeIdx=3,changeCycle=0,myNode=82d7b9b6...,timecost=3.706
info|2019-12-12 15:59:36.893462|[g:1][CONSENSUS][PBFT]checkAndChangeView: Reach consensus,org_view=202,org_changeCycle=0,cur_changeCycle=0,to_view=203
info|2019-12-12 15:59:37.896850|[g:1][CONSENSUS][SEALER]++++++++++++++++ Generating seal on,blkNum=69,tx=0,nodeIdx=3,hash=faf81d35...
info|2019-12-12 15:59:37.917251|[g:1][CONSENSUS][PBFT]checkTimeout Succ,view=203,toView=204,nodeIdx=3,changeCycle=0,myNode=82d7b9b6...,timecost=0.421
info|2019-12-12 15:59:37.919658|[g:1][CONSENSUS][PBFT]checkAndChangeView: Reach consensus,org_view=203,org_changeCycle=0,cur_changeCycle=0,to_view=204
info|2019-12-12 15:59:38.926287|[g:1][CONSENSUS]addRawPrepare,height=69,reqIdx=0,hash=87fd45e9...
info|2019-12-12 15:59:38.945839|[g:1][CONSENSUS][PBFT]checkTimeout Succ,view=204,toView=205,nodeIdx=3,changeCycle=0,myNode=82d7b9b6...,timecost=11.309
info|2019-12-12 15:59:38.969704|[g:1][CONSENSUS][PBFT]checkAndChangeView: Reach consensus,org_view=204,org_changeCycle=0,cur_changeCycle=0,to_view=205
info|2019-12-12 15:59:39.975628|[g:1][CONSENSUS]addRawPrepare,height=69,reqIdx=1,hash=3e270efb...
info|2019-12-12 15:59:39.980674|[g:1][CONSENSUS][PBFT]checkTimeout Succ,view=205,toView=206,nodeIdx=3,changeCycle=0,myNode=82d7b9b6...,timecost=4.937
info|2019-12-12 15:59:39.997316|[g:1][CONSENSUS][PBFT]checkAndChangeView: Reach consensus,org_view=205,org_changeCycle=0,cur_changeCycle=0,to_view=206
info|2019-12-12 15:59:41.002833|[g:1][CONSENSUS]addRawPrepare,height=69,reqIdx=2,hash=e0cd599f...
info|2019-12-12 15:59:41.039475|[g:1][CONSENSUS][PBFT]checkTimeout Succ,view=206,toView=207,nodeIdx=3,changeCycle=0,myNode=82d7b9b6...,timecost=25.612
info|2019-12-12 15:59:41.065261|[g:1][CONSENSUS][PBFT]checkAndChangeView: Reach consensus,org_view=206,org_changeCycle=0,cur_changeCycle=0,to_view=207
info|2019-12-12 15:59:42.067297|[g:1][CONSENSUS][SEALER]++++++++++++++++ Generating seal on,blkNum=69,tx=0,nodeIdx=3,hash=733ac9f3...
info|2019-12-12 15:59:42.091507|[g:1][CONSENSUS][PBFT]checkTimeout Succ,view=207,toView=208,nodeIdx=3,changeCycle=0,myNode=82d7b9b6...,timecost=2.077
info|2019-12-12 15:59:42.111044|[g:1][CONSENSUS][PBFT]checkAndChangeView: Reach consensus,org_view=207,org_changeCycle=0,cur_changeCycle=0,to_view=208
info|2019-12-12 15:59:43.126487|[g:1][CONSENSUS]addRawPrepare,height=69,reqIdx=0,hash=7fc2a946...
info|2019-12-12 15:59:43.127119|[g:1][CONSENSUS][PBFT]checkTimeout Succ,view=208,toView=209,nodeIdx=3,changeCycle=0,myNode=82d7b9b6...,timecost=0.442
info|2019-12-12 15:59:43.137203|[g:1][CONSENSUS][PBFT]checkAndChangeView: Reach consensus,org_view=208,org_changeCycle=0,cur_changeCycle=0,to_view=209
info|2019-12-12 15:59:43.747162|[P2P][Service] heartBeat,connected count=4
info|2019-12-12 15:59:44.149171|[g:1][CONSENSUS]addRawPrepare,height=69,reqIdx=1,hash=23986709...
info|2019-12-12 15:59:44.156880|[g:1][CONSENSUS][PBFT]checkTimeout Succ,view=209,toView=210,nodeIdx=3,changeCycle=0,myNode=82d7b9b6...,timecost=5.431
info|2019-12-12 15:59:44.173637|[g:1][CONSENSUS][PBFT]checkAndChangeView: Reach consensus,org_view=209,org_changeCycle=0,cur_changeCycle=0,to_view=210
info|2019-12-12 15:59:45.176775|[g:1][CONSENSUS]addRawPrepare,height=69,reqIdx=2,hash=12f4dcdb...
info|2019-12-12 15:59:45.190365|[g:1][CONSENSUS][PBFT]checkTimeout Succ,view=210,toView=211,nodeIdx=3,changeCycle=0,myNode=82d7b9b6...,timecost=11.103
info|2019-12-12 15:59:45.207176|[g:1][CONSENSUS][PBFT]checkAndChangeView: Reach consensus,org_view=210,org_changeCycle=0,cur_changeCycle=0,to_view=211
info|2019-12-12 15:59:46.209208|[g:1][CONSENSUS][SEALER]++++++++++++++++ Generating seal on,blkNum=69,tx=0,nodeIdx=3,hash=ed0449da...
info|2019-12-12 15:59:46.238613|[g:1][CONSENSUS][PBFT]checkTimeout Succ,view=211,toView=212,nodeIdx=3,changeCycle=0,myNode=82d7b9b6...,timecost=6.589
info|2019-12-12 15:59:46.261068|[g:1][CONSENSUS][PBFT]checkAndChangeView: Reach consensus,org_view=211,org_changeCycle=0,cur_changeCycle=0,to_view=212
info|2019-12-12 15:59:47.279898|[g:1][CONSENSUS]addRawPrepare,height=69,reqIdx=0,hash=173a3650...
info|2019-12-12 15:59:47.280775|[g:1][CONSENSUS][PBFT]checkTimeout Succ,view=212,toView=213,nodeIdx=3,changeCycle=0,myNode=82d7b9b6...,timecost=0.673
info|2019-12-12 15:59:47.290614|[g:1][CONSENSUS][PBFT]checkAndChangeView: Reach consensus,org_view=212,org_changeCycle=0,cur_changeCycle=0,to_view=213
info|2019-12-12 15:59:48.312872|[g:1][CONSENSUS]addRawPrepare,height=69,reqIdx=1,hash=ed4d2924...
info|2019-12-12 15:59:48.351647|[g:1][CONSENSUS][PBFT]checkTimeout Succ,view=213,toView=214,nodeIdx=3,changeCycle=0,myNode=82d7b9b6...,timecost=28.633
info|2019-12-12 15:59:48.359207|[g:1][CONSENSUS][PBFT]checkAndChangeView: Reach consensus,org_view=213,org_changeCycle=0,cur_changeCycle=0,to_view=214
info|2019-12-12 15:59:49.365110|[g:1][CONSENSUS]addRawPrepare,height=69,reqIdx=2,hash=150a3f03...
info|2019-12-12 15:59:49.376894|[g:1][CONSENSUS][PBFT]checkTimeout Succ,view=214,toView=215,nodeIdx=3,changeCycle=0,myNode=82d7b9b6...,timecost=7.453
info|2019-12-12 15:59:49.394352|[g:1][CONSENSUS][PBFT]checkAndChangeView: Reach consensus,org_view=214,org_changeCycle=0,cur_changeCycle=0,to_view=215
info|2019-12-12 15:59:50.398677|[g:1][CONSENSUS][SEALER]++++++++++++++++ Generating seal on,blkNum=69,tx=0,nodeIdx=3,hash=b256a485...
info|2019-12-12 15:59:50.427937|[g:1][CONSENSUS][PBFT]checkTimeout Succ,view=215,toView=216,nodeIdx=3,changeCycle=0,myNode=82d7b9b6...,timecost=0.568
info|2019-12-12 15:59:50.431785|[g:1][CONSENSUS][PBFT]checkAndChangeView: Reach consensus,org_view=215,org_changeCycle=0,cur_changeCycle=0,to_view=216
info|2019-12-12 15:59:51.456639|[g:1][CONSENSUS]addRawPrepare,height=69,reqIdx=0,hash=bf070235...
info|2019-12-12 15:59:51.477010|[g:1][CONSENSUS][PBFT]checkTimeout Succ,view=216,toView=217,nodeIdx=3,changeCycle=0,myNode=82d7b9b6...,timecost=5.539
info|2019-12-12 15:59:51.481313|[g:1][CONSENSUS][PBFT]checkAndChangeView: Reach consensus,org_view=216,org_changeCycle=0,cur_changeCycle=0,to_view=217
info|2019-12-12 15:59:52.493301|[g:1][CONSENSUS]addRawPrepare,height=69,reqIdx=1,hash=5a44b26c...
info|2019-12-12 15:59:52.513509|[g:1][CONSENSUS][PBFT]checkTimeout Succ,view=217,toView=218,nodeIdx=3,changeCycle=0,myNode=82d7b9b6...,timecost=16.586
info|2019-12-12 15:59:52.527098|[g:1][CONSENSUS][PBFT]checkAndChangeView: Reach consensus,org_view=217,org_changeCycle=0,cur_changeCycle=0,to_view=218
info|2019-12-12 15:59:53.530854|[g:1][CONSENSUS]addRawPrepare,height=69,reqIdx=2,hash=f28f5f86...
info|2019-12-12 15:59:53.531376|[g:1][CONSENSUS][PBFT]checkTimeout Succ,view=218,toView=219,nodeIdx=3,changeCycle=0,myNode=82d7b9b6...,timecost=0.379
info|2019-12-12 15:59:53.544072|[g:1][CONSENSUS][PBFT]checkAndChangeView: Reach consensus,org_view=218,org_changeCycle=0,cur_changeCycle=0,to_view=219
info|2019-12-12 15:59:53.747609|[P2P][Service] heartBeat,connected count=4
info|2019-12-12 15:59:54.545224|[g:1][CONSENSUS][SEALER]++++++++++++++++ Generating seal on,blkNum=69,tx=0,nodeIdx=3,hash=a36494ff...
info|2019-12-12 15:59:54.565342|[g:1][CONSENSUS][PBFT]checkTimeout Succ,view=219,toView=220,nodeIdx=3,changeCycle=0,myNode=82d7b9b6...,timecost=0.484
info|2019-12-12 15:59:54.567816|[g:1][CONSENSUS][PBFT]checkAndChangeView: Reach consensus,org_view=219,org_changeCycle=0,cur_changeCycle=0,to_view=220
info|2019-12-12 15:59:55.568272|[g:1][CONSENSUS]addRawPrepare,height=69,reqIdx=0,hash=514c9cc1...
info|2019-12-12 15:59:55.584963|[g:1][CONSENSUS][PBFT]checkTimeout Succ,view=220,toView=221,nodeIdx=3,changeCycle=0,myNode=82d7b9b6...,timecost=9.576
info|2019-12-12 15:59:55.600147|[g:1][CONSENSUS][PBFT]checkAndChangeView: Reach consensus,org_view=220,org_changeCycle=0,cur_changeCycle=0,to_view=221
info|2019-12-12 15:59:56.614580|[g:1][CONSENSUS]addRawPrepare,height=69,reqIdx=1,hash=88da8276...
info|2019-12-12 15:59:56.620302|[g:1][CONSENSUS][PBFT]checkTimeout Succ,view=221,toView=222,nodeIdx=3,changeCycle=0,myNode=82d7b9b6...,timecost=5.59
info|2019-12-12 15:59:56.638259|[g:1][CONSENSUS][PBFT]checkAndChangeView: Reach consensus,org_view=221,org_changeCycle=0,cur_changeCycle=0,to_view=222
info|2019-12-12 15:59:57.647450|[g:1][CONSENSUS]addRawPrepare,height=69,reqIdx=2,hash=f2ed8c06...
info|2019-12-12 15:59:57.655264|[g:1][CONSENSUS][PBFT]checkTimeout Succ,view=222,toView=223,nodeIdx=3,changeCycle=0,myNode=82d7b9b6...,timecost=7.674
info|2019-12-12 15:59:57.666245|[g:1][CONSENSUS][PBFT]checkAndChangeView: Reach consensus,org_view=222,org_changeCycle=0,cur_changeCycle=0,to_view=223
info|2019-12-12 15:59:58.669481|[g:1][CONSENSUS][SEALER]++++++++++++++++ Generating seal on,blkNum=69,tx=0,nodeIdx=3,hash=7cb9c59b...
info|2019-12-12 15:59:58.692614|[g:1][CONSENSUS][PBFT]checkTimeout Succ,view=223,toView=224,nodeIdx=3,changeCycle=0,myNode=82d7b9b6...,timecost=0.933
info|2019-12-12 15:59:58.696118|[g:1][CONSENSUS][PBFT]checkAndChangeView: Reach consensus,org_view=223,org_changeCycle=0,cur_changeCycle=0,to_view=224
info|2019-12-12 15:59:59.708239|[g:1][CONSENSUS]addRawPrepare,height=69,reqIdx=0,hash=5d8069c1...
info|2019-12-12 15:59:59.719921|[g:1][CONSENSUS][PBFT]checkTimeout Succ,view=224,toView=225,nodeIdx=3,changeCycle=0,myNode=82d7b9b6...,timecost=4.052
info|2019-12-12 15:59:59.734299|[g:1][CONSENSUS][PBFT]checkAndChangeView: Reach consensus,org_view=224,org_changeCycle=0,cur_changeCycle=0,to_view=225
