info|2019-10-23 21:00:00.108596|[g:1][CONSENSUS][SEALER]++++++++++++++++ Generating seal on,blkNum=5,tx=0,nodeIdx=3,hash=e0b1bd26...
info|2019-10-23 21:00:00.129972|[g:1][CONSENSUS][PBFT]checkTimeout Succ,view=291,toView=292,nodeIdx=3,changeCycle=0,myNode=82d7b9b6...,timecost=1.023
info|2019-10-23 21:00:00.186292|[g:1][CONSENSUS][PBFT]checkAndChangeView: Reach consensus,org_view=291,org_changeCycle=0,cur_changeCycle=0,to_view=292
info|2019-10-23 21:00:01.188249|[g:1][CONSENSUS]addRawPrepare,height=5,reqIdx=0,hash=b1661b92...
info|2019-10-23 21:00:01.188771|[g:1][CONSENSUS][PBFT]checkTimeout Succ,view=292,toView=293,nodeIdx=3,changeCycle=0,myNode=82d7b9b6...,timecost=0.498
info|2019-10-23 21:00:01.195307|[g:1][CONSENSUS][PBFT]checkAndChangeView: Reach consensus,org_view=292,org_changeCycle=0,cur_changeCycle=0,to_view=293
info|2019-10-23 21:00:02.198806|[g:1][CONSENSUS]addRawPrepare,height=5,reqIdx=1,hash=c3e1675b...
info|2019-10-23 21:00:02.199218|[g:1][CONSENSUS][PBFT]checkTimeout Succ,view=293,toView=294,nodeIdx=3,changeCycle=0,myNode=82d7b9b6...,timecost=0.327
info|2019-10-23 21:00:02.204209|[g:1][CONSENSUS][PBFT]checkAndChangeView: Reach consensus,org_view=293,org_changeCycle=0,cur_changeCycle=0,to_view=294
info|2019-10-23 21:00:03.209996|[g:1][CONSENSUS]addRawPrepare,height=5,reqIdx=2,hash=8de45d39...
info|2019-10-23 21:00:03.220455|[g:1][CONSENSUS][PBFT]checkTimeout Succ,view=294,toView=295,nodeIdx=3,changeCycle=0,myNode=82d7b9b6...,timecost=5.151
info|2019-10-23 21:00:03.235852|[g:1][CONSENSUS][PBFT]checkAndChangeView: Reach consensus,org_view=294,org_changeCycle=0,cur_changeCycle=0,to_view=295
info|2019-10-23 21:00:04.241771|[g:1][CONSENSUS][SEALER]++++++++++++++++ Generating seal on,blkNum=5,tx=0,nodeIdx=3,hash=66d1783f...
info|2019-10-23 21:00:04.266795|[g:1][CONSENSUS][PBFT]checkTimeout Succ,view=295,toView=296,nodeIdx=3,changeCycle=0,myNode=82d7b9b6...,timecost=0.502
info|2019-10-23 21:00:04.268785|[g:1][CONSENSUS][PBFT]checkAndChangeView: Reach consensus,org_view=295,org_changeCycle=0,cur_changeCycle=0,to_view=296
info|2019-10-23 21:00:05.264144|[g:1][CONSENSUS]addRawPrepare,height=5,reqIdx=0,hash=5fd8f43d...
info|2019-10-23 21:00:05.264434|[g:1][CONSENSUS][PBFT]checkTimeout Succ,view=296,toView=297,nodeIdx=3,changeCycle=0,myNode=82d7b9b6...,timecost=0.261
info|2019-10-23 21:00:05.269400|[g:1][CONSENSUS][PBFT]checkAndChangeView: Reach consensus,org_view=296,org_changeCycle=0,cur_changeCycle=0,to_view=297
info|2019-10-23 21:00:06.271044|[g:1][CONSENSUS]addRawPrepare,height=5,reqIdx=1,hash=0d438a47...
info|2019-10-23 21:00:06.276613|[g:1][CONSENSUS][PBFT]checkTimeout Succ,view=297,toView=298,nodeIdx=3,changeCycle=0,myNode=82d7b9b6...,timecost=5.425
info|2019-10-23 21:00:06.280767|[g:1][CONSENSUS][PBFT]checkAndChangeView: Reach consensus,org_view=297,org_changeCycle=0,cur_changeCycle=0,to_view=298
info|2019-10-23 21:00:07.152227|[P2P][Service] heartBeat,connected count=3
info|2019-10-23 21:00:07.281938|[g:1][CONSENSUS]addRawPrepare,height=5,reqIdx=2,hash=1db56a36...
info|2019-10-23 21:00:07.283545|[g:1][CONSENSUS][PBFT]checkTimeout Succ,view=298,toView=299,nodeIdx=3,changeCycle=0,myNode=82d7b9b6...,timecost=1.417
info|2019-10-23 21:00:07.297713|[g:1][CONSENSUS][PBFT]checkAndChangeView: Reach consensus,org_view=298,org_changeCycle=0,cur_changeCycle=0,to_view=299
info|2019-10-23 21:00:08.306909|[g:1][CONSENSUS][SEALER]++++++++++++++++ Generating seal on,blkNum=5,tx=0,nodeIdx=3,hash=5a3906f6...
info|2019-10-23 21:00:08.319298|[g:1][CONSENSUS][PBFT]checkTimeout Succ,view=299,toView=300,nodeIdx=3,changeCycle=0,myNode=82d7b9b6...,timecost=0.481
info|2019-10-23 21:00:08.320795|[g:1][CONSENSUS][PBFT]checkAndChangeView: Reach consensus,org_view=299,org_changeCycle=0,cur_changeCycle=0,to_view=300
info|2019-10-23 21:00:09.322442|[g:1][CONSENSUS]addRawPrepare,height=5,reqIdx=0,hash=841cb2f6...
info|2019-10-23 21:00:09.327469|[g:1][CONSENSUS][PBFT]checkTimeout Succ,view=300,toView=301,nodeIdx=3,changeCycle=0,myNode=82d7b9b6...,timecost=3.193
info|2019-10-23 21:00:09.335045|[g:1][CONSENSUS][PBFT]checkAndChangeView: Reach consensus,org_view=300,org_changeCycle=0,cur_changeCycle=0,to_view=301
info|2019-10-23 21:00:10.353635|[g:1][CONSENSUS]addRawPrepare,height=5,reqIdx=1,hash=08e079c8...
info|2019-10-23 21:00:10.360148|[g:1][CONSENSUS][PBFT]checkTimeout Succ,view=301,toView=302,nodeIdx=3,changeCycle=0,myNode=82d7b9b6...,timecost=5.297
info|2019-10-23 21:00:10.365940|[g:1][CONSENSUS][PBFT]checkAndChangeView: Reach consensus,org_view=301,org_changeCycle=0,cur_changeCycle=0,to_view=302
info|2019-10-23 21:00:11.369487|[g:1][CONSENSUS]addRawPrepare,height=5,reqIdx=2,hash=a38b7a2e...
info|2019-10-23 21:00:11.369906|[g:1][CONSENSUS][PBFT]checkTimeout Succ,view=302,toView=303,nodeIdx=3,changeCycle=0,myNode=82d7b9b6...,timecost=0.315
info|2019-10-23 21:00:11.374838|[g:1][CONSENSUS][PBFT]checkAndChangeView: Reach consensus,org_view=302,org_changeCycle=0,cur_changeCycle=0,to_view=303
info|2019-10-23 21:00:12.378318|[g:1][CONSENSUS][SEALER]++++++++++++++++ Generating seal on,blkNum=5,tx=0,nodeIdx=3,hash=46825069...
info|2019-10-23 21:00:12.398655|[g:1][CONSENSUS][PBFT]checkTimeout Succ,view=303,toView=304,nodeIdx=3,changeCycle=0,myNode=82d7b9b6...,timecost=0.638
info|2019-10-23 21:00:12.402827|[g:1][CONSENSUS][PBFT]checkAndChangeView: Reach consensus,org_view=303,org_changeCycle=0,cur_changeCycle=0,to_view=304
info|2019-10-23 21:00:13.416898|[g:1][CONSENSUS]addRawPrepare,height=5,reqIdx=0,hash=2d42bbf1...
info|2019-10-23 21:00:13.428405|[g:1][CONSENSUS][PBFT]checkTimeout Succ,view=304,toView=305,nodeIdx=3,changeCycle=0,myNode=82d7b9b6...,timecost=11.48
info|2019-10-23 21:00:13.447007|[g:1][CONSENSUS][PBFT]checkAndChangeView: Reach consensus,org_view=304,org_changeCycle=0,cur_changeCycle=0,to_view=305
info|2019-10-23 21:00:14.455004|[g:1][CONSENSUS]addRawPrepare,height=5,reqIdx=1,hash=ca393750...
info|2019-10-23 21:00:14.455584|[g:1][CONSENSUS][PBFT]checkTimeout Succ,view=305,toView=306,nodeIdx=3,changeCycle=0,myNode=82d7b9b6...,timecost=0.432
info|2019-10-23 21:00:14.466186|[g:1][CONSENSUS][PBFT]checkAndChangeView: Reach consensus,org_view=305,org_changeCycle=0,cur_changeCycle=0,to_view=306
info|2019-10-23 21:00:15.478696|[g:1][CONSENSUS]addRawPrepare,height=5,reqIdx=2,hash=b4147dbe...
info|2019-10-23 21:00:15.479197|[g:1][CONSENSUS][PBFT]checkTimeout Succ,view=306,toView=307,nodeIdx=3,changeCycle=0,myNode=82d7b9b6...,timecost=0.334
info|2019-10-23 21:00:15.486943|[g:1][CONSENSUS][PBFT]checkAndChangeView: Reach consensus,org_view=306,org_changeCycle=0,cur_changeCycle=0,to_view=307
info|2019-10-23 21:00:16.488747|[g:1][CONSENSUS][SEALER]++++++++++++++++ Generating seal on,blkNum=5,tx=0,nodeIdx=3,hash=ae9abe8f...
info|2019-10-23 21:00:16.510787|[g:1][CONSENSUS][PBFT]checkTimeout Succ,view=307,toView=308,nodeIdx=3,changeCycle=0,myNode=82d7b9b6...,timecost=0.451
info|2019-10-23 21:00:16.513502|[g:1][CONSENSUS][PBFT]checkAndChangeView: Reach consensus,org_view=307,org_changeCycle=0,cur_changeCycle=0,to_view=308
info|2019-10-23 21:00:17.152893|[P2P][Service] heartBeat,connected count=3
info|2019-10-23 21:00:17.506172|[g:1][CONSENSUS]addRawPrepare,height=5,reqIdx=0,hash=8bc54b99...
info|2019-10-23 21:00:17.506696|[g:1][CONSENSUS][PBFT]checkTimeout Succ,view=308,toView=309,nodeIdx=3,changeCycle=0,myNode=82d7b9b6...,timecost=0.388
info|2019-10-23 21:00:17.514443|[g:1][CONSENSUS][PBFT]checkAndChangeView: Reach consensus,org_view=308,org_changeCycle=0,cur_changeCycle=0,to_view=309
info|2019-10-23 21:00:18.521741|[g:1][CONSENSUS]addRawPrepare,height=5,reqIdx=1,hash=845cd7d4...
info|2019-10-23 21:00:18.522377|[g:1][CONSENSUS][PBFT]checkTimeout Succ,view=309,toView=310,nodeIdx=3,changeCycle=0,myNode=82d7b9b6...,timecost=0.317
info|2019-10-23 21:00:18.536058|[g:1][CONSENSUS][PBFT]checkAndChangeView: Reach consensus,org_view=309,org_changeCycle=0,cur_changeCycle=0,to_view=310
info|2019-10-23 21:00:19.548271|[g:1][CONSENSUS]addRawPrepare,height=5,reqIdx=2,hash=11734dce...
info|2019-10-23 21:00:19.561268|[g:1][CONSENSUS][PBFT]checkTimeout Succ,view=310,toView=311,nodeIdx=3,changeCycle=0,myNode=82d7b9b6...,timecost=7.557
info|2019-10-23 21:00:19.573813|[g:1][CONSENSUS][PBFT]checkAndChangeView: Reach consensus,org_view=310,org_changeCycle=0,cur_changeCycle=0,to_view=311
info|2019-10-23 21:00:20.577015|[g:1][CONSENSUS][SEALER]++++++++++++++++ Generating seal on,blkNum=5,tx=0,nodeIdx=3,hash=45b9f7ba...
info|2019-10-23 21:00:20.601313|[g:1][CONSENSUS][PBFT]checkTimeout Succ,view=311,toView=312,nodeIdx=3,changeCycle=0,myNode=82d7b9b6...,timecost=0.626
info|2019-10-23 21:00:20.604673|[g:1][CONSENSUS][PBFT]checkAndChangeView: Reach consensus,org_view=311,org_changeCycle=0,cur_changeCycle=0,to_view=312
info|2019-10-23 21:00:21.625059|[g:1][CONSENSUS]addRawPrepare,height=5,reqIdx=0,hash=f2ebe390...
info|2019-10-23 21:00:21.646175|[g:1][CONSENSUS][PBFT]checkTimeout Succ,view=312,toView=313,nodeIdx=3,changeCycle=0,myNode=82d7b9b6...,timecost=20.571
info|2019-10-23 21:00:21.684799|[g:1][CONSENSUS][PBFT]checkAndChangeView: Reach consensus,org_view=312,org_changeCycle=0,cur_changeCycle=0,to_view=313
info|2019-10-23 21:00:22.685100|[g:1][CONSENSUS]addRawPrepare,height=5,reqIdx=1,hash=2cd713c7...
info|2019-10-23 21:00:22.714352|[g:1][CONSENSUS][PBFT]checkTimeout Succ,view=313,toView=314,nodeIdx=3,changeCycle=0,myNode=82d7b9b6...,timecost=19.669
info|2019-10-23 21:00:22.729412|[g:1][CONSENSUS][PBFT]checkAndChangeView: Reach consensus,org_view=313,org_changeCycle=0,cur_changeCycle=0,to_view=314
info|2019-10-23 21:00:23.736424|[g:1][CONSENSUS]addRawPrepare,height=5,reqIdx=2,hash=dd2212f9...
info|2019-10-23 21:00:23.746837|[g:1][CONSENSUS][PBFT]checkTimeout Succ,view=314,toView=315,nodeIdx=3,changeCycle=0,myNode=82d7b9b6...,timecost=3.409
info|2019-10-23 21:00:23.762220|[g:1][CONSENSUS][PBFT]checkAndChangeView: Reach consensus,org_view=314,org_changeCycle=0,cur_changeCycle=0,to_view=315
info|2019-10-23 21:00:24.764763|[g:1][CONSENSUS][SEALER]++++++++++++++++ Generating seal on,blkNum=5,tx=0,nodeIdx=3,hash=a38f4a1e...
info|2019-10-23 21:00:24.796394|[g:1][CONSENSUS][PBFT]checkTimeout Succ,view=315,toView=316,nodeIdx=3,changeCycle=0,myNode=82d7b9b6...,timecost=2.956
info|2019-10-23 21:00:24.836519|[g:1][CONSENSUS][PBFT]checkAndChangeView: Reach consensus,org_view=315,org_changeCycle=0,cur_changeCycle=0,to_view=316
info|2019-10-23 21:00:25.891741|[g:1][CONSENSUS]addRawPrepare,height=5,reqIdx=0,hash=1f4dd14b...
info|2019-10-23 21:00:25.914742|[g:1][CONSENSUS][PBFT]checkTimeout Succ,view=316,toView=317,nodeIdx=3,changeCycle=0,myNode=82d7b9b6...,timecost=21.803
info|2019-10-23 21:00:25.962376|[g:1][CONSENSUS][PBFT]checkAndChangeView: Reach consensus,org_view=316,org_changeCycle=0,cur_changeCycle=0,to_view=317
info|2019-10-23 21:00:26.956561|[g:1][CONSENSUS]addRawPrepare,height=5,reqIdx=1,hash=84174f12...
info|2019-10-23 21:00:26.957240|[g:1][CONSENSUS][PBFT]checkTimeout Succ,view=317,toView=318,nodeIdx=3,changeCycle=0,myNode=82d7b9b6...,timecost=0.519
info|2019-10-23 21:00:26.966863|[g:1][CONSENSUS][PBFT]checkAndChangeView: Reach consensus,org_view=317,org_changeCycle=0,cur_changeCycle=0,to_view=318
info|2019-10-23 21:00:27.153105|[P2P][Service] heartBeat,connected count=3
info|2019-10-23 21:00:27.978391|[g:1][CONSENSUS]addRawPrepare,height=5,reqIdx=2,hash=97dbe81a...
info|2019-10-23 21:00:27.978701|[g:1][CONSENSUS][PBFT]checkTimeout Succ,view=318,toView=319,nodeIdx=3,changeCycle=0,myNode=82d7b9b6...,timecost=0.216
info|2019-10-23 21:00:27.986220|[g:1][CONSENSUS][PBFT]checkAndChangeView: Reach consensus,org_view=318,org_changeCycle=0,cur_changeCycle=0,to_view=319
info|2019-10-23 21:00:28.986433|[g:1][CONSENSUS][SEALER]++++++++++++++++ Generating seal on,blkNum=5,tx=0,nodeIdx=3,hash=20d31b44...
info|2019-10-23 21:00:29.008196|[g:1][CONSENSUS][PBFT]checkTimeout Succ,view=319,toView=320,nodeIdx=3,changeCycle=0,myNode=82d7b9b6...,timecost=0.946
info|2019-10-23 21:00:29.018234|[g:1][CONSENSUS][PBFT]checkAndChangeView: Reach consensus,org_view=319,org_changeCycle=0,cur_changeCycle=0,to_view=320
info|2019-10-23 21:00:30.046277|[g:1][CONSENSUS]addRawPrepare,height=5,reqIdx=0,hash=3c2b3c8e...
info|2019-10-23 21:00:30.051771|[g:1][CONSENSUS][PBFT]checkTimeout Succ,view=320,toView=321,nodeIdx=3,changeCycle=0,myNode=82d7b9b6...,timecost=5.35
info|2019-10-23 21:00:30.071901|[g:1][CONSENSUS][PBFT]checkAndChangeView: Reach consensus,org_view=320,org_changeCycle=0,cur_changeCycle=0,to_view=321
info|2019-10-23 21:00:31.077226|[g:1][CONSENSUS]addRawPrepare,height=5,reqIdx=1,hash=d24244e8...
info|2019-10-23 21:00:31.088875|[g:1][CONSENSUS][PBFT]checkTimeout Succ,view=321,toView=322,nodeIdx=3,changeCycle=0,myNode=82d7b9b6...,timecost=11.447
info|2019-10-23 21:00:31.155172|[g:1][CONSENSUS][PBFT]checkAndChangeView: Reach consensus,org_view=321,org_changeCycle=0,cur_changeCycle=0,to_view=322
info|2019-10-23 21:00:32.145759|[g:1][CONSENSUS]addRawPrepare,height=5,reqIdx=2,hash=36972449...
info|2019-10-23 21:00:32.170346|[g:1][CONSENSUS][PBFT]checkTimeout Succ,view=322,toView=323,nodeIdx=3,changeCycle=0,myNode=82d7b9b6...,timecost=9.988
info|2019-10-23 21:00:32.178656|[g:1][CONSENSUS][PBFT]checkAndChangeView: Reach consensus,org_view=322,org_changeCycle=0,cur_changeCycle=0,to_view=323
info|2019-10-23 21:00:33.183985|[g:1][CONSENSUS][SEALER]++++++++++++++++ Generating seal on,blkNum=5,tx=0,nodeIdx=3,hash=684bcfa3...
info|2019-10-23 21:00:33.202451|[g:1][CONSENSUS][PBFT]checkTimeout Succ,view=323,toView=324,nodeIdx=3,changeCycle=0,myNode=82d7b9b6...,timecost=0.473
info|2019-10-23 21:00:33.206357|[g:1][CONSENSUS][PBFT]checkAndChangeView: Reach consensus,org_view=323,org_changeCycle=0,cur_changeCycle=0,to_view=324
info|2019-10-23 21:00:34.224934|[g:1][CONSENSUS]addRawPrepare,height=5,reqIdx=0,hash=2868e315...
info|2019-10-23 21:00:34.232815|[g:1][CONSENSUS][PBFT]checkTimeout Succ,view=324,toView=325,nodeIdx=3,changeCycle=0,myNode=82d7b9b6...,timecost=4.09
info|2019-10-23 21:00:34.257327|[g:1][CONSENSUS][PBFT]checkAndChangeView: Reach consensus,org_view=324,org_changeCycle=0,cur_changeCycle=0,to_view=325
info|2019-10-23 21:00:35.263974|[g:1][CONSENSUS]addRawPrepare,height=5,reqIdx=1,hash=4790bbd2...
info|2019-10-23 21:00:35.277174|[g:1][CONSENSUS][PBFT]checkTimeout Succ,view=325,toView=326,nodeIdx=3,changeCycle=0,myNode=82d7b9b6...,timecost=7.442
info|2019-10-23 21:00:35.295142|[g:1][CONSENSUS][PBFT]checkAndChangeView: Reach consensus,org_view=325,org_changeCycle=0,cur_changeCycle=0,to_view=326
info|2019-10-23 21:00:36.303100|[g:1][CONSENSUS]addRawPrepare,height=5,reqIdx=2,hash=50e9f4ec...
info|2019-10-23 21:00:36.335924|[g:1][CONSENSUS][PBFT]checkTimeout Succ,view=326,toView=327,nodeIdx=3,changeCycle=0,myNode=82d7b9b6...,timecost=23.013
info|2019-10-23 21:00:36.338514|[g:1][CONSENSUS][PBFT]checkAndChangeView: Reach consensus,org_view=326,org_changeCycle=0,cur_changeCycle=0,to_view=327
info|2019-10-23 21:00:37.153626|[P2P][Service] heartBeat,connected count=3
info|2019-10-23 21:00:37.338789|[g:1][CONSENSUS][SEALER]++++++++++++++++ Generating seal on,blkNum=5,tx=0,nodeIdx=3,hash=74087950...
info|2019-10-23 21:00:37.360052|[g:1][CONSENSUS][PBFT]checkTimeout Succ,view=327,toView=328,nodeIdx=3,changeCycle=0,myNode=82d7b9b6...,timecost=1.989
info|2019-10-23 21:00:37.389063|[g:1][CONSENSUS][PBFT]checkAndChangeView: Reach consensus,org_view=327,org_changeCycle=0,cur_changeCycle=0,to_view=328
info|2019-10-23 21:00:38.404885|[g:1][CONSENSUS]addRawPrepare,height=5,reqIdx=0,hash=f988e6dc...
info|2019-10-23 21:00:38.415037|[g:1][CONSENSUS][PBFT]checkTimeout Succ,view=328,toView=329,nodeIdx=3,changeCycle=0,myNode=82d7b9b6...,timecost=9.96
info|2019-10-23 21:00:38.432593|[g:1][CONSENSUS][PBFT]checkAndChangeView: Reach consensus,org_view=328,org_changeCycle=0,cur_changeCycle=0,to_view=329
info|2019-10-23 21:00:39.435900|[g:1][CONSENSUS]addRawPrepare,height=5,reqIdx=1,hash=76f3be7e...
info|2019-10-23 21:00:39.447096|[g:1][CONSENSUS][PBFT]checkTimeout Succ,view=329,toView=330,nodeIdx=3,changeCycle=0,myNode=82d7b9b6...,timecost=8.182
info|2019-10-23 21:00:39.463339|[g:1][CONSENSUS][PBFT]checkAndChangeView: Reach consensus,org_view=329,org_changeCycle=0,cur_changeCycle=0,to_view=330
info|2019-10-23 21:00:40.484497|[g:1][CONSENSUS]addRawPrepare,height=5,reqIdx=2,hash=3018cd12...
info|2019-10-23 21:00:40.496232|[g:1][CONSENSUS][PBFT]checkTimeout Succ,view=330,toView=331,nodeIdx=3,changeCycle=0,myNode=82d7b9b6...,timecost=2.617
info|2019-10-23 21:00:40.524240|[g:1][CONSENSUS][PBFT]checkAndChangeView: Reach consensus,org_view=330,org_changeCycle=0,cur_changeCycle=0,to_view=331
info|2019-10-23 21:00:41.525818|[g:1][CONSENSUS][SEALER]++++++++++++++++ Generating seal on,blkNum=5,tx=0,nodeIdx=3,hash=1877c693...
info|2019-10-23 21:00:41.543909|[g:1][CONSENSUS][PBFT]checkTimeout Succ,view=331,toView=332,nodeIdx=3,changeCycle=0,myNode=82d7b9b6...,timecost=0.465
info|2019-10-23 21:00:41.545960|[g:1][CONSENSUS][PBFT]checkAndChangeView: Reach consensus,org_view=331,org_changeCycle=0,cur_changeCycle=0,to_view=332
info|2019-10-23 21:00:42.551761|[g:1][CONSENSUS][PBFT]Trigger fast-viewchange,view=332,toView=332,minView=333,INFO=,reqNum=4,curNum=4,GenIdx=1,Cview=333,view=332,fromIdx=1,fromNode=6a73c813...,fromIp=127.0.0.1:56182,hash=8cece3cf...,nodeIdx=3,myNode=82d7b9b6...
info|2019-10-23 21:00:42.558202|[g:1][CONSENSUS][PBFT]checkAndChangeView: Reach consensus,org_view=332,org_changeCycle=0,cur_changeCycle=0,to_view=333
info|2019-10-23 21:00:42.558844|[g:1][CONSENSUS][PBFT]checkTimeout Succ,view=333,toView=333,nodeIdx=3,changeCycle=0,myNode=82d7b9b6...,timecost=4.03
info|2019-10-23 21:00:43.558508|[g:1][CONSENSUS]addRawPrepare,height=5,reqIdx=1,hash=94bc0a1d...
info|2019-10-23 21:00:43.558865|[g:1][CONSENSUS][PBFT]checkTimeout Succ,view=333,toView=334,nodeIdx=3,changeCycle=0,myNode=82d7b9b6...,timecost=0.247
info|2019-10-23 21:00:43.564891|[g:1][CONSENSUS][PBFT]checkAndChangeView: Reach consensus,org_view=333,org_changeCycle=0,cur_changeCycle=0,to_view=334
info|2019-10-23 21:00:44.565751|[g:1][CONSENSUS]addRawPrepare,height=5,reqIdx=2,hash=c0d253de...
info|2019-10-23 21:00:44.566267|[g:1][CONSENSUS][PBFT]checkTimeout Succ,view=334,toView=335,nodeIdx=3,changeCycle=0,myNode=82d7b9b6...,timecost=0.419
info|2019-10-23 21:00:44.573892|[g:1][CONSENSUS][PBFT]checkAndChangeView: Reach consensus,org_view=334,org_changeCycle=0,cur_changeCycle=0,to_view=335
info|2019-10-23 21:00:45.574591|[g:1][CONSENSUS][SEALER]++++++++++++++++ Generating seal on,blkNum=5,tx=0,nodeIdx=3,hash=01fe4ef8...
info|2019-10-23 21:00:45.591305|[g:1][CONSENSUS][PBFT]checkTimeout Succ,view=335,toView=336,nodeIdx=3,changeCycle=0,myNode=82d7b9b6...,timecost=0.539
info|2019-10-23 21:00:45.595515|[g:1][CONSENSUS][PBFT]checkAndChangeView: Reach consensus,org_view=335,org_changeCycle=0,cur_changeCycle=0,to_view=336
info|2019-10-23 21:00:46.609782|[g:1][CONSENSUS]addRawPrepare,height=5,reqIdx=0,hash=08606903...
info|2019-10-23 21:00:46.613275|[g:1][CONSENSUS][PBFT]checkTimeout Succ,view=336,toView=337,nodeIdx=3,changeCycle=0,myNode=82d7b9b6...,timecost=0.9
info|2019-10-23 21:00:46.616872|[g:1][CONSENSUS][PBFT]checkAndChangeView: Reach consensus,org_view=336,org_changeCycle=0,cur_changeCycle=0,to_view=337
info|2019-10-23 21:00:47.153901|[P2P][Service] heartBeat,connected count=3
info|2019-10-23 21:00:47.632416|[g:1][CONSENSUS]addRawPrepare,height=5,reqIdx=1,hash=68389afb...
info|2019-10-23 21:00:47.665746|[g:1][CONSENSUS][PBFT]checkTimeout Succ,view=337,toView=338,nodeIdx=3,changeCycle=0,myNode=82d7b9b6...,timecost=24.315
info|2019-10-23 21:00:47.676398|[g:1][CONSENSUS][PBFT]checkAndChangeView: Reach consensus,org_view=337,org_changeCycle=0,cur_changeCycle=0,to_view=338
info|2019-10-23 21:00:48.680606|[g:1][CONSENSUS]addRawPrepare,height=5,reqIdx=2,hash=ea733912...
info|2019-10-23 21:00:48.681148|[g:1][CONSENSUS][PBFT]checkTimeout Succ,view=338,toView=339,nodeIdx=3,changeCycle=0,myNode=82d7b9b6...,timecost=0.405
info|2019-10-23 21:00:48.686955|[g:1][CONSENSUS][PBFT]checkAndChangeView: Reach consensus,org_view=338,org_changeCycle=0,cur_changeCycle=0,to_view=339
info|2019-10-23 21:00:49.688219|[g:1][CONSENSUS][SEALER]++++++++++++++++ Generating seal on,blkNum=5,tx=0,nodeIdx=3,hash=8a7b0bdf...
info|2019-10-23 21:00:49.703350|[g:1][CONSENSUS][PBFT]checkTimeout Succ,view=339,toView=340,nodeIdx=3,changeCycle=0,myNode=82d7b9b6...,timecost=0.52
info|2019-10-23 21:00:49.705590|[g:1][CONSENSUS][PBFT]checkAndChangeView: Reach consensus,org_view=339,org_changeCycle=0,cur_changeCycle=0,to_view=340
info|2019-10-23 21:00:50.702907|[g:1][CONSENSUS]addRawPrepare,height=5,reqIdx=0,hash=3b357271...
info|2019-10-23 21:00:50.705936|[g:1][CONSENSUS][PBFT]checkTimeout Succ,view=340,toView=341,nodeIdx=3,changeCycle=0,myNode=82d7b9b6...,timecost=2.966
info|2019-10-23 21:00:50.728477|[g:1][CONSENSUS][PBFT]checkAndChangeView: Reach consensus,org_view=340,org_changeCycle=0,cur_changeCycle=0,to_view=341
info|2019-10-23 21:00:51.710795|[g:1][CONSENSUS]addRawPrepare,height=5,reqIdx=1,hash=6de1b859...
info|2019-10-23 21:00:51.711405|[g:1][CONSENSUS][PBFT]checkTimeout Succ,view=341,toView=342,nodeIdx=3,changeCycle=0,myNode=82d7b9b6...,timecost=0.331
info|2019-10-23 21:00:51.718194|[g:1][CONSENSUS][PBFT]checkAndChangeView: Reach consensus,org_view=341,org_changeCycle=0,cur_changeCycle=0,to_view=342
info|2019-10-23 21:00:52.721984|[g:1][CONSENSUS]addRawPrepare,height=5,reqIdx=2,hash=fa233f17...
info|2019-10-23 21:00:52.726256|[g:1][CONSENSUS][PBFT]checkTimeout Succ,view=342,toView=343,nodeIdx=3,changeCycle=0,myNode=82d7b9b6...,timecost=4.032
info|2019-10-23 21:00:52.731345|[g:1][CONSENSUS][PBFT]checkAndChangeView: Reach consensus,org_view=342,org_changeCycle=0,cur_changeCycle=0,to_view=343
info|2019-10-23 21:00:53.734377|[g:1][CONSENSUS][SEALER]++++++++++++++++ Generating seal on,blkNum=5,tx=0,nodeIdx=3,hash=5524f8b9...
info|2019-10-23 21:00:53.762491|[g:1][CONSENSUS][PBFT]checkTimeout Succ,view=343,toView=344,nodeIdx=3,changeCycle=0,myNode=82d7b9b6...,timecost=3.839
info|2019-10-23 21:00:53.775774|[g:1][CONSENSUS][PBFT]checkAndChangeView: Reach consensus,org_view=343,org_changeCycle=0,cur_changeCycle=0,to_view=344
info|2019-10-23 21:00:54.800168|[g:1][CONSENSUS]addRawPrepare,height=5,reqIdx=0,hash=4163c5b2...
info|2019-10-23 21:00:54.807845|[g:1][CONSENSUS][PBFT]checkTimeout Succ,view=344,toView=345,nodeIdx=3,changeCycle=0,myNode=82d7b9b6...,timecost=7.282
info|2019-10-23 21:00:54.824480|[g:1][CONSENSUS][PBFT]checkAndChangeView: Reach consensus,org_view=344,org_changeCycle=0,cur_changeCycle=0,to_view=345
info|2019-10-23 21:00:55.838704|[g:1][CONSENSUS]addRawPrepare,height=5,reqIdx=1,hash=5469c118...
info|2019-10-23 21:00:55.849686|[g:1][CONSENSUS][PBFT]checkTimeout Succ,view=345,toView=346,nodeIdx=3,changeCycle=0,myNode=82d7b9b6...,timecost=3.813
info|2019-10-23 21:00:55.861028|[g:1][CONSENSUS][PBFT]checkAndChangeView: Reach consensus,org_view=345,org_changeCycle=0,cur_changeCycle=0,to_view=346
info|2019-10-23 21:00:56.860510|[g:1][CONSENSUS]addRawPrepare,height=5,reqIdx=2,hash=978d8eda...
info|2019-10-23 21:00:56.861101|[g:1][CONSENSUS][PBFT]checkTimeout Succ,view=346,toView=347,nodeIdx=3,changeCycle=0,myNode=82d7b9b6...,timecost=0.397
info|2019-10-23 21:00:56.871415|[g:1][CONSENSUS][PBFT]checkAndChangeView: Reach consensus,org_view=346,org_changeCycle=0,cur_changeCycle=0,to_view=347
info|2019-10-23 21:00:57.154007|[P2P][Service] heartBeat,connected count=3
info|2019-10-23 21:00:57.873303|[g:1][CONSENSUS][SEALER]++++++++++++++++ Generating seal on,blkNum=5,tx=0,nodeIdx=3,hash=e76a13f5...
info|2019-10-23 21:00:57.888173|[g:1][CONSENSUS][PBFT]checkTimeout Succ,view=347,toView=348,nodeIdx=3,changeCycle=0,myNode=82d7b9b6...,timecost=0.244
info|2019-10-23 21:00:57.890090|[g:1][CONSENSUS][PBFT]checkAndChangeView: Reach consensus,org_view=347,org_changeCycle=0,cur_changeCycle=0,to_view=348
info|2019-10-23 21:00:58.890317|[g:1][CONSENSUS]addRawPrepare,height=5,reqIdx=0,hash=6f2093f7...
info|2019-10-23 21:00:58.891238|[g:1][CONSENSUS][PBFT]checkTimeout Succ,view=348,toView=349,nodeIdx=3,changeCycle=0,myNode=82d7b9b6...,timecost=0.885
info|2019-10-23 21:00:58.894939|[g:1][CONSENSUS][PBFT]checkAndChangeView: Reach consensus,org_view=348,org_changeCycle=0,cur_changeCycle=0,to_view=349
info|2019-10-23 21:00:59.895696|[g:1][CONSENSUS]addRawPrepare,height=5,reqIdx=1,hash=edfb041a...
info|2019-10-23 21:00:59.896053|[g:1][CONSENSUS][PBFT]checkTimeout Succ,view=349,toView=350,nodeIdx=3,changeCycle=0,myNode=82d7b9b6...,timecost=0.252
info|2019-10-23 21:00:59.901667|[g:1][CONSENSUS][PBFT]checkAndChangeView: Reach consensus,org_view=349,org_changeCycle=0,cur_changeCycle=0,to_view=350
info|2019-10-23 21:01:00.913494|[g:1][CONSENSUS]addRawPrepare,height=5,reqIdx=2,hash=f3ad711d...
info|2019-10-23 21:01:00.920417|[g:1][CONSENSUS][PBFT]checkTimeout Succ,view=350,toView=351,nodeIdx=3,changeCycle=0,myNode=82d7b9b6...,timecost=6.78
info|2019-10-23 21:01:00.932729|[g:1][CONSENSUS][PBFT]checkAndChangeView: Reach consensus,org_view=350,org_changeCycle=0,cur_changeCycle=0,to_view=351
info|2019-10-23 21:01:01.932212|[g:1][CONSENSUS][SEALER]++++++++++++++++ Generating seal on,blkNum=5,tx=0,nodeIdx=3,hash=ec132fd3...
info|2019-10-23 21:01:01.941863|[g:1][CONSENSUS][PBFT]checkTimeout Succ,view=351,toView=352,nodeIdx=3,changeCycle=0,myNode=82d7b9b6...,timecost=0.403
info|2019-10-23 21:01:01.943765|[g:1][CONSENSUS][PBFT]checkAndChangeView: Reach consensus,org_view=351,org_changeCycle=0,cur_changeCycle=0,to_view=352
info|2019-10-23 21:01:02.945718|[g:1][CONSENSUS][PBFT]Trigger fast-viewchange,view=352,toView=352,minView=353,INFO=,reqNum=4,curNum=4,GenIdx=2,Cview=353,view=352,fromIdx=2,fromNode=824ae14a...,fromIp=127.0.0.1:30300,hash=8cece3cf...,nodeIdx=3,myNode=82d7b9b6...
info|2019-10-23 21:01:02.948318|[g:1][CONSENSUS][PBFT]checkAndChangeView: Reach consensus,org_view=352,org_changeCycle=0,cur_changeCycle=0,to_view=353
info|2019-10-23 21:01:02.948521|[g:1][CONSENSUS][PBFT]checkTimeout Succ,view=353,toView=353,nodeIdx=3,changeCycle=0,myNode=82d7b9b6...,timecost=2.636
info|2019-10-23 21:01:03.952056|[g:1][CONSENSUS]addRawPrepare,height=5,reqIdx=1,hash=a86b9e01...
info|2019-10-23 21:01:03.952351|[g:1][CONSENSUS][PBFT]checkTimeout Succ,view=353,toView=354,nodeIdx=3,changeCycle=0,myNode=82d7b9b6...,timecost=0.214
info|2019-10-23 21:01:03.959365|[g:1][CONSENSUS][PBFT]checkAndChangeView: Reach consensus,org_view=353,org_changeCycle=0,cur_changeCycle=0,to_view=354
info|2019-10-23 21:01:04.957434|[g:1][CONSENSUS]addRawPrepare,height=5,reqIdx=2,hash=96892122...
info|2019-10-23 21:01:04.964799|[g:1][CONSENSUS][PBFT]checkTimeout Succ,view=354,toView=355,nodeIdx=3,changeCycle=0,myNode=82d7b9b6...,timecost=7.178
info|2019-10-23 21:01:04.973752|[g:1][CONSENSUS][PBFT]checkAndChangeView: Reach consensus,org_view=354,org_changeCycle=0,cur_changeCycle=0,to_view=355
info|2019-10-23 21:01:05.980369|[g:1][CONSENSUS][SEALER]++++++++++++++++ Generating seal on,blkNum=5,tx=0,nodeIdx=3,hash=362f88e5...
info|2019-10-23 21:01:05.992967|[g:1][CONSENSUS][PBFT]checkTimeout Succ,view=355,toView=356,nodeIdx=3,changeCycle=0,myNode=82d7b9b6...,timecost=0.299
info|2019-10-23 21:01:05.994174|[g:1][CONSENSUS][PBFT]checkAndChangeView: Reach consensus,org_view=355,org_changeCycle=0,cur_changeCycle=0,to_view=356
info|2019-10-23 21:01:07.010135|[g:1][CONSENSUS]addRawPrepare,height=5,reqIdx=0,hash=7be0852d...
info|2019-10-23 21:01:07.040414|[g:1][CONSENSUS][PBFT]checkTimeout Succ,view=356,toView=357,nodeIdx=3,changeCycle=0,myNode=82d7b9b6...,timecost=30.028
info|2019-10-23 21:01:07.061819|[g:1][CONSENSUS][PBFT]checkAndChangeView: Reach consensus,org_view=356,org_changeCycle=0,cur_changeCycle=0,to_view=357
info|2019-10-23 21:01:07.155089|[P2P][Service] heartBeat,connected count=3
info|2019-10-23 21:01:08.065419|[g:1][CONSENSUS]addRawPrepare,height=5,reqIdx=1,hash=de478514...
info|2019-10-23 21:01:08.065782|[g:1][CONSENSUS][PBFT]checkTimeout Succ,view=357,toView=358,nodeIdx=3,changeCycle=0,myNode=82d7b9b6...,timecost=0.254
info|2019-10-23 21:01:08.072722|[g:1][CONSENSUS][PBFT]checkAndChangeView: Reach consensus,org_view=357,org_changeCycle=0,cur_changeCycle=0,to_view=358
info|2019-10-23 21:01:09.074680|[g:1][CONSENSUS]addRawPrepare,height=5,reqIdx=2,hash=cfab1543...
info|2019-10-23 21:01:09.082076|[g:1][CONSENSUS][PBFT]checkTimeout Succ,view=358,toView=359,nodeIdx=3,changeCycle=0,myNode=82d7b9b6...,timecost=6.934
info|2019-10-23 21:01:09.084992|[g:1][CONSENSUS][PBFT]checkAndChangeView: Reach consensus,org_view=358,org_changeCycle=0,cur_changeCycle=0,to_view=359
info|2019-10-23 21:01:10.088892|[g:1][CONSENSUS][SEALER]++++++++++++++++ Generating seal on,blkNum=5,tx=0,nodeIdx=3,hash=cc5d7409...
info|2019-10-23 21:01:10.122679|[g:1][CONSENSUS][PBFT]checkTimeout Succ,view=359,toView=360,nodeIdx=3,changeCycle=0,myNode=82d7b9b6...,timecost=1.35
info|2019-10-23 21:01:10.169301|[g:1][CONSENSUS][PBFT]checkAndChangeView: Reach consensus,org_view=359,org_changeCycle=0,cur_changeCycle=0,to_view=360
info|2019-10-23 21:01:11.209342|[g:1][CONSENSUS]addRawPrepare,height=5,reqIdx=0,hash=7c97da77...
info|2019-10-23 21:01:11.216480|[g:1][CONSENSUS][PBFT]checkTimeout Succ,view=360,toView=361,nodeIdx=3,changeCycle=0,myNode=82d7b9b6...,timecost=6.754
info|2019-10-23 21:01:11.247702|[g:1][CONSENSUS][PBFT]checkAndChangeView: Reach consensus,org_view=360,org_changeCycle=0,cur_changeCycle=0,to_view=361
info|2019-10-23 21:01:12.259407|[g:1][CONSENSUS]addRawPrepare,height=5,reqIdx=1,hash=cfe01aa2...
info|2019-10-23 21:01:12.274658|[g:1][CONSENSUS][PBFT]checkTimeout Succ,view=361,toView=362,nodeIdx=3,changeCycle=0,myNode=82d7b9b6...,timecost=7.04
info|2019-10-23 21:01:12.293024|[g:1][CONSENSUS][PBFT]checkAndChangeView: Reach consensus,org_view=361,org_changeCycle=0,cur_changeCycle=0,to_view=362
info|2019-10-23 21:01:13.309075|[g:1][CONSENSUS]addRawPrepare,height=5,reqIdx=2,hash=ae5deaa4...
info|2019-10-23 21:01:13.318481|[g:1][CONSENSUS][PBFT]checkTimeout Succ,view=362,toView=363,nodeIdx=3,changeCycle=0,myNode=82d7b9b6...,timecost=9.173
info|2019-10-23 21:01:13.323284|[g:1][CONSENSUS][PBFT]checkAndChangeView: Reach consensus,org_view=362,org_changeCycle=0,cur_changeCycle=0,to_view=363
info|2019-10-23 21:01:14.335669|[g:1][CONSENSUS][SEALER]++++++++++++++++ Generating seal on,blkNum=5,tx=0,nodeIdx=3,hash=f81c66cd...
info|2019-10-23 21:01:14.350724|[g:1][CONSENSUS][PBFT]checkTimeout Succ,view=363,toView=364,nodeIdx=3,changeCycle=0,myNode=82d7b9b6...,timecost=0.237
info|2019-10-23 21:01:14.351966|[g:1][CONSENSUS][PBFT]checkAndChangeView: Reach consensus,org_view=363,org_changeCycle=0,cur_changeCycle=0,to_view=364
info|2019-10-23 21:01:15.351490|[g:1][CONSENSUS]addRawPrepare,height=5,reqIdx=0,hash=5d19344e...
info|2019-10-23 21:01:15.351897|[g:1][CONSENSUS][PBFT]checkTimeout Succ,view=364,toView=365,nodeIdx=3,changeCycle=0,myNode=82d7b9b6...,timecost=0.354
info|2019-10-23 21:01:15.356397|[g:1][CONSENSUS][PBFT]checkAndChangeView: Reach consensus,org_view=364,org_changeCycle=0,cur_changeCycle=0,to_view=365
info|2019-10-23 21:01:16.358916|[g:1][CONSENSUS]addRawPrepare,height=5,reqIdx=1,hash=2583a004...
info|2019-10-23 21:01:16.359342|[g:1][CONSENSUS][PBFT]checkTimeout Succ,view=365,toView=366,nodeIdx=3,changeCycle=0,myNode=82d7b9b6...,timecost=0.242
info|2019-10-23 21:01:16.365878|[g:1][CONSENSUS][PBFT]checkAndChangeView: Reach consensus,org_view=365,org_changeCycle=0,cur_changeCycle=0,to_view=366
info|2019-10-23 21:01:17.155563|[P2P][Service] heartBeat,connected count=3
info|2019-10-23 21:01:17.369597|[g:1][CONSENSUS]addRawPrepare,height=5,reqIdx=2,hash=cd8628ea...
info|2019-10-23 21:01:17.369907|[g:1][CONSENSUS][PBFT]checkTimeout Succ,view=366,toView=367,nodeIdx=3,changeCycle=0,myNode=82d7b9b6...,timecost=0.219
info|2019-10-23 21:01:17.374262|[g:1][CONSENSUS][PBFT]checkAndChangeView: Reach consensus,org_view=366,org_changeCycle=0,cur_changeCycle=0,to_view=367
info|2019-10-23 21:01:18.377584|[g:1][CONSENSUS][SEALER]++++++++++++++++ Generating seal on,blkNum=5,tx=0,nodeIdx=3,hash=5f1fef2b...
info|2019-10-23 21:01:18.398939|[g:1][CONSENSUS][PBFT]checkTimeout Succ,view=367,toView=368,nodeIdx=3,changeCycle=0,myNode=82d7b9b6...,timecost=0.771
info|2019-10-23 21:01:18.406042|[g:1][CONSENSUS][PBFT]checkAndChangeView: Reach consensus,org_view=367,org_changeCycle=0,cur_changeCycle=0,to_view=368
info|2019-10-23 21:01:19.414797|[g:1][CONSENSUS]addRawPrepare,height=5,reqIdx=0,hash=9285d069...
info|2019-10-23 21:01:19.424199|[g:1][CONSENSUS][PBFT]checkTimeout Succ,view=368,toView=369,nodeIdx=3,changeCycle=0,myNode=82d7b9b6...,timecost=9.133
info|2019-10-23 21:01:19.444788|[g:1][CONSENSUS][PBFT]checkAndChangeView: Reach consensus,org_view=368,org_changeCycle=0,cur_changeCycle=0,to_view=369
info|2019-10-23 21:01:20.445460|[g:1][CONSENSUS]addRawPrepare,height=5,reqIdx=1,hash=f1684485...
info|2019-10-23 21:01:20.445877|[g:1][CONSENSUS][PBFT]checkTimeout Succ,view=369,toView=370,nodeIdx=3,changeCycle=0,myNode=82d7b9b6...,timecost=0.289
info|2019-10-23 21:01:20.453503|[g:1][CONSENSUS][PBFT]checkAndChangeView: Reach consensus,org_view=369,org_changeCycle=0,cur_changeCycle=0,to_view=370
info|2019-10-23 21:01:21.463611|[g:1][CONSENSUS]addRawPrepare,height=5,reqIdx=2,hash=51b7316e...
info|2019-10-23 21:01:21.485187|[g:1][CONSENSUS][PBFT]checkTimeout Succ,view=370,toView=371,nodeIdx=3,changeCycle=0,myNode=82d7b9b6...,timecost=20.748
info|2019-10-23 21:01:21.494096|[g:1][CONSENSUS][PBFT]checkAndChangeView: Reach consensus,org_view=370,org_changeCycle=0,cur_changeCycle=0,to_view=371
info|2019-10-23 21:01:22.497361|[g:1][CONSENSUS][SEALER]++++++++++++++++ Generating seal on,blkNum=5,tx=0,nodeIdx=3,hash=cb74123d...
info|2019-10-23 21:01:22.513789|[g:1][CONSENSUS][PBFT]checkTimeout Succ,view=371,toView=372,nodeIdx=3,changeCycle=0,myNode=82d7b9b6...,timecost=0.356
info|2019-10-23 21:01:22.516503|[g:1][CONSENSUS][PBFT]checkAndChangeView: Reach consensus,org_view=371,org_changeCycle=0,cur_changeCycle=0,to_view=372
info|2019-10-23 21:01:23.515423|[g:1][CONSENSUS]addRawPrepare,height=5,reqIdx=0,hash=c1ff2cc9...
info|2019-10-23 21:01:23.515861|[g:1][CONSENSUS][PBFT]checkTimeout Succ,view=372,toView=373,nodeIdx=3,changeCycle=0,myNode=82d7b9b6...,timecost=0.396
info|2019-10-23 21:01:23.520097|[g:1][CONSENSUS][PBFT]checkAndChangeView: Reach consensus,org_view=372,org_changeCycle=0,cur_changeCycle=0,to_view=373
info|2019-10-23 21:01:24.522239|[g:1][CONSENSUS]addRawPrepare,height=5,reqIdx=1,hash=07e5b7f4...
info|2019-10-23 21:01:24.528557|[g:1][CONSENSUS][PBFT]checkTimeout Succ,view=373,toView=374,nodeIdx=3,changeCycle=0,myNode=82d7b9b6...,timecost=6.09
info|2019-10-23 21:01:24.532078|[g:1][CONSENSUS][PBFT]checkAndChangeView: Reach consensus,org_view=373,org_changeCycle=0,cur_changeCycle=0,to_view=374
info|2019-10-23 21:01:25.531798|[g:1][CONSENSUS]addRawPrepare,height=5,reqIdx=2,hash=54bb685d...
info|2019-10-23 21:01:25.532489|[g:1][CONSENSUS][PBFT]checkTimeout Succ,view=374,toView=375,nodeIdx=3,changeCycle=0,myNode=82d7b9b6...,timecost=0.51
info|2019-10-23 21:01:25.540457|[g:1][CONSENSUS][PBFT]checkAndChangeView: Reach consensus,org_view=374,org_changeCycle=0,cur_changeCycle=0,to_view=375
info|2019-10-23 21:01:26.542083|[g:1][CONSENSUS][SEALER]++++++++++++++++ Generating seal on,blkNum=5,tx=0,nodeIdx=3,hash=32650c9e...
info|2019-10-23 21:01:26.559825|[g:1][CONSENSUS][PBFT]checkTimeout Succ,view=375,toView=376,nodeIdx=3,changeCycle=0,myNode=82d7b9b6...,timecost=0.421
info|2019-10-23 21:01:26.561575|[g:1][CONSENSUS][PBFT]checkAndChangeView: Reach consensus,org_view=375,org_changeCycle=0,cur_changeCycle=0,to_view=376
info|2019-10-23 21:01:27.155685|[P2P][Service] heartBeat,connected count=3
info|2019-10-23 21:01:27.562430|[g:1][CONSENSUS]addRawPrepare,height=5,reqIdx=0,hash=c228b351...
info|2019-10-23 21:01:27.571878|[g:1][CONSENSUS][PBFT]checkTimeout Succ,view=376,toView=377,nodeIdx=3,changeCycle=0,myNode=82d7b9b6...,timecost=7.05
info|2019-10-23 21:01:27.585125|[g:1][CONSENSUS][PBFT]checkAndChangeView: Reach consensus,org_view=376,org_changeCycle=0,cur_changeCycle=0,to_view=377
info|2019-10-23 21:01:28.591849|[g:1][CONSENSUS]addRawPrepare,height=5,reqIdx=1,hash=594efd6c...
info|2019-10-23 21:01:28.606937|[g:1][CONSENSUS][PBFT]checkTimeout Succ,view=377,toView=378,nodeIdx=3,changeCycle=0,myNode=82d7b9b6...,timecost=6.604
info|2019-10-23 21:01:28.627949|[g:1][CONSENSUS][PBFT]checkAndChangeView: Reach consensus,org_view=377,org_changeCycle=0,cur_changeCycle=0,to_view=378
info|2019-10-23 21:01:29.637357|[g:1][CONSENSUS]addRawPrepare,height=5,reqIdx=2,hash=5674b45d...
info|2019-10-23 21:01:29.659446|[g:1][CONSENSUS][PBFT]checkTimeout Succ,view=378,toView=379,nodeIdx=3,changeCycle=0,myNode=82d7b9b6...,timecost=15.271
info|2019-10-23 21:01:29.674318|[g:1][CONSENSUS][PBFT]checkAndChangeView: Reach consensus,org_view=378,org_changeCycle=0,cur_changeCycle=0,to_view=379
info|2019-10-23 21:01:30.679093|[g:1][CONSENSUS][SEALER]++++++++++++++++ Generating seal on,blkNum=5,tx=0,nodeIdx=3,hash=ad2fcb6d...
info|2019-10-23 21:01:30.687708|[g:1][CONSENSUS][PBFT]checkTimeout Succ,view=379,toView=380,nodeIdx=3,changeCycle=0,myNode=82d7b9b6...,timecost=0.279
info|2019-10-23 21:01:30.688796|[g:1][CONSENSUS][PBFT]checkAndChangeView: Reach consensus,org_view=379,org_changeCycle=0,cur_changeCycle=0,to_view=380
info|2019-10-23 21:01:31.700115|[g:1][CONSENSUS]addRawPrepare,height=5,reqIdx=0,hash=c8595d5e...
info|2019-10-23 21:01:31.726632|[g:1][CONSENSUS][PBFT]checkTimeout Succ,view=380,toView=381,nodeIdx=3,changeCycle=0,myNode=82d7b9b6...,timecost=24.974
info|2019-10-23 21:01:31.732505|[g:1][CONSENSUS][PBFT]checkAndChangeView: Reach consensus,org_view=380,org_changeCycle=0,cur_changeCycle=0,to_view=381
info|2019-10-23 21:01:32.734071|[g:1][CONSENSUS]addRawPrepare,height=5,reqIdx=1,hash=25757e49...
info|2019-10-23 21:01:32.743430|[g:1][CONSENSUS][PBFT]checkTimeout Succ,view=381,toView=382,nodeIdx=3,changeCycle=0,myNode=82d7b9b6...,timecost=9.118
info|2019-10-23 21:01:32.748734|[g:1][CONSENSUS][PBFT]checkAndChangeView: Reach consensus,org_view=381,org_changeCycle=0,cur_changeCycle=0,to_view=382
info|2019-10-23 21:01:33.758913|[g:1][CONSENSUS]addRawPrepare,height=5,reqIdx=2,hash=eb57dc63...
info|2019-10-23 21:01:33.759594|[g:1][CONSENSUS][PBFT]checkTimeout Succ,view=382,toView=383,nodeIdx=3,changeCycle=0,myNode=82d7b9b6...,timecost=0.552
info|2019-10-23 21:01:33.771522|[g:1][CONSENSUS][PBFT]checkAndChangeView: Reach consensus,org_view=382,org_changeCycle=0,cur_changeCycle=0,to_view=383
info|2019-10-23 21:01:34.773901|[g:1][CONSENSUS][SEALER]++++++++++++++++ Generating seal on,blkNum=5,tx=0,nodeIdx=3,hash=3f591041...
info|2019-10-23 21:01:34.784522|[g:1][CONSENSUS][PBFT]checkTimeout Succ,view=383,toView=384,nodeIdx=3,changeCycle=0,myNode=82d7b9b6...,timecost=0.324
info|2019-10-23 21:01:34.786361|[g:1][CONSENSUS][PBFT]checkAndChangeView: Reach consensus,org_view=383,org_changeCycle=0,cur_changeCycle=0,to_view=384
info|2019-10-23 21:01:35.786225|[g:1][CONSENSUS]addRawPrepare,height=5,reqIdx=0,hash=800b18e9...
info|2019-10-23 21:01:35.788829|[g:1][CONSENSUS][PBFT]checkTimeout Succ,view=384,toView=385,nodeIdx=3,changeCycle=0,myNode=82d7b9b6...,timecost=2.536
info|2019-10-23 21:01:35.791417|[g:1][CONSENSUS][PBFT]checkAndChangeView: Reach consensus,org_view=384,org_changeCycle=0,cur_changeCycle=0,to_view=385
info|2019-10-23 21:01:36.794952|[g:1][CONSENSUS]addRawPrepare,height=5,reqIdx=1,hash=02b9a869...
info|2019-10-23 21:01:36.804352|[g:1][CONSENSUS][PBFT]checkTimeout Succ,view=385,toView=386,nodeIdx=3,changeCycle=0,myNode=82d7b9b6...,timecost=9.199
info|2019-10-23 21:01:36.807893|[g:1][CONSENSUS][PBFT]checkAndChangeView: Reach consensus,org_view=385,org_changeCycle=0,cur_changeCycle=0,to_view=386
info|2019-10-23 21:01:37.157340|[P2P][Service] heartBeat,connected count=3
info|2019-10-23 21:01:37.820464|[g:1][CONSENSUS]addRawPrepare,height=5,reqIdx=2,hash=d520374c...
info|2019-10-23 21:01:37.821171|[g:1][CONSENSUS][PBFT]checkTimeout Succ,view=386,toView=387,nodeIdx=3,changeCycle=0,myNode=82d7b9b6...,timecost=0.518
info|2019-10-23 21:01:37.834143|[g:1][CONSENSUS][PBFT]checkAndChangeView: Reach consensus,org_view=386,org_changeCycle=0,cur_changeCycle=0,to_view=387
info|2019-10-23 21:01:38.844947|[g:1][CONSENSUS][SEALER]++++++++++++++++ Generating seal on,blkNum=5,tx=0,nodeIdx=3,hash=7459a4a6...
info|2019-10-23 21:01:38.868240|[g:1][CONSENSUS][PBFT]checkTimeout Succ,view=387,toView=388,nodeIdx=3,changeCycle=0,myNode=82d7b9b6...,timecost=1.206
info|2019-10-23 21:01:38.874998|[g:1][CONSENSUS][PBFT]checkAndChangeView: Reach consensus,org_view=387,org_changeCycle=0,cur_changeCycle=0,to_view=388
info|2019-10-23 21:01:39.885649|[g:1][CONSENSUS]addRawPrepare,height=5,reqIdx=0,hash=40246e90...
info|2019-10-23 21:01:39.886115|[g:1][CONSENSUS][PBFT]checkTimeout Succ,view=388,toView=389,nodeIdx=3,changeCycle=0,myNode=82d7b9b6...,timecost=0.367
info|2019-10-23 21:01:39.890132|[g:1][CONSENSUS][PBFT]checkAndChangeView: Reach consensus,org_view=388,org_changeCycle=0,cur_changeCycle=0,to_view=389
info|2019-10-23 21:01:40.938323|[g:1][CONSENSUS]addRawPrepare,height=5,reqIdx=1,hash=3018492d...
info|2019-10-23 21:01:40.954280|[g:1][CONSENSUS][PBFT]checkTimeout Succ,view=389,toView=390,nodeIdx=3,changeCycle=0,myNode=82d7b9b6...,timecost=5.535
info|2019-10-23 21:01:40.957959|[g:1][CONSENSUS][PBFT]checkAndChangeView: Reach consensus,org_view=389,org_changeCycle=0,cur_changeCycle=0,to_view=390
info|2019-10-23 21:01:41.964730|[g:1][CONSENSUS]addRawPrepare,height=5,reqIdx=2,hash=a77f85d0...
info|2019-10-23 21:01:41.997772|[g:1][CONSENSUS][PBFT]checkTimeout Succ,view=390,toView=391,nodeIdx=3,changeCycle=0,myNode=82d7b9b6...,timecost=32.448
info|2019-10-23 21:01:42.018404|[g:1][CONSENSUS][PBFT]checkAndChangeView: Reach consensus,org_view=390,org_changeCycle=0,cur_changeCycle=0,to_view=391
info|2019-10-23 21:01:43.024552|[g:1][CONSENSUS][SEALER]++++++++++++++++ Generating seal on,blkNum=5,tx=0,nodeIdx=3,hash=a2f0c4c7...
info|2019-10-23 21:01:43.038743|[g:1][CONSENSUS][PBFT]checkTimeout Succ,view=391,toView=392,nodeIdx=3,changeCycle=0,myNode=82d7b9b6...,timecost=0.385
info|2019-10-23 21:01:43.040687|[g:1][CONSENSUS][PBFT]checkAndChangeView: Reach consensus,org_view=391,org_changeCycle=0,cur_changeCycle=0,to_view=392
info|2019-10-23 21:01:44.039056|[g:1][CONSENSUS]addRawPrepare,height=5,reqIdx=0,hash=a924cbd8...
info|2019-10-23 21:01:44.039403|[g:1][CONSENSUS][PBFT]checkTimeout Succ,view=392,toView=393,nodeIdx=3,changeCycle=0,myNode=82d7b9b6...,timecost=0.31
info|2019-10-23 21:01:44.043333|[g:1][CONSENSUS][PBFT]checkAndChangeView: Reach consensus,org_view=392,org_changeCycle=0,cur_changeCycle=0,to_view=393
info|2019-10-23 21:01:45.044374|[g:1][CONSENSUS]addRawPrepare,height=5,reqIdx=1,hash=3b63f70a...
info|2019-10-23 21:01:45.044806|[g:1][CONSENSUS][PBFT]checkTimeout Succ,view=393,toView=394,nodeIdx=3,changeCycle=0,myNode=82d7b9b6...,timecost=0.301
info|2019-10-23 21:01:45.051141|[g:1][CONSENSUS][PBFT]checkAndChangeView: Reach consensus,org_view=393,org_changeCycle=0,cur_changeCycle=0,to_view=394
info|2019-10-23 21:01:46.053393|[g:1][CONSENSUS]addRawPrepare,height=5,reqIdx=2,hash=ae71ff63...
info|2019-10-23 21:01:46.053838|[g:1][CONSENSUS][PBFT]checkTimeout Succ,view=394,toView=395,nodeIdx=3,changeCycle=0,myNode=82d7b9b6...,timecost=0.287
info|2019-10-23 21:01:46.060469|[g:1][CONSENSUS][PBFT]checkAndChangeView: Reach consensus,org_view=394,org_changeCycle=0,cur_changeCycle=0,to_view=395
info|2019-10-23 21:01:47.062181|[g:1][CONSENSUS][SEALER]++++++++++++++++ Generating seal on,blkNum=5,tx=0,nodeIdx=3,hash=92405f5a...
info|2019-10-23 21:01:47.073161|[g:1][CONSENSUS][PBFT]checkTimeout Succ,view=395,toView=396,nodeIdx=3,changeCycle=0,myNode=82d7b9b6...,timecost=0.379
info|2019-10-23 21:01:47.074847|[g:1][CONSENSUS][PBFT]checkAndChangeView: Reach consensus,org_view=395,org_changeCycle=0,cur_changeCycle=0,to_view=396
info|2019-10-23 21:01:47.157927|[P2P][Service] heartBeat,connected count=3
info|2019-10-23 21:01:48.078684|[g:1][CONSENSUS][PBFT]Trigger fast-viewchange,view=396,toView=396,minView=397,INFO=,reqNum=4,curNum=4,GenIdx=2,Cview=397,view=396,fromIdx=2,fromNode=824ae14a...,fromIp=127.0.0.1:30300,hash=8cece3cf...,nodeIdx=3,myNode=82d7b9b6...
info|2019-10-23 21:01:48.084637|[g:1][CONSENSUS][PBFT]checkAndChangeView: Reach consensus,org_view=396,org_changeCycle=0,cur_changeCycle=0,to_view=397
info|2019-10-23 21:01:48.084905|[g:1][CONSENSUS][PBFT]checkTimeout Succ,view=397,toView=397,nodeIdx=3,changeCycle=0,myNode=82d7b9b6...,timecost=4.177
info|2019-10-23 21:01:49.088552|[g:1][CONSENSUS]addRawPrepare,height=5,reqIdx=1,hash=03e254e8...
info|2019-10-23 21:01:49.088993|[g:1][CONSENSUS][PBFT]checkTimeout Succ,view=397,toView=398,nodeIdx=3,changeCycle=0,myNode=82d7b9b6...,timecost=0.355
info|2019-10-23 21:01:49.095385|[g:1][CONSENSUS][PBFT]checkAndChangeView: Reach consensus,org_view=397,org_changeCycle=0,cur_changeCycle=0,to_view=398
info|2019-10-23 21:01:50.099142|[g:1][CONSENSUS]addRawPrepare,height=5,reqIdx=2,hash=3ec055ca...
info|2019-10-23 21:01:50.109503|[g:1][CONSENSUS][PBFT]checkTimeout Succ,view=398,toV