info|2019-11-13 16:56:41.153705|[INITIALIZER][initGlobalConfig],enableCompress=true,compatibilityVersion=2.1.0,versionNumber=33619968,chainId=1
info|2019-11-13 16:56:41.277981|[NETWORK][Host]Connecting to node,endpoint=127.0.0.1:30300
info|2019-11-13 16:56:41.279028|[NETWORK][Host]P2P StartAccept,Host=0.0.0.0:30301
info|2019-11-13 16:56:41.280917|[NETWORK][Host]Connecting to node,endpoint=127.0.0.1:30301
info|2019-11-13 16:56:41.281001|[NETWORK][Host]Connecting to node,endpoint=127.0.0.1:30302
info|2019-11-13 16:56:41.281042|[NETWORK][Host]Connecting to node,endpoint=127.0.0.1:30303
info|2019-11-13 16:56:41.281088|[P2P][Service] heartBeat,connected count=0
info|2019-11-13 16:56:41.284776|[CHANNEL]ChannelRPCServer started
info|2019-11-13 16:56:41.284811|[INITIALIZER][RPCInitializer]ChannelRPCHttpServer started.
info|2019-11-13 16:56:41.284831|[LedgerInitializer],groupConfigPath=conf/
info|2019-11-13 16:56:41.288661|[INITIALIZER][initSingleLedger] [GroupId]:  1
info|2019-11-13 16:56:41.288706|[g:1][LEDGER]LedgerConstructor,configPath=conf/group.1.genesis,baseDir=data//group1
info|2019-11-13 16:56:41.288725|[g:1][LEDGER][initGenesisConfig]initConsensusConfig/initDBConfig/initTxConfig,configFile=conf/group.1.genesis
info|2019-11-13 16:56:41.288810|[g:1][LEDGER][initConsensusConfig],it.first=824ae14a1c492a3b61d96b8fa5f51cf89b7cf60e32d0427f255c92bc5f712227af9cb010a0060848e49fc1d000476574576117d63732d6d10048b54b759ab9fd
info|2019-11-13 16:56:41.288845|[g:1][LEDGER][initConsensusConfig],it.first=82d7b9b6e624f1b9b8a44203b996e8c3fbe58020da540a317a76163ca2b0c53c6f95be274bba842b7dd1a0fc909f7d9cc74123065f77d79b23f988dc5f5efbdf
info|2019-11-13 16:56:41.288860|[g:1][LEDGER][initConsensusConfig],it.first=6a73c8131c3296502b6c1afaa888d73bb78659801a40317e63fdf7f6936eb455a4c5b3d10fe3f89f359c9bbdb31e2fdcca19dce5e133d9de2624e766605f14cf
info|2019-11-13 16:56:41.288875|[g:1][LEDGER][initConsensusConfig],it.first=1306daf6c04d2ac96e80e252f890bcaf391bc051feee63617fa88f69e216f370947fdb2ab06e2fd7645fcac76a3f605d56f23001f16a125660f0c14a93602043
info|2019-11-13 16:56:41.288908|[g:1][LEDGER][initIniConfig]initTxPoolConfig/initSyncConfig/initTxExecuteConfig,configFile=conf/group.1.ini
info|2019-11-13 16:56:41.291410|[g:1][LEDGER][initLedger][DBInitializer]
info|2019-11-13 16:56:41.291427|[g:1][DBINITIALIZER] [initRocksDBStorage]
info|2019-11-13 16:56:41.293191|[NETWORK][Host]P2P Recv Connect, From=127.0.0.1:37946
info|2019-11-13 16:56:41.293321|[NETWORK][Host]P2P StartAccept,Host=0.0.0.0:30301
info|2019-11-13 16:56:41.296444|[g:1][ROCKSDB]open rocksDB handler
info|2019-11-13 16:56:41.333178|[NETWORK][ASIO]asyncResolveConnect,endpoint=127.0.0.1:30300
info|2019-11-13 16:56:41.333383|[NETWORK][ASIO]asyncResolveConnect,endpoint=127.0.0.1:30301
info|2019-11-13 16:56:41.333437|[NETWORK][ASIO]asyncResolveConnect,endpoint=127.0.0.1:30302
info|2019-11-13 16:56:41.333477|[NETWORK][ASIO]asyncResolveConnect,endpoint=127.0.0.1:30303
info|2019-11-13 16:56:41.333518|[NETWORK][Host]P2P Recv Connect, From=127.0.0.1:37954
info|2019-11-13 16:56:41.333565|[NETWORK][Host]P2P StartAccept,Host=0.0.0.0:30301
info|2019-11-13 16:56:41.335190|[NETWORK][Host]P2P Recv Connect, From=127.0.0.1:37964
info|2019-11-13 16:56:41.364121|[NETWORK][Host]P2P StartAccept,Host=0.0.0.0:30301
info|2019-11-13 16:56:41.364477|[NETWORK][Host]P2P Recv Connect, From=127.0.0.1:37972
info|2019-11-13 16:56:41.364527|[NETWORK][Host]P2P StartAccept,Host=0.0.0.0:30301
info|2019-11-13 16:56:41.365930|[NETWORK][Host]P2P Recv Connect, From=127.0.0.1:37980
info|2019-11-13 16:56:41.380880|[NETWORK][Host]P2P StartAccept,Host=0.0.0.0:30301
info|2019-11-13 16:56:41.384798|[g:1][g:0][STORAGE][CachedStorage]Init flushStorage thread
info|2019-11-13 16:56:41.414802|[g:1][BLOCKCHAIN][#checkAndBuildGenesisBlock]Already have the 0th block, 0th groupMark is equal to file groupMark.
info|2019-11-13 16:56:41.420174|[g:1][CONSENSUS][PBFT]Register handler for PBFTEngine
info|2019-11-13 16:56:41.420220|[g:1][CONSENSUS][PBFT],minBlockGenerationTime=500
info|2019-11-13 16:56:41.420243|[LedgerInitializer init group succ],groupID=1
info|2019-11-13 16:56:41.420437|[INITIALIZER][RPCInitializer]JsonrpcHttpServer started.
info|2019-11-13 16:56:41.420461|[g:1][LEDGER]startAll...
info|2019-11-13 16:56:41.428008|[g:1][CONSENSUS][PBFT]^^^^^^^^Report,num=4,sealerIdx=0,hash=8cece3cf...,next=5,tx=1,nodeIdx=3
info|2019-11-13 16:56:41.447602|[g:1][CONSENSUS][PBFT][PBFT init env successfully]
info|2019-11-13 16:56:41.447639|[g:1][CONSENSUS][ConsensusEngine][Start ConsensusEngineBase]
info|2019-11-13 16:56:41.453478|[g:1][CONSENSUS][PBFT][Start PBFTEngine...]
info|2019-11-13 16:56:41.453514|[g:1][CONSENSUS][SEALER][Start sealer module]
info|2019-11-13 16:56:41.462946|[g:1][EVENT][EventLogFilterManager]start,m_maxBlockRange=0,m_maxBlockPerLoopFilter=3
info|2019-11-13 16:56:41.519516|[P2P][Service] Connection established,nodeID=ef24e9ea...,endpoint=127.0.0.1:37954
info|2019-11-13 16:56:41.522619|[NETWORK][Host]startPeerSession, From=127.0.0.1:37954,nodeID=ef24e9ea...
info|2019-11-13 16:56:41.522704|[NETWORK][Host]startPeerSession, From=127.0.0.1:37972,nodeID=82d7b9b6...
info|2019-11-13 16:56:41.539712|[NETWORK][Host]startPeerSession, From=127.0.0.1:30301,nodeID=82d7b9b6...
info|2019-11-13 16:56:41.539842|[P2P][Service] Connection established,nodeID=6a73c813...,endpoint=127.0.0.1:37980
info|2019-11-13 16:56:41.539868|[NETWORK][Host]startPeerSession, From=127.0.0.1:37980,nodeID=6a73c813...
info|2019-11-13 16:56:41.539999|[P2P][Service] Connection established,nodeID=824ae14a...,endpoint=127.0.0.1:37946
info|2019-11-13 16:56:41.540020|[NETWORK][Host]startPeerSession, From=127.0.0.1:37946,nodeID=824ae14a...
info|2019-11-13 16:56:41.540067|[P2P][Service] Connection established,nodeID=1306daf6...,endpoint=127.0.0.1:37964
info|2019-11-13 16:56:41.540085|[NETWORK][Host]startPeerSession, From=127.0.0.1:37964,nodeID=1306daf6...
info|2019-11-13 16:56:41.554680|[NETWORK][Host]startPeerSession, From=127.0.0.1:30303,nodeID=1306daf6...
info|2019-11-13 16:56:41.555035|[NETWORK][Host]startPeerSession, From=127.0.0.1:30302,nodeID=6a73c813...
info|2019-11-13 16:56:41.556570|[NETWORK][Host]startPeerSession, From=127.0.0.1:30300,nodeID=824ae14a...
warning|2019-11-13 16:56:41.556661|[NETWORK][Session]doRead error,endpoint=127.0.0.1:37964,message=stream truncated
info|2019-11-13 16:56:41.556679|[NETWORK][Session]drop, call and erase all callbackFunc in this session!,endpoint=127.0.0.1:37964
warning|2019-11-13 16:56:41.556698|[P2P][Service] disconnect error P2PSession,nodeID=1306daf6...,endpoint=127.0.0.1:37964,errorCode=3,what=Disconnect
warning|2019-11-13 16:56:41.556708|[P2P][Service] onDisconnect,errorCode=3,what=Dynamic exception type: dev::network::NetworkException
std::exception::what: Disconnect

warning|2019-11-13 16:56:41.556733|[NETWORK][Session][drop] closing remote 0.0.0.0:0,reason=Low-level TCP communication error.,endpoint=127.0.0.1:37964
warning|2019-11-13 16:56:41.556813|[NETWORK][Session][drop] shutdown failed ,errorValue=9,message=Bad file descriptor
warning|2019-11-13 16:56:41.653984|[SYNC][id:82d7b9b6...][Status]Peer data not found,nodeId=824ae14a...
info|2019-11-13 16:56:42.467944|[g:1][CONSENSUS]addRawPrepare,height=5,reqIdx=0,hash=b54d187e...
info|2019-11-13 16:56:42.468271|[g:1][CONSENSUS][PBFT]checkTimeout Succ,view=0,toView=1,nodeIdx=3,changeCycle=0,myNode=82d7b9b6...,timecost=0.271
info|2019-11-13 16:56:42.478301|[g:1][CONSENSUS][PBFT]checkAndChangeView: Reach consensus,org_view=0,org_changeCycle=0,cur_changeCycle=0,to_view=1
info|2019-11-13 16:56:43.478536|[g:1][CONSENSUS]addRawPrepare,height=5,reqIdx=1,hash=60c92729...
info|2019-11-13 16:56:43.478817|[g:1][CONSENSUS][PBFT]checkTimeout Succ,view=1,toView=2,nodeIdx=3,changeCycle=0,myNode=82d7b9b6...,timecost=0.209
info|2019-11-13 16:56:43.488898|[g:1][CONSENSUS][PBFT]checkAndChangeView: Reach consensus,org_view=1,org_changeCycle=0,cur_changeCycle=0,to_view=2
info|2019-11-13 16:56:44.486565|[g:1][CONSENSUS]addRawPrepare,height=5,reqIdx=2,hash=6dee9e9e...
info|2019-11-13 16:56:44.486934|[g:1][CONSENSUS][PBFT]checkTimeout Succ,view=2,toView=3,nodeIdx=3,changeCycle=0,myNode=82d7b9b6...,timecost=0.236
info|2019-11-13 16:56:44.495272|[g:1][CONSENSUS][PBFT]checkAndChangeView: Reach consensus,org_view=2,org_changeCycle=0,cur_changeCycle=0,to_view=3
info|2019-11-13 16:56:45.495604|[g:1][CONSENSUS][SEALER]++++++++++++++++ Generating seal on,blkNum=5,tx=0,nodeIdx=3,hash=0c465276...
info|2019-11-13 16:56:45.503158|[g:1][CONSENSUS][PBFT]checkTimeout Succ,view=3,toView=4,nodeIdx=3,changeCycle=0,myNode=82d7b9b6...,timecost=0.216
info|2019-11-13 16:56:45.504091|[g:1][CONSENSUS][PBFT]checkAndChangeView: Reach consensus,org_view=3,org_changeCycle=0,cur_changeCycle=0,to_view=4
info|2019-11-13 16:56:46.504316|[g:1][CONSENSUS]addRawPrepare,height=5,reqIdx=0,hash=e0dd05f2...
info|2019-11-13 16:56:46.504632|[g:1][CONSENSUS][PBFT]checkTimeout Succ,view=4,toView=5,nodeIdx=3,changeCycle=0,myNode=82d7b9b6...,timecost=0.286
info|2019-11-13 16:56:46.508523|[g:1][CONSENSUS][PBFT]checkAndChangeView: Reach consensus,org_view=4,org_changeCycle=0,cur_changeCycle=0,to_view=5
info|2019-11-13 16:56:46.541318|[NETWORK][Session]Received topic: [3	_block_notify_1] from 824ae14a1c492a3b61d96b8fa5f51cf89b7cf60e32d0427f255c92bc5f712227af9cb010a0060848e49fc1d000476574576117d63732d6d10048b54b759ab9fd
info|2019-11-13 16:56:47.509491|[g:1][CONSENSUS]addRawPrepare,height=5,reqIdx=1,hash=cf8a4526...
info|2019-11-13 16:56:47.509791|[g:1][CONSENSUS][PBFT]checkTimeout Succ,view=5,toView=6,nodeIdx=3,changeCycle=0,myNode=82d7b9b6...,timecost=0.238
info|2019-11-13 16:56:47.517309|[g:1][CONSENSUS][PBFT]checkAndChangeView: Reach consensus,org_view=5,org_changeCycle=0,cur_changeCycle=0,to_view=6
info|2019-11-13 16:56:48.517357|[g:1][CONSENSUS]addRawPrepare,height=5,reqIdx=2,hash=caf08ffb...
info|2019-11-13 16:56:48.518066|[g:1][CONSENSUS][PBFT]checkTimeout Succ,view=6,toView=7,nodeIdx=3,changeCycle=0,myNode=82d7b9b6...,timecost=0.276
info|2019-11-13 16:56:48.525567|[g:1][CONSENSUS][PBFT]checkAndChangeView: Reach consensus,org_view=6,org_changeCycle=0,cur_changeCycle=0,to_view=7
info|2019-11-13 16:56:49.526859|[g:1][CONSENSUS][SEALER]++++++++++++++++ Generating seal on,blkNum=5,tx=0,nodeIdx=3,hash=c25efa43...
info|2019-11-13 16:56:49.535325|[g:1][CONSENSUS][PBFT]checkTimeout Succ,view=7,toView=8,nodeIdx=3,changeCycle=0,myNode=82d7b9b6...,timecost=0.23
info|2019-11-13 16:56:49.536411|[g:1][CONSENSUS][PBFT]checkAndChangeView: Reach consensus,org_view=7,org_changeCycle=0,cur_changeCycle=0,to_view=8
info|2019-11-13 16:56:50.538365|[g:1][CONSENSUS]addRawPrepare,height=5,reqIdx=0,hash=fd3f4aff...
info|2019-11-13 16:56:50.538786|[g:1][CONSENSUS][PBFT]checkTimeout Succ,view=8,toView=9,nodeIdx=3,changeCycle=0,myNode=82d7b9b6...,timecost=0.354
info|2019-11-13 16:56:50.541313|[g:1][CONSENSUS][PBFT]checkAndChangeView: Reach consensus,org_view=8,org_changeCycle=0,cur_changeCycle=0,to_view=9
info|2019-11-13 16:56:51.281430|[NETWORK][Host]Connecting to node,endpoint=127.0.0.1:30303
info|2019-11-13 16:56:51.281514|[P2P][Service] heartBeat,connected count=3
info|2019-11-13 16:56:51.281907|[NETWORK][ASIO]asyncResolveConnect,endpoint=127.0.0.1:30303
info|2019-11-13 16:56:51.299922|[NETWORK][Host]P2P Recv Connect, From=127.0.0.1:37994
info|2019-11-13 16:56:51.300099|[NETWORK][Host]P2P StartAccept,Host=0.0.0.0:30301
info|2019-11-13 16:56:51.314788|[P2P][Service] Connection established,nodeID=1306daf6...,endpoint=127.0.0.1:30303
info|2019-11-13 16:56:51.314853|[NETWORK][Host]startPeerSession, From=127.0.0.1:30303,nodeID=1306daf6...
info|2019-11-13 16:56:51.321893|[NETWORK][Host]startPeerSession, From=127.0.0.1:37994,nodeID=1306daf6...
info|2019-11-13 16:56:51.542726|[g:1][CONSENSUS]addRawPrepare,height=5,reqIdx=1,hash=76511fe3...
info|2019-11-13 16:56:51.543284|[g:1][CONSENSUS][PBFT]checkTimeout Succ,view=9,toView=10,nodeIdx=3,changeCycle=0,myNode=82d7b9b6...,timecost=0.431
info|2019-11-13 16:56:51.551644|[g:1][CONSENSUS][PBFT]checkAndChangeView: Reach consensus,org_view=9,org_changeCycle=0,cur_changeCycle=0,to_view=10
info|2019-11-13 16:56:52.552008|[g:1][CONSENSUS]addRawPrepare,height=5,reqIdx=2,hash=5169d8d2...
info|2019-11-13 16:56:52.552363|[g:1][CONSENSUS][PBFT]checkTimeout Succ,view=10,toView=11,nodeIdx=3,changeCycle=0,myNode=82d7b9b6...,timecost=0.27
info|2019-11-13 16:56:52.556813|[g:1][CONSENSUS][PBFT]checkAndChangeView: Reach consensus,org_view=10,org_changeCycle=0,cur_changeCycle=0,to_view=11
info|2019-11-13 16:56:53.557269|[g:1][CONSENSUS][SEALER]++++++++++++++++ Generating seal on,blkNum=5,tx=0,nodeIdx=3,hash=222ff060...
info|2019-11-13 16:56:53.565267|[g:1][CONSENSUS][PBFT]checkTimeout Succ,view=11,toView=12,nodeIdx=3,changeCycle=0,myNode=82d7b9b6...,timecost=0.267
info|2019-11-13 16:56:53.566318|[g:1][CONSENSUS][PBFT]checkAndChangeView: Reach consensus,org_view=11,org_changeCycle=0,cur_changeCycle=0,to_view=12
info|2019-11-13 16:56:54.565969|[g:1][CONSENSUS]addRawPrepare,height=5,reqIdx=0,hash=0728f257...
info|2019-11-13 16:56:54.566288|[g:1][CONSENSUS][PBFT]checkTimeout Succ,view=12,toView=13,nodeIdx=3,changeCycle=0,myNode=82d7b9b6...,timecost=0.21
info|2019-11-13 16:56:54.570731|[g:1][CONSENSUS][PBFT]checkAndChangeView: Reach consensus,org_view=12,org_changeCycle=0,cur_changeCycle=0,to_view=13
info|2019-11-13 16:56:55.571243|[g:1][CONSENSUS]addRawPrepare,height=5,reqIdx=1,hash=a985d0f5...
info|2019-11-13 16:56:55.571640|[g:1][CONSENSUS][PBFT]checkTimeout Succ,view=13,toView=14,nodeIdx=3,changeCycle=0,myNode=82d7b9b6...,timecost=0.301
info|2019-11-13 16:56:55.575920|[g:1][CONSENSUS][PBFT]checkAndChangeView: Reach consensus,org_view=13,org_changeCycle=0,cur_changeCycle=0,to_view=14
info|2019-11-13 16:56:56.581367|[g:1][CONSENSUS]addRawPrepare,height=5,reqIdx=2,hash=7a71de6d...
info|2019-11-13 16:56:56.595174|[g:1][CONSENSUS][PBFT]checkTimeout Succ,view=14,toView=15,nodeIdx=3,changeCycle=0,myNode=82d7b9b6...,timecost=13.489
info|2019-11-13 16:56:56.599217|[g:1][CONSENSUS][PBFT]checkAndChangeView: Reach consensus,org_view=14,org_changeCycle=0,cur_changeCycle=0,to_view=15
info|2019-11-13 16:56:57.608471|[g:1][CONSENSUS][SEALER]++++++++++++++++ Generating seal on,blkNum=5,tx=0,nodeIdx=3,hash=4168fbbb...
info|2019-11-13 16:56:57.621869|[g:1][CONSENSUS][PBFT]checkTimeout Succ,view=15,toView=16,nodeIdx=3,changeCycle=0,myNode=82d7b9b6...,timecost=0.307
info|2019-11-13 16:56:57.622946|[g:1][CONSENSUS][PBFT]checkAndChangeView: Reach consensus,org_view=15,org_changeCycle=0,cur_changeCycle=0,to_view=16
info|2019-11-13 16:56:58.621413|[g:1][CONSENSUS]addRawPrepare,height=5,reqIdx=0,hash=952738a1...
info|2019-11-13 16:56:58.622117|[g:1][CONSENSUS][PBFT]checkTimeout Succ,view=16,toView=17,nodeIdx=3,changeCycle=0,myNode=82d7b9b6...,timecost=0.48
info|2019-11-13 16:56:58.634717|[g:1][CONSENSUS][PBFT]checkAndChangeView: Reach consensus,org_view=16,org_changeCycle=0,cur_changeCycle=0,to_view=17
info|2019-11-13 16:56:59.636585|[g:1][CONSENSUS]addRawPrepare,height=5,reqIdx=1,hash=5b130a84...
info|2019-11-13 16:56:59.636864|[g:1][CONSENSUS][PBFT]checkTimeout Succ,view=17,toView=18,nodeIdx=3,changeCycle=0,myNode=82d7b9b6...,timecost=0.201
info|2019-11-13 16:56:59.643587|[g:1][CONSENSUS][PBFT]checkAndChangeView: Reach consensus,org_view=17,org_changeCycle=0,cur_changeCycle=0,to_view=18
info|2019-11-13 16:57:00.648457|[g:1][CONSENSUS]addRawPrepare,height=5,reqIdx=2,hash=75fb898f...
info|2019-11-13 16:57:00.648737|[g:1][CONSENSUS][PBFT]checkTimeout Succ,view=18,toView=19,nodeIdx=3,changeCycle=0,myNode=82d7b9b6...,timecost=0.2
info|2019-11-13 16:57:00.656457|[g:1][CONSENSUS][PBFT]checkAndChangeView: Reach consensus,org_view=18,org_changeCycle=0,cur_changeCycle=0,to_view=19
info|2019-11-13 16:57:01.281935|[P2P][Service] heartBeat,connected count=4
info|2019-11-13 16:57:01.658174|[g:1][CONSENSUS][SEALER]++++++++++++++++ Generating seal on,blkNum=5,tx=0,nodeIdx=3,hash=19eebf9e...
info|2019-11-13 16:57:01.683747|[g:1][CONSENSUS][PBFT]checkTimeout Succ,view=19,toView=20,nodeIdx=3,changeCycle=0,myNode=82d7b9b6...,timecost=0.231
info|2019-11-13 16:57:01.692630|[g:1][CONSENSUS][PBFT]checkAndChangeView: Reach consensus,org_view=19,org_changeCycle=0,cur_changeCycle=0,to_view=20
info|2019-11-13 16:57:02.677259|[g:1][CONSENSUS]addRawPrepare,height=5,reqIdx=0,hash=ae1acac6...
info|2019-11-13 16:57:02.677533|[g:1][CONSENSUS][PBFT]checkTimeout Succ,view=20,toView=21,nodeIdx=3,changeCycle=0,myNode=82d7b9b6...,timecost=0.202
info|2019-11-13 16:57:02.687353|[g:1][CONSENSUS][PBFT]checkAndChangeView: Reach consensus,org_view=20,org_changeCycle=0,cur_changeCycle=0,to_view=21
info|2019-11-13 16:57:03.687414|[g:1][CONSENSUS]addRawPrepare,height=5,reqIdx=1,hash=e7c7d705...
info|2019-11-13 16:57:03.687789|[g:1][CONSENSUS][PBFT]checkTimeout Succ,view=21,toView=22,nodeIdx=3,changeCycle=0,myNode=82d7b9b6...,timecost=0.301
info|2019-11-13 16:57:03.695681|[g:1][CONSENSUS][PBFT]checkAndChangeView: Reach consensus,org_view=21,org_changeCycle=0,cur_changeCycle=0,to_view=22
info|2019-11-13 16:57:04.704781|[g:1][CONSENSUS]addRawPrepare,height=5,reqIdx=2,hash=c72cde67...
info|2019-11-13 16:57:04.705061|[g:1][CONSENSUS][PBFT]checkTimeout Succ,view=22,toView=23,nodeIdx=3,changeCycle=0,myNode=82d7b9b6...,timecost=0.206
info|2019-11-13 16:57:04.715415|[g:1][CONSENSUS][PBFT]checkAndChangeView: Reach consensus,org_view=22,org_changeCycle=0,cur_changeCycle=0,to_view=23
info|2019-11-13 16:57:05.716339|[g:1][CONSENSUS][SEALER]++++++++++++++++ Generating seal on,blkNum=5,tx=0,nodeIdx=3,hash=5e83a2f0...
info|2019-11-13 16:57:05.746320|[g:1][CONSENSUS][PBFT]checkTimeout Succ,view=23,toView=24,nodeIdx=3,changeCycle=0,myNode=82d7b9b6...,timecost=0.35
info|2019-11-13 16:57:05.747577|[g:1][CONSENSUS][PBFT]checkAndChangeView: Reach consensus,org_view=23,org_changeCycle=0,cur_changeCycle=0,to_view=24
info|2019-11-13 16:57:06.740302|[g:1][CONSENSUS]addRawPrepare,height=5,reqIdx=0,hash=7d752c7d...
info|2019-11-13 16:57:06.740591|[g:1][CONSENSUS][PBFT]checkTimeout Succ,view=24,toView=25,nodeIdx=3,changeCycle=0,myNode=82d7b9b6...,timecost=0.207
info|2019-11-13 16:57:06.756016|[g:1][CONSENSUS][PBFT]checkAndChangeView: Reach consensus,org_view=24,org_changeCycle=0,cur_changeCycle=0,to_view=25
info|2019-11-13 16:57:07.764940|[g:1][CONSENSUS]addRawPrepare,height=5,reqIdx=1,hash=74474b48...
info|2019-11-13 16:57:07.765271|[g:1][CONSENSUS][PBFT]checkTimeout Succ,view=25,toView=26,nodeIdx=3,changeCycle=0,myNode=82d7b9b6...,timecost=0.204
info|2019-11-13 16:57:07.774154|[g:1][CONSENSUS][PBFT]checkAndChangeView: Reach consensus,org_view=25,org_changeCycle=0,cur_changeCycle=0,to_view=26
info|2019-11-13 16:57:08.779383|[g:1][CONSENSUS]addRawPrepare,height=5,reqIdx=2,hash=dd9dad0f...
info|2019-11-13 16:57:08.779759|[g:1][CONSENSUS][PBFT]checkTimeout Succ,view=26,toView=27,nodeIdx=3,changeCycle=0,myNode=82d7b9b6...,timecost=0.206
info|2019-11-13 16:57:08.789696|[g:1][CONSENSUS][PBFT]checkAndChangeView: Reach consensus,org_view=26,org_changeCycle=0,cur_changeCycle=0,to_view=27
info|2019-11-13 16:57:09.793406|[g:1][CONSENSUS][SEALER]++++++++++++++++ Generating seal on,blkNum=5,tx=0,nodeIdx=3,hash=b04829a9...
info|2019-11-13 16:57:09.811457|[g:1][CONSENSUS][PBFT]checkTimeout Succ,view=27,toView=28,nodeIdx=3,changeCycle=0,myNode=82d7b9b6...,timecost=0.264
info|2019-11-13 16:57:09.818002|[g:1][CONSENSUS][PBFT]checkAndChangeView: Reach consensus,org_view=27,org_changeCycle=0,cur_changeCycle=0,to_view=28
info|2019-11-13 16:57:10.811391|[g:1][CONSENSUS]addRawPrepare,height=5,reqIdx=0,hash=234eec14...
info|2019-11-13 16:57:10.830996|[g:1][CONSENSUS][PBFT]checkTimeout Succ,view=28,toView=29,nodeIdx=3,changeCycle=0,myNode=82d7b9b6...,timecost=19.392
info|2019-11-13 16:57:10.839349|[g:1][CONSENSUS][PBFT]checkAndChangeView: Reach consensus,org_view=28,org_changeCycle=0,cur_changeCycle=0,to_view=29
info|2019-11-13 16:57:11.282280|[P2P][Service] heartBeat,connected count=4
info|2019-11-13 16:57:11.834936|[g:1][CONSENSUS]addRawPrepare,height=5,reqIdx=1,hash=23c69fc1...
info|2019-11-13 16:57:11.835454|[g:1][CONSENSUS][PBFT]checkTimeout Succ,view=29,toView=30,nodeIdx=3,changeCycle=0,myNode=82d7b9b6...,timecost=0.305
info|2019-11-13 16:57:11.858579|[g:1][CONSENSUS][PBFT]checkAndChangeView: Reach consensus,org_view=29,org_changeCycle=0,cur_changeCycle=0,to_view=30
info|2019-11-13 16:57:12.860355|[g:1][CONSENSUS]addRawPrepare,height=5,reqIdx=2,hash=e58f41e9...
info|2019-11-13 16:57:12.860670|[g:1][CONSENSUS][PBFT]checkTimeout Succ,view=30,toView=31,nodeIdx=3,changeCycle=0,myNode=82d7b9b6...,timecost=0.217
info|2019-11-13 16:57:12.872939|[g:1][CONSENSUS][PBFT]checkAndChangeView: Reach consensus,org_view=30,org_changeCycle=0,cur_changeCycle=0,to_view=31
info|2019-11-13 16:57:13.875890|[g:1][CONSENSUS][SEALER]++++++++++++++++ Generating seal on,blkNum=5,tx=0,nodeIdx=3,hash=042af096...
info|2019-11-13 16:57:13.896577|[g:1][CONSENSUS][PBFT]checkTimeout Succ,view=31,toView=32,nodeIdx=3,changeCycle=0,myNode=82d7b9b6...,timecost=0.226
info|2019-11-13 16:57:13.901557|[g:1][CONSENSUS][PBFT]checkAndChangeView: Reach consensus,org_view=31,org_changeCycle=0,cur_changeCycle=0,to_view=32
info|2019-11-13 16:57:14.898989|[g:1][CONSENSUS]addRawPrepare,height=5,reqIdx=0,hash=deb9cbc2...
info|2019-11-13 16:57:14.899277|[g:1][CONSENSUS][PBFT]checkTimeout Succ,view=32,toView=33,nodeIdx=3,changeCycle=0,myNode=82d7b9b6...,timecost=0.203
info|2019-11-13 16:57:14.916618|[g:1][CONSENSUS][PBFT]checkAndChangeView: Reach consensus,org_view=32,org_changeCycle=0,cur_changeCycle=0,to_view=33
info|2019-11-13 16:57:15.917461|[g:1][CONSENSUS]addRawPrepare,height=5,reqIdx=1,hash=2efacc49...
info|2019-11-13 16:57:15.917755|[g:1][CONSENSUS][PBFT]checkTimeout Succ,view=33,toView=34,nodeIdx=3,changeCycle=0,myNode=82d7b9b6...,timecost=0.227
info|2019-11-13 16:57:15.931365|[g:1][CONSENSUS][PBFT]checkAndChangeView: Reach consensus,org_view=33,org_changeCycle=0,cur_changeCycle=0,to_view=34
info|2019-11-13 16:57:16.931725|[g:1][CONSENSUS]addRawPrepare,height=5,reqIdx=2,hash=35b6eb12...
info|2019-11-13 16:57:16.935080|[g:1][CONSENSUS][PBFT]checkTimeout Succ,view=34,toView=35,nodeIdx=3,changeCycle=0,myNode=82d7b9b6...,timecost=3.294
info|2019-11-13 16:57:16.948417|[g:1][CONSENSUS][PBFT]checkAndChangeView: Reach consensus,org_view=34,org_changeCycle=0,cur_changeCycle=0,to_view=35
info|2019-11-13 16:57:17.952002|[g:1][CONSENSUS][SEALER]++++++++++++++++ Generating seal on,blkNum=5,tx=0,nodeIdx=3,hash=fcf451bb...
info|2019-11-13 16:57:17.971538|[g:1][CONSENSUS][PBFT]checkTimeout Succ,view=35,toView=36,nodeIdx=3,changeCycle=0,myNode=82d7b9b6...,timecost=0.241
info|2019-11-13 16:57:17.974599|[g:1][CONSENSUS][PBFT]checkAndChangeView: Reach consensus,org_view=35,org_changeCycle=0,cur_changeCycle=0,to_view=36
info|2019-11-13 16:57:18.963159|[g:1][CONSENSUS]addRawPrepare,height=5,reqIdx=0,hash=74ea1158...
info|2019-11-13 16:57:18.963464|[g:1][CONSENSUS][PBFT]checkTimeout Succ,view=36,toView=37,nodeIdx=3,changeCycle=0,myNode=82d7b9b6...,timecost=0.224
info|2019-11-13 16:57:18.974473|[g:1][CONSENSUS][PBFT]checkAndChangeView: Reach consensus,org_view=36,org_changeCycle=0,cur_changeCycle=0,to_view=37
info|2019-11-13 16:57:19.979798|[g:1][CONSENSUS]addRawPrepare,height=5,reqIdx=1,hash=51cf5cc0...
info|2019-11-13 16:57:19.980151|[g:1][CONSENSUS][PBFT]checkTimeout Succ,view=37,toView=38,nodeIdx=3,changeCycle=0,myNode=82d7b9b6...,timecost=0.258
info|2019-11-13 16:57:20.000199|[g:1][CONSENSUS][PBFT]checkAndChangeView: Reach consensus,org_view=37,org_changeCycle=0,cur_changeCycle=0,to_view=38
info|2019-11-13 16:57:20.996074|[g:1][CONSENSUS]addRawPrepare,height=5,reqIdx=2,hash=1fcc4268...
info|2019-11-13 16:57:20.996429|[g:1][CONSENSUS][PBFT]checkTimeout Succ,view=38,toView=39,nodeIdx=3,changeCycle=0,myNode=82d7b9b6...,timecost=0.221
info|2019-11-13 16:57:21.011195|[g:1][CONSENSUS][PBFT]checkAndChangeView: Reach consensus,org_view=38,org_changeCycle=0,cur_changeCycle=0,to_view=39
info|2019-11-13 16:57:21.282567|[P2P][Service] heartBeat,connected count=4
info|2019-11-13 16:57:22.019483|[g:1][CONSENSUS][SEALER]++++++++++++++++ Generating seal on,blkNum=5,tx=0,nodeIdx=3,hash=becda5f0...
info|2019-11-13 16:57:22.033666|[g:1][CONSENSUS][PBFT]checkTimeout Succ,view=39,toView=40,nodeIdx=3,changeCycle=0,myNode=82d7b9b6...,timecost=0.234
info|2019-11-13 16:57:22.038265|[g:1][CONSENSUS][PBFT]checkAndChangeView: Reach consensus,org_view=39,org_changeCycle=0,cur_changeCycle=0,to_view=40
info|2019-11-13 16:57:23.033362|[g:1][CONSENSUS]addRawPrepare,height=5,reqIdx=0,hash=47a97802...
info|2019-11-13 16:57:23.033755|[g:1][CONSENSUS][PBFT]checkTimeout Succ,view=40,toView=41,nodeIdx=3,changeCycle=0,myNode=82d7b9b6...,timecost=0.235
info|2019-11-13 16:57:23.043987|[g:1][CONSENSUS][PBFT]checkAndChangeView: Reach consensus,org_view=40,org_changeCycle=0,cur_changeCycle=0,to_view=41
info|2019-11-13 16:57:24.050673|[g:1][CONSENSUS]addRawPrepare,height=5,reqIdx=1,hash=9b18d159...
info|2019-11-13 16:57:24.051117|[g:1][CONSENSUS][PBFT]checkTimeout Succ,view=41,toView=42,nodeIdx=3,changeCycle=0,myNode=82d7b9b6...,timecost=0.337
info|2019-11-13 16:57:24.082409|[g:1][CONSENSUS][PBFT]checkAndChangeView: Reach consensus,org_view=41,org_changeCycle=0,cur_changeCycle=0,to_view=42
info|2019-11-13 16:57:25.089816|[g:1][CONSENSUS]addRawPrepare,height=5,reqIdx=2,hash=443825a3...
info|2019-11-13 16:57:25.090200|[g:1][CONSENSUS][PBFT]checkTimeout Succ,view=42,toView=43,nodeIdx=3,changeCycle=0,myNode=82d7b9b6...,timecost=0.239
info|2019-11-13 16:57:25.101968|[g:1][CONSENSUS][PBFT]checkAndChangeView: Reach consensus,org_view=42,org_changeCycle=0,cur_changeCycle=0,to_view=43
info|2019-11-13 16:57:26.105186|[g:1][CONSENSUS][SEALER]++++++++++++++++ Generating seal on,blkNum=5,tx=0,nodeIdx=3,hash=58d3a9fa...
info|2019-11-13 16:57:26.125358|[g:1][CONSENSUS][PBFT]checkTimeout Succ,view=43,toView=44,nodeIdx=3,changeCycle=0,myNode=82d7b9b6...,timecost=0.24
info|2019-11-13 16:57:26.126713|[g:1][CONSENSUS][PBFT]checkAndChangeView: Reach consensus,org_view=43,org_changeCycle=0,cur_changeCycle=0,to_view=44
info|2019-11-13 16:57:27.121246|[g:1][CONSENSUS]addRawPrepare,height=5,reqIdx=0,hash=cf82886d...
info|2019-11-13 16:57:27.121544|[g:1][CONSENSUS][PBFT]checkTimeout Succ,view=44,toView=45,nodeIdx=3,changeCycle=0,myNode=82d7b9b6...,timecost=0.203
info|2019-11-13 16:57:27.128321|[g:1][CONSENSUS][PBFT]checkAndChangeView: Reach consensus,org_view=44,org_changeCycle=0,cur_changeCycle=0,to_view=45
info|2019-11-13 16:57:28.128907|[g:1][CONSENSUS]addRawPrepare,height=5,reqIdx=1,hash=22260531...
info|2019-11-13 16:57:28.129187|[g:1][CONSENSUS][PBFT]checkTimeout Succ,view=45,toView=46,nodeIdx=3,changeCycle=0,myNode=82d7b9b6...,timecost=0.201
info|2019-11-13 16:57:28.135781|[g:1][CONSENSUS][PBFT]checkAndChangeView: Reach consensus,org_view=45,org_changeCycle=0,cur_changeCycle=0,to_view=46
info|2019-11-13 16:57:29.141166|[g:1][CONSENSUS]addRawPrepare,height=5,reqIdx=2,hash=a3237d18...
info|2019-11-13 16:57:29.141585|[g:1][CONSENSUS][PBFT]checkTimeout Succ,view=46,toView=47,nodeIdx=3,changeCycle=0,myNode=82d7b9b6...,timecost=0.262
info|2019-11-13 16:57:29.150740|[g:1][CONSENSUS][PBFT]checkAndChangeView: Reach consensus,org_view=46,org_changeCycle=0,cur_changeCycle=0,to_view=47
info|2019-11-13 16:57:30.152184|[g:1][CONSENSUS][SEALER]++++++++++++++++ Generating seal on,blkNum=5,tx=0,nodeIdx=3,hash=9927beab...
info|2019-11-13 16:57:30.165156|[g:1][CONSENSUS][PBFT]checkTimeout Succ,view=47,toView=48,nodeIdx=3,changeCycle=0,myNode=82d7b9b6...,timecost=0.237
info|2019-11-13 16:57:30.169049|[g:1][CONSENSUS][PBFT]checkAndChangeView: Reach consensus,org_view=47,org_changeCycle=0,cur_changeCycle=0,to_view=48
info|2019-11-13 16:57:31.163846|[g:1][CONSENSUS]addRawPrepare,height=5,reqIdx=0,hash=8296371f...
info|2019-11-13 16:57:31.166533|[g:1][CONSENSUS][PBFT]checkTimeout Succ,view=48,toView=49,nodeIdx=3,changeCycle=0,myNode=82d7b9b6...,timecost=2.618
info|2019-11-13 16:57:31.172328|[g:1][CONSENSUS][PBFT]checkAndChangeView: Reach consensus,org_view=48,org_changeCycle=0,cur_changeCycle=0,to_view=49
info|2019-11-13 16:57:31.282783|[P2P][Service] heartBeat,connected count=4
info|2019-11-13 16:57:32.175356|[g:1][CONSENSUS]addRawPrepare,height=5,reqIdx=1,hash=28fcfd55...
info|2019-11-13 16:57:32.175667|[g:1][CONSENSUS][PBFT]checkTimeout Succ,view=49,toView=50,nodeIdx=3,changeCycle=0,myNode=82d7b9b6...,timecost=0.243
info|2019-11-13 16:57:32.186039|[g:1][CONSENSUS][PBFT]checkAndChangeView: Reach consensus,org_view=49,org_changeCycle=0,cur_changeCycle=0,to_view=50
info|2019-11-13 16:57:33.189093|[g:1][CONSENSUS]addRawPrepare,height=5,reqIdx=2,hash=872254e7...
info|2019-11-13 16:57:33.189430|[g:1][CONSENSUS][PBFT]checkTimeout Succ,view=50,toView=51,nodeIdx=3,changeCycle=0,myNode=82d7b9b6...,timecost=0.247
info|2019-11-13 16:57:33.209232|[g:1][CONSENSUS][PBFT]checkAndChangeView: Reach consensus,org_view=50,org_changeCycle=0,cur_changeCycle=0,to_view=51
info|2019-11-13 16:57:34.209855|[g:1][CONSENSUS][SEALER]++++++++++++++++ Generating seal on,blkNum=5,tx=0,nodeIdx=3,hash=7b0c167c...
info|2019-11-13 16:57:34.226883|[g:1][CONSENSUS][PBFT]checkTimeout Succ,view=51,toView=52,nodeIdx=3,changeCycle=0,myNode=82d7b9b6...,timecost=0.313
info|2019-11-13 16:57:34.230936|[g:1][CONSENSUS][PBFT]checkAndChangeView: Reach consensus,org_view=51,org_changeCycle=0,cur_changeCycle=0,to_view=52
info|2019-11-13 16:57:35.227189|[g:1][CONSENSUS]addRawPrepare,height=5,reqIdx=0,hash=6c3ba1f1...
info|2019-11-13 16:57:35.234388|[g:1][CONSENSUS][PBFT]checkTimeout Succ,view=52,toView=53,nodeIdx=3,changeCycle=0,myNode=82d7b9b6...,timecost=7.128
info|2019-11-13 16:57:35.238962|[g:1][CONSENSUS][PBFT]checkAndChangeView: Reach consensus,org_view=52,org_changeCycle=0,cur_changeCycle=0,to_view=53
info|2019-11-13 16:57:36.240580|[g:1][CONSENSUS]addRawPrepare,height=5,reqIdx=1,hash=6873e331...
info|2019-11-13 16:57:36.241051|[g:1][CONSENSUS][PBFT]checkTimeout Succ,view=53,toView=54,nodeIdx=3,changeCycle=0,myNode=82d7b9b6...,timecost=0.405
info|2019-11-13 16:57:36.251177|[g:1][CONSENSUS][PBFT]checkAndChangeView: Reach consensus,org_view=53,org_changeCycle=0,cur_changeCycle=0,to_view=54
info|2019-11-13 16:57:36.543995|[NETWORK][Session]Received topic: [4	_block_notify_1] from 824ae14a1c492a3b61d96b8fa5f51cf89b7cf60e32d0427f255c92bc5f712227af9cb010a0060848e49fc1d000476574576117d63732d6d10048b54b759ab9fd
info|2019-11-13 16:57:37.250562|[g:1][CONSENSUS]addRawPrepare,height=5,reqIdx=2,hash=969fe4f0...
info|2019-11-13 16:57:37.250840|[g:1][CONSENSUS][PBFT]checkTimeout Succ,view=54,toView=55,nodeIdx=3,changeCycle=0,myNode=82d7b9b6...,timecost=0.201
info|2019-11-13 16:57:37.261856|[g:1][CONSENSUS][PBFT]checkAndChangeView: Reach consensus,org_view=54,org_changeCycle=0,cur_changeCycle=0,to_view=55
info|2019-11-13 16:57:38.261196|[g:1][CONSENSUS][SEALER]++++++++++++++++ Generating seal on,blkNum=5,tx=0,nodeIdx=3,hash=0be221f9...
info|2019-11-13 16:57:38.281340|[g:1][CONSENSUS][PBFT]checkTimeout Succ,view=55,toView=56,nodeIdx=3,changeCycle=0,myNode=82d7b9b6...,timecost=0.301
info|2019-11-13 16:57:38.288730|[g:1][CONSENSUS][PBFT]checkAndChangeView: Reach consensus,org_view=55,org_changeCycle=0,cur_changeCycle=0,to_view=56
info|2019-11-13 16:57:39.275289|[g:1][CONSENSUS]addRawPrepare,height=5,reqIdx=0,hash=1520fae6...
info|2019-11-13 16:57:39.275603|[g:1][CONSENSUS][PBFT]checkTimeout Succ,view=56,toView=57,nodeIdx=3,changeCycle=0,myNode=82d7b9b6...,timecost=0.213
info|2019-11-13 16:57:39.284164|[g:1][CONSENSUS][PBFT]checkAndChangeView: Reach consensus,org_view=56,org_changeCycle=0,cur_changeCycle=0,to_view=57
info|2019-11-13 16:57:40.286426|[g:1][CONSENSUS]addRawPrepare,height=5,reqIdx=1,hash=53232caf...
info|2019-11-13 16:57:40.286769|[g:1][CONSENSUS][PBFT]checkTimeout Succ,view=57,toView=58,nodeIdx=3,changeCycle=0,myNode=82d7b9b6...,timecost=0.215
info|2019-11-13 16:57:40.292725|[g:1][CONSENSUS][PBFT]checkAndChangeView: Reach consensus,org_view=57,org_changeCycle=0,cur_changeCycle=0,to_view=58
info|2019-11-13 16:57:41.282940|[P2P][Service] heartBeat,connected count=4
info|2019-11-13 16:57:41.297933|[g:1][CONSENSUS]addRawPrepare,height=5,reqIdx=2,hash=cf6ca2b5...
info|2019-11-13 16:57:41.298276|[g:1][CONSENSUS][PBFT]checkTimeout Succ,view=58,toView=59,nodeIdx=3,changeCycle=0,myNode=82d7b9b6...,timecost=0.271
info|2019-11-13 16:57:41.306251|[g:1][CONSENSUS][PBFT]checkAndChangeView: Reach consensus,org_view=58,org_changeCycle=0,cur_changeCycle=0,to_view=59
info|2019-11-13 16:57:41.544137|[NETWORK][Session]Received topic: [5	_block_notify_1] from 824ae14a1c492a3b61d96b8fa5f51cf89b7cf60e32d0427f255c92bc5f712227af9cb010a0060848e49fc1d000476574576117d63732d6d10048b54b759ab9fd
info|2019-11-13 16:57:42.309913|[g:1][CONSENSUS][SEALER]++++++++++++++++ Generating seal on,blkNum=5,tx=0,nodeIdx=3,hash=e56c83f0...
info|2019-11-13 16:57:42.327260|[g:1][CONSENSUS][PBFT]checkTimeout Succ,view=59,toView=60,nodeIdx=3,changeCycle=0,myNode=82d7b9b6...,timecost=0.255
info|2019-11-13 16:57:42.328245|[g:1][CONSENSUS][PBFT]checkAndChangeView: Reach consensus,org_view=59,org_changeCycle=0,cur_changeCycle=0,to_view=60
info|2019-11-13 16:57:43.318198|[g:1][CONSENSUS]addRawPrepare,height=5,reqIdx=0,hash=7b28e79e...
info|2019-11-13 16:57:43.318499|[g:1][CONSENSUS][PBFT]checkTimeout Succ,view=60,toView=61,nodeIdx=3,changeCycle=0,myNode=82d7b9b6...,timecost=0.21
info|2019-11-13 16:57:43.325318|[g:1][CONSENSUS][PBFT]checkAndChangeView: Reach consensus,org_view=60,org_changeCycle=0,cur_changeCycle=0,to_view=61
info|2019-11-13 16:57:44.330667|[g:1][CONSENSUS]addRawPrepare,height=5,reqIdx=1,hash=2b970be7...
info|2019-11-13 16:57:44.330939|[g:1][CONSENSUS][PBFT]checkTimeout Succ,view=61,toView=62,nodeIdx=3,changeCycle=0,myNode=82d7b9b6...,timecost=0.2
info|2019-11-13 16:57:44.337727|[g:1][CONSENSUS][PBFT]checkAndChangeView: Reach consensus,org_view=61,org_changeCycle=0,cur_changeCycle=0,to_view=62
info|2019-11-13 16:57:45.343060|[g:1][CONSENSUS]addRawPrepare,height=5,reqIdx=2,hash=44134599...
info|2019-11-13 16:57:45.343342|[g:1][CONSENSUS][PBFT]checkTimeout Succ,view=62,toView=63,nodeIdx=3,changeCycle=0,myNode=82d7b9b6...,timecost=0.219
info|2019-11-13 16:57:45.349531|[g:1][CONSENSUS][PBFT]checkAndChangeView: Reach consensus,org_view=62,org_changeCycle=0,cur_changeCycle=0,to_view=63
info|2019-11-13 16:57:46.353356|[g:1][CONSENSUS][SEALER]++++++++++++++++ Generating seal on,blkNum=5,tx=0,nodeIdx=3,hash=2c0b3415...
info|2019-11-13 16:57:46.365185|[g:1][CONSENSUS][PBFT]checkTimeout Succ,view=63,toView=64,nodeIdx=3,changeCycle=0,myNode=82d7b9b6...,timecost=0.269
info|2019-11-13 16:57:46.369975|[g:1][CONSENSUS][PBFT]checkAndChangeView: Reach consensus,org_view=63,org_changeCycle=0,cur_changeCycle=0,to_view=64
info|2019-11-13 16:57:47.364284|[g:1][CONSENSUS]addRawPrepare,height=5,reqIdx=0,hash=064dd0f1...
info|2019-11-13 16:57:47.364596|[g:1][CONSENSUS][PBFT]checkTimeout Succ,view=64,toView=65,nodeIdx=3,changeCycle=0,myNode=82d7b9b6...,timecost=0.229
info|2019-11-13 16:57:47.371287|[g:1][CONSENSUS][PBFT]checkAndChangeView: Reach consensus,org_view=64,org_changeCycle=0,cur_changeCycle=0,to_view=65
info|2019-11-13 16:57:48.376124|[g:1][CONSENSUS]addRawPrepare,height=5,reqIdx=1,hash=6fc07a04...
info|2019-11-13 16:57:48.376410|[g:1][CONSENSUS][PBFT]checkTimeout Succ,view=65,toView=66,nodeIdx=3,changeCycle=0,myNode=82d7b9b6...,timecost=0.21
info|2019-11-13 16:57:48.385160|[g:1][CONSENSUS][PBFT]checkAndChangeView: Reach consensus,org_view=65,org_changeCycle=0,cur_changeCycle=0,to_view=66
info|2019-11-13 16:57:49.387097|[g:1][CONSENSUS]addRawPrepare,height=5,reqIdx=2,hash=02f396d7...
info|2019-11-13 16:57:49.387559|[g:1][CONSENSUS][PBFT]checkTimeout Succ,view=66,toView=67,nodeIdx=3,changeCycle=0,myNode=82d7b9b6...,timecost=0.364
info|2019-11-13 16:57:49.393667|[g:1][CONSENSUS][PBFT]checkAndChangeView: Reach consensus,org_view=66,org_changeCycle=0,cur_changeCycle=0,to_view=67
info|2019-11-13 16:57:50.394864|[g:1][CONSENSUS][SEALER]++++++++++++++++ Generating seal on,blkNum=5,tx=0,nodeIdx=3,hash=032e6922...
info|2019-11-13 16:57:50.402150|[g:1][CONSENSUS][PBFT]checkTimeout Succ,view=67,toView=68,nodeIdx=3,changeCycle=0,myNode=82d7b9b6...,timecost=0.257
info|2019-11-13 16:57:50.403170|[g:1][CONSENSUS][PBFT]checkAndChangeView: Reach consensus,org_view=67,org_changeCycle=0,cur_changeCycle=0,to_view=68
info|2019-11-13 16:57:51.283208|[P2P][Service] heartBeat,connected count=4
info|2019-11-13 16:57:51.401387|[g:1][CONSENSUS]addRawPrepare,height=5,reqIdx=0,hash=91ebbfec...
info|2019-11-13 16:57:51.401701|[g:1][CONSENSUS][PBFT]checkTimeout Succ,view=68,toView=69,nodeIdx=3,changeCycle=0,myNode=82d7b9b6...,timecost=0.222
info|2019-11-13 16:57:51.405624|[g:1][CONSENSUS][PBFT]checkAndChangeView: Reach consensus,org_view=68,org_changeCycle=0,cur_changeCycle=0,to_view=69
info|2019-11-13 16:57:52.407778|[g:1][CONSENSUS]addRawPrepare,height=5,reqIdx=1,hash=0f10acaa...
info|2019-11-13 16:57:52.408080|[g:1][CONSENSUS][PBFT]checkTimeout Succ,view=69,toView=70,nodeIdx=3,changeCycle=0,myNode=82d7b9b6...,timecost=0.225
info|2019-11-13 16:57:52.412855|[g:1][CONSENSUS][PBFT]checkAndChangeView: Reach consensus,org_view=69,org_changeCycle=0,cur_changeCycle=0,to_view=70
info|2019-11-13 16:57:53.413719|[g:1][CONSENSUS]addRawPrepare,height=5,reqIdx=2,hash=874efc67...
info|2019-11-13 16:57:53.414063|[g:1][CONSENSUS][PBFT]checkTimeout Succ,view=70,toView=71,nodeIdx=3,changeCycle=0,myNode=82d7b9b6...,timecost=0.265
info|2019-11-13 16:57:53.419038|[g:1][CONSENSUS][PBFT]checkAndChangeView: Reach consensus,org_view=70,org_changeCycle=0,cur_changeCycle=0,to_view=71
info|2019-11-13 16:57:54.420490|[g:1][CONSENSUS][SEALER]++++++++++++++++ Generating seal on,blkNum=5,tx=0,nodeIdx=3,hash=96b1055d...
info|2019-11-13 16:57:54.428715|[g:1][CONSENSUS][PBFT]checkTimeout Succ,view=71,toView=72,nodeIdx=3,changeCycle=0,myNode=82d7b9b6...,timecost=0.264
info|2019-11-13 16:57:54.429993|[g:1][CONSENSUS][PBFT]checkAndChangeView: Reach consensus,org_view=71,org_changeCycle=0,cur_changeCycle=0,to_view=72
info|2019-11-13 16:57:55.426116|[g:1][CONSENSUS]addRawPrepare,height=5,reqIdx=0,hash=74c95c7e...
info|2019-11-13 16:57:55.426448|[g:1][CONSENSUS][PBFT]checkTimeout Succ,view=72,toView=73,nodeIdx=3,changeCycle=0,myNode=82d7b9b6...,timecost=0.237
info|2019-11-13 16:57:55.430325|[g:1][CONSENSUS][PBFT]checkAndChangeView: Reach consensus,org_view=72,org_changeCycle=0,cur_changeCycle=0,to_view=73
info|2019-11-13 16:57:56.437035|[g:1][CONSENSUS]addRawPrepare,height=5,reqIdx=1,hash=5a3dd4f5...
info|2019-11-13 16:57:56.448773|[g:1][CONSENSUS][PBFT]checkTimeout Succ,view=73,toView=74,nodeIdx=3,changeCycle=0,myNode=82d7b9b6...,timecost=2.128
info|2019-11-13 16:57:56.459325|[g:1][CONSENSUS][PBFT]checkAndChangeView: Reach consensus,org_view=73,org_changeCycle=0,cur_changeCycle=0,to_view=74
info|2019-11-13 16:57:57.464469|[g:1][CONSENSUS]addRawPrepare,height=5,reqIdx=2,hash=31627ee2...
info|2019-11-13 16:57:57.464849|[g:1][CONSENSUS][PBFT]checkTimeout Succ,view=74,toView=75,nodeIdx=3,changeCycle=0,myNode=82d7b9b6...,timecost=0.247
info|2019-11-13 16:57:57.469332|[g:1][CONSENSUS][PBFT]checkAndChangeView: Reach consensus,org_view=74,org_changeCycle=0,cur_changeCycle=0,to_view=75
info|2019-11-13 16:57:58.471969|[g:1][CONSENSUS][SEALER]++++++++++++++++ Generating seal on,blkNum=5,tx=0,nodeIdx=3,hash=868bb757...
info|2019-11-13 16:57:58.481453|[g:1][CONSENSUS][PBFT]checkTimeout Succ,view=75,toView=76,nodeIdx=3,changeCycle=0,myNode=82d7b9b6...,timecost=0.365
info|2019-11-13 16:57:58.482834|[g:1][CONSENSUS][PBFT]checkAndChangeView: Reach consensus,org_view=75,org_changeCycle=0,cur_changeCycle=0,to_view=76
info|2019-11-13 16:57:59.481006|[g:1][CONSENSUS]addRawPrepare,height=5,reqIdx=0,hash=d7b8d88b...
info|2019-11-13 16:57:59.481347|[g:1][CONSENSUS][PBFT]checkTimeout Succ,view=76,toView=77,nodeIdx=3,changeCycle=0,myNode=82d7b9b6...,timecost=0.248
info|2019-11-13 16:57:59.486177|[g:1][CONSENSUS][PBFT]checkAndChangeView: Reach consensus,org_view=76,org_changeCycle=0,cur_changeCycle=0,to_view=77
info|2019-11-13 16:58:00.488036|[g:1][CONSENSUS]addRawPrepare,height=5,reqIdx=1,hash=48e4401f...
info|2019-11-13 16:58:00.488454|[g:1][CONSENSUS][PBFT]checkTimeout Succ,view=77,toView=78,nodeIdx=3,changeCycle=0,myNode=82d7b9b6...,timecost=0.309
info|2019-11-13 16:58:00.493993|[g:1][CONSENSUS][PBFT]checkAndChangeView: Reach consensus,org_view=77,org_changeCycle=0,cur_changeCycle=0,to_view=78
info|2019-11-13 16:58:01.283470|[P2P][Service] heartBeat,connected count=4
info|2019-11-13 16:58:01.496202|[g:1][CONSENSUS]addRawPrepare,height=5,reqIdx=2,hash=a5c6f96e...
info|2019-11-13 16:58:01.496820|[g:1][CONSENSUS][PBFT]checkTimeout Succ,view=78,toView=79,nodeIdx=3,changeCycle=0,myNode=82d7b9b6...,timecost=0.448
info|2019-11-13 16:58:01.503211|[g:1][CONSENSUS][PBFT]checkAndChangeView: Reach consensus,org_view=78,org_changeCycle=0,cur_changeCycle=0,to_view=79
info|2019-11-13 16:58:02.504316|[g:1][CONSENSUS][SEALER]++++++++++++++++ Generating seal on,blkNum=5,tx=0,nodeIdx=3,hash=bc1bb973...
info|2019-11-13 16:58:02.512009|[g:1][CONSENSUS][PBFT]checkTimeout Succ,view=79,toView=80,nodeIdx=3,changeCycle=0,myNode=82d7b9b6...,timecost=0.273
info|2019-11-13 16:58:02.512909|[g:1][CONSENSUS][PBFT]checkAndChangeView: Reach consensus,org_view=79,org_changeCycle=0,cur_changeCycle=0,to_view=80
info|2019-11-13 16:58:03.511752|[g:1][CONSENSUS]addRawPrepare,height=5,reqIdx=0,hash=f3ace2e8...
info|2019-11-13 16:58:03.512108|[g:1][CONSENSUS][PBFT]checkTimeout Succ,view=80,toView=81,nodeIdx=3,changeCycle=0,myNode=82d7b9b6...,timecost=0.248
info|2019-11-13 16:58:03.516718|[g:1][CONSENSUS][PBFT]checkAndChangeView: Reach consensus,org_view=80,org_changeCycle=0,cur_changeCycle=0,to_view=81
info|2019-11-13 16:58:04.519679|[g:1][CONSENSUS]addRawPrepare,height=5,reqIdx=1,hash=f20ce7fe...
info|2019-11-13 16:58:04.520170|[g:1][CONSENSUS][PBFT]checkTimeout Succ,view=81,toView=82,nodeIdx=3,changeCycle=0,myNode=82d7b9b6...,timecost=0.358
info|2019-11-13 16:58:04.533171|[g:1][CONSENSUS][PBFT]checkAndChangeView: Reach consensus,org_view=81,org_changeCycle=0,cur_changeCycle=0,to_view=82
info|2019-11-13 16:58:05.535740|[g:1][CONSENSUS]addRawPrepare,height=5,reqIdx=2,hash=31e6d1e2...
info|2019-11-13 16:58:05.536038|[g:1][CONSENSUS][PBFT]checkTimeout Succ,view=82,toView=83,nodeIdx=3,changeCycle=0,myNode=82d7b9b6...,timecost=0.213
info|2019-11-13 16:58:05.539887|[g:1][CONSENSUS][PBFT]checkAndChangeView: Reach consensus,org_view=82,org_changeCycle=0,cur_changeCycle=0,to_view=83
info|2019-11-13 16:58:06.553458|[g:1][CONSENSUS][SEALER]++++++++++++++++ Generating seal on,blkNum=5,tx=0,nodeIdx=3,hash=e134b1ce...
info|2019-11-13 16:58:06.568187|[g:1][CONSENSUS][PBFT]checkTimeout Succ,view=83,toView=84,nodeIdx=3,changeCycle=0,myNode=82d7b9b6...,timecost=0.443
info|2019-11-13 16:58:06.570349|[g:1][CONSENSUS][PBFT]checkAndChangeView: Reach consensus,org_view=83,org_changeCycle=0,cur_changeCycle=0,to_view=84
info|2019-11-13 16:58:07.570239|[g:1][CONSENSUS]addRawPrepare,height=5,reqIdx=0,hash=0c3b3c63...
info|2019-11-13 16:58:07.570641|[g:1][CONSENSUS][PBFT]checkTimeout Succ,view=84,toView=85,nodeIdx=3,changeCycle=0,myNode=82d7b9b6...,timecost=0.317
info|2019-11-13 16:58:07.575313|[g:1][CONSENSUS][PBFT]checkAndChangeView: Reach consensus,org_view=84,org_changeCycle=0,cur_changeCycle=0,to_view=85
info|2019-11-13 16:58:08.577010|[g:1][CONSENSUS]addRawPrepare,height=5,reqIdx=1,hash=58263883...
info|2019-11-13 16:58:08.577320|[g:1][CONSENSUS][PBFT]checkTimeout Succ,view=85,toView=86,nodeIdx=3,changeCycle=0,myNode=82d7b9b6...,timecost=0.225
info|2019-11-13 16:58:08.581502|[g:1][CONSENSUS][PBFT]checkAndChangeView: Reach consensus,org_view=85,org_changeCycle=0,cur_changeCycle=0,to_view=86
info|2019-11-13 16:58:09.582697|[g:1][CONSENSUS]addRawPrepare,height=5,reqIdx=2,hash=17f4d7ee...
info|2019-11-13 16:58:09.586523|[g:1][CONSENSUS][PBFT]checkTimeout Succ,view=86,toView=87,nodeIdx=3,changeCycle=0,myNode=82d7b9b6...,timecost=3.719
info|2019-11-13 16:58:09.587190|[g:1][CONSENSUS][PBFT]checkAndChangeView: Reach consensus,org_view=86,org_changeCycle=0,cur_changeCycle=0,to_view=87
info|2019-11-13 16:58:10.588486|[g:1][CONSENSUS][SEALER]++++++++++++++++ Generating seal on,blkNum=5,tx=0,nodeIdx=3,hash=4428df9d...
info|2019-11-13 16:58:10.601271|[g:1][CONSENSUS][PBFT]checkTimeout Succ,view=87,toView=88,nodeIdx=3,changeCycle=0,myNode=82d7b9b6...,timecost=0.354
info|2019-11-13 16:58:10.603760|[g:1][CONSENSUS][PBFT]checkAndChangeView: Reach consensus,org_view=87,org_changeCycle=0,cur_changeCycle=0,to_view=88
info|2019-11-13 16:58:11.284279|[P2P][Service] heartBeat,connected count=4
info|2019-11-13 16:58:11.598992|[g:1][CONSENSUS]addRawPrepare,height=5,reqIdx=0,hash=404c1b52...
info|2019-11-13 16:58:11.599298|[g:1][CONSENSUS][PBFT]checkTimeout Succ,view=88,toView=89,nodeIdx=3,changeCycle=0,myNode=82d7b9b6...,timecost=0.215
info|2019-11-13 16:58:11.604975|[g:1][CONSENSUS][PBFT]checkAndChangeView: Reach consensus,org_view=88,org_changeCycle=0,cur_changeCycle=0,to_view=89
info|2019-11-13 16:58:12.608490|[g:1][CONSENSUS]addRawPrepare,height=5,reqIdx=1,hash=b67d513f...
info|2019-11-13 16:58:12.616337|[g:1][CONSENSUS][PBFT]checkTimeout Succ,view=89,toView=90,nodeIdx=3,changeCycle=0,myNode=82d7b9b6...,timecost=6.38
info|2019-11-13 16:58:12.617869|[g:1][CONSENSUS][PBFT]checkAndChangeView: Reach consensus,org_view=89,org_changeCycle=0,cur_changeCycle=0,to_view=90
info|2019-11-13 16:58:13.616993|[g:1][CONSENSUS]addRawPrepare,height=5,reqIdx=2,hash=34b39ef9...
info|2019-11-13 16:58:13.617610|[g:1][CONSENSUS][PBFT]checkTimeout Succ,view=90,toView=91,nodeIdx=3,changeCycle=0,myNode=82d7b9b6...,timecost=0.323
info|2019-11-13 16:58:13.624328|[g:1][CONSENSUS][PBFT]checkAndChangeView: Reach consensus,org_view=90,org_changeCycle=0,cur_changeCycle=0,to_view=91
info|2019-11-13 16:58:14.624561|[g:1][CONSENSUS][SEALER]++++++++++++++++ Generating seal on,blkNum=5,tx=0,nodeIdx=3,hash=5b3489e3...
info|2019-11-13 16:58:14.641614|[g:1][CONSENSUS][PBFT]checkTimeout Succ,view=91,toView=92,nodeIdx=3,changeCycle=0,myNode=82d7b9b6...,timecost=0.397
info|2019-11-13 16:58:14.643380|[g:1][CONSENSUS][PBFT]checkAndChangeView: Reach consensus,org_view=91,org_changeCycle=0,cur_changeCycle=0,to_view=92
info|2019-11-13 16:58:15.639928|[g:1][CONSENSUS]addRawPrepare,height=5,reqIdx=0,hash=6efe9732...
info|2019-11-13 16:58:15.640392|[g:1][CONSENSUS][PBFT]checkTimeout Succ,view=92,toView=93,nodeIdx=3,changeCycle=0,myNode=82d7b9b6...,timecost=0.354
info|2019-11-13 16:58:15.648206|[g:1][CONSENSUS][PBFT]checkAndChangeView: Reach consensus,org_view=92,org_changeCycle=0,cur_changeCycle=0,to_view=93
info|2019-11-13 16:58:16.650507|[g:1][CONSENSUS]addRawPrepare,height=5,reqIdx=1,hash=a1fd4b0b...
info|2019-11-13 16:58:16.659551|[g:1][CONSENSUS][PBFT]checkTimeout Succ,view=93,toView=94,nodeIdx=3,changeCycle=0,myNode=82d7b9b6...,timecost=8.865
info|2019-11-13 16:58:16.665540|[g:1][CONSENSUS][PBFT]checkAndChangeView: Reach consensus,org_view=93,org_changeCycle=0,cur_changeCycle=0,to_view=94
info|2019-11-13 16:58:17.671842|[g:1][CONSENSUS]addRawPrepare,height=5,reqIdx=2,hash=f1b37134...
info|2019-11-13 16:58:17.672668|[g:1][CONSENSUS][PBFT]checkTimeout Succ,view=94,toView=95,nodeIdx=3,changeCycle=0,myNode=82d7b9b6...,timecost=0.567
info|2019-11-13 16:58:17.688286|[g:1][CONSENSUS][PBFT]checkAndChangeView: Reach consensus,org_view=94,org_changeCycle=0,cur_changeCycle=0,to_view=95
info|2019-11-13 16:58:18.691153|[g:1][CONSENSUS][SEALER]++++++++++++++++ Generating seal on,blkNum=5,tx=0,nodeIdx=3,hash=752e17ab...
info|2019-11-13 16:58:18.698975|[g:1][CONSENSUS][PBFT]checkTimeout Succ,view=95,toView=96,nodeIdx=3,changeCycle=0,myNode=82d7b9b6...,timecost=0.256
info|2019-11-13 16:58:18.700046|[g:1][CONSENSUS][PBFT]checkAndChangeView: Reach consensus,org_view=95,org_changeCycle=0,cur_changeCycle=0,to_view=96
info|2019-11-13 16:58:19.699365|[g:1][CONSENSUS]addRawPrepare,height=5,reqIdx=0,hash=062fc18d...
info|2019-11-13 16:58:19.702900|[g:1][CONSENSUS][PBFT]checkTimeout Succ,view=96,toView=97,nodeIdx=3,changeCycle=0,myNode=82d7b9b6...,timecost=3.451
info|2019-11-13 16:58:19.703660|[g:1][CONSENSUS][PBFT]checkAndChangeView: Reach consensus,org_view=96,org_changeCycle=0,cur_changeCycle=0,to_view=97
info|2019-11-13 16:58:20.707502|[g:1][CONSENSUS]addRawPrepare,height=5,reqIdx=1,hash=09303ed7...
info|2019-11-13 16:58:20.707988|[g:1][CONSENSUS][PBFT]checkTimeout Succ,view=97,toView=98,nodeIdx=3,changeCycle=0,myNode=82d7b9b6...,timecost=0.329
info|2019-11-13 16:58:20.713124|[g:1][CONSENSUS][PBFT]checkAndChangeView: Reach consensus,org_view=97,org_changeCycle=0,cur_changeCycle=0,to_view=98
info|2019-11-13 16:58:21.284971|[P2P][Service] heartBeat,connected count=4
info|2019-11-13 16:58:21.714695|[g:1][CONSENSUS]addRawPrepare,height=5,reqIdx=2,hash=b8928aeb...
info|2019-11-13 16:58:21.714986|[g:1][CONSENSUS][PBFT]checkTimeout Succ,view=98,toView=99,nodeIdx=3,changeCycle=0,myNode=82d7b9b6...,timecost=0.209
info|2019-11-13 16:58:21.721624|[g:1][CONSENSUS][PBFT]checkAndChangeView: Reach consensus,org_view=98,org_changeCycle=0,cur_changeCycle=0,to_view=99
info|2019-11-13 16:58:22.721187|[g:1][CONSENSUS][SEALER]++++++++++++++++ Generating seal on,blkNum=5,tx=0,nodeIdx=3,hash=8d3076cf...
info|2019-11-13 16:58:22.728586|[g:1][CONSENSUS][PBFT]checkTimeout Succ,view=99,toView=100,nodeIdx=3,changeCycle=0,myNode=82d7b9b6...,timecost=0.237
info|2019-11-13 16:58:22.729496|[g:1][CONSENSUS][PBFT]checkAndChangeView: Reach consensus,org_view=99,org_changeCycle=0,cur_changeCycle=0,to_view=100
info|2019-11-13 16:58:23.727138|[g:1][CONSENSUS]addRawPrepare,height=5,reqIdx=0,hash=85e6dd8e...
info|2019-11-13 16:58:23.727469|[g:1][CONSENSUS][PBFT]checkTimeout Succ,view=100,toView=101,nodeIdx=3,changeCycle=0,myNode=82d7b9b6...,timecost=0.257
info|2019-11-13 16:58:23.731003|[g:1][CONSENSUS][PBFT]checkAndChangeView: Reach consensus,org_view=100,org_changeCycle=0,cur_changeCycle=0,to_view=101
info|2019-11-13 16:58:24.737252|[g:1][CONSENSUS]addRawPrepare,height=5,reqIdx=1,hash=28c60c50...
info|2019-11-13 16:58:24.737638|[g:1][CONSENSUS][PBFT]checkTimeout Succ,view=101,toView=102,nodeIdx=3,changeCycle=0,myNode=82d7b9b6...,timecost=0.298
info|2019-11-13 16:58:24.742931|[g:1][CONSENSUS][PBFT]checkAndChangeView: Reach consensus,org_view=101,org_changeCycle=0,cur_changeCycle=0,to_view=102
info|2019-11-13 16:58:25.747345|[g:1][CONSENSUS]addRawPrepare,height=5,reqIdx=2,hash=bbabb2e1...
info|2019-11-13 16:58:25.747651|[g:1][CONSENSUS][PBFT]checkTimeout Succ,view=102,toView=103,nodeIdx=3,changeCycle=0,myNode=82d7b9b6...,timecost=0.234
info|2019-11-13 16:58:25.754402|[g:1][CONSENSUS][PBFT]checkAndChangeView: Reach consensus,org_view=102,org_changeCycle=0,cur_changeCycle=0,to_view=103
info|2019-11-13 16:58:26.755903|[g:1][CONSENSUS][SEALER]++++++++++++++++ Generating seal on,blkNum=5,tx=0,nodeIdx=3,hash=8d4c4df6...
info|2019-11-13 16:58:26.772797|[g:1][CONSENSUS][PBFT]checkTimeout Succ,view=103,toView=104,nodeIdx=3,changeCycle=0,myNode=82d7b9b6...,timecost=0.589
info|2019-11-13 16:58:26.776965|[g:1][CONSENSUS][PBFT]checkAndChangeView: Reach consensus,org_view=103,org_changeCycle=0,cur_changeCycle=0,to_view=104
info|2019-11-13 16:58:27.772755|[g:1][CONSENSUS]addRawPrepare,height=5,reqIdx=0,hash=b3cd2f5a...
info|2019-11-13 16:58:27.773036|[g:1][CONSENSUS][PBFT]checkTimeout Succ,view=104,toView=105,nodeIdx=3,changeCycle=0,myNode=82d7b9b6...,timecost=0.203
info|2019-11-13 16:58:27.777152|[g:1][CONSENSUS][PBFT]checkAndChangeView: Reach consensus,org_view=104,org_changeCycle=0,cur_changeCycle=0,to_view=105
info|2019-11-13 16:58:28.780326|[g:1][CONSENSUS]addRawPrepare,height=5,reqIdx=1,hash=3c905b40...
info|2019-11-13 16:58:28.788648|[g:1][CONSENSUS][PBFT]checkTimeout Succ,view=105,toView=106,nodeIdx=3,changeCycle=0,myNode=82d7b9b6...,timecost=8.11
info|2019-11-13 16:58:28.792078|[g:1][CONSENSUS][PBFT]checkAndChangeView: Reach consensus,org_view=105,org_changeCycle=0,cur_changeCycle=0,to_view=106
info|2019-11-13 16:58:29.809491|[g:1][CONSENSUS]addRawPrepare,height=5,reqIdx=2,hash=5afd9a26...
info|2019-11-13 16:58:29.818193|[g:1][CONSENSUS][PBFT]checkTimeout Succ,view=106,toView=107,nodeIdx=3,changeCycle=0,myNode=82d7b9b6...,timecost=8.488
info|2019-11-13 16:58:29.838630|[g:1][CONSENSUS][PBFT]checkAndChangeView: Reach consensus,org_view=106,org_changeCycle=0,cur_changeCycle=0,to_view=107
info|2019-11-13 16:58:30.839409|[g:1][CONSENSUS][SEALER]++++++++++++++++ Generating seal on,blkNum=5,tx=0,nodeIdx=3,hash=bcbfee99...
info|2019-11-13 16:58:30.853369|[g:1][CONSENSUS][PBFT]checkTimeout Succ,view=107,toView=108,nodeIdx=3,changeCycle=0,myNode=82d7b9b6...,timecost=0.4
info|2019-11-13 16:58:30.855641|[g:1][CONSENSUS][PBFT]checkAndChangeView: Reach consensus,org_view=107,org_changeCycle=0,cur_changeCycle=0,to_view=108
info|2019-11-13 16:58:31.285509|[P2P][Service] heartBeat,connected count=4
info|2019-11-13 16:58:31.856282|[g:1][CONSENSUS]addRawPrepare,height=5,reqIdx=0,hash=9aa7246f...
info|2019-11-13 16:58:31.884910|[g:1][CONSENSUS][PBFT]checkTimeout Succ,view=108,toView=109,nodeIdx=3,changeCycle=0,myNode=82d7b9b6...,timecost=15.879
info|2019-11-13 16:58:31.908524|[g:1][CONSENSUS][PBFT]checkAndChangeView: Reach consensus,org_view=108,org_changeCycle=0,cur_changeCycle=0,to_view=109
info|2019-11-13 16:58:32.913530|[g:1][CONSENSUS]addRawPrepare,height=5,reqIdx=1,hash=1bb57c4b...
info|2019-11-13 16:58:32.913836|[g:1][CONSENSUS][PBFT]checkTimeout Succ,view=109,toView=110,nodeIdx=3,changeCycle=0,myNode=82d7b9b6...,timecost=0.212
info|2019-11-13 16:58:32.920688|[g:1][CONSENSUS][PBFT]checkAndChangeView: Reach consensus,org_view=109,org_changeCycle=0,cur_changeCycle=0,to_view=110
info|2019-11-13 16:58:33.921238|[g:1][CONSENSUS]addRawPrepare,height=5,reqIdx=2,hash=fba5efec...
info|2019-11-13 16:58:33.921552|[g:1][CONSENSUS][PBFT]checkTimeout Succ,view=110,toView=111,nodeIdx=3,changeCycle=0,myNode=82d7b9b6...,timecost=0.244
info|2019-11-13 16:58:33.926750|[g:1][CONSENSUS][PBFT]checkAndChangeView: Reach consensus,org_view=110,org_changeCycle=0,cur_changeCycle=0,to_view=111
info|2019-11-13 16:58:34.928305|[g:1][CONSENSUS][SEALER]++++++++++++++++ Generating seal on,blkNum=5,tx=0,nodeIdx=3,hash=29d7f2c6...
info|2019-11-13 16:58:34.956942|[g:1][CONSENSUS][PBFT]checkTimeout Succ,view=111,toView=112,nodeIdx=3,changeCycle=0,myNode=82d7b9b6...,timecost=0.226
info|2019-11-13 16:58:34.961936|[g:1][CONSENSUS][PBFT]checkAndChangeView: Reach consensus,org_view=111,org_changeCycle=0,cur_changeCycle=0,to_view=112
info|2019-11-13 16:58:35.952687|[g:1][CONSENSUS]addRawPrepare,height=5,reqIdx=0,hash=28aea0f4...
info|2019-11-13 16:58:35.953191|[g:1][CONSENSUS][PBFT]checkTimeout Succ,view=112,toView=113,nodeIdx=3,changeCycle=0,myNode=82d7b9b6...,timecost=0.319
info|2019-11-13 16:58:35.976737|[g:1][CONSENSUS][PBFT]checkAndChangeView: Reach consensus,org_view=112,org_changeCycle=0,cur_changeCycle=0,to_view=113
info|2019-11-13 16:58:36.985545|[g:1][CONSENSUS]addRawPrepare,height=5,reqIdx=1,hash=fbcfd26a...
info|2019-11-13 16:58:36.985834|[g:1][CONSENSUS][PBFT]checkTimeout Succ,view=113,toView=114,nodeIdx=3,changeCycle=0,myNode=82d7b9b6...,timecost=0.203
info|2019-11-13 16:58:36.994056|[g:1][CONSENSUS][PBFT]checkAndChangeView: Reach consensus,org_view=113,org_changeCycle=0,cur_changeCycle=0,to_view=114
info|2019-11-13 16:58:37.999523|[g:1][CONSENSUS]addRawPrepare,height=5,reqIdx=2,hash=48b6a9bf...
info|2019-11-13 16:58:37.999835|[g:1][CONSENSUS][PBFT]checkTimeout Succ,view=114,toView=115,nodeIdx=3,changeCycle=0,myNode=82d7b9b6...,timecost=0.208
info|2019-11-13 16:58:38.014886|[g:1][CONSENSUS][PBFT]checkAndChangeView: Reach consensus,org_view=114,org_changeCycle=0,cur_changeCycle=0,to_view=115
info|2019-11-13 16:58:39.018820|[g:1][CONSENSUS][SEALER]++++++++++++++++ Generating seal on,blkNum=5,tx=0,nodeIdx=3,hash=9cf87e47...
info|2019-11-13 16:58:39.043950|[g:1][CONSENSUS][PBFT]checkTimeout Succ,view=115,toView=116,nodeIdx=3,changeCycle=0,myNode=82d7b9b6...,timecost=0.243
info|2019-11-13 16:58:39.045172|[g:1][CONSENSUS][PBFT]checkAndChangeView: Reach consensus,org_view=115,org_changeCycle=0,cur_changeCycle=0,to_view=116
info|2019-11-13 16:58:40.056047|[g:1][CONSENSUS]addRawPrepare,height=5,reqIdx=0,hash=870eb1d4...
info|2019-11-13 16:58:40.056435|[g:1][CONSENSUS][PBFT]checkTimeout Succ,view=116,toView=117,nodeIdx=3,changeCycle=0,myNode=82d7b9b6...,timecost=0.278
info|2019-11-13 16:58:40.070196|[g:1][CONSENSUS][PBFT]checkAndChangeView: Reach consensus,org_view=116,org_changeCycle=0,cur_changeCycle=0,to_view=117
info|2019-11-13 16:58:41.077026|[g:1][CONSENSUS]addRawPrepare,height=5,reqIdx=1,hash=87523501...
info|2019-11-13 16:58:41.077377|[g:1][CONSENSUS][PBFT]checkTimeout Succ,view=117,toView=118,nodeIdx=3,changeCycle=0,myNode=82d7b9b6...,timecost=0.231
info|2019-11-13 16:58:41.086642|[g:1][CONSENSUS][PBFT]checkAndChangeView: Reach consensus,org_view=117,org_changeCycle=0,cur_changeCycle=0,to_view=118
info|2019-11-13 16:58:41.285756|[P2P][Service] heartBeat,connected count=4
info|2019-11-13 16:58:42.095571|[g:1][CONSENSUS]addRawPrepare,height=5,reqIdx=2,hash=eacfed14...
info|2019-11-13 16:58:42.095933|[g:1][CONSENSUS][PBFT]checkTimeout Succ,view=118,toView=119,nodeIdx=3,changeCycle=0,myNode=82d7b9b6...,timecost=7.646
info|2019-11-13 16:58:42.104036|[g:1][CONSENSUS][PBFT]checkAndChangeView: Reach consensus,org_view=118,org_changeCycle=0,cur_changeCycle=0,to_view=119
info|2019-11-13 16:58:43.104205|[g:1][CONSENSUS][SEALER]++++++++++++++++ Generating seal on,blkNum=5,tx=0,nodeIdx=3,hash=d08d7ab1...
info|2019-11-13 16:58:43.124380|[g:1][CONSENSUS][PBFT]checkTimeout Succ,view=119,toView=120,nodeIdx=3,changeCycle=0,myNode=82d7b9b6...,timecost=0.301
info|2019-11-13 16:58:43.125358|[g:1][CONSENSUS][PBFT]checkAndChangeView: Reach consensus,org_view=119,org_changeCycle=0,cur_changeCycle=0,to_view=120
info|2019-11-13 16:58:44.119952|[g:1][CONSENSUS]addRawPrepare,height=5,reqIdx=0,hash=eb77ead2...
info|2019-11-13 16:58:44.120325|[g:1][CONSENSUS][PBFT]checkTimeout Succ,view=120,toView=121,nodeIdx=3,changeCycle=0,myNode=82d7b9b6...,timecost=0.239
info|2019-11-13 16:58:44.124623|[g:1][CONSENSUS][PBFT]checkAndChangeView: Reach consensus,org_view=120,org_changeCycle=0,cur_changeCycle=0,to_view=121
info|2019-11-13 16:58:45.127595|[g:1][CONSENSUS]addRawPrepare,height=5,reqIdx=1,hash=fb55ce3f...
info|2019-11-13 16:58:45.128175|[g:1][CONSENSUS][PBFT]checkTimeout Succ,view=121,toView=122,nodeIdx=3,changeCycle=0,myNode=82d7b9b6...,timecost=0.495
info|2019-11-13 16:58:45.139756|[g:1][CONSENSUS][PBFT]checkAndChangeView: Reach consensus,org_view=121,org_changeCycle=0,cur_changeCycle=0,to_view=122
info|2019-11-13 16:58:46.142014|[g:1][CONSENSUS]addRawPrepare,height=5,reqIdx=2,hash=d2280309...
info|2019-11-13 16:58:46.142738|[g:1][CONSENSUS][PBFT]checkTimeout Succ,view=122,toView=123,nodeIdx=3,changeCycle=0,myNode=82d7b9b6...,timecost=0.662
info|2019-11-13 16:58:46.158175|[g:1][CONSENSUS][PBFT]checkAndChangeView: Reach consensus,org_view=122,org_changeCycle=0,cur_changeCycle=0,to_view=123
info|2019-11-13 16:58:47.158671|[g:1][CONSENSUS][SEALER]++++++++++++++++ Generating seal on,blkNum=5,tx=0,nodeIdx=3,hash=accea413...
info|2019-11-13 16:58:47.167491|[g:1][CONSENSUS][PBFT]checkTimeout Succ,view=123,toView=124,nodeIdx=3,changeCycle=0,myNode=82d7b9b6...,timecost=0.26
info|2019-11-13 16:58:47.168567|[g:1][CONSENSUS][PBFT]checkAndChangeView: Reach consensus,org_view=123,org_changeCycle=0,cur_changeCycle=0,to_view=124
info|2019-11-13 16:58:48.167384|[g:1][CONSENSUS]addRawPrepare,height=5,reqIdx=0,hash=32f0a59b...
info|2019-11-13 16:58:48.167825|[g:1][CONSENSUS][PBFT]checkTimeout Succ,view=124,toView=125,nodeIdx=3,changeCycle=0,myNode=82d7b9b6...,timecost=0.292
info|2019-11-13 16:58:48.212558|[g:1][CONSENSUS][PBFT]checkAndChangeView: Reach consensus,org_view=124,org_changeCycle=0,cur_changeCycle=0,to_view=125
info|2019-11-13 16:58:49.176306|[g:1][CONSENSUS]addRawPrepare,height=5,reqIdx=1,hash=c11152af...
info|2019-11-13 16:58:49.176751|[g:1][CONSENSUS][PBFT]checkTimeout Succ,view=125,toView=126,nodeIdx=3,changeCycle=0,myNode=82d7b9b6...,timecost=0.332
info|2019-11-13 16:58:49.183619|[g:1][CONSENSUS][PBFT]checkAndChangeView: Reach consensus,org_view=125,org_changeCycle=0,cur_changeCycle=0,to_view=126
info|2019-11-13 16:58:50.181938|[g:1][CONSENSUS]addRawPrepare,height=5,reqIdx=2,hash=0a719947...
info|2019-11-13 16:58:50.182318|[g:1][CONSENSUS][PBFT]checkTimeout Succ,view=126,toView=127,nodeIdx=3,changeCycle=0,myNode=82d7b9b6...,timecost=0.282
info|2019-11-13 16:58:50.187461|[g:1][CONSENSUS][PBFT]checkAndChangeView: Reach consensus,org_view=126,org_changeCycle=0,cur_changeCycle=0,to_view=127
info|2019-11-13 16:58:51.187210|[g:1][CONSENSUS][SEALER]++++++++++++++++ Generating seal on,blkNum=5,tx=0,nodeIdx=3,hash=a125cd96...
info|2019-11-13 16:58:51.196188|[g:1][CONSENSUS][PBFT]checkTimeout Succ,view=127,toView=128,nodeIdx=3,changeCycle=0,myNode=82d7b9b6...,timecost=0.293
info|2019-11-13 16:58:51.198022|[g:1][CONSENSUS][PBFT]checkAndChangeView: Reach consensus,org_view=127,org_changeCycle=0,cur_changeCycle=0,to_view=128
info|2019-11-13 16:58:51.286317|[P2P][Service] heartBeat,connected count=4
info|2019-11-13 16:58:52.196391|[g:1][CONSENSUS]addRawPrepare,height=5,reqIdx=0,hash=1a2625c6...
info|2019-11-13 16:58:52.196793|[g:1][CONSENSUS][PBFT]checkTimeout Succ,view=128,toView=129,nodeIdx=3,changeCycle=0,myNode=82d7b9b6...,timecost=0.308
info|2019-11-13 16:58:52.202243|[g:1][CONSENSUS][PBFT]checkAndChangeView: Reach consensus,org_view=128,org_changeCycle=0,cur_changeCycle=0,to_view=129
info|2019-11-13 16:58:53.203250|[g:1][CONSENSUS]addRawPrepare,height=5,reqIdx=1,hash=2ef39a61...
info|2019-11-13 16:58:53.203664|[g:1][CONSENSUS][PBFT]checkTimeout Succ,view=129,toView=130,nodeIdx=3,changeCycle=0,myNode=82d7b9b6...,timecost=0.25
info|2019-11-13 16:58:53.210461|[g:1][CONSENSUS][PBFT]checkAndChangeView: Reach consensus,org_view=129,org_changeCycle=0,cur_changeCycle=0,to_view=130
info|2019-11-13 16:58:54.210603|[g:1][CONSENSUS]addRawPrepare,height=5,reqIdx=2,hash=a27f6ee8...
info|2019-11-13 16:58:54.210917|[g:1][CONSENSUS][PBFT]checkTimeout Succ,view=130,toView=131,nodeIdx=3,changeCycle=0,myNode=82d7b9b6...,timecost=0.224
info|2019-11-13 16:58:54.215139|[g:1][CONSENSUS][PBFT]checkAndChangeView: Reach consensus,org_view=130,org_changeCycle=0,cur_changeCycle=0,to_view=131
info|2019-11-13 16:58:55.217200|[g:1][CONSENSUS][SEALER]++++++++++++++++ Generating seal on,blkNum=5,tx=0,nodeIdx=3,hash=d074825b...
info|2019-11-13 16:58:55.226320|[g:1][CONSENSUS][PBFT]checkTimeout Succ,view=131,toView=132,nodeIdx=3,changeCycle=0,myNode=82d7b9b6...,timecost=0.293
info|2019-11-13 16:58:55.227566|[g:1][CONSENSUS][PBFT]checkAndChangeView: Reach consensus,org_view=131,org_changeCycle=0,cur_changeCycle=0,to_view=132
info|2019-11-13 16:58:56.225235|[g:1][CONSENSUS]addRawPrepare,height=5,reqIdx=0,hash=6413e095...
info|2019-11-13 16:58:56.225609|[g:1][CONSENSUS][PBFT]checkTimeout Succ,view=132,toView=133,nodeIdx=3,changeCycle=0,myNode=82d7b9b6...,timecost=0.252
info|2019-11-13 16:58:56.230594|[g:1][CONSENSUS][PBFT]checkAndChangeView: Reach consensus,org_view=132,org_changeCycle=0,cur_changeCycle=0,to_view=133
info|2019-11-13 16:58:57.232656|[g:1][CONSENSUS]addRawPrepare,height=5,reqIdx=1,hash=20167978...
info|2019-11-13 16:58:57.232984|[g:1][CONSENSUS][PBFT]checkTimeout Succ,view=133,toView=134,nodeIdx=3,changeCycle=0,myNode=82d7b9b6...,timecost=0.211
info|2019-11-13 16:58:57.237917|[g:1][CONSENSUS][PBFT]checkAndChangeView: Reach consensus,org_view=133,org_changeCycle=0,cur_changeCycle=0,to_view=134
info|2019-11-13 16:58:58.239989|[g:1][CONSENSUS]addRawPrepare,height=5,reqIdx=2,hash=87d692bd...
info|2019-11-13 16:58:58.240293|[g:1][CONSENSUS][PBFT]checkTimeout Succ,view=134,toView=135,nodeIdx=3,changeCycle=0,myNode=82d7b9b6...,timecost=0.213
info|2019-11-13 16:58:58.244865|[g:1][CONSENSUS][PBFT]checkAndChangeView: Reach consensus,org_view=134,org_changeCycle=0,cur_changeCycle=0,to_view=135
info|2019-11-13 16:58:59.245660|[g:1][CONSENSUS][SEALER]++++++++++++++++ Generating seal on,blkNum=5,tx=0,nodeIdx=3,hash=4db08a92...
info|2019-11-13 16:58:59.255675|[g:1][CONSENSUS][PBFT]checkTimeout Succ,view=135,toView=136,nodeIdx=3,changeCycle=0,myNode=82d7b9b6...,timecost=0.453
info|2019-11-13 16:58:59.257265|[g:1][CONSENSUS][PBFT]checkAndChangeView: Reach consensus,org_view=135,org_changeCycle=0,cur_changeCycle=0,to_view=136
info|2019-11-13 16:59:00.257643|[g:1][CONSENSUS]addRawPrepare,height=5,reqIdx=0,hash=1a686c76...
info|2019-11-13 16:59:00.267868|[g:1][CONSENSUS][PBFT]checkTimeout Succ,view=136,toView=137,nodeIdx=3,changeCycle=0,myNode=82d7b9b6...,timecost=5.199
info|2019-11-13 16:59:00.279823|[g:1][CONSENSUS][PBFT]checkAndChangeView: Reach consensus,org_view=136,org_changeCycle=0,cur_changeCycle=0,to_view=137
info|2019-11-13 16:59:01.282620|[g:1][CONSENSUS]addRawPrepare,height=5,reqIdx=1,hash=c0ea0e38...
info|2019-11-13 16:59:01.283110|[g:1][CONSENSUS][PBFT]checkTimeout Succ,view=137,toView=138,nodeIdx=3,changeCycle=0,myNode=82d7b9b6...,timecost=0.351
info|2019-11-13 16:59:01.287212|[P2P][Service] heartBeat,connected count=4
info|2019-11-13 16:59:01.288966|[g:1][CONSENSUS][PBFT]checkAndChangeView: Reach consensus,org_view=137,org_changeCycle=0,cur_changeCycle=0,to_view=138
info|2019-11-13 16:59:02.287581|[g:1][CONSENSUS]addRawPrepare,height=5,reqIdx=2,hash=844e6371...
info|2019-11-13 16:59:02.287951|[g:1][CONSENSUS][PBFT]checkTimeout Succ,view=138,toView=139,nodeIdx=3,changeCycle=0,myNode=82d7b9b6...,timecost=0.268
info|2019-11-13 16:59:02.294669|[g:1][CONSENSUS][PBFT]checkAndChangeView: Reach consensus,org_view=138,org_changeCycle=0,cur_changeCycle=0,to_view=139
info|2019-11-13 16:59:03.296334|[g:1][CONSENSUS][SEALER]++++++++++++++++ Generating seal on,blkNum=5,tx=0,nodeIdx=3,hash=77a925f6...
info|2019-11-13 16:59:03.304261|[g:1][CONSENSUS][PBFT]checkTimeout Succ,view=139,toView=140,nodeIdx=3,changeCycle=0,myNode=82d7b9b6...,timecost=0.321
info|2019-11-13 16:59:03.305233|[g:1][CONSENSUS][PBFT]checkAndChangeView: Reach consensus,org_view=139,org_changeCycle=0,cur_changeCycle=0,to_view=140
info|2019-11-13 16:59:04.304087|[g:1][CONSENSUS]addRawPrepare,height=5,reqIdx=0,hash=559b57d0...
info|2019-11-13 16:59:04.304403|[g:1][CONSENSUS][PBFT]checkTimeout Succ,view=140,toView=141,nodeIdx=3,changeCycle=0,myNode=82d7b9b6...,timecost=0.219
info|2019-11-13 16:59:04.308434|[g:1][CONSENSUS][PBFT]checkAndChangeView: Reach consensus,org_view=140,org_changeCycle=0,cur_changeCycle=0,to_view=141
info|2019-11-13 16:59:05.311543|[g:1][CONSENSUS]addRawPrepare,height=5,reqIdx=1,hash=69861765...
info|2019-11-13 16:59:05.312190|[g:1][CONSENSUS][PBFT]checkTimeout Succ,view=141,toView=142,nodeIdx=3,changeCycle=0,myNode=82d7b9b6...,timecost=0.446
info|2019-11-13 16:59:05.321346|[g:1][CONSENSUS][PBFT]checkAndChangeView: Reach consensus,org_view=141,org_changeCycle=0,cur_changeCycle=0,to_view=142
info|2019-11-13 16:59:06.324215|[g:1][CONSENSUS]addRawPrepare,height=5,reqIdx=2,hash=3b77b72f...
info|2019-11-13 16:59:06.324517|[g:1][CONSENSUS][PBFT]checkTimeout Succ,view=142,toView=143,nodeIdx=3,changeCycle=0,myNode=82d7b9b6...,timecost=0.257
info|2019-11-13 16:59:06.330973|[g:1][CONSENSUS][PBFT]checkAndChangeView: Reach consensus,org_view=142,org_changeCycle=0,cur_changeCycle=0,to_view=143
info|2019-11-13 16:59:07.332122|[g:1][CONSENSUS][SEALER]++++++++++++++++ Generating seal on,blkNum=5,tx=0,nodeIdx=3,hash=0d306a9a...
info|2019-11-13 16:59:07.340603|[g:1][CONSENSUS][PBFT]checkTimeout Succ,view=143,toView=144,nodeIdx=3,changeCycle=0,myNode=82d7b9b6...,timecost=0.293
info|2019-11-13 16:59:07.341746|[g:1][CONSENSUS][PBFT]checkAndChangeView: Reach consensus,org_view=143,org_changeCycle=0,cur_changeCycle=0,to_view=144
info|2019-11-13 16:59:08.338990|[g:1][CONSENSUS]addRawPrepare,height=5,reqIdx=0,hash=da50f7fc...
info|2019-11-13 16:59:08.339348|[g:1][CONSENSUS][PBFT]checkTimeout Succ,view=144,toView=145,nodeIdx=3,changeCycle=0,myNode=82d7b9b6...,timecost=0.263
info|2019-11-13 16:59:08.346371|[g:1][CONSENSUS][PBFT]checkAndChangeView: Reach consensus,org_view=144,org_changeCycle=0,cur_changeCycle=0,to_view=145
info|2019-11-13 16:59:09.349272|[g:1][CONSENSUS]addRawPrepare,height=5,reqIdx=1,hash=0e0c5b1b...
info|2019-11-13 16:59:09.353805|[g:1][CONSENSUS][PBFT]checkTimeout Succ,view=145,toView=146,nodeIdx=3,changeCycle=0,myNode=82d7b9b6...,timecost=4.378
info|2019-11-13 16:59:09.361300|[g:1][CONSENSUS][PBFT]checkAndChangeView: Reach consensus,org_view=145,org_changeCycle=0,cur_changeCycle=0,to_view=146
info|2019-11-13 16:59:10.363553|[g:1][CONSENSUS]addRawPrepare,height=5,reqIdx=2,hash=94197c15...
info|2019-11-13 16:59:10.363850|[g:1][CONSENSUS][PBFT]checkTimeout Succ,view=146,toView=147,nodeIdx=3,changeCycle=0,myNode=82d7b9b6...,timecost=0.213
info|2019-11-13 16:59:10.369050|[g:1][CONSENSUS][PBFT]checkAndChangeView: Reach consensus,org_view=146,org_changeCycle=0,cur_changeCycle=0,to_view=147
info|2019-11-13 16:59:11.287442|[P2P][Service] heartBeat,connected count=4
info|2019-11-13 16:59:11.371056|[g:1][CONSENSUS][SEALER]++++++++++++++++ Generating seal on,blkNum=5,tx=0,nodeIdx=3,hash=e59111fd...
info|2019-11-13 16:59:11.381555|[g:1][CONSENSUS][PBFT]checkTimeout Succ,view=147,toView=148,nodeIdx=3,changeCycle=0,myNode=82d7b9b6...,timecost=0.345
info|2019-11-13 16:59:11.382954|[g:1][CONSENSUS][PBFT]checkAndChangeView: Reach consensus,org_view=147,org_changeCycle=0,cur_changeCycle=0,to_view=148
info|2019-11-13 16:59:12.378590|[g:1][CONSENSUS]addRawPrepare,height=5,reqIdx=0,hash=84c7ba20...
info|2019-11-13 16:59:12.378867|[g:1][CONSENSUS][PBFT]checkTimeout Succ,view=148,toView=149,nodeIdx=3,changeCycle=0,myNode=82d7b9b6...,timecost=0.204
info|2019-11-13 16:59:12.385022|[g:1][CONSENSUS][PBFT]checkAndChangeView: Reach consensus,org_view=148,org_changeCycle=0,cur_changeCycle=0,to_view=149
info|2019-11-13 16:59:13.389330|[g:1][CONSENSUS]addRawPrepare,height=5,reqIdx=1,hash=7e75f9d4...
info|2019-11-13 16:59:13.389649|[g:1][CONSENSUS][PBFT]checkTimeout Succ,view=149,toView=150,nodeIdx=3,changeCycle=0,myNode=82d7b9b6...,timecost=0.229
info|2019-11-13 16:59:13.394343|[g:1][CONSENSUS][PBFT]checkAndChangeView: Reach consensus,org_view=149,org_changeCycle=0,cur_changeCycle=0,to_view=150
info|2019-11-13 16:59:14.396239|[g:1][CONSENSUS]addRawPrepare,height=5,reqIdx=2,hash=1904255a...
info|2019-11-13 16:59:14.396626|[g:1][CONSENSUS][PBFT]checkTimeout Succ,view=150,toView=151,nodeIdx=3,changeCycle=0,myNode=82d7b9b6...,timecost=0.298
info|2019-11-13 16:59:14.401682|[g:1][CONSENSUS][PBFT]checkAndChangeView: Reach consensus,org_view=150,org_changeCycle=0,cur_changeCycle=0,to_view=151
info|2019-11-13 16:59:15.403507|[g:1][CONSENSUS][SEALER]++++++++++++++++ Generating seal on,blkNum=5,tx=0,nodeIdx=3,hash=6fc744c8...
info|2019-11-13 16:59:15.411258|[g:1][CONSENSUS][PBFT]checkTimeout Succ,view=151,toView=152,nodeIdx=3,changeCycle=0,myNode=82d7b9b6...,timecost=0.237
info|2019-11-13 16:59:15.412435|[g:1][CONSENSUS][PBFT]checkAndChangeView: Reach consensus,org_view=151,org_changeCycle=0,cur_changeCycle=0,to_view=152
info|2019-11-13 16:59:16.410715|[g:1][CONSENSUS]addRawPrepare,height=5,reqIdx=0,hash=f1ea471c...
info|2019-11-13 16:59:16.411076|[g:1][CONSENSUS][PBFT]checkTimeout Succ,view=152,toView=153,nodeIdx=3,changeCycle=0,myNode=82d7b9b6...,timecost=0.247
info|2019-11-13 16:59:16.418736|[g:1][CONSENSUS][PBFT]checkAndChangeView: Reach consensus,org_view=152,org_changeCycle=0,cur_changeCycle=0,to_view=153
info|2019-11-13 16:59:17.419483|[g:1][CONSENSUS]addRawPrepare,height=5,reqIdx=1,hash=d42454c5...
info|2019-11-13 16:59:17.419778|[g:1][CONSENSUS][PBFT]checkTimeout Succ,view=153,toView=154,nodeIdx=3,changeCycle=0,myNode=82d7b9b6...,timecost=0.221
info|2019-11-13 16:59:17.424761|[g:1][CONSENSUS][PBFT]checkAndChangeView: Reach consensus,org_view=153,org_changeCycle=0,cur_changeCycle=0,to_view=154
info|2019-11-13 16:59:18.429427|[g:1][CONSENSUS]addRawPrepare,height=5,reqIdx=2,hash=8fe541b4...
info|2019-11-13 16:59:18.429708|[g:1][CONSENSUS][PBFT]checkTimeout Succ,view=154,toView=155,nodeIdx=3,changeCycle=0,myNode=82d7b9b6...,timecost=0.208
info|2019-11-13 16:59:18.436011|[g:1][CONSENSUS][PBFT]checkAndChangeView: Reach consensus,org_view=154,org_changeCycle=0,cur_changeCycle=0,to_view=155
info|2019-11-13 16:59:19.437160|[g:1][CONSENSUS][SEALER]++++++++++++++++ Generating seal on,blkNum=5,tx=0,nodeIdx=3,hash=b28ea13e...
info|2019-11-13 16:59:19.455906|[g:1][CONSENSUS][PBFT]checkTimeout Succ,view=155,toView=156,nodeIdx=3,changeCycle=0,myNode=82d7b9b6...,timecost=0.25
info|2019-11-13 16:59:19.460828|[g:1][CONSENSUS][PBFT]checkAndChangeView: Reach consensus,org_view=155,org_changeCycle=0,cur_changeCycle=0,to_view=156
info|2019-11-13 16:59:20.458675|[g:1][CONSENSUS]addRawPrepare,height=5,reqIdx=0,hash=1fe9b58f...
info|2019-11-13 16:59:20.459117|[g:1][CONSENSUS][PBFT]checkTimeout Succ,view=156,toView=157,nodeIdx=3,changeCycle=0,myNode=82d7b9b6...,timecost=0.28
info|2019-11-13 16:59:20.472112|[g:1][CONSENSUS][PBFT]checkAndChangeView: Reach consensus,org_view=156,org_changeCycle=0,cur_changeCycle=0,to_view=157
info|2019-11-13 16:59:21.287609|[P2P][Service] heartBeat,connected count=4
info|2019-11-13 16:59:21.475045|[g:1][CONSENSUS]addRawPrepare,height=5,reqIdx=1,hash=a761e83c...
info|2019-11-13 16:59:21.475563|[g:1][CONSENSUS][PBFT]checkTimeout Succ,view=157,toView=158,nodeIdx=3,changeCycle=0,myNode=82d7b9b6...,timecost=0.394
info|2019-11-13 16:59:21.485891|[g:1][CONSENSUS][PBFT]checkAndChangeView: Reach consensus,org_view=157,org_changeCycle=0,cur_changeCycle=0,to_view=158
info|2019-11-13 16:59:22.485939|[g:1][CONSENSUS]addRawPrepare,height=5,reqIdx=2,hash=ce4447e2...
info|2019-11-13 16:59:22.486282|[g:1][CONSENSUS][PBFT]checkTimeout Succ,view=158,toView=159,nodeIdx=3,changeCycle=0,myNode=82d7b9b6...,timecost=0.272
info|2019-11-13 16:59:22.492646|[g:1][CONSENSUS][PBFT]checkAndChangeView: Reach consensus,org_view=158,org_changeCycle=0,cur_changeCycle=0,to_view=159
info|2019-11-13 16:59:23.501866|[g:1][CONSENSUS][SEALER]++++++++++++++++ Generating seal on,blkNum=5,tx=0,nodeIdx=3,hash=33339533...
info|2019-11-13 16:59:23.515391|[g:1][CONSENSUS][PBFT]checkTimeout Succ,view=159,toView=160,nodeIdx=3,changeCycle=0,myNode=82d7b9b6...,timecost=0.243
info|2019-11-13 16:59:23.516600|[g:1][CONSENSUS][PBFT]checkAndChangeView: Reach consensus,org_view=159,org_changeCycle=0,cur_changeCycle=0,to_view=160
info|2019-11-13 16:59:24.507737|[g:1][CONSENSUS]addRawPrepare,height=5,reqIdx=0,hash=74f1067f...
info|2019-11-13 16:59:24.508221|[g:1][CONSENSUS][PBFT]checkTimeout Succ,view=160,toView=161,nodeIdx=3,changeCycle=0,myNode=82d7b9b6...,timecost=0.286
info|2019-11-13 16:59:24.518846|[g:1][CONSENSUS][PBFT]checkAndChangeView: Reach consensus,org_view=160,org_changeCycle=0,cur_changeCycle=0,to_view=161
info|2019-11-13 16:59:25.519205|[g:1][CONSENSUS]addRawPrepare,height=5,reqIdx=1,hash=02d68a98...
info|2019-11-13 16:59:25.522227|[g:1][CONSENSUS][PBFT]checkTimeout Succ,view=161,toView=162,nodeIdx=3,changeCycle=0,myNode=82d7b9b6...,timecost=2.947
info|2019-11-13 16:59:25.522868|[g:1][CONSENSUS][PBFT]checkAndChangeView: Reach consensus,org_view=161,org_changeCycle=0,cur_changeCycle=0,to_view=162
info|2019-11-13 16:59:26.527016|[g:1][CONSENSUS]addRawPrepare,height=5,reqIdx=2,hash=6e078a4e...
info|2019-11-13 16:59:26.527367|[g:1][CONSENSUS][PBFT]checkTimeout Succ,view=162,toView=163,nodeIdx=3,changeCycle=0,myNode=82d7b9b6...,timecost=0.237
info|2019-11-13 16:59:26.534325|[g:1][CONSENSUS][PBFT]checkAndChangeView: Reach consensus,org_view=162,org_changeCycle=0,cur_changeCycle=0,to_view=163
info|2019-11-13 16:59:27.539146|[g:1][CONSENSUS][SEALER]++++++++++++++++ Generating seal on,blkNum=5,tx=0,nodeIdx=3,hash=52fdf766...
info|2019-11-13 16:59:27.556421|[g:1][CONSENSUS][PBFT]checkTimeout Succ,view=163,toView=164,nodeIdx=3,changeCycle=0,myNode=82d7b9b6...,timecost=0.252
info|2019-11-13 16:59:27.558103|[g:1][CONSENSUS][PBFT]checkAndChangeView: Reach consensus,org_view=163,org_changeCycle=0,cur_changeCycle=0,to_view=164
info|2019-11-13 16:59:28.553454|[g:1][CONSENSUS]addRawPrepare,height=5,reqIdx=0,hash=94ad77c4...
info|2019-11-13 16:59:28.554027|[g:1][CONSENSUS][PBFT]checkTimeout Succ,view=164,toView=165,nodeIdx=3,changeCycle=0,myNode=82d7b9b6...,timecost=0.444
info|2019-11-13 16:59:28.567626|[g:1][CONSENSUS][PBFT]checkAndChangeView: Reach consensus,org_view=164,org_changeCycle=0,cur_changeCycle=0,to_view=165
info|2019-11-13 16:59:29.562184|[g:1][CONSENSUS]addRawPrepare,height=5,reqIdx=1,hash=ed48a21a...
info|2019-11-13 16:59:29.562615|[g:1][CONSENSUS][PBFT]checkTimeout Succ,view=165,toView=166,nodeIdx=3,changeCycle=0,myNode=82d7b9b6...,timecost=0.3
info|2019-11-13 16:59:29.575870|[g:1][CONSENSUS][PBFT]checkAndChangeView: Reach consensus,org_view=165,org_changeCycle=0,cur_changeCycle=0,to_view=166
info|2019-11-13 16:59:30.576627|[g:1][CONSENSUS]addRawPrepare,height=5,reqIdx=2,hash=d4b06519...
info|2019-11-13 16:59:30.576983|[g:1][CONSENSUS][PBFT]checkTimeout Succ,view=166,toView=167,nodeIdx=3,changeCycle=0,myNode=82d7b9b6...,timecost=0.274
info|2019-11-13 16:59:30.592522|[g:1][CONSENSUS][PBFT]checkAndChangeView: Reach consensus,org_view=166,org_changeCycle=0,cur_changeCycle=0,to_view=167
info|2019-11-13 16:59:31.287891|[P2P][Service] heartBeat,connected count=4
info|2019-11-13 16:59:31.594397|[g:1][CONSENSUS][SEALER]++++++++++++++++ Generating seal on,blkNum=5,tx=0,nodeIdx=3,hash=e79c0c37...
info|2019-11-13 16:59:31.606437|[g:1][CONSENSUS][PBFT]checkTimeout Succ,view=167,toView=168,nodeIdx=3,changeCycle=0,myNode=82d7b9b6...,timecost=0.3
info|2019-11-13 16:59:31.608948|[g:1][CONSENSUS][PBFT]checkAndChangeView: Reach consensus,org_view=167,org_changeCycle=0,cur_changeCycle=0,to_view=168
info|2019-11-13 16:59:32.605294|[g:1][CONSENSUS]addRawPrepare,height=5,reqIdx=0,hash=94bb7f30...
info|2019-11-13 16:59:32.605603|[g:1][CONSENSUS][PBFT]checkTimeout Succ,view=168,toView=169,nodeIdx=3,changeCycle=0,myNode=82d7b9b6...,timecost=0.213
info|2019-11-13 16:59:32.612937|[g:1][CONSENSUS][PBFT]checkAndChangeView: Reach consensus,org_view=168,org_changeCycle=0,cur_changeCycle=0,to_view=169
info|2019-11-13 16:59:33.619404|[g:1][CONSENSUS]addRawPrepare,height=5,reqIdx=1,hash=809f07cc...
info|2019-11-13 16:59:33.633706|[g:1][CONSENSUS][PBFT]checkTimeout Succ,view=169,toView=170,nodeIdx=3,changeCycle=0,myNode=82d7b9b6...,timecost=14.196
info|2019-11-13 16:59:33.634425|[g:1][CONSENSUS][PBFT]checkAndChangeView: Reach consensus,org_view=169,org_changeCycle=0,cur_changeCycle=0,to_view=170
info|2019-11-13 16:59:34.648136|[g:1][CONSENSUS]addRawPrepare,height=5,reqIdx=2,hash=10284339...
info|2019-11-13 16:59:34.648544|[g:1][CONSENSUS][PBFT]checkTimeout Succ,view=170,toView=171,nodeIdx=3,changeCycle=0,myNode=82d7b9b6...,timecost=0.235
info|2019-11-13 16:59:34.667754|[g:1][CONSENSUS][PBFT]checkAndChangeView: Reach consensus,org_view=170,org_changeCycle=0,cur_changeCycle=0,to_view=171
info|2019-11-13 16:59:35.778716|[g:1][CONSENSUS][SEALER]++++++++++++++++ Generating seal on,blkNum=5,tx=0,nodeIdx=3,hash=4acc4b03...
info|2019-11-13 16:59:35.820599|[g:1][CONSENSUS][PBFT]checkTimeout Succ,view=171,toView=172,nodeIdx=3,changeCycle=0,myNode=82d7b9b6...,timecost=0.293
info|2019-11-13 16:59:35.822396|[g:1][CONSENSUS][PBFT]checkAndChangeView: Reach consensus,org_view=171,org_changeCycle=0,cur_changeCycle=0,to_view=172
info|2019-11-13 16:59:36.925325|[g:1][CONSENSUS]addRawPrepare,height=5,reqIdx=0,hash=ce3687e2...
info|2019-11-13 16:59:36.925622|[g:1][CONSENSUS][PBFT]checkTimeout Succ,view=172,toView=173,nodeIdx=3,changeCycle=0,myNode=82d7b9b6...,timecost=0.21
info|2019-11-13 16:59:37.380805|[g:1][CONSENSUS][PBFT]checkAndChangeView: Reach consensus,org_view=172,org_changeCycle=0,cur_changeCycle=0,to_view=173
info|2019-11-13 16:59:38.514150|[g:1][CONSENSUS]addRawPrepare,height=5,reqIdx=1,hash=1add3c2b...
info|2019-11-13 16:59:38.535383|[g:1][CONSENSUS][PBFT]checkTimeout Succ,view=173,toView=174,nodeIdx=3,changeCycle=0,myNode=82d7b9b6...,timecost=16.03
info|2019-11-13 16:59:38.549204|[g:1][CONSENSUS][PBFT]checkAndChangeView: Reach consensus,org_view=173,org_changeCycle=0,cur_changeCycle=0,to_view=174
info|2019-11-13 16:59:40.103224|[g:1][CONSENSUS]addRawPrepare,height=5,reqIdx=2,hash=cd3555bf...
info|2019-11-13 16:59:40.109277|[g:1][CONSENSUS][PBFT]checkTimeout Succ,view=174,toView=175,nodeIdx=3,changeCycle=0,myNode=82d7b9b6...,timecost=0.247
info|2019-11-13 16:59:40.168756|[g:1][CONSENSUS][PBFT]checkAndChangeView: Reach consensus,org_view=174,org_changeCycle=0,cur_changeCycle=0,to_view=175
info|2019-11-13 16:59:41.183517|[g:1][CONSENSUS][SEALER]++++++++++++++++ Generating seal on,blkNum=5,tx=0,nodeIdx=3,hash=15feb2c2...
info|2019-11-13 16:59:41.295108|[P2P][Service] heartBeat,connected count=4
info|2019-11-13 16:59:41.295740|[g:1][CONSENSUS][PBFT]checkTimeout Succ,view=175,toView=176,nodeIdx=3,changeCycle=0,myNode=82d7b9b6...,timecost=0.333
info|2019-11-13 16:59:41.301798|[g:1][CONSENSUS][PBFT]checkAndChangeView: Reach consensus,org_view=175,org_changeCycle=0,cur_changeCycle=0,to_view=176
info|2019-11-13 16:59:42.450184|[g:1][CONSENSUS]addRawPrepare,height=5,reqIdx=0,hash=c219e774...
info|2019-11-13 16:59:42.450566|[g:1][CONSENSUS][PBFT]checkTimeout Succ,view=176,toView=177,nodeIdx=3,changeCycle=0,myNode=82d7b9b6...,timecost=0.238
info|2019-11-13 16:59:42.481652|[g:1][CONSENSUS][PBFT]checkAndChangeView: Reach consensus,org_view=176,org_changeCycle=0,cur_changeCycle=0,to_view=177
info|2019-11-13 16:59:43.575402|[g:1][CONSENSUS]addRawPrepare,height=5,reqIdx=1,hash=e8bc1483...
info|2019-11-13 16:59:43.588510|[g:1][CONSENSUS][PBFT]checkTimeout Succ,view=177,toView=178,nodeIdx=3,changeCycle=0,myNode=82d7b9b6...,timecost=12.315
info|2019-11-13 16:59:43.596545|[g:1][CONSENSUS][PBFT]checkAndChangeView: Reach consensus,org_view=177,org_changeCycle=0,cur_changeCycle=0,to_view=178
info|2019-11-13 16:59:45.060472|[g:1][CONSENSUS]addRawPrepare,height=5,reqIdx=2,hash=8536540e...
info|2019-11-13 16:59:45.107666|[g:1][CONSENSUS][PBFT]checkTimeout Succ,view=178,toView=179,nodeIdx=3,changeCycle=0,myNode=82d7b9b6...,timecost=4.181
info|2019-11-13 16:59:45.149305|[g:1][CONSENSUS][PBFT]checkAndChangeView: Reach consensus,org_view=178,org_changeCycle=0,cur_changeCycle=0,to_view=179
info|2019-11-13 16:59:46.414771|[g:1][CONSENSUS][SEALER]++++++++++++++++ Generating seal on,blkNum=5,tx=0,nodeIdx=3,hash=e31b265f...
info|2019-11-13 16:59:46.531961|[g:1][CONSENSUS][PBFT]checkTimeout Succ,view=179,toView=180,nodeIdx=3,changeCycle=0,myNode=82d7b9b6...,timecost=0.368
info|2019-11-13 16:59:46.543486|[g:1][CONSENSUS][PBFT]checkAndChangeView: Reach consensus,org_view=179,org_changeCycle=0,cur_changeCycle=0,to_view=180
info|2019-11-13 16:59:47.757694|[g:1][CONSENSUS]addRawPrepare,height=5,reqIdx=0,hash=f85a0de7...
info|2019-11-13 16:59:47.758311|[g:1][CONSENSUS][PBFT]checkTimeout Succ,view=180,toView=181,nodeIdx=3,changeCycle=0,myNode=82d7b9b6...,timecost=0.272
info|2019-11-13 16:59:47.792008|[g:1][CONSENSUS][PBFT]checkAndChangeView: Reach consensus,org_view=180,org_changeCycle=0,cur_changeCycle=0,to_view=181
info|2019-11-13 16:59:49.046719|[g:1][CONSENSUS]addRawPrepare,height=5,reqIdx=1,hash=4ca28e76...
info|2019-11-13 16:59:49.047050|[g:1][CONSENSUS][PBFT]checkTimeout Succ,view=181,toView=182,nodeIdx=3,changeCycle=0,myNode=82d7b9b6...,timecost=0.253
info|2019-11-13 16:59:49.051887|[g:1][CONSENSUS][PBFT]checkAndChangeView: Reach consensus,org_view=181,org_changeCycle=0,cur_changeCycle=0,to_view=182
info|2019-11-13 16:59:50.323908|[g:1][CONSENSUS]addRawPrepare,height=5,reqIdx=2,hash=7f7d856a...
info|2019-11-13 16:59:50.375573|[g:1][CONSENSUS][PBFT]checkTimeout Succ,view=182,toView=183,nodeIdx=3,changeCycle=0,myNode=82d7b9b6...,timecost=5.764
info|2019-11-13 16:59:50.400774|[g:1][CONSENSUS][PBFT]checkAndChangeView: Reach consensus,org_view=182,org_changeCycle=0,cur_changeCycle=0,to_view=183
info|2019-11-13 16:59:51.304520|[P2P][Service] heartBeat,connected count=4
info|2019-11-13 16:59:51.414511|[g:1][CONSENSUS][SEALER]++++++++++++++++ Generating seal on,blkNum=5,tx=0,nodeIdx=3,hash=e9eb343a...
info|2019-11-13 16:59:51.483314|[g:1][CONSENSUS][PBFT]checkTimeout Succ,view=183,toView=184,nodeIdx=3,changeCycle=0,myNode=82d7b9b6...,timecost=0.413
info|2019-11-13 16:59:52.086682|[g:1][CONSENSUS][PBFT]checkAndChangeView: Reach consensus,org_view=183,org_changeCycle=0,cur_changeCycle=0,to_view=184
info|2019-11-13 16:59:53.199823|[g:1][CONSENSUS]addRawPrepare,height=5,reqIdx=0,hash=06e9ab8a...
info|2019-11-13 16:59:53.200355|[g:1][CONSENSUS][PBFT]checkTimeout Succ,view=184,toView=185,nodeIdx=3,changeCycle=0,myNode=82d7b9b6...,timecost=0.237
info|2019-11-13 16:59:53.234942|[g:1][CONSENSUS][PBFT]checkAndChangeView: Reach consensus,org_view=184,org_changeCycle=0,cur_changeCycle=0,to_view=185
info|2019-11-13 16:59:54.357158|[g:1][CONSENSUS]addRawPrepare,height=5,reqIdx=1,hash=39ee6c65...
info|2019-11-13 16:59:54.368890|[g:1][CONSENSUS][PBFT]checkTimeout Succ,view=185,toView=186,nodeIdx=3,changeCycle=0,myNode=82d7b9b6...,timecost=9.529
info|2019-11-13 16:59:54.375076|[g:1][CONSENSUS][PBFT]checkAndChangeView: Reach consensus,org_view=185,org_changeCycle=0,cur_changeCycle=0,to_view=186
info|2019-11-13 16:59:55.472541|[g:1][CONSENSUS]addRawPrepare,height=5,reqIdx=2,hash=909dd850...
info|2019-11-13 16:59:55.485372|[g:1][CONSENSUS][PBFT]checkTimeout Succ,view=186,toView=187,nodeIdx=3,changeCycle=0,myNode=82d7b9b6...,timecost=8.482
info|2019-11-13 16:59:55.486901|[g:1][CONSENSUS][PBFT]checkAndChangeView: Reach consensus,org_view=186,org_changeCycle=0,cur_changeCycle=0,to_view=187
info|2019-11-13 16:59:56.496173|[g:1][CONSENSUS][SEALER]++++++++++++++++ Generating seal on,blkNum=5,tx=0,nodeIdx=3,hash=70d0bf22...
info|2019-11-13 16:59:56.544407|[g:1][CONSENSUS][PBFT]checkTimeout Succ,view=187,toView=188,nodeIdx=3,changeCycle=0,myNode=82d7b9b6...,timecost=0.251
info|2019-11-13 16:59:56.546059|[g:1][CONSENSUS][PBFT]checkAndChangeView: Reach consensus,org_view=187,org_changeCycle=0,cur_changeCycle=0,to_view=188
info|2019-11-13 16:59:57.607833|[g:1][CONSENSUS]addRawPrepare,height=5,reqIdx=0,hash=9d3393c2...
info|2019-11-13 16:59:57.617381|[g:1][CONSENSUS][PBFT]checkTimeout Succ,view=188,toView=189,nodeIdx=3,changeCycle=0,myNode=82d7b9b6...,timecost=0.273
info|2019-11-13 16:59:57.622266|[g:1][CONSENSUS][PBFT]checkAndChangeView: Reach consensus,org_view=188,org_changeCycle=0,cur_changeCycle=0,to_view=189
info|2019-11-13 16:59:58.694271|[g:1][CONSENSUS]addRawPrepare,height=5,reqIdx=1,hash=7407c0a6...
info|2019-11-13 16:59:58.694727|[g:1][CONSENSUS][PBFT]checkTimeout Succ,view=189,toView=190,nodeIdx=3,changeCycle=0,myNode=82d7b9b6...,timecost=0.252
info|2019-11-13 16:59:58.740116|[g:1][CONSENSUS][PBFT]checkAndChangeView: Reach consensus,org_view=189,org_changeCycle=0,cur_changeCycle=0,to_view=190
info|2019-11-13 16:59:59.800297|[g:1][CONSENSUS]addRawPrepare,height=5,reqIdx=2,hash=4a8d18b4...
info|2019-11-13 16:59:59.801127|[g:1][CONSENSUS][PBFT]checkTimeout Succ,view=190,toView=191,nodeIdx=3,changeCycle=0,myNode=82d7b9b6...,timecost=0.249
info|2019-11-13 16:59:59.818663|[g:1][CONSENSUS][PBFT]checkAndChangeView: Reach consensus,org_view=190,org_changeCycle=0,cur_changeCycle=0,to_view=191
