info|2019-12-12 12:00:00.083934|[g:1][CONSENSUS][SEALER]++++++++++++++++ Generating seal on,blkNum=69,tx=0,nodeIdx=3,hash=9cd0453f...
info|2019-12-12 12:00:00.102928|[g:1][CONSENSUS][PBFT]checkTimeout Succ,view=37939,toView=37940,nodeIdx=3,changeCycle=0,myNode=82d7b9b6...,timecost=0.469
info|2019-12-12 12:00:00.108495|[g:1][CONSENSUS][PBFT]checkAndChangeView: Reach consensus,org_view=37939,org_changeCycle=0,cur_changeCycle=0,to_view=37940
info|2019-12-12 12:00:01.112773|[g:1][CONSENSUS]addRawPrepare,height=69,reqIdx=0,hash=0af805f8...
info|2019-12-12 12:00:01.118133|[g:1][CONSENSUS][PBFT]checkTimeout Succ,view=37940,toView=37941,nodeIdx=3,changeCycle=0,myNode=82d7b9b6...,timecost=5.277
info|2019-12-12 12:00:01.147247|[g:1][CONSENSUS][PBFT]checkAndChangeView: Reach consensus,org_view=37940,org_changeCycle=0,cur_changeCycle=0,to_view=37941
info|2019-12-12 12:00:02.142871|[g:1][CONSENSUS]addRawPrepare,height=69,reqIdx=1,hash=7137ced8...
info|2019-12-12 12:00:02.154623|[g:1][CONSENSUS][PBFT]checkTimeout Succ,view=37941,toView=37942,nodeIdx=3,changeCycle=0,myNode=82d7b9b6...,timecost=7.834
info|2019-12-12 12:00:02.166870|[g:1][CONSENSUS][PBFT]checkAndChangeView: Reach consensus,org_view=37941,org_changeCycle=0,cur_changeCycle=0,to_view=37942
info|2019-12-12 12:00:03.173251|[g:1][CONSENSUS]addRawPrepare,height=69,reqIdx=2,hash=d3c00218...
info|2019-12-12 12:00:03.173809|[g:1][CONSENSUS][PBFT]checkTimeout Succ,view=37942,toView=37943,nodeIdx=3,changeCycle=0,myNode=82d7b9b6...,timecost=0.349
info|2019-12-12 12:00:03.185587|[g:1][CONSENSUS][PBFT]checkAndChangeView: Reach consensus,org_view=37942,org_changeCycle=0,cur_changeCycle=0,to_view=37943
info|2019-12-12 12:00:04.185401|[g:1][CONSENSUS][SEALER]++++++++++++++++ Generating seal on,blkNum=69,tx=0,nodeIdx=3,hash=836059d5...
info|2019-12-12 12:00:04.210873|[g:1][CONSENSUS][PBFT]checkTimeout Succ,view=37943,toView=37944,nodeIdx=3,changeCycle=0,myNode=82d7b9b6...,timecost=4.651
info|2019-12-12 12:00:04.227016|[g:1][CONSENSUS][PBFT]checkAndChangeView: Reach consensus,org_view=37943,org_changeCycle=0,cur_changeCycle=0,to_view=37944
info|2019-12-12 12:00:05.237763|[g:1][CONSENSUS]addRawPrepare,height=69,reqIdx=0,hash=062aed3b...
info|2019-12-12 12:00:05.242197|[g:1][CONSENSUS][PBFT]checkTimeout Succ,view=37944,toView=37945,nodeIdx=3,changeCycle=0,myNode=82d7b9b6...,timecost=4.374
info|2019-12-12 12:00:05.251529|[g:1][CONSENSUS][PBFT]checkAndChangeView: Reach consensus,org_view=37944,org_changeCycle=0,cur_changeCycle=0,to_view=37945
info|2019-12-12 12:00:06.259755|[g:1][CONSENSUS]addRawPrepare,height=69,reqIdx=1,hash=e5cc519a...
info|2019-12-12 12:00:06.267278|[g:1][CONSENSUS][PBFT]checkTimeout Succ,view=37945,toView=37946,nodeIdx=3,changeCycle=0,myNode=82d7b9b6...,timecost=7.35
info|2019-12-12 12:00:06.274314|[g:1][CONSENSUS][PBFT]checkAndChangeView: Reach consensus,org_view=37945,org_changeCycle=0,cur_changeCycle=0,to_view=37946
info|2019-12-12 12:00:07.278140|[g:1][CONSENSUS]addRawPrepare,height=69,reqIdx=2,hash=79a707c5...
info|2019-12-12 12:00:07.278779|[g:1][CONSENSUS][PBFT]checkTimeout Succ,view=37946,toView=37947,nodeIdx=3,changeCycle=0,myNode=82d7b9b6...,timecost=0.473
info|2019-12-12 12:00:07.291672|[g:1][CONSENSUS][PBFT]checkAndChangeView: Reach consensus,org_view=37946,org_changeCycle=0,cur_changeCycle=0,to_view=37947
info|2019-12-12 12:00:07.505386|[P2P][Service] heartBeat,connected count=4
info|2019-12-12 12:00:08.300316|[g:1][CONSENSUS][SEALER]++++++++++++++++ Generating seal on,blkNum=69,tx=0,nodeIdx=3,hash=0a781180...
info|2019-12-12 12:00:08.317721|[g:1][CONSENSUS][PBFT]checkTimeout Succ,view=37947,toView=37948,nodeIdx=3,changeCycle=0,myNode=82d7b9b6...,timecost=0.852
info|2019-12-12 12:00:08.324257|[g:1][CONSENSUS][PBFT]checkAndChangeView: Reach consensus,org_view=37947,org_changeCycle=0,cur_changeCycle=0,to_view=37948
info|2019-12-12 12:00:09.325427|[g:1][CONSENSUS]addRawPrepare,height=69,reqIdx=0,hash=b4f12558...
info|2019-12-12 12:00:09.325881|[g:1][CONSENSUS][PBFT]checkTimeout Succ,view=37948,toView=37949,nodeIdx=3,changeCycle=0,myNode=82d7b9b6...,timecost=0.402
info|2019-12-12 12:00:09.331419|[g:1][CONSENSUS][PBFT]checkAndChangeView: Reach consensus,org_view=37948,org_changeCycle=0,cur_changeCycle=0,to_view=37949
info|2019-12-12 12:00:10.335184|[g:1][CONSENSUS]addRawPrepare,height=69,reqIdx=1,hash=c2db6e74...
info|2019-12-12 12:00:10.335546|[g:1][CONSENSUS][PBFT]checkTimeout Succ,view=37949,toView=37950,nodeIdx=3,changeCycle=0,myNode=82d7b9b6...,timecost=0.255
info|2019-12-12 12:00:10.342433|[g:1][CONSENSUS][PBFT]checkAndChangeView: Reach consensus,org_view=37949,org_changeCycle=0,cur_changeCycle=0,to_view=37950
info|2019-12-12 12:00:11.349264|[g:1][CONSENSUS]addRawPrepare,height=69,reqIdx=2,hash=9e9a1a5f...
info|2019-12-12 12:00:11.377674|[g:1][CONSENSUS][PBFT]checkTimeout Succ,view=37950,toView=37951,nodeIdx=3,changeCycle=0,myNode=82d7b9b6...,timecost=17.003
info|2019-12-12 12:00:11.389055|[g:1][CONSENSUS][PBFT]checkAndChangeView: Reach consensus,org_view=37950,org_changeCycle=0,cur_changeCycle=0,to_view=37951
info|2019-12-12 12:00:12.390534|[g:1][CONSENSUS][SEALER]++++++++++++++++ Generating seal on,blkNum=69,tx=0,nodeIdx=3,hash=2f780291...
info|2019-12-12 12:00:12.419817|[g:1][CONSENSUS][PBFT]checkTimeout Succ,view=37951,toView=37952,nodeIdx=3,changeCycle=0,myNode=82d7b9b6...,timecost=3.192
info|2019-12-12 12:00:12.433947|[g:1][CONSENSUS][PBFT]checkAndChangeView: Reach consensus,org_view=37951,org_changeCycle=0,cur_changeCycle=0,to_view=37952
info|2019-12-12 12:00:13.440150|[g:1][CONSENSUS]addRawPrepare,height=69,reqIdx=0,hash=7e221f86...
info|2019-12-12 12:00:13.441397|[g:1][CONSENSUS][PBFT]checkTimeout Succ,view=37952,toView=37953,nodeIdx=3,changeCycle=0,myNode=82d7b9b6...,timecost=1.19
info|2019-12-12 12:00:13.451738|[g:1][CONSENSUS][PBFT]checkAndChangeView: Reach consensus,org_view=37952,org_changeCycle=0,cur_changeCycle=0,to_view=37953
info|2019-12-12 12:00:14.501499|[g:1][CONSENSUS]addRawPrepare,height=69,reqIdx=1,hash=3fae50c8...
info|2019-12-12 12:00:14.534372|[g:1][CONSENSUS][PBFT]checkTimeout Succ,view=37953,toView=37954,nodeIdx=3,changeCycle=0,myNode=82d7b9b6...,timecost=20.352
info|2019-12-12 12:00:14.568315|[g:1][CONSENSUS][PBFT]checkAndChangeView: Reach consensus,org_view=37953,org_changeCycle=0,cur_changeCycle=0,to_view=37954
info|2019-12-12 12:00:15.567990|[g:1][CONSENSUS]addRawPrepare,height=69,reqIdx=2,hash=bd238c1b...
info|2019-12-12 12:00:15.587229|[g:1][CONSENSUS][PBFT]checkTimeout Succ,view=37954,toView=37955,nodeIdx=3,changeCycle=0,myNode=82d7b9b6...,timecost=8.793
info|2019-12-12 12:00:15.605923|[g:1][CONSENSUS][PBFT]checkAndChangeView: Reach consensus,org_view=37954,org_changeCycle=0,cur_changeCycle=0,to_view=37955
info|2019-12-12 12:00:16.611795|[g:1][CONSENSUS][SEALER]++++++++++++++++ Generating seal on,blkNum=69,tx=0,nodeIdx=3,hash=b2752c74...
info|2019-12-12 12:00:16.627159|[g:1][CONSENSUS][PBFT]checkTimeout Succ,view=37955,toView=37956,nodeIdx=3,changeCycle=0,myNode=82d7b9b6...,timecost=0.737
info|2019-12-12 12:00:16.632250|[g:1][CONSENSUS][PBFT]checkAndChangeView: Reach consensus,org_view=37955,org_changeCycle=0,cur_changeCycle=0,to_view=37956
info|2019-12-12 12:00:17.505759|[P2P][Service] heartBeat,connected count=4
info|2019-12-12 12:00:17.631054|[g:1][CONSENSUS]addRawPrepare,height=69,reqIdx=0,hash=128b7863...
info|2019-12-12 12:00:17.634994|[g:1][CONSENSUS][PBFT]checkTimeout Succ,view=37956,toView=37957,nodeIdx=3,changeCycle=0,myNode=82d7b9b6...,timecost=3.877
info|2019-12-12 12:00:17.638250|[g:1][CONSENSUS][PBFT]checkAndChangeView: Reach consensus,org_view=37956,org_changeCycle=0,cur_changeCycle=0,to_view=37957
info|2019-12-12 12:00:18.655076|[g:1][CONSENSUS]addRawPrepare,height=69,reqIdx=1,hash=3db3ff92...
info|2019-12-12 12:00:18.667535|[g:1][CONSENSUS][PBFT]checkTimeout Succ,view=37957,toView=37958,nodeIdx=3,changeCycle=0,myNode=82d7b9b6...,timecost=6.545
info|2019-12-12 12:00:18.689534|[g:1][CONSENSUS][PBFT]checkAndChangeView: Reach consensus,org_view=37957,org_changeCycle=0,cur_changeCycle=0,to_view=37958
info|2019-12-12 12:00:19.691380|[g:1][CONSENSUS]addRawPrepare,height=69,reqIdx=2,hash=7b0db511...
info|2019-12-12 12:00:19.696302|[g:1][CONSENSUS][PBFT]checkTimeout Succ,view=37958,toView=37959,nodeIdx=3,changeCycle=0,myNode=82d7b9b6...,timecost=4.738
info|2019-12-12 12:00:19.701302|[g:1][CONSENSUS][PBFT]checkAndChangeView: Reach consensus,org_view=37958,org_changeCycle=0,cur_changeCycle=0,to_view=37959
info|2019-12-12 12:00:20.703373|[g:1][CONSENSUS][SEALER]++++++++++++++++ Generating seal on,blkNum=69,tx=0,nodeIdx=3,hash=14a9b535...
info|2019-12-12 12:00:20.717172|[g:1][CONSENSUS][PBFT]checkTimeout Succ,view=37959,toView=37960,nodeIdx=3,changeCycle=0,myNode=82d7b9b6...,timecost=0.294
info|2019-12-12 12:00:20.719007|[g:1][CONSENSUS][PBFT]checkAndChangeView: Reach consensus,org_view=37959,org_changeCycle=0,cur_changeCycle=0,to_view=37960
info|2019-12-12 12:00:21.720103|[g:1][CONSENSUS]addRawPrepare,height=69,reqIdx=0,hash=51aa07d4...
info|2019-12-12 12:00:21.720396|[g:1][CONSENSUS][PBFT]checkTimeout Succ,view=37960,toView=37961,nodeIdx=3,changeCycle=0,myNode=82d7b9b6...,timecost=0.258
info|2019-12-12 12:00:21.725969|[g:1][CONSENSUS][PBFT]checkAndChangeView: Reach consensus,org_view=37960,org_changeCycle=0,cur_changeCycle=0,to_view=37961
info|2019-12-12 12:00:22.730440|[g:1][CONSENSUS]addRawPrepare,height=69,reqIdx=1,hash=bdca29e3...
info|2019-12-12 12:00:22.739525|[g:1][CONSENSUS][PBFT]checkTimeout Succ,view=37961,toView=37962,nodeIdx=3,changeCycle=0,myNode=82d7b9b6...,timecost=2.629
info|2019-12-12 12:00:22.747936|[g:1][CONSENSUS][PBFT]checkAndChangeView: Reach consensus,org_view=37961,org_changeCycle=0,cur_changeCycle=0,to_view=37962
info|2019-12-12 12:00:23.759870|[g:1][CONSENSUS]addRawPrepare,height=69,reqIdx=2,hash=a6d20ba7...
info|2019-12-12 12:00:23.760233|[g:1][CONSENSUS][PBFT]checkTimeout Succ,view=37962,toView=37963,nodeIdx=3,changeCycle=0,myNode=82d7b9b6...,timecost=0.258
info|2019-12-12 12:00:23.766657|[g:1][CONSENSUS][PBFT]checkAndChangeView: Reach consensus,org_view=37962,org_changeCycle=0,cur_changeCycle=0,to_view=37963
info|2019-12-12 12:00:24.768090|[g:1][CONSENSUS][SEALER]++++++++++++++++ Generating seal on,blkNum=69,tx=0,nodeIdx=3,hash=f1ce432c...
info|2019-12-12 12:00:24.796739|[g:1][CONSENSUS][PBFT]checkTimeout Succ,view=37963,toView=37964,nodeIdx=3,changeCycle=0,myNode=82d7b9b6...,timecost=1.69
info|2019-12-12 12:00:24.809761|[g:1][CONSENSUS][PBFT]checkAndChangeView: Reach consensus,org_view=37963,org_changeCycle=0,cur_changeCycle=0,to_view=37964
info|2019-12-12 12:00:25.829655|[g:1][CONSENSUS]addRawPrepare,height=69,reqIdx=0,hash=884ef953...
info|2019-12-12 12:00:25.830114|[g:1][CONSENSUS][PBFT]checkTimeout Succ,view=37964,toView=37965,nodeIdx=3,changeCycle=0,myNode=82d7b9b6...,timecost=0.403
info|2019-12-12 12:00:25.837679|[g:1][CONSENSUS][PBFT]checkAndChangeView: Reach consensus,org_view=37964,org_changeCycle=0,cur_changeCycle=0,to_view=37965
info|2019-12-12 12:00:26.843276|[g:1][CONSENSUS]addRawPrepare,height=69,reqIdx=1,hash=b6ad4c83...
info|2019-12-12 12:00:26.859737|[g:1][CONSENSUS][PBFT]checkTimeout Succ,view=37965,toView=37966,nodeIdx=3,changeCycle=0,myNode=82d7b9b6...,timecost=7.98
info|2019-12-12 12:00:26.876597|[g:1][CONSENSUS][PBFT]checkAndChangeView: Reach consensus,org_view=37965,org_changeCycle=0,cur_changeCycle=0,to_view=37966
info|2019-12-12 12:00:27.506261|[P2P][Service] heartBeat,connected count=4
info|2019-12-12 12:00:27.880358|[g:1][CONSENSUS]addRawPrepare,height=69,reqIdx=2,hash=e9aecdb0...
info|2019-12-12 12:00:27.893229|[g:1][CONSENSUS][PBFT]checkTimeout Succ,view=37966,toView=37967,nodeIdx=3,changeCycle=0,myNode=82d7b9b6...,timecost=7.831
info|2019-12-12 12:00:27.910098|[g:1][CONSENSUS][PBFT]checkAndChangeView: Reach consensus,org_view=37966,org_changeCycle=0,cur_changeCycle=0,to_view=37967
info|2019-12-12 12:00:28.915861|[g:1][CONSENSUS][SEALER]++++++++++++++++ Generating seal on,blkNum=69,tx=0,nodeIdx=3,hash=a4493e97...
info|2019-12-12 12:00:28.945483|[g:1][CONSENSUS][PBFT]checkTimeout Succ,view=37967,toView=37968,nodeIdx=3,changeCycle=0,myNode=82d7b9b6...,timecost=1.613
info|2019-12-12 12:00:28.968086|[g:1][CONSENSUS][PBFT]checkAndChangeView: Reach consensus,org_view=37967,org_changeCycle=0,cur_changeCycle=0,to_view=37968
info|2019-12-12 12:00:29.979518|[g:1][CONSENSUS]addRawPrepare,height=69,reqIdx=0,hash=31de3edc...
info|2019-12-12 12:00:29.985763|[g:1][CONSENSUS][PBFT]checkTimeout Succ,view=37968,toView=37969,nodeIdx=3,changeCycle=0,myNode=82d7b9b6...,timecost=5.444
info|2019-12-12 12:00:30.006673|[g:1][CONSENSUS][PBFT]checkAndChangeView: Reach consensus,org_view=37968,org_changeCycle=0,cur_changeCycle=0,to_view=37969
info|2019-12-12 12:00:31.003928|[g:1][CONSENSUS]addRawPrepare,height=69,reqIdx=1,hash=88e620aa...
info|2019-12-12 12:00:31.008330|[g:1][CONSENSUS][PBFT]checkTimeout Succ,view=37969,toView=37970,nodeIdx=3,changeCycle=0,myNode=82d7b9b6...,timecost=4.266
info|2019-12-12 12:00:31.010901|[g:1][CONSENSUS][PBFT]checkAndChangeView: Reach consensus,org_view=37969,org_changeCycle=0,cur_changeCycle=0,to_view=37970
info|2019-12-12 12:00:32.011987|[g:1][CONSENSUS]addRawPrepare,height=69,reqIdx=2,hash=70521303...
info|2019-12-12 12:00:32.012669|[g:1][CONSENSUS][PBFT]checkTimeout Succ,view=37970,toView=37971,nodeIdx=3,changeCycle=0,myNode=82d7b9b6...,timecost=0.517
info|2019-12-12 12:00:32.025323|[g:1][CONSENSUS][PBFT]checkAndChangeView: Reach consensus,org_view=37970,org_changeCycle=0,cur_changeCycle=0,to_view=37971
info|2019-12-12 12:00:33.036635|[g:1][CONSENSUS][SEALER]++++++++++++++++ Generating seal on,blkNum=69,tx=0,nodeIdx=3,hash=cbbc996b...
info|2019-12-12 12:00:33.065338|[g:1][CONSENSUS][PBFT]checkTimeout Succ,view=37971,toView=37972,nodeIdx=3,changeCycle=0,myNode=82d7b9b6...,timecost=0.712
info|2019-12-12 12:00:33.071798|[g:1][CONSENSUS][PBFT]checkAndChangeView: Reach consensus,org_view=37971,org_changeCycle=0,cur_changeCycle=0,to_view=37972
info|2019-12-12 12:00:34.091105|[g:1][CONSENSUS]addRawPrepare,height=69,reqIdx=0,hash=2e036593...
info|2019-12-12 12:00:34.101518|[g:1][CONSENSUS][PBFT]checkTimeout Succ,view=37972,toView=37973,nodeIdx=3,changeCycle=0,myNode=82d7b9b6...,timecost=10.167
info|2019-12-12 12:00:34.117360|[g:1][CONSENSUS][PBFT]checkAndChangeView: Reach consensus,org_view=37972,org_changeCycle=0,cur_changeCycle=0,to_view=37973
info|2019-12-12 12:00:35.123358|[g:1][CONSENSUS]addRawPrepare,height=69,reqIdx=1,hash=51efa7ca...
info|2019-12-12 12:00:35.131200|[g:1][CONSENSUS][PBFT]checkTimeout Succ,view=37973,toView=37974,nodeIdx=3,changeCycle=0,myNode=82d7b9b6...,timecost=7.681
info|2019-12-12 12:00:35.154512|[g:1][CONSENSUS][PBFT]checkAndChangeView: Reach consensus,org_view=37973,org_changeCycle=0,cur_changeCycle=0,to_view=37974
info|2019-12-12 12:00:36.158424|[g:1][CONSENSUS]addRawPrepare,height=69,reqIdx=2,hash=ef49f057...
info|2019-12-12 12:00:36.158981|[g:1][CONSENSUS][PBFT]checkTimeout Succ,view=37974,toView=37975,nodeIdx=3,changeCycle=0,myNode=82d7b9b6...,timecost=0.42
info|2019-12-12 12:00:36.166959|[g:1][CONSENSUS][PBFT]checkAndChangeView: Reach consensus,org_view=37974,org_changeCycle=0,cur_changeCycle=0,to_view=37975
info|2019-12-12 12:00:37.170603|[g:1][CONSENSUS][SEALER]++++++++++++++++ Generating seal on,blkNum=69,tx=0,nodeIdx=3,hash=ce4f8fc5...
info|2019-12-12 12:00:37.191881|[g:1][CONSENSUS][PBFT]checkTimeout Succ,view=37975,toView=37976,nodeIdx=3,changeCycle=0,myNode=82d7b9b6...,timecost=0.901
info|2019-12-12 12:00:37.206235|[g:1][CONSENSUS][PBFT]checkAndChangeView: Reach consensus,org_view=37975,org_changeCycle=0,cur_changeCycle=0,to_view=37976
info|2019-12-12 12:00:37.507139|[P2P][Service] heartBeat,connected count=4
info|2019-12-12 12:00:38.222368|[g:1][CONSENSUS]addRawPrepare,height=69,reqIdx=0,hash=80dd0ca8...
info|2019-12-12 12:00:38.230763|[g:1][CONSENSUS][PBFT]checkTimeout Succ,view=37976,toView=37977,nodeIdx=3,changeCycle=0,myNode=82d7b9b6...,timecost=4.811
info|2019-12-12 12:00:38.249056|[g:1][CONSENSUS][PBFT]checkAndChangeView: Reach consensus,org_view=37976,org_changeCycle=0,cur_changeCycle=0,to_view=37977
info|2019-12-12 12:00:39.255698|[g:1][CONSENSUS]addRawPrepare,height=69,reqIdx=1,hash=b19795ba...
info|2019-12-12 12:00:39.256333|[g:1][CONSENSUS][PBFT]checkTimeout Succ,view=37977,toView=37978,nodeIdx=3,changeCycle=0,myNode=82d7b9b6...,timecost=0.388
info|2019-12-12 12:00:39.280480|[g:1][CONSENSUS][PBFT]checkAndChangeView: Reach consensus,org_view=37977,org_changeCycle=0,cur_changeCycle=0,to_view=37978
info|2019-12-12 12:00:40.277686|[g:1][CONSENSUS]addRawPrepare,height=69,reqIdx=2,hash=60f6b559...
info|2019-12-12 12:00:40.278220|[g:1][CONSENSUS][PBFT]checkTimeout Succ,view=37978,toView=37979,nodeIdx=3,changeCycle=0,myNode=82d7b9b6...,timecost=0.313
info|2019-12-12 12:00:40.284670|[g:1][CONSENSUS][PBFT]checkAndChangeView: Reach consensus,org_view=37978,org_changeCycle=0,cur_changeCycle=0,to_view=37979
info|2019-12-12 12:00:41.285878|[g:1][CONSENSUS][SEALER]++++++++++++++++ Generating seal on,blkNum=69,tx=0,nodeIdx=3,hash=0e859bb6...
info|2019-12-12 12:00:41.318619|[g:1][CONSENSUS][PBFT]checkTimeout Succ,view=37979,toView=37980,nodeIdx=3,changeCycle=0,myNode=82d7b9b6...,timecost=4.808
info|2019-12-12 12:00:41.355458|[g:1][CONSENSUS][PBFT]checkAndChangeView: Reach consensus,org_view=37979,org_changeCycle=0,cur_changeCycle=0,to_view=37980
info|2019-12-12 12:00:42.377454|[g:1][CONSENSUS]addRawPrepare,height=69,reqIdx=0,hash=d788c9a3...
info|2019-12-12 12:00:42.390421|[g:1][CONSENSUS][PBFT]checkTimeout Succ,view=37980,toView=37981,nodeIdx=3,changeCycle=0,myNode=82d7b9b6...,timecost=12.652
info|2019-12-12 12:00:42.407555|[g:1][CONSENSUS][PBFT]checkAndChangeView: Reach consensus,org_view=37980,org_changeCycle=0,cur_changeCycle=0,to_view=37981
info|2019-12-12 12:00:43.414024|[g:1][CONSENSUS]addRawPrepare,height=69,reqIdx=1,hash=8516dde2...
info|2019-12-12 12:00:43.425228|[g:1][CONSENSUS][PBFT]checkTimeout Succ,view=37981,toView=37982,nodeIdx=3,changeCycle=0,myNode=82d7b9b6...,timecost=3.777
info|2019-12-12 12:00:43.448079|[g:1][CONSENSUS][PBFT]checkAndChangeView: Reach consensus,org_view=37981,org_changeCycle=0,cur_changeCycle=0,to_view=37982
info|2019-12-12 12:00:44.451425|[g:1][CONSENSUS]addRawPrepare,height=69,reqIdx=2,hash=2c041f96...
info|2019-12-12 12:00:44.463513|[g:1][CONSENSUS][PBFT]checkTimeout Succ,view=37982,toView=37983,nodeIdx=3,changeCycle=0,myNode=82d7b9b6...,timecost=4.422
info|2019-12-12 12:00:44.472141|[g:1][CONSENSUS][PBFT]checkAndChangeView: Reach consensus,org_view=37982,org_changeCycle=0,cur_changeCycle=0,to_view=37983
info|2019-12-12 12:00:45.477535|[g:1][CONSENSUS][SEALER]++++++++++++++++ Generating seal on,blkNum=69,tx=0,nodeIdx=3,hash=1be992cb...
info|2019-12-12 12:00:45.504577|[g:1][CONSENSUS][PBFT]checkTimeout Succ,view=37983,toView=37984,nodeIdx=3,changeCycle=0,myNode=82d7b9b6...,timecost=1.607
info|2019-12-12 12:00:45.526291|[g:1][CONSENSUS][PBFT]checkAndChangeView: Reach consensus,org_view=37983,org_changeCycle=0,cur_changeCycle=0,to_view=37984
info|2019-12-12 12:00:46.532290|[g:1][CONSENSUS]addRawPrepare,height=69,reqIdx=0,hash=6ae224bd...
info|2019-12-12 12:00:46.558473|[g:1][CONSENSUS][PBFT]checkTimeout Succ,view=37984,toView=37985,nodeIdx=3,changeCycle=0,myNode=82d7b9b6...,timecost=17.694
info|2019-12-12 12:00:46.567193|[g:1][CONSENSUS][PBFT]checkAndChangeView: Reach consensus,org_view=37984,org_changeCycle=0,cur_changeCycle=0,to_view=37985
info|2019-12-12 12:00:47.507400|[P2P][Service] heartBeat,connected count=4
info|2019-12-12 12:00:47.573544|[g:1][CONSENSUS]addRawPrepare,height=69,reqIdx=1,hash=a2759b12...
info|2019-12-12 12:00:47.574344|[g:1][CONSENSUS][PBFT]checkTimeout Succ,view=37985,toView=37986,nodeIdx=3,changeCycle=0,myNode=82d7b9b6...,timecost=0.525
info|2019-12-12 12:00:47.604962|[g:1][CONSENSUS][PBFT]checkAndChangeView: Reach consensus,org_view=37985,org_changeCycle=0,cur_changeCycle=0,to_view=37986
info|2019-12-12 12:00:48.603541|[g:1][CONSENSUS]addRawPrepare,height=69,reqIdx=2,hash=ccc378fa...
info|2019-12-12 12:00:48.611160|[g:1][CONSENSUS][PBFT]checkTimeout Succ,view=37986,toView=37987,nodeIdx=3,changeCycle=0,myNode=82d7b9b6...,timecost=7.468
info|2019-12-12 12:00:48.626898|[g:1][CONSENSUS][PBFT]checkAndChangeView: Reach consensus,org_view=37986,org_changeCycle=0,cur_changeCycle=0,to_view=37987
info|2019-12-12 12:00:49.627314|[g:1][CONSENSUS][SEALER]++++++++++++++++ Generating seal on,blkNum=69,tx=0,nodeIdx=3,hash=58fec18b...
info|2019-12-12 12:00:49.639308|[g:1][CONSENSUS][PBFT]checkTimeout Succ,view=37987,toView=37988,nodeIdx=3,changeCycle=0,myNode=82d7b9b6...,timecost=0.271
info|2019-12-12 12:00:49.640840|[g:1][CONSENSUS][PBFT]checkAndChangeView: Reach consensus,org_view=37987,org_changeCycle=0,cur_changeCycle=0,to_view=37988
info|2019-12-12 12:00:50.641075|[g:1][CONSENSUS]addRawPrepare,height=69,reqIdx=0,hash=a8e2a350...
info|2019-12-12 12:00:50.644387|[g:1][CONSENSUS][PBFT]checkTimeout Succ,view=37988,toView=37989,nodeIdx=3,changeCycle=0,myNode=82d7b9b6...,timecost=3.268
info|2019-12-12 12:00:50.662881|[g:1][CONSENSUS][PBFT]checkAndChangeView: Reach consensus,org_view=37988,org_changeCycle=0,cur_changeCycle=0,to_view=37989
info|2019-12-12 12:00:51.665788|[g:1][CONSENSUS]addRawPrepare,height=69,reqIdx=1,hash=8038f4e0...
info|2019-12-12 12:00:51.671654|[g:1][CONSENSUS][PBFT]checkTimeout Succ,view=37989,toView=37990,nodeIdx=3,changeCycle=0,myNode=82d7b9b6...,timecost=0.908
info|2019-12-12 12:00:51.672804|[g:1][CONSENSUS][PBFT]checkAndChangeView: Reach consensus,org_view=37989,org_changeCycle=0,cur_changeCycle=0,to_view=37990
info|2019-12-12 12:00:52.717349|[g:1][CONSENSUS]addRawPrepare,height=69,reqIdx=2,hash=00459e94...
info|2019-12-12 12:00:52.729125|[g:1][CONSENSUS][PBFT]checkTimeout Succ,view=37990,toView=37991,nodeIdx=3,changeCycle=0,myNode=82d7b9b6...,timecost=4.361
info|2019-12-12 12:00:52.749583|[g:1][CONSENSUS][PBFT]checkAndChangeView: Reach consensus,org_view=37990,org_changeCycle=0,cur_changeCycle=0,to_view=37991
info|2019-12-12 12:00:53.753279|[g:1][CONSENSUS][SEALER]++++++++++++++++ Generating seal on,blkNum=69,tx=0,nodeIdx=3,hash=f82d77ed...
info|2019-12-12 12:00:53.786048|[g:1][CONSENSUS][PBFT]checkTimeout Succ,view=37991,toView=37992,nodeIdx=3,changeCycle=0,myNode=82d7b9b6...,timecost=1.452
info|2019-12-12 12:00:53.794802|[g:1][CONSENSUS][PBFT]checkAndChangeView: Reach consensus,org_view=37991,org_changeCycle=0,cur_changeCycle=0,to_view=37992
info|2019-12-12 12:00:54.804791|[g:1][CONSENSUS]addRawPrepare,height=69,reqIdx=0,hash=b730b351...
info|2019-12-12 12:00:54.809674|[g:1][CONSENSUS][PBFT]checkTimeout Succ,view=37992,toView=37993,nodeIdx=3,changeCycle=0,myNode=82d7b9b6...,timecost=3.324
info|2019-12-12 12:00:54.816516|[g:1][CONSENSUS][PBFT]checkAndChangeView: Reach consensus,org_view=37992,org_changeCycle=0,cur_changeCycle=0,to_view=37993
info|2019-12-12 12:00:55.822217|[g:1][CONSENSUS]addRawPrepare,height=69,reqIdx=1,hash=8851aa93...
info|2019-12-12 12:00:55.836612|[g:1][CONSENSUS][PBFT]checkTimeout Succ,view=37993,toView=37994,nodeIdx=3,changeCycle=0,myNode=82d7b9b6...,timecost=14.207
info|2019-12-12 12:00:55.851298|[g:1][CONSENSUS][PBFT]checkAndChangeView: Reach consensus,org_view=37993,org_changeCycle=0,cur_changeCycle=0,to_view=37994
info|2019-12-12 12:00:56.858337|[g:1][CONSENSUS]addRawPrepare,height=69,reqIdx=2,hash=22c902dc...
info|2019-12-12 12:00:56.878555|[g:1][CONSENSUS][PBFT]checkTimeout Succ,view=37994,toView=37995,nodeIdx=3,changeCycle=0,myNode=82d7b9b6...,timecost=9.49
info|2019-12-12 12:00:56.911416|[g:1][CONSENSUS][PBFT]checkAndChangeView: Reach consensus,org_view=37994,org_changeCycle=0,cur_changeCycle=0,to_view=37995
info|2019-12-12 12:00:57.507771|[P2P][Service] heartBeat,connected count=4
info|2019-12-12 12:00:57.912236|[g:1][CONSENSUS][SEALER]++++++++++++++++ Generating seal on,blkNum=69,tx=0,nodeIdx=3,hash=2bb19c78...
info|2019-12-12 12:00:57.942775|[g:1][CONSENSUS][PBFT]checkTimeout Succ,view=37995,toView=37996,nodeIdx=3,changeCycle=0,myNode=82d7b9b6...,timecost=0.867
info|2019-12-12 12:00:57.956167|[g:1][CONSENSUS][PBFT]checkAndChangeView: Reach consensus,org_view=37995,org_changeCycle=0,cur_changeCycle=0,to_view=37996
info|2019-12-12 12:00:58.969847|[g:1][CONSENSUS]addRawPrepare,height=69,reqIdx=0,hash=7d180834...
info|2019-12-12 12:00:58.978259|[g:1][CONSENSUS][PBFT]checkTimeout Succ,view=37996,toView=37997,nodeIdx=3,changeCycle=0,myNode=82d7b9b6...,timecost=8.336
info|2019-12-12 12:00:58.994314|[g:1][CONSENSUS][PBFT]checkAndChangeView: Reach consensus,org_view=37996,org_changeCycle=0,cur_changeCycle=0,to_view=37997
info|2019-12-12 12:01:00.007318|[g:1][CONSENSUS]addRawPrepare,height=69,reqIdx=1,hash=017c31bb...
info|2019-12-12 12:01:00.008135|[g:1][CONSENSUS][PBFT]checkTimeout Succ,view=37997,toView=37998,nodeIdx=3,changeCycle=0,myNode=82d7b9b6...,timecost=0.633
info|2019-12-12 12:01:00.044293|[g:1][CONSENSUS][PBFT]checkAndChangeView: Reach consensus,org_view=37997,org_changeCycle=0,cur_changeCycle=0,to_view=37998
info|2019-12-12 12:01:01.050716|[g:1][CONSENSUS]addRawPrepare,height=69,reqIdx=2,hash=83a5b9cd...
info|2019-12-12 12:01:01.059791|[g:1][CONSENSUS][PBFT]checkTimeout Succ,view=37998,toView=37999,nodeIdx=3,changeCycle=0,myNode=82d7b9b6...,timecost=3.769
info|2019-12-12 12:01:01.070014|[g:1][CONSENSUS][PBFT]checkAndChangeView: Reach consensus,org_view=37998,org_changeCycle=0,cur_changeCycle=0,to_view=37999
info|2019-12-12 12:01:02.070199|[g:1][CONSENSUS][SEALER]++++++++++++++++ Generating seal on,blkNum=69,tx=0,nodeIdx=3,hash=a82c75b9...
info|2019-12-12 12:01:02.087395|[g:1][CONSENSUS][PBFT]checkTimeout Succ,view=37999,toView=38000,nodeIdx=3,changeCycle=0,myNode=82d7b9b6...,timecost=0.434
info|2019-12-12 12:01:02.089780|[g:1][CONSENSUS][PBFT]checkAndChangeView: Reach consensus,org_view=37999,org_changeCycle=0,cur_changeCycle=0,to_view=38000
info|2019-12-12 12:01:03.090603|[g:1][CONSENSUS]addRawPrepare,height=69,reqIdx=0,hash=84af4cba...
info|2019-12-12 12:01:03.100345|[g:1][CONSENSUS][PBFT]checkTimeout Succ,view=38000,toView=38001,nodeIdx=3,changeCycle=0,myNode=82d7b9b6...,timecost=9.437
info|2019-12-12 12:01:03.113948|[g:1][CONSENSUS][PBFT]checkAndChangeView: Reach consensus,org_view=38000,org_changeCycle=0,cur_changeCycle=0,to_view=38001
info|2019-12-12 12:01:04.122722|[g:1][CONSENSUS]addRawPrepare,height=69,reqIdx=1,hash=b1f73621...
info|2019-12-12 12:01:04.138995|[g:1][CONSENSUS][PBFT]checkTimeout Succ,view=38001,toView=38002,nodeIdx=3,changeCycle=0,myNode=82d7b9b6...,timecost=14.262
info|2019-12-12 12:01:04.161630|[g:1][CONSENSUS][PBFT]checkAndChangeView: Reach consensus,org_view=38001,org_changeCycle=0,cur_changeCycle=0,to_view=38002
info|2019-12-12 12:01:05.166643|[g:1][CONSENSUS]addRawPrepare,height=69,reqIdx=2,hash=170037b2...
info|2019-12-12 12:01:05.184791|[g:1][CONSENSUS][PBFT]checkTimeout Succ,view=38002,toView=38003,nodeIdx=3,changeCycle=0,myNode=82d7b9b6...,timecost=9.815
info|2019-12-12 12:01:05.201904|[g:1][CONSENSUS][PBFT]checkAndChangeView: Reach consensus,org_view=38002,org_changeCycle=0,cur_changeCycle=0,to_view=38003
info|2019-12-12 12:01:06.206107|[g:1][CONSENSUS][SEALER]++++++++++++++++ Generating seal on,blkNum=69,tx=0,nodeIdx=3,hash=528db26e...
info|2019-12-12 12:01:06.229572|[g:1][CONSENSUS][PBFT]checkTimeout Succ,view=38003,toView=38004,nodeIdx=3,changeCycle=0,myNode=82d7b9b6...,timecost=1.033
info|2019-12-12 12:01:06.246179|[g:1][CONSENSUS][PBFT]checkAndChangeView: Reach consensus,org_view=38003,org_changeCycle=0,cur_changeCycle=0,to_view=38004
info|2019-12-12 12:01:07.278564|[g:1][CONSENSUS]addRawPrepare,height=69,reqIdx=0,hash=e5d1bc96...
info|2019-12-12 12:01:07.283540|[g:1][CONSENSUS][PBFT]checkTimeout Succ,view=38004,toView=38005,nodeIdx=3,changeCycle=0,myNode=82d7b9b6...,timecost=4.785
info|2019-12-12 12:01:07.318844|[g:1][CONSENSUS][PBFT]checkAndChangeView: Reach consensus,org_view=38004,org_changeCycle=0,cur_changeCycle=0,to_view=38005
info|2019-12-12 12:01:07.508322|[P2P][Service] heartBeat,connected count=4
info|2019-12-12 12:01:08.325943|[g:1][CONSENSUS]addRawPrepare,height=69,reqIdx=1,hash=8ab649f6...
info|2019-12-12 12:01:08.357036|[g:1][CONSENSUS][PBFT]checkTimeout Succ,view=38005,toView=38006,nodeIdx=3,changeCycle=0,myNode=82d7b9b6...,timecost=20.037
info|2019-12-12 12:01:08.374966|[g:1][CONSENSUS][PBFT]checkAndChangeView: Reach consensus,org_view=38005,org_changeCycle=0,cur_changeCycle=0,to_view=38006
info|2019-12-12 12:01:09.376713|[g:1][CONSENSUS]addRawPrepare,height=69,reqIdx=2,hash=e1443e16...
info|2019-12-12 12:01:09.377152|[g:1][CONSENSUS][PBFT]checkTimeout Succ,view=38006,toView=38007,nodeIdx=3,changeCycle=0,myNode=82d7b9b6...,timecost=0.306
info|2019-12-12 12:01:09.384624|[g:1][CONSENSUS][PBFT]checkAndChangeView: Reach consensus,org_view=38006,org_changeCycle=0,cur_changeCycle=0,to_view=38007
info|2019-12-12 12:01:10.387680|[g:1][CONSENSUS][SEALER]++++++++++++++++ Generating seal on,blkNum=69,tx=0,nodeIdx=3,hash=00a25bd3...
info|2019-12-12 12:01:10.399817|[g:1][CONSENSUS][PBFT]checkTimeout Succ,view=38007,toView=38008,nodeIdx=3,changeCycle=0,myNode=82d7b9b6...,timecost=0.28
info|2019-12-12 12:01:10.401462|[g:1][CONSENSUS][PBFT]checkAndChangeView: Reach consensus,org_view=38007,org_changeCycle=0,cur_changeCycle=0,to_view=38008
info|2019-12-12 12:01:11.407472|[g:1][CONSENSUS]addRawPrepare,height=69,reqIdx=0,hash=c922655f...
info|2019-12-12 12:01:11.419244|[g:1][CONSENSUS][PBFT]checkTimeout Succ,view=38008,toView=38009,nodeIdx=3,changeCycle=0,myNode=82d7b9b6...,timecost=11.374
info|2019-12-12 12:01:11.440436|[g:1][CONSENSUS][PBFT]checkAndChangeView: Reach consensus,org_view=38008,org_changeCycle=0,cur_changeCycle=0,to_view=38009
info|2019-12-12 12:01:12.457143|[g:1][CONSENSUS]addRawPrepare,height=69,reqIdx=1,hash=bad5a271...
info|2019-12-12 12:01:12.495874|[g:1][CONSENSUS][PBFT]checkTimeout Succ,view=38009,toView=38010,nodeIdx=3,changeCycle=0,myNode=82d7b9b6...,timecost=14.388
info|2019-12-12 12:01:12.509783|[g:1][CONSENSUS][PBFT]checkAndChangeView: Reach consensus,org_view=38009,org_changeCycle=0,cur_changeCycle=0,to_view=38010
info|2019-12-12 12:01:13.529923|[g:1][CONSENSUS]addRawPrepare,height=69,reqIdx=2,hash=2b39059a...
info|2019-12-12 12:01:13.577748|[g:1][CONSENSUS][PBFT]checkTimeout Succ,view=38010,toView=38011,nodeIdx=3,changeCycle=0,myNode=82d7b9b6...,timecost=17.008
info|2019-12-12 12:01:13.597848|[g:1][CONSENSUS][PBFT]checkAndChangeView: Reach consensus,org_view=38010,org_changeCycle=0,cur_changeCycle=0,to_view=38011
info|2019-12-12 12:01:14.604946|[g:1][CONSENSUS][SEALER]++++++++++++++++ Generating seal on,blkNum=69,tx=0,nodeIdx=3,hash=78ebc3f7...
info|2019-12-12 12:01:14.625991|[g:1][CONSENSUS][PBFT]checkTimeout Succ,view=38011,toView=38012,nodeIdx=3,changeCycle=0,myNode=82d7b9b6...,timecost=1.043
info|2019-12-12 12:01:14.642683|[g:1][CONSENSUS][PBFT]checkAndChangeView: Reach consensus,org_view=38011,org_changeCycle=0,cur_changeCycle=0,to_view=38012
info|2019-12-12 12:01:15.652758|[g:1][CONSENSUS]addRawPrepare,height=69,reqIdx=0,hash=0c239904...
info|2019-12-12 12:01:15.665049|[g:1][CONSENSUS][PBFT]checkTimeout Succ,view=38012,toView=38013,nodeIdx=3,changeCycle=0,myNode=82d7b9b6...,timecost=11.957
info|2019-12-12 12:01:15.681446|[g:1][CONSENSUS][PBFT]checkAndChangeView: Reach consensus,org_view=38012,org_changeCycle=0,cur_changeCycle=0,to_view=38013
info|2019-12-12 12:01:16.690049|[g:1][CONSENSUS]addRawPrepare,height=69,reqIdx=1,hash=d2d481f9...
info|2019-12-12 12:01:16.698994|[g:1][CONSENSUS][PBFT]checkTimeout Succ,view=38013,toView=38014,nodeIdx=3,changeCycle=0,myNode=82d7b9b6...,timecost=8.779
info|2019-12-12 12:01:16.710726|[g:1][CONSENSUS][PBFT]checkAndChangeView: Reach consensus,org_view=38013,org_changeCycle=0,cur_changeCycle=0,to_view=38014
info|2019-12-12 12:01:17.509558|[P2P][Service] heartBeat,connected count=4
info|2019-12-12 12:01:17.715954|[g:1][CONSENSUS]addRawPrepare,height=69,reqIdx=2,hash=af271484...
info|2019-12-12 12:01:17.738209|[g:1][CONSENSUS][PBFT]checkTimeout Succ,view=38014,toView=38015,nodeIdx=3,changeCycle=0,myNode=82d7b9b6...,timecost=13.675
info|2019-12-12 12:01:17.767111|[g:1][CONSENSUS][PBFT]checkAndChangeView: Reach consensus,org_view=38014,org_changeCycle=0,cur_changeCycle=0,to_view=38015
info|2019-12-12 12:01:18.769253|[g:1][CONSENSUS][SEALER]++++++++++++++++ Generating seal on,blkNum=69,tx=0,nodeIdx=3,hash=c268611a...
info|2019-12-12 12:01:18.798242|[g:1][CONSENSUS][PBFT]checkTimeout Succ,view=38015,toView=38016,nodeIdx=3,changeCycle=0,myNode=82d7b9b6...,timecost=1.175
info|2019-12-12 12:01:18.812067|[g:1][CONSENSUS][PBFT]checkAndChangeView: Reach consensus,org_view=38015,org_changeCycle=0,cur_changeCycle=0,to_view=38016
info|2019-12-12 12:01:19.844802|[g:1][CONSENSUS]addRawPrepare,height=69,reqIdx=0,hash=4a1cd3b3...
info|2019-12-12 12:01:19.852693|[g:1][CONSENSUS][PBFT]checkTimeout Succ,view=38016,toView=38017,nodeIdx=3,changeCycle=0,myNode=82d7b9b6...,timecost=7.61
info|2019-12-12 12:01:19.880144|[g:1][CONSENSUS][PBFT]checkAndChangeView: Reach consensus,org_view=38016,org_changeCycle=0,cur_changeCycle=0,to_view=38017
info|2019-12-12 12:01:20.887107|[g:1][CONSENSUS]addRawPrepare,height=69,reqIdx=1,hash=d0bc73cb...
info|2019-12-12 12:01:20.916591|[g:1][CONSENSUS][PBFT]checkTimeout Succ,view=38017,toView=38018,nodeIdx=3,changeCycle=0,myNode=82d7b9b6...,timecost=21.383
info|2019-12-12 12:01:20.937878|[g:1][CONSENSUS][PBFT]checkAndChangeView: Reach consensus,org_view=38017,org_changeCycle=0,cur_changeCycle=0,to_view=38018
info|2019-12-12 12:01:21.937259|[g:1][CONSENSUS]addRawPrepare,height=69,reqIdx=2,hash=72304ad3...
info|2019-12-12 12:01:21.941308|[g:1][CONSENSUS][PBFT]checkTimeout Succ,view=38018,toView=38019,nodeIdx=3,changeCycle=0,myNode=82d7b9b6...,timecost=3.995
info|2019-12-12 12:01:21.945906|[g:1][CONSENSUS][PBFT]checkAndChangeView: Reach consensus,org_view=38018,org_changeCycle=0,cur_changeCycle=0,to_view=38019
info|2019-12-12 12:01:22.948251|[g:1][CONSENSUS][SEALER]++++++++++++++++ Generating seal on,blkNum=69,tx=0,nodeIdx=3,hash=2d96d295...
info|2019-12-12 12:01:22.967727|[g:1][CONSENSUS][PBFT]checkTimeout Succ,view=38019,toView=38020,nodeIdx=3,changeCycle=0,myNode=82d7b9b6...,timecost=0.52
info|2019-12-12 12:01:22.978982|[g:1][CONSENSUS][PBFT]checkAndChangeView: Reach consensus,org_view=38019,org_changeCycle=0,cur_changeCycle=0,to_view=38020
info|2019-12-12 12:01:24.009173|[g:1][CONSENSUS]addRawPrepare,height=69,reqIdx=0,hash=e1b73579...
info|2019-12-12 12:01:24.034446|[g:1][CONSENSUS][PBFT]checkTimeout Succ,view=38020,toView=38021,nodeIdx=3,changeCycle=0,myNode=82d7b9b6...,timecost=24.907
info|2019-12-12 12:01:24.047028|[g:1][CONSENSUS][PBFT]checkAndChangeView: Reach consensus,org_view=38020,org_changeCycle=0,cur_changeCycle=0,to_view=38021
info|2019-12-12 12:01:25.071370|[g:1][CONSENSUS]addRawPrepare,height=69,reqIdx=1,hash=140bb601...
info|2019-12-12 12:01:25.106868|[g:1][CONSENSUS][PBFT]checkTimeout Succ,view=38021,toView=38022,nodeIdx=3,changeCycle=0,myNode=82d7b9b6...,timecost=4.579
info|2019-12-12 12:01:25.109344|[g:1][CONSENSUS][PBFT]checkAndChangeView: Reach consensus,org_view=38021,org_changeCycle=0,cur_changeCycle=0,to_view=38022
info|2019-12-12 12:01:26.113667|[g:1][CONSENSUS]addRawPrepare,height=69,reqIdx=2,hash=14b9294a...
info|2019-12-12 12:01:26.150626|[g:1][CONSENSUS][PBFT]checkTimeout Succ,view=38022,toView=38023,nodeIdx=3,changeCycle=0,myNode=82d7b9b6...,timecost=24.382
info|2019-12-12 12:01:26.174314|[g:1][CONSENSUS][PBFT]checkAndChangeView: Reach consensus,org_view=38022,org_changeCycle=0,cur_changeCycle=0,to_view=38023
info|2019-12-12 12:01:27.182361|[g:1][CONSENSUS][SEALER]++++++++++++++++ Generating seal on,blkNum=69,tx=0,nodeIdx=3,hash=71cdfbd7...
info|2019-12-12 12:01:27.197548|[g:1][CONSENSUS][PBFT]checkTimeout Succ,view=38023,toView=38024,nodeIdx=3,changeCycle=0,myNode=82d7b9b6...,timecost=0.515
info|2019-12-12 12:01:27.199767|[g:1][CONSENSUS][PBFT]checkAndChangeView: Reach consensus,org_view=38023,org_changeCycle=0,cur_changeCycle=0,to_view=38024
info|2019-12-12 12:01:27.509905|[P2P][Service] heartBeat,connected count=4
info|2019-12-12 12:01:28.203423|[g:1][CONSENSUS]addRawPrepare,height=69,reqIdx=0,hash=210f5f19...
info|2019-12-12 12:01:28.222055|[g:1][CONSENSUS][PBFT]checkTimeout Succ,view=38024,toView=38025,nodeIdx=3,changeCycle=0,myNode=82d7b9b6...,timecost=18.015
info|2019-12-12 12:01:28.250128|[g:1][CONSENSUS][PBFT]checkAndChangeView: Reach consensus,org_view=38024,org_changeCycle=0,cur_changeCycle=0,to_view=38025
info|2019-12-12 12:01:29.253568|[g:1][CONSENSUS]addRawPrepare,height=69,reqIdx=1,hash=a2fd4020...
info|2019-12-12 12:01:29.278845|[g:1][CONSENSUS][PBFT]checkTimeout Succ,view=38025,toView=38026,nodeIdx=3,changeCycle=0,myNode=82d7b9b6...,timecost=15.441
info|2019-12-12 12:01:29.297517|[g:1][CONSENSUS][PBFT]checkAndChangeView: Reach consensus,org_view=38025,org_changeCycle=0,cur_changeCycle=0,to_view=38026
info|2019-12-12 12:01:30.304479|[g:1][CONSENSUS]addRawPrepare,height=69,reqIdx=2,hash=51641aea...
info|2019-12-12 12:01:30.305458|[g:1][CONSENSUS][PBFT]checkTimeout Succ,view=38026,toView=38027,nodeIdx=3,changeCycle=0,myNode=82d7b9b6...,timecost=0.791
info|2019-12-12 12:01:30.315757|[g:1][CONSENSUS][PBFT]checkAndChangeView: Reach consensus,org_view=38026,org_changeCycle=0,cur_changeCycle=0,to_view=38027
info|2019-12-12 12:01:31.325472|[g:1][CONSENSUS][SEALER]++++++++++++++++ Generating seal on,blkNum=69,tx=0,nodeIdx=3,hash=962af993...
info|2019-12-12 12:01:31.339024|[g:1][CONSENSUS][PBFT]checkTimeout Succ,view=38027,toView=38028,nodeIdx=3,changeCycle=0,myNode=82d7b9b6...,timecost=0.416
info|2019-12-12 12:01:31.345224|[g:1][CONSENSUS][PBFT]checkAndChangeView: Reach consensus,org_view=38027,org_changeCycle=0,cur_changeCycle=0,to_view=38028
info|2019-12-12 12:01:32.352158|[g:1][CONSENSUS]addRawPrepare,height=69,reqIdx=0,hash=5b917d24...
info|2019-12-12 12:01:32.379593|[g:1][CONSENSUS][PBFT]checkTimeout Succ,view=38028,toView=38029,nodeIdx=3,changeCycle=0,myNode=82d7b9b6...,timecost=27.204
info|2019-12-12 12:01:32.404743|[g:1][CONSENSUS][PBFT]checkAndChangeView: Reach consensus,org_view=38028,org_changeCycle=0,cur_changeCycle=0,to_view=38029
info|2019-12-12 12:01:33.410612|[g:1][CONSENSUS]addRawPrepare,height=69,reqIdx=1,hash=e7e7a16a...
info|2019-12-12 12:01:33.411151|[g:1][CONSENSUS][PBFT]checkTimeout Succ,view=38029,toView=38030,nodeIdx=3,changeCycle=0,myNode=82d7b9b6...,timecost=0.427
info|2019-12-12 12:01:33.421739|[g:1][CONSENSUS][PBFT]checkAndChangeView: Reach consensus,org_view=38029,org_changeCycle=0,cur_changeCycle=0,to_view=38030
info|2019-12-12 12:01:34.423914|[g:1][CONSENSUS]addRawPrepare,height=69,reqIdx=2,hash=bc008288...
info|2019-12-12 12:01:34.435261|[g:1][CONSENSUS][PBFT]checkTimeout Succ,view=38030,toView=38031,nodeIdx=3,changeCycle=0,myNode=82d7b9b6...,timecost=4.355
info|2019-12-12 12:01:34.463241|[g:1][CONSENSUS][PBFT]checkAndChangeView: Reach consensus,org_view=38030,org_changeCycle=0,cur_changeCycle=0,to_view=38031
info|2019-12-12 12:01:35.469664|[g:1][CONSENSUS][SEALER]++++++++++++++++ Generating seal on,blkNum=69,tx=0,nodeIdx=3,hash=1004796d...
info|2019-12-12 12:01:35.492659|[g:1][CONSENSUS][PBFT]checkTimeout Succ,view=38031,toView=38032,nodeIdx=3,changeCycle=0,myNode=82d7b9b6...,timecost=1.528
info|2019-12-12 12:01:35.503305|[g:1][CONSENSUS][PBFT]checkAndChangeView: Reach consensus,org_view=38031,org_changeCycle=0,cur_changeCycle=0,to_view=38032
info|2019-12-12 12:01:36.507759|[g:1][CONSENSUS]addRawPrepare,height=69,reqIdx=0,hash=ad037e2c...
info|2019-12-12 12:01:36.508127|[g:1][CONSENSUS][PBFT]checkTimeout Succ,view=38032,toView=38033,nodeIdx=3,changeCycle=0,myNode=82d7b9b6...,timecost=0.337
info|2019-12-12 12:01:36.511118|[g:1][CONSENSUS][PBFT]checkAndChangeView: Reach consensus,org_view=38032,org_changeCycle=0,cur_changeCycle=0,to_view=38033
info|2019-12-12 12:01:37.510523|[P2P][Service] heartBeat,connected count=4
info|2019-12-12 12:01:37.529018|[g:1][CONSENSUS]addRawPrepare,height=69,reqIdx=1,hash=a01d406b...
info|2019-12-12 12:01:37.551430|[g:1][CONSENSUS][PBFT]checkTimeout Succ,view=38033,toView=38034,nodeIdx=3,changeCycle=0,myNode=82d7b9b6...,timecost=9.469
info|2019-12-12 12:01:37.559412|[g:1][CONSENSUS][PBFT]checkAndChangeView: Reach consensus,org_view=38033,org_changeCycle=0,cur_changeCycle=0,to_view=38034
info|2019-12-12 12:01:38.559592|[g:1][CONSENSUS]addRawPrepare,height=69,reqIdx=2,hash=6d5485c7...
info|2019-12-12 12:01:38.580818|[g:1][CONSENSUS][PBFT]checkTimeout Succ,view=38034,toView=38035,nodeIdx=3,changeCycle=0,myNode=82d7b9b6...,timecost=21.093
info|2019-12-12 12:01:38.586071|[g:1][CONSENSUS][PBFT]checkAndChangeView: Reach consensus,org_view=38034,org_changeCycle=0,cur_changeCycle=0,to_view=38035
info|2019-12-12 12:01:39.586324|[g:1][CONSENSUS][SEALER]++++++++++++++++ Generating seal on,blkNum=69,tx=0,nodeIdx=3,hash=7a981e70...
info|2019-12-12 12:01:39.604713|[g:1][CONSENSUS][PBFT]checkTimeout Succ,view=38035,toView=38036,nodeIdx=3,changeCycle=0,myNode=82d7b9b6...,timecost=0.508
info|2019-12-12 12:01:39.607648|[g:1][CONSENSUS][PBFT]checkAndChangeView: Reach consensus,org_view=38035,org_changeCycle=0,cur_changeCycle=0,to_view=38036
info|2019-12-12 12:01:40.629381|[g:1][CONSENSUS]addRawPrepare,height=69,reqIdx=0,hash=1ad8bd12...
info|2019-12-12 12:01:40.638276|[g:1][CONSENSUS][PBFT]checkTimeout Succ,view=38036,toView=38037,nodeIdx=3,changeCycle=0,myNode=82d7b9b6...,timecost=8.726
info|2019-12-12 12:01:40.660529|[g:1][CONSENSUS][PBFT]checkAndChangeView: Reach consensus,org_view=38036,org_changeCycle=0,cur_changeCycle=0,to_view=38037
info|2019-12-12 12:01:41.671954|[g:1][CONSENSUS]addRawPrepare,height=69,reqIdx=1,hash=d0473e3b...
info|2019-12-12 12:01:41.684292|[g:1][CONSENSUS][PBFT]checkTimeout Succ,view=38037,toView=38038,nodeIdx=3,changeCycle=0,myNode=82d7b9b6...,timecost=5.845
info|2019-12-12 12:01:41.733781|[g:1][CONSENSUS][PBFT]checkAndChangeView: Reach consensus,org_view=38037,org_changeCycle=0,cur_changeCycle=0,to_view=38038
info|2019-12-12 12:01:42.735868|[g:1][CONSENSUS]addRawPrepare,height=69,reqIdx=2,hash=9d553a0b...
info|2019-12-12 12:01:42.736292|[g:1][CONSENSUS][PBFT]checkTimeout Succ,view=38038,toView=38039,nodeIdx=3,changeCycle=0,myNode=82d7b9b6...,timecost=0.299
info|2019-12-12 12:01:42.742796|[g:1][CONSENSUS][PBFT]checkAndChangeView: Reach consensus,org_view=38038,org_changeCycle=0,cur_changeCycle=0,to_view=38039
info|2019-12-12 12:01:43.745699|[g:1][CONSENSUS][SEALER]++++++++++++++++ Generating seal on,blkNum=69,tx=0,nodeIdx=3,hash=9869aec1...
info|2019-12-12 12:01:43.761384|[g:1][CONSENSUS][PBFT]checkTimeout Succ,view=38039,toView=38040,nodeIdx=3,changeCycle=0,myNode=82d7b9b6...,timecost=0.277
info|2019-12-12 12:01:43.762674|[g:1][CONSENSUS][PBFT]checkAndChangeView: Reach consensus,org_view=38039,org_changeCycle=0,cur_changeCycle=0,to_view=38040
info|2019-12-12 12:01:44.767572|[g:1][CONSENSUS]addRawPrepare,height=69,reqIdx=0,hash=e47e79c9...
info|2019-12-12 12:01:44.774556|[g:1][CONSENSUS][PBFT]checkTimeout Succ,view=38040,toView=38041,nodeIdx=3,changeCycle=0,myNode=82d7b9b6...,timecost=4.071
info|2019-12-12 12:01:44.775471|[g:1][CONSENSUS][PBFT]checkAndChangeView: Reach consensus,org_view=38040,org_changeCycle=0,cur_changeCycle=0,to_view=38041
info|2019-12-12 12:01:45.791689|[g:1][CONSENSUS]addRawPrepare,height=69,reqIdx=1,hash=c0685fd3...
info|2019-12-12 12:01:45.808318|[g:1][CONSENSUS][PBFT]checkTimeout Succ,view=38041,toView=38042,nodeIdx=3,changeCycle=0,myNode=82d7b9b6...,timecost=9.959
info|2019-12-12 12:01:45.826824|[g:1][CONSENSUS][PBFT]checkAndChangeView: Reach consensus,org_view=38041,org_changeCycle=0,cur_changeCycle=0,to_view=38042
info|2019-12-12 12:01:46.841845|[g:1][CONSENSUS]addRawPrepare,height=69,reqIdx=2,hash=107de465...
info|2019-12-12 12:01:46.863724|[g:1][CONSENSUS][PBFT]checkTimeout Succ,view=38042,toView=38043,nodeIdx=3,changeCycle=0,myNode=82d7b9b6...,timecost=14.919
info|2019-12-12 12:01:46.889451|[g:1][CONSENSUS][PBFT]checkAndChangeView: Reach consensus,org_view=38042,org_changeCycle=0,cur_changeCycle=0,to_view=38043
info|2019-12-12 12:01:47.511929|[P2P][Service] heartBeat,connected count=4
info|2019-12-12 12:01:47.890689|[g:1][CONSENSUS][SEALER]++++++++++++++++ Generating seal on,blkNum=69,tx=0,nodeIdx=3,hash=c746b385...
info|2019-12-12 12:01:47.913638|[g:1][CONSENSUS][PBFT]checkTimeout Succ,view=38043,toView=38044,nodeIdx=3,changeCycle=0,myNode=82d7b9b6...,timecost=1.991
info|2019-12-12 12:01:47.921840|[g:1][CONSENSUS][PBFT]checkAndChangeView: Reach consensus,org_view=38043,org_changeCycle=0,cur_changeCycle=0,to_view=38044
info|2019-12-12 12:01:48.945204|[g:1][CONSENSUS]addRawPrepare,height=69,reqIdx=0,hash=0ffc3cc9...
info|2019-12-12 12:01:48.971226|[g:1][CONSENSUS][PBFT]checkTimeout Succ,view=38044,toView=38045,nodeIdx=3,changeCycle=0,myNode=82d7b9b6...,timecost=24.922
info|2019-12-12 12:01:49.003273|[g:1][CONSENSUS][PBFT]checkAndChangeView: Reach consensus,org_view=38044,org_changeCycle=0,cur_changeCycle=0,to_view=38045
info|2019-12-12 12:01:50.002963|[g:1][CONSENSUS]addRawPrepare,height=69,reqIdx=1,hash=b57ff0d5...
info|2019-12-12 12:01:50.003811|[g:1][CONSENSUS][PBFT]checkTimeout Succ,view=38045,toView=38046,nodeIdx=3,changeCycle=0,myNode=82d7b9b6...,timecost=0.644
info|2019-12-12 12:01:50.018448|[g:1][CONSENSUS][PBFT]checkAndChangeView: Reach consensus,org_view=38045,org_changeCycle=0,cur_changeCycle=0,to_view=38046
info|2019-12-12 12:01:51.027559|[g:1][CONSENSUS]addRawPrepare,height=69,reqIdx=2,hash=c29aa5da...
info|2019-12-12 12:01:51.037661|[g:1][CONSENSUS][PBFT]checkTimeout Succ,view=38046,toView=38047,nodeIdx=3,changeCycle=0,myNode=82d7b9b6...,timecost=3.809
info|2019-12-12 12:01:51.062139|[g:1][CONSENSUS][PBFT]checkAndChangeView: Reach consensus,org_view=38046,org_changeCycle=0,cur_changeCycle=0,to_view=38047
info|2019-12-12 12:01:52.063616|[g:1][CONSENSUS][SEALER]++++++++++++++++ Generating seal on,blkNum=69,tx=0,nodeIdx=3,hash=bea5e466...
info|2019-12-12 12:01:52.091978|[g:1][CONSENSUS][PBFT]checkTimeout Succ,view=38047,toView=38048,nodeIdx=3,changeCycle=0,myNode=82d7b9b6...,timecost=9.131
info|2019-12-12 12:01:52.114669|[g:1][CONSENSUS][PBFT]checkAndChangeView: Reach consensus,org_view=38047,org_changeCycle=0,cur_changeCycle=0,to_view=38048
info|2019-12-12 12:01:53.119468|[g:1][CONSENSUS]addRawPrepare,height=69,reqIdx=0,hash=36b4f010...
info|2019-12-12 12:01:53.122751|[g:1][CONSENSUS][PBFT]checkTimeout Succ,view=38048,toView=38049,nodeIdx=3,changeCycle=0,myNode=82d7b9b6...,timecost=3.141
info|2019-12-12 12:01:53.139717|[g:1][CONSENSUS][PBFT]checkAndChangeView: Reach consensus,org_view=38048,org_changeCycle=0,cur_changeCycle=0,to_view=38049
info|2019-12-12 12:01:54.147569|[g:1][CONSENSUS]addRawPrepare,height=69,reqIdx=1,hash=932e9d30...
info|2019-12-12 12:01:54.155403|[g:1][CONSENSUS][PBFT]checkTimeout Succ,view=38049,toView=38050,nodeIdx=3,changeCycle=0,myNode=82d7b9b6...,timecost=7.634
info|2019-12-12 12:01:54.161815|[g:1][CONSENSUS][PBFT]checkAndChangeView: Reach consensus,org_view=38049,org_changeCycle=0,cur_changeCycle=0,to_view=38050
info|2019-12-12 12:01:55.170465|[g:1][CONSENSUS]addRawPrepare,height=69,reqIdx=2,hash=53d747a6...
info|2019-12-12 12:01:55.190081|[g:1][CONSENSUS][PBFT]checkTimeout Succ,view=38050,toView=38051,nodeIdx=3,changeCycle=0,myNode=82d7b9b6...,timecost=17.335
info|2019-12-12 12:01:55.203753|[g:1][CONSENSUS][PBFT]checkAndChangeView: Reach consensus,org_view=38050,org_changeCycle=0,cur_changeCycle=0,to_view=38051
info|2019-12-12 12:01:56.204239|[g:1][CONSENSUS][SEALER]++++++++++++++++ Generating seal on,blkNum=69,tx=0,nodeIdx=3,hash=8ee7f79b...
info|2019-12-12 12:01:56.221085|[g:1][CONSENSUS][PBFT]checkTimeout Succ,view=38051,toView=38052,nodeIdx=3,changeCycle=0,myNode=82d7b9b6...,timecost=0.508
info|2019-12-12 12:01:56.226032|[g:1][CONSENSUS][PBFT]checkAndChangeView: Reach consensus,org_view=38051,org_changeCycle=0,cur_changeCycle=0,to_view=38052
info|2019-12-12 12:01:57.237494|[g:1][CONSENSUS]addRawPrepare,height=69,reqIdx=0,hash=609e6bb6...
info|2019-12-12 12:01:57.253808|[g:1][CONSENSUS][PBFT]checkTimeout Succ,view=38052,toView=38053,nodeIdx=3,changeCycle=0,myNode=82d7b9b6...,timecost=16.013
info|2019-12-12 12:01:57.284418|[g:1][CONSENSUS][PBFT]checkAndChangeView: Reach consensus,org_view=38052,org_changeCycle=0,cur_changeCycle=0,to_view=38053
info|2019-12-12 12:01:57.512203|[P2P][Service] heartBeat,connected count=4
info|2019-12-12 12:01:58.284502|[g:1][CONSENSUS]addRawPrepare,height=69,reqIdx=1,hash=e72dae7e...
info|2019-12-12 12:01:58.285092|[g:1][CONSENSUS][PBFT]checkTimeout Succ,view=38053,toView=38054,nodeIdx=3,changeCycle=0,myNode=82d7b9b6...,timecost=0.435
info|2019-12-12 12:01:58.298114|[g:1][CONSENSUS][PBFT]checkAndChangeView: Reach consensus,org_view=38053,org_changeCycle=0,cur_changeCycle=0,to_view=38054
info|2019-12-12 12:01:59.314413|[g:1][CONSENSUS]addRawPrepare,height=69,reqIdx=2,hash=aacca819...
info|2019-12-12 12:01:59.352809|[g:1][CONSENSUS][PBFT]checkTimeout Succ,view=38054,toView=38055,nodeIdx=3,changeCycle=0,myNode=82d7b9b6...,timecost=29.026
info|2019-12-12 12:01:59.381743|[g:1][CONSENSUS][PBFT]checkAndChangeView: Reach consensus,org_view=38054,org_changeCycle=0,cur_changeCycle=0,to_view=38055
info|2019-12-12 12:02:00.382789|[g:1][CONSENSUS][SEALER]++++++++++++++++ Generating seal on,blkNum=69,tx=0,nodeIdx=3,hash=bacaf2fc...
info|2019-12-12 12:02:00.408908|[g:1][CONSENSUS][PBFT]checkTimeout Succ,view=38055,toView=38056,nodeIdx=3,changeCycle=0,myNode=82d7b9b6...,timecost=0.734
info|2019-12-12 12:02:00.411978|[g:1][CONSENSUS][PBFT]checkAndChangeView: Reach consensus,org_view=38055,org_changeCycle=0,cur_changeCycle=0,to_view=38056
info|2019-12-12 12:02:01.440038|[g:1][CONSENSUS]addRawPrepare,height=69,reqIdx=0,hash=61f68f32...
info|2019-12-12 12:02:01.456363|[g:1][CONSENSUS][PBFT]checkTimeout Succ,view=38056,toView=38057,nodeIdx=3,changeCycle=0,myNode=82d7b9b6...,timecost=14.111
info|2019-12-12 12:02:01.473505|[g:1][CONSENSUS][PBFT]checkAndChangeView: Reach consensus,org_view=38056,org_changeCycle=0,cur_changeCycle=0,to_view=38057
info|2019-12-12 12:02:02.468710|[g:1][CONSENSUS]addRawPrepare,height=69,reqIdx=1,hash=bf54c6c0...
info|2019-12-12 12:02:02.469352|[g:1][CONSENSUS][PBFT]checkTimeout Succ,view=38057,toView=38058,nodeIdx=3,changeCycle=0,myNode=82d7b9b6...,timecost=0.496
info|2019-12-12 12:02:02.481214|[g:1][CONSENSUS][PBFT]checkAndChangeView: Reach consensus,org_view=38057,org_changeCycle=0,cur_changeCycle=0,to_view=38058
info|2019-12-12 12:02:03.482447|[g:1][CONSENSUS]addRawPrepare,height=69,reqIdx=2,hash=0c3b85e8...
info|2019-12-12 12:02:03.482998|[g:1][CONSENSUS][PBFT]checkTimeout Succ,view=38058,toView=38059,nodeIdx=3,changeCycle=0,myNode=82d7b9b6...,timecost=0.382
info|2019-12-12 12:02:03.490285|[g:1][CONSENSUS][PBFT]checkAndChangeView: Reach consensus,org_view=38058,org_changeCycle=0,cur_changeCycle=0,to_view=38059
info|2019-12-12 12:02:04.491071|[g:1][CONSENSUS][SEALER]++++++++++++++++ Generating seal on,blkNum=69,tx=0,nodeIdx=3,hash=5c35e136...
info|2019-12-12 12:02:04.531457|[g:1][CONSENSUS][PBFT]checkTimeout Succ,view=38059,toView=38060,nodeIdx=3,changeCycle=0,myNode=82d7b9b6...,timecost=4.306
info|2019-12-12 12:02:04.580820|[g:1][CONSENSUS][PBFT]checkAndChangeView: Reach consensus,org_view=38059,org_changeCycle=0,cur_changeCycle=0,to_view=38060
info|2019-12-12 12:02:05.590910|[g:1][CONSENSUS]addRawPrepare,height=69,reqIdx=0,hash=0c89360d...
info|2019-12-12 12:02:05.601989|[g:1][CONSENSUS][PBFT]checkTimeout Succ,view=38060,toView=38061,nodeIdx=3,changeCycle=0,myNode=82d7b9b6...,timecost=10.562
info|2019-12-12 12:02:05.608705|[g:1][CONSENSUS][PBFT]checkAndChangeView: Reach consensus,org_view=38060,org_changeCycle=0,cur_changeCycle=0,to_view=38061
info|2019-12-12 12:02:06.629253|[g:1][CONSENSUS]addRawPrepare,height=69,reqIdx=1,hash=6af25354...
info|2019-12-12 12:02:06.656984|[g:1][CONSENSUS][PBFT]checkTimeout Succ,view=38061,toView=38062,nodeIdx=3,changeCycle=0,myNode=82d7b9b6...,timecost=23.585
info|2019-12-12 12:02:06.682012|[g:1][CONSENSUS][PBFT]checkAndChangeView: Reach consensus,org_view=38061,org_changeCycle=0,cur_changeCycle=0,to_view=38062
info|2019-12-12 12:02:07.514386|[P2P][Service] heartBeat,connected count=4
info|2019-12-12 12:02:07.705532|[g:1][CONSENSUS]addRawPrepare,height=69,reqIdx=2,hash=3c05db73...
info|2019-12-12 12:02:07.748156|[g:1][CONSENSUS][PBFT]checkTimeout Succ,view=38062,toView=38063,nodeIdx=3,changeCycle=0,myNode=82d7b9b6...,timecost=26.786
info|2019-12-12 12:02:07.757867|[g:1][CONSENSUS][PBFT]checkAndChangeView: Reach consensus,org_view=38062,org_changeCycle=0,cur_changeCycle=0,to_view=38063
info|2019-12-12 12:02:08.763704|[g:1][CONSENSUS][SEALER]++++++++++++++++ Generating seal on,blkNum=69,tx=0,nodeIdx=3,hash=3557340f...
info|2019-12-12 12:02:08.781984|[g:1][CONSENSUS][PBFT]checkTimeout Succ,view=38063,toView=38064,nodeIdx=3,changeCycle=0,myNode=82d7b9b6...,timecost=0.617
info|2019-12-12 12:02:08.785700|[g:1][CONSENSUS][PBFT]checkAndChangeView: Reach consensus,org_view=38063,org_changeCycle=0,cur_changeCycle=0,to_view=38064
info|2019-12-12 12:02:09.807064|[g:1][CONSENSUS]addRawPrepare,height=69,reqIdx=0,hash=147aee43...
info|2019-12-12 12:02:09.826157|[g:1][CONSENSUS][PBFT]checkTimeout Succ,view=38064,toView=38065,nodeIdx=3,changeCycle=0,myNode=82d7b9b6...,timecost=15.324
info|2019-12-12 12:02:09.850718|[g:1][CONSENSUS][PBFT]checkAndChangeView: Reach consensus,org_view=38064,org_changeCycle=0,cur_changeCycle=0,to_view=38065
info|2019-12-12 12:02:10.857351|[g:1][CONSENSUS]addRawPrepare,height=69,reqIdx=1,hash=b082178b...
info|2019-12-12 12:02:10.873810|[g:1][CONSENSUS][PBFT]checkTimeout Succ,view=38065,toView=38066,nodeIdx=3,changeCycle=0,myNode=82d7b9b6...,timecost=6.002
info|2019-12-12 12:02:10.904906|[g:1][CONSENSUS][PBFT]checkAndChangeView: Reach consensus,org_view=38065,org_changeCycle=0,cur_changeCycle=0,to_view=38066
info|2019-12-12 12:02:11.911579|[g:1][CONSENSUS]addRawPrepare,height=69,reqIdx=2,hash=b774b20b...
info|2019-12-12 12:02:11.923824|[g:1][CONSENSUS][PBFT]checkTimeout Succ,view=38066,toView=38067,nodeIdx=3,changeCycle=0,myNode=82d7b9b6...,timecost=6.875
info|2019-12-12 12:02:11.938512|[g:1][CONSENSUS][PBFT]checkAndChangeView: Reach consensus,org_view=38066,org_changeCycle=0,cur_changeCycle=0,to_view=38067
info|2019-12-12 12:02:12.942542|[g:1][CONSENSUS][SEALER]++++++++++++++++ Generating seal on,blkNum=69,tx=0,nodeIdx=3,hash=e9fe3b3b...
info|2019-12-12 12:02:12.966519|[g:1][CONSENSUS][PBFT]checkTimeout Succ,view=38067,toView=38068,nodeIdx=3,changeCycle=0,myNode=82d7b9b6...,timecost=1.111
info|2019-12-12 12:02:12.982023|[g:1][CONSENSUS][PBFT]checkAndChangeView: Reach consensus,org_view=38067,org_changeCycle=0,cur_changeCycle=0,to_view=38068
info|2019-12-12 12:02:14.015103|[g:1][CONSENSUS]addRawPrepare,height=69,reqIdx=0,hash=6fc955f7...
info|2019-12-12 12:02:14.026460|[g:1][CONSENSUS][PBFT]checkTimeout Succ,view=38068,toView=38069,nodeIdx=3,changeCycle=0,myNode=82d7b9b6...,timecost=11.194
info|2019-12-12 12:02:14.053879|[g:1][CONSENSUS][PBFT]checkAndChangeView: Reach consensus,org_view=38068,org_changeCycle=0,cur_changeCycle=0,to_view=38069
info|2019-12-12 12:02:15.071358|[g:1][CONSENSUS]addRawPrepare,height=69,reqIdx=1,hash=a615113e...
info|2019-12-12 12:02:15.085917|[g:1][CONSENSUS][PBFT]checkTimeout Succ,view=38069,toView=38070,nodeIdx=3,changeCycle=0,myNode=82d7b9b6...,timecost=7.009
info|2019-12-12 12:02:15.109115|[g:1][CONSENSUS][PBFT]checkAndChangeView: Reach consensus,org_view=38069,org_changeCycle=0,cur_changeCycle=0,to_view=38070
info|2019-12-12 12:02:16.111008|[g:1][CONSENSUS]addRawPrepare,height=69,reqIdx=2,hash=068589bb...
info|2019-12-12 12:02:16.111797|[g:1][CONSENSUS][PBFT]checkTimeout Succ,view=38070,toView=38071,nodeIdx=3,changeCycle=0,myNode=82d7b9b6...,timecost=0.532
info|2019-12-12 12:02:16.122615|[g:1][CONSENSUS][PBFT]checkAndChangeView: Reach consensus,org_view=38070,org_changeCycle=0,cur_changeCycle=0,to_view=38071
info|2019-12-12 12:02:17.124170|[g:1][CONSENSUS][SEALER]++++++++++++++++ Generating seal on,blkNum=69,tx=0,nodeIdx=3,hash=ba769bf7...
info|2019-12-12 12:02:17.142959|[g:1][CONSENSUS][PBFT]checkTimeout Succ,view=38071,toView=38072,nodeIdx=3,changeCycle=0,myNode=82d7b9b6...,timecost=0.641
info|2019-12-12 12:02:17.148213|[g:1][CONSENSUS][PBFT]checkAndChangeView: Reach consensus,org_view=38071,org_changeCycle=0,cur_changeCycle=0,to_view=38072
info|2019-12-12 12:02:17.514963|[P2P][Service] heartBeat,connected count=4
info|2019-12-12 12:02:18.151261|[g:1][CONSENSUS]addRawPrepare,height=69,reqIdx=0,hash=fe5bf0f0...
info|2019-12-12 12:02:18.160664|[g:1][CONSENSUS][PBFT]checkTimeout Succ,view=38072,toView=38073,nodeIdx=3,changeCycle=0,myNode=82d7b9b6...,timecost=9.261
info|2019-12-12 12:02:18.176630|[g:1][CONSENSUS][PBFT]checkAndChangeView: Reach consensus,org_view=38072,org_changeCycle=0,cur_changeCycle=0,to_view=38073
info|2019-12-12 12:02:19.187880|[g:1][CONSENSUS]addRawPrepare,height=69,reqIdx=1,hash=170650a5...
info|2019-12-12 12:02:19.204071|[g:1][CONSENSUS][PBFT]checkTimeout Succ,view=38073,toView=38074,nodeIdx=3,changeCycle=0,myNode=82d7b9b6...,timecost=7.563
info|2019-12-12 12:02:19.225906|[g:1][CONSENSUS][PBFT]checkAndChangeView: Reach consensus,org_view=38073,org_changeCycle=0,cur_changeCycle=0,to_view=38074
info|2019-12-12 12:02:20.226390|[g:1][CONSENSUS]addRawPrepare,height=69,reqIdx=2,hash=8b6ddf3d...
info|2019-12-12 12:02:20.226997|[g:1][CONSENSUS][PBFT]checkTimeout Succ,view=38074,toView=38075,nodeIdx=3,changeCycle=0,myNode=82d7b9b6...,timecost=0.384
info|2019-12-12 12:02:20.236424|[g:1][CONSENSUS][PBFT]checkAndChangeView: Reach consensus,org_view=38074,org_changeCycle=0,cur_changeCycle=0,to_view=38075
info|2019-12-12 12:02:21.237349|[g:1][CONSENSUS][SEALER]++++++++++++++++ Generating seal on,blkNum=69,tx=0,nodeIdx=3,hash=258a4733...
info|2019-12-12 12:02:21.255046|[g:1][CONSENSUS][PBFT]checkTimeout Succ,view=38075,toView=38076,nodeIdx=3,changeCycle=0,myNode=82d7b9b6...,timecost=0.733
info|2019-12-12 12:02:21.258541|[g:1][CONSENSUS][PBFT]checkAndChangeView: Reach consensus,org_view=38075,org_changeCycle=0,cur_changeCycle=0,to_view=38076
info|2019-12-12 12:02:22.266971|[g:1][CONSENSUS]addRawPrepare,height=69,reqIdx=0,hash=55f989ff...
info|2019-12-12 12:02:22.267321|[g:1][CONSENSUS][PBFT]checkTimeout Succ,view=38076,toView=38077,nodeIdx=3,changeCycle=0,myNode=82d7b9b6...,timecost=0.287
info|2019-12-12 12:02:22.271113|[g:1][CONSENSUS][PBFT]checkAndChangeView: Reach consensus,org_view=38076,org_changeCycle=0,cur_changeCycle=0,to_view=38077
info|2019-12-12 12:02:23.276693|[g:1][CONSENSUS]addRawPrepare,height=69,reqIdx=1,hash=a5ab8554...
info|2019-12-12 12:02:23.288933|[g:1][CONSENSUS][PBFT]checkTimeout Succ,view=38077,toView=38078,nodeIdx=3,changeCycle=0,myNode=82d7b9b6...,timecost=5.035
info|2019-12-12 12:02:23.312845|[g:1][CONSENSUS][PBFT]checkAndChangeView: Reach consensus,org_view=38077,org_changeCycle=0,cur_changeCycle=0,to_view=38078
info|2019-12-12 12:02:24.307532|[g:1][CONSENSUS]addRawPrepare,height=69,reqIdx=2,hash=15f1e75e...
info|2019-12-12 12:02:24.308062|[g:1][CONSENSUS][PBFT]checkTimeout Succ,view=38078,toView=38079,nodeIdx=3,changeCycle=0,myNode=82d7b9b6...,timecost=0.44
info|2019-12-12 12:02:24.316401|[g:1][CONSENSUS][PBFT]checkAndChangeView: Reach consensus,org_view=38078,org_changeCycle=0,cur_changeCycle=0,to_view=38079
info|2019-12-12 12:02:25.318566|[g:1][CONSENSUS][SEALER]++++++++++++++++ Generating seal on,blkNum=69,tx=0,nodeIdx=3,hash=377d94c8...
info|2019-12-12 12:02:25.342961|[g:1][CONSENSUS][PBFT]checkTimeout Succ,view=38079,toView=38080,nodeIdx=3,changeCycle=0,myNode=82d7b9b6...,timecost=0.856
info|2019-12-12 12:02:25.346919|[g:1][CONSENSUS][PBFT]checkAndChangeView: Reach consensus,org_view=38079,org_changeCycle=0,cur_changeCycle=0,to_view=38080
info|2019-12-12 12:02:26.360425|[g:1][CONSENSUS]addRawPrepare,height=69,reqIdx=0,hash=2c2ed73c...
info|2019-12-12 12:02:26.371306|[g:1][CONSENSUS][PBFT]checkTimeout Succ,view=38080,toView=38081,nodeIdx=3,changeCycle=0,myNode=82d7b9b6...,timecost=9.911
info|2019-12-12 12:02:26.391199|[g:1][CONSENSUS][PBFT]checkAndChangeView: Reach consensus,org_view=38080,org_changeCycle=0,cur_changeCycle=0,to_view=38081
info|2019-12-12 12:02:27.409245|[g:1][CONSENSUS]addRawPrepare,height=69,reqIdx=1,hash=9ec7002d...
info|2019-12-12 12:02:27.409831|[g:1][CONSENSUS][PBFT]checkTimeout Succ,view=38081,toView=38082,nodeIdx=3,changeCycle=0,myNode=82d7b9b6...,timecost=0.441
info|2019-12-12 12:02:27.417997|[g:1][CONSENSUS][PBFT]checkAndChangeView: Reach consensus,org_view=38081,org_changeCycle=0,cur_changeCycle=0,to_view=38082
info|2019-12-12 12:02:27.515544|[P2P][Service] heartBeat,connected count=4
info|2019-12-12 12:02:28.425011|[g:1][CONSENSUS]addRawPrepare,height=69,reqIdx=2,hash=6ca518a9...
info|2019-12-12 12:02:28.451827|[g:1][CONSENSUS][PBFT]checkTimeout Succ,view=38082,toView=38083,nodeIdx=3,changeCycle=0,myNode=82d7b9b6...,timecost=23.694
info|2019-12-12 12:02:28.462346|[g:1][CONSENSUS][PBFT]checkAndChangeView: Reach consensus,org_view=38082,org_changeCycle=0,cur_changeCycle=0,to_view=38083
info|2019-12-12 12:02:29.464067|[g:1][CONSENSUS][SEALER]++++++++++++++++ Generating seal on,blkNum=69,tx=0,nodeIdx=3,hash=c18ee10d...
info|2019-12-12 12:02:29.482866|[g:1][CONSENSUS][PBFT]checkTimeout Succ,view=38083,toView=38084,nodeIdx=3,changeCycle=0,myNode=82d7b9b6...,timecost=0.847
info|2019-12-12 12:02:29.488666|[g:1][CONSENSUS][PBFT]checkAndChangeView: Reach consensus,org_view=38083,org_changeCycle=0,cur_changeCycle=0,to_view=38084
info|2019-12-12 12:02:30.500815|[g:1][CONSENSUS]addRawPrepare,height=69,reqIdx=0,hash=48295b1e...
info|2019-12-12 12:02:30.504475|[g:1][CONSENSUS][PBFT]checkTimeout Succ,view=38084,toView=38085,nodeIdx=3,changeCycle=0,myNode=82d7b9b6...,timecost=0.943
info|2019-12-12 12:02:30.506298|[g:1][CONSENSUS][PBFT]checkAndChangeView: Reach consensus,org_view=38084,org_changeCycle=0,cur_changeCycle=0,to_view=38085
info|2019-12-12 12:02:31.508865|[g:1][CONSENSUS]addRawPrepare,height=69,reqIdx=1,hash=b932105b...
info|2019-12-12 12:02:31.525010|[g:1][CONSENSUS][PBFT]checkTimeout Succ,view=38085,toView=38086,nodeIdx=3,changeCycle=0,myNode=82d7b9b6...,timecost=15.899
info|2019-12-12 12:02:31.539249|[g:1][CONSENSUS][PBFT]checkAndChangeView: Reach consensus,org_view=38085,org_changeCycle=0,cur_changeCycle=0,to_view=38086
info|2019-12-12 12:02:32.553448|[g:1][CONSENSUS]addRawPrepare,height=69,reqIdx=2,hash=133cf1bf...
info|2019-12-12 12:02:32.578890|[g:1][CONSENSUS][PBFT]checkTimeout Succ,view=38086,toView=38087,nodeIdx=3,changeCycle=0,myNode=82d7b9b6...,timecost=14.465
info|2019-12-12 12:02:32.607043|[g:1][CONSENSUS][PBFT]checkAndChangeView: Reach consensus,org_view=38086,org_changeCycle=0,cur_changeCycle=0,to_view=38087
info|2019-12-12 12:02:33.612423|[g:1][CONSENSUS][SEALER]++++++++++++++++ Generating seal on,blkNum=69,tx=0,nodeIdx=3,hash=1082ea74...
info|2019-12-12 12:02:33.623231|[g:1][CONSENSUS][PBFT]checkTimeout Succ,view=38087,toView=38088,nodeIdx=3,changeCycle=0,myNode=82d7b9b6...,timecost=0.344
info|2019-12-12 12:02:33.624342|[g:1][CONSENSUS][PBFT]checkAndChangeView: Reach consensus,org_view=38087,org_changeCycle=0,cur_changeCycle=0,to_view=38088
info|2019-12-12 12:02:34.627362|[g:1][CONSENSUS]addRawPrepare,height=69,reqIdx=0,hash=30463283...
info|2019-12-12 12:02:34.634555|[g:1][CONSENSUS][PBFT]checkTimeout Succ,view=38088,toView=38089,nodeIdx=3,changeCycle=0,myNode=82d7b9b6...,timecost=7.112
info|2019-12-12 12:02:34.639951|[g:1][CONSENSUS][PBFT]checkAndChangeView: Reach consensus,org_view=38088,org_changeCycle=0,cur_changeCycle=0,to_view=38089
info|2019-12-12 12:02:35.656008|[g:1][CONSENSUS]addRawPrepare,height=69,reqIdx=1,hash=0a8c0722...
info|2019-12-12 12:02:35.664809|[g:1][CONSENSUS][PBFT]checkTimeout Succ,view=38089,toView=38090,nodeIdx=3,changeCycle=0,myNode=82d7b9b6...,timecost=8.601
info|2019-12-12 12:02:35.678643|[g:1][CONSENSUS][PBFT]checkAndChangeView: Reach consensus,org_view=38089,org_changeCycle=0,cur_changeCycle=0,to_view=38090
info|2019-12-12 12:02:36.673461|[g:1][CONSENSUS]addRawPrepare,height=69,reqIdx=2,hash=2fdffb03...
info|2019-12-12 12:02:36.688615|[g:1][CONSENSUS][PBFT]checkTimeout Succ,view=38090,toView=38091,nodeIdx=3,changeCycle=0,myNode=82d7b9b6...,timecost=12.183
info|2019-12-12 12:02:36.706187|[g:1][CONSENSUS][PBFT]checkAndChangeView: Reach consensus,org_view=38090,org_changeCycle=0,cur_changeCycle=0,to_view=38091
info|2019-12-12 12:02:37.517026|[P2P][Service] heartBeat,connected count=4
info|2019-12-12 12:02:37.711184|[g:1][CONSENSUS][SEALER]++++++++++++++++ Generating seal on,blkNum=69,tx=0,nodeIdx=3,hash=44c7061b...
info|2019-12-12 12:02:37.741003|[g:1][CONSENSUS][PBFT]checkTimeout Succ,view=38091,toView=38092,nodeIdx=3,changeCycle=0,myNode=82d7b9b6...,timecost=2.197
info|2019-12-12 12:02:37.749196|[g:1][CONSENSUS][PBFT]checkAndChangeView: Reach consensus,org_view=38091,org_changeCycle=0,cur_changeCycle=0,to_view=38092
info|2019-12-12 12:02:38.765498|[g:1][CONSENSUS]addRawPrepare,height=69,reqIdx=0,hash=2c451941...
info|2019-12-12 12:02:38.771326|[g:1][CONSENSUS][PBFT]checkTimeout Succ,view=38092,toView=38093,nodeIdx=3,changeCycle=0,myNode=82d7b9b6...,timecost=5.008
info|2019-12-12 12:02:38.809004|[g:1][CONSENSUS][PBFT]checkAndChangeView: Reach consensus,org_view=38092,org_changeCycle=0,cur_changeCycle=0,to_view=38093
info|2019-12-12 12:02:39.811575|[g:1][CONSENSUS]addRawPrepare,height=69,reqIdx=1,hash=c771d088...
info|2019-12-12 12:02:39.840838|[g:1][CONSENSUS][PBFT]checkTimeout Succ,view=38093,toView=38094,nodeIdx=3,changeCycle=0,myNode=82d7b9b6...,timecost=19.733
info|2019-12-12 12:02:39.844246|[g:1][CONSENSUS][PBFT]checkAndChangeView: Reach consensus,org_view=38093,org_changeCycle=0,cur_changeCycle=0,to_view=38094
info|2019-12-12 12:02:40.845395|[g:1][CONSENSUS]addRawPrepare,height=69,reqIdx=2,hash=af619645...
info|2019-12-12 12:02:40.845750|[g:1][CONSENSUS][PBFT]checkTimeout Succ,view=38094,toView=38095,nodeIdx=3,changeCycle=0,myNode=82d7b9b6...,timecost=0.252
info|2019-12-12 12:02:40.852266|[g:1][CONSENSUS][PBFT]checkAndChangeView: Reach consensus,org_view=38094,org_changeCycle=0,cur_changeCycle=0,to_view=38095
info|2019-12-12 12:02:41.852580|[g:1][CONSENSUS][SEALER]++++++++++++++++ Generating seal on,blkNum=69,tx=0,nodeIdx=3,hash=3e6d2598...
info|2019-12-12 12:02:41.870382|[g:1][CONSENSUS][PBFT]checkTimeout Succ,view=38095,toView=38096,nodeIdx=3,changeCycle=0,myNode=82d7b9b6...,timecost=0.485
info|2019-12-12 12:02:41.873541|[g:1][CONSENSUS][PBFT]checkAndChangeView: Reach consensus,org_view=38095,org_changeCycle=0,cur_changeCycle=0,to_view=38096
info|2019-12-12 12:02:42.873150|[g:1][CONSENSUS]addRawPrepare,height=69,reqIdx=0,hash=e4ef38e4...
info|2019-12-12 12:02:42.876229|[g:1][CONSENSUS][PBFT]checkTimeout Succ,view=38096,toView=38097,nodeIdx=3,changeCycle=0,myNode=82d7b9b6...,timecost=2.377
info|2019-12-12 12:02:42.877190|[g:1][CONSENSUS][PBFT]checkAndChangeView: Reach consensus,org_view=38096,org_changeCycle=0,cur_changeCycle=0,to_view=38097
info|2019-12-12 12:02:43.885863|[g:1][CONSENSUS]addRawPrepare,height=69,reqIdx=1,hash=d2e75f4f...
info|2019-12-12 12:02:43.900241|[g:1][CONSENSUS][PBFT]checkTimeout Succ,view=38097,toView=38098,nodeIdx=3,changeCycle=0,myNode=82d7b9b6...,timecost=11.283
info|2019-12-12 12:02:43.919942|[g:1][CONSENSUS][PBFT]checkAndChangeView: Reach consensus,org_view=38097,org_changeCycle=0,cur_changeCycle=0,to_view=38098
info|2019-12-12 12:02:44.920549|[g:1][CONSENSUS]addRawPrepare,height=69,reqIdx=2,hash=0b422115...
info|2019-12-12 12:02:44.921288|[g:1][CONSENSUS][PBFT]checkTimeout Succ,view=38098,toView=38099,nodeIdx=3,changeCycle=0,myNode=82d7b9b6...,timecost=0.586
info|2019-12-12 12:02:44.931557|[g:1][CONSENSUS][PBFT]checkAndChangeView: Reach consensus,org_view=38098,org_changeCycle=0,cur_changeCycle=0,to_view=38099
info|2019-12-12 12:02:45.935604|[g:1][CONSENSUS][SEALER]++++++++++++++++ Generating seal on,blkNum=69,tx=0,nodeIdx=3,hash=b3ca221b...
info|2019-12-12 12:02:45.962292|[g:1][CONSENSUS][PBFT]checkTimeout Succ,view=38099,toView=38100,nodeIdx=3,changeCycle=0,myNode=82d7b9b6...,timecost=4.068
info|2019-12-12 12:02:45.989532|[g:1][CONSENSUS][PBFT]checkAndChangeView: Reach consensus,org_view=38099,org_changeCycle=0,cur_changeCycle=0,to_view=38100
info|2019-12-12 12:02:46.997097|[g:1][CONSENSUS]addRawPrepare,height=69,reqIdx=0,hash=56f123c6...
info|2019-12-12 12:02:47.003413|[g:1][CONSENSUS][PBFT]checkTimeout Succ,view=38100,toView=38101,nodeIdx=3,changeCycle=0,myNode=82d7b9b6...,timecost=6.242
info|2019-12-12 12:02:47.018634|[g:1][CONSENSUS][PBFT]checkAndChangeView: Reach consensus,org_view=38100,org_changeCycle=0,cur_changeCycle=0,to_view=38101
info|2019-12-12 12:02:47.518319|[P2P][Service] heartBeat,connected count=4
info|2019-12-12 12:02:48.028143|[g:1][CONSENSUS]addRawPrepare,height=69,reqIdx=1,hash=bcf4f37a...
info|2019-12-12 12:02:48.039611|[g:1][CONSENSUS][PBFT]checkTimeout Succ,view=38101,toView=38102,nodeIdx=3,changeCycle=0,myNode=82d7b9b6...,timecost=4.577
info|2019-12-12 12:02:48.057298|[g:1][CONSENSUS][PBFT]checkAndChangeView: Reach consensus,org_view=38101,org_changeCycle=0,cur_changeCycle=0,to_view=38102
info|2019-12-12 12:02:49.055609|[g:1][CONSENSUS]addRawPrepare,height=69,reqIdx=2,hash=9659dc34...
info|2019-12-12 12:02:49.066133|[g:1][CONSENSUS][PBFT]checkTimeout Succ,view=38102,toView=38103,nodeIdx=3,changeCycle=0,myNode=82d7b9b6...,timecost=3.616
info|2019-12-12 12:02:49.084718|[g:1][CONSENSUS][PBFT]checkAndChangeView: Reach consensus,org_view=38102,org_changeCycle=0,cur_changeCycle=0,to_view=38103
info|2019-12-12 12:02:50.087063|[g:1][CONSENSUS][SEALER]++++++++++++++++ Generating seal on,blkNum=69,tx=0,nodeIdx=3,hash=ab38c5b8...
info|2019-12-12 12:02:50.105496|[g:1][CONSENSUS][PBFT]checkTimeout Succ,view=38103,toView=38104,nodeIdx=3,changeCycle=0,myNode=82d7b9b6...,timecost=0.799
info|2019-12-12 12:02:50.110502|[g:1][CONSENSUS][PBFT]checkAndChangeView: Reach consensus,org_view=38103,org_changeCycle=0,cur_changeCycle=0,to_view=38104
info|2019-12-12 12:02:51.120390|[g:1][CONSENSUS]addRawPrepare,height=69,reqIdx=0,hash=833f7821...
info|2019-12-12 12:02:51.128130|[g:1][CONSENSUS][PBFT]checkTimeout Succ,view=38104,toView=38105,nodeIdx=3,changeCycle=0,myNode=82d7b9b6...,timecost=7.58
info|2019-12-12 12:02:51.159388|[g:1][CONSENSUS][PBFT]checkAndChangeView: Reach consensus,org_view=38104,org_changeCycle=0,cur_changeCycle=0,to_view=38105
info|2019-12-12 12:02:52.157109|[g:1][CONSENSUS]addRawPrepare,height=69,reqIdx=1,hash=ef9f1a9a...
info|2019-12-12 12:02:52.157624|[g:1][CONSENSUS][PBFT]checkTimeout Succ,view=38105,toView=38106,nodeIdx=3,changeCycle=0,myNode=82d7b9b6...,timecost=0.378
info|2019-12-12 12:02:52.167355|[g:1][CONSENSUS][PBFT]checkAndChangeView: Reach consensus,org_view=38105,org_changeCycle=0,cur_changeCycle=0,to_view=38106
info|2019-12-12 12:02:53.169543|[g:1][CONSENSUS]addRawPrepare,height=69,reqIdx=2,hash=7484313c...
info|2019-12-12 12:02:53.170185|[g:1][CONSENSUS][PBFT]checkTimeout Succ,view=38106,toView=38107,nodeIdx=3,changeCycle=0,myNode=82d7b9b6...,timecost=0.389
info|2019-12-12 12:02:53.179412|[g:1][CONSENSUS][PBFT]checkAndChangeView: Reach consensus,org_view=38106,org_changeCycle=0,cur_changeCycle=0,to_view=38107
info|2019-12-12 12:02:54.182369|[g:1][CONSENSUS][SEALER]++++++++++++++++ Generating seal on,blkNum=69,tx=0,nodeIdx=3,hash=82724305...
info|2019-12-12 12:02:54.195358|[g:1][CONSENSUS][PBFT]checkTimeout Succ,view=38107,toView=38108,nodeIdx=3,changeCycle=0,myNode=82d7b9b6...,timecost=0.459
info|2019-12-12 12:02:54.196834|[g:1][CONSENSUS][PBFT]checkAndChangeView: Reach consensus,org_view=38107,org_changeCycle=0,cur_changeCycle=0,to_view=38108
info|2019-12-12 12:02:55.203037|[g:1][CONSENSUS]addRawPrepare,height=69,reqIdx=0,hash=7ff86d52...
info|2019-12-12 12:02:55.215346|[g:1][CONSENSUS][PBFT]checkTimeout Succ,view=38108,toView=38109,nodeIdx=3,changeCycle=0,myNode=82d7b9b6...,timecost=11.386
info|2019-12-12 12:02:55.238396|[g:1][CONSENSUS][PBFT]checkAndChangeView: Reach consensus,org_view=38108,org_changeCycle=0,cur_changeCycle=0,to_view=38109
info|2019-12-12 12:02:56.240535|[g:1][CONSENSUS]addRawPrepare,height=69,reqIdx=1,hash=5420065b...
info|2019-12-12 12:02:56.253730|[g:1][CONSENSUS][PBFT]checkTimeout Succ,view=38109,toView=38110,nodeIdx=3,changeCycle=0,myNode=82d7b9b6...,timecost=3.855
info|2019-12-12 12:02:56.274140|[g:1][CONSENSUS][PBFT]checkAndChangeView: Reach consensus,org_view=38109,org_changeCycle=0,cur_changeCycle=0,to_view=38110
info|2019-12-12 12:02:57.294303|[g:1][CONSENSUS]addRawPrepare,height=69,reqIdx=2,hash=4e9aaf7a...
info|2019-12-12 12:02:57.321873|[g:1][CONSENSUS][PBFT]checkTimeout Succ,view=38110,toView=38111,nodeIdx=3,changeCycle=0,myNode=82d7b9b6...,timecost=4.184
info|2019-12-12 12:02:57.329276|[g:1][CONSENSUS][PBFT]checkAndChangeView: Reach consensus,org_view=38110,org_changeCycle=0,cur_changeCycle=0,to_view=38111
info|2019-12-12 12:02:57.520138|[P2P][Service] heartBeat,connected count=4
info|2019-12-12 12:02:58.329350|[g:1][CONSENSUS][SEALER]++++++++++++++++ Generating seal on,blkNum=69,tx=0,nodeIdx=3,hash=40d221c8...
info|2019-12-12 12:02:58.353615|[g:1][CONSENSUS][PBFT]checkTimeout Succ,view=38111,toView=38112,nodeIdx=3,changeCycle=0,myNode=82d7b9b6...,timecost=1.411
info|2019-12-12 12:02:58.365410|[g:1][CONSENSUS][PBFT]checkAndChangeView: Reach consensus,org_view=38111,org_changeCycle=0,cur_changeCycle=0,to_view=38112
info|2019-12-12 12:02:59.391178|[g:1][CONSENSUS]addRawPrepare,height=69,reqIdx=0,hash=f04f88d5...
info|2019-12-12 12:02:59.391474|[g:1][CONSENSUS][PBFT]checkTimeout Succ,view=38112,toView=38113,nodeIdx=3,changeCycle=0,myNode=82d7b9b6...,timecost=0.262
info|2019-12-12 12:02:59.392094|[g:1][CONSENSUS][PBFT]checkAndChangeView: Reach consensus,org_view=38112,org_changeCycle=0,cur_changeCycle=0,to_view=38113
info|2019-12-12 12:03:00.397518|[g:1][CONSENSUS]addRawPrepare,height=69,reqIdx=1,hash=847f2a88...
info|2019-12-12 12:03:00.398017|[g:1][CONSENSUS][PBFT]checkTimeout Succ,view=38113,toView=38114,nodeIdx=3,changeCycle=0,myNode=82d7b9b6...,timecost=0.381
info|2019-12-12 12:03:00.404709|[g:1][CONSENSUS][PBFT]checkAndChangeView: Reach consensus,org_view=38113,org_changeCycle=0,cur_changeCycle=0,to_view=38114
info|2019-12-12 12:03:01.407772|[g:1][CONSENSUS]addRawPrepare,height=69,reqIdx=2,hash=dadd85d4...
info|2019-12-12 12:03:01.418548|[g:1][CONSENSUS][PBFT]checkTimeout Succ,view=38114,toView=38115,nodeIdx=3,changeCycle=0,myNode=82d7b9b6...,timecost=4.408
info|2019-12-12 12:03:01.438546|[g:1][CONSENSUS][PBFT]checkAndChangeView: Reach consensus,org_view=38114,org_changeCycle=0,cur_changeCycle=0,to_view=38115
info|2019-12-12 12:03:02.445537|[g:1][CONSENSUS][SEALER]++++++++++++++++ Generating seal on,blkNum=69,tx=0,nodeIdx=3,hash=25ab4b8d...
info|2019-12-12 12:03:02.457108|[g:1][CONSENSUS][PBFT]checkTimeout Succ,view=38115,toView=38116,nodeIdx=3,changeCycle=0,myNode=82d7b9b6...,timecost=0.62
info|2019-12-12 12:03:02.462894|[g:1][CONSENSUS][PBFT]checkAndChangeView: Reach consensus,org_view=38115,org_changeCycle=0,cur_changeCycle=0,to_view=38116
info|2019-12-12 12:03:03.480979|[g:1][CONSENSUS]addRawPrepare,height=69,reqIdx=0,hash=74bbf832...
info|2019-12-12 12:03:03.481268|[g:1][CONSENSUS][PBFT]checkTimeout Succ,view=38116,toView=38117,nodeIdx=3,changeCycle=0,myNode=82d7b9b6...,timecost=0.253
info|2019-12-12 12:03:03.486836|[g:1][CONSENSUS][PBFT]checkAndChangeView: Reach consensus,org_view=38116,org_changeCycle=0,cur_changeCycle=0,to_view=38117
info|2019-12-12 12:03:04.489349|[g:1][CONSENSUS]addRawPrepare,height=69,reqIdx=1,hash=abe78191...
info|2019-12-12 12:03:04.489657|[g:1][CONSENSUS][PBFT]checkTimeout Succ,view=38117,toView=38118,nodeIdx=3,changeCycle=0,myNode=82d7b9b6...,timecost=0.216
info|2019-12-12 12:03:04.495811|[g:1][CONSENSUS][PBFT]checkAndChangeView: Reach consensus,org_view=38117,org_changeCycle=0,cur_changeCycle=0,to_view=38118
info|2019-12-12 12:03:05.498558|[g:1][CONSENSUS]addRawPrepare,height=69,reqIdx=2,hash=56fbd2a7...
info|2019-12-12 12:03:05.499060|[g:1][CONSENSUS][PBFT]checkTimeout Succ,view=38118,toView=38119,nodeIdx=3,changeCycle=0,myNode=82d7b9b6...,timecost=0.35
info|2019-12-12 12:03:05.508955|[g:1][CONSENSUS][PBFT]checkAndChangeView: Reach consensus,org_view=38118,org_changeCycle=0,cur_changeCycle=0,to_view=38119
info|2019-12-12 12:03:06.511141|[g:1][CONSENSUS][SEALER]++++++++++++++++ Generating seal on,blkNum=69,tx=0,nodeIdx=3,hash=adf64359...
info|2019-12-12 12:03:06.525201|[g:1][CONSENSUS][PBFT]checkTimeout Succ,view=38119,toView=38120,nodeIdx=3,changeCycle=0,myNode=82d7b9b6...,timecost=0.284
info|2019-12-12 12:03:06.526818|[g:1][CONSENSUS][PBFT]checkAndChangeView: Reach consensus,org_view=38119,org_changeCycle=0,cur_changeCycle=0,to_view=38120
info|2019-12-12 12:03:07.521680|[P2P][Service] heartBeat,connected count=4
info|2019-12-12 12:03:07.529301|[g:1][CONSENSUS]addRawPrepare,height=69,reqIdx=0,hash=23184a2c...
info|2019-12-12 12:03:07.533770|[g:1][CONSENSUS][PBFT]checkTimeout Succ,view=38120,toView=38121,nodeIdx=3,changeCycle=0,myNode=82d7b9b6...,timecost=3.983
info|2019-12-12 12:03:07.535843|[g:1][CONSENSUS][PBFT]checkAndChangeView: Reach consensus,org_view=38120,org_changeCycle=0,cur_changeCycle=0,to_view=38121
info|2019-12-12 12:03:08.544179|[g:1][CONSENSUS]addRawPrepare,height=69,reqIdx=1,hash=0e355bf8...
info|2019-12-12 12:03:08.544605|[g:1][CONSENSUS][PBFT]checkTimeout Succ,view=38121,toView=38122,nodeIdx=3,changeCycle=0,myNode=82d7b9b6...,timecost=0.256
info|2019-12-12 12:03:08.550974|[g:1][CONSENSUS][PBFT]checkAndChangeView: Reach consensus,org_view=38121,org_changeCycle=0,cur_changeCycle=0,to_view=38122
info|2019-12-12 12:03:09.550611|[g:1][CONSENSUS]addRawPrepare,height=69,reqIdx=2,hash=55130984...
info|2019-12-12 12:03:09.550962|[g:1][CONSENSUS][PBFT]checkTimeout Succ,view=38122,toView=38123,nodeIdx=3,changeCycle=0,myNode=82d7b9b6...,timecost=0.25
info|2019-12-12 12:03:09.556452|[g:1][CONSENSUS][PBFT]checkAndChangeView: Reach consensus,org_view=38122,org_changeCycle=0,cur_changeCycle=0,to_view=38123
info|2019-12-12 12:03:10.559424|[g:1][CONSENSUS][SEALER]++++++++++++++++ Generating seal on,blkNum=69,tx=0,nodeIdx=3,hash=6010d414...
info|2019-12-12 12:03:10.568740|[g:1][CONSENSUS][PBFT]checkTimeout Succ,view=38123,toView=38124,nodeIdx=3,changeCycle=0,myNode=82d7b9b6...,timecost=1.127
info|2019-12-12 12:03:10.570799|[g:1][CONSENSUS][PBFT]checkAndChangeView: Reach consensus,org_view=38123,org_changeCycle=0,cur_changeCycle=0,to_view=38124
info|2019-12-12 12:03:11.570810|[g:1][CONSENSUS]addRawPrepare,height=69,reqIdx=0,hash=57ceaa99...
info|2019-12-12 12:03:11.571084|[g:1][CONSENSUS][PBFT]checkTimeout Succ,view=38124,toView=38125,nodeIdx=3,changeCycle=0,myNode=82d7b9b6...,timecost=0.24
info|2019-12-12 12:03:11.572069|[g:1][CONSENSUS][PBFT]checkAndChangeView: Reach consensus,org_view=38124,org_changeCycle=0,cur_changeCycle=0,to_view=38125
info|2019-12-12 12:03:12.576812|[g:1][CONSENSUS]addRawPrepare,height=69,reqIdx=1,hash=c032e221...
info|2019-12-12 12:03:12.577157|[g:1][CONSENSUS][PBFT]checkTimeout Succ,view=38125,toView=38126,nodeIdx=3,changeCycle=0,myNode=82d7b9b6...,timecost=0.251
info|2019-12-12 12:03:12.581334|[g:1][CONSENSUS][PBFT]checkAndChangeView: Reach consensus,org_view=38125,org_changeCycle=0,cur_changeCycle=0,to_view=38126
info|2019-12-12 12:03:13.585830|[g:1][CONSENSUS]addRawPrepare,height=69,reqIdx=2,hash=bfe0a1c6...
info|2019-12-12 12:03:13.593747|[g:1][CONSENSUS][PBFT]checkTimeout Succ,view=38126,toView=38127,nodeIdx=3,changeCycle=0,myNode=82d7b9b6...,timecost=2.572
info|2019-12-12 12:03:13.594944|[g:1][CONSENSUS][PBFT]checkAndChangeView: Reach consensus,org_view=38126,org_changeCycle=0,cur_changeCycle=0,to_view=38127
info|2019-12-12 12:03:14.598229|[g:1][CONSENSUS][SEALER]++++++++++++++++ Generating seal on,blkNum=69,tx=0,nodeIdx=3,hash=eecbfb53...
info|2019-12-12 12:03:14.606101|[g:1][CONSENSUS][PBFT]checkTimeout Succ,view=38127,toView=38128,nodeIdx=3,changeCycle=0,myNode=82d7b9b6...,timecost=0.233
info|2019-12-12 12:03:14.607300|[g:1][CONSENSUS][PBFT]checkAndChangeView: Reach consensus,org_view=38127,org_changeCycle=0,cur_changeCycle=0,to_view=38128
info|2019-12-12 12:03:15.608235|[g:1][CONSENSUS]addRawPrepare,height=69,reqIdx=0,hash=1c3fcbce...
info|2019-12-12 12:03:15.608583|[g:1][CONSENSUS][PBFT]checkTimeout Succ,view=38128,toView=38129,nodeIdx=3,changeCycle=0,myNode=82d7b9b6...,timecost=0.321
info|2019-12-12 12:03:15.611030|[g:1][CONSENSUS][PBFT]checkAndChangeView: Reach consensus,org_view=38128,org_changeCycle=0,cur_changeCycle=0,to_view=38129
info|2019-12-12 12:03:17.684309|[P2P][Service] heartBeat,connected count=4
info|2019-12-12 12:03:17.696527|[g:1][CONSENSUS]addRawPrepare,height=69,reqIdx=1,hash=79f86cc1...
info|2019-12-12 12:03:18.086868|[g:1][CONSENSUS][PBFT]checkTimeout Succ,view=38129,toView=38130,nodeIdx=3,changeCycle=0,myNode=82d7b9b6...,timecost=379.45
info|2019-12-12 12:03:18.150314|[g:1][CONSENSUS][PBFT]checkAndChangeView: Reach consensus,org_view=38129,org_changeCycle=0,cur_changeCycle=0,to_view=38130
info|2019-12-12 12:03:19.459489|[g:1][CONSENSUS]addRawPrepare,height=69,reqIdx=2,hash=9f80baf2...
info|2019-12-12 12:03:19.679129|[g:1][CONSENSUS][PBFT]checkTimeout Succ,view=38130,toView=38131,nodeIdx=3,changeCycle=0,myNode=82d7b9b6...,timecost=214.26
info|2019-12-12 12:03:19.988655|[g:1][CONSENSUS][PBFT]checkAndChangeView: Reach consensus,org_view=38130,org_changeCycle=0,cur_changeCycle=0,to_view=38131
info|2019-12-12 12:03:21.067234|[g:1][CONSENSUS][SEALER]++++++++++++++++ Generating seal on,blkNum=69,tx=0,nodeIdx=3,hash=8da5a53a...
info|2019-12-12 12:03:21.294442|[g:1][CONSENSUS][PBFT]checkTimeout Succ,view=38131,toView=38132,nodeIdx=3,changeCycle=0,myNode=82d7b9b6...,timecost=1.328
